1 498 -1381 -7149 -5296 -1307 8170 -434 -2734 -6558 238 -2734 -2468
2 494 -1376 -7145 -5292 -1311 8167 -443 -2741 -6560 241 -2741 -2475
3 494 -1376 -7149 -5294 -1316 8173 -439 -2732 -6553 239 -2732 -2471
4 489 -1387 -7152 -5295 -1307 8167 -445 -2727 -6559 237 -2727 -2472
5 491 -1387 -7145 -5299 -1310 8169 -442 -2740 -6562 243 -2740 -2478
6 494 -1386 -7140 -5286 -1309 8162 -446 -2740 -6557 245 -2740 -2467
7 490 -1381 -7140 -5291 -1311 8173 -439 -2731 -6554 245 -2731 -2472
8 496 -1384 -7141 -5292 -1309 8164 -443 -2730 -6548 241 -2730 -2469
9 489 -1374 -7148 -5290 -1315 8166 -428 -2736 -6554 240 -2736 -2478
10 495 -1382 -7143 -5295 -1311 8173 -433 -2732 -6545 235 -2732 -2478
11 490 -1386 -7142 -5289 -1309 8167 -437 -2736 -6550 247 -2736 -2474
12 491 -1378 -7150 -5294 -1305 8163 -444 -2734 -6547 239 -2734 -2472
13 493 -1385 -7149 -5290 -1305 8163 -433 -2732 -6549 240 -2732 -2474
14 489 -1385 -7141 -5290 -1308 8164 -437 -2731 -6553 246 -2731 -2472
15 495 -1385 -7136 -5296 -1310 8168 -434 -2734 -6547 249 -2734 -2468
16 490 -1385 -7140 -5298 -1311 8162 -437 -2734 -6552 236 -2734 -2478
17 498 -1383 -7139 -5289 -1308 8161 -440 -2735 -6550 245 -2735 -2467
18 495 -1390 -7142 -5291 -1313 8168 -441 -2745 -6548 238 -2745 -2477
19 495 -1381 -7144 -5287 -1307 8166 -452 -2730 -6552 245 -2730 -2465
20 489 -1376 -7143 -5283 -1312 8164 -440 -2740 -6551 245 -2740 -2471
21 489 -1382 -7146 -5285 -1311 8165 -438 -2739 -6551 234 -2739 -2480
22 497 -1388 -7145 -5286 -1305 8162 -438 -2734 -6551 243 -2734 -2476
23 495 -1382 -7138 -5293 -1306 8160 -426 -2731 -6546 232 -2731 -2473
24 494 -1382 -7144 -5290 -1305 8168 -437 -2730 -6546 239 -2730 -2471
25 492 -1377 -7144 -5291 -1303 8164 -441 -2726 -6548 241 -2726 -2470
26 492 -1386 -7143 -5281 -1312 8169 -443 -2737 -6552 244 -2737 -2475
27 491 -1386 -7137 -5283 -1309 8164 -434 -2736 -6554 247 -2736 -2472
28 495 -1382 -7141 -5288 -1307 8160 -439 -2738 -6550 242 -2738 -2471
29 494 -1378 -7137 -5291 -1308 8165 -443 -2734 -6550 240 -2734 -2466
30 500 -1380 -7138 -5295 -1308 8158 -437 -2730 -6541 244 -2730 -2471
31 803 -1603 -7244 -5290 -1312 8160 -493 -2787 -6555 229 -2787 -2475
32 507 -1400 -7143 -5286 -1314 8160 -432 -2753 -6549 230 -2753 -2478
33 517 -1562 -7453 -5288 -1316 8164 -1004 -3188 -7217 234 -3188 -2479
34 702 -1588 -8143 -5283 -1322 8161 -1841 -3663 -8863 232 -3663 -2478
35 1381 -1638 -9295 -5287 -1322 8163 -3180 -4633 -12144 223 -4633 -2479
36 2377 -1414 -11009 -5284 -1317 8164 -4223 -6002 -16628 227 -6002 -2482
37 3406 -920 -12242 -5285 -1317 8167 -7681 -7479 -20571 232 -7479 -2475
38 3589 -1042 -12466 -5283 -1317 8164 -10004 -9442 -23387 232 -9442 -2470
39 3409 -1822 -12388 -5279 -1318 8165 -11539 -10911 -26144 237 -10911 -2477
40 3272 -1656 -12256 -5281 -1318 8165 -11423 -10697 -26200 228 -10697 -2479
41 3410 -946 -12242 -5278 -1322 8159 -11658 -9985 -26184 236 -9985 -2468
42 3578 -1189 -12306 -5279 -1317 8170 -10418 -9687 -25777 237 -9687 -2476
43 2957 -1427 -11126 -5278 -1321 8164 -4768 -5107 -14389 231 -5107 -2477
44 1204 -1326 -8751 -5275 -1324 8160 -1586 -3081 -8644 230 -3081 -2477
45 758 -1293 -7763 -5279 -1326 8162 -903 -2906 -7420 235 -2906 -2485
46 623 -1378 -7351 -5274 -1319 8163 -650 -2840 -6991 238 -2840 -2477
47 540 -1466 -7312 -5274 -1321 8164 -801 -3343 -7322 232 -3343 -2483
48 828 -1734 -8027 -5273 -1318 8162 -1201 -4216 -9471 232 -4216 -2481
49 2755 -1543 -11207 -5277 -1313 8163 -3823 -5407 -14120 232 -5407 -2472
50 5831 -731 -17221 -5285 -1308 8165 -6086 -10440 -18021 244 -10440 -2464
51 6567 -1533 -16937 -5292 -1298 8160 -10169 -11844 -21659 249 -11844 -2474
52 6116 -2299 -14732 -5276 -1302 8161 -7116 -11191 -19463 248 -11191 -2467
53 3043 -2312 -11081 -5289 -1303 8160 -3388 -6483 -12763 245 -6483 -2472
54 1304 -1685 -8419 -5281 -1307 8167 -1210 -3248 -8566 235 -3248 -2478
55 820 -1200 -7774 -5281 -1319 8164 -503 -3063 -7199 243 -3063 -2475
56 626 -1397 -7373 -5286 -1308 8162 -884 -3121 -7386 242 -3121 -2474
57 597 -1562 -7796 -5281 -1307 8164 -1298 -4403 -9786 243 -4403 -2474
58 1394 -2216 -8849 -5277 -1299 8164 -3277 -7546 -16620 230 -7546 -2476
59 1908 -2121 -9786 -5282 -1307 8166 -6270 -12412 -22079 246 -12412 -2473
60 2116 -1416 -10229 -5281 -1301 8170 -5691 -10163 -18680 236 -10163 -2476
61 2028 -1804 -9716 -5284 -1314 8162 -1989 -4464 -13181 238 -4464 -2477
62 1307 -1523 -8960 -5278 -1315 8162 -1396 -3164 -9732 238 -3164 -2483
63 842 -1352 -8420 -5271 -1320 8161 -568 -2835 -8416 240 -2835 -2489
64 748 -1532 -8167 -5267 -1316 8169 -713 -3227 -8020 232 -3227 -2486
65 619 -1481 -8093 -5268 -1315 8162 -1010 -3411 -8054 234 -3411 -2478
66 562 -1387 -7944 -5281 -1312 8165 -1308 -3669 -8255 247 -3669 -2479
67 391 -1061 -7811 -5298 -1285 8161 -784 -3266 -7640 280 -3266 -2440
68 549 -964 -7641 -5329 -1257 8162 -556 -2785 -6849 289 -2785 -2439
69 477 -1307 -7254 -5324 -1257 8159 -537 -2757 -6785 289 -2757 -2433
70 483 -1224 -7301 -5318 -1263 8162 -498 -2841 -6992 288 -2841 -2440
71 552 -1217 -7355 -5337 -1252 8162 -71 -3196 -7283 297 -3196 -2438
72 396 -1190 -7323 -5433 -1985 9451 -136 -2897 -6938 298 -2897 -2415
73 658 -1150 -7372 -4419 -1216 12270 591 -2886 -6596 294 -2886 -2401
74 700 -1171 -7347 -3111 -2016 18255 1077 -2237 -5574 298 -2237 -2377
75 1468 -1091 -7370 -2568 -369 22323 1190 -2216 -5579 308 -2216 -2386
76 1632 -1061 -7393 3300 -1048 25879 1474 -2230 -5463 297 -2230 -2397
77 1832 -1003 -7405 4919 -1963 27018 1578 -2242 -5357 302 -2242 -2414
78 1784 -988 -7421 5409 -1994 26373 1659 -2246 -5365 298 -2246 -2405
79 1751 -1002 -7418 -296 -502 19070 1496 -2349 -6133 299 -2349 -2426
80 1371 -1132 -7477 -5009 -336 11097 1245 -2265 -6710 309 -2265 -2441
81 1005 -1210 -7376 -5297 -1077 9701 1035 -2452 -6605 294 -2452 -2428
82 849 -1211 -7334 -5806 -1365 10306 976 -2421 -6549 298 -2421 -2424
83 818 -1194 -7333 -5972 -1994 13022 950 -2468 -6540 297 -2468 -2416
84 1098 -1115 -7385 -5808 -2704 22286 1266 -2403 -6208 289 -2403 -2422
85 1579 -832 -7456 3540 -16151 -31807 1237 -2280 -6011 288 -2280 -2426
86 1761 -861 -7471 2684 -14705 -32334 1142 -2402 -6147 289 -2402 -2422
87 1687 -918 -7523 -4646 -5617 19402 882 -2428 -6770 298 -2428 -2429
88 1290 -1071 -7517 -5965 -1715 9412 577 -2439 -6825 292 -2439 -2433
89 878 -1161 -7365 -5477 -1332 8559 485 -2276 -6748 304 -2276 -2422
90 892 -1180 -7409 -5465 -1293 8429 -26 -2506 -6770 327 -2506 -2580
91 1400 -1337 -7442 -5261 -1279 8416 224 -2580 -6697 334 -2580 -2835
92 2865 -1420 -7330 -4978 -1275 8449 813 -2831 -6756 407 -2831 -3566
93 4770 -1311 -6850 -4447 -1222 8527 1373 -2939 -6942 352 -2939 -3927
94 5867 -1093 -6304 -4063 -1186 8552 1934 -3024 -6827 355 -3024 -4234
95 6708 -847 -5710 -3822 -1155 8558 2208 -3048 -6810 333 -3048 -4200
96 6817 -752 -5616 -3875 -1168 8543 2270 -3003 -6666 393 -3003 -4022
97 6654 -762 -5926 -4186 -1201 8469 1828 -3144 -6878 430 -3144 -3015
98 4890 -960 -7379 -5054 -1270 8308 894 -3127 -6920 372 -3127 -2638
99 3120 -1000 -7561 -5266 -1258 8251 671 -3026 -6903 359 -3026 -2551
100 2635 -994 -7592 -5329 -1256 8221 590 -2920 -7043 338 -2920 -2525
101 2403 -923 -7624 -5298 -1251 8241 711 -2958 -7084 394 -2958 -2841
102 3399 -940 -7376 -4921 -1242 8330 1388 -3004 -7100 417 -3004 -3355
103 4717 -808 -6969 -4388 -1208 8414 2116 -3159 -7139 370 -3159 -3662
104 5546 -814 -6716 -4005 -1160 8460 2950 -3295 -7186 388 -3295 -3710
105 5948 -676 -6618 -3951 -1149 8462 2727 -3284 -7138 332 -3284 -3697
106 6082 -664 -6581 -3852 -1137 8460 3155 -3232 -7085 344 -3232 -3734
107 6093 -609 -6668 -3914 -1144 8445 2876 -3265 -7204 378 -3265 -3329
108 5278 -885 -7332 -4615 -1220 8348 1546 -3389 -7416 418 -3389 -2715
109 3494 -1029 -7810 -5121 -1235 8255 930 -3189 -7470 331 -3189 -2531
110 2706 -936 -7829 -5268 -1238 8233 801 -3022 -7529 307 -3022 -2515
111 2593 -938 -7782 -5168 -1251 8211 868 -2970 -7625 338 -2970 -2712
112 3053 -1061 -7645 -5061 -1255 8254 1502 -3210 -7560 370 -3210 -3082
113 4340 -767 -7470 -4737 -1243 8334 2491 -3289 -7395 346 -3289 -3556
114 5380 -583 -7092 -4327 -1195 8391 3708 -3208 -7119 256 -3208 -3928
115 6448 -576 -6661 -3959 -1168 8435 4458 -3346 -6880 359 -3346 -3755
116 6444 -702 -7012 -4080 -1174 8415 3919 -3446 -7376 386 -3446 -3090
117 4424 -1075 -7918 -4970 -1229 8248 1267 -3117 -7639 335 -3117 -2549
118 2051 -1271 -7724 -5290 -1237 8188 240 -2785 -7018 309 -2785 -2493
119 1422 -1230 -7490 -5249 -1250 8190 543 -2456 -6732 305 -2456 -2498
120 1249 -1267 -7327 -5219 -1251 8190 357 -2327 -6727 307 -2327 -2478
121 1519 -1233 -7541 -5318 -1273 8171 559 -2966 -6820 335 -2966 -2705
122 4057 -1636 -7643 -4919 -1315 8252 844 -2999 -6879 366 -2999 -3086
123 5509 -1154 -7131 -4568 -1309 8322 1104 -3067 -6906 319 -3067 -3318
124 6314 -1172 -6470 -4391 -1285 8343 1331 -3152 -6924 310 -3152 -3420
125 6607 -1104 -6355 -4302 -1288 8339 1311 -3138 -7016 352 -3138 -2952
126 4679 -1297 -7818 -5051 -1326 8196 505 -2912 -7004 365 -2912 -2530
127 2106 -1527 -7539 -5356 -1254 8146 231 -2642 -6529 305 -2642 -2481
128 1068 -1330 -7186 -5315 -1259 8158 158 -2641 -6527 290 -2641 -2472
129 800 -1315 -7182 -5332 -1253 8157 113 -2640 -6514 289 -2640 -2473
130 961 -1447 -7399 -5329 -1259 8158 -21 -2922 -6613 285 -2922 -2460
131 936 -1475 -7604 -5333 -1261 8148 -15 -2720 -6528 280 -2720 -2465
132 713 -1353 -7187 -5335 -1263 8151 100 -2811 -7057 276 -2811 -2465
133 860 -1261 -7713 -5333 -1258 8147 -230 -4687 -10540 283 -4687 -2466
134 1503 -1728 -8234 -5333 -1265 8152 -190 -6469 -13989 277 -6469 -2458
135 1829 -1144 -8825 -5340 -1258 8148 170 -7889 -15861 279 -7889 -2464
136 2021 -1296 -9046 -5340 -1263 8145 891 -9005 -16374 279 -9005 -2460
137 2225 -1304 -9267 -5342 -1264 8139 529 -9311 -17356 271 -9311 -2455
138 2682 -925 -9974 -5345 -1259 8138 495 -9795 -19056 277 -9795 -2455
139 2889 -1262 -10164 -5344 -1257 8139 643 -10526 -19875 279 -10526 -2456
140 2968 -1249 -10177 -5341 -1263 8139 373 -9631 -19362 283 -9631 -2456
141 3484 -1277 -10705 -5344 -1261 8135 -294 -5366 -16949 278 -5366 -2450
142 2825 -1685 -9759 -5352 -1259 8143 -889 -3511 -10816 270 -3511 -2454
143 1301 -1186 -8373 -5345 -1259 8135 -375 -2833 -7595 281 -2833 -2460
144 994 -1276 -7327 -5343 -1256 8132 9 -2784 -6930 279 -2784 -2456
145 736 -1315 -7283 -5342 -1262 8139 156 -2819 -7221 279 -2819 -2459
146 831 -1276 -7773 -5345 -1258 8136 314 -3206 -8367 289 -3206 -2458
147 1190 -1690 -8476 -5337 -1260 8136 498 -4918 -11324 281 -4918 -2459
148 2219 -2150 -9674 -5342 -1270 8133 303 -7006 -14947 279 -7006 -2452
149 3018 -1345 -10837 -5342 -1263 8132 109 -8280 -17664 283 -8280 -2460
150 3118 -1119 -11123 -5338 -1262 8131 1624 -10400 -20880 276 -10400 -2448
151 2996 -1722 -10456 -5345 -1267 8135 2911 -11343 -24045 287 -11343 -2455
152 2374 -1515 -9808 -5341 -1259 8133 2977 -10763 -27485 285 -10763 -2454
153 1935 -1762 -9074 -5344 -1263 8135 3483 -9772 -28217 277 -9772 -2457
154 1775 -1692 -8814 -5339 -1253 8126 3493 -8603 -25052 281 -8603 -2462
155 1525 -2010 -8304 -5338 -1261 8132 368 -5665 -16399 277 -5665 -2453
156 1077 -1135 -8147 -5339 -1255 8129 -933 -3516 -10819 286 -3516 -2459
157 1016 -1048 -8165 -5343 -1262 8130 -376 -3310 -7461 283 -3310 -2455
158 792 -1249 -7614 -5350 -1253 8127 -16 -2815 -6971 283 -2815 -2460
159 646 -1310 -7284 -5338 -1259 8121 -42 -2778 -6858 285 -2778 -2459
160 629 -1315 -7284 -5328 -1271 8129 -50 -2764 -6789 313 -2764 -2483
161 971 -1182 -7330 -5259 -1292 8135 -58 -2742 -6748 303 -2742 -2454
162 580 -1238 -7278 -5351 -1257 8135 -73 -2717 -6715 327 -2717 -2484
163 1006 -1052 -7381 -4992 -1302 8223 -68 -2712 -6699 353 -2712 -2814
164 2737 -504 -7457 -4634 -1347 8273 -79 -2709 -6684 346 -2709 -3094
165 3082 -406 -7433 -4553 -1253 8279 -79 -2696 -6660 242 -2696 -3173
166 3314 -537 -7394 -4700 -1310 8247 -75 -2694 -6657 358 -2694 -3081
167 3225 -717 -7347 -4599 -1321 8275 -84 -2687 -6648 336 -2687 -3067
168 3175 -681 -7345 -4534 -1306 8284 -93 -2685 -6639 326 -2685 -3099
169 3218 -678 -7363 -4624 -1289 8267 -85 -2682 -6619 302 -2682 -3073
170 3168 -729 -7335 -4646 -1284 8271 -84 -2683 -6621 325 -2683 -3004
171 3016 -751 -7347 -4968 -1319 8190 -85 -2666 -6621 342 -2666 -2576
172 2043 -1214 -7290 -5285 -1298 8131 -87 -2671 -6615 320 -2671 -2520
173 1696 -1335 -7240 -5067 -1292 8200 -86 -2665 -6604 348 -2665 -2760
174 1999 -1157 -7235 -4812 -1296 8241 -93 -2672 -6602 313 -2672 -3127
175 2923 -1034 -7174 -4478 -1267 8290 -97 -2665 -6603 301 -2665 -3525
176 3478 -850 -7200 -4156 -1182 8360 -89 -2669 -6596 240 -2669 -3655
177 3722 -866 -7118 -4126 -1185 8359 -108 -2662 -6597 221 -2662 -3617
178 3670 -844 -7154 -4293 -1202 8327 -93 -2666 -6592 357 -2666 -2996
179 2635 -1120 -7275 -4976 -1315 8191 -96 -2660 -6588 355 -2660 -2522
180 1325 -1130 -7297 -5342 -1261 8129 -94 -2655 -6581 300 -2655 -2486
181 1119 -1300 -7211 -5306 -1258 8136 -86 -2667 -6583 292 -2667 -2479
182 774 -1285 -7182 -5314 -1258 8141 -85 -2660 -6590 286 -2660 -2472
183 688 -1300 -7162 -5314 -1256 8129 -80 -2675 -6579 279 -2675 -2465
184 662 -1308 -7170 -5325 -1255 8126 -62 -2863 -7114 284 -2863 -2468
185 818 -1330 -7249 -5332 -1260 8131 -193 -2841 -6576 287 -2841 -2463
186 639 -1308 -7150 -5336 -1256 8135 -175 -2685 -7804 284 -2685 -2458
187 1153 -1077 -8439 -5336 -1267 8128 -712 -4229 -11054 285 -4229 -2456
188 1668 -997 -9069 -5350 -1254 8130 -990 -5473 -14066 277 -5473 -2457
189 1915 -1075 -9297 -5344 -1251 8126 -377 -7683 -16853 287 -7683 -2455
190 1904 -1260 -9048 -5344 -1259 8125 214 -7924 -17929 289 -7924 -2453
191 1985 -630 -9448 -5348 -1262 8115 204 -9896 -20073 280 -9896 -2452
192 2158 -1100 -9471 -5347 -1256 8122 210 -11301 -22368 289 -11301 -2452
193 2183 -1026 -9465 -5343 -1255 8120 -575 -7876 -18797 289 -7876 -2449
194 1968 -1253 -9046 -5346 -1250 8124 -1111 -3915 -10774 286 -3915 -2460
195 1177 -1008 -7962 -5360 -1250 8127 -516 -2787 -7586 296 -2787 -2451
196 690 -1117 -7442 -5348 -1255 8119 -101 -2666 -6961 290 -2666 -2447
197 660 -1274 -7251 -5350 -1250 8129 -221 -2759 -7645 291 -2759 -2449
198 1224 -1665 -8455 -5356 -1249 8128 -885 -3167 -8839 286 -3167 -2454
199 2367 -1976 -11014 -5348 -1255 8122 -1820 -4339 -10565 292 -4339 -2464
200 3495 -2122 -12243 -5347 -1260 8124 -1896 -4263 -13027 287 -4263 -2452
201 4803 -2138 -13636 -5339 -1256 8127 -2621 -5820 -14831 291 -5820 -2446
202 7339 -2890 -15953 -5352 -1261 8126 -4234 -7761 -17276 281 -7761 -2456
203 6463 -3039 -14136 -5349 -1255 8123 -2740 -5427 -12344 281 -5427 -2459
204 1308 -1575 -8924 -5337 -1261 8129 -331 -2875 -7773 275 -2875 -2465
205 877 -1554 -7685 -5330 -1273 8118 -82 -2789 -6963 272 -2789 -2466
206 722 -1365 -7365 -5327 -1267 8121 -118 -2758 -6830 273 -2758 -2464
207 846 -1575 -7943 -5332 -1275 8120 -499 -4697 -10327 274 -4697 -2466
208 1778 -2198 -9122 -5326 -1274 8117 -772 -6143 -13310 267 -6143 -2465
209 1584 -2143 -8404 -5329 -1273 8117 -327 -4582 -9107 269 -4582 -2468
210 1069 -1510 -7400 -5322 -1278 8127 -89 -3521 -7771 266 -3521 -2473
211 691 -1376 -7266 -5327 -1277 8122 155 -3373 -7428 269 -3373 -2467
212 663 -1362 -7241 -5337 -1271 8119 436 -3945 -6613 272 -3945 -2463
213 638 -1358 -7223 -5334 -1276 8122 157 -4241 -6871 258 -4241 -2465
214 626 -1361 -7203 -5325 -1290 8122 -19 -2954 -6622 255 -2954 -2470
215 603 -1362 -7189 -5332 -1283 8117 -59 -2855 -6602 256 -2855 -2468
216 600 -1359 -7191 -5329 -1282 8120 -72 -2825 -6582 256 -2825 -2455
217 586 -1364 -7182 -5334 -1281 8117 -92 -3783 -12145 254 -3783 -2462
218 580 -1358 -7174 -5327 -1288 8125 -1342 -3559 -7545 255 -3559 -2460
219 576 -1365 -7173 -5333 -1280 8120 -198 -2850 -6787 255 -2850 -2466
220 582 -1360 -7173 -5328 -1287 8125 -189 -2812 -6718 251 -2812 -2470
221 577 -1347 -7166 -5342 -1291 8117 -635 -4093 -10387 252 -4093 -2471
222 573 -1355 -7158 -5334 -1281 8120 -81 -4901 -17033 254 -4901 -2465
223 571 -1350 -7158 -5333 -1291 8121 -42 -2888 -7171 249 -2888 -2462
224 569 -1352 -7156 -5330 -1283 8127 -126 -3217 -7930 257 -3217 -2469
225 564 -1364 -7156 -5336 -1286 8128 -1179 -4239 -12047 260 -4239 -2471
226 568 -1363 -7151 -5333 -1288 8118 -1021 -4381 -9322 256 -4381 -2468
227 565 -1356 -7148 -5327 -1291 8117 454 -4954 -12611 258 -4954 -2466
228 562 -1359 -7147 -5330 -1292 8122 1718 -6180 -20225 255 -6180 -2468
229 559 -1352 -7148 -5341 -1280 8125 1132 -7898 -18626 246 -7898 -2462
230 567 -1354 -7150 -5330 -1290 8116 -455 -4157 -9159 259 -4157 -2467
231 559 -1363 -7145 -5322 -1285 8116 518 -6818 -14905 255 -6818 -2467
232 560 -1356 -7149 -5329 -1290 8121 347 -6419 -20136 258 -6419 -2473
233 555 -1364 -7146 -5318 -1284 8113 691 -6163 -17960 257 -6163 -2476
234 561 -1360 -7137 -5318 -1287 8119 68 -4484 -9882 255 -4484 -2469
235 558 -1369 -7144 -5328 -1291 8121 90 -3483 -7446 249 -3483 -2458
236 554 -1348 -7139 -5335 -1284 8119 -41 -2899 -6974 253 -2899 -2463
237 559 -1365 -7137 -5322 -1302 8116 59 -3305 -6927 243 -3305 -2469
238 547 -1373 -7149 -5328 -1298 8115 -110 -2917 -6740 243 -2917 -2477
239 550 -1366 -7138 -5329 -1296 8119 -125 -2853 -6702 254 -2853 -2477
240 557 -1378 -7136 -5323 -1296 8125 -138 -2836 -6679 243 -2836 -2473
241 556 -1372 -7140 -5323 -1303 8116 -145 -2828 -6662 248 -2828 -2473
242 548 -1367 -7126 -5328 -1302 8121 -148 -2814 -6652 244 -2814 -2476
243 954 -1227 -9002 -5327 -1294 8118 -149 -2806 -6640 248 -2806 -2469
244 1375 -692 -12822 -5332 -1280 8131 -149 -2792 -6621 249 -2792 -2469
245 3994 -1465 -22086 -5327 -1290 8119 -150 -2796 -6618 246 -2796 -2470
246 3027 -1566 -15237 -5320 -1292 8121 -144 -2796 -6610 248 -2796 -2472
247 661 -1362 -7542 -5315 -1300 8117 -153 -2793 -6601 248 -2793 -2464
248 990 -1628 -9234 -5337 -1293 8125 -149 -2781 -6603 249 -2781 -2469
249 1756 -1546 -13716 -5332 -1296 8120 -156 -2773 -6592 248 -2773 -2462
250 3512 599 -22281 -5331 -1295 8124 -145 -2785 -6592 247 -2785 -2471
251 5819 4950 -29041 -5333 -1296 8119 -145 -2784 -6593 246 -2784 -2465
252 7735 6963 31413 -5330 -1292 8117 -154 -2772 -6583 250 -2772 -2469
253 10194 11285 28525 -5328 -1289 8116 -152 -2784 -6580 245 -2784 -2474
254 4357 597 -20464 -5328 -1298 8126 -152 -2774 -6578 259 -2774 -2467
255 1329 -918 -10883 -5338 -1292 8124 -163 -2768 -6578 258 -2768 -2466
256 900 -1276 -7814 -5338 -1277 8117 -155 -2758 -6577 252 -2758 -2462
257 675 -1323 -7472 -5337 -1277 8117 -160 -2752 -6576 262 -2752 -2462
258 641 -1331 -7389 -5339 -1284 8117 -156 -2766 -6570 259 -2766 -2464
259 615 -1342 -7335 -5340 -1285 8119 -151 -2758 -6574 260 -2758 -2465
260 599 -1345 -7304 -5337 -1285 8111 -154 -2758 -6558 261 -2758 -2464
261 591 -1349 -7276 -5329 -1281 8121 -160 -2747 -6562 255 -2747 -2464
262 582 -1349 -7259 -5331 -1289 8114 -160 -2754 -6568 258 -2754 -2469
263 573 -1349 -7238 -5710 -1689 9588 -152 -2755 -6559 261 -2755 -2461
264 554 -1349 -7225 -7431 -2135 16117 -159 -2746 -6564 257 -2746 -2451
265 546 -1344 -7219 -5414 -10463 -31424 -159 -2740 -6564 257 -2740 -2441
266 701 -1521 -7209 -1282 -16671 -26755 -168 -2741 -6565 253 -2741 -2435
267 653 -1658 -7307 -7796 -1053 16011 -159 -2736 -6560 269 -2736 -2457
268 231 -1349 -7387 -6575 -1893 10807 -156 -2737 -6552 265 -2737 -2454
269 369 -1563 -7391 -7172 -3131 14804 -168 -2742 -6554 259 -2742 -2445
270 793 -1877 -7344 -6574 -6980 32341 -161 -2740 -6552 259 -2740 -2441
271 1120 -1924 -7248 834 -19101 -25261 -168 -2737 -6553 260 -2737 -2434
272 1052 -1990 -7320 -7670 -7467 26494 -153 -2743 -6552 265 -2743 -2460
273 273 -1554 -7426 -6183 -1594 9804 -166 -2741 -6547 270 -2741 -2446
274 340 -1930 -7144 -5498 -1371 8441 -165 -2733 -6545 268 -2733 -2456
275 571 -1379 -7175 -5444 -1348 8312 -165 -2728 -6546 273 -2728 -2450
276 405 -1451 -7285 -5439 -1315 8232 -166 -2724 -6551 298 -2724 -2486
277 650 -1359 -7317 -5334 -1309 8212 -176 -2723 -6544 291 -2723 -2601
278 915 -1374 -7144 -5165 -1305 8236 -175 -2720 -6546 287 -2720 -2993
279 1941 -1270 -7028 -4680 -1240 8309 -178 -2711 -6545 236 -2711 -3077
280 2280 -1307 -6955 -4935 -1271 8230 -172 -2713 -6550 312 -2713 -2502
281 1056 -1322 -7119 -5360 -1295 8127 -176 -2702 -6543 287 -2702 -2453
282 739 -1309 -7153 -5365 -1294 8126 -187 -2707 -6547 291 -2707 -2470
283 1025 -1343 -7132 -5358 -1289 8100 -177 -2709 -6546 280 -2709 -2453
284 613 -1354 -7156 -5368 -1299 8103 -174 -2708 -6547 283 -2708 -2445
285 565 -1344 -7141 -5358 -1293 8091 -180 -2711 -6544 283 -2711 -2444
286 543 -1350 -7141 -5356 -1295 8078 -175 -2711 -6546 282 -2711 -2449
287 543 -1348 -7137 -5357 -1297 8077 -175 -2710 -6544 278 -2710 -2441
288 535 -1347 -7132 -5360 -1292 8072 -168 -2717 -6545 277 -2717 -2443
289 539 -1345 -7137 -5364 -1287 8072 -178 -2715 -6546 276 -2715 -2450
290 534 -1347 -7129 -5352 -1304 8065 -163 -2722 -6544 270 -2722 -2457
291 540 -1362 -7130 -5341 -1305 8072 -168 -2730 -6536 271 -2730 -2444
292 546 -1442 -7167 -5367 -1312 8080 -190 -2747 -6521 250 -2747 -2436
293 577 -1523 -7220 -5406 -1347 8121 -226 -2780 -6520 235 -2780 -2399
294 829 -1474 -7153 -5445 -1350 8128 -262 -2775 -6514 205 -2775 -2345
295 1113 -1508 -7178 -5548 -1369 8129 -108 -2823 -6677 199 -2823 -2243
296 726 -1775 -7542 -5689 -1381 8089 413 -2658 -7238 183 -2658 -2163
297 190 -1951 -7880 -5785 -1399 8036 944 -2392 -7460 171 -2392 -2125
298 648 -1728 -7784 -5898 -1417 8197 245 -3224 -8465 146 -3224 -2136
299 -289 -1853 -8347 -7778 -1761 8667 880 -4078 -9845 135 -4078 -2126
300 -2821 -2484 -9543 -10765 -2859 10011 650 -4252 -11263 127 -4252 -2118
301 0 0 0 0 0 0 0 0 0 0 0 0
