1 245 5850 -462
2 256 5869 -450
3 252 5856 -457
4 244 5819 -451
5 242 5808 -453
6 244 5831 -461
7 242 5837 -458
8 234 5830 -460
9 248 5840 -453
10 248 5844 -450
11 251 5872 -453
12 248 5840 -458
13 247 5819 -448
14 246 5823 -450
15 253 5839 -459
16 240 5837 -459
17 234 5835 -462
18 243 5845 -459
19 247 5866 -458
20 241 5870 -451
21 246 5839 -453
22 251 5825 -458
23 248 5834 -459
24 244 5847 -456
25 244 5851 -460
26 239 5853 -463
27 246 5854 -454
28 247 5877 -448
29 247 5870 -458
30 244 5843 -457
31 246 5842 -453
32 249 5836 -457
33 246 5855 -465
34 240 5855 -464
35 244 5850 -465
36 246 5867 -454
37 250 5882 -453
38 247 5872 -450
39 248 5846 -450
40 250 5838 -457
41 239 5850 -457
42 242 5867 -462
43 246 5859 -460
44 246 5861 -455
45 245 5870 -453
46 246 5886 -455
47 246 5869 -449
48 246 5844 -460
49 244 5835 -461
50 246 5851 -449
51 241 5860 -461
52 245 5863 -463
53 252 5859 -457
54 251 5874 -454
55 247 5890 -451
56 243 5868 -449
57 253 5838 -451
58 244 5842 -455
59 249 5853 -457
60 240 5862 -460
61 248 5863 -461
62 243 5868 -460
63 248 5890 -455
64 252 5887 -457
65 244 5846 -452
66 247 5831 -463
67 247 5843 -462
68 243 5857 -458
69 236 5860 -467
70 246 5851 -458
71 246 5871 -456
72 252 5892 -458
73 243 5880 -458
74 250 5851 -454
75 246 5831 -459
76 241 5839 -457
77 241 5865 -461
78 237 5863 -465
79 235 5852 -461
80 245 5871 -456
81 251 5888 -464
82 253 5873 -453
83 251 5844 -450
84 248 5828 -461
85 252 5849 -456
86 244 5855 -458
87 235 5849 -463
88 245 5856 -462
89 245 5876 -457
90 247 5892 -451
91 250 5872 -450
92 242 5837 -457
93 252 5843 -457
94 242 5849 -456
95 240 5862 -456
96 246 5852 -462
97 250 5860 -456
98 243 5873 -450
99 244 5894 -454
100 249 5862 -454
101 253 5835 -461
102 249 5850 -456
103 248 5861 -462
104 237 5858 -464
105 241 5852 -460
106 245 5867 -456
107 251 5883 -463
108 248 5897 -451
109 254 5861 -459
110 247 5848 -459
111 243 5854 -459
112 244 5881 -462
113 244 5870 -465
114 243 5872 -464
115 240 5879 -453
116 240 5897 -456
117 249 5907 -460
118 254 5865 -458
119 247 5845 -459
120 242 5867 -459
121 242 5870 -458
122 238 5873 -461
123 239 5870 -462
124 254 5888 -456
125 248 5901 -457
126 253 5895 -458
127 254 5852 -454
128 251 5855 -452
129 239 5865 -457
130 246 5878 -459
131 241 5871 -458
132 238 5870 -458
133 252 5893 -454
134 258 5905 -454
135 250 5880 -455
136 253 5849 -452
137 234 5852 -458
138 246 5863 -463
139 239 5873 -467
140 244 5870 -458
141 244 5872 -456
142 246 5889 -452
143 252 5897 -452
144 255 5872 -460
145 249 5847 -460
146 244 5844 -455
147 244 5860 -454
148 242 5859 -456
149 239 5861 -458
150 239 5868 -460
151 248 5878 -451
152 248 5897 -452
153 251 5849 -455
154 247 5848 -461
155 242 5843 -457
156 248 5867 -465
157 249 5861 -459
158 241 5845 -460
159 240 5871 -462
160 248 5896 -450
161 214 -4042 571
162 221 -368 21
163 217 -10867 1132
164 374 -15210 1127
165 367 -15199 1129
166 368 -15190 1135
167 374 -15180 1123
168 377 -15188 1133
169 379 -15200 1136
170 242 -2066 155
171 234 -2074 161
172 234 -2068 151
173 233 -2059 147
174 238 -2052 146
175 237 -947 -3
176 212 477 -44
177 224 476 -46
178 218 11704 -894
179 209 11700 -900
180 205 11695 -896
181 212 11688 -904
182 204 11698 -911
183 202 11704 -907
184 0 25127 -1889
185 -10 25115 -1883
186 -3 25109 -1883
187 -6 25105 -1885
188 -6 25102 -1889
189 -6 25098 -1884
190 -42 28733 -2154
191 -65 28725 -2165
192 -62 28742 -2160
193 -57 28750 -2165
194 -60 28744 -2152
195 -54 28727 -2152
196 -52 28733 -2154
197 -49 28729 -2155
198 -62 28729 -2161
199 -53 28729 -2160
200 -62 28726 -2163
201 -56 28750 -2163
202 -55 28755 -2155
203 -66 28741 -2154
204 -56 28727 -2156
205 -57 28724 -2155
206 -59 28728 -2158
207 -55 28718 -2156
208 -58 28736 -2160
209 -62 28741 -2164
210 -58 28751 -2159
211 -56 28746 -2157
212 -58 28737 -2161
213 -53 28736 -2152
214 -46 28737 -2157
215 -56 28725 -2156
216 -58 28729 -2161
217 -55 28736 -2156
218 -56 28736 -2157
219 -59 28752 -2154
220 -63 28750 -2160
221 -55 28738 -2154
222 -57 28732 -2152
223 -61 28726 -2152
224 -56 28731 -2161
225 -58 28734 -2156
226 -62 28736 -2159
227 102 15400 -1150
228 110 15393 -1155
229 108 15390 -1165
230 115 15389 -1159
231 111 15382 -1155
232 110 15374 -1157
233 112 15376 -1028
234 224 2198 -174
235 223 2200 -173
236 221 2207 -171
237 234 2203 -170
238 230 2196 -169
239 225 -1794 483
240 227 -338 23
241 225 -1168 774
242 323 -11615 866
243 319 -11601 864
244 323 -11592 866
245 328 -11595 864
246 317 -11594 877
247 327 -11607 892
248 502 -24964 1851
249 497 -24958 1843
250 496 -24941 1846
251 485 -24943 1847
252 494 -24932 1842
253 495 -24935 1843
254 536 -28495 2109
255 531 -28495 2116
256 539 -28508 2107
257 533 -28521 2111
258 532 -28509 2102
259 530 -28513 2107
260 534 -28506 2107
261 535 -28496 2106
262 537 -28490 2111
263 539 -28498 2107
264 537 -28519 2108
265 537 -28512 2111
266 534 -28515 2108
267 536 -28517 2098
268 532 -28509 2108
269 529 -28506 2107
270 528 -28496 2105
271 532 -28498 2113
272 545 -28498 2110
273 532 -28510 2108
274 536 -28525 2109
275 535 -28523 2113
276 531 -28509 2103
277 524 -28496 2102
278 534 -28495 2103
279 528 -28496 2112
280 536 -28500 2109
281 529 -28507 2105
282 532 -28523 2101
283 536 -28526 2109
284 530 -28507 2112
285 528 -28504 2106
286 531 -28500 2107
287 527 -28494 2108
288 534 -28495 2108
289 534 -28503 2109
290 539 -28516 2109
291 526 -28528 2115
292 532 -28532 2104
293 531 -28502 2110
294 528 -28497 2109
295 534 -28494 2102
296 535 -28495 2103
297 530 -28493 2105
298 538 -28506 2103
299 540 -28514 2105
300 535 -28514 2110
301 528 -28519 2108
302 532 -28506 2107
303 533 -28494 2103
304 531 -28497 2104
305 537 -28497 2111
306 538 -28500 2109
307 526 -28514 2106
308 533 -28528 2107
309 535 -28519 2103
310 526 -28507 2104
311 531 -28504 2102
312 534 -28492 2098
313 534 -28500 2105
314 529 -28510 2109
315 529 -28509 2113
316 537 -28519 2108
317 536 -28525 2115
318 533 -28519 2107
319 530 -28510 2098
320 531 -28503 2100
321 534 -28499 2106
322 533 -28509 2114
323 534 -28511 2114
324 539 -28525 2111
325 541 -28530 2112
326 532 -28528 2111
327 526 -28513 2104
328 529 -28498 2102
329 533 -28495 2111
330 535 -28506 2113
331 533 -28502 2117
332 534 -28514 2107
333 543 -28527 2112
334 533 -28534 2100
335 531 -28506 2110
336 534 -28504 2106
337 535 -28498 2103
338 532 -28491 2114
339 532 -28509 2108
340 544 -28511 2113
341 540 -28511 2104
342 537 -28511 2111
343 528 -28516 2106
344 534 -28503 2104
345 533 -28504 2099
346 535 -24983 1840
347 503 -24987 1848
348 503 -24996 1846
349 508 -25001 1852
350 503 -25005 1843
351 504 -25010 1848
352 506 -25011 1845
353 503 -24987 1846
354 506 -24993 1843
355 506 -24984 1847
356 501 -24991 1844
357 507 -25000 1851
358 506 -25013 1848
359 505 -25013 1850
360 501 -25006 1846
361 498 -24999 1848
362 503 -24992 1842
363 499 -24981 1844
364 501 -24988 1854
365 506 -24994 1850
366 507 -25001 1849
367 499 -25019 1850
368 504 -25015 1847
369 499 -24998 1844
370 506 -24997 1843
371 505 -24986 1842
372 504 -24986 1842
373 506 -24998 1848
374 502 -25005 1854
375 513 -25007 1852
376 506 -25008 1853
377 509 -21598 1584
378 464 -21539 1586
379 458 -21535 1587
380 461 -21532 1582
381 471 -21530 1589
382 466 -21543 1593
383 468 -21539 1590
384 471 -21560 1584
385 472 -21553 1592
386 463 -21545 1587
387 474 -21538 1587
388 460 -21525 1588
389 464 -21525 1595
390 467 -21535 1593
391 472 -21540 1593
392 467 -21546 1590
393 468 -21553 1588
394 471 -21551 1587
395 460 -21540 1584
396 461 -21532 1588
397 470 -21529 1591
398 467 -21533 1588
399 469 -21540 1590
400 463 -21551 1585
401 472 -21558 1593
402 471 -21551 1588
403 465 -21537 1580
404 464 -21532 1590
405 466 -21522 1591
406 470 -21528 1588
407 469 -21541 1597
408 474 -20998 1348
409 432 -18013 1323
410 429 -18027 1327
411 427 -18013 1324
412 419 -17998 1319
413 427 -17991 1322
414 421 -17987 1324
415 425 -18006 1333
416 435 -18006 1320
417 422 -18015 1333
418 432 -18021 1325
419 434 -18016 1322
420 428 -18005 1318
421 426 -17997 1316
422 426 -17989 1325
423 434 -17992 1321
424 427 -18008 1322
425 427 -18006 1326
426 424 -18020 1329
427 422 -18018 1317
428 427 -18014 1324
429 430 -17998 1321
430 421 -17988 1323
431 430 -18001 1321
432 430 -18003 1321
433 428 -18015 1329
434 431 -18013 1323
435 430 -18016 1317
436 427 -18013 1320
437 424 -18010 1324
438 428 -17989 1321
439 425 -17427 1087
440 392 -14462 1072
441 388 -14467 1062
442 394 -14478 1063
443 385 -14470 1062
444 383 -14478 1059
445 387 -14466 1065
446 378 -14462 1058
447 377 -14451 1055
448 395 -14445 1057
449 388 -14462 1063
450 384 -14464 1060
451 389 -14474 1062
452 383 -14475 1060
453 387 -14466 1064
454 386 -14457 1056
455 388 -14447 1061
456 381 -14448 1058
457 391 -14453 1058
458 389 -14461 1065
459 396 -14468 1068
460 385 -14479 1065
461 392 -14470 1062
462 388 -14462 1054
463 383 -14462 1061
464 377 -14454 1057
465 385 -14443 1062
466 383 -14461 1062
467 395 -14468 1069
468 392 -14474 1062
469 390 -14475 1060
470 377 -11457 798
471 341 -10924 797
472 341 -10903 803
473 341 -10911 802
474 343 -10915 801
475 343 -10921 807
476 340 -10930 803
477 340 -10942 801
478 343 -10930 807
479 341 -10913 795
480 340 -10915 798
481 332 -10907 801
482 338 -10910 802
483 342 -10919 804
484 348 -10920 809
485 345 -10934 810
486 338 -10929 806
487 331 -10931 801
488 332 -10920 797
489 338 -10908 798
490 342 -10913 804
491 341 -10906 797
492 341 -10923 805
493 338 -10928 802
494 347 -10933 802
495 345 -10934 804
496 336 -10923 803
497 337 -10921 793
498 328 -10910 805
499 343 -10913 794
500 338 -10912 805
501 345 -9572 553
502 301 -7381 547
503 295 -7393 542
504 297 -7387 538
505 292 -7374 539
506 297 -7369 541
507 299 -7356 545
508 298 -7360 545
509 306 -7368 547
510 302 -7370 541
511 298 -7382 542
512 300 -7396 541
513 300 -7386 542
514 296 -7367 544
515 292 -7362 542
516 298 -7367 544
517 299 -7365 540
518 308 -7368 544
519 301 -7374 543
520 308 -7389 537
521 300 -7390 543
522 299 -7386 539
523 296 -7369 528
524 294 -7360 549
525 297 -7358 545
526 301 -7359 549
527 311 -7374 549
528 302 -7390 555
529 307 -7391 545
530 300 -7384 544
531 297 -7376 543
532 294 -7193 321
533 256 -3831 276
534 252 -3836 280
535 265 -3840 284
536 259 -3844 285
537 260 -3852 287
538 270 -3861 278
539 260 -3849 279
540 260 -3843 280
541 265 -3848 275
542 257 -3841 283
543 259 -3833 283
544 266 -3843 286
545 267 -3846 294
546 260 -3858 285
547 261 -3863 278
548 265 -3858 280
549 255 -3846 274
550 256 -3837 273
551 260 -3837 280
552 263 -3834 286
553 259 -3842 286
554 261 -3850 290
555 260 -3860 285
556 259 -3862 284
557 260 -3849 279
558 262 -3849 279
559 264 -3833 281
560 254 -3836 276
561 263 -3837 285
562 267 -3846 284
563 269 907 -401
564 191 -6888 47
565 198 888 100
566 225 3933 -623
567 241 -1126 6
568 204 -1914 483
569 258 7479 -126
570 270 -108 -199
571 196 -7228 381
572 248 1236 41
573 228 2479 -573
574 199 -5300 30
575 191 -579 314
576 242 7347 -410
577 296 -402 -29
578 201 -4039 620
579 263 5271 -83
580 238 243 -278
581 180 -8231 111
582 200 1040 85
583 231 3406 -619
584 236 -1149 13
585 207 -1182 385
586 252 8197 -251
587 295 -327 -99
588 201 -6051 497
589 261 2325 -38
590 237 1014 -400
591 195 -6418 36
592 193 745 125
593 225 4291 -595
594 270 -750 0
595 210 471 -49
596 219 468 -43
597 246 3876 -309
598 247 3870 -301
599 250 3850 -305
600 245 3850 -306
601 243 3855 -308
602 239 3855 -309
603 240 3869 -305
604 244 3871 -312
605 240 3877 -310
606 247 3877 -306
607 247 3862 -303
608 246 3861 -307
609 246 3857 -304
610 240 3858 -311
611 237 3862 -310
612 239 3871 -308
613 240 3877 -307
614 246 3882 -301
615 240 3870 -304
616 237 3863 -297
617 243 3853 -305
618 241 3855 -300
619 241 3851 -313
620 239 3864 -308
621 243 3860 -312
622 234 3875 -306
623 246 3870 -305
624 241 3864 -302
625 242 3855 -300
626 243 3852 -305
627 243 3850 -305
628 256 7333 -578
629 246 7335 -575
630 236 7344 -575
631 246 7349 -573
632 243 7348 -566
633 247 7335 -568
634 242 7331 -567
635 244 7324 -569
636 240 7326 -567
637 234 7336 -576
638 237 7342 -577
639 243 7351 -581
640 236 7353 -570
641 241 7348 -565
642 244 7343 -567
643 239 7335 -569
644 242 7333 -570
645 237 7335 -571
646 236 7334 -571
647 242 7343 -568
648 238 7349 -576
649 234 7352 -570
650 236 7347 -567
651 248 7337 -571
652 240 7330 -569
653 242 7329 -568
654 237 7331 -569
655 238 7343 -576
656 231 7355 -577
657 239 7352 -573
658 240 7351 -574
659 202 10851 -828
660 205 10852 -824
661 210 10841 -831
662 198 10838 -830
663 204 10849 -830
664 206 10849 -833
665 202 10852 -832
666 199 10863 -840
667 200 10864 -833
668 202 10858 -828
669 204 10851 -825
670 200 10841 -830
671 197 10844 -829
672 199 10848 -830
673 197 10852 -837
674 199 10859 -841
675 199 10867 -828
676 201 10853 -829
677 203 10844 -825
678 207 10847 -830
679 201 10843 -822
680 202 10845 -833
681 202 10856 -833
682 197 10858 -827
683 204 10858 -837
684 197 10859 -828
685 201 10846 -830
686 199 10855 -828
687 204 10844 -829
688 207 10836 -828
689 198 10842 -832
690 165 14397 -1097
691 148 14407 -1097
692 151 14402 -1089
693 158 14398 -1099
694 154 14385 -1091
695 158 14381 -1092
696 148 14380 -1093
697 149 14392 -1094
698 153 14387 -1092
699 149 14401 -1095
700 149 14407 -1101
701 150 14400 -1084
702 149 14396 -1097
703 147 14376 -1089
704 156 14380 -1093
705 149 14382 -1099
706 150 14388 -1095
707 153 14391 -1099
708 151 14398 -1097
709 149 14407 -1093
710 154 14408 -1090
711 155 14398 -1091
712 158 14391 -1093
713 157 14372 -1099
714 148 14380 -1095
715 152 14394 -1098
716 149 14395 -1093
717 145 14408 -1102
718 155 14397 -1089
719 155 14391 -1089
720 161 14382 -1094
721 137 17941 -1360
722 102 17946 -1359
723 94 17951 -1366
724 107 17962 -1362
725 100 17968 -1359
726 102 17965 -1361
727 103 17963 -1352
728 109 17961 -1353
729 106 17940 -1353
730 110 17938 -1356
731 102 17949 -1360
732 102 17957 -1359
733 102 17965 -1360
734 100 17962 -1363
735 102 17965 -1360
736 120 17955 -1356
737 106 17950 -1355
738 105 17944 -1363
739 101 17948 -1362
740 98 17954 -1358
741 102 17960 -1360
742 110 17965 -1358
743 105 17971 -1359
744 108 17954 -1359
745 107 17952 -1350
746 107 17943 -1357
747 102 17938 -1356
748 109 17944 -1361
749 102 17962 -1360
750 98 17958 -1362
751 99 17958 -1360
752 95 21538 -1626
753 48 21536 -1618
754 47 21525 -1618
755 54 21523 -1620
756 49 21523 -1620
757 48 21534 -1621
758 44 21538 -1623
759 38 21545 -1619
760 48 21543 -1616
761 50 21544 -1615
762 50 21535 -1612
763 47 21527 -1617
764 45 21524 -1623
765 51 21526 -1619
766 41 21541 -1622
767 47 21538 -1617
768 41 21547 -1620
769 50 21541 -1616
770 47 21547 -1621
771 43 21522 -1609
772 43 21523 -1619
773 43 21524 -1626
774 52 21535 -1619
775 45 21536 -1626
776 45 21552 -1625
777 46 21555 -1617
778 47 21545 -1611
779 47 21539 -1617
780 47 21537 -1616
781 46 21530 -1612
782 48 21529 -1625
783 -5 25110 -1890
784 -10 25098 -1889
785 -9 25114 -1893
786 -15 25119 -1886
787 -11 25098 -1883
788 -4 25100 -1878
789 -6 25092 -1886
790 -17 25087 -1887
791 -16 25096 -1887
792 -16 25104 -1883
793 -11 25112 -1900
794 -16 25122 -1891
795 -8 25105 -1885
796 -11 25099 -1885
797 -8 25090 -1883
798 -7 25083 -1890
799 -15 25080 -1892
800 -6 25096 -1889
801 -8 25107 -1892
802 -13 25102 -1893
803 -15 25117 -1886
804 -10 25100 -1887
805 -14 25099 -1885
806 -9 25093 -1884
807 -11 25086 -1883
808 -13 25097 -1896
809 -15 25102 -1890
810 -17 25107 -1895
811 -12 25115 -1892
812 -15 25107 -1890
813 -16 25096 -1884
814 -5 25098 -1923
815 -56 28706 -2155
816 -61 28707 -2157
817 -67 28715 -2161
818 -59 28731 -2156
819 -67 28723 -2156
820 -64 28735 -2164
821 -64 28717 -2159
822 -60 28728 -2160
823 -64 28716 -2155
824 -61 28714 -2159
825 -62 28731 -2162
826 -64 28718 -2161
827 -62 28740 -2156
828 -60 28733 -2155
829 -64 28731 -2155
830 -61 28723 -2154
831 -67 28721 -2157
832 -58 28712 -2152
833 -58 28708 -2155
834 -60 28712 -2160
835 -70 28719 -2166
836 -58 28731 -2164
837 -55 28731 -2159
838 -60 28725 -2153
839 -59 28727 -2153
840 -60 28715 -2161
841 -67 28709 -2159
842 -64 28721 -2156
843 -69 28732 -2163
844 -64 28724 -2161
845 -62 28735 -2156
846 -62 28731 -2157
847 -57 28725 -2156
848 -57 28723 -2152
849 -60 28713 -2160
850 -66 28728 -2155
851 -62 28717 -2163
852 -61 28723 -2171
853 -70 28736 -2156
854 -65 28737 -2154
855 -74 28730 -2153
856 -62 28723 -2157
857 -58 28722 -2153
858 -62 28715 -2160
859 -71 28718 -2166
860 -65 28729 -2163
861 -67 28725 -2157
862 -66 28742 -2156
863 -65 28741 -2160
864 -64 28730 -2158
865 -56 28724 -2157
866 -62 28716 -2153
867 -65 28709 -2158
868 -70 28722 -2151
869 -63 28730 -2162
870 -68 28724 -2162
871 -66 28731 -2165
872 -62 28734 -2158
873 -63 28731 -2158
874 -62 28716 -2152
875 -60 28724 -2161
876 -47 25173 -1893
877 -32 25181 -1899
878 -29 25189 -1894
879 -29 25189 -1893
880 -30 25197 -1891
881 -22 25190 -1884
882 -15 25184 -1896
883 -26 25167 -1884
884 -27 25171 -1893
885 -34 25172 -1896
886 -33 25180 -1892
887 -28 25189 -1896
888 -27 25195 -1892
889 -30 25182 -1893
890 -19 25186 -1885
891 -25 25173 -1888
892 -25 25175 -1894
893 -25 25169 -1896
894 -37 25177 -1894
895 -26 25184 -1898
896 -33 25192 -1902
897 -26 25198 -1894
898 -17 25194 -1890
899 -22 25191 -1890
900 -27 25172 -1890
901 -29 25174 -1887
902 -24 25179 -1895
903 -27 25175 -1899
904 -30 25186 -1895
905 -28 25197 -1888
906 -20 25186 -1891
907 -14 21683 -1622
908 17 21681 -1632
909 18 21684 -1628
910 14 21676 -1638
911 17 21679 -1631
912 14 21676 -1632
913 10 21688 -1631
914 16 21697 -1630
915 11 21684 -1622
916 20 21680 -1621
917 12 21675 -1627
918 21 21665 -1629
919 8 21664 -1632
920 14 21682 -1634
921 10 21689 -1632
922 14 21690 -1635
923 13 21690 -1625
924 14 21682 -1622
925 13 21686 -1625
926 21 21674 -1627
927 17 21675 -1629
928 20 21666 -1637
929 14 21683 -1636
930 7 21694 -1634
931 12 21701 -1634
932 14 21684 -1627
933 17 21682 -1622
934 21 21676 -1633
935 10 21670 -1629
936 7 21675 -1626
937 12 21689 -1634
938 18 18132 -1364
939 65 18116 -1371
940 60 18102 -1371
941 62 18111 -1364
942 73 18104 -1362
943 72 18100 -1365
944 71 18089 -1369
945 70 18092 -1366
946 60 18092 -1366
947 67 18113 -1374
948 65 18114 -1368
949 67 18104 -1362
950 71 18090 -1364
951 72 18102 -1363
952 67 18091 -1362
953 64 18093 -1368
954 64 18101 -1367
955 61 18103 -1364
956 61 18108 -1365
957 58 18115 -1366
958 68 18108 -1362
959 64 18099 -1369
960 75 18093 -1367
961 66 18088 -1366
962 67 18092 -1358
963 65 18099 -1370
964 61 18106 -1373
965 64 18105 -1363
966 66 18105 -1365
967 68 18108 -1366
968 70 18103 -1367
969 63 16809 -1099
970 119 14512 -1093
971 122 14512 -1094
972 119 14515 -1091
973 114 14525 -1099
974 108 14522 -1103
975 118 14524 -1083
976 121 14509 -1094
977 124 14500 -1092
978 121 14505 -1091
979 120 14504 -1088
980 116 14506 -1097
981 111 14514 -1099
982 114 14520 -1100
983 119 14522 -1095
984 122 14512 -1091
985 115 14510 -1087
986 118 14503 -1096
987 117 14507 -1095
988 116 14496 -1099
989 115 14510 -1088
990 116 14519 -1100
991 114 14524 -1089
992 119 14521 -1096
993 120 14515 -1088
994 124 14509 -1090
995 126 14507 -1092
996 124 14501 -1090
997 113 14511 -1098
998 116 14512 -1096
999 117 14521 -1096
1000 116 14534 -917
1001 170 10969 -827
1002 164 10967 -822
1003 166 10961 -822
1004 169 10953 -835
1005 164 10956 -819
1006 163 10970 -830
1007 174 10974 -829
1008 161 10981 -827
1009 180 10971 -823
1010 173 10964 -825
1011 175 10968 -827
1012 167 10957 -828
1013 167 10963 -826
1014 178 10970 -821
1015 171 10970 -830
1016 170 10979 -833
1017 164 10970 -832
1018 166 10973 -831
1019 175 10966 -823
1020 171 10955 -825
1021 172 10951 -825
1022 165 10962 -821
1023 161 10966 -833
1024 173 10970 -829
1025 165 10979 -831
1026 168 10969 -830
1027 171 10975 -827
1028 176 10962 -821
1029 168 10952 -829
1030 167 10959 -831
1031 166 10960 -794
1032 203 7436 -569
1033 204 7447 -573
1034 211 7449 -575
1035 201 7436 -562
1036 207 7434 -561
1037 217 7426 -558
1038 208 7426 -566
1039 205 7425 -565
1040 207 7440 -572
1041 206 7440 -568
1042 208 7454 -567
1043 209 7449 -572
1044 211 7447 -565
1045 205 7441 -564
1046 208 7434 -564
1047 214 7423 -569
1048 203 7433 -569
1049 201 7445 -575
1050 201 7444 -569
1051 204 7442 -566
1052 204 7449 -564
1053 213 7444 -558
1054 210 7437 -570
1055 208 7427 -565
1056 208 7418 -568
1057 207 7432 -571
1058 203 7443 -568
1059 203 7446 -567
1060 205 7445 -570
1061 206 7446 -561
1062 207 7445 -564
1063 234 3919 -303
1064 243 3923 -306
1065 234 3914 -303
1066 237 3917 -305
1067 231 3928 -309
1068 227 3929 -309
1069 236 3938 -301
1070 230 3934 -305
1071 232 3934 -304
1072 242 3920 -302
1073 241 3926 -306
1074 224 3924 -300
1075 229 3928 -315
1076 232 3929 -305
1077 236 3934 -305
1078 237 3943 -301
1079 234 3933 -303
1080 245 3925 -305
1081 236 3923 -300
1082 233 3920 -301
1083 231 3913 -305
1084 233 3924 -310
1085 230 3925 -309
1086 236 3942 -303
1087 231 3937 -306
1088 242 3929 -303
1089 238 3924 -300
1090 240 3917 -305
1091 240 3916 -308
1092 236 3923 -308
1093 232 3929 -217
1094 274 -98 -260
1095 182 -8384 199
1096 187 69 227
1097 238 5517 -486
1098 295 -482 -2
1099 212 -3618 639
1100 268 6096 -96
1101 252 -33 -220
1102 180 -8590 174
1103 209 921 98
1104 222 3584 -637
1105 232 -1936 20
1106 211 -1366 415
1107 262 8584 -216
1108 295 -346 -80
1109 196 -5134 548
1110 262 3555 -42
1111 225 906 -387
1112 186 -8337 115
1113 199 529 163
1114 233 4629 -562
1115 290 -549 -19
1116 215 -3122 613
1117 261 6898 -116
1118 283 -274 -145
1119 187 -7542 347
1120 222 1294 31
1121 228 2370 -553
1122 203 -4017 23
1123 204 -1189 389
1124 250 8409 -201
1125 291 -614 -181
1126 221 -318 19
1127 211 -1948 274
1128 189 -3698 277
1129 194 -3690 271
1130 194 -3683 276
1131 200 -3684 277
1132 203 -3691 278
1133 192 -3700 275
1134 198 -3702 276
1135 194 -3714 279
1136 191 -3695 273
1137 196 -3700 277
1138 194 -3687 272
1139 197 -3683 273
1140 193 -3687 279
1141 196 -3694 278
1142 196 -3702 286
1143 193 -3711 280
1144 192 -3701 278
1145 188 -3701 280
1146 198 -3692 265
1147 200 -3685 276
1148 196 -3680 279
1149 196 -3684 278
1150 196 -3697 281
1151 204 -3703 281
1152 205 -3705 278
1153 191 -3706 274
1154 196 -3696 274
1155 185 -3687 280
1156 188 -3684 272
1157 196 -3675 282
1158 201 -5366 535
1159 263 -7221 545
1160 256 -7224 545
1161 261 -7226 542
1162 260 -7228 535
1163 249 -7217 539
1164 250 -7219 541
1165 258 -7203 541
1166 253 -7199 543
1167 251 -7209 540
1168 260 -7219 542
1169 259 -7231 541
1170 262 -7233 541
1171 256 -7224 548
1172 255 -7218 539
1173 251 -7212 537
1174 260 -7207 539
1175 254 -7206 541
1176 259 -7220 539
1177 256 -7226 544
1178 258 -7232 543
1179 257 -7231 546
1180 256 -7226 532
1181 252 -7219 536
1182 259 -7206 540
1183 258 -7202 545
1184 265 -7214 548
1185 257 -7224 548
1186 262 -7230 545
1187 261 -7229 544
1188 260 -7231 540
1189 254 -9647 806
1190 318 -10741 803
1191 318 -10732 800
1192 319 -10726 808
1193 319 -10744 805
1194 325 -10749 817
1195 322 -10763 809
1196 318 -10759 811
1197 319 -10752 800
1198 316 -10745 798
1199 316 -10731 805
1200 321 -10729 802
1201 319 -10737 804
1202 326 -10745 819
1203 325 -10753 814
1204 321 -10757 812
1205 323 -10757 806
1206 320 -10754 804
1207 323 -10740 809
1208 327 -10733 815
1209 318 -10735 796
1210 323 -10748 809
1211 317 -10739 805
1212 324 -10750 810
1213 321 -10762 815
1214 320 -10756 810
1215 309 -10739 808
1216 314 -10741 802
1217 316 -10738 807
1218 317 -10734 808
1219 320 -10741 811
1220 325 -11446 1052
1221 361 -14308 1062
1222 365 -14304 1072
1223 357 -14306 1067
1224 364 -14295 1057
1225 347 -14291 1063
1226 364 -14293 1071
1227 359 -14301 1072
1228 363 -14303 1072
1229 367 -14310 1065
1230 362 -14313 1070
1231 361 -14311 1062
1232 359 -14301 1064
1233 361 -14293 1062
1234 356 -14288 1069
1235 363 -14298 1067
1236 362 -14304 1066
1237 362 -14313 1067
1238 365 -14320 1063
1239 358 -14315 1063
1240 366 -14306 1060
1241 355 -14297 1063
1242 365 -14282 1063
1243 362 -14292 1061
1244 357 -14300 1069
1245 363 -14309 1067
1246 368 -14312 1068
1247 373 -14310 1059
1248 363 -14304 1058
1249 362 -14296 1057
1250 357 -14288 1060
1251 407 -17828 1328
1252 406 -17842 1321
1253 417 -17849 1333
1254 411 -17858 1329
1255 408 -17855 1323
1256 409 -17861 1321
1257 410 -17849 1327
1258 410 -17840 1325
1259 409 -17831 1323
1260 413 -17840 1332
1261 409 -17849 1325
1262 410 -17855 1322
1263 409 -17866 1334
1264 410 -17857 1325
1265 396 -17844 1324
1266 402 -17841 1325
1267 410 -17832 1321
1268 411 -17833 1325
1269 408 -17846 1337
1270 404 -17853 1324
1271 409 -17859 1328
1272 412 -17858 1331
1273 409 -17860 1324
1274 400 -17847 1319
1275 410 -17836 1322
1276 403 -17835 1330
1277 419 -17843 1325
1278 407 -17846 1322
1279 413 -17858 1331
1280 405 -17854 1323
1281 409 -17854 1326
1282 444 -21426 1579
1283 451 -21411 1588
1284 457 -21411 1578
1285 463 -21418 1582
1286 463 -21427 1585
1287 462 -21428 1583
1288 455 -21437 1589
1289 463 -21433 1581
1290 457 -21430 1575
1291 456 -21427 1581
1292 455 -21407 1587
1293 455 -21409 1586
1294 457 -21423 1591
1295 461 -21426 1588
1296 461 -21438 1584
1297 465 -21432 1585
1298 455 -21431 1583
1299 449 -21420 1582
1300 459 -21421 1583
1301 457 -21414 1578
1302 458 -21418 1585
1303 459 -21425 1580
1304 461 -21430 1585
1305 467 -21439 1588
1306 457 -21432 1587
1307 461 -21431 1581
1308 457 -21418 1583
1309 457 -21410 1585
1310 462 -21414 1582
1311 461 -21411 1585
1312 459 -21427 1589
1313 474 -24942 1851
1314 498 -24951 1843
1315 500 -24937 1839
1316 494 -24933 1844
1317 497 -24926 1845
1318 505 -24925 1842
1319 497 -24927 1851
1320 499 -24940 1853
1321 498 -24948 1846
1322 501 -24945 1848
1323 498 -24942 1845
1324 506 -24941 1839
1325 505 -24926 1838
1326 501 -24921 1848
1327 504 -24927 1844
1328 504 -24941 1849
1329 499 -24959 1843
1330 508 -24949 1845
1331 504 -24949 1843
1332 505 -24938 1846
1333 502 -24932 1841
1334 502 -24922 1846
1335 509 -24919 1846
1336 505 -24935 1849
1337 507 -24938 1848
1338 503 -24942 1851
1339 504 -24948 1843
1340 506 -24939 1843
1341 499 -24932 1841
1342 498 -24929 1848
1343 499 -24926 1842
1344 527 -28497 2112
1345 551 -28515 2107
1346 554 -28515 2112
1347 548 -28521 2109
1348 554 -28514 2104
1349 553 -28512 2100
1350 541 -28502 2102
1351 555 -28503 2105
1352 551 -28509 2102
1353 549 -28509 2105
1354 555 -28509 2105
1355 551 -28523 2111
1356 543 -28537 2109
1357 543 -28520 2107
1358 544 -28508 2095
1359 545 -28506 2110
1360 556 -28503 2105
1361 549 -28504 2112
1362 552 -28502 2111
1363 556 -28527 2111
1364 542 -28520 2106
1365 548 -28514 2105
1366 551 -28509 2098
1367 540 -28513 2102
1368 554 -28497 2102
1369 549 -28504 2106
1370 554 -28522 2105
1371 550 -28522 2105
1372 545 -28522 2104
1373 551 -28517 2107
1374 551 -28523 2109
1375 548 -28508 2108
1376 550 -28500 2099
1377 540 -28496 2106
1378 548 -28514 2106
1379 552 -28515 2111
1380 550 -28524 2101
1381 551 -28515 2106
1382 546 -28518 2103
1383 549 -28516 2102
1384 546 -28498 2102
1385 549 -28491 2107
1386 553 -28505 2110
1387 551 -28502 2109
1388 553 -28520 2101
1389 549 -28528 2107
1390 549 -28528 2101
1391 549 -28515 2109
1392 551 -28494 2099
1393 547 -28505 2105
1394 552 -28502 2109
1395 549 -28506 2108
1396 552 -28512 2108
1397 541 -28530 2108
1398 545 -28528 2107
1399 541 -28506 2107
1400 549 -28499 2102
1401 545 -28500 2103
1402 546 -28503 2105
1403 550 -28501 2118
1404 547 -28505 2106
1405 548 -28523 2108
1406 553 -28527 2106
1407 544 -28523 2105
1408 549 -28506 2101
1409 544 -28499 2101
1410 550 -28495 2098
1411 245 7656 -241
1412 292 -822 -153
1413 222 36 -4
1414 223 23 -5
1415 218 38 -12
1416 212 38 -7
1417 211 37 -11
1418 208 48 -15
1419 213 54 -9
1420 217 46 -12
1421 214 42 -3
1422 228 31 -9
1423 216 24 -6
1424 218 24 -12
1425 218 26 -4
1426 218 39 -20
1427 212 39 -15
1428 210 51 -12
1429 217 47 -14
1430 212 43 -3
1431 223 45 -6
1432 210 29 -8
1433 216 25 -8
1434 216 25 -15
1435 209 34 -13
1436 215 42 -8
1437 205 36 -5
1438 218 49 -10
1439 216 50 -11
1440 215 35 -8
1441 219 33 -8
1442 214 29 -2
1443 216 28 -3
1444 217 32 -13
1445 208 33 -13
1446 212 42 -10
1447 212 48 -16
1448 218 47 -9
1449 220 42 -16
1450 219 29 -6
1451 220 26 -10
1452 213 29 -8
1453 212 34 -11
1454 212 34 -14
1455 217 40 -10
1456 211 48 -16
1457 216 49 -5
1458 216 48 -13
1459 212 38 -12
1460 216 31 -4
1461 211 32 -7
1462 218 29 -7
1463 213 32 -10
1464 218 29 -15
1465 216 42 -17
1466 216 46 -5
1467 214 53 -8
1468 219 41 -2
1469 222 37 0
1470 211 26 -10
1471 209 26 -7
1472 217 26 -6
1473 209 34 -10
1474 216 46 -13
1475 213 44 -11
1476 213 50 -9
1477 211 44 -10
1478 228 36 -5
1479 221 33 -18
1480 218 31 -8
1481 210 32 -13
1482 219 36 -6
1483 212 39 -8
1484 210 46 -12
1485 207 43 -15
1486 213 42 -12
1487 224 41 -8
1488 213 35 0
1489 213 34 -8
1490 210 21 -14
1491 211 29 -8
1492 207 37 -10
1493 208 34 -14
1494 213 51 -11
1495 213 45 -11
1496 219 45 -11
1497 219 36 -16
