1 170 171 36
2 170 168 34
3 179 177 24
4 179 171 23
5 177 174 25
6 185 185 30
7 174 168 44
8 173 176 42
9 173 182 42
10 166 178 37
11 172 174 31
12 180 176 26
13 183 182 29
14 175 181 31
15 177 182 30
16 172 178 34
17 168 184 43
18 168 181 36
19 174 180 38
20 172 171 33
21 176 170 29
22 180 175 30
23 177 174 33
24 177 175 33
25 176 181 37
26 167 178 39
27 168 176 43
28 169 173 40
29 171 175 41
30 178 180 29
31 169 172 28
32 174 175 30
33 171 184 30
34 177 178 33
35 169 179 40
36 161 182 50
37 168 172 33
38 178 175 33
39 177 168 30
40 179 175 27
41 178 175 26
42 180 179 31
43 178 186 38
44 173 176 42
45 173 181 37
46 165 173 42
47 170 179 34
48 174 168 35
49 168 172 24
50 178 177 30
51 173 175 34
52 183 174 31
53 177 178 37
54 172 182 41
55 169 181 35
56 173 176 37
57 173 177 36
58 176 176 25
59 178 167 32
60 179 184 29
61 181 165 34
62 179 176 38
63 170 175 40
64 171 170 46
65 171 180 35
66 165 175 32
67 178 171 24
68 174 174 29
69 179 178 26
70 183 179 26
71 178 181 40
72 171 182 44
73 173 177 45
74 172 182 38
75 171 177 30
76 165 177 32
77 170 176 29
78 176 175 26
79 182 174 29
80 178 180 37
81 174 177 44
82 173 183 39
83 168 176 35
84 175 171 37
85 175 180 30
86 178 168 27
87 178 172 28
88 178 180 31
89 177 186 36
90 180 170 45
91 168 177 43
92 171 173 40
93 168 173 48
94 171 174 30
95 182 178 32
96 181 178 27
97 184 180 25
98 176 176 32
99 169 179 31
100 181 180 38
101 169 180 43
102 172 178 37
103 167 178 33
104 175 175 30
105 177 175 26
106 184 177 32
107 180 182 29
108 170 173 32
109 172 181 40
110 174 181 42
111 169 177 36
112 171 174 35
113 172 174 33
114 176 176 31
115 180 171 31
116 178 174 27
117 174 181 35
118 177 175 41
119 170 181 48
120 177 177 35
121 168 168 41
122 175 170 36
123 175 177 28
124 181 175 28
125 183 178 34
126 176 176 41
127 172 173 35
128 164 170 42
129 168 177 47
130 173 174 40
131 172 177 35
132 174 179 27
133 178 177 25
134 184 180 30
135 179 178 30
136 172 178 37
137 167 181 44
138 168 178 44
139 171 177 36
140 169 172 36
141 172 177 32
142 174 177 31
143 188 183 28
144 175 180 29
145 171 176 31
146 168 178 39
147 169 178 41
148 166 179 42
149 172 171 35
150 169 180 35
151 177 165 29
152 181 171 32
153 174 184 31
154 176 180 40
155 172 177 39
156 164 175 48
157 165 174 36
158 171 177 36
159 179 173 31
160 173 181 27
161 177 177 31
162 176 177 29
163 178 172 37
164 173 172 40
165 166 182 44
166 165 174 40
167 166 168 37
168 169 174 28
169 171 175 27
170 177 175 24
171 180 174 37
172 177 176 36
173 164 174 39
174 166 183 36
175 165 177 36
176 174 180 32
177 173 177 31
178 174 168 28
179 177 182 25
180 184 173 30
181 177 177 35
182 174 179 33
183 175 180 38
184 162 175 41
185 165 177 40
186 172 176 29
187 174 172 30
188 168 173 31
189 164 177 29
190 175 177 30
191 167 175 35
192 170 169 38
193 172 178 8724
194 1143 85 8917
195 1138 79 8906
196 1146 77 8910
197 1143 78 8900
198 1152 89 8899
199 1153 85 8903
200 237 169 1062
201 293 167 1073
202 280 167 1066
203 274 163 1067
204 277 168 1065
205 293 161 821
206 177 173 42
207 182 168 38
208 -564 257 -6736
209 -567 246 -6725
210 -577 253 -6728
211 -574 258 -6722
212 -579 252 -6732
213 -573 249 -6736
214 -1481 327 -14613
215 -1431 324 -14617
216 -1434 329 -14609
217 -1432 332 -14603
218 -1437 339 -14603
219 -1435 328 -14598
220 -1600 354 -16716
221 -1667 352 -16705
222 -1664 350 -16713
223 -1664 353 -16717
224 -1657 359 -16720
225 -1664 359 -16713
226 -1663 354 -16709
227 -1671 355 -16704
228 -1671 356 -16701
229 -1678 352 -16710
230 -1668 352 -16712
231 -1663 358 -16714
232 -1661 347 -16718
233 -1668 351 -16712
234 -1659 348 -16708
235 -1659 357 -16708
236 -1676 347 -16703
237 -1667 354 -16701
238 -1668 351 -16712
239 -1667 352 -16717
240 -1666 352 -16717
241 -1655 357 -16708
242 -1657 355 -16721
243 -1663 356 -16713
244 -1672 355 -16706
245 -1674 354 -16702
246 -1673 351 -16699
247 -1664 354 -16722
248 -1655 348 -16714
249 -1657 350 -16717
250 -1657 349 -16707
251 -1663 359 -16705
252 -1675 344 -16699
253 -1672 351 -16698
254 -1672 352 -16716
255 -1670 352 -16707
256 -1665 353 -16720
257 -801 269 -8871
258 -806 261 -8868
259 -806 260 -8866
260 -818 269 -8861
261 -811 264 -8862
262 -823 267 -8870
263 -813 225 -1014
264 54 187 -1017
265 58 187 -1021
266 67 189 -1014
267 57 189 -1012
268 52 194 -1016
269 159 176 18
270 155 173 16
271 649 108 6800
272 904 101 6795
273 907 96 6792
274 909 101 6784
275 908 107 6796
276 909 111 6785
277 915 87 14666
278 1772 26 14682
279 1770 26 14672
280 1775 20 14676
281 1771 18 14671
282 1777 23 14662
283 1775 26 16341
284 2009 5 16774
285 2007 2 16773
286 1997 11 16763
287 2005 4 16788
288 2000 3 16782
289 2004 3 16779
290 1997 -1 16771
291 2012 1 16771
292 2006 -3 16762
293 2007 8 16771
294 2007 5 16769
295 1999 10 16776
296 1997 4 16785
297 1995 2 16777
298 2001 4 16772
299 1998 3 16770
300 2007 3 16763
301 2015 -1 16770
302 2006 11 16771
303 2004 3 16778
304 2007 0 16779
305 2004 -4 16782
306 1997 1 16783
307 1999 6 16774
308 2005 -3 16769
309 2005 3 16768
310 2010 6 16767
311 2010 -1 16774
312 2009 2 16776
313 1999 -1 16774
314 2006 1 16783
315 1997 8 16780
316 1997 2 16780
317 2001 1 16766
318 2004 -1 16763
319 2006 6 16768
320 2011 4 16767
321 2007 5 16777
322 2000 3 16775
323 1997 -3 16780
324 2002 5 16780
325 2002 8 16773
326 2006 3 16770
327 2007 1 16763
328 2008 14 16771
329 2005 0 16776
330 2003 13 16779
331 2003 3 16786
332 1991 10 16780
333 1998 -1 16784
334 2000 4 16778
335 2001 0 16768
336 2005 3 16769
337 2005 5 16773
338 2001 10 16779
339 1999 6 16783
340 2001 5 16785
341 1995 -1 16781
342 2003 6 16780
343 2004 2 16782
344 2002 3 16765
345 2007 5 16766
346 2011 8 16771
347 2008 6 16779
348 1999 1 16785
349 2002 4 16792
350 1995 -1 16790
351 1996 6 16779
352 2003 3 16777
353 2007 2 16776
354 2003 8 16769
355 2009 3 16775
356 2004 7 16777
357 2009 3 16782
358 1999 8 16783
359 1993 1 16784
360 2001 1 16779
361 2004 0 16778
362 2010 1 16765
363 2010 0 16772
364 2010 10 16780
365 2008 7 16779
366 2000 7 16784
367 1999 1 16785
368 1999 3 16775
369 1999 6 16773
370 2012 5 16766
371 2010 2 16767
372 2006 8 16770
373 2005 9 16783
374 2008 1 16781
375 2007 4 16788
376 2001 14 14686
377 1777 24 14679
378 1780 29 14687
379 1772 24 14677
380 1773 30 14670
381 1784 21 14682
382 1786 31 14686
383 1777 21 14690
384 1766 27 14692
385 1767 22 14689
386 1778 21 14685
387 1776 25 14682
388 1778 26 14679
389 1781 35 14674
390 1780 26 14689
391 1781 29 14696
392 1777 29 14686
393 1760 32 14687
394 1773 30 14689
395 1767 23 14686
396 1778 33 14682
397 1783 28 14677
398 1779 29 14677
399 1774 30 14683
400 1777 27 14686
401 1774 37 14697
402 1774 31 14695
403 1775 20 14685
404 1774 27 14683
405 1774 29 14681
406 1783 24 14682
407 1778 29 12646
408 1551 55 12611
409 1540 51 12619
410 1546 56 12618
411 1544 50 12619
412 1546 47 12611
413 1551 45 12612
414 1557 51 12606
415 1562 49 12608
416 1554 50 12613
417 1551 55 12624
418 1550 57 12620
419 1549 52 12626
420 1547 45 12620
421 1546 46 12607
422 1548 46 12604
423 1555 49 12608
424 1558 48 12607
425 1553 59 12617
426 1543 54 12623
427 1545 50 12624
428 1540 53 12620
429 1545 51 12617
430 1550 52 12614
431 1553 47 12610
432 1557 51 12609
433 1553 46 12610
434 1549 50 12617
435 1551 43 12622
436 1541 48 12627
437 1550 50 12613
438 1542 50 10529
439 1321 68 10512
440 1326 69 10509
441 1326 73 10513
442 1324 68 10516
443 1323 79 10519
444 1316 78 10527
445 1314 73 10521
446 1311 75 10524
447 1319 69 10517
448 1328 70 10516
449 1326 68 10514
450 1328 76 10517
451 1321 74 10512
452 1321 72 10523
453 1318 76 10523
454 1319 68 10528
455 1322 72 10519
456 1316 67 10515
457 1324 67 10509
458 1329 72 10510
459 1321 73 10514
460 1321 74 10517
461 1314 73 10528
462 1322 66 10525
463 1322 72 10526
464 1312 73 10517
465 1317 76 10513
466 1323 70 10506
467 1330 67 10515
468 1325 74 10517
469 1323 70 8569
470 1088 89 8428
471 1088 92 8425
472 1084 91 8421
473 1089 89 8419
474 1095 96 8416
475 1099 88 8415
476 1094 93 8413
477 1099 92 8427
478 1096 94 8429
479 1084 98 8430
480 1087 94 8431
481 1084 93 8419
482 1085 89 8419
483 1090 88 8413
484 1094 93 8411
485 1100 93 8416
486 1099 94 8413
487 1094 93 8428
488 1081 90 8431
489 1083 89 8427
490 1090 93 8423
491 1090 88 8412
492 1099 96 8408
493 1098 92 8409
494 1096 91 8421
495 1097 85 8423
496 1085 99 8428
497 1086 101 8428
498 1089 90 8430
499 1079 101 8417
500 1091 93 7322
501 864 110 6305
502 865 112 6313
503 873 121 6314
504 861 117 6319
505 856 119 6318
506 854 111 6324
507 851 117 6326
508 858 116 6322
509 862 108 6304
510 869 112 6312
511 872 116 6320
512 865 114 6311
513 860 117 6324
514 858 122 6328
515 859 122 6320
516 852 115 6316
517 863 110 6322
518 867 116 6312
519 866 115 6314
520 868 112 6314
521 867 121 6318
522 861 117 6323
523 859 111 6323
524 860 108 6327
525 850 109 6325
526 855 115 6320
527 863 110 6312
528 862 119 6309
529 865 119 6317
530 865 117 6323
531 860 112 4294
532 635 136 4234
533 621 137 4229
534 626 138 4222
535 630 135 4217
536 631 138 4220
537 638 131 4219
538 645 136 4220
539 632 135 4224
540 632 138 4225
541 630 132 4229
542 631 142 4233
543 631 134 4224
544 634 133 4221
545 638 133 4216
546 644 131 4217
547 630 141 4224
548 638 139 4218
549 631 137 4227
550 628 129 4229
551 624 128 4234
552 623 144 4223
553 633 133 4218
554 636 137 4216
555 639 141 4211
556 642 140 4219
557 628 137 4226
558 632 138 4231
559 632 144 4230
560 623 143 4226
561 626 135 4221
562 632 141 4167
563 405 161 2113
564 410 158 2116
565 407 168 2117
566 403 159 2126
567 394 163 2122
568 403 158 2128
569 399 159 2124
570 404 155 2122
571 404 155 2118
572 412 158 2111
573 411 161 2117
574 406 159 2121
575 402 155 2123
576 397 154 2130
577 402 164 2128
578 396 154 2117
579 401 157 2115
580 403 161 2111
581 406 159 2114
582 409 169 2117
583 404 161 2123
584 405 159 2124
585 395 165 2133
586 404 162 2126
587 399 157 2126
588 399 158 2122
589 405 162 2119
590 407 153 2114
591 413 160 2116
592 407 161 2125
593 402 157 2061
594 335 159 1104
595 168 181 56
596 173 182 47
597 184 177 50
598 180 173 50
599 182 181 46
600 184 182 55
601 173 187 56
602 176 176 57
603 175 179 60
604 169 181 64
605 174 173 53
606 174 177 51
607 180 177 46
608 183 174 46
609 185 186 50
610 179 180 51
611 175 178 53
612 178 182 56
613 173 174 61
614 173 189 57
615 173 172 51
616 182 172 44
617 181 181 50
618 181 174 42
619 179 184 54
620 171 173 58
621 178 184 59
622 168 180 63
623 176 182 59
624 180 177 48
625 182 180 47
626 179 182 50
627 180 179 -942
628 -46 207 -2021
629 -48 210 -2019
630 -53 205 -2010
631 -54 195 -2008
632 -48 196 -2022
633 -51 213 -2020
634 -56 202 -2029
635 -46 200 -2027
636 -42 202 -2024
637 -46 197 -2026
638 -47 195 -2017
639 -61 209 -2012
640 -54 200 -2015
641 -47 195 -2019
642 -48 200 -2031
643 -47 206 -2026
644 -46 200 -2032
645 -38 204 -2022
646 -42 201 -2019
647 -48 204 -2014
648 -51 201 -2017
649 -55 198 -2013
650 -53 197 -2018
651 -48 209 -2021
652 -49 198 -2027
653 -42 198 -2028
654 -38 206 -2019
655 -49 203 -2017
656 -51 201 -2020
657 -55 207 -2014
658 -195 215 -4116
659 -284 221 -4126
660 -275 222 -4124
661 -272 224 -4134
662 -274 219 -4133
663 -271 221 -4129
664 -277 228 -4120
665 -277 224 -4121
666 -278 218 -4115
667 -283 221 -4125
668 -282 214 -4122
669 -280 219 -4131
670 -274 216 -4130
671 -274 229 -4130
672 -278 219 -4119
673 -274 221 -4119
674 -284 222 -4116
675 -287 224 -4114
676 -291 221 -4117
677 -288 221 -4122
678 -275 223 -4129
679 -276 212 -4134
680 -274 227 -4123
681 -272 234 -4121
682 -277 227 -4116
683 -281 219 -4121
684 -281 228 -4114
685 -286 228 -4123
686 -291 220 -4127
687 -277 223 -4136
688 -276 225 -4128
689 -280 238 -6222
690 -509 246 -6219
691 -515 250 -6213
692 -511 247 -6213
693 -510 242 -6218
694 -515 242 -6224
695 -502 242 -6229
696 -508 244 -6232
697 -499 242 -6226
698 -494 246 -6227
699 -507 245 -6221
700 -510 238 -6219
701 -522 247 -6221
702 -511 242 -6221
703 -508 251 -6223
704 -502 240 -6228
705 -509 240 -6234
706 -502 247 -6228
707 -511 242 -6228
708 -513 239 -6220
709 -512 247 -6211
710 -517 240 -6217
711 -516 238 -6220
712 -511 240 -6224
713 -503 238 -6231
714 -508 245 -6232
715 -508 243 -6224
716 -506 248 -6220
717 -509 254 -6217
718 -512 244 -6216
719 -520 244 -6220
720 -518 240 -8308
721 -740 262 -8335
722 -737 265 -8331
723 -730 266 -8329
724 -742 268 -8322
725 -736 270 -8330
726 -736 262 -8316
727 -744 260 -8315
728 -743 262 -8329
729 -740 263 -8322
730 -740 265 -8330
731 -733 268 -8329
732 -726 266 -8335
733 -734 270 -8334
734 -740 275 -8324
735 -744 265 -8326
736 -748 263 -8331
737 -739 267 -8327
738 -741 272 -8336
739 -735 268 -8331
740 -730 264 -8336
741 -730 268 -8332
742 -732 259 -8329
743 -743 276 -8324
744 -740 267 -8324
745 -744 266 -8322
746 -745 264 -8330
747 -738 267 -8333
748 -732 268 -8334
749 -725 259 -8334
750 -732 265 -8329
751 -867 290 -10429
752 -974 285 -10421
753 -971 289 -10421
754 -970 291 -10428
755 -969 289 -10440
756 -969 282 -10434
757 -965 294 -10432
758 -959 282 -10424
759 -960 287 -10429
760 -963 294 -10424
761 -974 286 -10427
762 -973 293 -10420
763 -973 287 -10432
764 -962 279 -10430
765 -954 282 -10438
766 -962 283 -10439
767 -957 281 -10431
768 -962 289 -10427
769 -963 293 -10425
770 -973 290 -10424
771 -976 290 -10422
772 -971 287 -10430
773 -965 288 -10439
774 -959 288 -10445
775 -959 289 -10431
776 -962 289 -10432
777 -965 286 -10425
778 -964 286 -10421
779 -969 288 -10419
780 -963 287 -10425
781 -970 285 -10436
782 -962 292 -12543
783 -1188 312 -12545
784 -1188 311 -12536
785 -1197 312 -12534
786 -1201 304 -12526
787 -1201 309 -12529
788 -1197 306 -12531
789 -1196 306 -12529
790 -1189 306 -12537
791 -1188 309 -12533
792 -1187 310 -12539
793 -1193 310 -12531
794 -1200 310 -12530
795 -1200 308 -12527
796 -1198 306 -12533
797 -1201 306 -12533
798 -1193 309 -12531
799 -1198 308 -12537
800 -1198 316 -12545
801 -1198 308 -12541
802 -1195 307 -12530
803 -1203 310 -12530
804 -1205 308 -12531
805 -1209 303 -12531
806 -1198 308 -12537
807 -1193 304 -12539
808 -1205 302 -12542
809 -1201 305 -12534
810 -1194 309 -12528
811 -1195 315 -12524
812 -1203 314 -12527
813 -1201 312 -14592
814 -1430 333 -14607
815 -1430 325 -14600
816 -1424 323 -14609
817 -1418 336 -14617
818 -1426 325 -14612
819 -1427 331 -14608
820 -1429 322 -14605
821 -1427 336 -14605
822 -1432 330 -14608
823 -1424 322 -14603
824 -1420 319 -14611
825 -1419 330 -14612
826 -1420 332 -14609
827 -1425 335 -14607
828 -1423 330 -14598
829 -1439 335 -14593
830 -1439 330 -14607
831 -1422 325 -14606
832 -1431 326 -14609
833 -1411 320 -14615
834 -1423 327 -14608
835 -1424 325 -14603
836 -1424 326 -14601
837 -1433 329 -14601
838 -1430 329 -14604
839 -1424 337 -14601
840 -1426 328 -14609
841 -1419 331 -14617
842 -1418 332 -14613
843 -1422 329 -14613
844 -1423 330 -16673
845 -1652 347 -16698
846 -1663 350 -16704
847 -1659 343 -16713
848 -1659 347 -16716
849 -1649 345 -16714
850 -1649 350 -16717
851 -1648 349 -16719
852 -1655 355 -16709
853 -1657 352 -16709
854 -1657 348 -16710
855 -1656 355 -16711
856 -1654 344 -16711
857 -1642 345 -16714
858 -1651 349 -16724
859 -1661 350 -16710
860 -1651 352 -16723
861 -1655 349 -16706
862 -1665 350 -16706
863 -1661 353 -16708
864 -1655 344 -16709
865 -1656 349 -16721
866 -1647 349 -16715
867 -1648 346 -16720
868 -1643 353 -16716
869 -1648 349 -16711
870 -1653 361 -16705
871 -1659 352 -16699
872 -1651 343 -16711
873 -1653 346 -16721
874 -1654 351 -16715
875 -1648 349 -16722
876 -1653 346 -16701
877 -1649 356 -16710
878 -1648 356 -16705
879 -1659 355 -16706
880 -1660 346 -16709
881 -1656 349 -16714
882 -1653 351 -16714
883 -1646 352 -16717
884 -1650 350 -16713
885 -1651 351 -16715
886 -1656 352 -16714
887 -1652 349 -16708
888 -1660 346 -16706
889 -1657 345 -16713
890 -1652 348 -16716
891 -1648 348 -16721
892 -1644 344 -16712
893 -1654 354 -16705
894 -1648 346 -16709
895 -1654 351 -16712
896 -1659 351 -16704
897 -1651 351 -16712
898 -1656 347 -16720
899 -1650 351 -16720
900 -1649 348 -16712
901 -1645 351 -16711
902 -1660 358 -16711
903 -1653 345 -16705
904 -1663 352 -16704
905 -1662 345 -16716
906 -1656 348 -16711
907 -1428 323 -14621
908 -1428 325 -14626
909 -1426 329 -14619
910 -1419 329 -14614
911 -1429 329 -14612
912 -1427 326 -14612
913 -1433 326 -14610
914 -1431 320 -14622
915 -1432 333 -14624
916 -1429 330 -14623
917 -1419 334 -14631
918 -1426 331 -14612
919 -1427 332 -14612
920 -1429 323 -14615
921 -1432 327 -14620
922 -1436 322 -14619
923 -1430 329 -14620
924 -1429 315 -14621
925 -1416 323 -14629
926 -1422 333 -14620
927 -1424 330 -14617
928 -1428 338 -14615
929 -1430 326 -14604
930 -1428 325 -14616
931 -1438 328 -14622
932 -1420 326 -14627
933 -1424 325 -14627
934 -1422 326 -14621
935 -1422 329 -14614
936 -1425 332 -14610
937 -1431 326 -12691
938 -1204 301 -12548
939 -1204 311 -12545
940 -1205 303 -12555
941 -1200 305 -12555
942 -1194 301 -12564
943 -1200 313 -12554
944 -1209 304 -12545
945 -1211 309 -12543
946 -1213 312 -12545
947 -1201 302 -12552
948 -1203 307 -12553
949 -1204 303 -12559
950 -1198 304 -12553
951 -1200 308 -12552
952 -1201 307 -12552
953 -1211 305 -12543
954 -1208 304 -12546
955 -1213 302 -12544
956 -1211 293 -12555
957 -1200 308 -12555
958 -1201 305 -12553
959 -1201 307 -12554
960 -1193 307 -12555
961 -1203 306 -12546
962 -1210 306 -12547
963 -1201 308 -12539
964 -1210 304 -12545
965 -1213 307 -12551
966 -1207 310 -12559
967 -1197 302 -12558
968 -1200 310 -10872
969 -976 287 -10457
970 -973 283 -10448
971 -983 282 -10443
972 -983 280 -10449
973 -978 289 -10452
974 -969 280 -10457
975 -973 283 -10459
976 -968 279 -10455
977 -966 287 -10457
978 -980 283 -10456
979 -978 281 -10444
980 -988 278 -10445
981 -981 280 -10448
982 -974 281 -10450
983 -976 285 -10462
984 -969 288 -10462
985 -970 289 -10457
986 -966 286 -10447
987 -972 295 -10453
988 -974 281 -10441
989 -981 285 -10448
990 -974 279 -10456
991 -973 284 -10460
992 -965 284 -10459
993 -971 282 -10462
994 -964 283 -10448
995 -978 277 -10447
996 -981 288 -10452
997 -982 285 -10444
998 -977 283 -10452
999 -975 279 -9652
1000 -747 262 -8364
1001 -744 264 -8357
1002 -740 263 -8362
1003 -744 256 -8356
1004 -750 272 -8358
1005 -754 269 -8352
1006 -750 265 -8356
1007 -754 262 -8350
1008 -746 256 -8359
1009 -742 266 -8363
1010 -741 259 -8365
1011 -738 270 -8361
1012 -737 263 -8351
1013 -752 266 -8344
1014 -755 255 -8348
1015 -749 261 -8352
1016 -755 258 -8352
1017 -749 263 -8361
1018 -742 267 -8364
1019 -739 262 -8368
1020 -740 272 -8359
1021 -744 264 -8357
1022 -749 268 -8350
1023 -751 268 -8346
1024 -760 263 -8348
1025 -757 266 -8356
1026 -742 261 -8361
1027 -737 270 -8370
1028 -739 267 -8369
1029 -744 263 -8356
1030 -744 263 -8355
1031 -523 238 -6251
1032 -521 244 -6246
1033 -519 241 -6264
1034 -527 239 -6260
1035 -511 241 -6267
1036 -515 242 -6257
1037 -510 239 -6256
1038 -511 245 -6259
1039 -520 241 -6255
1040 -523 250 -6247
1041 -520 240 -6250
1042 -526 245 -6259
1043 -522 234 -6256
1044 -515 241 -6266
1045 -503 238 -6263
1046 -510 243 -6265
1047 -518 247 -6251
1048 -520 242 -6251
1049 -520 243 -6250
1050 -528 238 -6252
1051 -517 242 -6248
1052 -521 241 -6258
1053 -507 240 -6260
1054 -513 240 -6263
1055 -514 246 -6254
1056 -518 244 -6251
1057 -530 239 -6245
1058 -525 234 -6249
1059 -519 239 -6255
1060 -518 241 -6258
1061 -521 238 -6263
1062 -286 219 -4167
1063 -281 221 -4156
1064 -285 219 -4157
1065 -293 221 -4158
1066 -298 222 -4158
1067 -291 221 -4148
1068 -294 215 -4157
1069 -287 219 -4155
1070 -291 218 -4162
1071 -283 215 -4166
1072 -287 217 -4158
1073 -289 229 -4152
1074 -292 227 -4156
1075 -296 226 -4149
1076 -288 216 -4156
1077 -297 222 -4158
1078 -292 214 -4164
1079 -284 219 -4161
1080 -289 221 -4165
1081 -279 222 -4157
1082 -281 217 -4159
1083 -291 226 -4155
1084 -299 220 -4152
1085 -297 223 -4151
1086 -294 222 -4156
1087 -297 211 -4164
1088 -285 215 -4164
1089 -294 223 -4161
1090 -283 222 -4161
1091 -294 223 -4153
1092 -291 225 -4151
1093 -49 195 -2055
1094 -63 198 -2061
1095 -73 201 -2059
1096 -57 200 -2069
1097 -55 200 -2069
1098 -53 200 -2055
1099 -51 201 -2058
1100 -62 198 -2054
1101 -62 197 -2044
1102 -71 202 -2049
1103 -62 195 -2060
1104 -56 198 -2059
1105 -57 199 -2062
1106 -54 201 -2063
1107 -52 201 -2065
1108 -53 201 -2055
1109 -57 201 -2050
1110 -62 200 -2051
1111 -68 197 -2056
1112 -60 197 -2061
1113 -49 200 -2067
1114 -50 199 -2063
1115 -55 200 -2067
1116 -58 199 -2062
1117 -60 196 -2063
1118 -52 205 -2048
1119 -74 197 -2048
1120 -59 196 -2053
1121 -66 204 -2058
1122 -53 196 -2061
1123 -70 197 -2065
1124 175 181 7
1125 173 173 11
1126 165 177 19
1127 163 177 22
1128 158 184 28
1129 163 185 22
1130 153 177 15
1131 171 171 20
1132 172 175 8
1133 174 176 10
1134 173 177 6
1135 163 178 19
1136 165 180 17
1137 166 177 23
1138 158 176 25
1139 160 178 18
1140 161 175 18
1141 173 177 10
1142 172 175 9
1143 173 173 9
1144 174 178 20
1145 168 182 25
1146 172 182 22
1147 160 186 17
1148 162 180 16
1149 165 176 17
1150 169 175 14
1151 176 178 6
1152 184 182 10
1153 168 181 18
1154 172 182 20
1155 159 179 23
1156 161 171 19
1157 165 184 1122
1158 387 148 2085
1159 390 155 2080
1160 400 163 2075
1161 399 158 2079
1162 395 166 2079
1163 389 163 2081
1164 386 160 2088
1165 379 161 2088
1166 384 154 2084
1167 386 150 2085
1168 391 154 2077
1169 394 153 2076
1170 399 162 2077
1171 393 158 2089
1172 391 154 2093
1173 393 162 2090
1174 374 160 2091
1175 395 156 2087
1176 387 155 2087
1177 390 153 2081
1178 398 160 2075
1179 393 160 2080
1180 392 159 2085
1181 396 156 2095
1182 385 152 2094
1183 379 154 2092
1184 387 161 2084
1185 386 160 2090
1186 400 161 2083
1187 400 155 2074
1188 393 145 4186
1189 619 141 4189
1190 619 132 4190
1191 615 145 4196
1192 619 139 4192
1193 627 136 4180
1194 618 142 4183
1195 628 139 4176
1196 626 128 4186
1197 626 133 4186
1198 616 139 4188
1199 622 140 4192
1200 613 136 4192
1201 613 133 4190
1202 619 142 4180
1203 621 134 4188
1204 619 137 4182
1205 619 137 4179
1206 625 143 4183
1207 615 142 4188
1208 621 135 4192
1209 613 140 4191
1210 609 138 4189
1211 614 134 4187
1212 621 139 4184
1213 619 135 4176
1214 621 141 4179
1215 624 137 4185
1216 623 134 4185
1217 619 144 4190
1218 604 144 4192
1219 614 139 4191
1220 844 115 6287
1221 849 111 6282
1222 855 113 6286
1223 852 117 6287
1224 846 117 6281
1225 853 124 6292
1226 841 112 6294
1227 845 125 6294
1228 840 114 6288
1229 852 114 6285
1230 860 110 6275
1231 855 114 6280
1232 858 113 6283
1233 849 117 6284
1234 848 115 6295
1235 844 116 6302
1236 844 121 6296
1237 841 110 6293
1238 850 117 6285
1239 852 112 6286
1240 854 119 6280
1241 854 118 6283
1242 850 117 6292
1243 844 119 6294
1244 845 116 6292
1245 842 112 6286
1246 842 115 6280
1247 844 114 6286
1248 852 118 6274
1249 857 115 6279
1250 853 119 6286
1251 1080 100 8386
1252 1080 95 8397
1253 1070 90 8401
1254 1071 101 8389
1255 1078 93 8386
1256 1081 99 8384
1257 1078 96 8384
1258 1086 99 8387
1259 1082 99 8384
1260 1083 96 8395
1261 1071 104 8407
1262 1077 98 8399
1263 1073 101 8391
1264 1081 95 8389
1265 1079 93 8381
1266 1086 98 8385
1267 1081 98 8385
1268 1080 96 8396
1269 1077 91 8400
1270 1080 96 8400
1271 1078 92 8392
1272 1071 91 8389
1273 1075 95 8390
1274 1084 98 8381
1275 1082 94 8382
1276 1089 97 8385
1277 1082 98 8392
1278 1078 98 8391
1279 1073 94 8397
1280 1073 97 8395
1281 1070 93 8393
1282 1310 73 10493
1283 1315 78 10484
1284 1312 73 10489
1285 1310 77 10491
1286 1311 75 10501
1287 1303 74 10503
1288 1302 84 10503
1289 1303 76 10500
1290 1301 69 10487
1291 1311 74 10482
1292 1306 71 10490
1293 1306 74 10489
1294 1314 77 10488
1295 1300 76 10499
1296 1300 79 10498
1297 1297 77 10496
1298 1302 79 10490
1299 1308 67 10489
1300 1310 75 10483
1301 1320 78 10489
1302 1308 79 10492
1303 1312 74 10498
1304 1305 72 10494
1305 1294 79 10497
1306 1300 68 10495
1307 1309 73 10491
1308 1305 67 10489
1309 1318 72 10480
1310 1312 80 10489
1311 1309 73 10491
1312 1303 79 10495
1313 1539 55 12605
1314 1538 57 12601
1315 1534 50 12598
1316 1533 56 12590
1317 1540 52 12586
1318 1541 51 12578
1319 1541 55 12594
1320 1538 59 12598
1321 1539 55 12606
1322 1531 48 12602
1323 1527 52 12598
1324 1527 50 12595
1325 1541 54 12591
1326 1540 52 12587
1327 1539 57 12593
1328 1542 51 12594
1329 1544 55 12598
1330 1531 56 12598
1331 1533 56 12604
1332 1529 48 12602
1333 1532 50 12594
1334 1542 50 12592
1335 1548 57 12585
1336 1541 54 12585
1337 1540 56 12602
1338 1533 53 12604
1339 1532 55 12599
1340 1532 54 12594
1341 1532 57 12596
1342 1535 48 12592
1343 1546 53 12584
1344 1782 35 14666
1345 1769 43 14674
1346 1766 33 14670
1347 1766 38 14678
1348 1759 29 14681
1349 1762 28 14674
1350 1761 34 14675
1351 1768 26 14667
1352 1769 36 14661
1353 1770 37 14666
1354 1767 44 14679
1355 1763 28 14683
1356 1760 30 14677
1357 1762 29 14680
1358 1765 32 14676
1359 1771 40 14668
1360 1768 30 14670
1361 1770 29 14666
1362 1767 33 14665
1363 1766 33 14678
1364 1766 37 14681
1365 1757 31 14675
1366 1759 30 14675
1367 1756 28 14669
1368 1769 33 14664
1369 1771 42 14663
1370 1771 33 14663
1371 1765 29 14671
1372 1765 35 14678
1373 1755 30 14678
1374 1760 41 14679
1375 1762 29 16546
1376 1993 12 16769
1377 1991 16 16764
1378 1997 12 16778
1379 1995 18 16774
1380 1995 9 16776
1381 1990 14 16790
1382 1989 10 16786
1383 1988 13 16782
1384 1989 9 16778
1385 1998 9 16771
1386 2005 13 16764
1387 2002 11 16766
1388 1991 18 16777
1389 1999 21 16776
1390 1990 12 16787
1391 1972 13 16774
1392 1989 12 16777
1393 1993 8 16782
1394 1994 14 16768
1395 1993 9 16772
1396 2001 5 16781
1397 1995 9 16774
1398 1990 14 16776
1399 1988 18 16785
1400 1988 15 16778
1401 1991 10 16777
1402 1993 11 16768
1403 2004 12 16765
1404 2007 14 16768
1405 2005 8 16776
1406 2001 17 16776
1407 1991 14 16786
1408 1982 19 16789
1409 1985 17 16783
1410 1989 12 16773
1411 1997 9 16760
1412 1994 15 16761
1413 2002 13 16774
1414 1990 15 16773
1415 1992 18 16780
1416 1994 13 16782
1417 1990 16 16784
1418 1981 16 16776
1419 1989 9 16777
1420 1998 10 16768
1421 2003 9 16763
1422 2003 13 16768
1423 1997 13 16769
1424 1991 16 16776
1425 1984 11 16781
1426 1994 19 16774
1427 1991 9 16771
1428 1995 11 16769
1429 1994 18 16768
1430 2005 11 16778
1431 2000 15 16775
1432 1988 13 16774
1433 1989 11 16791
1434 1989 10 16784
1435 1988 11 16782
1436 1992 3 16777
1437 1995 11 16770
1438 2000 18 16771
1439 1993 8 16772
1440 1996 20 16771
1441 177 184 -3546
1442 488 126 976
1443 131 177 42
1444 166 186 35
1445 172 180 34
1446 175 183 30
1447 175 174 27
1448 177 180 36
1449 178 182 38
1450 174 184 44
1451 167 177 44
1452 174 180 39
1453 175 182 39
1454 180 178 36
1455 173 174 35
1456 177 185 28
1457 174 176 32
1458 177 186 41
1459 164 182 34
1460 163 179 40
1461 168 174 42
1462 169 179 42
1463 172 181 33
1464 178 183 35
1465 177 179 28
1466 172 183 31
1467 177 188 34
1468 172 177 35
1469 169 183 37
1470 157 183 36
1471 170 180 39
1472 170 179 39
1473 178 174 26
1474 178 179 23
1475 182 182 33
1476 174 183 35
1477 175 183 36
1478 169 184 41
1479 161 186 38
1480 174 185 40
1481 168 180 25
1482 175 189 28
1483 176 183 36
1484 179 190 32
1485 184 186 34
1486 181 185 42
1487 170 186 40
1488 160 188 43
1489 169 181 42
1490 162 174 43
1491 166 178 29
1492 173 179 23
1493 183 184 31
1494 180 182 31
1495 176 180 36
1496 169 185 42
1497 168 183 39
1498 176 186 46
1499 171 177 38
1500 171 176 35
1501 179 182 25
1502 172 178 27
1503 176 179 36
1504 183 181 39
1505 167 181 40
1506 169 185 45
1507 170 177 39
1508 169 181 35
1509 171 184 32
1510 179 184 31
1511 186 181 26
1512 183 182 30
1513 174 180 40
1514 174 180 39
1515 168 181 45
1516 170 183 38
1517 173 180 34
1518 166 174 38
1519 181 177 25
1520 181 178 23
1521 171 182 36
1522 178 178 39
1523 170 188 40
1524 174 179 45
1525 164 180 45
1526 165 174 37
1527 174 183 32
1528 174 182 31
1529 175 178 23
1530 179 184 24
1531 181 185 37
1532 167 178 36
1533 171 183 43
1534 162 187 47
1535 167 179 29
1536 171 185 29
1537 177 183 26
1538 172 189 30
1539 178 186 35
1540 176 177 35
1541 173 182 43
1542 169 184 41
1543 169 183 38
1544 171 182 35
1545 170 178 35
1546 175 181 33
1547 171 180 30
1548 176 180 30
1549 180 184 39
1550 176 186 39
1551 173 188 39
1552 165 183 42
1553 170 181 35
1554 174 182 34
1555 174 182 30
1556 180 173 20
1557 175 182 25
1558 179 179 34
1559 173 188 34
1560 177 189 43
1561 171 185 44
1562 167 186 39
1563 168 183 34
1564 163 172 32
1565 174 184 26
1566 174 179 27
1567 185 183 38
1568 168 185 38
1569 170 185 44
1570 172 183 43
1571 170 181 42
1572 165 182 31
1573 169 186 31
1574 175 184 31
1575 179 181 31
1576 180 181 29
1577 171 176 37
1578 176 188 39
1579 168 183 42
1580 169 184 39
1581 168 182 38
1582 179 173 26
1583 177 170 24
1584 181 176 32
1585 175 184 32
1586 174 183 37
1587 176 181 38
1588 168 173 48
1589 169 178 39
1590 168 176 34
1591 172 183 32
1592 177 177 26
1593 178 177 29
1594 179 182 31
1595 178 181 37
1596 176 182 33
1597 160 183 39
1598 162 178 41
1599 172 180 35
1600 167 177 32
1601 177 186 30
1602 174 188 27
1603 178 176 29
1604 180 185 33
1605 173 185 33
1606 168 185 45
1607 164 180 40
1608 169 181 39
1609 164 180 37
1610 178 182 32
1611 172 182 27
1612 185 184 27
1613 180 185 36
1614 173 185 37
1615 173 186 39
1616 165 187 44
1617 160 181 39
1618 162 175 32
1619 173 177 31
1620 182 180 33
1621 177 184 33
1622 171 182 36
1623 173 182 41
1624 172 182 38
1625 168 177 37
1626 168 190 42
1627 166 171 33
1628 169 184 24
1629 173 186 25
1630 171 180 29
1631 171 180 32
1632 179 182 30
1633 171 187 35
1634 168 179 43
1635 166 190 42
1636 172 184 38
1637 175 181 33
1638 176 181 25
1639 180 180 31
1640 179 179 36
1641 179 185 34
1642 172 190 40
1643 162 180 45
1644 170 179 38
1645 164 175 38
1646 182 181 35
1647 178 177 29
1648 178 179 28
1649 183 178 26
1650 173 184 37
1651 174 186 40
1652 172 172 41
1653 162 187 48
1654 166 179 38
1655 174 176 35
1656 174 177 36
1657 175 178 27
1658 178 178 32
1659 175 184 36
1660 166 175 39
1661 170 186 38
1662 164 179 41
1663 166 183 37
1664 166 177 32
1665 176 183 32
1666 175 179 28
1667 174 185 23
1668 173 179 32
1669 173 181 36
1670 171 182 39
1671 167 184 39
1672 167 183 31
1673 175 182 34
1674 173 179 30
1675 175 175 29
1676 177 189 29
1677 179 181 31
1678 176 183 34
1679 175 181 38
1680 167 176 39
1681 173 188 40
1682 168 175 43
1683 176 183 30
1684 173 183 22
1685 180 180 31
1686 179 173 34
1687 172 188 37
1688 168 181 39
1689 165 187 44
1690 175 178 40
1691 170 182 35
1692 175 171 32
1693 174 176 26
1694 181 180 29
1695 182 188 31
1696 179 180 39
1697 179 185 40
1698 171 187 40
1699 169 185 38
