1 86 -229 -4
2 92 -214 -5
3 105 -217 -3
4 100 -225 -3
5 102 -230 -1
6 97 -222 -9
7 91 -223 -12
8 78 -218 -6
9 91 -227 -14
10 88 -224 -8
11 88 -222 -3
12 100 -223 -4
13 107 -222 -8
14 105 -219 -3
15 100 -223 -12
16 94 -228 -6
17 89 -232 -12
18 82 -227 -12
19 90 -226 -13
20 89 -223 -9
21 97 -227 -3
22 107 -220 5
23 107 -227 -1
24 104 -227 -11
25 101 -227 -10
26 93 -233 -8
27 87 -222 -8
28 83 -233 -8
29 88 -225 -7
30 98 -224 -3
31 94 -222 0
32 103 -221 -9
33 98 -228 -11
34 100 -229 -16
35 92 -226 -9
36 88 -225 -9
37 88 -229 -8
38 90 -227 -13
39 96 -228 -8
40 109 -222 -6
41 106 -223 -3
42 107 -218 -7
43 97 -238 -13
44 106 -229 -11
45 87 -228 -9
46 80 -230 -8
47 87 -231 -12
48 96 -225 -6
49 94 -230 -2
50 101 -224 -2
51 106 -221 -4
52 103 -229 -6
53 99 -223 -8
54 88 -231 -14
55 82 -229 -14
56 88 -235 -11
57 95 -233 -12
58 91 -225 -6
59 99 -224 -9
60 104 -223 -5
61 101 -227 -3
62 100 -228 -7
63 94 -239 -10
64 82 -225 -15
65 88 -233 -12
66 86 -235 -6
67 96 -231 -4
68 102 -231 -8
69 104 -233 -11
70 106 -228 -10
71 106 -225 -10
72 93 -229 -9
73 87 -231 -12
74 86 -225 -14
75 91 -226 -9
76 90 -238 -11
77 101 -229 -4
78 102 -229 -3
79 109 -228 -4
80 101 -223 -4
81 91 -226 -11
82 93 -228 -13
83 84 -232 -10
84 80 -230 -17
85 99 -221 -8
86 96 -231 -8
87 97 -226 -4
88 105 -223 -10
89 104 -227 -11
90 99 -227 -5
91 87 -234 -10
92 87 -232 -13
93 89 -229 -10
94 88 -227 -13
95 98 -223 -9
96 98 -226 -12
97 108 -227 -16
98 115 -226 1
99 107 -232 -14
100 96 -228 -20
101 90 -239 -17
102 91 -236 -16
103 85 -231 -9
104 92 -225 -15
105 95 -226 -6
106 107 -229 -6
107 102 -223 -9
108 112 -233 -8
109 101 -234 -19
110 91 -227 -17
111 85 -232 -16
112 85 -224 -9
113 96 -231 -15
114 91 -229 -4
115 105 -222 -3
116 111 -235 -6
117 108 -229 -2
118 104 -223 -8
119 87 -227 -12
120 86 -227 -17
121 82 -229 -9
122 87 -226 -13
123 92 -220 -10
124 94 -220 -9
125 103 -227 -2
126 109 -225 -7
127 96 -226 -6
128 94 -237 -16
129 86 -234 -8
130 91 -237 -13
131 85 -234 -15
132 84 -236 -11
133 91 -223 -10
134 105 -225 -2
135 104 -224 -6
136 104 -223 -6
137 103 -225 -8
138 88 -228 -9
139 85 -225 -18
140 78 -228 -22
141 90 -230 -16
142 88 -234 -9
143 101 -220 -5
144 106 -230 -3
145 105 -230 -13
146 101 -231 -13
147 95 -224 -8
148 88 -230 -9
149 83 -234 -15
150 88 -235 -10
151 95 -224 -9
152 97 -232 -2
153 106 -227 -4
154 108 -222 -9
155 94 -233 -6
156 96 -224 -10
157 -12622 -261 -244
158 -12651 -257 -250
159 -12642 -256 -254
160 -12638 -254 -248
161 -12631 -255 -241
162 -12620 -255 -242
163 -12622 -255 -182
164 -1386 -233 -36
165 -1383 -243 -39
166 -1388 -241 -41
167 -1390 -239 -44
168 -1387 -236 -45
169 -766 -235 -11
170 80 -228 -4
171 89 -245 167
172 9848 -259 174
173 9847 -258 169
174 9844 -254 164
175 9826 -257 172
176 9828 -252 165
177 9824 -254 234
178 21279 -383 379
179 21283 -382 379
180 21294 -386 383
181 21285 -376 381
182 21286 -381 385
183 21278 -375 380
184 24338 -413 432
185 24344 -419 430
186 24358 -416 440
187 24350 -417 438
188 24370 -416 439
189 24358 -410 439
190 24361 -419 434
191 24356 -419 437
192 24348 -419 435
193 24353 -417 434
194 24353 -416 432
195 24356 -424 436
196 24358 -412 442
197 24373 -407 445
198 24363 -411 439
199 24365 -413 433
200 24354 -422 434
201 24352 -415 434
202 24346 -416 431
203 24352 -412 444
204 24353 -416 438
205 24365 -416 440
206 24359 -408 433
207 24369 -410 433
208 24356 -413 432
209 24359 -414 441
210 24340 -415 430
211 24351 -418 431
212 24355 -410 432
213 24369 -416 438
214 24362 -419 436
215 24384 -414 437
216 24369 -416 442
217 24366 -418 430
218 24354 -417 432
219 24352 -419 437
220 12982 -331 222
221 12979 -338 229
222 12990 -331 225
223 12993 -337 223
224 12986 -329 223
225 12989 -334 219
226 12989 -329 61
227 1603 -250 13
228 1603 -250 13
229 1600 -240 18
230 1610 -244 16
231 1613 -241 18
232 147 -243 -8
233 151 -237 -8
234 154 -246 -191
235 -9591 -265 -194
236 -9606 -275 -191
237 -9604 -273 -192
238 -9598 -271 -193
239 -9591 -272 -185
240 -9587 -266 -286
241 -20963 -227 -397
242 -20958 -240 -399
243 -20973 -227 -401
244 -20976 -235 -407
245 -20991 -233 -412
246 -20984 -237 -404
247 -24031 -217 -457
248 -24021 -207 -458
249 -24011 -215 -450
250 -24013 -215 -462
251 -24020 -215 -458
252 -24027 -209 -456
253 -24034 -224 -459
254 -24032 -217 -456
255 -24046 -220 -460
256 -24039 -216 -453
257 -24028 -220 -455
258 -24030 -214 -454
259 -24008 -218 -458
260 -24019 -221 -452
261 -24031 -218 -463
262 -24046 -225 -463
263 -24042 -223 -456
264 -24032 -226 -460
265 -24023 -220 -453
266 -24021 -226 -453
267 -24022 -215 -451
268 -24009 -222 -452
269 -24022 -221 -465
270 -24034 -227 -456
271 -24043 -227 -455
272 -24036 -220 -462
273 -24029 -218 -450
274 -24026 -219 -450
275 -24017 -222 -459
276 -24019 -222 -454
277 -24016 -222 -453
278 -24026 -225 -453
279 -24046 -226 -455
280 -24041 -219 -461
281 -24030 -222 -455
282 -24025 -218 -448
283 -24020 -217 -452
284 -24021 -215 -453
285 -24024 -226 -449
286 -24032 -221 -457
287 -24039 -220 -450
288 -24037 -221 -450
289 -24039 -222 -459
290 -24035 -218 -454
291 -24032 -223 -449
292 -24020 -213 -455
293 -24029 -219 -450
294 -24030 -222 -457
295 -24033 -230 -463
296 -24038 -226 -452
297 -24051 -225 -459
298 -24040 -227 -455
299 -24026 -220 -452
300 -24016 -215 -451
301 -24015 -221 -448
302 -24030 -229 -450
303 -24032 -227 -454
304 -24033 -226 -453
305 -24049 -226 -459
306 -24043 -220 -452
307 -24045 -221 -456
308 -24023 -219 -443
309 -24026 -221 -450
310 -24029 -218 -447
311 -24030 -222 -458
312 -24026 -219 -458
313 -24051 -224 -458
314 -24043 -224 -455
315 -24039 -220 -454
316 -24035 -229 -452
317 -24021 -217 -452
318 -24030 -221 -449
319 -24026 -220 -451
320 -24030 -228 -452
321 -24043 -232 -453
322 -24042 -223 -457
323 -24043 -224 -459
324 -24040 -227 -454
325 -24034 -224 -446
326 -24019 -220 -447
327 -24027 -219 -454
328 -24032 -229 -453
329 -24036 -214 -452
330 -24030 -231 -457
331 -24053 -234 -454
332 -24034 -224 -451
333 -24032 -229 -456
334 -24023 -223 -441
335 -24023 -221 -452
336 -24032 -222 -450
337 -24030 -231 -394
338 -21012 -233 -395
339 -21019 -237 -399
340 -21011 -232 -398
341 -21008 -236 -396
342 -21004 -237 -391
343 -21001 -226 -387
344 -20998 -239 -391
345 -21007 -234 -393
346 -21012 -237 -390
347 -21017 -233 -399
348 -21016 -237 -396
349 -21017 -235 -402
350 -21015 -239 -400
351 -20994 -231 -392
352 -20996 -234 -393
353 -21001 -232 -392
354 -21005 -237 -397
355 -21012 -230 -391
356 -21024 -240 -394
357 -21012 -230 -396
358 -21011 -236 -388
359 -21001 -238 -396
360 -21002 -229 -389
361 -20999 -240 -387
362 -21001 -238 -397
363 -21012 -242 -405
364 -21017 -244 -398
365 -21015 -239 -395
366 -21020 -236 -392
367 -21003 -237 -388
368 -21002 -240 -350
369 -18006 -237 -338
370 -18011 -245 -333
371 -18020 -248 -339
372 -18025 -243 -342
373 -18030 -241 -344
374 -18034 -248 -341
375 -18014 -243 -337
376 -18017 -246 -329
377 -18000 -246 -330
378 -18007 -247 -334
379 -18012 -241 -340
380 -18019 -247 -337
381 -18033 -253 -341
382 -18020 -249 -343
383 -18037 -240 -334
384 -18025 -245 -338
385 -18020 -242 -335
386 -18010 -242 -330
387 -18009 -243 -332
388 -18014 -250 -338
389 -18029 -242 -339
390 -18030 -250 -339
391 -18022 -250 -337
392 -18028 -247 -336
393 -18021 -252 -332
394 -18001 -245 -332
395 -18009 -251 -334
396 -18013 -245 -337
397 -18020 -246 -343
398 -18031 -251 -338
399 -18035 -252 -322
400 -14995 -259 -284
401 -14990 -261 -279
402 -14984 -261 -280
403 -14973 -258 -277
404 -14975 -261 -278
405 -14978 -261 -276
406 -14990 -262 -289
407 -15005 -260 -287
408 -14993 -263 -287
409 -14985 -266 -288
410 -14982 -254 -282
411 -14977 -268 -276
412 -14975 -256 -278
413 -14985 -266 -280
414 -14980 -265 -286
415 -14996 -265 -277
416 -14995 -263 -290
417 -14992 -262 -282
418 -14982 -262 -279
419 -14982 -256 -278
420 -14973 -258 -279
421 -14974 -258 -279
422 -14986 -268 -283
423 -14993 -269 -284
424 -15002 -264 -289
425 -14992 -267 -289
426 -14989 -261 -278
427 -14986 -266 -282
428 -14976 -270 -282
429 -14975 -260 -284
430 -14981 -268 -279
431 -11956 -271 -228
432 -11968 -265 -234
433 -11961 -273 -230
434 -11965 -266 -231
435 -11959 -261 -227
436 -11945 -260 -226
437 -11948 -271 -220
438 -11948 -273 -223
439 -11947 -265 -218
440 -11959 -265 -235
441 -11969 -273 -227
442 -11969 -273 -230
443 -11960 -264 -221
444 -11952 -264 -227
445 -11942 -266 -227
446 -11951 -265 -222
447 -11957 -268 -228
448 -11963 -267 -227
449 -11960 -273 -229
450 -11969 -268 -228
451 -11963 -275 -221
452 -11965 -273 -225
453 -11951 -268 -226
454 -11952 -261 -224
455 -11945 -265 -221
456 -11952 -270 -229
457 -11963 -275 -233
458 -11961 -274 -232
459 -11960 -275 -232
460 -11958 -269 -228
461 -11955 -266 -227
462 -9844 -264 -167
463 -8916 -262 -167
464 -8921 -266 -168
465 -8925 -267 -175
466 -8936 -277 -171
467 -8942 -268 -177
468 -8931 -273 -172
469 -8927 -276 -162
470 -8925 -271 -164
471 -8919 -265 -165
472 -8923 -265 -175
473 -8929 -276 -168
474 -8925 -270 -168
475 -8938 -272 -172
476 -8942 -268 -169
477 -8938 -271 -174
478 -8933 -268 -167
479 -8926 -272 -165
480 -8916 -269 -166
481 -8924 -267 -172
482 -8925 -276 -174
483 -8928 -274 -168
484 -8935 -279 -167
485 -8938 -268 -175
486 -8925 -275 -169
487 -8924 -273 -174
488 -8913 -269 -169
489 -8916 -271 -167
490 -8922 -275 -177
491 -8930 -278 -172
492 -8926 -281 -175
493 -5927 -265 -117
494 -5921 -271 -112
495 -5912 -265 -119
496 -5902 -263 -116
497 -5892 -258 -112
498 -5900 -264 -110
499 -5904 -270 -113
500 -5907 -269 -111
501 -5912 -265 -121
502 -5918 -269 -116
503 -5906 -265 -111
504 -5903 -267 -106
505 -5899 -266 -110
506 -5895 -257 -112
507 -5904 -265 -110
508 -5908 -265 -116
509 -5917 -262 -115
510 -5915 -272 -118
511 -5916 -268 -117
512 -5910 -270 -115
513 -5895 -266 -112
514 -5898 -268 -116
515 -5898 -261 -114
516 -5904 -268 -111
517 -5906 -269 -119
518 -5916 -261 -120
519 -5911 -266 -116
520 -5919 -268 -115
521 -5908 -268 -119
522 -5903 -271 -115
523 -5895 -262 -118
524 -3074 -236 -60
525 -2899 -242 -63
526 -2903 -249 -66
527 -2909 -250 -70
528 -2902 -253 -63
529 -2905 -243 -60
530 -2898 -249 -64
531 -2897 -249 -60
532 -2878 -252 -60
533 -2891 -249 -57
534 -2897 -243 -66
535 -2902 -255 -60
536 -2913 -249 -67
537 -2914 -249 -68
538 -2901 -251 -62
539 -2898 -243 -59
540 -2890 -242 -58
541 -2890 -237 -64
542 -2883 -245 -60
543 -2892 -243 -62
544 -2898 -247 -62
545 -2907 -256 -67
546 -2910 -254 -63
547 -2904 -248 -60
548 -2896 -249 -57
549 -2887 -251 -56
550 -2889 -248 -59
551 -2881 -244 -51
552 -2894 -254 -63
553 -2906 -253 -70
554 -2909 -255 -63
555 -2500 -245 -49
556 -979 -232 -7
557 61 -230 -12
558 63 -228 -12
559 68 -237 -7
560 70 -232 -9
561 66 -222 -8
562 61 -233 -9
563 49 -237 -8
564 58 -231 -20
565 56 -230 -8
566 61 -224 -8
567 70 -232 -6
568 78 -235 -9
569 72 -222 -6
570 75 -231 -10
571 65 -232 -14
572 65 -229 -8
573 60 -236 -15
574 55 -226 -12
575 65 -219 -1
576 65 -229 1
577 78 -220 -4
578 78 -228 -3
579 73 -229 -5
580 72 -233 -10
581 58 -235 -11
582 56 -235 -16
583 56 -228 -13
584 55 -230 -13
585 59 -228 -8
586 75 -227 -10
587 79 -218 -2
588 78 -221 18
589 3041 -209 41
590 3041 -214 39
591 3034 -217 41
592 3031 -216 41
593 3033 -211 48
594 3035 -209 52
595 3050 -215 53
596 3046 -207 47
597 3053 -209 45
598 3046 -210 48
599 3038 -216 46
600 3028 -215 39
601 3032 -220 36
602 3032 -215 40
603 3041 -214 52
604 3045 -212 49
605 3047 -211 44
606 3050 -210 48
607 3048 -206 38
608 3031 -211 40
609 3026 -211 39
610 3028 -217 43
611 3030 -219 41
612 3046 -215 48
613 3048 -211 45
614 3057 -209 45
615 3049 -213 50
616 3041 -209 42
617 3037 -210 41
618 3034 -207 41
619 3033 -216 42
620 6062 -203 98
621 6061 -205 103
622 6071 -202 104
623 6075 -203 102
624 6077 -194 95
625 6066 -206 96
626 6057 -207 94
627 6056 -207 96
628 6050 -208 102
629 6061 -205 99
630 6062 -206 99
631 6069 -197 106
632 6073 -203 102
633 6062 -197 99
634 6067 -201 96
635 6061 -205 98
636 6051 -210 93
637 6051 -204 92
638 6057 -209 95
639 6061 -198 103
640 6075 -209 108
641 6076 -208 102
642 6064 -204 103
643 6062 -205 99
644 6057 -203 103
645 6054 -205 92
646 6056 -201 93
647 6057 -203 98
648 6066 -198 100
649 6076 -200 102
650 8414 -203 164
651 9098 -206 156
652 9093 -214 156
653 9084 -205 151
654 9081 -205 148
655 9086 -202 154
656 9092 -207 156
657 9096 -206 157
658 9107 -205 156
659 9101 -203 152
660 9100 -210 152
661 9096 -214 158
662 9082 -210 154
663 9082 -204 147
664 9092 -202 158
665 9095 -207 162
666 9094 -201 154
667 9100 -203 152
668 9106 -206 159
669 9095 -206 158
670 9093 -210 152
671 9077 -210 155
672 9080 -208 147
673 9093 -213 161
674 9099 -206 156
675 9109 -199 154
676 9097 -203 156
677 9097 -209 155
678 9091 -206 150
679 9086 -205 149
680 9078 -211 148
681 9548 -254 202
682 12161 -248 210
683 12165 -254 209
684 12178 -248 213
685 12177 -249 211
686 12169 -247 200
687 12168 -256 212
688 12160 -257 200
689 12159 -258 203
690 12156 -257 209
691 12165 -252 211
692 12173 -247 209
693 12169 -247 213
694 12177 -251 208
695 12170 -259 206
696 12161 -254 204
697 12152 -256 200
698 12155 -256 201
699 12165 -254 208
700 12164 -247 212
701 12176 -242 213
702 12176 -244 205
703 12175 -252 204
704 12164 -251 206
705 12161 -254 206
706 12152 -258 209
707 12159 -257 199
708 12155 -251 214
709 12174 -252 208
710 12181 -246 213
711 12176 -248 212
712 12167 -268 263
713 15222 -277 266
714 15205 -280 260
715 15213 -274 259
716 15218 -279 260
717 15217 -272 271
718 15225 -271 259
719 15230 -275 261
720 15229 -274 262
721 15218 -275 264
722 15211 -272 260
723 15212 -278 256
724 15220 -280 262
725 15220 -275 268
726 15226 -272 262
727 15226 -271 262
728 15234 -268 262
729 15228 -265 268
730 15220 -274 259
731 15216 -279 255
732 15214 -280 258
733 15220 -275 268
734 15219 -271 261
735 15226 -271 264
736 15239 -270 262
737 15232 -262 269
738 15213 -267 263
739 15217 -272 258
740 15213 -278 266
741 15212 -276 258
742 15215 -267 259
743 15222 -275 311
744 18290 -291 318
745 18296 -289 314
746 18295 -294 316
747 18283 -294 317
748 18276 -299 315
749 18269 -297 314
750 18278 -292 317
751 18286 -295 319
752 18282 -284 319
753 18298 -295 314
754 18284 -285 313
755 18281 -303 312
756 18283 -293 310
757 18278 -297 310
758 18276 -296 318
759 18282 -298 318
760 18278 -300 318
761 18288 -292 321
762 18300 -292 311
763 18284 -290 313
764 18286 -294 317
765 18277 -290 317
766 18275 -289 313
767 18280 -291 314
768 18280 -294 310
769 18295 -294 318
770 18297 -288 320
771 18296 -287 319
772 18284 -292 312
773 18278 -282 315
774 18277 -297 312
775 21297 -323 370
776 21295 -322 369
777 21305 -314 376
778 21315 -320 378
779 21320 -320 378
780 21304 -320 375
781 21315 -323 367
782 21304 -321 367
783 21301 -324 369
784 21299 -335 367
785 21304 -319 375
786 21310 -319 369
787 21313 -319 380
788 21324 -326 375
789 21304 -324 374
790 21311 -320 369
791 21302 -330 364
792 21298 -325 372
793 21302 -322 372
794 21301 -324 375
795 21314 -313 374
796 21319 -319 378
797 21319 -317 370
798 21312 -328 374
799 21312 -324 366
800 21299 -326 364
801 21296 -325 374
802 21301 -318 370
803 21311 -317 376
804 21314 -320 381
805 21329 -318 373
806 24374 -344 426
807 24377 -349 429
808 24377 -348 423
809 24372 -351 425
810 24369 -348 433
811 24367 -343 429
812 24382 -344 432
813 24384 -346 434
814 24387 -347 431
815 24374 -345 428
816 24375 -347 425
817 24373 -342 429
818 24369 -340 429
819 24371 -344 428
820 24378 -352 436
821 24383 -340 435
822 24386 -344 433
823 24379 -344 435
824 24374 -344 426
825 24373 -343 425
826 24368 -345 428
827 24368 -340 429
828 24371 -350 432
829 24375 -349 435
830 24385 -346 431
831 24383 -343 433
832 24377 -339 433
833 24373 -343 426
834 24365 -342 430
835 24370 -349 427
836 24372 -349 431
837 24373 -347 428
838 24375 -345 439
839 24388 -339 435
840 24389 -345 438
841 24371 -342 429
842 24372 -348 422
843 24366 -346 420
844 24365 -345 425
845 24373 -343 430
846 24377 -348 430
847 24380 -339 433
848 24382 -332 426
849 24391 -334 427
850 24377 -342 427
851 24366 -348 430
852 24370 -343 426
853 24357 -345 427
854 24376 -340 430
855 24377 -346 433
856 24387 -336 435
857 24389 -341 432
858 24378 -340 424
859 24370 -346 431
860 24377 -348 423
861 24370 -342 424
862 24381 -343 425
863 24375 -336 428
864 24387 -341 436
865 24383 -342 441
866 24382 -342 424
867 24377 -343 430
868 21345 -343 371
869 21332 -335 373
870 21333 -335 375
871 21337 -339 376
872 21351 -336 379
873 21350 -330 379
874 21351 -327 375
875 21342 -334 377
876 21352 -340 377
877 21336 -331 378
878 21337 -332 367
879 21332 -341 368
880 21335 -334 376
881 21346 -334 376
882 21349 -336 380
883 21344 -331 371
884 21340 -324 371
885 21346 -340 369
886 21335 -335 374
887 21332 -334 371
888 21338 -330 375
889 21342 -336 373
890 21345 -333 378
891 21361 -332 377
892 21346 -329 376
893 21347 -332 372
894 21341 -332 370
895 21332 -337 376
896 21328 -330 373
897 21336 -333 374
898 21340 -340 382
899 21346 -333 376
900 18353 -317 321
901 18342 -323 318
902 18343 -322 312
903 18332 -322 310
904 18326 -327 322
905 18326 -325 318
906 18341 -315 315
907 18346 -324 319
908 18347 -318 319
909 18353 -317 315
910 18341 -319 324
911 18338 -322 316
912 18330 -323 318
913 18329 -323 315
914 18342 -322 316
915 18336 -322 325
916 18350 -321 318
917 18346 -318 316
918 18344 -314 317
919 18336 -320 317
920 18330 -321 320
921 18329 -321 314
922 18329 -329 310
923 18332 -319 321
924 18342 -318 316
925 18349 -309 321
926 18346 -321 314
927 18341 -316 320
928 18343 -322 318
929 18327 -322 315
930 15294 -308 264
931 15291 -310 262
932 15298 -321 264
933 15304 -309 264
934 15301 -308 263
935 15304 -309 261
936 15307 -314 258
937 15293 -309 261
938 15284 -310 259
939 15292 -315 259
940 15298 -309 258
941 15294 -304 268
942 15305 -310 260
943 15301 -311 261
944 15299 -305 269
945 15297 -309 265
946 15293 -309 260
947 15285 -314 263
948 15288 -318 259
949 15292 -314 265
950 15303 -302 261
951 15300 -314 264
952 15310 -310 262
953 15298 -308 266
954 15298 -304 259
955 15294 -317 259
956 15286 -311 260
957 15288 -308 260
958 15296 -312 256
959 15300 -301 261
960 15308 -303 267
961 15298 -313 260
962 12258 -282 201
963 12242 -284 202
964 12245 -289 206
965 12244 -285 203
966 12260 -286 208
967 12257 -285 210
968 12266 -284 214
969 12260 -277 210
970 12254 -283 203
971 12246 -287 206
972 12238 -290 205
973 12238 -291 212
974 12247 -291 205
975 12254 -284 211
976 12259 -273 207
977 12262 -288 212
978 12265 -283 201
979 12255 -286 210
980 12254 -292 193
981 12235 -291 205
982 12244 -288 205
983 12249 -284 214
984 12255 -285 201
985 12265 -284 209
986 12270 -286 213
987 12266 -282 209
988 12256 -290 204
989 12249 -286 206
990 12243 -290 205
991 12241 -284 202
992 10480 -270 158
993 9212 -266 145
994 9216 -265 158
995 9219 -259 154
996 9215 -260 152
997 9204 -263 142
998 9202 -271 147
999 9202 -271 153
1000 9195 -266 146
1001 9197 -260 151
1002 9211 -263 152
1003 9213 -264 153
1004 9214 -269 159
1005 9212 -255 153
1006 9207 -266 155
1007 9194 -264 148
1008 9202 -277 145
1009 9203 -269 149
1010 9210 -266 159
1011 9212 -260 150
1012 9220 -265 151
1013 9217 -265 151
1014 9209 -261 151
1015 9202 -265 151
1016 9197 -267 148
1017 9199 -266 154
1018 9207 -270 152
1019 9207 -257 151
1020 9215 -264 151
1021 9216 -265 155
1022 9215 -269 152
1023 9212 -246 98
1024 6162 -246 91
1025 6165 -262 94
1026 6159 -250 93
1027 6161 -249 93
1028 6169 -252 93
1029 6179 -241 110
1030 6178 -250 100
1031 6186 -247 102
1032 6170 -251 98
1033 6170 -249 95
1034 6162 -248 93
1035 6166 -253 85
1036 6165 -256 96
1037 6171 -248 101
1038 6172 -247 97
1039 6186 -244 98
1040 6171 -245 95
1041 6171 -245 97
1042 6173 -248 93
1043 6166 -252 92
1044 6168 -255 96
1045 6164 -248 92
1046 6167 -247 98
1047 6178 -253 103
1048 6183 -244 101
1049 6180 -251 98
1050 6171 -253 94
1051 6168 -247 94
1052 6156 -254 91
1053 6160 -246 93
1054 6161 -259 65
1055 3131 -237 50
1056 3138 -241 46
1057 3141 -231 50
1058 3138 -241 45
1059 3130 -238 41
1060 3130 -234 45
1061 3118 -244 46
1062 3123 -235 39
1063 3122 -241 34
1064 3128 -238 47
1065 3135 -240 42
1066 3140 -229 48
1067 3129 -233 45
1068 3123 -238 43
1069 3129 -237 46
1070 3108 -243 42
1071 3118 -234 36
1072 3125 -232 44
1073 3130 -235 52
1074 3137 -230 47
1075 3141 -234 44
1076 3127 -238 42
1077 3128 -236 40
1078 3124 -239 43
1079 3117 -233 43
1080 3118 -238 49
1081 3118 -240 44
1082 3130 -237 47
1083 3138 -235 40
1084 3139 -227 48
1085 3143 -232 49
1086 1165 -242 -10
1087 141 -247 -5
1088 123 -244 -13
1089 129 -244 -8
1090 139 -245 -4
1091 131 -238 -1
1092 145 -239 -2
1093 151 -239 -9
1094 150 -239 -13
1095 146 -246 -8
1096 136 -244 -11
1097 128 -239 -10
1098 132 -243 -10
1099 129 -242 -12
1100 142 -242 -6
1101 147 -238 -3
1102 153 -238 -1
1103 151 -235 -7
1104 147 -240 -3
1105 141 -237 -10
1106 136 -241 -9
1107 122 -244 -20
1108 132 -239 -11
1109 130 -246 -5
1110 144 -244 -1
1111 149 -248 -1
1112 146 -243 -2
1113 145 -234 -8
1114 140 -241 -7
1115 131 -248 -8
1116 130 -241 -10
1117 133 -240 -9
1118 143 -242 -8
1119 142 -239 -1
1120 147 -234 -8
1121 -559 -255 -53
1122 -2820 -261 -62
1123 -2826 -266 -63
1124 -2833 -262 -67
1125 -2839 -265 -62
1126 -2835 -261 -63
1127 -2828 -265 -53
1128 -2832 -253 -57
1129 -2830 -259 -53
1130 -2814 -263 -59
1131 -2817 -260 -54
1132 -2829 -269 -55
1133 -2828 -266 -66
1134 -2839 -270 -57
1135 -2839 -255 -59
1136 -2832 -264 -57
1137 -2829 -256 -59
1138 -2825 -258 -55
1139 -2816 -259 -55
1140 -2820 -263 -57
1141 -2828 -258 -60
1142 -2837 -266 -65
1143 -2838 -271 -60
1144 -2843 -265 -56
1145 -2836 -267 -56
1146 -2823 -262 -62
1147 -2819 -263 -59
1148 -2820 -252 -56
1149 -2819 -260 -58
1150 -2826 -260 -58
1151 -2830 -262 -64
1152 -5834 -293 -114
1153 -5857 -285 -117
1154 -5843 -292 -107
1155 -5841 -287 -110
1156 -5831 -283 -106
1157 -5836 -284 -110
1158 -5838 -295 -107
1159 -5843 -286 -114
1160 -5839 -290 -113
1161 -5849 -290 -109
1162 -5850 -289 -116
1163 -5844 -293 -119
1164 -5836 -290 -100
1165 -5835 -288 -106
1166 -5831 -289 -114
1167 -5841 -288 -109
1168 -5849 -286 -115
1169 -5847 -290 -112
1170 -5846 -293 -112
1171 -5846 -291 -108
1172 -5839 -292 -111
1173 -5836 -289 -108
1174 -5828 -286 -106
1175 -5833 -293 -108
1176 -5832 -295 -109
1177 -5842 -288 -112
1178 -5850 -301 -111
1179 -5847 -300 -120
1180 -5845 -290 -116
1181 -5840 -293 -112
1182 -5830 -288 -109
1183 -8056 -308 -160
1184 -8854 -304 -166
1185 -8863 -309 -165
1186 -8867 -304 -172
1187 -8866 -316 -169
1188 -8863 -318 -170
1189 -8859 -306 -163
1190 -8854 -304 -161
1191 -8846 -295 -166
1192 -8845 -311 -162
1193 -8852 -313 -172
1194 -8861 -307 -174
1195 -8869 -307 -168
1196 -8872 -301 -165
1197 -8865 -312 -169
1198 -8864 -303 -160
1199 -8858 -306 -166
1200 -8860 -304 -153
1201 -8852 -308 -164
1202 -8856 -311 -165
1203 -8861 -310 -170
1204 -8870 -313 -172
1205 -8875 -308 -165
1206 -8862 -314 -162
1207 -8858 -315 -167
1208 -8854 -311 -162
1209 -8847 -307 -165
1210 -8849 -303 -161
1211 -8853 -309 -173
1212 -8864 -312 -169
1213 -8870 -312 -170
1214 -10251 -314 -223
1215 -11904 -322 -225
1216 -11894 -316 -215
1217 -11890 -319 -216
1218 -11885 -323 -212
1219 -11898 -321 -226
1220 -11897 -320 -225
1221 -11906 -323 -224
1222 -11909 -322 -223
1223 -11905 -325 -219
1224 -11899 -316 -223
1225 -11897 -321 -217
1226 -11895 -318 -218
1227 -11882 -327 -217
1228 -11894 -321 -226
1229 -11901 -324 -224
1230 -11912 -323 -223
1231 -11912 -328 -219
1232 -11915 -326 -222
1233 -11893 -328 -220
1234 -11886 -322 -211
1235 -11880 -321 -213
1236 -11885 -317 -216
1237 -11900 -322 -223
1238 -11907 -322 -231
1239 -11904 -327 -228
1240 -11900 -325 -221
1241 -11900 -319 -220
1242 -11905 -318 -213
1243 -11889 -316 -219
1244 -11878 -328 -216
1245 -14923 -326 -274
1246 -14942 -329 -276
1247 -14936 -332 -279
1248 -14945 -327 -273
1249 -14935 -334 -271
1250 -14924 -327 -269
1251 -14920 -330 -270
1252 -14912 -331 -269
1253 -14926 -322 -271
1254 -14931 -333 -273
1255 -14935 -336 -283
1256 -14942 -339 -279
1257 -14941 -329 -276
1258 -14934 -339 -276
1259 -14929 -328 -269
1260 -14924 -323 -271
1261 -14914 -332 -273
1262 -14922 -332 -279
1263 -14939 -332 -280
1264 -14949 -338 -280
1265 -14943 -339 -275
1266 -14942 -332 -279
1267 -14937 -336 -278
1268 -14915 -337 -267
1269 -14917 -329 -273
1270 -14921 -332 -270
1271 -14932 -330 -279
1272 -14937 -333 -280
1273 -14943 -332 -277
1274 -14936 -335 -281
1275 -14936 -338 -284
1276 -17966 -332 -331
1277 -17967 -339 -329
1278 -17967 -333 -330
1279 -17975 -341 -331
1280 -17981 -342 -329
1281 -17985 -341 -327
1282 -17992 -346 -330
1283 -17978 -334 -326
1284 -17981 -335 -322
1285 -17978 -330 -327
1286 -17965 -339 -322
1287 -17964 -338 -327
1288 -17972 -336 -329
1289 -17982 -343 -324
1290 -17984 -342 -328
1291 -17987 -342 -334
1292 -17982 -340 -328
1293 -17976 -343 -325
1294 -17968 -333 -321
1295 -17969 -344 -328
1296 -17979 -338 -329
1297 -17983 -339 -323
1298 -17983 -350 -337
1299 -17986 -338 -330
1300 -17989 -352 -329
1301 -17973 -344 -325
1302 -17969 -335 -328
1303 -17972 -348 -321
1304 -17965 -340 -326
1305 -17976 -340 -329
1306 -17986 -348 -327
1307 -20994 -346 -392
1308 -21000 -344 -390
1309 -20988 -339 -385
1310 -20983 -344 -383
1311 -20980 -336 -373
1312 -20983 -338 -377
1313 -20982 -347 -387
1314 -20981 -349 -379
1315 -21002 -348 -386
1316 -21000 -347 -382
1317 -20999 -350 -386
1318 -20991 -341 -381
1319 -20983 -342 -383
1320 -20976 -336 -374
1321 -20980 -345 -383
1322 -20987 -345 -384
1323 -20988 -346 -380
1324 -20996 -356 -386
1325 -20998 -346 -385
1326 -20995 -348 -381
1327 -20979 -348 -384
1328 -20973 -355 -378
1329 -20976 -343 -377
1330 -20977 -346 -380
1331 -20988 -345 -386
1332 -20993 -347 -383
1333 -21001 -351 -382
1334 -20990 -355 -378
1335 -20986 -351 -386
1336 -20991 -349 -373
1337 -20983 -347 -377
1338 -24029 -348 -437
1339 -24041 -345 -434
1340 -24039 -349 -445
1341 -24050 -352 -435
1342 -24048 -355 -440
1343 -24047 -352 -433
1344 -24041 -354 -436
1345 -24039 -342 -431
1346 -24028 -349 -433
1347 -24043 -353 -430
1348 -24041 -351 -445
1349 -24051 -353 -442
1350 -24052 -355 -440
1351 -24059 -358 -433
1352 -24052 -358 -437
1353 -24036 -354 -440
1354 -24029 -354 -435
1355 -24026 -358 -440
1356 -24043 -359 -442
1357 -24047 -357 -441
1358 -24056 -358 -436
1359 -24065 -361 -445
1360 -24054 -354 -437
1361 -24043 -366 -437
1362 -24035 -355 -434
1363 -24039 -358 -437
1364 -24034 -355 -436
1365 -24039 -359 -431
1366 -24054 -364 -438
1367 -24053 -361 -441
1368 -24045 -362 -436
1369 -24042 -368 -434
1370 -24041 -356 -438
1371 -24038 -359 -433
1372 -24037 -359 -435
1373 -24035 -365 -432
1374 -24047 -368 -429
1375 -24055 -373 -431
1376 -24060 -368 -439
1377 -24048 -364 -433
1378 -24031 -369 -432
1379 -24032 -369 -431
1380 -24030 -362 -432
1381 -24031 -360 -438
1382 -24043 -364 -437
1383 -24042 -373 -439
1384 -24047 -373 -434
1385 -24055 -365 -431
1386 -24037 -369 -434
1387 -24034 -365 -432
1388 -24035 -366 -431
1389 -24034 -378 -434
1390 -24041 -369 -429
1391 -24044 -371 -440
1392 -24041 -371 -438
1393 -24064 -371 -436
1394 -24054 -371 -437
1395 -24041 -371 -431
1396 -24026 -368 -429
1397 -24029 -370 -432
1398 -24033 -375 -436
1399 -24033 -375 -429
1400 -24051 -375 -438
1401 -24050 -377 -430
1402 -24053 -376 -439
1403 -24046 -378 -437
1404 -24050 -381 -435
1405 3269 -190 17
1406 -4035 -230 7
1407 113 -248 0
1408 103 -248 -6
1409 98 -239 -13
1410 96 -248 -9
1411 90 -250 -8
1412 103 -246 -5
1413 105 -245 0
1414 112 -244 -4
1415 113 -247 -8
1416 113 -242 -1
1417 108 -241 -5
1418 107 -243 -5
1419 96 -242 -13
1420 93 -244 -10
1421 98 -242 -10
1422 107 -240 -1
1423 108 -239 0
1424 112 -246 -2
1425 117 -250 -4
1426 104 -253 -7
1427 102 -246 -5
1428 106 -246 -11
1429 92 -248 -6
1430 97 -252 -7
1431 100 -244 -2
1432 110 -238 2
1433 120 -242 3
1434 115 -246 -5
1435 114 -242 -1
1436 106 -243 -3
1437 92 -251 -4
1438 100 -248 -12
1439 89 -247 -8
1440 101 -244 -1
1441 111 -245 -12
1442 109 -241 -5
1443 109 -245 1
1444 107 -236 -3
1445 107 -244 -1
1446 100 -251 -5
1447 101 -250 -7
1448 98 -246 -10
1449 97 -245 -6
1450 98 -249 -5
1451 106 -239 -5
1452 115 -239 1
1453 122 -234 0
1454 114 -247 -6
1455 111 -247 -7
1456 105 -251 -2
1457 94 -244 -4
1458 96 -239 -16
1459 101 -247 -3
1460 103 -241 -8
1461 115 -240 -7
1462 115 -243 -1
1463 106 -242 -4
1464 107 -242 -2
1465 104 -243 -7
1466 105 -242 -6
1467 104 -252 -2
1468 95 -249 -3
1469 107 -246 -1
1470 109 -240 1
1471 124 -247 -2
1472 117 -254 -3
1473 111 -246 -9
1474 109 -244 -4
1475 98 -251 -8
1476 103 -255 -5
1477 96 -243 3
1478 104 -241 -4
1479 115 -241 -5
1480 116 -238 -1
1481 110 -243 -3
1482 102 -240 2
1483 104 -251 -4
1484 99 -243 -12
1485 92 -246 -5
1486 92 -247 -3
1487 106 -244 -2
1488 108 -238 -1
1489 106 -243 -7
1490 111 -244 3
1491 112 -244 -8
1492 105 -238 -3
1493 107 -251 -5
1494 94 -254 -5
1495 100 -245 -6
1496 106 -238 -5
1497 110 -248 -3
1498 108 -248 0
1499 118 -239 -2
1500 114 -239 -2
1501 107 -240 -12
1502 107 -251 -12
1503 93 -245 -10
1504 96 -246 -10
1505 98 -250 -9
1506 101 -247 -9
1507 107 -245 -2
1508 112 -245 0
1509 112 -240 -3
1510 112 -249 -9
1511 108 -241 -7
1512 93 -243 -11
1513 91 -246 -15
1514 105 -250 -2
1515 98 -251 -3
1516 107 -243 2
1517 118 -243 3
1518 113 -242 -3
1519 112 -239 -2
1520 106 -238 -6
1521 103 -248 -14
1522 92 -244 -10
1523 96 -246 -10
1524 103 -249 -1
1525 102 -242 -2
1526 112 -245 2
1527 113 -240 -6
1528 112 -247 -5
1529 105 -253 -7
1530 109 -251 0
1531 98 -248 -7
1532 96 -247 -11
1533 94 -249 -10
1534 102 -250 -4
1535 109 -239 -6
1536 110 -244 2
1537 116 -245 -8
1538 115 -244 -2
1539 104 -246 -6
1540 92 -247 -8
1541 94 -249 -7
1542 93 -245 -6
1543 97 -245 -9
1544 108 -237 -7
1545 116 -250 -1
1546 118 -242 -2
1547 106 -244 -4
1548 100 -250 -3
1549 104 -248 -10
1550 87 -249 -1
1551 98 -250 -4
1552 99 -250 -8
1553 102 -247 -2
1554 109 -242 -3
1555 118 -241 3
1556 108 -245 -3
1557 112 -246 -6
1558 108 -241 -1
1559 95 -243 -12
1560 96 -244 -3
1561 97 -244 -1
1562 103 -245 -2
1563 108 -254 -4
1564 119 -245 -5
1565 110 -238 -4
1566 112 -243 -2
1567 108 -245 -2
1568 101 -247 -5
1569 92 -249 -12
1570 97 -251 -8
1571 103 -247 -1
1572 103 -244 4
1573 109 -243 -5
1574 113 -238 -5
1575 103 -240 -4
1576 106 -247 -2
1577 104 -243 -11
1578 101 -252 -4
1579 103 -247 -4
1580 100 -250 -11
1581 102 -241 -2
1582 106 -244 -5
1583 121 -239 2
1584 115 -240 -5
1585 112 -245 -6
1586 111 -239 -9
1587 95 -241 -16
1588 93 -250 -4
1589 100 -243 -7
1590 97 -248 5
1591 109 -243 -3
1592 111 -246 -1
1593 116 -243 1
1594 119 -248 0
1595 100 -244 -7
1596 93 -253 -7
1597 90 -242 -9
1598 96 -252 -9
1599 100 -245 -5
1600 109 -249 -2
1601 111 -241 -3
1602 113 -239 -5
1603 110 -246 -8
1604 108 -247 -4
1605 98 -244 -6
1606 99 -251 -5
1607 91 -243 -13
1608 98 -248 -9
1609 107 -246 -4
1610 107 -240 -3
1611 120 -244 -3
1612 113 -234 -7
1613 109 -240 -10
1614 100 -243 -6
1615 92 -247 -7
1616 98 -242 -10
1617 92 -240 -3
1618 112 -244 -8
1619 102 -244 -2
1620 114 -244 2
1621 122 -243 0
1622 105 -238 -10
1623 105 -250 -7
1624 101 -238 -6
1625 96 -256 -9
1626 94 -249 -4
1627 98 -237 -9
1628 100 -251 -5
1629 108 -235 -3
1630 111 -242 -4
1631 107 -243 -7
1632 104 -238 -6
1633 99 -241 -7
1634 96 -251 -7
1635 92 -246 -7
1636 95 -247 -5
1637 107 -250 -3
1638 109 -243 -5
1639 122 -243 -1
1640 117 -241 -1
1641 113 -243 -10
1642 104 -241 -1
1643 95 -246 -8
1644 94 -254 -11
1645 86 -250 -6
1646 106 -239 -3
1647 105 -241 -1
1648 115 -245 3
1649 115 -240 -3
1650 113 -249 -8
1651 108 -252 -10
1652 109 -252 -8
1653 91 -254 -15
1654 93 -245 -7
1655 96 -239 -4
1656 108 -244 -1
1657 116 -247 2
1658 114 -243 -6
1659 118 -240 0
1660 113 -242 -6
1661 103 -239 -5
1662 96 -248 -4
1663 101 -253 -9
1664 103 -246 -7
1665 107 -240 -5
1666 112 -240 -12
1667 117 -241 -4
1668 120 -239 -1
1669 115 -248 -8
1670 101 -248 -5
1671 100 -246 -11
1672 93 -244 -4
1673 92 -248 -9
1674 103 -244 -6
1675 107 -239 -5
1676 112 -243 5
1677 112 -245 -2
