9 -1459 -2308 -5984
20 -1456 -2310 -5986
22 -1456 -2308 -5983
23 -1453 -2305 -5981
27 -1456 -2303 -5988
29 -1452 -2307 -5985
32 -1453 -2306 -5981
34 -1454 -2308 -5987
36 -1462 -2302 -5988
40 -1460 -2309 -5980
42 -1460 -2303 -5986
45 -1458 -2306 -5980
48 -1458 -2306 -5982
49 -1459 -2312 -5984
53 -1460 -2308 -5986
55 -1455 -2301 -5979
58 -1460 -2307 -5984
60 -1454 -2305 -5984
62 -1460 -2298 -5982
64 -1462 -2304 -5978
67 -1452 -2306 -5981
70 -1459 -2305 -5985
75 -1457 -2305 -5982
77 -1458 -2303 -5979
80 -1455 -2306 -5981
83 -1457 -2302 -5985
87 -1456 -2302 -5985
90 -1449 -2299 -5982
93 -1453 -2304 -5977
97 -1460 -2298 -5988
102 -1452 -2306 -5980
105 -1464 -2298 -5979
108 -1460 -2307 -5980
111 -1464 -2304 -5979
114 -1460 -2300 -5985
118 -1459 -2306 -5983
121 -1456 -2302 -5976
124 -1456 -2300 -5981
129 -1455 -2308 -5981
132 -1461 -2300 -5980
148 -1456 -2304 -5981
204 -1460 -2300 -5984
228 -1456 -2301 -5985
284 -1454 -2296 -5979
311 -1460 -2304 -5985
369 -1459 -2304 -5978
395 -1452 -2302 -5980
449 -1454 -2297 -5977
480 -1453 -2294 -5981
534 -1455 -2308 -5984
560 -1458 -2305 -5974
617 -1455 -2303 -5976
643 -1462 -2299 -5975
698 -1451 -2303 -5977
725 -1462 -2295 -5979
780 -1452 -2304 -5981
806 -1460 -2301 -5975
862 -1466 -2301 -5980
890 -1456 -2301 -5979
946 -1456 -2299 -5983
981 -1450 -2306 -5969
1016 -1457 -2301 -5975
1068 -1463 -2298 -5979
1098 -1463 -2310 -5979
1153 -1458 -2291 -5977
1181 -1459 -2303 -5982
1235 -1456 -2302 -5974
1262 -1453 -2303 -5978
1317 -1458 -2304 -5979
1347 -1460 -2305 -5984
1401 -1457 -2299 -5978
1431 -1454 -2297 -5979
1485 -1457 -2299 -5979
1514 -1463 -2296 -5981
1568 -1462 -2303 -5986
1596 -1451 -2300 -5979
1651 -1454 -2298 -5984
1678 -1460 -2297 -5974
1734 -1451 -2294 -5978
1762 -1448 -2293 -5978
1818 -1460 -2298 -5981
1846 -1456 -2304 -5982
1903 -1460 -2312 -5975
1928 -1460 -2306 -5977
1985 -1459 -2299 -5977
2010 -1457 -2299 -5976
2063 -1454 -2297 -5979
2094 -1456 -2308 -5979
2147 -1448 -2298 -5971
2176 -1461 -2299 -5978
2229 -1458 -2302 -5978
2259 -1453 -2300 -5984
2312 -1459 -2297 -5983
2343 -1455 -2299 -5980
2399 -1454 -2298 -5975
2424 -1458 -2296 -5974
2478 -1459 -2301 -5979
2507 -1452 -2305 -5969
2561 -1457 -2299 -5972
2592 -1449 -2301 -5976
2644 -1455 -2298 -5974
2673 -1454 -2304 -5978
2730 -1453 -2298 -5982
2757 -1453 -2294 -5977
2812 -1454 -2299 -5975
2839 -1456 -2303 -5974
2895 -1456 -2300 -5976
2922 -1458 -2308 -5981
2976 -1453 -2301 -5976
3004 -1448 -2295 -5978
3063 -1452 -2292 -5981
3089 -1456 -2301 -5974
3143 -1461 -2305 -5983
3171 -1451 -2289 -5968
3223 -1457 -2296 -5974
3252 -1442 -2299 -5972
3308 -1457 -2297 -5981
3337 -1451 -2295 -5984
3395 -1454 -2299 -5981
3419 -1454 -2302 -5974
3474 -1460 -2293 -5973
3502 -1453 -2297 -5978
3556 -1451 -2293 -5984
3587 -1454 -2294 -5979
3643 -1454 -2299 -5977
3668 -1458 -2301 -5974
3724 -1449 -2297 -5980
3751 -1451 -2301 -5974
3807 -1455 -2297 -5976
3832 -1458 -2300 -5982
3890 -1453 -2301 -5976
3919 -1452 -2299 -5981
3971 -1452 -2304 -5979
4000 -1460 -2295 -5983
4055 -1453 -2300 -5981
4083 -1458 -2293 -5983
4139 -1456 -2299 -5981
4167 -1452 -2299 -5977
4220 -1455 -2296 -5976
4248 -1457 -2299 -5973
4304 -1458 -2297 -5975
4330 -1449 -2297 -5972
4385 -1449 -2307 -5974
4413 -1456 -2302 -5975
4468 -1451 -2296 -5971
4496 -1445 -2302 -5975
4551 -1460 -2299 -5979
4579 -1446 -2294 -5983
4635 -1446 -2298 -5974
4664 -1453 -2296 -5977
4719 -1447 -2302 -5981
4746 -1452 -2297 -5981
4801 -1457 -2298 -5979
4830 -1449 -2298 -5976
4886 -1463 -2298 -5977
4913 -1452 -2296 -5980
4965 -1447 -2299 -5968
4995 -1458 -2296 -5982
5048 -1451 -2299 -5977
5078 -1457 -2302 -5973
5136 -1452 -2296 -5982
5162 -1461 -2299 -5975
5219 -1455 -2302 -5978
5242 -1453 -2301 -5975
5300 -1455 -2300 -5973
5325 -1455 -2301 -5973
5381 -1456 -2303 -5975
5409 -1462 -2302 -5976
5464 -1450 -2306 -5976
5492 -1455 -2290 -5972
5546 -1452 -2296 -5975
5574 -1459 -2293 -5975
5629 -1454 -2299 -5974
5658 -1459 -2294 -5974
5712 -1449 -2303 -5978
5740 -1463 -2299 -5977
5794 -1458 -2304 -5980
5824 -1455 -2301 -5978
5877 -1458 -2298 -5979
5907 -1458 -2297 -5980
5961 -1454 -2301 -5975
5988 -1455 -2292 -5976
6044 -1452 -2296 -5975
6072 -1451 -2302 -5972
6128 -1457 -2292 -5972
6155 -1451 -2299 -5972
6215 -1458 -2336 -6211
6237 -1462 -2294 -5982
6294 -1454 -2301 -6016
6320 -1453 -2285 -5988
6374 -1464 -2289 -6001
6405 -1462 -2295 -5990
6460 -1457 -2292 -5987
6486 -1457 -2291 -5994
6542 -1453 -2287 -5993
6570 -1461 -2296 -6002
6625 -1457 -2288 -5985
6652 -1464 -2292 -5993
6707 -1455 -2289 -5985
6736 -1452 -2299 -6001
6790 -1457 -2286 -5983
6818 -1453 -2288 -6012
6872 -1456 -2288 -5987
6900 -1455 -2297 -5994
6955 -1464 -2287 -5986
6984 -1446 -2287 -5994
7039 -1460 -2288 -5979
7067 -1450 -2290 -5997
7121 -1460 -2290 -5997
7149 -1459 -2293 -5984
7204 -1467 -2291 -5996
7232 -1451 -2286 -5987
7289 -1465 -2285 -5998
7316 -1461 -2289 -5991
7372 -1454 -2296 -5993
7401 -1453 -2291 -5993
7459 -1458 -2285 -5995
7494 -1463 -2291 -5993
7523 -1452 -2294 -5997
7579 -1458 -2289 -5989
7605 -1459 -2291 -5994
7662 -1464 -2291 -5994
7688 -1462 -2291 -5988
7744 -1458 -2290 -5995
7772 -1458 -2281 -5988
7828 -1458 -2291 -5996
7855 -1456 -2295 -5985
7909 -1450 -2288 -5993
7937 -1455 -2299 -5983
7993 -1457 -2294 -5994
8020 -1460 -2300 -6003
8074 -1457 -2279 -5987
8102 -1455 -2304 -6014
8156 -1455 -2287 -5987
8185 -1451 -2297 -5992
8243 -1459 -2289 -5988
8269 -1462 -2286 -6001
8324 -1455 -2292 -5990
8353 -1451 -2288 -5988
8408 -1452 -2295 -5998
8434 -1454 -2295 -5984
8490 -1453 -2295 -5999
8519 -1456 -2292 -5987
8575 -1449 -2286 -5990
8600 -1454 -2300 -6000
8655 -1453 -2285 -5991
8682 -1455 -2291 -6001
8736 -1457 -2293 -5990
8767 -1450 -2284 -5990
8822 -1449 -2285 -5997
8851 -1449 -2293 -5991
8906 -1456 -2286 -5993
8932 -1460 -2293 -5981
8987 -1461 -2295 -5990
9015 -1451 -2293 -5980
9070 -1457 -2290 -5990
9098 -1459 -2288 -5992
9151 -1449 -2289 -5991
9181 -1454 -2294 -5995
9235 -1461 -2292 -5989
9264 -1453 -2288 -5989
9320 -1457 -2293 -5988
9347 -1457 -2290 -5995
9404 -1452 -2294 -5987
9430 -1458 -2282 -5988
9487 -1447 -2284 -5988
9512 -1455 -2290 -5982
9567 -1452 -2295 -5989
9594 -1451 -2286 -5987
9647 -1464 -2294 -5989
9677 -1454 -2290 -5987
9733 -1446 -2287 -5991
9761 -1464 -2294 -5994
9814 -1457 -2288 -5989
9845 -1458 -2289 -5997
9900 -1455 -2293 -5986
9927 -1461 -2295 -5990
9982 -1456 -2293 -5979
10008 -1458 -2290 -5997
10064 -1460 -2298 -5986
10093 -1454 -2291 -5997
10147 -1456 -2289 -5979
10176 -1457 -2288 -6002
10233 -1461 -2292 -5986
10259 -1462 -2292 -5995
10314 -1459 -2292 -5989
10342 -1456 -2286 -6001
10397 -1456 -2282 -5986
10424 -1456 -2290 -5990
10480 -1447 -2295 -6003
10507 -1457 -2285 -5979
10563 -1459 -2290 -5999
10592 -1456 -2294 -5995
10648 -1459 -2289 -5990
10672 -1457 -2285 -5995
10727 -1457 -2283 -5987
10757 -1461 -2277 -5990
10813 -1453 -2289 -5989
10840 -1457 -2289 -5992
10895 -1458 -2296 -5992
10923 -1452 -2293 -5997
10978 -1456 -2288 -5986
11005 -1452 -2287 -5987
11060 -1457 -2287 -5987
11088 -1449 -2303 -5973
11143 -1450 -2300 -5976
11171 -1459 -2295 -5971
11226 -1443 -2299 -5974
11253 -1459 -2297 -5981
11309 -1458 -2290 -5978
11337 -1452 -2302 -5976
11392 -1453 -2304 -5971
11420 -1455 -2297 -5974
11475 -1451 -2299 -5974
11500 -1453 -2300 -5977
11555 -1450 -2295 -5977
11585 -1452 -2297 -5976
11640 -1453 -2302 -5975
11667 -1450 -2297 -5979
11722 -1450 -2299 -5976
11750 -1451 -2296 -5974
11805 -1447 -2307 -5977
11834 -1557 -3471 -9359
11887 -2372 -4979 -8135
11917 -2070 -4349 -8928
11970 -1908 -4203 -8126
11999 -1933 -3600 -7715
12054 -1783 -2950 -6744
12082 -1570 -2539 -6258
12136 -1545 -2439 -6138
12165 -1478 -2352 -6071
12222 -1474 -2339 -6065
12249 -1473 -2323 -6041
12304 -1474 -2320 -6028
12332 -1467 -2323 -6012
12386 -1462 -2318 -6010
12415 -1464 -2315 -6007
12468 -1458 -2318 -6001
12497 -1465 -2310 -5999
12550 -1462 -2314 -5993
12578 -1461 -2312 -5991
12632 -1461 -2305 -5998
12663 -1460 -2299 -5995
12719 -1466 -2306 -5988
12746 -1461 -2301 -5986
12801 -1460 -2305 -5986
12827 -1458 -2308 -5986
12883 -1459 -2306 -5987
12911 -1463 -2313 -5979
12965 -1462 -2310 -5985
12992 -1457 -2304 -5989
13049 -1460 -2293 -5981
13077 -1455 -2306 -5983
13132 -1456 -2298 -5981
13159 -1461 -2301 -5972
13214 -1458 -2299 -5979
13244 -1456 -2295 -5983
13299 -1456 -2296 -5986
13325 -1456 -2304 -5982
13380 -1455 -2307 -5978
13408 -1458 -2294 -5987
13466 -1452 -2298 -5980
13492 -1449 -2300 -5974
13549 -1463 -2303 -5985
13574 -1458 -2298 -5979
13627 -1453 -2301 -5982
13657 -1454 -2303 -5977
13714 -1451 -2297 -5982
13739 -1450 -2301 -5979
13794 -1455 -2305 -5987
13824 -1460 -2294 -5979
13878 -1457 -2299 -5977
13907 -1454 -2299 -5977
13964 -1449 -2298 -5976
13989 -1457 -2296 -5972
14045 -1453 -2299 -5981
14072 -1456 -2298 -5982
14128 -1449 -2298 -5976
14155 -1456 -2301 -5976
14210 -1456 -2302 -5976
14236 -1454 -2302 -5978
14292 -1459 -2293 -5977
14322 -1456 -2304 -5979
14375 -1455 -2303 -5979
14402 -1455 -2291 -5983
14458 -1455 -2298 -5976
14487 -1449 -2296 -5977
14540 -1459 -2296 -5976
14568 -1453 -2299 -5978
14622 -1460 -2291 -5972
14652 -1456 -2293 -5976
14705 -1452 -2295 -5983
14734 -1450 -2299 -5981
14791 -1456 -2302 -5980
14817 -1461 -2297 -5978
14872 -1452 -2294 -5974
14900 -1463 -2302 -5975
14957 -1461 -2308 -5977
14983 -1446 -2294 -5983
15037 -1455 -2302 -5976
15067 -1455 -2301 -5979
15121 -1455 -2293 -5977
15150 -1459 -2299 -5974
15208 -1455 -2297 -5984
15232 -1451 -2300 -5976
15285 -1453 -2301 -5980
15315 -1456 -2300 -5974
15370 -1453 -2298 -5978
15400 -1455 -2303 -5979
15453 -1452 -2289 -5979
15481 -1453 -2309 -5971
15535 -1452 -2292 -5970
15563 -1460 -2298 -5974
15617 -1464 -2302 -5982
15648 -1453 -2291 -5977
15703 -1454 -2298 -5978
15730 -1458 -2295 -5974
15784 -1448 -2302 -5980
15813 -1451 -2300 -5974
15869 -1450 -2294 -5976
15896 -1455 -2296 -5974
15951 -1458 -2294 -5980
15980 -1454 -2297 -5994
16035 -1522 -2370 -6386
16061 -1466 -2329 -6175
16120 -1474 -2317 -6099
16143 -1449 -2311 -6093
16198 -1453 -2309 -6111
16226 -1450 -2296 -6036
16281 -1448 -2323 -6118
16307 -1452 -2300 -6037
16363 -1453 -2323 -6087
16394 -1453 -2311 -6050
16451 -1458 -2304 -6069
16475 -1462 -2319 -6053
16533 -1458 -2303 -6054
16559 -1455 -2319 -6055
16616 -1458 -2310 -6054
16640 -1454 -2316 -6072
16694 -1458 -2306 -6054
16726 -1459 -2308 -6055
16778 -1451 -2309 -6058
16807 -1453 -2309 -6059
16865 -1446 -2307 -6060
16889 -1454 -2311 -6064
16945 -1458 -2304 -6064
16972 -1450 -2317 -6064
17025 -1462 -2305 -6058
17055 -1456 -2308 -6077
17109 -1456 -2309 -6050
17138 -1455 -2321 -6077
17196 -1453 -2311 -6052
17222 -1453 -2311 -6067
17278 -1457 -2329 -6066
17304 -1458 -2324 -6092
17361 -1467 -2350 -6121
17388 -1484 -2380 -6136
17443 -1478 -2359 -6117
17468 -1479 -2378 -6134
17525 -1478 -2374 -6139
17552 -1489 -2381 -6155
17608 -1497 -2386 -6133
17636 -1487 -2383 -6158
17693 -1496 -2386 -6134
17719 -1496 -2378 -6139
17777 -1497 -2394 -6147
17801 -1493 -2380 -6134
17854 -1486 -2379 -6145
17885 -1492 -2382 -6129
17941 -1490 -2383 -6147
17968 -1492 -2382 -6143
18025 -1492 -2375 -6134
18050 -1497 -2383 -6132
18105 -1492 -2385 -6148
18133 -1482 -2378 -6141
18188 -1496 -2396 -6148
18216 -1487 -2380 -6141
18271 -1492 -2375 -6145
18299 -1493 -2386 -6137
18354 -1485 -2380 -6146
18381 -1496 -2379 -6134
18437 -1490 -2378 -6156
18465 -1492 -2379 -6134
18520 -1494 -2371 -6136
18546 -1497 -2374 -6136
18604 -1482 -2384 -6142
18631 -1494 -2377 -6130
18688 -1492 -2386 -6145
18715 -1499 -2386 -6144
18769 -1486 -2369 -6137
18798 -1492 -2380 -6149
18854 -1494 -2374 -6133
18878 -1508 -2383 -6142
18935 -1490 -2382 -6138
18963 -1493 -2379 -6129
19019 -1495 -2376 -6141
19043 -1495 -2371 -6137
19102 -1488 -2391 -6151
19128 -1489 -2376 -6133
19184 -1485 -2382 -6149
19212 -1477 -2384 -6145
19266 -1490 -2366 -6146
19294 -1488 -2385 -6150
19333 -1489 -2377 -6142
19386 -1485 -2383 -6147
19435 -1482 -2381 -6137
19459 -1475 -2379 -6148
19518 -1489 -2389 -6148
19541 -1489 -2381 -6148
19597 -1489 -2386 -6144
19625 -1482 -2375 -6129
19678 -1485 -2381 -6159
19709 -1482 -2375 -6126
19764 -1485 -2373 -6147
19792 -1484 -2391 -6133
19848 -1485 -2368 -6152
19874 -1483 -2380 -6144
19930 -1498 -2377 -6121
19957 -1497 -2370 -6139
20010 -1493 -2389 -6138
20041 -1482 -2368 -6142
20094 -1494 -2372 -6130
20122 -1486 -2391 -6161
20180 -1495 -2381 -6120
20208 -1489 -2385 -6136
20265 -1496 -2364 -6149
20287 -1493 -2376 -6129
20343 -1494 -2380 -6131
20370 -1495 -2371 -6139
20428 -1502 -2391 -6141
20453 -1488 -2370 -6124
20508 -1493 -2384 -6146
20538 -1507 -2379 -6129
20594 -1507 -2368 -6119
20620 -1505 -2394 -6144
20673 -1496 -2364 -6121
20702 -1497 -2390 -6155
20759 -1483 -2379 -6123
20787 -1489 -2379 -6144
20841 -1480 -2374 -6112
20868 -1463 -2308 -6007
20923 -1460 -2327 -5987
20953 -1452 -2317 -5994
21007 -1455 -2304 -5991
21035 -1457 -2304 -5990
21090 -1462 -2306 -5985
21118 -1455 -2299 -5991
21175 -1461 -2301 -5983
21200 -1455 -2308 -5985
21255 -1453 -2303 -5988
21283 -1446 -2299 -5982
21342 -1456 -2302 -5982
21366 -1457 -2301 -5987
21424 -1458 -2298 -5985
21448 -1455 -2304 -5982
21505 -1456 -2294 -5979
21530 -1454 -2304 -5982
21584 -1454 -2295 -5979
21614 -1459 -2304 -5984
21670 -1460 -2302 -5984
21698 -1452 -2301 -5987
21756 -1455 -2294 -5984
21781 -1459 -2299 -5977
21836 -1462 -2301 -5978
21865 -1455 -2297 -5974
21921 -1456 -2307 -5980
21944 -1458 -2301 -5982
21998 -1458 -2296 -5977
22030 -1459 -2295 -5982
22085 -1458 -2296 -5992
22114 -1453 -2295 -5981
22167 -1452 -2301 -5985
22196 -1455 -2301 -5985
22252 -1459 -2293 -5979
22277 -1452 -2291 -5980
22333 -1452 -2306 -5978
22361 -1463 -2302 -5979
22417 -1454 -2298 -5980
22443 -1453 -2294 -5976
22497 -1454 -2291 -5982
22527 -1455 -2293 -5975
22582 -1458 -2308 -5976
22610 -1458 -2303 -5979
22665 -1457 -2298 -5977
22693 -1456 -2299 -5976
22748 -1452 -2303 -5978
22775 -1459 -2300 -5983
22830 -1457 -2298 -5978
22859 -1449 -2300 -5980
22916 -1452 -2295 -5976
22942 -1453 -2295 -5985
22999 -1466 -2298 -5983
23025 -1458 -2302 -5982
23079 -1456 -2298 -5972
23106 -1460 -2296 -5980
23163 -1459 -2303 -5978
23189 -1460 -2291 -5976
23245 -1456 -2303 -5977
23273 -1446 -2297 -5973
23330 -1451 -2299 -5973
23357 -1463 -2292 -5981
23416 -1460 -2297 -5982
23450 -1456 -2298 -5978
23480 -1457 -2290 -5971
23534 -1455 -2302 -5979
23562 -1456 -2301 -5978
23618 -1464 -2301 -5977
23645 -1454 -2295 -5979
23700 -1457 -2300 -5981
23729 -1454 -2302 -5980
23784 -1457 -2303 -5972
23812 -1453 -2298 -5980
23870 -1459 -2304 -5976
23895 -1456 -2302 -5975
23949 -1458 -2300 -5977
23977 -1455 -2297 -5977
24031 -1456 -2301 -5975
24061 -1450 -2294 -5974
24115 -1451 -2295 -5981
24143 -1458 -2299 -5975
24199 -1455 -2296 -5980
24227 -1457 -2296 -5984
24281 -1460 -2305 -5981
24309 -1458 -2292 -5979
24364 -1459 -2295 -5978
24392 -1460 -2296 -5982
24448 -1452 -2306 -5983
24475 -1456 -2297 -5977
24531 -1453 -2297 -5977
24558 -1460 -2294 -5984
24612 -1452 -2298 -5971
24641 -1450 -2296 -5980
24699 -1454 -2291 -5974
24725 -1458 -2295 -5973
24781 -1455 -2302 -5975
24808 -1457 -2297 -5977
24864 -1461 -2293 -5971
24887 -1462 -2300 -5970
24944 -1458 -2303 -5977
24970 -1458 -2309 -5978
25025 -1463 -2297 -5974
25056 -1454 -2292 -5976
25113 -1451 -2298 -5975
25137 -1453 -2298 -5978
25195 -1453 -2296 -5972
25223 -1457 -2290 -5982
25280 -1453 -2291 -5980
25304 -1457 -2299 -5978
25359 -1452 -2293 -5979
25387 -1451 -2292 -5976
25442 -1460 -2294 -5979
25470 -1446 -2298 -5980
25524 -1452 -2291 -5975
25552 -1455 -2295 -5976
25610 -1454 -2298 -5971
25637 -1459 -2297 -5979
25691 -1456 -2300 -5970
25719 -1460 -2300 -5973
25772 -1458 -2292 -5979
25801 -1649 -2909 -7335
25856 -1561 -2508 -6543
25885 -1574 -2671 -6817
25939 -1549 -2627 -6773
25967 -1547 -2561 -6765
26020 -1587 -2602 -6634
26049 -1564 -2596 -6822
26106 -1580 -2558 -6588
26131 -1560 -2579 -6737
26184 -1550 -2592 -6667
26215 -1569 -2556 -6680
26270 -1561 -2617 -6698
26300 -1559 -2570 -6711
26355 -1561 -2597 -6679
26381 -1559 -2580 -6704
26434 -1556 -2578 -6700
26465 -1556 -2582 -6692
26520 -1568 -2596 -6691
26546 -1560 -2571 -6700
26604 -1560 -2590 -6699
26630 -1556 -2580 -6690
26688 -1558 -2576 -6715
26712 -1558 -2587 -6699
26765 -1573 -2592 -6709
26795 -1562 -2580 -6701
26844 -1563 -2583 -6706
26895 -1553 -2590 -6706
26921 -1563 -2595 -6701
26976 -1562 -2585 -6709
27004 -1563 -2591 -6693
27059 -1556 -2581 -6706
27087 -1571 -2591 -6684
27142 -1557 -2589 -6710
27169 -1564 -2594 -6696
27224 -1566 -2591 -6709
27252 -1560 -2586 -6705
27310 -1568 -2580 -6704
27334 -1560 -2586 -6693
27389 -1551 -2587 -6707
27418 -1566 -2583 -6696
27473 -1563 -2592 -6710
27501 -1563 -2586 -6691
27556 -1565 -2582 -6719
27582 -1574 -2584 -6700
27639 -1562 -2595 -6713
27667 -1584 -2586 -6687
27721 -1566 -2602 -6704
27749 -1568 -2589 -6699
27803 -1560 -2578 -6687
27833 -1565 -2582 -6694
27888 -1566 -2593 -6726
27915 -1578 -2583 -6683
27971 -1575 -2602 -6714
27997 -1568 -2578 -6681
28053 -1573 -2592 -6719
28081 -1564 -2580 -6679
28137 -1586 -2595 -6732
28165 -1577 -2585 -6670
28220 -1573 -2586 -6704
28247 -1564 -2597 -6707
28305 -1568 -2583 -6688
28329 -1567 -2580 -6703
28386 -1570 -2599 -6712
28413 -1571 -2586 -6700
28471 -1575 -2593 -6705
28509 -1561 -2584 -6691
28537 -1566 -2591 -6705
28591 -1572 -2579 -6697
28619 -1563 -2588 -6699
28675 -1563 -2590 -6712
28704 -1558 -2591 -6703
28759 -1564 -2592 -6715
28784 -1566 -2583 -6701
28843 -1571 -2593 -6701
28867 -1569 -2602 -6712
28922 -1579 -2600 -6699
28953 -1558 -2583 -6707
29008 -1560 -2592 -6711
29034 -1567 -2591 -6715
29089 -1557 -2598 -6711
29118 -1564 -2590 -6713
29173 -1561 -2592 -6708
29199 -1570 -2592 -6705
29257 -1558 -2588 -6700
29283 -1563 -2593 -6711
29338 -1559 -2592 -6697
29365 -1568 -2596 -6711
29421 -1565 -2599 -6717
29449 -1565 -2594 -6701
29503 -1566 -2601 -6714
29532 -1561 -2590 -6708
29590 -1563 -2597 -6707
29614 -1568 -2601 -6710
29670 -1561 -2602 -6715
29697 -1561 -2588 -6707
29754 -1567 -2597 -6717
29781 -1569 -2591 -6706
29835 -1563 -2591 -6696
29864 -1561 -2601 -6724
29918 -1568 -2594 -6717
29946 -1570 -2580 -6709
30000 -1592 -2934 -7506
30029 -1810 -3269 -7405
30081 -1710 -3111 -7591
30112 -1721 -3135 -7477
30166 -1729 -3106 -7443
30194 -1759 -3180 -7584
30251 -1729 -3087 -7500
30278 -1766 -3165 -7538
30334 -1730 -3116 -7542
30360 -1730 -3139 -7542
30419 -1729 -3117 -7501
30444 -1736 -3143 -7530
30500 -1723 -3090 -7481
30524 -1727 -3103 -7470
30579 -1721 -3044 -7402
30609 -1713 -3006 -7354
30662 -1687 -2920 -7261
30691 -1690 -2858 -6661
30747 -1483 -2376 -6150
30775 -1475 -2376 -6104
30831 -1473 -2339 -6094
30857 -1468 -2347 -6078
30911 -1472 -2341 -6068
30939 -1469 -2332 -6055
30999 -1470 -2324 -6051
31022 -1472 -2324 -6048
31078 -1465 -2325 -6040
31107 -1465 -2327 -6043
31163 -1463 -2323 -6042
31190 -1458 -2323 -6033
31245 -1460 -2324 -6029
31272 -1462 -2313 -6027
31328 -1461 -2315 -6027
31354 -1461 -2321 -6028
31412 -1461 -2322 -6014
31438 -1462 -2314 -6021
31493 -1471 -2316 -6017
31523 -1462 -2320 -6019
31576 -1455 -2317 -6010
31605 -1458 -2312 -6020
31660 -1460 -2311 -6003
31686 -1455 -2309 -6016
31740 -1460 -2311 -6009
31769 -1458 -2315 -6007
31824 -1463 -2305 -6004
31854 -1456 -2309 -6009
31914 -1457 -2319 -6009
31947 -1457 -2311 -6011
31976 -1459 -2310 -6007
32029 -1462 -2305 -6006
32059 -1458 -2303 -6002
32115 -1463 -2310 -6005
32142 -1459 -2311 -6000
32197 -1464 -2310 -6010
32226 -1458 -2315 -5993
32281 -1461 -2305 -6002
32308 -1459 -2317 -6001
32363 -1454 -2294 -6004
32393 -1456 -2309 -5993
32446 -1462 -2308 -6000
32473 -1459 -2302 -5999
32530 -1457 -2307 -5999
32557 -1462 -2310 -5993
32610 -1459 -2308 -5995
32641 -1458 -2310 -5992
32698 -1460 -2305 -5996
32723 -1453 -2305 -5995
32776 -1461 -2308 -6000
32807 -1460 -2298 -5998
32863 -1460 -2305 -5997
32889 -1455 -2302 -5990
32944 -1456 -2311 -5999
32973 -1464 -2303 -5993
33028 -1463 -2306 -5996
33054 -1458 -2301 -5993
33110 -1458 -2305 -5991
33137 -1461 -2298 -5999
33194 -1464 -2304 -5992
33218 -1456 -2299 -5991
33273 -1466 -2298 -5997
33304 -1460 -2298 -5998
33358 -1456 -2309 -5993
33386 -1458 -2303 -5989
33443 -1453 -2299 -5991
33469 -1463 -2305 -5991
33524 -1460 -2304 -5992
33552 -1454 -2303 -5999
33608 -1455 -2299 -5992
33634 -1460 -2296 -5988
33690 -1452 -2301 -5991
33718 -1460 -2305 -5987
33772 -1454 -2298 -5996
33801 -1457 -2302 -5991
33857 -1465 -2305 -5983
33888 -1453 -2303 -5987
33944 -1461 -2303 -5986
33980 -1462 -2300 -5984
34008 -1457 -2304 -5987
34064 -1455 -2299 -5982
34090 -1463 -2299 -5987
34144 -1458 -2302 -5984
34175 -1456 -2298 -5991
34229 -1462 -2304 -5985
34255 -1460 -2301 -5985
34309 -1459 -2296 -5984
34338 -1458 -2300 -5987
34389 -1455 -2296 -5980
34421 -1454 -2302 -5987
34476 -1461 -2292 -5990
34503 -1456 -2300 -5981
34559 -1455 -2309 -5984
34587 -1462 -2304 -5981
34642 -1457 -2306 -5983
34670 -1455 -2305 -5987
34726 -1453 -2306 -5983
34753 -1454 -2300 -5987
34810 -1465 -2304 -5982
34837 -1458 -2304 -5979
34891 -1456 -2291 -5985
34919 -1461 -2294 -5978
34976 -1460 -2299 -5986
35002 -1455 -2298 -5987
35054 -1458 -2300 -5984
35085 -1461 -2301 -5986
35139 -1456 -2307 -5988
35169 -1465 -2296 -5986
35224 -1455 -2294 -5984
35253 -1460 -2297 -5976
35312 -1458 -2299 -5987
35348 -1462 -2298 -5986
35377 -1460 -2305 -5985
35430 -1464 -2307 -5981
35459 -1458 -2302 -5983
35511 -1457 -2294 -5980
35542 -1460 -2294 -5984
35598 -1460 -2304 -5980
35625 -1471 -2786 -8082
35680 -1824 -3123 -7462
35705 -1665 -3210 -8082
35759 -1657 -3042 -7745
35790 -1684 -3012 -7597
35844 -1746 -3155 -7825
35872 -1686 -2954 -7717
35925 -1770 -3080 -7645
35956 -1698 -3004 -7792
36009 -1687 -3009 -7615
36036 -1695 -2991 -7675
36091 -1688 -3083 -7726
36120 -1723 -2990 -7645
36175 -1728 -3066 -7737
36205 -1701 -2995 -7648
36260 -1720 -3040 -7776
36287 -1688 -2995 -7584
36339 -1712 -3063 -7770
36370 -1710 -3003 -7638
36424 -1726 -3057 -7737
36454 -1703 -3019 -7671
36508 -1713 -3014 -7715
36536 -1703 -3027 -7677
36592 -1703 -3023 -7714
36617 -1713 -3025 -7681
36672 -1718 -3030 -7695
36701 -1698 -3005 -7706
36759 -1743 -3094 -7673
36784 -1663 -2963 -7744
36842 -1780 -3075 -7595
36870 -1678 -3033 -7872
36926 -1718 -3036 -7541
36951 -1699 -3028 -7810
37007 -1716 -3072 -7679
37036 -1715 -3010 -7696
37091 -1712 -3057 -7754
37116 -1737 -3039 -7659
37171 -1692 -3023 -7767
37199 -1728 -3052 -7629
37254 -1705 -3031 -7818
37281 -1713 -3033 -7620
37335 -1715 -3039 -7747
37365 -1697 -3048 -7728
37421 -1710 -3045 -7681
37449 -1697 -3031 -7765
37503 -1707 -3040 -7651
37531 -1708 -3033 -7786
37586 -1698 -3044 -7686
37612 -1713 -3033 -7737
37667 -1707 -3043 -7712
37697 -1715 -3030 -7716
37752 -1706 -3042 -7738
37780 -1704 -3018 -7686
37833 -1720 -3056 -7789
37862 -1695 -3016 -7637
37916 -1710 -3046 -7773
37945 -1697 -3040 -7714
38001 -1711 -3023 -7694
38027 -1698 -3053 -7727
38081 -1712 -3039 -7721
38111 -1702 -3020 -7703
38165 -1699 -3047 -7724
38196 -1708 -3036 -7724
38252 -1710 -3063 -7737
38288 -1716 -3018 -7703
38316 -1714 -3057 -7730
38368 -1692 -3012 -7690
38419 -1709 -3048 -7762
38454 -1714 -3033 -7698
38485 -1714 -3044 -7715
38540 -1714 -3038 -7719
38566 -1721 -3037 -7538
38622 -1539 -2425 -6683
38649 -1514 -2437 -6832
38707 -1546 -2488 -6742
38732 -1531 -2420 -6752
38789 -1532 -2454 -6711
38818 -1510 -2433 -6807
38871 -1506 -2444 -6723
38896 -1511 -2419 -6715
38953 -1542 -2479 -6802
38981 -1505 -2415 -6703
39036 -1560 -2467 -6780
39063 -1506 -2435 -6772
39121 -1531 -2432 -6680
39146 -1503 -2458 -6819
39203 -1521 -2460 -6705
39232 -1527 -2452 -6833
39287 -1576 -2709 -7118
39313 -1595 -2676 -7141
39370 -1597 -2817 -7288
39396 -1614 -2830 -7328
39453 -1625 -2863 -7362
39480 -1657 -2963 -7464
39535 -1700 -3045 -7601
39561 -1696 -2998 -7481
39617 -1687 -3029 -7602
39646 -1717 -3109 -7651
39699 -1705 -3083 -7635
39727 -1688 -3053 -7576
39784 -1708 -3111 -7695
39812 -1680 -3039 -7596
39850 -1699 -3092 -7631
39901 -1686 -3058 -7670
39950 -1696 -3084 -7616
39976 -1687 -3049 -7632
40030 -1705 -3099 -7672
40058 -1693 -3070 -7629
40112 -1704 -3072 -7647
40142 -1701 -3093 -7652
40199 -1688 -3071 -7642
40225 -1680 -3084 -7679
40281 -1710 -3092 -7629
40309 -1696 -3073 -7666
40364 -1708 -3085 -7592
40390 -1701 -3085 -7706
40448 -1699 -3065 -7567
40472 -1706 -3073 -7503
40528 -1462 -2380 -6220
40556 -1476 -2391 -6157
40612 -1473 -2366 -6130
40639 -1478 -2345 -6109
40698 -1469 -2356 -6099
40722 -1470 -2346 -6086
40778 -1469 -2342 -6075
40806 -1466 -2343 -6072
40860 -1465 -2337 -6059
40889 -1461 -2340 -6062
40945 -1467 -2330 -6061
40972 -1467 -2322 -6054
41028 -1469 -2332 -6048
41052 -1461 -2322 -6043
41108 -1468 -2326 -6042
41136 -1456 -2322 -6039
41189 -1463 -2324 -6039
41219 -1461 -2328 -6031
41277 -1462 -2323 -6032
41302 -1462 -2323 -6037
41356 -1465 -2318 -6029
41386 -1466 -2318 -6034
41442 -1457 -2314 -6024
41468 -1468 -2317 -6027
41522 -1460 -2320 -6029
41552 -1461 -2319 -6027
41608 -1456 -2317 -6022
41634 -1465 -2318 -6023
41687 -1457 -2316 -6023
41717 -1464 -2314 -6016
41774 -1462 -2313 -6021
41799 -1457 -2311 -6018
41856 -1463 -2314 -6016
41882 -1458 -2314 -6018
41937 -1462 -2308 -6018
41967 -1459 -2311 -6016
42023 -1453 -2311 -6020
42048 -1460 -2315 -6012
42104 -1459 -2314 -6014
42131 -1467 -2311 -6008
42186 -1456 -2318 -6010
42213 -1460 -2315 -6005
42266 -1458 -2305 -6018
42297 -1451 -2309 -6010
42351 -1460 -2313 -6009
42382 -1458 -2302 -6012
42435 -1457 -2307 -6010
42463 -1456 -2307 -6010
42518 -1465 -2309 -6006
42547 -1458 -2309 -6010
42602 -1461 -2308 -6002
42630 -1459 -2313 -6006
42684 -1468 -2306 -5999
42713 -1457 -2311 -6007
42769 -1460 -2309 -6003
42796 -1454 -2307 -6004
42851 -1460 -2303 -6007
42876 -1460 -2309 -5996
42933 -1459 -2307 -6001
42960 -1461 -2308 -6004
43017 -1456 -2311 -6007
43044 -1457 -2309 -6001
43099 -1459 -2311 -5998
43125 -1460 -2304 -6003
43179 -1468 -2306 -6000
43210 -1456 -2302 -6001
43263 -1457 -2305 -6010
43293 -1466 -2304 -6008
43348 -1463 -2305 -6009
43374 -1459 -2304 -5996
43432 -1462 -2305 -6000
43458 -1457 -2307 -6000
43513 -1469 -2303 -6006
43540 -1464 -2300 -5995
43595 -1454 -2314 -6002
43623 -1462 -2312 -5997
43676 -1461 -2306 -5999
43707 -1456 -2317 -5997
43759 -1454 -2307 -5999
43789 -1455 -2302 -5993
43843 -1458 -2307 -6001
43872 -1449 -2305 -6001
43928 -1461 -2304 -5994
43955 -1454 -2305 -5996
44011 -1456 -2304 -5995
44038 -1460 -2294 -5990
44092 -1455 -2301 -5990
44121 -1462 -2302 -5998
44175 -1455 -2303 -5999
44203 -1457 -2305 -5999
44258 -1458 -2305 -5998
44287 -1463 -2298 -5991
44341 -1455 -2308 -5995
44369 -1461 -2298 -5994
44428 -1454 -2302 -5991
44453 -1457 -2309 -5998
44510 -1458 -2305 -5997
44534 -1456 -2300 -5994
44589 -1461 -2307 -6000
44618 -1459 -2300 -5991
44674 -1455 -2299 -5994
44702 -1464 -2299 -5992
44759 -1463 -2303 -5995
44785 -1459 -2310 -5990
44840 -1455 -2305 -5994
44868 -1459 -2304 -5989
44925 -1446 -2307 -5995
44951 -1457 -2305 -5990
45005 -1457 -2305 -5994
45033 -1455 -2305 -5996
45089 -1462 -2306 -5991
45114 -1458 -2298 -5992
45169 -1461 -2295 -5989
45199 -1461 -2300 -5988
45253 -1459 -2301 -5996
45283 -1456 -2304 -5990
45338 -1461 -2299 -5985
45365 -1457 -2307 -5996
45421 -1459 -2299 -6770
45445 -2008 -3896 -8910
45502 -1713 -3511 -8826
45530 -1736 -3501 -8659
45585 -1760 -3648 -8756
45613 -1802 -3686 -9007
45670 -1843 -3526 -8733
45696 -1940 -3765 -8974
45750 -1829 -3592 -8975
45779 -1816 -3635 -8786
45834 -1780 -3610 -8915
45861 -1779 -3695 -8911
45915 -1813 -3621 -8911
45946 -1841 -3729 -8934
46001 -1825 -3621 -8974
46029 -1796 -3659 -8925
46083 -1780 -3633 -8910
46112 -1810 -3685 -8961
46167 -1773 -3667 -8934
46194 -1836 -3693 -8934
46248 -1793 -3666 -8975
46275 -1803 -3654 -8992
46331 -1798 -3639 -8938
46359 -1811 -3680 -9010
46414 -1803 -3674 -8949
46443 -1812 -3676 -8964
46501 -1806 -3665 -8934
46525 -1793 -3666 -8981
46580 -1782 -3661 -8966
46608 -1824 -3678 -8982
46665 -1808 -3660 -8978
46691 -1821 -3672 -8954
46746 -1794 -3676 -8963
46773 -1805 -3680 -8965
46828 -1805 -3667 -8970
46856 -1812 -3683 -8979
46912 -1799 -3677 -9004
46940 -1808 -3659 -8973
46996 -1800 -3690 -8985
47024 -1821 -3664 -8971
47079 -1806 -3677 -8955
47106 -1822 -3676 -9000
47160 -1811 -3681 -8947
47188 -1818 -3666 -9011
47245 -1816 -3690 -8971
47271 -1826 -3668 -8978
47326 -1816 -3659 -8959
47353 -1827 -3677 -8976
47409 -1819 -3671 -8994
47436 -1845 -3674 -8976
47491 -1840 -3675 -8996
47519 -1827 -3671 -8978
47575 -1837 -3680 -8984
47602 -1827 -3669 -8981
47660 -1818 -3685 -8977
47683 -1823 -3678 -8999
47738 -1829 -3678 -8967
47769 -1826 -3676 -9004
47823 -1822 -3663 -8970
47850 -1842 -3673 -9000
47904 -1835 -3689 -8976
47935 -1818 -3664 -9001
47992 -1814 -3666 -8964
48030 -1792 -3693 -9027
48057 -1808 -3681 -8993
48111 -1813 -3674 -8989
48141 -1814 -3683 -8996
48196 -1813 -3685 -8998
48224 -1804 -3679 -8995
48279 -1812 -3691 -9003
48307 -1816 -3683 -9000
48365 -1804 -3675 -8977
48390 -1807 -3675 -9024
48447 -1797 -3685 -8996
48474 -1818 -3682 -8986
48530 -1803 -3693 -9012
48557 -1806 -3679 -9003
48611 -1795 -3677 -8998
48638 -1816 -3700 -9005
48694 -1823 -3690 -9010
48723 -1806 -3683 -9005
48777 -1811 -3693 -8989
48803 -1802 -3690 -8997
48859 -1806 -3688 -9003
48888 -1822 -3695 -9007
48946 -1811 -3680 -8994
48982 -1831 -3693 -9000
49012 -1818 -3695 -9007
49065 -1806 -3693 -9005
49093 -1815 -3666 -8978
49149 -1804 -3704 -9015
49179 -1836 -3668 -8983
49235 -1832 -3700 -9001
49261 -1827 -3678 -9007
49316 -1823 -3670 -8963
49342 -1838 -3702 -9044
49398 -1827 -3695 -8955
49427 -1838 -3690 -9044
49481 -1813 -3689 -8964
49510 -1832 -3680 -9003
49564 -1820 -3703 -9006
49591 -1817 -3681 -8990
49645 -1834 -3706 -8982
49674 -1825 -3703 -9034
49727 -1817 -3682 -8974
49757 -1834 -3680 -8995
49813 -1837 -3694 -9006
49841 -1829 -3695 -8984
49894 -1827 -3678 -9008
49924 -1822 -3705 -8991
49978 -1820 -3684 -9001
50007 -1814 -3699 -9001
50062 -1812 -3696 -9024
50090 -1799 -3695 -8993
50142 -1824 -3687 -8992
50173 -1830 -3715 -9005
50230 -1839 -3684 -8986
50255 -1836 -3693 -8964
50313 -1655 -2603 -6442
50340 -1492 -2436 -6306
50396 -1481 -2420 -6598
50422 -1487 -2392 -6242
50479 -1486 -2408 -6374
50513 -1483 -2379 -6248
50545 -1470 -2371 -6206
50594 -1481 -2366 -6189
50644 -1482 -2370 -6217
50669 -1491 -2366 -6208
50725 -1474 -2347 -6166
50751 -1474 -2348 -6167
50807 -1472 -2345 -6133
50834 -1474 -2347 -6115
50891 -1472 -2340 -6109
50918 -1480 -2348 -6095
50970 -1470 -2344 -6088
51001 -1462 -2348 -6087
51058 -1470 -2341 -6090
51085 -1463 -2344 -6082
51138 -1471 -2340 -6085
51167 -1463 -2339 -6074
51224 -1462 -2339 -6080
51250 -1473 -2338 -6072
51306 -1464 -2330 -6067
51331 -1467 -2338 -6064
51388 -1459 -2334 -6064
51415 -1455 -2330 -6062
51472 -1467 -2329 -6056
51499 -1465 -2325 -6062
51553 -1460 -2329 -6059
51582 -1462 -2329 -6047
51638 -1464 -2330 -6056
51664 -1462 -2322 -6051
51719 -1470 -2325 -6046
51748 -1460 -2328 -6050
51801 -1459 -2326 -6041
51832 -1464 -2320 -6045
51884 -1467 -2322 -6044
51913 -1460 -2325 -6042
51965 -1462 -2321 -6042
51995 -1454 -2323 -6042
52050 -1459 -2324 -6032
52080 -1464 -2325 -6039
52133 -1458 -2318 -6047
52162 -1457 -2327 -6036
52218 -1463 -2322 -6029
52244 -1468 -2325 -6040
52301 -1463 -2330 -6034
52326 -1462 -2322 -6038
52380 -1458 -2312 -6034
52409 -1465 -2323 -6029
52464 -1460 -2324 -6030
52492 -1455 -2312 -6030
52546 -1460 -2311 -6033
52576 -1464 -2316 -6025
52626 -1468 -2318 -6026
52679 -1458 -2318 -6025
52713 -1457 -2323 -6027
52742 -1457 -2321 -6026
52797 -1458 -2318 -6025
52823 -1462 -2323 -6028
52881 -1462 -2319 -6021
52908 -1463 -2314 -6025
52964 -1462 -2324 -6019
52991 -1461 -2314 -6019
53045 -1457 -2317 -6015
53074 -1461 -2322 -6018
53129 -1458 -2322 -6027
53156 -1463 -2320 -6024
53210 -1467 -2312 -6018
53239 -1462 -2318 -6023
53294 -1455 -2319 -6020
53322 -1464 -2311 -6017
53376 -1458 -2311 -6017
53405 -1460 -2311 -6022
53460 -1455 -2319 -6021
53489 -1464 -2324 -6013
53544 -1465 -2316 -6021
53568 -1454 -2308 -6009
53622 -1459 -2312 -6010
53653 -1454 -2313 -6010
53704 -1468 -2319 -6013
53755 -1463 -2313 -6010
53788 -1469 -2310 -6009
53819 -1456 -2313 -6012
53875 -1454 -2311 -6011
53902 -1460 -2318 -6013
53957 -1462 -2318 -6011
53987 -1462 -2311 -6002
54042 -1456 -2310 -6009
54069 -1456 -2314 -6008
54124 -1468 -2308 -6005
54150 -1460 -2305 -6007
54205 -1456 -2308 -6013
54232 -1457 -2321 -6011
54290 -1455 -2305 -6007
54316 -1454 -2316 -6008
54371 -1456 -2312 -5998
54403 -1460 -2304 -6008
54459 -1463 -2317 -6008
54496 -1457 -2309 -6011
54525 -1457 -2307 -6003
54581 -1451 -2311 -6017
54605 -1457 -2302 -6006
54659 -1458 -2313 -6010
54690 -1461 -2308 -6006
54745 -1463 -2311 -6008
54773 -1462 -2312 -6006
54829 -1463 -2313 -6005
54855 -1455 -2312 -6006
54908 -1461 -2312 -6006
54938 -1459 -2310 -6011
54992 -1458 -2307 -6007
55023 -1452 -2310 -6009
55077 -1456 -2309 -6000
55103 -1459 -2303 -6006
55161 -1458 -2302 -6006
55187 -1458 -2306 -6012
55242 -1928 -4305 -10681
55269 -1831 -3651 -8379
55326 -1497 -2794 -8595
55354 -1606 -3373 -8371
55409 -1680 -3184 -8809
55435 -1690 -3218 -8547
55491 -1813 -3287 -8750
55517 -1737 -3238 -8748
55570 -1666 -3170 -8541
55599 -1650 -3260 -8678
55655 -1657 -3243 -8634
55683 -1727 -3281 -8718
55737 -1743 -3316 -8680
55768 -1764 -3391 -8922
55823 -1710 -3378 -8882
55849 -1714 -3538 -9018
55904 -1683 -3467 -8966
55933 -1737 -3600 -9137
55991 -1798 -3901 -9537
56016 -1818 -4060 -9730
56073 -1833 -4114 -9797
56100 -1813 -4213 -9951
56156 -1824 -4319 -10077
56182 -1855 -4471 -10252
56236 -1890 -4544 -10290
56265 -1893 -4492 -10311
56320 -1842 -4534 -10281
56350 -1868 -4562 -10483
56404 -1885 -4648 -10404
56432 -1897 -4606 -10502
56489 -1919 -4642 -10444
56513 -1888 -4621 -10470
56568 -1873 -4636 -10466
56596 -1870 -4655 -10499
56649 -1913 -4615 -10486
56680 -1935 -4651 -10501
56735 -1908 -4628 -10517
56762 -1920 -4657 -10498
56817 -1891 -4625 -10503
56846 -1885 -4667 -10508
56900 -1885 -4669 -10532
56926 -1876 -4658 -10522
56980 -1898 -4645 -10548
57011 -1878 -4659 -10536
57060 -1891 -4653 -10518
57092 -1890 -4666 -10541
57144 -1902 -4664 -10525
57194 -1888 -4649 -10527
57219 -1908 -4672 -10537
57276 -1903 -4661 -10553
57302 -1906 -4639 -10524
57358 -1925 -4674 -10545
57386 -1907 -4659 -10528
57443 -1923 -4671 -10544
57468 -1904 -4650 -10529
57525 -1917 -4679 -10527
57549 -1912 -4670 -10580
57608 -1936 -4663 -10525
57634 -1923 -4654 -10551
57691 -1910 -4678 -10552
57718 -1911 -4653 -10535
57775 -1908 -4681 -10573
57799 -1909 -4665 -10561
57854 -1931 -4668 -10540
57882 -1931 -4672 -10578
57936 -1942 -4687 -10557
57966 -1949 -4644 -10523
58022 -1976 -4684 -10548
58050 -1957 -4674 -10550
58105 -1970 -4675 -10538
58130 -1926 -4666 -10578
58185 -1937 -4688 -10539
58215 -1915 -4654 -10606
58273 -1907 -4706 -10532
58297 -1919 -4660 -10626
58352 -1895 -4701 -10518
58379 -1908 -4677 -10645
58436 -1901 -4697 -10515
58463 -1915 -4675 -10628
58519 -1906 -4682 -10546
58547 -1930 -4700 -10586
58603 -1935 -4659 -10559
58628 -1952 -4689 -10528
58684 -2019 -4681 -10578
58713 -1896 -4709 -10571
58771 -1997 -4647 -10544
58796 -1896 -4696 -10569
58850 -1954 -4684 -10574
58878 -1919 -4701 -10570
58932 -1948 -4685 -10595
58962 -1919 -4690 -10579
59021 -1920 -4674 -10592
59048 -1895 -4698 -10607
59103 -1902 -4675 -10585
59127 -1875 -4702 -10631
59181 -1874 -4690 -10587
59210 -1854 -4690 -10628
59265 -1864 -4699 -10609
59294 -1847 -4704 -10599
59350 -1869 -4686 -10652
59376 -1856 -4694 -10553
59433 -1861 -4702 -10693
59459 -1844 -4692 -10563
59515 -1873 -4691 -10633
59543 -1860 -4716 -10648
59600 -1872 -4691 -10600
59624 -1862 -4693 -10647
59678 -1880 -4693 -10577
59707 -1876 -4711 -10661
59764 -1863 -4691 -10609
59790 -1888 -4710 -10597
59849 -1855 -4695 -10637
59873 -1879 -4721 -10620
59926 -1881 -4683 -10611
59955 -1880 -4714 -10634
60010 -1891 -4684 -10588
60041 -1879 -4730 -10653
60097 -1823 -3602 -7697
60125 -1434 -2493 -6509
60177 -1491 -2475 -6387
60206 -1492 -2445 -6323
60264 -1489 -2421 -6294
60290 -1487 -2418 -6282
60347 -1482 -2397 -6250
60373 -1474 -2391 -6229
60429 -1482 -2380 -6206
60453 -1485 -2385 -6218
60509 -1484 -2382 -6185
60537 -1482 -2377 -6202
60592 -1469 -2359 -6178
60620 -1474 -2359 -6155
60673 -1472 -2364 -6152
60701 -1471 -2363 -6142
60756 -1463 -2368 -6140
60784 -1472 -2351 -6125
60836 -1473 -2364 -6123
60885 -1463 -2355 -6120
60910 -1458 -2366 -6112
60964 -1464 -2356 -6113
60993 -1463 -2354 -6105
61050 -1469 -2354 -6108
61077 -1465 -2354 -6099
61131 -1466 -2348 -6099
61161 -1467 -2343 -6092
61217 -1465 -2348 -6097
61242 -1463 -2347 -6085
61297 -1461 -2347 -6091
61322 -1464 -2348 -6085
61376 -1470 -2347 -6085
61409 -1462 -2341 -6078
61463 -1468 -2349 -6075
61491 -1465 -2336 -6077
61549 -1456 -2344 -6072
61573 -1461 -2342 -6071
61630 -1462 -2337 -6064
61654 -1458 -2338 -6066
61711 -1464 -2338 -6071
61739 -1470 -2341 -6068
61794 -1465 -2332 -6066
61823 -1465 -2334 -6063
61876 -1459 -2333 -6060
61904 -1463 -2329 -6059
61958 -1461 -2335 -6057
61989 -1459 -2336 -6057
62046 -1463 -2332 -6056
62071 -1461 -2321 -6050
62124 -1457 -2332 -6054
62155 -1458 -2345 -6057
62212 -1461 -2329 -6057
62236 -1467 -2324 -6054
62292 -1463 -2325 -6051
62318 -1466 -2327 -6056
62373 -1464 -2334 -6048
62404 -1462 -2328 -6047
62460 -1462 -2326 -6042
62484 -1455 -2324 -6049
62540 -1457 -2333 -6050
62568 -1465 -2329 -6044
62622 -1460 -2320 -6041
62652 -1452 -2319 -6044
62705 -1465 -2327 -6040
62733 -1462 -2325 -6041
62788 -1458 -2321 -6043
62816 -1467 -2322 -6040
62871 -1469 -2325 -6039
62899 -1461 -2317 -6037
62955 -1465 -2330 -6031
62983 -1457 -2325 -6033
63038 -1461 -2314 -6034
63066 -1455 -2325 -6037
63120 -1471 -2320 -6036
63149 -1461 -2329 -6031
63206 -1465 -2325 -6030
63231 -1463 -2324 -6031
63289 -1458 -2326 -6031
63316 -1456 -2319 -6033
63372 -1457 -2321 -6037
63399 -1465 -2325 -6028
63455 -1459 -2311 -6026
63489 -1460 -2315 -6025
63539 -1464 -2313 -6031
63561 -1460 -2314 -6028
63617 -1466 -2308 -6025
63645 -1455 -2325 -6029
63700 -1460 -2313 -6028
63729 -1456 -2322 -6029
63785 -1457 -2318 -6024
63810 -1453 -2320 -6022
63866 -1465 -2321 -6025
63894 -1463 -2311 -6026
63949 -1465 -2317 -6022
63977 -1459 -2321 -6025
64032 -1469 -2311 -6023
64060 -1468 -2324 -6024
64114 -1455 -2314 -6021
64145 -1461 -2312 -6024
64199 -1455 -2320 -6024
64225 -1453 -2316 -6021
64280 -1456 -2317 -6021
64311 -1454 -2316 -6021
64367 -1463 -2320 -6019
64393 -1459 -2316 -6022
64446 -1464 -2318 -6016
64476 -1466 -2310 -6025
64532 -1461 -2318 -6018
64568 -1462 -2310 -6014
64598 -1455 -2319 -6021
64649 -1460 -2311 -6018
64697 -1459 -2310 -6018
64724 -1464 -2313 -6019
64778 -1457 -2317 -6014
64807 -1461 -2321 -6016
64861 -1457 -2315 -6021
64890 -1459 -2317 -6019
64946 -1462 -2306 -6017
64973 -1459 -2314 -6016
65027 -1463 -2335 -7095
65054 -1983 -3848 -9558
65110 -1579 -3470 -9959
65137 -1617 -3783 -9748
65196 -1598 -3718 -9872
65220 -1602 -3864 -9984
65275 -1682 -3682 -9862
65303 -1845 -3945 -10120
65357 -1727 -3737 -10046
65388 -1684 -3818 -9977
65446 -1636 -3839 -10075
65469 -1655 -3961 -10095
65522 -1698 -4000 -10272
65552 -1815 -4340 -10525
65609 -1759 -4198 -10556
65636 -1758 -4381 -10709
65692 -1709 -4371 -10673
65719 -1737 -4484 -10797
65775 -1778 -4680 -11168
65803 -1886 -5080 -11386
65859 -1840 -5148 -11592
65885 -1858 -5294 -11746
65942 -1835 -5420 -11950
65968 -1891 -5625 -12151
66021 -1879 -5553 -12082
66052 -1894 -5637 -12120
66107 -1878 -5643 -12161
66136 -1878 -5635 -12211
66191 -1894 -5765 -12325
66218 -1938 -5782 -12391
66274 -1942 -5756 -12305
66300 -1943 -5815 -12410
66352 -1904 -5762 -12316
66383 -1908 -5808 -12340
66438 -1893 -5786 -12364
66466 -1914 -5796 -12408
66521 -1928 -5784 -12404
66549 -1938 -5804 -12370
66602 -1926 -5812 -12459
66633 -1919 -5814 -12367
66688 -1902 -5793 -12367
66715 -1912 -5843 -12420
66770 -1919 -5806 -12421
66796 -1921 -5818 -12419
66854 -1909 -5813 -12435
66881 -1920 -5810 -12422
66938 -1909 -5845 -12441
66964 -1927 -5820 -12433
67019 -1925 -5850 -12438
67046 -1920 -5808 -12423
67103 -1917 -5859 -12466
67130 -1922 -5824 -12460
67185 -1937 -5821 -12410
67213 -1944 -5871 -12456
67269 -1913 -5830 -12440
67294 -1933 -5834 -12435
67349 -1930 -5837 -12476
67379 -1931 -5857 -12471
67435 -1931 -5846 -12502
67461 -1947 -5868 -12458
67515 -1920 -5837 -12467
67543 -1927 -5845 -12453
67600 -1893 -5876 -12466
67628 -1921 -5852 -12491
67682 -1916 -5857 -12486
67709 -1903 -5876 -12491
67768 -1866 -5901 -12522
67793 -1825 -5862 -12514
67848 -1785 -5894 -12481
67877 -1817 -5909 -12534
67935 -1778 -5904 -12519
67958 -1844 -5889 -12517
68013 -1787 -5905 -12526
68042 -1837 -5892 -12511
68095 -1813 -5899 -12528
68126 -1850 -5906 -12561
68180 -1808 -5904 -12527
68208 -1830 -5880 -12507
68261 -1806 -5925 -12577
68292 -1817 -5882 -12541
68345 -1793 -5906 -12505
68373 -1816 -5910 -12564
68428 -1778 -5904 -12542
68457 -1845 -5897 -12532
68512 -1862 -5902 -12527
68540 -1899 -5879 -12546
68596 -1875 -5906 -12538
68628 -1900 -5893 -12537
68663 -1892 -5898 -12529
68713 -1934 -5888 -12491
68764 -1911 -5912 -12564
68788 -1912 -5895 -12522
68846 -1900 -5877 -12538
68872 -1927 -5919 -12559
68931 -1911 -5899 -12544
68961 -1933 -5898 -12530
69014 -1900 -5894 -12557
69052 -1907 -5907 -12536
69078 -1905 -5919 -12551
69134 -1913 -5921 -12570
69163 -1912 -5899 -12560
69219 -1914 -5914 -12528
69244 -1908 -5922 -12584
69300 -1941 -5898 -12546
69327 -1917 -5909 -12543
69385 -1920 -5948 -12583
69411 -1894 -5902 -12557
69469 -1901 -5916 -12578
69493 -1877 -5935 -12581
69547 -1885 -5918 -12567
69577 -1879 -5938 -12571
69633 -1888 -5928 -12594
69660 -1889 -5914 -12563
69715 -1903 -5941 -12584
69741 -1898 -5944 -12589
69799 -1903 -5919 -12592
69825 -1908 -5928 -12552
69881 -1905 -5902 -12224
69909 -1752 -3438 -7693
69965 -1548 -2656 -6623
69992 -1496 -2524 -6480
70047 -1493 -2482 -6410
70076 -1491 -2464 -6374
70132 -1478 -2453 -6345
70157 -1467 -2430 -6305
70213 -1481 -2421 -6278
70240 -1483 -2415 -6302
70296 -1482 -2411 -6274
70323 -1487 -2400 -6243
70379 -1488 -2390 -6233
70408 -1478 -2388 -6204
70463 -1479 -2390 -6191
70490 -1474 -2385 -6187
70543 -1471 -2392 -6173
70573 -1464 -2383 -6171
70628 -1470 -2383 -6160
70654 -1468 -2375 -6150
70713 -1465 -2377 -6145
70739 -1469 -2372 -6148
70796 -1465 -2375 -6145
70823 -1467 -2373 -6139
70878 -1469 -2363 -6136
70904 -1473 -2363 -6124
70961 -1457 -2360 -6124
70986 -1462 -2361 -6118
71040 -1454 -2364 -6110
71067 -1466 -2360 -6110
71121 -1461 -2353 -6108
71151 -1462 -2362 -6106
71206 -1457 -2355 -6110
71235 -1467 -2355 -6099
71291 -1462 -2351 -6100
71319 -1467 -2356 -6102
71378 -1463 -2346 -6097
71412 -1462 -2350 -6093
71445 -1464 -2347 -6092
71497 -1462 -2353 -6092
71524 -1468 -2349 -6091
71579 -1469 -2343 -6079
71609 -1462 -2350 -6081
71666 -1464 -2356 -6090
71692 -1461 -2339 -6085
71746 -1472 -2342 -6079
71773 -1464 -2342 -6072
71827 -1464 -2339 -6076
71858 -1467 -2339 -6075
71912 -1468 -2343 -6073
71940 -1467 -2343 -6069
71999 -1458 -2338 -6068
72034 -1460 -2336 -6072
72066 -1464 -2339 -6065
72122 -1465 -2340 -6062
72148 -1457 -2340 -6069
72202 -1462 -2335 -6060
72231 -1457 -2340 -6065
72285 -1463 -2338 -6057
72311 -1459 -2332 -6063
72365 -1465 -2338 -6057
72396 -1457 -2336 -6059
72449 -1461 -2336 -6056
72480 -1465 -2335 -6048
72536 -1461 -2343 -6056
72560 -1463 -2334 -6049
72615 -1454 -2340 -6051
72644 -1455 -2335 -6043
72699 -1459 -2330 -6042
72727 -1462 -2335 -6050
72781 -1464 -2338 -6048
72810 -1455 -2338 -6047
72866 -1460 -2339 -6047
72893 -1463 -2334 -6039
72948 -1457 -2328 -6038
72974 -1456 -2327 -6046
73030 -1454 -2334 -6045
73058 -1466 -2332 -6040
73113 -1460 -2333 -6036
73141 -1448 -2331 -6043
73196 -1453 -2325 -6035
73225 -1459 -2327 -6032
73282 -1455 -2332 -6036
73307 -1449 -2331 -6037
73363 -1454 -2332 -6036
73390 -1459 -2334 -6037
73445 -1462 -2332 -6041
73473 -1459 -2333 -6034
73529 -1448 -2329 -6035
73556 -1461 -2331 -6033
73611 -1463 -2334 -6040
73639 -1453 -2332 -6032
73693 -1448 -2330 -6031
73722 -1465 -2320 -6029
73776 -1453 -2325 -6033
73804 -1450 -2335 -6042
73858 -1456 -2326 -6030
73888 -1450 -2324 -6031
73943 -1458 -2325 -6027
73970 -1456 -2327 -6031
74026 -1461 -2328 -6034
74053 -1455 -2326 -6033
74112 -1463 -2319 -6024
74136 -1462 -2321 -6026
74192 -1458 -2324 -6031
74220 -1449 -2318 -6032
74273 -1459 -2328 -6027
74301 -1462 -2323 -6025
74357 -1463 -2322 -6030
74384 -1454 -2323 -6022
74437 -1460 -2321 -6028
74466 -1452 -2324 -6024
74523 -1461 -2320 -6030
74552 -1459 -2320 -6024
74607 -1459 -2327 -6029
74633 -1469 -2322 -6026
74691 -1463 -2321 -6025
74717 -1460 -2318 -6020
74773 -1455 -2316 -6023
74801 -1456 -2315 -6063
74856 -2068 -4732 -11929
74882 -1896 -6371 -13386
74939 -1554 -6544 -13698
74966 -1400 -7135 -14074
75022 -1375 -6900 -14422
75048 -1629 -6784 -13793
75104 -2045 -7364 -14653
75132 -1998 -7065 -14527
75186 -1824 -6998 -14297
75215 -1614 -7063 -14292
75268 -1498 -7072 -14352
75297 -1602 -7044 -14314
75352 -1843 -7241 -14424
75380 -1890 -7160 -14500
75439 -1840 -7182 -14564
75465 -1736 -7110 -14416
75521 -1629 -7136 -14475
75547 -1678 -7140 -14438
75602 -1766 -7218 -14446
75630 -1786 -7199 -14442
75684 -1797 -7212 -14556
75712 -1743 -7160 -14490
75768 -1723 -7190 -14545
75795 -1739 -7192 -14560
75849 -1745 -7212 -14517
75879 -1766 -7217 -14483
75932 -1757 -7240 -14521
75961 -1755 -7233 -14547
76015 -1761 -7216 -14544
76044 -1764 -7213 -14558
76103 -1778 -7248 -14615
76126 -1794 -7241 -14542
76179 -1761 -7252 -14578
76210 -1746 -7211 -14509
76267 -1730 -7261 -14577
76292 -1754 -7251 -14607
76347 -1771 -7244 -14605
76377 -1776 -7265 -14621
76433 -1721 -7267 -14585
76457 -1691 -7239 -14567
76514 -1679 -7262 -14605
76543 -1725 -7257 -14620
76597 -1747 -7277 -14632
76623 -1764 -7286 -14643
76679 -1703 -7267 -14641
76708 -1717 -7252 -14600
76762 -1694 -7296 -14610
76792 -1712 -7300 -14658
76846 -1697 -7266 -14617
76872 -1660 -7301 -14613
76930 -1634 -7311 -14676
76957 -1641 -7299 -14691
77013 -1638 -7302 -14667
77041 -1630 -7314 -14642
77095 -1601 -7331 -14685
77121 -1587 -7299 -14643
77175 -1600 -7332 -14693
77206 -1605 -7321 -14675
77260 -1633 -7319 -14672
77289 -1670 -7327 -14704
77346 -1606 -7317 -14670
77370 -1646 -7294 -14648
77426 -1641 -7344 -14682
77455 -1723 -7302 -14707
77511 -1677 -7309 -14665
77539 -1759 -7281 -14660
77595 -1682 -7343 -14690
77620 -1737 -7294 -14684
77676 -1695 -7318 -14684
77702 -1716 -7306 -14658
77758 -1686 -7341 -14697
77786 -1705 -7329 -14721
77841 -1689 -7301 -14673
77869 -1712 -7339 -14692
77925 -1671 -7345 -14713
77953 -1710 -7310 -14680
78009 -1669 -7316 -14702
78036 -1708 -7330 -14694
78090 -1685 -7341 -14713
78119 -1715 -7328 -14694
78175 -1682 -7337 -14722
78201 -1692 -7329 -14693
78256 -1659 -7346 -14706
78285 -1640 -7354 -14721
78340 -1653 -7333 -14732
78367 -1620 -7343 -14682
78421 -1609 -7372 -14739
78450 -1564 -7377 -14754
78504 -1698 -7324 -14723
78534 -1632 -7375 -14703
78589 -1713 -7351 -14750
78617 -1598 -7339 -14714
78670 -1689 -7341 -14731
78698 -1729 -7349 -14712
78753 -1675 -7342 -14717
78782 -1682 -7350 -14733
78839 -1621 -7349 -14717
78865 -1669 -7337 -14724
78919 -1696 -7371 -14734
78950 -1713 -7360 -14767
79004 -1726 -7338 -14726
79031 -1698 -7343 -14706
79087 -1745 -7360 -14745
79115 -1726 -7348 -14736
79172 -1757 -7336 -14700
79197 -1749 -7370 -14741
79252 -1764 -7342 -14729
79280 -1729 -7359 -14738
79334 -1754 -7344 -14730
79362 -1738 -7358 -14751
79418 -1748 -7359 -14723
79446 -1731 -7361 -14749
79503 -1704 -7343 -14735
79527 -1723 -7361 -14713
79583 -1709 -7369 -14745
79612 -1753 -7362 -14762
79668 -1742 -7332 -14660
79694 -1741 -5037 -9876
79753 -1587 -2727 -6773
79780 -1461 -2584 -6582
79836 -1478 -2553 -6489
79862 -1494 -2501 -6435
79919 -1481 -2477 -6387
79944 -1471 -2468 -6348
80001 -1473 -2460 -6330
80026 -1475 -2447 -6308
80082 -1466 -2432 -6290
80109 -1476 -2420 -6277
80164 -1471 -2416 -6265
80192 -1470 -2417 -6251
80246 -1470 -2399 -6239
80274 -1473 -2408 -6222
80333 -1472 -2393 -6216
80359 -1475 -2390 -6208
80418 -1472 -2394 -6201
80442 -1467 -2394 -6193
80498 -1464 -2383 -6179
80524 -1466 -2390 -6176
80581 -1466 -2379 -6170
80606 -1472 -2381 -6163
80661 -1453 -2377 -6154
80689 -1464 -2380 -6155
80748 -1463 -2378 -6149
80771 -1461 -2373 -6153
80827 -1465 -2369 -6138
80856 -1462 -2368 -6133
80912 -1477 -2373 -6130
80940 -1466 -2367 -6131
80994 -1460 -2364 -6128
81022 -1470 -2369 -6129
81076 -1470 -2365 -6122
81104 -1474 -2359 -6117
81161 -1468 -2361 -6111
81187 -1464 -2362 -6112
81244 -1468 -2361 -6111
81269 -1471 -2354 -6106
81322 -1466 -2359 -6105
81353 -1463 -2361 -6106
81412 -1458 -2358 -6101
81434 -1468 -2356 -6096
81491 -1466 -2350 -6099
81519 -1474 -2353 -6096
81574 -1464 -2351 -6096
81602 -1462 -2343 -6095
81656 -1464 -2352 -6090
81682 -1462 -2351 -6091
81739 -1460 -2347 -6090
81767 -1465 -2350 -6084
81820 -1461 -2353 -6089
81851 -1465 -2354 -6086
81904 -1465 -2354 -6085
81932 -1468 -2339 -6085
81989 -1461 -2344 -6085
82013 -1458 -2341 -6083
82072 -1463 -2346 -6074
82099 -1466 -2338 -6072
82154 -1459 -2339 -6075
82181 -1468 -2347 -6066
82237 -1459 -2341 -6075
82264 -1465 -2346 -6067
82319 -1457 -2341 -6058
82347 -1466 -2345 -6067
82401 -1463 -2350 -6066
82429 -1467 -2344 -6060
82484 -1462 -2349 -6061
82513 -1461 -2340 -6055
82567 -1459 -2336 -6061
82596 -1472 -2337 -6059
82651 -1461 -2349 -6059
82679 -1468 -2336 -6064
82732 -1465 -2344 -6055
82763 -1458 -2337 -6060
82819 -1462 -2338 -6055
82846 -1459 -2337 -6055
82900 -1464 -2341 -6050
82927 -1461 -2341 -6055
82981 -1465 -2334 -6046
83010 -1466 -2333 -6054
83064 -1466 -2338 -6055
83094 -1464 -2338 -6050
83151 -1460 -2342 -6052
83178 -1464 -2335 -6050
83235 -1451 -2336 -6045
83258 -1461 -2331 -6051
83312 -1460 -2337 -6045
83341 -1466 -2331 -6043
83398 -1460 -2337 -6045
83424 -1466 -2331 -6044
83479 -1460 -2331 -6044
83507 -1463 -2337 -6041
83563 -1451 -2336 -6045
83589 -1464 -2337 -6045
83643 -1459 -2332 -6042
83674 -1458 -2332 -6045
83733 -1454 -2331 -6045
83770 -1466 -2332 -6045
83798 -1456 -2327 -6042
83853 -1458 -2333 -6036
83881 -1462 -2328 -6037
83937 -1458 -2326 -6037
83963 -1462 -2322 -6035
84018 -1464 -2333 -6044
84047 -1459 -2322 -6044
84099 -1467 -2322 -6044
84130 -1454 -2325 -6039
84183 -1463 -2329 -6037
84211 -1461 -2329 -6035
84266 -1460 -2329 -6028
84295 -1461 -2330 -6032
84351 -1458 -2330 -6038
84378 -1458 -2325 -6034
84433 -1451 -2333 -6039
84461 -1461 -2316 -6032
84515 -1459 -2327 -6036
84543 -1464 -2327 -6038
84598 -1453 -2318 -6046
84626 -1936 -4305 -11379
84679 -2021 -7190 -14765
84709 -1392 -8459 -15859
84759 -1092 -8872 -16350
84791 -940 -8857 -16727
84841 -1279 -8679 -16049
84890 -1843 -9302 -17057
84915 -1941 -9192 -17046
84973 -1747 -8945 -16760
85000 -1377 -9213 -16877
85054 -1224 -8935 -16698
85082 -1214 -9013 -16731
85139 -1540 -9175 -16733
85167 -1677 -9108 -16921
85222 -1739 -9071 -16826
85249 -1572 -9022 -16858
85304 -1402 -9002 -16754
85331 -1359 -8962 -16788
85391 -1497 -9057 -16705
85415 -1596 -9101 -16788
85469 -1643 -9080 -16785
85497 -1580 -9124 -16928
85555 -1524 -8964 -16782
85579 -1472 -9135 -16920
85634 -1531 -9015 -16816
85663 -1572 -9145 -16867
85718 -1575 -9079 -16776
85746 -1519 -9088 -16854
85800 -1524 -9110 -16880
85831 -1550 -9075 -16938
85887 -1590 -9123 -16904
85913 -1573 -9096 -16939
85967 -1609 -9104 -16850
85996 -1487 -9135 -16890
86049 -1517 -9089 -16841
86080 -1501 -9164 -16924
86135 -1551 -9138 -16964
86161 -1549 -9159 -16959
86216 -1569 -9130 -16910
86245 -1502 -9166 -16926
86299 -1513 -9121 -16926
86328 -1473 -9159 -16925
86383 -1506 -9162 -16942
86410 -1510 -9176 -16990
86465 -1517 -9185 -16959
86492 -1474 -9168 -16970
86548 -1504 -9165 -16977
86576 -1458 -9176 -16943
86634 -1526 -9194 -16988
86661 -1509 -9193 -17007
86716 -1536 -9171 -16982
86745 -1472 -9201 -16982
86802 -1495 -9222 -17029
86825 -1487 -9160 -16970
86879 -1504 -9204 -16978
86909 -1505 -9212 -17037
86966 -1545 -9189 -16977
86991 -1549 -9194 -17034
87045 -1592 -9207 -17021
87073 -1528 -9209 -17012
87128 -1572 -9190 -17017
87157 -1519 -9224 -17036
87213 -1549 -9166 -16984
87240 -1545 -9225 -17025
87299 -1546 -9201 -17024
87322 -1560 -9212 -17074
87377 -1582 -9208 -17024
87406 -1534 -9237 -17042
87461 -1571 -9195 -17042
87489 -1499 -9247 -17049
87543 -1508 -9200 -17026
87572 -1489 -9243 -17034
87625 -1510 -9256 -17085
87656 -1507 -9239 -17073
87712 -1471 -9213 -17015
87738 -1491 -9262 -17059
87794 -1499 -9252 -17092
87822 -1518 -9225 -17061
87879 -1502 -9249 -17043
87905 -1513 -9244 -17063
87959 -1550 -9264 -17112
87987 -1469 -9241 -17022
88046 -1600 -9234 -17121
88070 -1513 -9232 -17026
88123 -1652 -9255 -17094
88154 -1518 -9234 -17064
88212 -1676 -9209 -17083
88237 -1575 -9250 -17028
88292 -1761 -9219 -17109
88318 -1537 -9240 -17107
88376 -1680 -9191 -16937
88403 -1524 -9303 -17167
88460 -1597 -9247 -17043
88484 -1529 -9258 -17181
88541 -1644 -9219 -16965
88567 -1514 -9324 -17244
88623 -1663 -9255 -17030
88650 -1513 -9224 -17116
88705 -1632 -9304 -17074
88734 -1520 -9242 -17099
88788 -1644 -9220 -17125
88815 -1570 -9307 -17043
88872 -1616 -9273 -17173
88900 -1557 -9243 -17016
88955 -1590 -9289 -17172
88983 -1537 -9279 -17040
89039 -1548 -9244 -17155
89065 -1579 -9333 -17120
89120 -1532 -9238 -17095
89149 -1564 -9307 -17147
89205 -1554 -9303 -17113
89232 -1552 -9230 -17077
89287 -1578 -9375 -17199
89316 -1542 -9223 -17062
89372 -1558 -9305 -17126
89399 -1526 -9318 -17147
89453 -1596 -9273 -17012
89481 -1635 -6693 -12313
89534 -1702 -3288 -7598
89565 -1505 -2702 -6632
89621 -1488 -2603 -6577
89648 -1484 -2561 -6499
89705 -1483 -2516 -6443
89730 -1476 -2508 -6412
89783 -1473 -2486 -6381
89812 -1470 -2467 -6348
89868 -1469 -2457 -6332
89894 -1467 -2453 -6309
89951 -1467 -2441 -6302
89979 -1467 -2441 -6281
90034 -1471 -2432 -6269
90059 -1467 -2421 -6260
90114 -1467 -2416 -6248
90145 -1466 -2418 -6238
90201 -1465 -2418 -6234
90226 -1464 -2412 -6217
90282 -1461 -2410 -6210
90310 -1470 -2397 -6203
90364 -1462 -2404 -6198
90392 -1468 -2393 -6183
90448 -1457 -2396 -6182
90475 -1466 -2388 -6180
90530 -1459 -2392 -6170
90560 -1458 -2395 -6167
90615 -1459 -2386 -6171
90639 -1462 -2385 -6166
90699 -1463 -2384 -6163
90723 -1463 -2370 -6154
90778 -1469 -2379 -6145
90807 -1463 -2381 -6141
90864 -1465 -2379 -6141
90891 -1461 -2376 -6139
90949 -1454 -2378 -6136
90974 -1459 -2370 -6129
91029 -1461 -2375 -6134
91056 -1458 -2370 -6126
91112 -1465 -2361 -6130
91139 -1459 -2362 -6123
91195 -1459 -2365 -6124
91221 -1465 -2364 -6122
91275 -1458 -2361 -6118
91304 -1455 -2367 -6108
91362 -1456 -2363 -6108
91387 -1468 -2354 -6106
91446 -1461 -2357 -6099
91468 -1458 -2356 -6106
91523 -1462 -2361 -6105
91553 -1461 -2359 -6095
91609 -1458 -2356 -6099
91636 -1459 -2357 -6097
91690 -1456 -2356 -6099
91718 -1459 -2351 -6091
91771 -1464 -2350 -6096
91802 -1461 -2349 -6083
91857 -1462 -2350 -6087
91884 -1453 -2349 -6092
91940 -1458 -2353 -6092
91966 -1460 -2350 -6089
92022 -1451 -2347 -6084
92051 -1459 -2352 -6086
92105 -1462 -2346 -6087
92133 -1459 -2350 -6082
92190 -1456 -2349 -6079
92217 -1459 -2340 -6083
92272 -1468 -2347 -6070
92300 -1459 -2347 -6078
92357 -1457 -2347 -6075
92382 -1462 -2341 -6070
92436 -1457 -2343 -6071
92465 -1460 -2334 -6072
92525 -1463 -2343 -6066
92549 -1459 -2340 -6066
92606 -1459 -2345 -6063
92630 -1451 -2342 -6061
92684 -1452 -2352 -6071
92713 -1456 -2350 -6061
92772 -1456 -2342 -6063
92797 -1459 -2341 -6056
92855 -1462 -2350 -6059
92880 -1462 -2348 -6056
92936 -1457 -2341 -6058
92963 -1456 -2348 -6056
93021 -1450 -2344 -6057
93046 -1458 -2350 -6056
93102 -1457 -2346 -6053
93128 -1464 -2342 -6054
93183 -1451 -2334 -6051
93210 -1458 -2338 -6054
93264 -1459 -2347 -6051
93294 -1460 -2344 -6056
93352 -1461 -2339 -6049
93376 -1460 -2348 -6049
93432 -1456 -2337 -6052
93459 -1460 -2342 -6045
93514 -1459 -2343 -6042
93542 -1452 -2337 -6039
93597 -1454 -2337 -6044
93625 -1464 -2345 -6047
93680 -1458 -2342 -6054
93708 -1450 -2335 -6045
93766 -1453 -2335 -6047
93790 -1456 -2328 -6044
93845 -1457 -2333 -6049
93874 -1469 -2334 -6041
93928 -1460 -2331 -6048
93956 -1459 -2334 -6044
94013 -1454 -2334 -6044
94040 -1460 -2332 -6051
94094 -1452 -2335 -6043
94122 -1459 -2328 -6046
94180 -1452 -2337 -6040
94207 -1459 -2337 -6044
94264 -1461 -2332 -6041
94289 -1461 -2332 -6042
94346 -1457 -2329 -6043
94373 -1464 -2330 -6047
94427 -1794 -3785 -10702
94455 -2144 -7288 -14960
94512 -1371 -10478 -18321
94536 -703 -11039 -18902
94591 -400 -11099 -19282
94621 -722 -10803 -18468
94674 -1384 -11716 -19822
94705 -1872 -11552 -19828
94760 -1619 -11438 -19501
94785 -1236 -11531 -19449
94839 -823 -11227 -19301
94869 -823 -11162 -19094
94924 -1230 -11366 -19309
94952 -1522 -11405 -19392
95008 -1606 -11388 -19442
95036 -1399 -11396 -19454
95090 -1094 -11362 -19452
95119 -1039 -11155 -19283
95174 -1139 -11512 -19412
95204 -1375 -11382 -19425
95259 -1451 -11467 -19480
95284 -1381 -11432 -19428
95338 -1264 -11473 -19606
95366 -1185 -11334 -19470
95421 -1271 -11397 -19543
95451 -1321 -11564 -19536
95507 -1382 -11445 -19424
95534 -1291 -11534 -19528
95591 -1252 -11480 -19524
95617 -1238 -11508 -19639
95673 -1271 -11470 -19559
95699 -1308 -11604 -19733
95754 -1278 -11486 -19536
95783 -1186 -11519 -19509
95839 -1174 -11560 -19595
95865 -1191 -11546 -19622
95920 -1275 -11543 -19625
95949 -1321 -11623 -19694
96006 -1314 -11552 -19650
96032 -1243 -11575 -19635
96087 -1223 -11570 -19600
96115 -1180 -11551 -19612
96168 -1224 -11605 -19662
96199 -1232 -11630 -19691
96254 -1257 -11592 -19688
96280 -1216 -11634 -19684
96338 -1211 -11626 -19700
96364 -1172 -11606 -19639
96419 -1166 -11596 -19672
96447 -1198 -11660 -19708
96503 -1198 -11671 -19740
96531 -1225 -11644 -19706
96584 -1198 -11634 -19715
96611 -1176 -11651 -19671
96666 -1210 -11673 -19744
96697 -1219 -11644 -19690
96752 -1206 -11676 -19754
96778 -1193 -11634 -19702
96834 -1194 -11715 -19739
96864 -1186 -11653 -19754
96920 -1214 -11725 -19796
96946 -1177 -11622 -19662
97002 -1163 -11742 -19774
97029 -1157 -11644 -19717
97085 -1198 -11730 -19775
97112 -1205 -11716 -19779
97164 -1222 -11689 -19755
97195 -1184 -11716 -19782
97252 -1182 -11708 -19774
97278 -1197 -11693 -19750
97337 -1188 -11723 -19767
97362 -1228 -11732 -19840
97416 -1197 -11695 -19753
97444 -1237 -11721 -19800
97498 -1248 -11758 -19843
97527 -1272 -11707 -19784
97581 -1253 -11706 -19769
97609 -1238 -11713 -19786
97668 -1267 -11715 -19802
97693 -1307 -11739 -19838
97750 -1298 -11766 -19833
97774 -1270 -11670 -19796
97829 -1223 -11777 -19763
97858 -1169 -11769 -19878
97914 -1180 -11730 -19799
97944 -1127 -11793 -19853
98000 -1094 -11799 -19807
98025 -1005 -11915 -19931
98080 -960 -11696 -19748
98109 -874 -11941 -19864
98165 -812 -11843 -19866
98192 -811 -11877 -19915
98247 -977 -11778 -19852
98274 -952 -11910 -19951
98331 -930 -11795 -19824
98359 -932 -11871 -19948
98415 -937 -11810 -19866
98441 -929 -11863 -19851
98500 -964 -11855 -19940
98522 -935 -11833 -19899
98576 -958 -11860 -19922
98607 -946 -11834 -19875
98665 -952 -11901 -19944
98690 -936 -11848 -19924
98745 -973 -11852 -19898
98773 -908 -11881 -19901
98826 -994 -11867 -19960
98855 -923 -11888 -19913
98908 -996 -11830 -19922
98938 -930 -11901 -19925
98996 -955 -11873 -19931
99020 -959 -11932 -19986
99076 -953 -11809 -19873
99103 -934 -11903 -19917
99159 -963 -11932 -20018
99187 -958 -11810 -19865
99242 -994 -11867 -19706
99270 -1222 -8760 -14903
99325 -1634 -4317 -9182
99353 -1635 -2859 -6834
99411 -1504 -2659 -6680
99436 -1488 -2605 -6572
99493 -1474 -2552 -6540
99520 -1474 -2530 -6460
99574 -1473 -2501 -6425
99602 -1467 -2499 -6394
99658 -1472 -2482 -6395
99686 -1477 -2464 -6345
99742 -1472 -2460 -6331
99768 -1474 -2443 -6319
99824 -1469 -2441 -6300
99852 -1468 -2429 -6293
99905 -1471 -2431 -6263
99933 -1471 -2433 -6255
99989 -1469 -2432 -6246
1.0001e+05 -1472 -2427 -6238
1.0007e+05 -1461 -2418 -6232
1.001e+05 -1472 -2421 -6214
1.0015e+05 -1459 -2414 -6208
1.0018e+05 -1463 -2412 -6208
1.0024e+05 -1462 -2407 -6201
1.0026e+05 -1459 -2406 -6198
1.0032e+05 -1469 -2404 -6185
1.0035e+05 -1464 -2400 -6184
1.004e+05 -1469 -2401 -6177
1.0043e+05 -1465 -2396 -6175
1.0049e+05 -1460 -2394 -6167
1.0052e+05 -1466 -2388 -6160
1.0057e+05 -1457 -2395 -6161
1.006e+05 -1454 -2396 -6161
1.0065e+05 -1460 -2384 -6148
1.0068e+05 -1463 -2384 -6154
1.0074e+05 -1467 -2384 -6146
1.0076e+05 -1456 -2386 -6145
1.0082e+05 -1462 -2385 -6137
1.0085e+05 -1462 -2376 -6135
1.009e+05 -1459 -2379 -6127
1.0093e+05 -1463 -2376 -6127
1.0098e+05 -1466 -2373 -6126
1.0101e+05 -1466 -2365 -6132
1.0106e+05 -1465 -2368 -6130
1.0109e+05 -1454 -2375 -6122
1.0115e+05 -1463 -2370 -6115
1.0118e+05 -1458 -2376 -6115
1.0123e+05 -1459 -2366 -6115
1.0126e+05 -1462 -2366 -6116
1.0132e+05 -1465 -2367 -6113
1.0134e+05 -1462 -2370 -6105
1.014e+05 -1458 -2372 -6109
1.0143e+05 -1459 -2365 -6108
1.0148e+05 -1458 -2359 -6102
1.0151e+05 -1459 -2365 -6101
1.0156e+05 -1461 -2364 -6103
1.0159e+05 -1458 -2356 -6100
1.0165e+05 -1465 -2356 -6099
1.0167e+05 -1467 -2358 -6091
1.0173e+05 -1461 -2359 -6098
1.0176e+05 -1460 -2359 -6097
1.0181e+05 -1466 -2354 -6090
1.0184e+05 -1462 -2357 -6093
1.0189e+05 -1468 -2360 -6090
1.0192e+05 -1460 -2355 -6090
1.0198e+05 -1464 -2357 -6083
1.02e+05 -1465 -2355 -6086
1.0206e+05 -1459 -2349 -6085
1.0209e+05 -1459 -2354 -6078
1.0215e+05 -1457 -2354 -6077
1.0217e+05 -1460 -2344 -6092
1.0223e+05 -1468 -2348 -6075
1.0225e+05 -1461 -2347 -6071
1.0231e+05 -1458 -2343 -6081
1.0234e+05 -1462 -2352 -6077
1.0239e+05 -1455 -2342 -6078
1.0242e+05 -1461 -2352 -6077
1.0248e+05 -1466 -2348 -6079
1.025e+05 -1462 -2350 -6073
1.0256e+05 -1462 -2353 -6071
1.0259e+05 -1462 -2344 -6072
1.0264e+05 -1458 -2350 -6068
1.0267e+05 -1457 -2341 -6075
1.0272e+05 -1462 -2345 -6070
1.0275e+05 -1459 -2349 -6071
1.0281e+05 -1459 -2342 -6059
1.0283e+05 -1456 -2357 -6057
1.0289e+05 -1459 -2355 -6054
1.0292e+05 -1453 -2357 -6049
1.0298e+05 -1457 -2359 -6055
1.03e+05 -1460 -2359 -6062
1.0305e+05 -1456 -2350 -6048
1.0308e+05 -1455 -2352 -6054
1.0314e+05 -1457 -2350 -6051
1.0317e+05 -1456 -2355 -6059
1.0322e+05 -1450 -2347 -6055
1.0325e+05 -1457 -2358 -6052
1.033e+05 -1458 -2348 -6052
1.0333e+05 -1456 -2357 -6052
1.0339e+05 -1462 -2344 -6053
1.0342e+05 -1454 -2355 -6049
1.0347e+05 -1456 -2350 -6038
1.035e+05 -1454 -2350 -6042
1.0355e+05 -1461 -2353 -6049
1.0358e+05 -1454 -2343 -6040
1.0364e+05 -1454 -2346 -6046
1.0366e+05 -1451 -2347 -6048
1.0372e+05 -1462 -2349 -6048
1.0375e+05 -1466 -2345 -6046
1.0381e+05 -1456 -2340 -6047
1.0384e+05 -1458 -2343 -6048
1.0387e+05 -1461 -2340 -6041
1.0393e+05 -1462 -2337 -6044
1.0395e+05 -1455 -2328 -6043
1.0401e+05 -1458 -2338 -6046
1.0404e+05 -1457 -2342 -6047
1.0409e+05 -1465 -2340 -6044
1.0412e+05 -1458 -2336 -6050
1.0417e+05 -1472 -2365 -6252
1.042e+05 -1457 -2325 -6048
1.0426e+05 -1466 -2324 -6053
1.0429e+05 -1455 -2324 -6054
1.0435e+05 -1462 -2330 -6045
1.0438e+05 -1463 -2328 -6049
1.0441e+05 -1469 -2327 -6049
1.0446e+05 -1466 -2323 -6051
1.0449e+05 -1465 -2319 -6052
1.0455e+05 -1469 -2317 -6050
1.0458e+05 -1463 -2324 -6046
1.0463e+05 -1459 -2324 -6049
1.0466e+05 -1460 -2321 -6043
1.0472e+05 -1471 -2322 -6050
1.0474e+05 -1455 -2320 -6042
1.048e+05 -1463 -2319 -6051
1.0482e+05 -1462 -2321 -6041
1.0488e+05 -1458 -2324 -6039
1.0491e+05 -1457 -2319 -6039
1.0496e+05 -1458 -2323 -6042
1.0499e+05 -1459 -2315 -6043
1.0505e+05 -1458 -2321 -6042
1.0507e+05 -1455 -2316 -6043
1.0513e+05 -1454 -2323 -6040
1.0516e+05 -1469 -2321 -6042
1.0521e+05 -1459 -2319 -6040
1.0524e+05 -1455 -2320 -6048
1.0529e+05 -1468 -2312 -6042
1.0532e+05 -1469 -2316 -6044
1.0538e+05 -1459 -2314 -6037
1.054e+05 -1469 -2313 -6041
1.0546e+05 -1467 -2314 -6041
1.0549e+05 -1459 -2320 -6041
1.0555e+05 -1457 -2316 -6043
1.0557e+05 -1463 -2310 -6048
1.0563e+05 -1465 -2316 -6039
1.0566e+05 -1466 -2319 -6040
1.0571e+05 -1461 -2319 -6042
1.0574e+05 -1462 -2316 -6035
1.0579e+05 -1466 -2316 -6039
1.0582e+05 -1462 -2321 -6038
1.0587e+05 -1458 -2313 -6035
1.059e+05 -1460 -2317 -6042
1.0596e+05 -1465 -2326 -6041
1.0598e+05 -1457 -2312 -6039
1.0604e+05 -1459 -2317 -6036
1.0607e+05 -1457 -2308 -6032
1.0612e+05 -1462 -2309 -6041
1.0615e+05 -1463 -2316 -6035
1.0621e+05 -1465 -2311 -6034
1.0623e+05 -1459 -2311 -6039
1.0629e+05 -1455 -2315 -6034
1.0632e+05 -1463 -2314 -6030
1.0637e+05 -1463 -2318 -6037
1.064e+05 -1464 -2312 -6034
1.0646e+05 -1465 -2320 -6039
1.0648e+05 -1459 -2312 -6038
1.0654e+05 -1458 -2314 -6035
1.0657e+05 -1459 -2312 -6032
1.0662e+05 -1456 -2320 -6033
1.0665e+05 -1466 -2312 -6035
1.0671e+05 -1464 -2315 -6033
1.0673e+05 -1463 -2314 -6037
1.0679e+05 -1460 -2311 -6026
1.0682e+05 -1459 -2316 -6025
1.0687e+05 -1461 -2312 -6025
1.069e+05 -1470 -2312 -6037
1.0696e+05 -1459 -2315 -6032
1.0699e+05 -1459 -2315 -6040
1.0702e+05 -1465 -2314 -6038
1.0707e+05 -1462 -2312 -6026
1.071e+05 -1457 -2312 -6031
1.0716e+05 -1462 -2317 -6034
1.0719e+05 -1461 -2309 -6029
1.0724e+05 -1459 -2324 -6037
1.0727e+05 -1458 -2318 -6034
1.0732e+05 -1458 -2308 -6027
1.0735e+05 -1463 -2312 -6030
1.0741e+05 -1464 -2307 -6036
1.0744e+05 -1462 -2312 -6022
1.0749e+05 -1459 -2314 -6037
1.0752e+05 -1461 -2307 -6020
1.0757e+05 -1464 -2314 -6030
1.076e+05 -1461 -2310 -6029
1.0766e+05 -1466 -2312 -6024
1.0768e+05 -1461 -2322 -6028
1.0774e+05 -1464 -2311 -6022
1.0777e+05 -1456 -2313 -6031
1.0782e+05 -1455 -2312 -6025
1.0785e+05 -1452 -2314 -6023
1.0791e+05 -1456 -2305 -6027
1.0793e+05 -1461 -2308 -6033
1.0799e+05 -1459 -2314 -6028
1.0802e+05 -1463 -2311 -6027
1.0807e+05 -1464 -2303 -6026
1.081e+05 -1459 -2311 -6024
1.0815e+05 -1464 -2304 -6027
1.0818e+05 -1464 -2314 -6024
1.0824e+05 -1454 -2310 -6030
1.0826e+05 -1461 -2309 -6028
1.0832e+05 -1461 -2303 -6028
1.0835e+05 -1461 -2308 -6028
1.0841e+05 -1460 -2309 -6020
1.0843e+05 -1464 -2316 -6037
1.0849e+05 -1455 -2301 -6029
1.0851e+05 -1458 -2311 -6028
1.0857e+05 -1463 -2302 -6025
1.086e+05 -1465 -2305 -6036
1.0865e+05 -1459 -2298 -6020
1.0868e+05 -1461 -2306 -6028
1.0874e+05 -1469 -2305 -6020
1.0876e+05 -1463 -2308 -6029
1.0882e+05 -1457 -2310 -6028
1.0884e+05 -1463 -2310 -6019
1.089e+05 -1459 -2312 -6024
1.0893e+05 -1462 -2302 -6026
1.0899e+05 -1460 -2313 -6016
1.0901e+05 -1462 -2307 -6026
1.0907e+05 -1459 -2324 -6013
1.0909e+05 -1464 -2329 -6016
1.0915e+05 -1450 -2311 -6020
1.0918e+05 -1453 -2321 -6009
1.0923e+05 -1460 -2323 -6016
1.0926e+05 -1455 -2316 -6018
1.0931e+05 -1456 -2318 -6010
1.0934e+05 -1460 -2316 -6015
1.094e+05 -1467 -2319 -6007
1.0942e+05 -1459 -2316 -6011
1.0948e+05 -1459 -2316 -6014
1.0951e+05 -1465 -2330 -6006
1.0956e+05 -1462 -2315 -6016
1.0959e+05 -1462 -2311 -6009
1.0964e+05 -1454 -2316 -6008
1.0968e+05 -1458 -2314 -6008
1.0973e+05 -1458 -2315 -6016
1.0976e+05 -1464 -2321 -6008
1.0981e+05 -1460 -2311 -6009
1.0984e+05 -1455 -2319 -6004
1.099e+05 -1459 -2315 -6008
1.0992e+05 -1456 -2314 -6011
1.0998e+05 -1457 -2313 -6007
1.1001e+05 -1456 -2320 -6014
1.1006e+05 -1454 -2319 -6016
1.1009e+05 -1460 -2318 -6005
1.1015e+05 -1452 -2307 -6014
1.1017e+05 -1465 -2315 -6012
1.1023e+05 -1453 -2319 -6007
1.1025e+05 -1459 -2313 -6018
1.1031e+05 -1456 -2317 -6007
1.1034e+05 -1458 -2321 -6010
1.1039e+05 -1456 -2318 -6014
1.1042e+05 -1457 -2321 -6015
1.1048e+05 -1462 -2316 -6014
1.105e+05 -1456 -2316 -6006
1.1056e+05 -1455 -2316 -6008
1.1059e+05 -1456 -2318 -6009
1.1065e+05 -1455 -2316 -6017
1.1068e+05 -1453 -2318 -6006
1.1071e+05 -1449 -2311 -6015
1.1075e+05 -1459 -2312 -6005
1.108e+05 -1453 -2314 -6004
1.1085e+05 -1468 -2314 -6007
1.1088e+05 -1453 -2312 -6005
1.1094e+05 -1458 -2316 -6010
1.1097e+05 -1460 -2314 -6008
1.11e+05 -1457 -2308 -6011
1.1105e+05 -1459 -2310 -6006
1.1108e+05 -1459 -2320 -6007
1.1114e+05 -1457 -2313 -6009
1.1117e+05 -1454 -2315 -6011
1.1122e+05 -1450 -2316 -6011
1.1125e+05 -1456 -2312 -6005
1.1131e+05 -1467 -2313 -6010
1.1133e+05 -1454 -2312 -6005
1.1139e+05 -1455 -2314 -6010
1.1141e+05 -1457 -2312 -6000
1.1147e+05 -1453 -2321 -6010
1.115e+05 -1457 -2315 -6005
1.1155e+05 -1458 -2318 -6007
1.1158e+05 -1451 -2317 -6007
1.1164e+05 -1465 -2313 -6009
1.1166e+05 -1458 -2308 -6002
1.1172e+05 -1461 -2326 -6011
1.1175e+05 -1461 -2314 -6007
1.118e+05 -1455 -2321 -6001
1.1183e+05 -1453 -2318 -6009
1.1188e+05 -1462 -2316 -6000
1.1191e+05 -1452 -2312 -5999
1.1197e+05 -1455 -2317 -6005
1.1199e+05 -1464 -2316 -6010
1.1205e+05 -1457 -2319 -6007
1.1208e+05 -1460 -2315 -6002
1.1213e+05 -1466 -2317 -6004
1.1216e+05 -1461 -2318 -6002
1.1222e+05 -1452 -2307 -6008
1.1224e+05 -1454 -2310 -6003
1.123e+05 -1460 -2307 -6003
1.1233e+05 -1466 -2312 -6008
1.1238e+05 -1458 -2313 -6003
1.1241e+05 -1458 -2318 -6008
1.1246e+05 -1463 -2319 -6000
1.1249e+05 -1456 -2311 -6004
1.1255e+05 -1456 -2311 -5996
1.1257e+05 -1455 -2312 -6005
1.1263e+05 -1465 -2309 -6006
1.1266e+05 -1453 -2317 -6000
1.127e+05 -1456 -2316 -6001
1.1275e+05 -1460 -2311 -5997
1.1278e+05 -1459 -2311 -6004
1.1283e+05 -1463 -2319 -5997
1.1287e+05 -1462 -2317 -6001
1.1292e+05 -1456 -2315 -6003
1.1295e+05 -1466 -2308 -5996
1.13e+05 -1458 -2311 -5997
1.1303e+05 -1455 -2306 -6007
1.1309e+05 -1464 -2310 -6002
1.1311e+05 -1458 -2311 -6006
1.1317e+05 -1458 -2312 -5999
1.132e+05 -1460 -2308 -5998
1.1325e+05 -1455 -2312 -6007
1.1328e+05 -1458 -2316 -5996
1.1334e+05 -1453 -2309 -5996
1.1338e+05 -1456 -2312 -5998
1.134e+05 -1451 -2308 -5997
1.1346e+05 -1456 -2313 -6000
1.1349e+05 -1460 -2313 -6000
1.1354e+05 -1453 -2316 -6002
1.1357e+05 -1464 -2305 -6001
1.1363e+05 -1450 -2317 -5999
1.1366e+05 -1457 -2310 -6001
1.1369e+05 -1454 -2317 -5999
1.1375e+05 -1456 -2315 -6000
1.1378e+05 -1455 -2305 -6002
1.1383e+05 -1458 -2314 -6004
1.1386e+05 -1455 -2312 -6003
1.1392e+05 -1460 -2313 -5995
1.1394e+05 -1462 -2550 -6598
1.14e+05 -1533 -2325 -6101
1.1403e+05 -1486 -2391 -6237
1.1408e+05 -1495 -2344 -6165
1.1411e+05 -1484 -2353 -6154
1.1417e+05 -1498 -2355 -6182
1.1419e+05 -1467 -2328 -6131
1.1425e+05 -1492 -2364 -6179
1.1427e+05 -1470 -2336 -6157
1.1433e+05 -1485 -2359 -6170
1.1436e+05 -1495 -2342 -6151
1.1441e+05 -1496 -2354 -6170
1.1444e+05 -1483 -2341 -6134
1.145e+05 -1497 -2356 -6182
1.1452e+05 -1485 -2346 -6135
1.1458e+05 -1497 -2350 -6175
1.1461e+05 -1490 -2340 -6152
1.1466e+05 -1492 -2346 -6160
1.1469e+05 -1485 -2349 -6173
1.1474e+05 -1483 -2340 -6158
1.1477e+05 -1489 -2339 -6158
1.1483e+05 -1477 -2351 -6170
1.1485e+05 -1488 -2341 -6159
1.1491e+05 -1477 -2344 -6162
1.1494e+05 -1481 -2356 -6151
1.1499e+05 -1488 -2351 -6170
1.1502e+05 -1482 -2348 -6154
1.1508e+05 -1499 -2341 -6164
1.151e+05 -1493 -2342 -6150
1.1516e+05 -1487 -2345 -6156
1.1519e+05 -1483 -2351 -6172
1.1525e+05 -1485 -2340 -6159
1.1527e+05 -1472 -2339 -6148
1.1533e+05 -1481 -2356 -6172
1.1535e+05 -1473 -2352 -6151
1.1541e+05 -1476 -2347 -6179
1.1544e+05 -1476 -2343 -6150
1.1549e+05 -1483 -2344 -6165
1.1552e+05 -1480 -2348 -6157
1.1557e+05 -1478 -2343 -6172
1.156e+05 -1467 -2350 -6150
1.1566e+05 -1475 -2348 -6164
1.1569e+05 -1485 -2344 -6156
1.1574e+05 -1480 -2340 -6157
1.1576e+05 -1478 -2339 -6151
1.1582e+05 -1483 -2356 -6180
1.1585e+05 -1473 -2329 -6128
1.1591e+05 -1506 -2350 -6184
1.1593e+05 -1470 -2335 -6141
1.1599e+05 -1493 -2345 -6163
1.1602e+05 -1486 -2344 -6159
1.1607e+05 -1479 -2339 -6167
1.161e+05 -1484 -2343 -6140
1.1615e+05 -1482 -2355 -6182
1.1618e+05 -1485 -2337 -6143
1.1624e+05 -1476 -2343 -6166
1.1626e+05 -1484 -2356 -6195
1.1632e+05 -1490 -2324 -6120
1.1635e+05 -1480 -2370 -6230
1.164e+05 -1479 -2338 -6112
1.1643e+05 -1475 -2350 -6206
1.1649e+05 -1484 -2345 -6132
1.1651e+05 -1485 -2332 -6186
1.1657e+05 -1473 -2349 -6139
1.166e+05 -1476 -2338 -6166
1.1665e+05 -1483 -2342 -6172
1.1668e+05 -1472 -2342 -6142
1.1673e+05 -1488 -2342 -6164
1.1676e+05 -1483 -2347 -6149
1.1682e+05 -1490 -2337 -6157
1.1685e+05 -1465 -2339 -6166
1.169e+05 -1497 -2344 -6155
1.1693e+05 -1473 -2339 -6172
1.1698e+05 -1486 -2361 -6149
1.1701e+05 -1473 -2339 -6163
1.1707e+05 -1483 -2350 -6167
1.1709e+05 -1476 -2339 -6145
1.1715e+05 -1479 -2351 -6190
