9 -1748 -7789 -15922
18 -1721 -7930 -16071
28 -1542 -8212 -16281
30 -1376 -8527 -16514
33 -1499 -8705 -16700
35 -1689 -8979 -16976
38 -1612 -9039 -17011
40 -1510 -9170 -17200
41 -1529 -7738 -14377
45 -1796 -4236 -9251
46 -1588 -2611 -6664
50 -1441 -2525 -6490
52 -1424 -2506 -6404
55 -1420 -2451 -6350
56 -1412 -2434 -6306
59 -1407 -2426 -6269
62 -1416 -2405 -6255
64 -1411 -2397 -6236
66 -1415 -2392 -6214
69 -1405 -2389 -6204
71 -1411 -2379 -6192
74 -1404 -2361 -6185
76 -1409 -2367 -6171
77 -1407 -2356 -6161
81 -1402 -2364 -6160
85 -1400 -2355 -6148
86 -1402 -2349 -6144
90 -1401 -2358 -6139
92 -1406 -2355 -6126
93 -1407 -2358 -6118
96 -1395 -2357 -6117
99 -1398 -2346 -6114
101 -1405 -2339 -6119
104 -1603 -3257 -10119
106 -2027 -5828 -12776
107 -1378 -6663 -14640
109 -1144 -7173 -15063
113 -1389 -7033 -15040
115 -1678 -7397 -15177
116 -1656 -7345 -15404
134 -1392 -7175 -15245
184 -1282 -7019 -15193
235 -1594 -7445 -15625
260 -1720 -7380 -15443
317 -1570 -7402 -15369
342 -1335 -7295 -15196
394 -1303 -7288 -15340
425 -1593 -7513 -15580
480 -1754 -7800 -16095
508 -1603 -7979 -16102
565 -1465 -8290 -16290
591 -1397 -8430 -16388
648 -1599 -8751 -16857
675 -1653 -8831 -16886
732 -1547 -9025 -17103
756 -1460 -9051 -17005
810 -1615 -6847 -13254
841 -1808 -3636 -8254
897 -1529 -2592 -6603
924 -1430 -2515 -6463
979 -1418 -2501 -6382
1006 -1420 -2450 -6348
1060 -1414 -2435 -6301
1087 -1405 -2428 -6276
1142 -1406 -2407 -6254
1172 -1406 -2407 -6236
1228 -1402 -2399 -6216
1254 -1401 -2386 -6205
1309 -1403 -2374 -6186
1337 -1403 -2373 -6179
1392 -1401 -2369 -6176
1421 -1401 -2371 -6171
1476 -1405 -2365 -6156
1502 -1399 -2370 -6149
1557 -1397 -2360 -6144
1586 -1396 -2363 -6137
1646 -1397 -2359 -6123
1669 -1396 -2365 -6124
1724 -1394 -2361 -6120
1752 -1391 -2352 -6113
1806 -1396 -2347 -6109
1835 -1498 -2989 -9387
1891 -2134 -5868 -12710
1919 -1625 -6742 -14605
1972 -1233 -7322 -15157
2003 -1443 -7028 -14799
2056 -1710 -7582 -15176
2084 -1775 -7396 -15395
2143 -1601 -7373 -15259
2166 -1405 -7100 -15116
2222 -1620 -7543 -15591
2250 -1784 -7463 -15403
2305 -1721 -7577 -15393
2333 -1524 -7460 -15180
2388 -1405 -7424 -15349
2417 -1662 -7599 -15487
2472 -1861 -7956 -16099
2500 -1800 -8186 -16147
2554 -1594 -8453 -16307
2582 -1511 -8601 -16418
2638 -1664 -8842 -16774
2665 -1782 -9044 -16941
2721 -1698 -9155 -17137
2748 -1603 -9236 -17147
2806 -1680 -7364 -13766
2831 -1865 -3964 -8740
2885 -1572 -2605 -6635
2913 -1438 -2531 -6478
2969 -1419 -2506 -6380
2997 -1417 -2461 -6333
3051 -1410 -2443 -6303
3078 -1413 -2425 -6274
3134 -1404 -2415 -6256
3163 -1408 -2405 -6229
3218 -1403 -2407 -6214
3244 -1399 -2389 -6199
3301 -1404 -2384 -6191
3327 -1398 -2374 -6186
3384 -1401 -2368 -6170
3410 -1400 -2365 -6162
3465 -1398 -2372 -6156
3492 -1403 -2372 -6151
3548 -1398 -2365 -6139
3577 -1395 -2356 -6130
3632 -1401 -2366 -6125
3659 -1399 -2365 -6123
3714 -1403 -2364 -6118
3742 -1398 -2358 -6115
3797 -1398 -2348 -6119
3827 -1712 -3715 -10902
3885 -1937 -6164 -13178
3910 -1330 -6657 -14645
3966 -1161 -7373 -14936
3990 -1463 -7192 -15253
4046 -1695 -7454 -15148
4075 -1662 -7428 -15327
4129 -1384 -7250 -15276
4158 -1332 -7147 -15232
4288 -1646 -7552 -15585
4297 -1751 -7530 -15496
4307 -1577 -7500 -15324
4323 -1343 -7396 -15191
4373 -1355 -7453 -15446
4423 -1665 -7657 -15639
4449 -1782 -8032 -16075
4506 -1650 -8221 -16153
4530 -1436 -8387 -16402
4584 -1433 -8574 -16481
4613 -1623 -8897 -16912
4670 -1690 -9056 -16992
4696 -1554 -9117 -17112
4754 -1483 -9126 -16801
4778 -1671 -6453 -12678
4833 -1815 -3442 -7793
4862 -1493 -2610 -6535
4915 -1428 -2525 -6455
4946 -1418 -2495 -6384
5002 -1411 -2456 -6331
5027 -1403 -2442 -6291
5082 -1411 -2420 -6272
5112 -1408 -2412 -6243
5166 -1404 -2411 -6232
5195 -1407 -2404 -6218
5251 -1403 -2392 -6200
5277 -1403 -2381 -6195
5330 -1404 -2381 -6183
5361 -1393 -2373 -6176
5413 -1394 -2370 -6168
5445 -1396 -2373 -6153
5501 -1396 -2371 -6150
5525 -1396 -2361 -6141
5582 -1401 -2363 -6134
5610 -1397 -2367 -6127
5666 -1398 -2365 -6123
5693 -1393 -2362 -6120
5749 -1399 -2351 -6115
5774 -1403 -2351 -6202
5829 -1952 -4426 -11890
5858 -1871 -6507 -13789
5914 -1273 -6685 -14836
5940 -1267 -7340 -14650
5995 -1544 -7454 -15544
6022 -1717 -7406 -15175
6078 -1700 -7528 -15268
6107 -1412 -7228 -15246
6162 -1444 -7338 -15400
6190 -1751 -7554 -15518
6246 -1780 -7625 -15513
6271 -1606 -7566 -15314
6330 -1380 -7481 -15253
6356 -1468 -7549 -15480
6411 -1789 -7806 -15738
6438 -1893 -8182 -16212
6490 -1712 -8300 -16258
6521 -1524 -8529 -16471
6574 -1557 -8724 -16594
6605 -1785 -9050 -16977
6659 -1801 -9147 -16991
6687 -1663 -9233 -17190
6746 -1614 -8931 -16194
6771 -1804 -5766 -11572
6825 -1791 -3076 -7104
6852 -1470 -2581 -6548
6911 -1432 -2520 -6433
6935 -1421 -2477 -6373
6990 -1411 -2445 -6328
7019 -1415 -2439 -6290
7074 -1406 -2429 -6273
7103 -1409 -2406 -6246
7157 -1410 -2403 -6225
7185 -1405 -2393 -6215
7240 -1409 -2384 -6194
7270 -1403 -2377 -6189
7326 -1400 -2383 -6181
7363 -1399 -2374 -6166
7392 -1396 -2373 -6163
7446 -1399 -2371 -6157
7476 -1399 -2370 -6149
7530 -1394 -2367 -6138
7559 -1394 -2361 -6127
7613 -1398 -2357 -6132
7641 -1400 -2359 -6124
7700 -1394 -2360 -6124
7722 -1398 -2356 -6117
7779 -1393 -2361 -6947
7807 -2069 -4997 -12373
7863 -1709 -6720 -14330
7890 -1129 -6806 -15057
7945 -1228 -7206 -14562
7972 -1510 -7667 -15585
8027 -1610 -7350 -15232
8055 -1558 -7511 -15239
8109 -1286 -7193 -15185
8138 -1378 -7443 -15525
8191 -1647 -7524 -15438
8221 -1652 -7644 -15525
8277 -1445 -7548 -15278
8305 -1262 -7467 -15280
8364 -1385 -7621 -15499
8398 -1679 -7897 -15961
8428 -1687 -8236 -16206
8485 -1502 -8431 -16381
8511 -1346 -8642 -16522
8566 -1431 -8782 -16677
8594 -1615 -9113 -16950
8649 -1577 -9169 -17075
8678 -1463 -9299 -17246
8733 -1455 -8407 -15342
8759 -1731 -4995 -10391
8814 -1657 -2782 -6716
8844 -1413 -2552 -6522
8902 -1415 -2517 -6416
8927 -1405 -2468 -6369
8982 -1406 -2444 -6324
9012 -1409 -2437 -6281
9069 -1403 -2424 -6272
9091 -1404 -2403 -6249
9149 -1404 -2400 -6230
9174 -1400 -2392 -6218
9230 -1398 -2388 -6204
9258 -1398 -2377 -6191
9313 -1399 -2372 -6183
9342 -1398 -2379 -6174
9396 -1391 -2380 -6170
9423 -1392 -2371 -6152
9479 -1396 -2367 -6151
9508 -1399 -2365 -6140
9564 -1401 -2370 -6136
9590 -1393 -2364 -6129
9646 -1397 -2366 -6129
9674 -1396 -2353 -6121
9728 -1394 -2360 -6121
9757 -1407 -2676 -8191
9813 -2142 -5654 -12558
9840 -1568 -6830 -14565
9894 -1166 -7053 -15198
9922 -1367 -7050 -14618
9975 -1758 -7668 -15360
10006 -1674 -7340 -15308
10059 -1579 -7334 -15189
10088 -1267 -7098 -15082
10142 -1584 -7511 -15595
10172 -1706 -7473 -15375
10227 -1661 -7593 -15471
10254 -1394 -7423 -15154
10312 -1327 -7465 -15397
10350 -1526 -7648 -15560
10379 -1790 -7967 -16141
10435 -1689 -8196 -16162
10459 -1528 -8416 -16328
10514 -1438 -8642 -16489
10544 -1600 -8819 -16725
10600 -1699 -9043 -16909
10628 -1632 -9140 -17073
10684 -1462 -9246 -17221
10710 -1588 -7773 -14377
10767 -1813 -4271 -9237
10792 -1590 -2615 -6659
10847 -1431 -2534 -6502
10875 -1415 -2510 -6406
10930 -1411 -2459 -6354
10958 -1408 -2441 -6308
11017 -1412 -2442 -6284
11053 -1406 -2406 -6263
11084 -1405 -2405 -6240
11139 -1414 -2397 -6222
11166 -1405 -2387 -6206
11220 -1406 -2383 -6195
11248 -1404 -2377 -6191
11301 -1399 -2381 -6179
11331 -1404 -2373 -6163
11388 -1403 -2373 -6165
11414 -1395 -2374 -6149
11471 -1394 -2364 -6148
11497 -1397 -2360 -6144
11553 -1397 -2355 -6131
11581 -1393 -2363 -6135
11636 -1393 -2360 -6127
11662 -1393 -2358 -6125
11718 -1392 -2358 -6125
11744 -1529 -3191 -9963
11800 -2074 -5951 -12840
11829 -1497 -6798 -14696
11884 -1213 -7384 -15160
11914 -1472 -7085 -14922
11969 -1754 -7598 -15185
11996 -1749 -7417 -15365
12051 -1534 -7347 -15249
12078 -1433 -7083 -15105
12134 -1726 -7554 -15599
12161 -1799 -7500 -15419
12216 -1784 -7579 -15414
12242 -1634 -7425 -15195
12297 -1470 -7536 -15443
12327 -1820 -7714 -15710
12381 -1964 -8144 -16110
12410 -1914 -8249 -16266
12465 -1661 -8458 -16327
12493 -1673 -8578 -16503
12550 -1813 -8898 -16828
12576 -1983 -9069 -17027
12630 -1838 -9179 -17114
12658 -1745 -9231 -17043
12715 -1830 -7029 -13364
12741 -1932 -3734 -8336
12794 -1564 -2614 -6605
12825 -1437 -2530 -6471
12878 -1423 -2501 -6392
12908 -1425 -2463 -6353
12962 -1415 -2444 -6312
12988 -1414 -2436 -6281
13043 -1411 -2414 -6264
13073 -1403 -2409 -6236
13129 -1401 -2401 -6226
13154 -1411 -2389 -6215
13210 -1404 -2387 -6202
13239 -1406 -2390 -6187
13293 -1395 -2377 -6175
13323 -1403 -2383 -6171
13380 -1405 -2370 -6161
13404 -1403 -2378 -6156
13459 -1396 -2369 -6150
13486 -1398 -2358 -6140
13542 -1396 -2360 -6140
13571 -1401 -2362 -6131
13627 -1400 -2365 -6131
13652 -1395 -2368 -6127
13706 -1395 -2354 -6133
13737 -1808 -3903 -11179
13790 -1915 -6274 -13512
13819 -1355 -6610 -14670
13872 -1196 -7259 -14804
13902 -1485 -7205 -15372
13956 -1682 -7315 -15096
13986 -1692 -7428 -15314
14041 -1385 -7127 -15233
14069 -1363 -7135 -15271
14125 -1633 -7432 -15503
14151 -1731 -7455 -15504
14206 -1571 -7428 -15289
14234 -1341 -7326 -15204
14289 -1359 -7462 -15495
14317 -1677 -7722 -15783
14372 -1772 -8027 -16156
14401 -1649 -8222 -16295
14454 -1450 -8402 -16491
14482 -1463 -8570 -16537
14537 -1636 -8922 -16913
14565 -1687 -9035 -17021
14621 -1556 -9142 -17131
14648 -1503 -9116 -17130
14702 -1649 -7481 -13973
14731 -1851 -4019 -8834
14788 -1546 -2599 -6666
14818 -1429 -2528 -6485
14873 -1420 -2510 -6401
14898 -1415 -2458 -6347
14953 -1408 -2441 -6306
14983 -1406 -2447 -6287
15039 -1403 -2405 -6268
15063 -1409 -2407 -6244
15118 -1400 -2391 -6226
15145 -1397 -2393 -6212
15199 -1399 -2383 -6198
15229 -1403 -2382 -6185
15286 -1407 -2375 -6175
15313 -1401 -2378 -6173
15368 -1396 -2380 -6164
15394 -1395 -2370 -6154
15449 -1396 -2361 -6154
15479 -1396 -2367 -6146
15534 -1392 -2367 -6135
15559 -1396 -2365 -6136
15615 -1390 -2363 -6127
15645 -1398 -2355 -6128
15700 -1396 -2354 -6123
15728 -1654 -3544 -10573
15782 -1979 -6255 -13223
15810 -1389 -6681 -14645
15866 -1161 -7383 -15058
15894 -1421 -7146 -15094
15949 -1654 -7502 -15172
15975 -1625 -7485 -15377
16030 -1381 -7221 -15193
16060 -1312 -7160 -15226
16116 -1616 -7589 -15603
16141 -1698 -7505 -15542
16197 -1582 -7539 -15343
16224 -1320 -7422 -15231
16277 -1295 -7586 -15550
16306 -1612 -7730 -15699
16363 -1763 -8155 -16212
16391 -1609 -8273 -16279
16446 -1434 -8433 -16394
16475 -1407 -8681 -16597
16532 -1579 -8958 -16961
16566 -1650 -9040 -16981
16596 -1513 -9265 -17149
16650 -1449 -9193 -16868
16680 -1624 -6671 -12929
16735 -1793 -3503 -7881
16764 -1493 -2613 -6551
16818 -1422 -2530 -6475
16845 -1421 -2495 -6391
16901 -1412 -2450 -6352
16930 -1403 -2446 -6308
16985 -1412 -2429 -6283
17012 -1410 -2409 -6260
17068 -1401 -2402 -6238
17096 -1398 -2402 -6220
17151 -1407 -2392 -6214
17177 -1403 -2391 -6204
17234 -1406 -2382 -6188
17261 -1399 -2375 -6181
17319 -1395 -2372 -6177
17343 -1396 -2375 -6166
17399 -1390 -2377 -6154
17428 -1392 -2365 -6153
17481 -1388 -2370 -6147
17510 -1394 -2370 -6142
17564 -1393 -2363 -6128
17594 -1391 -2362 -6124
17651 -1397 -2356 -6127
17676 -1400 -2346 -6150
17733 -1903 -4299 -11686
17759 -1863 -6513 -13754
17814 -1269 -6676 -14847
17840 -1214 -7359 -14703
17896 -1526 -7371 -15509
17924 -1666 -7405 -15161
17978 -1655 -7489 -15246
18007 -1365 -7254 -15380
18062 -1400 -7261 -15294
18091 -1713 -7523 -15505
18147 -1731 -7672 -15585
18173 -1564 -7493 -15340
18229 -1351 -7399 -15174
18254 -1391 -7600 -15524
18309 -1675 -7964 -16049
18339 -1791 -8224 -16230
18395 -1625 -8339 -16260
18422 -1457 -8602 -16513
18475 -1475 -8717 -16579
18505 -1670 -9059 -16969
18561 -1706 -9126 -16996
18588 -1564 -9202 -17160
18642 -1534 -9033 -16351
18669 -1734 -5832 -11703
18725 -1775 -3112 -7148
18752 -1454 -2589 -6556
18809 -1425 -2527 -6451
18837 -1417 -2488 -6387
18892 -1398 -2449 -6330
18920 -1409 -2439 -6302
18976 -1407 -2425 -6269
19004 -1400 -2404 -6255
19059 -1400 -2407 -6240
19084 -1406 -2399 -6218
19140 -1399 -2382 -6205
19169 -1397 -2383 -6202
19224 -1401 -2375 -6187
19251 -1391 -2377 -6181
19306 -1393 -2371 -6167
19335 -1394 -2380 -6164
19390 -1398 -2369 -6153
19419 -1390 -2368 -6141
19473 -1380 -2363 -6149
19499 -1395 -2371 -6137
19555 -1397 -2362 -6134
19584 -1392 -2361 -6125
19640 -1396 -2363 -6128
19665 -1390 -2376 -7045
19720 -2081 -4923 -12379
19749 -1739 -6798 -14445
19803 -1218 -6750 -15042
19833 -1309 -7194 -14653
19889 -1604 -7525 -15504
19916 -1688 -7294 -15269
19972 -1652 -7423 -15240
19997 -1365 -7130 -15278
20054 -1494 -7395 -15565
20081 -1725 -7416 -15435
20136 -1728 -7569 -15541
20165 -1532 -7466 -15270
20219 -1347 -7391 -15326
20248 -1478 -7545 -15536
20303 -1775 -8035 -16066
20331 -1792 -8194 -16228
20385 -1634 -8338 -16344
20412 -1463 -8531 -16437
20469 -1560 -8699 -16702
20494 -1704 -8996 -16931
20551 -1688 -9085 -17133
20580 -1558 -9170 -17218
20638 -1571 -8378 -15348
20664 -1801 -4960 -10412
20720 -1679 -2753 -6722
20747 -1427 -2551 -6531
20785 -1424 -2519 -6427
20838 -1411 -2473 -6366
20869 -1405 -2449 -6328
20917 -1408 -2437 -6294
20969 -1413 -2418 -6266
20994 -1401 -2413 -6249
21049 -1398 -2406 -6238
21076 -1400 -2404 -6221
21132 -1405 -2391 -6203
21159 -1404 -2380 -6203
21213 -1398 -2375 -6189
21243 -1398 -2385 -6175
21296 -1399 -2371 -6171
21325 -1388 -2373 -6163
21381 -1392 -2368 -6155
21408 -1390 -2362 -6150
21463 -1388 -2372 -6142
21490 -1389 -2367 -6134
21548 -1387 -2359 -6129
21583 -1391 -2367 -6129
21614 -1388 -2364 -6120
21664 -1412 -2711 -8301
21714 -2119 -5704 -12564
21738 -1626 -6919 -14681
21795 -1154 -7125 -15209
21823 -1381 -7148 -14701
21878 -1665 -7708 -15419
21905 -1703 -7374 -15360
21960 -1562 -7443 -15236
21988 -1348 -7158 -15169
22042 -1565 -7582 -15665
22073 -1768 -7520 -15451
22126 -1681 -7630 -15477
22155 -1464 -7526 -15238
22211 -1319 -7574 -15482
22238 -1569 -7734 -15668
22294 -1844 -8173 -16163
22321 -1745 -8303 -16258
22376 -1554 -8472 -16391
22403 -1457 -8631 -16496
22459 -1589 -8883 -16812
22486 -1752 -9133 -17032
22541 -1650 -9235 -17169
22569 -1537 -9306 -17262
22625 -1562 -9363 -17346
22653 -1747 -9454 -16930
22710 -1867 -6471 -12343
22736 -1747 -3229 -7425
22791 -1443 -2613 -6567
22818 -1418 -2540 -6467
22874 -1416 -2497 -6389
22901 -1410 -2456 -6347
22955 -1404 -2453 -6311
22985 -1405 -2437 -6280
23038 -1407 -2417 -6259
23068 -1403 -2412 -6247
23125 -1404 -2409 -6223
23149 -1406 -2395 -6214
23208 -1395 -2395 -6198
23234 -1393 -2382 -6193
23291 -1394 -2378 -6184
23316 -1395 -2387 -6174
23371 -1389 -2370 -6164
23397 -1391 -2379 -6164
23453 -1396 -2379 -6149
23481 -1388 -2371 -6146
23537 -1392 -2368 -6140
23564 -1386 -2372 -6139
23620 -1385 -2363 -6132
23647 -1389 -2363 -6130
23707 -1400 -2354 -6603
23743 -2028 -4724 -12137
23771 -1743 -6629 -14132
23829 -1157 -6711 -14972
23856 -1230 -7246 -14677
23912 -1571 -7573 -15608
23935 -1700 -7357 -15211
23991 -1613 -7514 -15232
24019 -1285 -7140 -15216
24074 -1409 -7389 -15506
24104 -1706 -7476 -15480
24160 -1739 -7611 -15590
24185 -1522 -7528 -15285
24240 -1284 -7443 -15341
24269 -1404 -7604 -15532
24323 -1732 -7979 -16081
24351 -1761 -8257 -16250
24405 -1604 -8389 -16351
24435 -1400 -8583 -16494
24491 -1492 -8733 -16601
24518 -1664 -9092 -16952
24572 -1674 -9147 -17047
24601 -1514 -9217 -17184
24657 -1467 -8755 -15869
24683 -1700 -5413 -11116
24740 -1711 -2932 -6891
24766 -1422 -2570 -6551
24824 -1427 -2524 -6443
24848 -1409 -2487 -6382
24901 -1412 -2451 -6334
24932 -1405 -2445 -6294
24989 -1399 -2429 -6274
25015 -1402 -2403 -6261
25070 -1402 -2417 -6238
25098 -1396 -2409 -6217
25152 -1394 -2397 -6211
25183 -1394 -2390 -6205
25237 -1403 -2384 -6189
25265 -1400 -2381 -6184
25322 -1394 -2383 -6173
25348 -1397 -2377 -6167
25406 -1394 -2371 -6154
25430 -1396 -2366 -6148
25485 -1390 -2369 -6146
25513 -1391 -2369 -6140
25567 -1385 -2370 -6139
25598 -1383 -2368 -6131
25653 -1390 -2361 -6131
25680 -1398 -2558 -7553
25737 -2120 -5229 -12474
25763 -1688 -6916 -14694
25819 -1167 -6816 -15171
25846 -1322 -7044 -14594
25903 -1610 -7590 -15539
25928 -1726 -7278 -15363
25983 -1584 -7325 -15249
26011 -1318 -7039 -15163
26067 -1489 -7435 -15653
26094 -1728 -7363 -15453
26151 -1700 -7541 -15555
26176 -1483 -7433 -15274
26233 -1294 -7415 -15426
26259 -1463 -7540 -15617
26311 -1747 -8068 -16140
26342 -1720 -8168 -16223
26398 -1526 -8351 -16343
26424 -1336 -8487 -16462
26480 -1482 -8700 -16740
26507 -1618 -8972 -17007
26565 -1570 -9057 -17124
26592 -1491 -9176 -17271
26634 -1458 -8115 -14966
26689 -1749 -4627 -9910
26715 -1624 -2672 -6690
26770 -1419 -2542 -6525
26799 -1423 -2518 -6426
26855 -1414 -2477 -6369
26882 -1408 -2441 -6320
26935 -1409 -2446 -6292
26966 -1406 -2420 -6271
27022 -1401 -2408 -6247
27049 -1394 -2403 -6236
27105 -1403 -2398 -6218
27129 -1395 -2384 -6200
27187 -1397 -2390 -6196
27213 -1403 -2384 -6188
27267 -1398 -2387 -6179
27295 -1389 -2380 -6173
27348 -1386 -2369 -6168
27379 -1385 -2369 -6161
27436 -1398 -2366 -6151
27462 -1390 -2366 -6145
27518 -1393 -2363 -6140
27543 -1391 -2363 -6136
27599 -1393 -2358 -6131
27627 -1393 -2361 -6130
27684 -1446 -2937 -9097
27711 -2075 -5788 -12605
27770 -1558 -6891 -14764
27795 -1135 -7269 -15254
27852 -1383 -7130 -14846
27875 -1628 -7665 -15321
27931 -1670 -7450 -15460
27960 -1474 -7424 -15301
28014 -1318 -7123 -15159
28042 -1560 -7634 -15712
28104 -1733 -7531 -15504
28137 -1642 -7618 -15462
28168 -1437 -7486 -15262
28223 -1374 -7537 -15449
28249 -1510 -7747 -15670
28306 -1830 -8172 -16213
28332 -1663 -8279 -16292
28389 -1546 -8462 -16415
28417 -1433 -8672 -16526
28470 -1617 -8901 -16912
28501 -1689 -9117 -17043
28553 -1622 -9200 -17147
28582 -1499 -9343 -17214
28636 -1609 -7479 -13928
28665 -1816 -4037 -8837
28721 -1559 -2615 -6646
28747 -1439 -2542 -6488
28803 -1415 -2512 -6406
28831 -1412 -2470 -6354
28884 -1411 -2444 -6317
28913 -1403 -2438 -6292
28968 -1402 -2414 -6272
28995 -1407 -2408 -6250
29050 -1405 -2406 -6228
29078 -1401 -2398 -6221
29133 -1398 -2391 -6208
29163 -1401 -2387 -6199
29217 -1399 -2386 -6183
29245 -1389 -2382 -6179
29300 -1389 -2380 -6173
