0 1177 -6 -5072
1 1181 -9 -5080
4 1171 -4 -5080
7 1180 -1 -5077
16 1179 -7 -5072
19 1176 -3 -5082
20 1179 -6 -5078
24 1178 -8 -5075
27 1173 8 -5072
31 1182 -3 -5080
34 1175 -3 -5075
37 1180 -9 -5077
40 1183 -10 -5076
43 1178 9 -5084
46 1179 -1 -5078
49 1180 -2 -5073
52 1177 -4 -5076
57 1177 -10 -5079
61 1180 -1 -5080
64 1180 0 -5079
67 1185 1 -5076
68 1181 3 -5079
73 1172 -10 -5074
77 1188 -5 -5077
80 1182 -1 -5078
83 1181 -5 -5076
85 1173 -5 -5081
88 1187 -5 -5077
91 1178 -2 -5082
94 1181 3 -5072
97 1175 -14 -5078
100 1171 4 -5074
102 1173 -4 -5072
106 1177 -3 -5078
109 1176 -2 -5077
111 1186 -10 -5078
114 1182 1 -5078
115 1182 -4 -5080
120 1183 3 -5079
122 1180 -5 -5075
123 1175 3 -5079
161 1179 4 -5078
187 1173 -3 -5077
246 1180 -6 -5082
271 1178 1 -5075
324 1183 -4 -5079
358 1180 -3 -5076
394 1179 -4 -5076
440 1185 0 -5072
491 1178 -4 -5076
516 1184 8 -5080
572 1189 -6 -5080
600 1180 -3 -5082
660 1175 -1 -5076
682 1180 -3 -5075
751 1180 0 -5083
764 1182 -6 -5076
819 1177 -2 -5076
846 1179 2 -5075
900 1179 2 -5077
932 1175 -1 -5082
990 1180 -7 -5077
1012 1180 -8 -5075
1070 1178 -12 -5081
1095 1182 -3 -5074
1133 1178 0 -5080
1185 1175 -7 -5077
1236 1179 -8 -5078
1265 1174 1 -5078
1319 1178 3 -5078
1347 1176 -8 -5077
1401 1176 -8 -5077
1424 1178 -3 -5079
1480 1182 -11 -5068
1508 1177 -1 -5080
1564 1179 2 -5080
1590 1177 -4 -5079
1644 1181 1 -5074
1671 1184 -1 -5077
1729 1174 3 -5077
1758 1175 -8 -5073
1811 1177 2 -5074
1837 1181 -2 -5079
1895 1178 32 -5078
1919 1132 89 -5099
1982 1128 96 -5092
2010 1131 95 -5106
2044 1129 88 -5103
2095 1118 80 -5097
2147 1174 11 -5093
2169 1174 7 -5090
2223 1182 14 -5094
2251 1183 16 -5098
2305 1175 8 -5094
2335 1177 8 -5090
2393 1180 11 -5096
2439 1182 12 -5090
2458 1177 11 -5094
2520 1176 9 -5087
2542 1176 9 -5095
2598 1182 8 -5098
2621 1180 2 -5095
2670 1181 6 -5093
2719 1180 15 -5091
2744 1177 17 -5090
2792 1178 11 -5092
2840 1179 7 -5094
2890 1174 11 -5103
2911 1173 12 -5102
2967 1180 7 -5098
2995 1178 18 -5096
3051 1179 8 -5093
3083 1172 10 -5095
3125 1180 11 -5103
3171 1179 9 -5099
3226 1180 13 -5091
3240 1177 5 -5096
3291 1183 8 -5100
3342 1178 10 -5093
3365 1184 8 -5094
3408 1180 6 -5092
3456 1178 9 -5093
3514 1177 15 -5093
3537 1181 20 -5107
3573 1238 70 -5114
3622 1225 70 -5118
3672 1230 59 -5111
3699 1236 66 -5108
3738 1232 62 -5111
3787 1191 -5 -5113
3838 1180 -4 -5113
3861 1184 -10 -5119
3920 1188 -9 -5113
3949 1184 -14 -5117
4002 1184 -7 -5108
4026 1193 -12 -5118
4085 1183 -9 -5115
4109 1189 -4 -5111
4165 1186 -8 -5117
4191 1188 -8 -5117
4248 1190 -11 -5112
4273 1190 -6 -5114
4336 1184 -11 -5113
4367 1187 -14 -5119
4409 1193 -12 -5110
4460 1189 -14 -5109
4502 1187 -12 -5113
4522 1183 -8 -5110
4577 1185 -6 -5107
4604 1192 -7 -5113
4654 1187 -6 -5119
4709 1185 -6 -5110
4731 1184 -8 -5109
4787 1189 -7 -5116
4813 1192 -12 -5114
4862 1191 -10 -5110
4919 1187 -6 -5116
4942 1183 -16 -5116
4998 1191 -1 -5112
5020 1185 -10 -5109
5076 1192 0 -5116
5102 1186 -11 -5114
5157 1190 -10 -5115
5182 1185 -8 -5112
5243 1182 -6 -5113
5269 1185 -7 -5112
5327 1188 -8 -5109
5361 1230 59 -5118
5390 1248 64 -5118
5440 1242 60 -5125
5488 1241 61 -5114
5513 1245 65 -5120
5571 1192 -36 -5130
5598 1188 -39 -5129
5648 1185 -35 -5132
5700 1184 -44 -5128
5721 1185 -45 -5123
5778 1189 -40 -5134
5803 1193 -37 -5122
5862 1194 -46 -5131
5887 1186 -33 -5120
5943 1188 -39 -5132
5971 1187 -39 -5126
6029 1192 -40 -5129
6058 1189 -44 -5131
6099 1191 -40 -5128
6146 1186 -39 -5131
6194 1197 -38 -5129
6225 1191 -38 -5116
6261 1187 -37 -5132
6306 1187 -46 -5122
6358 1185 -38 -5133
6386 1190 -37 -5131
6442 1191 -45 -5120
6477 1192 -46 -5129
6523 1187 -43 -5130
6549 1189 -39 -5131
6612 1191 -39 -5124
6632 1188 -38 -5129
6691 1190 -44 -5126
6715 1186 -37 -5126
6772 1190 -40 -5134
6798 1185 -38 -5123
6855 1186 -43 -5125
6889 1183 -41 -5127
6924 1194 -38 -5122
6974 1184 -43 -5130
7022 1234 0 -5149
7046 1153 51 -5151
7112 1163 50 -5156
7132 1153 50 -5154
7185 1149 46 -5157
7213 1191 -65 -5154
7269 1184 -65 -5149
7293 1187 -62 -5149
7359 1192 -63 -5150
7375 1188 -68 -5151
7432 1192 -63 -5150
7460 1188 -63 -5156
7515 1184 -70 -5153
7544 1190 -63 -5155
7594 1195 -71 -5156
7646 1190 -65 -5150
7666 1194 -67 -5150
7725 1195 -69 -5149
7748 1193 -64 -5153
7805 1193 -68 -5147
7830 1192 -65 -5148
7890 1198 -61 -5144
7919 1190 -61 -5153
7974 1191 -64 -5148
8010 1193 -69 -5146
8038 1190 -64 -5146
8089 1191 -53 -5156
8144 1195 -59 -5152
8161 1186 -70 -5151
8219 1197 -62 -5149
8241 1185 -64 -5154
8291 1193 -67 -5156
8341 1191 -66 -5149
8371 1188 -68 -5155
8419 1184 -61 -5153
8470 1193 -60 -5153
8490 1190 -65 -5149
8552 1190 -64 -5148
8590 1185 -62 -5156
8619 1189 -63 -5157
8673 1189 -67 -5149
8699 1195 -71 -5147
8753 1221 -23 -5197
8782 1152 14 -5199
8832 1163 9 -5197
8882 1157 11 -5202
8905 1153 5 -5204
8965 1209 -77 -5196
8991 1203 -71 -5192
9048 1203 -77 -5195
9072 1198 -73 -5200
9123 1204 -75 -5200
9167 1204 -80 -5195
9199 1206 -69 -5193
9251 1206 -81 -5196
9279 1208 -84 -5196
9335 1210 -78 -5192
9363 1196 -76 -5201
9403 1207 -70 -5194
9451 1206 -76 -5194
9507 1205 -82 -5198
9528 1201 -71 -5195
9586 1203 -73 -5195
9626 1206 -79 -5202
9652 1204 -74 -5199
9701 1204 -78 -5196
9750 1216 -83 -5195
9775 1205 -85 -5190
9834 1206 -73 -5203
9868 1203 -86 -5197
9903 1208 -73 -5200
9948 1208 -72 -5200
9993 1211 -76 -5197
10021 1209 -83 -5195
10082 1203 -82 -5193
10107 1196 -73 -5199
10164 1209 -81 -5195
10191 1205 -75 -5197
10232 1203 -80 -5195
10280 1208 -77 -5196
10315 1205 -73 -5197
10361 1203 -77 -5197
10413 1201 -76 -5191
10437 1208 -78 -5198
10486 1203 -78 -5192
10536 1208 -70 -5201
10566 1210 -77 -5191
10607 1200 -76 -5192
10649 1206 -77 -5203
10699 1149 49 -5173
10723 1139 46 -5176
10781 1142 49 -5168
10808 1144 50 -5174
10861 1143 40 -5170
10906 1201 -76 -5171
10932 1198 -89 -5169
10988 1201 -77 -5164
11012 1193 -79 -5168
11074 1198 -73 -5164
11096 1201 -77 -5160
11162 1200 -76 -5161
11187 1200 -84 -5159
11224 1190 -76 -5165
11272 1200 -74 -5165
11326 1206 -72 -5167
11345 1207 -72 -5173
11404 1199 -75 -5171
11432 1197 -80 -5173
11485 1201 -80 -5166
11512 1203 -74 -5165
11567 1194 -78 -5166
11593 1198 -77 -5169
11650 1204 -72 -5167
11677 1197 -76 -5170
11733 1204 -80 -5168
11759 1196 -78 -5166
11815 1198 -77 -5162
11845 1210 -83 -5165
11903 1201 -74 -5162
11927 1200 -78 -5162
11983 1195 -72 -5168
12007 1205 -81 -5171
12063 1205 -72 -5160
12089 1197 -77 -5169
12146 1201 -71 -5163
12174 1197 -75 -5167
12230 1205 -75 -5165
12258 1199 -79 -5163
12313 1202 -78 -5170
12341 1201 -76 -5172
12395 1207 -75 -5166
12419 1196 -84 -5163
12476 1205 -72 -5165
12503 1205 -80 -5169
12570 1196 34 -5170
12585 1234 54 -5128
12644 1228 53 -5125
12665 1231 46 -5120
12714 1229 52 -5128
12760 1230 -54 -5149
12810 1191 -49 -5142
12838 1195 -53 -5138
12875 1184 -51 -5133
12928 1189 -47 -5138
12973 1189 -47 -5140
12998 1183 -53 -5140
13054 1180 -42 -5143
13087 1192 -46 -5135
13140 1185 -46 -5145
13163 1187 -45 -5136
13224 1190 -52 -5137
13249 1179 -48 -5137
13304 1187 -54 -5140
13329 1185 -49 -5137
13381 1190 -47 -5137
13412 1180 -45 -5142
13463 1191 -53 -5138
13510 1189 -51 -5140
13534 1189 -52 -5138
13595 1179 -55 -5138
13621 1185 -53 -5141
13687 1186 -50 -5140
13708 1185 -46 -5140
13747 1183 -48 -5139
13797 1184 -46 -5142
13843 1192 -47 -5135
13876 1190 -44 -5143
13925 1190 -38 -5139
13951 1183 -52 -5137
14003 1185 -46 -5136
14031 1181 -48 -5143
14080 1186 -48 -5137
14131 1186 -49 -5135
14162 1183 -46 -5140
14217 1242 3 -5164
14237 1155 44 -5158
14292 1155 40 -5165
14323 1157 50 -5160
14389 1154 46 -5162
14405 1190 -74 -5152
14457 1195 -72 -5153
14489 1192 -69 -5155
14537 1191 -64 -5160
14588 1192 -63 -5163
14611 1189 -65 -5163
14666 1193 -63 -5160
14692 1190 -68 -5157
14750 1197 -66 -5162
14775 1188 -66 -5159
14828 1191 -68 -5152
14878 1189 -69 -5160
14902 1186 -69 -5158
14958 1195 -77 -5152
14984 1194 -66 -5157
15038 1194 -70 -5165
15071 1197 -65 -5159
15124 1199 -70 -5160
15157 1198 -64 -5155
15211 1191 -67 -5160
15236 1188 -69 -5157
15289 1196 -66 -5159
15324 1189 -72 -5161
15374 1196 -68 -5161
15412 1193 -68 -5163
15440 1182 -66 -5159
15495 1189 -80 -5163
15520 1192 -72 -5161
15585 1186 -73 -5158
15608 1193 -64 -5157
15642 1256 -25 -5197
15697 1157 3 -5204
15744 1151 5 -5200
15775 1149 -5 -5206
15812 1160 0 -5210
15862 1211 -71 -5195
15910 1206 -77 -5195
15936 1210 -69 -5198
15993 1210 -74 -5198
16016 1204 -74 -5201
16080 1210 -80 -5198
16100 1211 -73 -5200
16152 1204 -72 -5204
16181 1206 -79 -5202
16235 1196 -76 -5198
16267 1206 -76 -5200
16315 1209 -69 -5195
16365 1206 -76 -5198
16400 1203 -72 -5195
16438 1203 -85 -5197
16488 1203 -79 -5196
16519 1206 -75 -5196
16557 1205 -77 -5197
16605 1205 -70 -5195
16652 1200 -78 -5195
16677 1208 -75 -5199
16735 1201 -78 -5198
16764 1211 -79 -5194
16821 1202 -83 -5193
16844 1204 -82 -5201
16901 1208 -74 -5195
16926 1213 -72 -5190
16992 1204 -76 -5199
17008 1212 -75 -5197
17067 1203 -76 -5195
17088 1198 -76 -5203
17134 1205 -84 -5200
17179 1212 -82 -5198
17233 1212 -77 -5197
17254 1213 -75 -5204
17304 1205 -80 -5194
17356 1199 -74 -5204
17382 1206 -77 -5196
17437 1204 -73 -5196
17463 1204 -72 -5194
17520 1212 -76 -5199
17546 1210 -69 -5198
17597 1206 -80 -5203
17648 1211 -81 -5201
17670 1201 -79 -5195
17724 1209 -79 -5207
17752 1209 -71 -5195
17808 1203 -78 -5199
17836 1212 -77 -5200
17889 1205 -80 -5198
17916 1207 -77 -5196
17971 1218 -74 -5201
17998 1208 -73 -5189
18053 1205 -71 -5203
18082 1208 -75 -5199
18130 1201 -78 -5193
18180 1201 -77 -5199
18208 1201 -77 -5198
18260 1207 -79 -5191
18290 1200 -69 -5203
18338 1209 -78 -5199
18388 1206 -79 -5197
18413 1207 -81 -5200
18468 1204 -70 -5200
18498 1205 -76 -5194
18549 1209 -74 -5199
18579 1217 -78 -5195
18632 1206 -78 -5195
18666 1209 -76 -5192
18710 1207 -68 -5194
18761 1211 -74 -5196
18789 1208 -75 -5199
18846 1208 -76 -5193
18872 1216 -76 -5194
18922 1208 -73 -5192
18971 1205 -75 -5197
19011 1196 -70 -5196
19034 1207 -75 -5197
19087 1201 -74 -5198
19132 1206 -72 -5196
19162 1203 -78 -5197
19218 1202 -77 -5192
19242 1210 -70 -5197
19305 1202 -75 -5201
19327 1204 -78 -5196
19386 1215 -77 -5200
19408 1211 -77 -5200
19449 1208 -73 -5194
19499 1204 -75 -5204
19556 1209 -71 -5198
19571 1210 -73 -5197
19631 1208 -77 -5193
19669 1211 -77 -5197
19704 1205 -79 -5203
19752 1210 -79 -5201
19778 1212 -75 -5196
19837 1208 -74 -5194
19861 1214 -76 -5201
19920 1211 -73 -5193
19946 1205 -77 -5196
20004 1212 -77 -5196
20028 1208 -79 -5203
20075 1210 -77 -5192
20123 1210 -68 -5199
20151 1204 -67 -5196
20208 1206 -79 -5196
20233 1203 -79 -5198
20291 1210 -82 -5193
20314 1206 -76 -5198
20359 1203 -73 -5194
20406 1211 -76 -5200
20456 1203 -80 -5200
20482 1203 -73 -5194
20540 1212 -81 -5194
20564 1206 -77 -5192
20623 1205 -71 -5197
20649 1207 -73 -5201
20704 1217 -73 -5198
20732 1205 -72 -5196
20787 1207 -73 -5193
20813 1213 -70 -5199
20870 1204 -74 -5193
20896 1216 -79 -5199
20958 1209 -83 -5198
20986 1207 -79 -5199
21020 1206 -81 -5198
21071 1208 -76 -5198
21117 1208 -74 -5202
21143 1211 -74 -5200
21200 1215 -74 -5193
21225 1204 -71 -5194
21273 1206 -71 -5196
21324 1207 -79 -5198
21369 1210 -81 -5195
21405 1202 -76 -5189
21432 1210 -74 -5200
21493 1210 -79 -5192
21529 1204 -76 -5196
21561 1208 -76 -5200
21608 1200 -75 -5193
21658 1209 -73 -5190
21690 1208 -79 -5196
21728 1203 -80 -5203
21777 1211 -74 -5194
21812 1205 -78 -5201
21857 1208 -75 -5195
21916 1206 -73 -5197
21930 1213 -74 -5194
21973 1211 -82 -5190
22025 1205 -78 -5198
22072 1211 -73 -5196
22107 1207 -75 -5195
22140 1215 -76 -5195
22197 1210 -75 -5195
22219 1216 -82 -5198
22277 1202 -82 -5190
22305 1204 -75 -5196
22353 1203 -75 -5191
22402 1213 -71 -5199
22425 1211 -73 -5204
22496 1209 -73 -5201
22510 1202 -70 -5198
22569 1212 -71 -5193
22599 1210 -76 -5196
22633 1210 -74 -5197
22684 1209 -76 -5196
22732 1202 -75 -5199
22761 1207 -78 -5199
22818 1205 -79 -5197
22837 1200 -76 -5195
22887 1206 -71 -5195
22935 1209 -74 -5198
22968 1212 -68 -5193
23013 1204 -74 -5193
23063 1202 -76 -5193
23090 1213 -81 -5193
23146 1207 -73 -5196
23184 1203 -72 -5197
23221 1214 -69 -5196
23270 1215 -80 -5197
23293 1206 -72 -5190
23348 1206 -76 -5194
23377 1205 -80 -5197
23426 1209 -80 -5198
23474 1212 -66 -5202
23500 1206 -76 -5199
23559 1209 -69 -5198
23588 1209 -80 -5196
23636 1208 -80 -5197
23683 1210 -76 -5196
23707 1209 -78 -5194
23763 1208 -81 -5192
23790 1211 -77 -5198
23848 1206 -80 -5198
23871 1212 -69 -5196
23927 1208 -81 -5191
23952 1210 -73 -5194
24016 1204 -83 -5196
24038 1204 -75 -5197
24096 1207 -86 -5202
24130 1202 -75 -5201
24164 1208 -77 -5191
24210 1203 -72 -5193
24259 1205 -72 -5196
24283 1208 -75 -5198
24330 1206 -76 -5194
24378 1209 -77 -5197
24428 1211 -69 -5198
24452 1201 -75 -5198
24505 1209 -75 -5193
24537 1210 -65 -5199
24594 1201 -80 -5195
24638 1211 -68 -5196
24659 1206 -73 -5198
24715 1208 -78 -5194
24740 1213 -80 -5196
24789 1212 -75 -5198
24838 1204 -73 -5200
24863 1206 -66 -5197
24912 1211 -76 -5197
24962 1205 -75 -5191
24988 1212 -81 -5196
25041 1206 -73 -5198
25070 1206 -77 -5195
25123 1210 -73 -5195
25176 1204 -72 -5191
25199 1207 -73 -5196
25254 1204 -73 -5194
25279 1201 -85 -5197
25336 1204 -72 -5198
25360 1208 -77 -5191
25413 1204 -67 -5199
25446 1205 -79 -5193
25501 1203 -72 -5199
25526 1200 -74 -5193
25569 1203 -80 -5196
25620 1209 -77 -5198
25656 1207 -78 -5196
25701 1205 -81 -5200
25749 1210 -72 -5195
25777 1210 -81 -5194
25832 1202 -76 -5192
25857 1206 -75 -5198
25914 1200 -74 -5198
25942 1207 -72 -5194
25999 1209 -73 -5193
26026 1201 -75 -5196
26081 1214 -76 -5194
26115 1211 -81 -5192
26154 1211 -72 -5201
26197 1203 -77 -5194
26245 1206 -76 -5197
26269 1206 -71 -5200
26328 1207 -78 -5199
26354 1206 -79 -5198
26409 1208 -71 -5186
26438 1201 -73 -5200
26499 1207 -75 -5196
26521 1212 -76 -5201
26580 1206 -81 -5202
26605 1207 -72 -5191
26654 1211 -77 -5199
26687 1206 -72 -5195
26736 1207 -75 -5194
26784 1205 -72 -5199
26810 1207 -73 -5193
26867 1207 -80 -5200
26899 1212 -76 -5195
26935 1203 -77 -5197
26990 1206 -79 -5195
27032 1210 -71 -5191
27055 1202 -76 -5195
27110 1204 -76 -5195
27143 1208 -71 -5190
27198 1210 -73 -5195
27227 1201 -74 -5197
27264 1205 -76 -5193
27314 1206 -73 -5194
27360 1206 -74 -5194
27388 1206 -71 -5194
27444 1203 -79 -5201
27467 1207 -69 -5190
27532 1209 -73 -5202
27557 1206 -73 -5197
27612 1208 -79 -5193
27640 1212 -83 -5193
27694 1203 -77 -5199
27717 1202 -66 -5195
27776 1200 -81 -5196
27802 1204 -74 -5193
27858 1206 -78 -5194
27884 1208 -78 -5199
27936 1206 -75 -5195
27966 1206 -75 -5196
28023 1212 -79 -5190
28055 1207 -78 -5198
28110 1203 -69 -5193
28133 1208 -81 -5198
28196 1207 -74 -5201
28214 1209 -77 -5199
28270 1212 -72 -5200
28297 1209 -71 -5196
28354 1212 -70 -5187
28380 1209 -81 -5196
28437 1214 -75 -5197
28463 1216 -74 -5197
28520 1203 -69 -5198
28544 1200 -78 -5193
28604 1200 -83 -5203
28629 1212 -68 -5196
28687 1213 -75 -5203
28712 1205 -77 -5202
28771 1206 -75 -5192
28793 1202 -80 -5183
28852 1205 -78 -5197
28881 1213 -78 -5194
28915 1211 -79 -5192
28964 1211 -76 -5192
29015 1210 -79 -5189
29042 1209 -78 -5195
29100 1202 -78 -5184
29125 1210 -76 -5192
29180 1206 -77 -5197
29208 1213 -71 -5185
29262 1208 -75 -5189
