2 1112 282 -4804
4 1036 312 -4814
5 1127 285 -4801
11 1044 294 -4814
19 1096 293 -4798
20 1093 279 -4815
27 1049 303 -4805
28 1116 284 -4806
32 1032 300 -4808
32 1127 278 -4808
38 1052 284 -4822
40 1089 288 -4800
42 1101 272 -4814
45 1058 293 -4802
45 1135 276 -4812
50 1044 285 -4811
51 1131 277 -4805
53 1065 284 -4815
55 1089 295 -4805
57 1110 272 -4810
61 1048 300 -4803
62 1126 274 -4810
66 1042 297 -4810
68 1122 296 -4805
71 1064 295 -4816
71 1091 301 -4808
75 1114 278 -4817
77 1047 304 -4816
79 1124 281 -4819
80 1047 289 -4834
83 1131 269 -4838
85 1075 271 -4853
86 1116 266 -4860
88 1125 231 -4891
91 1083 227 -4910
92 1077 260 -4919
96 1090 256 -4918
98 1079 251 -4915
101 1116 145 -4920
101 1104 142 -4916
104 1120 146 -4920
139 1118 141 -4918
188 1111 138 -4919
209 1117 141 -4924
260 1119 139 -4912
308 1116 138 -4919
335 1118 143 -4916
387 1112 143 -4921
435 1110 142 -4920
462 1108 145 -4916
516 1115 138 -4918
542 1112 136 -4912
603 1111 144 -4917
629 1120 139 -4920
687 1112 142 -4914
709 1115 140 -4915
763 1120 140 -4919
792 1116 145 -4917
837 1103 138 -4918
890 1117 136 -4924
911 1118 142 -4918
973 1117 135 -4912
1003 1106 142 -4916
1088 1116 140 -4917
1090 1116 135 -4916
1124 1118 147 -4915
1175 1112 142 -4921
1203 1122 138 -4912
1252 1118 147 -4916
1302 1114 139 -4922
1331 1110 142 -4921
1386 1119 137 -4923
1408 1119 143 -4916
1466 1121 140 -4916
1494 1110 148 -4917
1547 1122 144 -4922
1574 1116 149 -4922
1638 1115 138 -4915
1664 1106 145 -4914
1718 1109 147 -4916
1759 1112 141 -4914
1784 1121 143 -4915
1835 1104 141 -4918
1884 1110 135 -4920
1909 1111 141 -4912
1962 1113 135 -4917
1990 1119 140 -4921
2043 1123 141 -4918
2072 1112 147 -4908
2122 1109 140 -4913
2174 1120 147 -4912
2195 1119 145 -4908
2251 1106 142 -4917
2279 1121 141 -4913
2334 1117 135 -4910
2383 1113 142 -4916
2404 1106 138 -4914
2462 1111 145 -4923
2489 1113 141 -4916
2546 1113 137 -4918
2574 1116 140 -4913
2627 1114 135 -4921
2651 1121 140 -4914
2709 1115 134 -4920
2732 1116 138 -4920
2789 1124 151 -4917
2815 1110 143 -4915
2873 1123 140 -4920
2909 1105 142 -4917
2943 1111 135 -4916
2995 1112 138 -4922
3040 1110 144 -4914
3071 1117 139 -4917
3108 1110 139 -4920
3154 1111 146 -4916
3189 1115 146 -4914
3238 1109 141 -4918
3287 1122 133 -4911
3313 1109 135 -4917
3371 1112 139 -4921
3396 1108 144 -4914
3458 1119 141 -4917
3478 1120 135 -4914
3529 1117 138 -4918
3577 1118 141 -4919
3601 1115 143 -4921
3661 1113 138 -4912
3684 1115 140 -4917
3743 1118 138 -4922
3770 1116 142 -4916
3825 1114 141 -4913
3856 1120 135 -4917
3911 1119 141 -4921
3945 1114 143 -4921
3974 1118 143 -4914
4023 1124 136 -4912
4073 1106 133 -4917
4098 1113 133 -4922
4149 1112 149 -4915
4196 1111 141 -4919
4223 1122 147 -4918
4282 1109 139 -4917
4310 1116 140 -4914
4366 1120 139 -4914
4397 1111 135 -4921
4445 1115 145 -4916
4470 1113 141 -4919
4529 1108 139 -4916
4559 1114 144 -4923
4614 1118 142 -4918
4638 1122 144 -4923
4690 1115 147 -4918
4744 1118 136 -4921
4768 1114 145 -4915
4805 1114 139 -4914
4853 1120 139 -4920
4903 1120 136 -4915
4936 1111 143 -4917
4986 1113 132 -4916
5009 1110 143 -4915
5066 1112 140 -4925
5090 1074 221 -4951
5151 1071 215 -4958
5175 1074 216 -4957
5231 1071 217 -4960
5259 1076 230 -4947
5314 1123 141 -4952
5338 1120 136 -4947
5401 1124 135 -4948
5430 1117 136 -4948
5466 1130 134 -4946
5516 1113 138 -4949
5561 1123 138 -4950
5589 1122 146 -4953
5648 1123 142 -4950
5671 1125 141 -4954
5729 1120 147 -4948
5755 1122 135 -4949
5814 1130 135 -4951
5839 1122 140 -4945
5895 1124 136 -4954
5917 1122 141 -4951
5979 1125 137 -4948
6000 1116 142 -4954
6060 1132 144 -4948
6085 1129 139 -4947
6142 1129 138 -4945
6169 1126 140 -4947
6226 1135 138 -4945
6251 1128 136 -4949
6307 1124 140 -4951
6333 1122 137 -4950
6381 1127 143 -4950
6433 1127 152 -4952
6461 1126 144 -4951
6508 1125 141 -4954
6555 1130 180 -4973
6581 1177 199 -4962
6637 1176 200 -4968
6662 1177 194 -4970
6717 1177 196 -4963
6745 1132 121 -4973
6804 1135 129 -4969
6833 1138 127 -4964
6881 1132 116 -4972
6924 1136 124 -4968
6955 1126 127 -4969
7006 1130 131 -4975
7051 1136 130 -4972
7084 1132 124 -4968
7125 1134 125 -4970
7167 1138 128 -4963
7219 1140 122 -4971
7242 1134 127 -4971
7312 1137 127 -4967
7326 1133 135 -4972
7383 1133 128 -4969
7409 1130 129 -4959
7467 1132 129 -4961
7498 1135 125 -4968
7537 1141 124 -4967
7590 1130 123 -4971
7633 1141 121 -4966
7670 1127 133 -4973
7699 1135 131 -4968
7746 1133 132 -4971
7796 1134 118 -4966
7822 1130 122 -4970
7876 1139 122 -4967
7908 1134 128 -4967
7955 1129 129 -4967
8004 1136 130 -4966
8028 1160 183 -4965
8087 1186 200 -4963
8110 1191 205 -4962
8169 1190 201 -4956
8191 1192 198 -4964
8253 1131 104 -4969
8277 1135 108 -4969
8334 1135 108 -4965
8359 1136 107 -4964
8413 1137 108 -4973
8442 1131 107 -4967
8493 1137 107 -4971
8544 1142 104 -4967
8567 1134 105 -4976
8630 1134 104 -4964
8654 1127 108 -4965
8708 1129 105 -4967
8737 1140 103 -4974
8790 1133 110 -4964
8813 1135 100 -4972
8870 1132 106 -4975
8895 1133 94 -4973
8947 1130 100 -4974
8995 1135 103 -4971
9020 1127 107 -4975
9080 1138 110 -4971
9104 1124 105 -4967
9158 1135 103 -4970
9189 1136 107 -4970
9237 1127 103 -4969
9287 1138 102 -4967
9315 1135 106 -4966
9377 1138 101 -4965
9401 1141 106 -4971
9443 1137 110 -4969
9492 1139 103 -4972
9543 1135 106 -4964
9563 1135 99 -4969
9608 1129 102 -4965
9655 1146 108 -4963
9701 1187 160 -4993
9725 1105 205 -4996
9785 1103 198 -4992
9810 1095 210 -4992
9853 1099 209 -4983
9902 1121 86 -4984
9931 1138 87 -4984
9988 1140 87 -4981
10013 1132 92 -4982
10070 1138 94 -4975
10097 1135 93 -4977
10156 1136 83 -4985
10180 1131 93 -4985
10238 1138 88 -4983
10263 1137 89 -4978
10318 1141 93 -4979
10343 1137 89 -4979
10406 1132 88 -4982
10426 1134 86 -4993
10486 1146 93 -4980
10516 1133 88 -4985
10570 1141 95 -4983
10592 1136 85 -4977
10650 1132 87 -4979
10672 1132 93 -4981
10728 1139 87 -4973
10756 1140 89 -4980
10807 1134 89 -4982
10855 1134 88 -4985
10881 1135 87 -4982
10938 1139 89 -4981
10964 1135 87 -4984
11020 1132 90 -4981
11046 1132 90 -4983
11104 1134 83 -4971
11130 1136 89 -4975
11186 1127 88 -4979
11212 1142 93 -4981
11269 1142 90 -4981
11294 1135 90 -4983
11351 1135 90 -4985
11383 1137 93 -4984
11438 1093 164 -5022
11474 1100 166 -5023
11501 1100 160 -5023
11558 1098 177 -5023
11582 1096 159 -5017
11638 1147 89 -5015
11685 1151 87 -5014
11708 1151 82 -5012
11769 1148 77 -5015
11792 1149 83 -5014
11859 1151 82 -5010
11874 1146 89 -5009
11932 1146 94 -5013
11976 1149 90 -5009
12014 1142 88 -5020
12040 1155 81 -5010
12093 1143 89 -5013
12141 1150 89 -5011
12163 1149 84 -5013
12218 1142 99 -5019
12248 1145 84 -5011
12297 1142 80 -5013
12347 1151 83 -5014
12371 1145 91 -5008
12430 1148 81 -5012
12453 1146 88 -5014
12511 1150 88 -5009
12536 1148 91 -5010
12592 1147 90 -5010
12618 1149 88 -5018
12678 1151 82 -5015
12707 1148 84 -5015
12760 1140 85 -5010
12783 1148 85 -5009
12840 1143 83 -5024
12864 1148 89 -5013
12924 1146 88 -5014
12953 1151 89 -5016
13007 1143 93 -5015
13037 1094 146 -5021
13089 1203 143 -5037
13113 1207 146 -5034
13169 1189 140 -5031
13196 1196 136 -5029
13253 1155 67 -5036
13279 1152 74 -5033
13334 1156 67 -5035
13365 1158 67 -5035
13426 1157 68 -5035
13447 1154 68 -5037
13488 1153 67 -5031
13536 1156 72 -5030
13584 1152 69 -5038
13610 1153 68 -5038
13663 1162 71 -5043
13691 1159 71 -5034
13745 1158 69 -5032
13794 1157 69 -5028
13817 1153 71 -5032
13875 1154 64 -5035
13901 1161 69 -5028
13938 1151 70 -5032
13992 1154 73 -5029
14040 1152 69 -5031
14063 1155 72 -5036
14108 1158 62 -5030
14156 1154 61 -5040
14204 1158 71 -5031
14230 1148 75 -5038
14290 1148 69 -5032
14312 1155 65 -5028
14365 1153 70 -5036
14414 1155 66 -5028
14446 1108 125 -5033
14496 1208 140 -5036
14521 1220 148 -5037
14578 1210 143 -5034
14601 1215 140 -5034
14653 1148 39 -5042
14703 1157 39 -5049
14724 1155 37 -5044
14781 1153 36 -5045
14807 1145 39 -5044
14866 1150 39 -5042
14895 1163 48 -5046
14949 1155 42 -5047
14974 1159 45 -5040
15030 1157 40 -5042
15058 1155 43 -5035
15109 1153 39 -5045
15159 1157 38 -5045
15180 1154 34 -5048
15241 1158 43 -5043
15271 1157 53 -5048
15317 1158 35 -5046
15360 1161 44 -5037
15386 1149 38 -5044
15444 1155 39 -5046
15469 1161 33 -5045
15524 1155 38 -5042
15552 1159 43 -5048
15606 1152 43 -5039
15633 1155 41 -5044
15682 1158 42 -5044
15732 1156 36 -5043
15758 1152 40 -5043
15813 1175 127 -5060
15840 1127 133 -5070
15901 1116 136 -5071
15924 1116 129 -5069
15981 1127 126 -5068
16006 1124 21 -5063
16063 1159 15 -5070
16090 1154 19 -5068
16147 1155 26 -5062
16172 1155 22 -5071
16230 1154 24 -5065
16254 1162 16 -5067
16311 1157 17 -5061
16339 1159 20 -5063
16393 1158 21 -5066
16420 1162 26 -5066
16477 1156 22 -5064
16508 1161 25 -5066
16562 1163 22 -5069
16598 1161 20 -5067
16630 1156 16 -5066
16685 1160 17 -5069
16711 1155 23 -5068
16768 1160 23 -5064
16790 1164 31 -5062
16850 1167 16 -5066
16880 1161 15 -5070
16918 1161 26 -5060
16967 1161 24 -5066
17014 1152 22 -5062
17040 1155 25 -5070
17098 1160 19 -5061
17123 1152 20 -5065
17183 1152 16 -5068
17216 1151 122 -5092
17255 1226 93 -5071
17301 1224 89 -5065
17329 1228 102 -5076
17384 1223 92 -5079
17413 1222 32 -5085
17472 1169 22 -5082
17495 1166 32 -5087
17556 1170 32 -5078
17577 1178 27 -5080
17624 1172 30 -5085
17673 1167 24 -5076
17718 1175 23 -5087
17741 1171 30 -5086
17801 1167 35 -5084
17827 1165 29 -5080
17885 1172 29 -5078
17909 1164 30 -5082
17964 1169 24 -5083
17989 1170 28 -5084
18048 1178 29 -5083
18073 1168 22 -5082
18133 1172 25 -5085
18163 1169 26 -5087
18201 1173 29 -5076
18253 1175 35 -5089
18297 1175 21 -5083
18320 1173 23 -5084
18377 1174 26 -5081
18403 1176 29 -5079
18462 1171 23 -5083
18492 1169 33 -5082
18545 1165 27 -5082
18569 1174 30 -5083
18630 1167 30 -5081
18653 1195 90 -5069
18709 1104 148 -5072
18736 1107 146 -5072
18795 1106 146 -5071
18815 1114 136 -5076
18872 1124 20 -5068
18903 1169 23 -5063
18951 1164 27 -5066
19000 1169 26 -5065
19022 1165 30 -5075
19082 1163 27 -5063
19108 1157 12 -5068
19159 1161 12 -5062
19190 1168 22 -5060
19246 1163 24 -5065
19270 1162 16 -5066
19325 1176 23 -5066
19354 1159 20 -5068
19404 1166 26 -5062
19453 1162 22 -5070
19479 1165 25 -5064
19532 1164 15 -5061
19580 1159 22 -5065
19624 1167 24 -5067
19650 1162 27 -5059
19689 1150 21 -5059
19742 1162 31 -5065
19791 1168 17 -5063
19808 1163 17 -5058
19868 1162 17 -5065
19891 1158 16 -5068
19948 1204 73 -5093
19977 1114 109 -5095
20030 1118 101 -5095
20056 1117 103 -5099
20129 1114 100 -5095
20150 1166 24 -5090
20184 1163 27 -5092
20236 1167 34 -5086
20280 1163 24 -5098
20305 1171 35 -5090
20361 1162 28 -5088
20387 1163 19 -5085
20450 1165 28 -5086
20471 1166 25 -5088
20513 1159 22 -5088
20561 1164 18 -5089
20611 1167 26 -5093
20641 1167 24 -5088
20698 1161 32 -5094
20716 1168 21 -5088
20778 1160 21 -5093
20800 1164 32 -5090
20858 1165 26 -5093
20884 1169 28 -5097
20938 1171 26 -5089
20967 1165 22 -5087
21021 1160 25 -5088
21049 1170 24 -5088
21101 1162 25 -5084
21152 1170 23 -5087
21177 1163 23 -5090
21229 1161 25 -5084
21257 1113 86 -5100
21308 1221 79 -5110
21356 1224 75 -5110
21389 1221 82 -5110
21426 1222 74 -5113
21475 1176 6 -5123
21523 1177 6 -5115
21558 1179 6 -5106
21587 1179 8 -5113
21636 1179 12 -5112
21686 1170 15 -5110
21713 1185 2 -5114
21768 1179 8 -5115
21793 1177 5 -5110
21849 1175 5 -5112
21875 1168 2 -5106
21930 1186 8 -5114
21964 1185 4 -5110
21999 1174 -2 -5112
22050 1176 6 -5105
22099 1178 5 -5113
22122 1181 10 -5107
22177 1178 6 -5110
22224 1177 8 -5115
22249 1174 3 -5107
22302 1177 5 -5112
22330 1174 4 -5110
22385 1183 9 -5116
22410 1183 6 -5109
22464 1183 8 -5111
22495 1169 4 -5112
22544 1180 2 -5115
22593 1176 10 -5120
22619 1181 13 -5108
22674 1181 4 -5109
22701 1173 3 -5112
22757 1176 2 -5112
22784 1173 2 -5117
22842 1180 3 -5107
22864 1179 10 -5107
22924 1171 4 -5103
22952 1173 6 -5113
23005 1174 13 -5111
23033 1173 1 -5104
23083 1180 2 -5112
23114 1177 8 -5113
23169 1174 10 -5112
23195 1171 2 -5107
23254 1183 8 -5111
23278 1181 9 -5103
23335 1183 3 -5113
23360 1184 4 -5107
23417 1173 5 -5111
23451 1172 1 -5108
23505 1176 -3 -5115
23540 1174 9 -5110
23569 1173 -1 -5106
23619 1173 10 -5118
23674 1180 4 -5105
23694 1178 4 -5117
23747 1179 7 -5118
23776 1179 7 -5110
23833 1173 7 -5112
23857 1181 4 -5110
23913 1173 6 -5111
23941 1169 15 -5108
24004 1177 2 -5112
24027 1180 6 -5119
24070 1174 4 -5111
24119 1172 9 -5108
24164 1179 5 -5113
24187 1172 5 -5118
24237 1177 4 -5115
24286 1175 2 -5111
24310 1176 4 -5111
24366 1173 3 -5110
24394 1182 6 -5112
24450 1180 1 -5113
24476 1171 10 -5109
24534 1176 7 -5114
24559 1179 8 -5106
24599 1179 7 -5110
24650 1173 0 -5112
24698 1177 9 -5106
24724 1178 12 -5107
24780 1184 6 -5108
24806 1179 13 -5108
24869 1177 9 -5117
24902 1180 3 -5110
24930 1183 10 -5112
24981 1186 5 -5107
25023 1178 8 -5100
25073 1175 13 -5106
25099 1177 5 -5109
25161 1177 6 -5104
25189 1178 6 -5112
25226 1180 0 -5111
25275 1176 9 -5109
25301 1175 10 -5108
25354 1180 -2 -5110
25402 1179 8 -5104
25426 1180 2 -5111
25485 1178 5 -5105
25514 1179 10 -5105
25567 1179 1 -5113
25592 1179 5 -5111
25647 1175 9 -5113
25674 1183 8 -5109
25731 1178 4 -5109
25758 1181 7 -5113
25814 1180 3 -5111
25840 1175 8 -5102
25896 1180 1 -5105
25921 1178 6 -5109
25978 1177 12 -5112
26004 1178 17 -5108
26060 1182 5 -5111
26092 1176 10 -5111
26146 1174 11 -5110
26183 1184 4 -5115
26230 1183 9 -5105
26253 1176 0 -5113
26310 1181 10 -5112
26335 1184 8 -5108
26392 1176 5 -5106
26417 1180 9 -5106
26471 1179 8 -5113
26500 1172 9 -5111
26550 1179 3 -5113
26605 1179 1 -5113
26625 1178 4 -5106
26679 1174 2 -5115
26707 1183 5 -5115
26764 1176 1 -5110
26791 1171 2 -5108
26845 1181 -10 -5111
26873 1181 1 -5109
26931 1182 -2 -5114
26974 1171 7 -5110
27018 1183 5 -5110
27038 1176 -2 -5109
27096 1177 2 -5109
27119 1175 3 -5107
27177 1181 14 -5114
27205 1180 5 -5103
27259 1179 1 -5108
27284 1176 6 -5113
27339 1182 1 -5105
27366 1175 6 -5104
27421 1178 4 -5110
27450 1181 4 -5103
27501 1187 -1 -5114
27549 1173 9 -5113
27574 1171 -1 -5107
27631 1184 5 -5110
27656 1175 8 -5105
27713 1181 0 -5109
27739 1178 4 -5119
27797 1174 6 -5104
27822 1179 7 -5111
27877 1176 7 -5111
27905 1178 5 -5109
27964 1179 3 -5112
28007 1176 5 -5098
28046 1173 -1 -5109
28070 1173 3 -5108
28129 1173 7 -5107
28151 1179 3 -5116
28214 1171 2 -5111
28234 1174 9 -5103
28281 1174 8 -5116
28329 1179 2 -5113
28360 1184 13 -5107
28409 1181 2 -5116
28462 1171 0 -5108
28485 1183 6 -5114
28535 1182 12 -5105
28581 1179 5 -5115
28605 1178 -1 -5119
28669 1179 10 -5111
28689 1178 0 -5114
28749 1177 7 -5110
28782 1174 2 -5115
28830 1177 2 -5112
28866 1173 5 -5111
28914 1172 3 -5110
28936 1175 4 -5113
28993 1179 11 -5113
29020 1171 6 -5109
29075 1175 8 -5110
29102 1178 5 -5115
29158 1187 1 -5111
29184 1179 12 -5108
29238 1180 7 -5110
29266 1175 2 -5111
29322 1173 -1 -5109
29348 1178 1 -5106
29405 1179 1 -5103
29434 1173 2 -5113
29491 1176 10 -5110
29520 1183 6 -5116
29559 1179 0 -5114
29610 1177 10 -5109
29658 1182 0 -5113
29695 1180 10 -5109
29724 1181 7 -5110
29771 1180 7 -5114
29821 1178 2 -5115
29845 1175 12 -5111
29900 1174 1 -5104
29934 1183 3 -5111
29969 1177 5 -5107
30016 1181 7 -5111
30067 1173 6 -5106
30094 1171 1 -5116
30148 1182 5 -5106
30175 1185 5 -5111
30233 1176 6 -5118
30257 1174 4 -5111
30317 1171 7 -5104
30340 1175 4 -5112
30400 1174 6 -5112
30422 1179 7 -5113
30483 1181 5 -5110
30504 1178 9 -5110
30564 1173 11 -5108
30588 1173 4 -5116
30647 1177 12 -5107
30672 1172 -2 -5112
30728 1180 1 -5114
30752 1179 0 -5109
30812 1181 8 -5106
30835 1175 8 -5108
30891 1179 4 -5107
30919 1171 6 -5109
30975 1175 5 -5108
31001 1183 8 -5116
31057 1177 4 -5109
31083 1175 3 -5110
31146 1171 12 -5113
31167 1178 9 -5114
31226 1180 4 -5111
31251 1182 10 -5108
31307 1178 5 -5114
31333 1180 3 -5116
31392 1183 1 -5108
31423 1183 6 -5112
31464 1182 1 -5107
31510 1171 0 -5111
31541 1175 -1 -5114
31597 1179 3 -5111
31620 1178 0 -5108
31662 1180 5 -5107
31714 1176 7 -5104
31762 1186 12 -5105
31786 1190 62 -5098
31842 1121 108 -5108
31873 1115 114 -5108
31929 1115 117 -5107
31964 1118 108 -5112
31992 1122 -8 -5097
32051 1167 -4 -5102
32076 1177 -14 -5096
32134 1171 -9 -5099
32166 1182 -12 -5102
32201 1169 -12 -5100
32251 1170 -13 -5104
32301 1169 -2 -5106
32337 1172 -14 -5102
32369 1173 -7 -5104
32418 1175 -5 -5103
32464 1171 -12 -5110
32486 1169 -10 -5099
32545 1170 -16 -5106
32572 1175 -12 -5103
32626 1173 -14 -5101
32654 1174 -9 -5095
32709 1174 -13 -5102
32737 1176 -13 -5108
32797 1164 -6 -5101
32820 1176 -9 -5099
32877 1175 -10 -5095
32911 1173 -15 -5105
32952 1167 44 -5119
33002 1228 81 -5098
33025 1222 72 -5099
33081 1231 75 -5097
33110 1233 76 -5094
33165 1229 40 -5107
33190 1175 6 -5105
33249 1176 5 -5114
33271 1177 8 -5107
33331 1177 5 -5104
33356 1180 5 -5111
33414 1180 8 -5114
33445 1182 14 -5107
33491 1170 -2 -5105
33522 1174 8 -5107
33571 1174 10 -5105
33619 1172 5 -5103
33649 1180 4 -5099
33706 1176 10 -5110
33729 1172 7 -5105
33786 1172 9 -5111
33810 1173 12 -5110
33867 1170 18 -5104
33892 1182 13 -5106
33947 1174 8 -5103
33976 1179 5 -5109
34027 1180 4 -5101
34082 1180 6 -5105
34098 1173 12 -5104
34158 1173 5 -5112
34184 1179 11 -5107
34241 1177 9 -5103
34265 1184 6 -5105
34328 1187 7 -5106
34350 1171 13 -5102
34405 1173 14 -5105
34430 1178 9 -5104
34472 1171 6 -5106
34521 1170 7 -5110
34567 1179 87 -5095
34603 1225 93 -5098
34638 1228 94 -5092
34686 1230 92 -5093
34737 1229 95 -5100
34761 1168 -8 -5112
34817 1175 -7 -5101
34844 1176 -10 -5108
34899 1175 -5 -5104
34925 1175 -7 -5104
34981 1169 -1 -5107
35012 1170 -7 -5107
35068 1169 -9 -5102
35090 1182 -11 -5107
35150 1169 -12 -5102
35174 1169 -6 -5098
35229 1171 -11 -5101
35257 1174 -7 -5110
35300 1170 -8 -5109
35346 1169 -13 -5104
35396 1177 -10 -5110
35419 1171 -1 -5105
35475 1170 -6 -5103
35522 1178 39 -5108
35556 1134 92 -5121
35606 1140 84 -5133
35628 1142 84 -5126
35684 1139 82 -5131
35713 1132 63 -5127
35771 1170 -36 -5125
35815 1175 -17 -5119
35833 1171 -29 -5125
35884 1173 -27 -5121
35935 1177 -27 -5122
35958 1169 -26 -5126
36016 1177 -26 -5126
36043 1171 -34 -5120
36101 1172 -35 -5127
36126 1174 -32 -5120
36185 1177 -26 -5117
36207 1174 -24 -5120
36264 1174 -30 -5122
36289 1178 -25 -5121
36351 1170 -30 -5123
36374 1178 -21 -5127
36431 1175 -19 -5128
36457 1180 -23 -5128
36512 1161 -22 -5119
36538 1175 -22 -5118
36596 1178 -23 -5124
36621 1179 -34 -5127
36681 1171 -27 -5126
36704 1173 -21 -5129
36767 1177 -23 -5127
36785 1177 -32 -5127
36843 1178 -25 -5114
36867 1181 -25 -5125
36928 1178 -29 -5125
36957 1181 -22 -5125
37009 1180 -22 -5121
37033 1173 -27 -5126
37088 1173 -26 -5126
37118 1168 -27 -5123
37175 1174 -29 -5126
37198 1171 -23 -5121
37253 1176 -30 -5124
37283 1178 -27 -5121
37340 1176 -30 -5123
37370 1173 -24 -5129
37424 1175 -33 -5121
37446 1171 -30 -5121
37506 1173 -25 -5126
37529 1176 -23 -5124
37590 1169 -28 -5124
37623 1185 -28 -5119
37672 1171 -28 -5125
37696 1171 -24 -5120
37756 1172 -29 -5130
37778 1180 -25 -5117
37827 1171 -28 -5124
37876 1176 -31 -5124
37911 1175 -29 -5124
37948 1181 -26 -5125
38002 1182 -29 -5122
38030 1178 -26 -5124
38077 1175 -30 -5121
38124 1174 -25 -5125
38156 1181 -35 -5126
38207 1173 -32 -5122
38233 1168 -34 -5132
38298 1167 -30 -5126
38321 1169 -30 -5120
38375 1178 -25 -5123
38397 1181 -30 -5128
38451 1173 -32 -5124
38499 1179 -30 -5120
38524 1176 -30 -5124
38578 1175 -34 -5133
38606 1176 -30 -5124
38664 1171 -32 -5122
38689 1175 -26 -5127
38738 1170 -30 -5124
38784 1164 -32 -5126
38811 1179 -33 -5126
38852 1173 -34 -5122
38905 1180 -32 -5120
38952 1178 -28 -5121
38975 1169 -22 -5131
39036 1177 -29 -5127
39058 1182 -26 -5133
39120 1176 -33 -5125
39156 1172 -29 -5121
39201 1166 -20 -5125
39235 1173 -27 -5116
39284 1171 -26 -5124
39307 1171 -26 -5124
39367 1183 -20 -5127
39390 1181 -26 -5125
39450 1172 -18 -5125
39484 1172 -25 -5124
39533 1168 -28 -5126
39568 1169 -29 -5118
39615 1170 -30 -5117
39639 1173 -28 -5121
39679 1181 -25 -5132
39730 1176 -30 -5125
39779 1171 -29 -5127
39804 1181 -27 -5122
39861 1176 -24 -5125
39886 1171 -23 -5123
39935 1170 -26 -5123
39982 1173 -28 -5126
40009 1171 -31 -5129
40061 1175 -33 -5131
40110 1179 -29 -5125
40135 1179 -30 -5118
40194 1173 -31 -5119
40217 1173 -29 -5125
40259 1176 -28 -5129
40308 1177 -28 -5127
40357 1173 -24 -5122
40382 1172 -26 -5122
40440 1183 -25 -5122
40464 1168 -25 -5128
40526 1181 -26 -5130
40549 1176 -27 -5128
40591 1180 -29 -5127
40640 1179 -27 -5126
40691 1173 -32 -5123
40725 1179 -33 -5125
40774 1176 -28 -5127
40796 1176 -33 -5128
40837 1173 -30 -5125
40888 1177 -25 -5127
40936 1168 -29 -5121
40962 1178 -29 -5127
41005 1174 -30 -5126
41053 1163 -28 -5121
41103 1175 -30 -5127
41129 1167 -26 -5125
41170 1171 -29 -5121
41219 1172 -29 -5125
41250 1177 -29 -5130
41310 1171 -32 -5131
41334 1174 -29 -5122
41388 1177 -31 -5123
41436 1176 -26 -5128
41474 1176 -24 -5123
41500 1177 -21 -5126
41563 1168 -29 -5127
41588 1173 -30 -5122
41638 1181 -22 -5124
41682 1172 -31 -5127
41705 1177 -25 -5131
41764 1170 -34 -5125
41789 1177 -23 -5127
41847 1176 -26 -5126
41871 1176 -27 -5124
41913 1176 -27 -5126
41962 1173 -24 -5123
42012 1170 -35 -5128
42040 1175 -31 -5126
42093 1167 -34 -5126
42120 1177 -30 -5124
42179 1177 -23 -5123
42213 1176 -35 -5126
42247 1168 -25 -5124
42295 1170 -28 -5135
42342 1175 -31 -5136
42367 1170 -26 -5122
42410 1170 -30 -5126
42459 1170 -23 -5132
42511 1174 -29 -5122
42532 1174 -32 -5127
42598 1166 -34 -5130
42615 1176 -28 -5126
42674 1179 -31 -5131
42698 1176 -22 -5124
42741 1175 -32 -5120
42793 1176 -29 -5122
42823 1175 -28 -5120
42871 1172 -34 -5126
42920 1173 -28 -5122
42945 1179 -25 -5123
43000 1172 -26 -5124
43029 1178 -31 -5133
43086 1175 -32 -5125
43113 1168 -25 -5124
43168 1175 -32 -5130
43195 1176 -21 -5128
43248 1177 -35 -5123
43276 1172 -26 -5128
43325 1172 -17 -5125
43374 1170 -28 -5125
43401 1177 -31 -5122
43461 1167 -21 -5125
43482 1178 -30 -5124
43523 1174 -29 -5128
43573 1169 -26 -5128
43623 1176 -37 -5126
43650 1174 -32 -5126
43709 1176 -29 -5127
43743 1171 -20 -5128
43792 1171 -30 -5128
43824 1165 -31 -5125
43874 1176 -23 -5121
43897 1167 -35 -5131
43952 1172 -21 -5126
43980 1178 -20 -5125
44029 1174 -22 -5129
44078 1169 -27 -5134
44103 1169 -30 -5122
44178 1169 -25 -5119
44185 1179 -35 -5127
44245 1177 -36 -5131
44288 1180 -28 -5130
44322 1179 -28 -5124
44372 1172 -26 -5123
44393 1164 -28 -5126
44454 1176 -27 -5124
44480 1170 -26 -5124
44535 1176 -23 -5130
44557 1173 -23 -5128
44615 1176 -29 -5131
44641 1175 -23 -5132
44699 1168 -22 -5126
44724 1179 -30 -5128
44768 1168 -29 -5130
44816 1169 -25 -5122
44865 1176 -30 -5123
44888 1172 -36 -5127
44948 1178 -27 -5128
44979 1171 -26 -5127
45013 1168 -36 -5124
45062 1174 -23 -5124
45111 1181 -27 -5126
45136 1176 -29 -5120
45196 1168 -29 -5127
45219 1169 -24 -5125
45278 1174 -32 -5124
45301 1176 -23 -5121
45360 1166 -28 -5123
45385 1178 -25 -5133
45425 1178 -27 -5119
45474 1178 -36 -5127
45522 1176 -28 -5127
45549 1174 -22 -5121
45590 1174 -27 -5123
45639 1182 -32 -5126
45688 1174 -31 -5126
45715 1176 -27 -5119
45757 1171 -27 -5126
45808 1181 -25 -5125
45856 1173 -25 -5127
45880 1181 -21 -5123
45939 1170 -36 -5125
45963 1177 -25 -5124
46019 1176 -34 -5124
46047 1181 -30 -5123
46105 1175 -23 -5125
46135 1170 -33 -5125
46170 1175 -29 -5123
46219 1170 -27 -5123
46269 1178 -35 -5125
46294 1169 -29 -5126
46353 1170 -24 -5122
46375 1174 -28 -5121
46422 1174 -20 -5123
46473 1174 -29 -5124
46502 1172 -29 -5130
46549 1177 -27 -5121
46599 1174 -37 -5131
46626 1176 -30 -5122
46667 1179 -29 -5124
46716 1177 -28 -5129
46767 1169 -32 -5126
46791 1177 -29 -5125
46849 1176 -27 -5120
46873 1180 -34 -5124
46932 1177 -27 -5121
46955 1178 -24 -5124
46998 1172 -30 -5134
47065 1174 -32 -5128
47098 1171 -30 -5119
47124 1173 -22 -5131
47182 1173 -21 -5139
47219 1170 -24 -5124
47251 1167 -27 -5125
47306 1172 -29 -5124
47341 1171 -33 -5121
47389 1178 -37 -5128
47430 1176 -31 -5126
47458 1174 -34 -5124
47509 1176 -24 -5127
47534 1184 -34 -5127
47597 1177 -29 -5123
47618 1172 -29 -5118
47675 1174 -23 -5122
47718 1170 -21 -5128
47741 1183 -30 -5122
47799 1180 -23 -5130
47826 1178 -33 -5127
47886 1185 -27 -5131
47907 1170 -29 -5122
47951 1175 -28 -5126
48001 1179 -27 -5129
48049 1164 -36 -5126
48071 1173 -26 -5127
48126 1169 -33 -5130
48155 1177 -31 -5127
48215 1182 -26 -5127
48237 1172 -20 -5127
48293 1171 -26 -5128
48321 1176 -23 -5132
48378 1176 -31 -5129
48402 1171 -30 -5126
48458 1179 -26 -5127
48486 1175 -27 -5131
48534 1171 -23 -5129
48585 1177 -29 -5125
48609 1177 -28 -5127
48670 1172 -28 -5122
48693 1177 -32 -5117
48733 1169 -31 -5129
48782 1176 -31 -5136
48831 1174 -28 -5127
48857 1173 -27 -5130
48912 1176 -20 -5123
48942 1178 -31 -5119
48991 1177 -31 -5129
49039 1180 -28 -5130
49064 1177 -34 -5124
49123 1172 -32 -5124
49147 1174 -33 -5127
49207 1179 -28 -5125
49230 1177 -28 -5130
49289 1173 -34 -5128
49312 1172 -16 -5130
49368 1175 -28 -5128
49396 1167 -27 -5125
49452 1173 -26 -5131
49480 1171 -31 -5127
49520 1172 -25 -5121
49571 1175 -30 -5130
49620 1182 -22 -5124
49643 1172 -28 -5121
49700 1176 -33 -5119
49727 1175 -31 -5128
49767 1174 -30 -5120
49817 1173 -20 -5132
49879 1171 -32 -5128
49897 1172 -23 -5126
49950 1178 -27 -5119
49975 1171 -23 -5129
50032 1177 -23 -5124
50067 1172 -29 -5129
50117 1169 -29 -5119
50155 1176 -32 -5127
50191 1179 -35 -5118
50238 1172 -28 -5120
50266 1178 -27 -5120
50316 1172 -18 -5119
50348 1172 -22 -5126
50402 1170 -32 -5124
50430 1174 -32 -5132
50482 1170 -26 -5130
50513 1180 -29 -5123
50566 1176 -24 -5128
50611 1175 -22 -5127
50635 1176 -30 -5125
50677 1173 -26 -5126
50726 1169 -22 -5132
50776 1178 -23 -5119
50801 1168 -26 -5128
50842 1177 -26 -5124
50891 1171 -26 -5129
50939 1173 -36 -5124
50967 1177 -38 -5131
51025 1169 -31 -5125
51050 1173 -27 -5120
51091 1171 -23 -5128
51142 1167 -27 -5129
51192 1173 -28 -5130
51214 1175 -28 -5126
51275 1169 -27 -5130
51308 1175 -31 -5125
51358 1177 -28 -5125
51380 1187 -29 -5128
51436 1179 -33 -5127
51463 1177 -30 -5123
51521 1177 -25 -5122
51545 1181 -20 -5121
51605 1175 -28 -5122
51627 1175 -18 -5126
51683 1176 -29 -5126
51711 1172 -35 -5129
51768 1176 -22 -5127
51794 1177 -31 -5130
51847 1175 -26 -5124
51896 1178 -26 -5123
51922 1172 -23 -5123
51978 1174 -27 -5126
52000 1173 -25 -5128
52048 1171 -25 -5122
52097 1177 -28 -5125
52138 1174 -24 -5127
52165 1178 -29 -5126
52219 1172 -25 -5126
52249 1183 -21 -5123
52298 1170 -28 -5129
52345 1174 -27 -5132
52372 1176 -31 -5126
52432 1170 -28 -5127
52465 1182 -29 -5130
52515 1172 -31 -5121
52538 1173 -23 -5123
52580 1181 -28 -5124
52629 1177 -24 -5127
52679 1180 -30 -5119
52702 1172 -26 -5130
52763 1176 -29 -5129
52786 1183 -30 -5121
52826 1176 -34 -5128
52875 1174 -34 -5119
52925 1178 -28 -5119
52953 1172 -34 -5129
53011 1179 -30 -5125
53035 1181 -33 -5128
53090 1178 -23 -5128
53118 1177 -28 -5126
53168 1174 -27 -5125
53217 1176 -27 -5124
53246 1174 -29 -5126
53306 1168 -32 -5128
53330 1175 -28 -5121
53370 1174 -31 -5128
53418 1172 -22 -5126
53445 1178 -27 -5123
53505 1178 -32 -5132
53530 1172 -23 -5125
53572 1173 -28 -5129
53621 1168 -26 -5117
53668 1176 -28 -5123
53694 1173 -32 -5128
53747 1172 -19 -5125
53777 1166 -31 -5128
53827 1172 -27 -5132
53879 1171 -22 -5130
53904 1177 -28 -5124
53946 1175 -33 -5126
53995 1176 -30 -5130
54043 1175 -37 -5131
54075 1175 -31 -5129
54108 1178 -32 -5117
54156 1174 -29 -5130
54209 1178 -29 -5124
54231 1174 -27 -5125
54292 1164 -34 -5118
54315 1173 -29 -5125
54373 1175 -29 -5124
54398 1176 -24 -5129
54469 1180 -30 -5123
54479 1179 -21 -5128
54538 1169 -37 -5126
54576 1175 -26 -5123
54610 1183 -23 -5125
54658 1176 -27 -5128
54688 1171 -26 -5129
54737 1170 -29 -5122
54785 1171 -31 -5126
54817 1174 -28 -5130
54872 1178 -29 -5127
54906 1171 -31 -5125
54954 1182 -26 -5124
54977 1172 -31 -5121
55035 1170 -23 -5124
55060 1170 -27 -5124
55102 1174 -29 -5127
55153 1177 -34 -5126
55202 1175 -25 -5122
55226 1180 -27 -5118
55283 1173 -25 -5129
55309 1181 -28 -5126
55354 1171 -30 -5121
55406 1175 -26 -5126
55433 1173 -22 -5126
55476 1170 -29 -5122
55525 1178 -27 -5125
55574 1174 -29 -5125
55598 1171 -39 -5129
55640 1177 -28 -5132
55691 1181 -25 -5121
55739 1180 -19 -5129
55762 1175 -32 -5131
55803 1184 -34 -5129
55852 1170 -22 -5131
55900 1175 -29 -5128
55930 1177 -26 -5122
55986 1175 -28 -5126
56012 1173 -37 -5125
56066 1174 -31 -5124
56094 1175 -30 -5127
56146 1175 -25 -5126
56203 1179 -32 -5124
56228 1173 -25 -5125
56265 1180 -27 -5123
56314 1177 -23 -5125
56352 1175 -22 -5131
56384 1176 -22 -5122
56437 1175 -27 -5122
56465 1174 -27 -5125
56515 1181 -38 -5129
56565 1172 -26 -5124
56589 1176 -23 -5125
56631 1177 -26 -5130
56681 1177 -24 -5127
56729 1180 -30 -5129
56755 1175 -25 -5121
56815 1170 -26 -5120
56837 1173 -23 -5125
56898 1166 -23 -5135
56928 1180 -24 -5129
56963 1180 -31 -5131
57021 1179 -34 -5131
57062 1173 -33 -5125
57086 1175 -27 -5126
57145 1171 -34 -5125
57188 1178 -25 -5122
57230 1177 -28 -5127
57255 1170 -27 -5127
57301 1180 -31 -5123
57348 1179 -28 -5124
57374 1174 -27 -5131
57434 1182 -27 -5125
57457 1181 -30 -5127
57503 1177 -32 -5128
57553 1171 -20 -5123
57582 1181 -27 -5129
57630 1174 -33 -5124
57682 1179 -28 -5122
57706 1172 -24 -5125
57761 1174 -24 -5127
57788 1176 -32 -5124
57831 1178 -28 -5125
57881 1177 -27 -5128
57930 1172 -31 -5133
57955 1173 -34 -5131
57996 1175 -31 -5115
58044 1173 -24 -5127
58095 1176 -28 -5125
58120 1180 -25 -5126
58165 1175 -33 -5124
58215 1178 -38 -5123
58246 1173 -25 -5131
58294 1175 -25 -5126
58343 1182 -34 -5126
58368 1177 -28 -5129
58410 1177 -31 -5122
58459 1180 -26 -5133
58508 1172 -29 -5126
58533 1173 -32 -5121
