9 -1783 -3234 -8178
18 -1800 -3226 -8181
28 -1821 -3248 -8179
31 -1791 -3202 -8134
33 -1773 -3251 -8156
36 -1777 -3215 -8136
38 -1781 -3257 -8167
40 -1794 -3242 -8178
43 -1772 -3225 -8175
45 -1766 -3239 -8179
48 -1759 -3012 -7154
50 -1440 -2393 -6257
52 -1445 -2394 -6179
55 -1437 -2364 -6150
57 -1428 -2346 -6128
60 -1431 -2355 -6109
63 -1430 -2340 -6105
65 -1434 -2335 -6093
68 -1428 -2335 -6082
70 -1425 -2335 -6084
73 -1428 -2332 -6074
75 -1427 -2328 -6070
77 -1430 -2324 -6071
80 -1428 -2320 -6065
82 -1426 -2319 -6061
83 -1430 -2317 -6060
87 -1425 -2320 -6049
89 -1426 -2317 -6048
91 -1423 -2318 -6048
94 -1423 -2320 -6039
95 -1427 -2315 -6041
97 -1422 -2309 -6046
100 -1419 -2314 -6044
103 -1421 -2312 -6040
104 -1425 -2319 -6042
106 -1591 -3293 -9425
110 -1844 -3246 -7894
112 -1820 -3396 -8408
114 -1783 -3400 -8495
115 -1764 -3192 -8001
125 -1857 -3341 -8308
179 -1761 -3219 -8173
207 -1782 -3230 -8146
263 -1752 -3185 -8099
291 -1798 -3279 -8279
345 -1794 -3210 -8042
373 -1790 -3266 -8251
429 -1756 -3211 -8067
455 -1766 -3225 -8175
511 -1791 -3233 -8172
538 -1797 -3260 -8212
595 -1778 -3205 -8130
621 -1769 -3252 -8160
676 -1760 -3200 -8129
705 -1788 -3268 -8189
761 -1798 -3226 -8168
788 -1780 -3233 -8174
843 -1777 -3225 -8161
872 -1778 -3246 -8175
927 -1788 -3234 -8176
955 -1776 -3248 -8166
1009 -1770 -3236 -8146
1037 -1761 -3233 -8164
1090 -1787 -3234 -8186
1121 -1792 -3244 -8187
1176 -1789 -3238 -8186
1203 -1775 -3240 -8167
1260 -1778 -3243 -8185
1285 -1778 -3233 -8155
1341 -1780 -3242 -8171
1368 -1776 -3248 -8194
1423 -1771 -3229 -8181
1451 -1781 -3229 -8175
1505 -1788 -3240 -8175
1534 -1781 -3249 -8195
1586 -1774 -3251 -8173
1617 -1765 -3242 -8173
1671 -1776 -3250 -8186
1701 -1782 -3254 -8186
1756 -1785 -3244 -8178
1782 -1785 -3235 -8185
1838 -1784 -3237 -8158
1867 -1785 -3251 -8197
1922 -1777 -3249 -8172
1950 -1790 -3241 -8186
2006 -1786 -3228 -8175
2031 -1780 -3249 -8191
2087 -1787 -3244 -8190
2115 -1780 -3235 -8184
2170 -1786 -3242 -8167
2197 -1785 -3249 -8176
2251 -1784 -3246 -8192
2279 -1779 -3241 -8183
2334 -1789 -3240 -8184
2363 -1731 -2790 -6675
2417 -1448 -2390 -6238
2447 -1442 -2407 -6188
2501 -1441 -2362 -6164
2530 -1431 -2359 -6142
2582 -1423 -2363 -6123
2613 -1432 -2342 -6111
2669 -1431 -2332 -6101
2693 -1433 -2351 -6096
2747 -1428 -2340 -6092
2777 -1421 -2335 -6084
2830 -1432 -2339 -6078
2860 -1430 -2332 -6070
2913 -1426 -2323 -6074
2943 -1421 -2320 -6063
2996 -1423 -2328 -6062
3026 -1423 -2321 -6056
3080 -1424 -2324 -6052
3108 -1425 -2312 -6054
3165 -1423 -2323 -6045
3190 -1416 -2316 -6054
3249 -1422 -2321 -6053
3275 -1422 -2322 -6049
3331 -1418 -2315 -6050
3358 -1413 -2314 -6046
3412 -1834 -3698 -9570
3440 -1745 -3208 -8098
3496 -1808 -3323 -8248
3524 -1802 -3410 -8463
3577 -1744 -3228 -8164
3607 -1847 -3277 -8184
3664 -1755 -3269 -8237
3688 -1764 -3179 -8092
3747 -1766 -3219 -8121
3773 -1809 -3285 -8271
3827 -1771 -3201 -8057
3855 -1777 -3253 -8175
3913 -1748 -3210 -8106
3936 -1776 -3240 -8198
3992 -1811 -3249 -8159
4023 -1808 -3242 -8210
4078 -1764 -3216 -8119
4105 -1755 -3254 -8171
4160 -1771 -3233 -8145
4186 -1788 -3270 -8194
4240 -1789 -3237 -8148
4269 -1779 -3243 -8204
4324 -1771 -3227 -8155
4352 -1633 -2475 -6297
4409 -1461 -2375 -6207
4437 -1440 -2390 -6167
4494 -1432 -2352 -6134
4518 -1440 -2349 -6119
4573 -1423 -2352 -6112
4599 -1430 -2335 -6103
4655 -1434 -2340 -6087
4682 -1425 -2337 -6080
4738 -1429 -2334 -6079
4767 -1426 -2328 -6070
4823 -1422 -2327 -6065
4851 -1426 -2329 -6062
4905 -1428 -2323 -6055
4932 -1427 -2318 -6056
4991 -1433 -2316 -6052
5018 -1420 -2326 -6057
5073 -1425 -2317 -6045
5099 -1419 -2318 -6043
5154 -1425 -2316 -6046
5183 -1422 -2313 -6049
5240 -1418 -2313 -6038
5262 -1420 -2307 -6037
5319 -1429 -2303 -6031
5347 -1420 -2309 -6062
5402 -2013 -3806 -9151
5430 -1689 -3238 -8368
5485 -1787 -3293 -8268
5511 -1840 -3342 -8255
5568 -1762 -3304 -8356
5595 -1816 -3190 -8025
5648 -1782 -3299 -8267
5679 -1753 -3157 -8117
5734 -1780 -3219 -8104
5762 -1830 -3257 -8223
5814 -1764 -3217 -8118
5845 -1780 -3218 -8121
5902 -1751 -3211 -8151
5958 -1775 -3217 -8166
5970 -1813 -3250 -8177
6026 -1791 -3208 -8166
6053 -1765 -3213 -8114
6108 -1783 -3228 -8142
6134 -1769 -3234 -8152
6189 -1789 -3237 -8172
6217 -1783 -3222 -8155
6271 -1780 -3219 -8167
6301 -1784 -3210 -8064
6357 -1525 -2320 -6282
6383 -1457 -2380 -6183
6438 -1439 -2375 -6159
6467 -1436 -2342 -6131
6521 -1433 -2348 -6106
6549 -1425 -2350 -6102
6607 -1430 -2332 -6087
6634 -1429 -2321 -6087
6690 -1428 -2331 -6069
6715 -1426 -2323 -6067
6770 -1422 -2324 -6062
6798 -1430 -2328 -6064
6852 -1421 -2321 -6058
6882 -1422 -2312 -6050
6936 -1429 -2322 -6046
6963 -1418 -2320 -6044
7019 -1429 -2314 -6054
7046 -1425 -2327 -6047
7100 -1415 -2315 -6043
7130 -1416 -2320 -6038
7185 -1419 -2314 -6033
7214 -1419 -2313 -6030
7269 -1419 -2314 -6038
7295 -1419 -2314 -6032
7349 -1422 -2300 -6980
7379 -2028 -3687 -8543
7436 -1681 -3366 -8581
7462 -1719 -3304 -8317
7518 -1812 -3293 -8066
7545 -1761 -3377 -8490
7598 -1783 -3148 -7944
7628 -1769 -3301 -8238
7683 -1718 -3166 -8130
7710 -1737 -3228 -8141
7765 -1810 -3241 -8147
7796 -1719 -3228 -8176
7853 -1740 -3225 -8077
7891 -1723 -3213 -8150
7917 -1773 -3218 -8177
7976 -1786 -3247 -8155
8000 -1757 -3223 -8184
8055 -1738 -3227 -8131
8083 -1747 -3213 -8144
8140 -1749 -3235 -8144
8167 -1769 -3249 -8207
8221 -1749 -3212 -8117
8250 -1748 -3219 -8172
8303 -1749 -3198 -7791
8332 -1443 -2356 -6277
8387 -1439 -2383 -6180
8416 -1432 -2372 -6145
8469 -1434 -2341 -6129
8497 -1426 -2351 -6105
8550 -1425 -2345 -6094
8580 -1424 -2330 -6091
8636 -1426 -2331 -6087
8662 -1428 -2338 -6072
8718 -1420 -2330 -6071
8746 -1420 -2321 -6058
8798 -1416 -2324 -6065
8829 -1425 -2322 -6048
8885 -1414 -2321 -6059
8911 -1417 -2321 -6054
8966 -1425 -2323 -6050
8994 -1413 -2317 -6048
9050 -1418 -2310 -6047
9078 -1420 -2319 -6034
9136 -1421 -2311 -6043
9159 -1421 -2314 -6042
9214 -1420 -2302 -6043
9244 -1422 -2312 -6036
9299 -1420 -2315 -6032
9325 -1415 -2312 -6223
9381 -2032 -3842 -8974
9409 -1688 -3296 -8449
9466 -1760 -3303 -8280
9491 -1793 -3342 -8158
9547 -1726 -3337 -8432
9575 -1786 -3183 -7964
9631 -1811 -3317 -8297
9659 -1726 -3164 -8100
9714 -1751 -3228 -8120
9740 -1777 -3246 -8168
9796 -1753 -3221 -8137
9824 -1765 -3240 -8095
9879 -1751 -3223 -8164
9905 -1747 -3206 -8138
9962 -1804 -3249 -8175
9990 -1741 -3251 -8190
10046 -1758 -3225 -8110
10072 -1744 -3227 -8170
10128 -1751 -3226 -8116
10155 -1760 -3245 -8184
10211 -1767 -3253 -8172
10237 -1748 -3217 -8153
10295 -1777 -3216 -7994
10321 -1459 -2329 -6287
10378 -1443 -2382 -6186
10405 -1434 -2378 -6152
10461 -1434 -2344 -6135
10488 -1429 -2348 -6109
10544 -1436 -2354 -6094
10571 -1422 -2332 -6091
10624 -1427 -2331 -6084
10653 -1423 -2332 -6071
10710 -1425 -2322 -6067
10736 -1424 -2326 -6064
10793 -1432 -2333 -6059
10819 -1418 -2310 -6056
10874 -1422 -2314 -6058
10902 -1416 -2321 -6044
10959 -1426 -2319 -6045
10985 -1420 -2312 -6048
11043 -1414 -2315 -6045
11067 -1418 -2313 -6039
11123 -1424 -2317 -6042
11151 -1421 -2315 -6038
11207 -1412 -2315 -6036
11232 -1425 -2304 -6031
11289 -1422 -2303 -6030
11315 -1424 -2388 -7659
11371 -2055 -3603 -8294
11400 -1754 -3448 -8647
11455 -1775 -3333 -8354
11482 -1811 -3273 -8003
11536 -1817 -3406 -8449
11564 -1775 -3159 -8002
11619 -1839 -3307 -8231
11646 -1736 -3157 -8092
11701 -1793 -3265 -8219
11732 -1807 -3242 -8076
11785 -1788 -3255 -8235
11814 -1745 -3220 -8040
11869 -1773 -3240 -8189
11895 -1754 -3239 -8180
11951 -1816 -3269 -8184
11979 -1783 -3222 -8156
12038 -1774 -3261 -8159
12061 -1759 -3221 -8128
12117 -1784 -3266 -8167
12145 -1786 -3241 -8172
12202 -1783 -3248 -8167
12228 -1768 -3232 -8155
12284 -1785 -3135 -7526
12311 -1422 -2373 -6260
12368 -1442 -2383 -6174
12394 -1436 -2368 -6139
12449 -1426 -2340 -6124
12477 -1437 -2353 -6104
12533 -1429 -2348 -6099
12557 -1429 -2322 -6089
12614 -1428 -2333 -6080
12643 -1430 -2330 -6076
12699 -1422 -2324 -6069
12723 -1423 -2321 -6060
12779 -1424 -2326 -6066
12808 -1422 -2324 -6049
12864 -1418 -2320 -6059
12890 -1421 -2322 -6051
12945 -1420 -2321 -6040
12973 -1424 -2318 -6040
13028 -1422 -2317 -6039
13055 -1418 -2315 -6043
13113 -1424 -2319 -6032
13140 -1417 -2315 -6042
13197 -1419 -2311 -6034
13223 -1417 -2302 -6038
13278 -1420 -2308 -6037
13306 -1465 -2988 -8825
13362 -1923 -3350 -7927
13388 -1807 -3432 -8543
13444 -1768 -3368 -8464
13472 -1794 -3169 -7926
13529 -1860 -3356 -8369
13555 -1766 -3176 -8124
13609 -1819 -3238 -8144
13637 -1753 -3166 -8114
13693 -1782 -3257 -8249
13721 -1801 -3212 -8050
13776 -1775 -3243 -8241
13802 -1766 -3201 -8059
13858 -1745 -3200 -8163
13886 -1808 -3212 -8183
13942 -1814 -3239 -8175
13970 -1808 -3204 -8181
14025 -1783 -3221 -8106
14051 -1792 -3190 -8143
14108 -1789 -3242 -8139
14133 -1831 -3231 -8200
14190 -1814 -3201 -8121
14216 -1806 -3236 -8207
14273 -1759 -2877 -6909
14300 -1448 -2372 -6233
14355 -1437 -2390 -6165
14383 -1437 -2358 -6141
14438 -1435 -2342 -6119
14467 -1434 -2352 -6107
14521 -1424 -2338 -6095
14550 -1431 -2326 -6081
14605 -1422 -2340 -6076
14630 -1427 -2332 -6071
14687 -1420 -2331 -6069
14715 -1426 -2320 -6062
14771 -1431 -2322 -6062
14798 -1427 -2323 -6057
14855 -1419 -2320 -6050
14881 -1432 -2314 -6047
14934 -1425 -2316 -6045
14962 -1429 -2315 -6041
15015 -1415 -2319 -6039
15046 -1417 -2312 -6038
15099 -1414 -2310 -6035
15130 -1417 -2312 -6037
15184 -1423 -2315 -6032
15213 -1422 -2310 -6027
15267 -1421 -2311 -6035
15295 -1689 -3482 -9596
15348 -1782 -3208 -7964
15378 -1829 -3377 -8359
15432 -1803 -3412 -8488
15461 -1770 -3189 -8064
15515 -1831 -3310 -8246
15543 -1760 -3233 -8195
15596 -1774 -3218 -8137
15627 -1773 -3215 -8114
15683 -1812 -3287 -8274
15709 -1781 -3195 -8025
15764 -1780 -3277 -8222
15792 -1762 -3219 -8099
15848 -1777 -3238 -8182
15876 -1809 -3234 -8161
15932 -1793 -3245 -8209
15959 -1791 -3202 -8110
16015 -1784 -3261 -8176
16042 -1787 -3214 -8139
16099 -1802 -3248 -8151
16122 -1801 -3241 -8166
16177 -1793 -3236 -8168
16206 -1808 -3227 -8173
16260 -1712 -2658 -6447
16290 -1449 -2377 -6217
16345 -1437 -2388 -6155
16373 -1432 -2348 -6132
16430 -1426 -2350 -6115
16454 -1427 -2351 -6106
16510 -1430 -2338 -6090
16540 -1434 -2327 -6078
16595 -1427 -2334 -6075
16622 -1431 -2324 -6068
16679 -1428 -2321 -6061
16703 -1417 -2323 -6066
16758 -1422 -2316 -6061
16788 -1425 -2320 -6055
16840 -1416 -2322 -6051
16869 -1418 -2314 -6045
16924 -1420 -2320 -6043
16953 -1421 -2316 -6045
17009 -1423 -2316 -6038
17035 -1426 -2308 -6036
17092 -1421 -2311 -6035
17119 -1425 -2312 -6040
17175 -1421 -2307 -6033
17200 -1420 -2317 -6038
17255 -1421 -2304 -6033
17283 -1922 -3818 -9468
17339 -1701 -3201 -8195
17368 -1762 -3301 -8242
17424 -1771 -3384 -8359
17450 -1700 -3252 -8270
17507 -1787 -3241 -8098
17531 -1714 -3292 -8270
17588 -1683 -3176 -8114
17615 -1684 -3216 -8099
17670 -1743 -3287 -8286
17698 -1691 -3217 -8104
17754 -1700 -3244 -8152
17781 -1658 -3206 -8125
17836 -1672 -3224 -8181
17864 -1712 -3251 -8187
17919 -1700 -3241 -8210
17947 -1662 -3216 -8134
18005 -1659 -3243 -8157
18030 -1656 -3228 -8166
18083 -1702 -3272 -8197
18113 -1699 -3246 -8172
18167 -1674 -3238 -8189
18196 -1664 -3226 -8142
18251 -1503 -2377 -6283
18279 -1437 -2374 -6192
18334 -1436 -2371 -6158
18362 -1424 -2347 -6132
18416 -1429 -2341 -6109
18445 -1425 -2351 -6095
18500 -1424 -2327 -6090
18528 -1420 -2330 -6087
18585 -1423 -2325 -6075
18612 -1420 -2331 -6070
18664 -1422 -2317 -6066
18693 -1414 -2320 -6066
18747 -1420 -2323 -6057
18776 -1421 -2319 -6053
18830 -1419 -2315 -6050
18857 -1418 -2319 -6051
18913 -1422 -2316 -6042
18943 -1411 -2315 -6047
18998 -1417 -2318 -6036
19026 -1411 -2309 -6035
19083 -1415 -2315 -6042
19108 -1415 -2311 -6038
19166 -1418 -2311 -6031
19192 -1417 -2306 -6027
19247 -1416 -2295 -6388
19274 -2060 -3773 -8840
19330 -1706 -3351 -8539
19358 -1777 -3324 -8331
19416 -1850 -3317 -8124
19439 -1779 -3360 -8458
19495 -1793 -3157 -7968
19524 -1802 -3315 -8287
19580 -1756 -3177 -8148
19605 -1788 -3238 -8159
19661 -1821 -3249 -8163
19688 -1755 -3218 -8167
19744 -1761 -3233 -8088
19772 -1753 -3229 -8169
19828 -1773 -3204 -8167
19853 -1815 -3262 -8184
19909 -1781 -3218 -8179
19937 -1775 -3234 -8136
19995 -1770 -3224 -8152
20019 -1777 -3257 -8155
20075 -1803 -3246 -8193
20103 -1779 -3225 -8138
20158 -1788 -3221 -8186
20187 -1792 -3236 -7979
20244 -1481 -2327 -6289
20268 -1445 -2383 -6183
20323 -1430 -2375 -6153
20353 -1432 -2345 -6126
20406 -1429 -2352 -6110
20435 -1425 -2346 -6099
20491 -1424 -2327 -6087
20517 -1432 -2324 -6076
20572 -1423 -2333 -6069
20601 -1424 -2328 -6073
20655 -1422 -2328 -6069
20683 -1419 -2324 -6052
20740 -1421 -2322 -6061
20766 -1423 -2316 -6051
20818 -1420 -2314 -6048
20849 -1422 -2315 -6041
20907 -1420 -2318 -6041
20931 -1420 -2314 -6040
20988 -1420 -2317 -6045
21016 -1416 -2312 -6034
21074 -1419 -2318 -6041
21096 -1422 -2309 -6036
21151 -1414 -2310 -6031
21179 -1424 -2316 -6025
21235 -1418 -2304 -6036
21263 -1801 -3666 -9674
21317 -1763 -3197 -8067
21347 -1787 -3325 -8302
21403 -1773 -3376 -8422
21431 -1722 -3196 -8165
21486 -1858 -3254 -8191
21511 -1776 -3256 -8262
21565 -1750 -3159 -8107
21594 -1741 -3184 -8096
21649 -1793 -3256 -8263
21678 -1770 -3197 -8068
21731 -1785 -3236 -8182
21761 -1723 -3179 -8106
21815 -1752 -3184 -8158
21843 -1794 -3220 -8184
21897 -1811 -3218 -8207
21926 -1772 -3194 -8133
21981 -1756 -3207 -8148
22009 -1749 -3195 -8139
22064 -1786 -3240 -8185
22091 -1790 -3230 -8177
22145 -1773 -3207 -8169
22175 -1750 -3191 -8147
22232 -1637 -2545 -6342
22259 -1444 -2365 -6211
22313 -1437 -2388 -6157
22341 -1426 -2350 -6140
22397 -1426 -2346 -6111
22425 -1426 -2358 -6104
22481 -1434 -2327 -6093
22508 -1425 -2333 -6088
22566 -1422 -2336 -6079
22591 -1424 -2331 -6072
22645 -1422 -2329 -6062
22674 -1417 -2327 -6064
22729 -1422 -2326 -6059
22755 -1421 -2315 -6047
22811 -1418 -2319 -6048
22839 -1416 -2318 -6051
22894 -1415 -2320 -6041
22923 -1420 -2319 -6043
22978 -1419 -2312 -6038
23004 -1419 -2308 -6042
23061 -1420 -2309 -6034
23085 -1417 -2309 -6037
23143 -1417 -2303 -6034
23171 -1423 -2305 -6035
23227 -1418 -2299 -6044
23253 -1992 -3828 -9294
23307 -1704 -3248 -8331
23335 -1786 -3291 -8224
23393 -1824 -3375 -8288
23418 -1757 -3288 -8328
23472 -1834 -3221 -8046
23503 -1789 -3322 -8302
23556 -1748 -3155 -8071
23585 -1762 -3245 -8151
23641 -1812 -3272 -8193
23667 -1764 -3218 -8116
23723 -1769 -3247 -8125
23750 -1733 -3225 -8145
23804 -1767 -3226 -8178
23834 -1798 -3253 -8158
23888 -1780 -3230 -8191
23915 -1754 -3236 -8133
23972 -1754 -3241 -8142
23998 -1747 -3234 -8174
24054 -1781 -3256 -8160
24082 -1764 -3234 -8161
24137 -1755 -3246 -8180
24165 -1760 -3236 -8071
24220 -1519 -2343 -6289
24247 -1438 -2373 -6197
24303 -1433 -2377 -6151
24330 -1432 -2350 -6133
24388 -1428 -2348 -6110
24414 -1427 -2353 -6100
24467 -1430 -2327 -6089
24496 -1426 -2325 -6081
24550 -1429 -2336 -6078
24579 -1428 -2329 -6073
24633 -1418 -2323 -6067
24663 -1414 -2321 -6059
24719 -1422 -2318 -6063
24747 -1412 -2325 -6052
24799 -1421 -2318 -6055
24828 -1423 -2315 -6050
24882 -1418 -2310 -6052
24911 -1419 -2313 -6045
24966 -1421 -2316 -6041
24996 -1411 -2306 -6034
25050 -1425 -2312 -6039
25076 -1417 -2314 -6034
25132 -1418 -2310 -6033
25159 -1417 -2317 -6029
25213 -1414 -2297 -6858
25242 -2068 -3709 -8614
25296 -1716 -3381 -8591
25326 -1729 -3270 -8272
25382 -1815 -3293 -8081
25410 -1774 -3369 -8464
25465 -1803 -3165 -7983
25490 -1788 -3295 -8257
25547 -1722 -3161 -8126
25572 -1758 -3227 -8159
25631 -1821 -3265 -8174
25657 -1762 -3229 -8189
25711 -1766 -3235 -8107
25738 -1732 -3200 -8122
25794 -1771 -3237 -8220
25821 -1798 -3249 -8153
25878 -1790 -3222 -8206
25906 -1749 -3204 -8084
25963 -1762 -3230 -8172
25991 -1776 -3240 -8136
26046 -1794 -3250 -8215
26072 -1775 -3198 -8107
26125 -1773 -3234 -8182
26154 -1768 -3183 -7791
26208 -1454 -2345 -6264
26236 -1438 -2383 -6179
26291 -1439 -2371 -6142
26319 -1435 -2343 -6124
26376 -1432 -2347 -6104
26402 -1420 -2349 -6095
26460 -1422 -2333 -6088
26484 -1437 -2330 -6078
26542 -1426 -2324 -6071
26568 -1422 -2321 -6070
26621 -1415 -2325 -6058
26651 -1416 -2329 -6064
26709 -1426 -2317 -6055
26734 -1423 -2318 -6045
26790 -1420 -2323 -6046
26817 -1419 -2319 -6047
26872 -1409 -2317 -6042
26901 -1421 -2315 -6042
26955 -1417 -2313 -6040
26983 -1420 -2316 -6039
27038 -1415 -2312 -6038
27066 -1415 -2313 -6033
27124 -1415 -2312 -6045
27149 -1418 -2308 -6033
27203 -1419 -2601 -8114
27233 -1987 -3516 -8113
27287 -1757 -3450 -8601
27316 -1735 -3345 -8403
27373 -1798 -3223 -7938
27408 -1820 -3411 -8459
27439 -1763 -3167 -8025
27488 -1802 -3286 -8210
27541 -1721 -3177 -8117
27575 -1773 -3281 -8240
27606 -1805 -3244 -8069
27659 -1758 -3268 -8251
27688 -1749 -3227 -8069
27742 -1751 -3232 -8183
27772 -1774 -3229 -8171
27828 -1804 -3278 -8199
27853 -1772 -3217 -8157
27906 -1762 -3271 -8155
27936 -1746 -3217 -8142
27991 -1774 -3278 -8168
28019 -1796 -3248 -8183
28075 -1764 -3236 -8178
28101 -1764 -3231 -8167
28158 -1755 -3064 -7283
28185 -1419 -2391 -6246
28240 -1441 -2389 -6174
28268 -1432 -2363 -6144
28324 -1433 -2346 -6121
28351 -1424 -2356 -6103
28408 -1424 -2353 -6098
28436 -1423 -2333 -6085
28490 -1424 -2329 -6082
28515 -1427 -2335 -6074
28571 -1426 -2329 -6067
28600 -1419 -2326 -6058
28658 -1418 -2325 -6058
28693 -1422 -2322 -6054
28724 -1409 -2325 -6055
28779 -1420 -2317 -6054
28808 -1421 -2315 -6042
28861 -1421 -2320 -6044
28889 -1422 -2316 -6046
28944 -1429 -2316 -6044
28973 -1413 -2313 -6033
29030 -1420 -2309 -6033
29056 -1422 -2313 -6032
29110 -1420 -2311 -6038
29138 -1415 -2311 -6033
29192 -1517 -3144 -9161
29223 -1872 -3310 -7883
29280 -1798 -3417 -8460
