1 -2159 -3755 -8387
4 -2165 -3759 -8397
5 -2162 -3762 -8385
8 -2156 -3765 -8381
9 -2141 -3758 -8394
12 -2150 -3751 -8371
13 -2154 -3748 -8371
16 -2166 -3779 -8408
17 -2154 -3749 -8383
20 -2164 -3752 -8379
23 -2155 -3755 -8380
24 -2155 -3773 -8409
27 -2152 -3745 -8373
28 -2166 -3751 -8377
31 -2148 -3750 -8394
32 -2163 -3750 -8366
35 -2158 -3754 -8398
36 -2162 -3759 -8391
39 -2134 -3735 -8374
40 -2152 -3767 -8392
43 -2151 -3748 -8378
44 -2147 -3752 -8404
47 -2141 -3735 -8344
48 -2141 -3767 -8405
51 -2152 -3738 -8371
52 -2145 -3743 -8386
55 -2164 -3758 -8387
56 -2139 -3746 -8384
59 -2136 -3738 -8377
60 -2146 -3756 -8386
63 -2147 -3750 -8379
64 -2143 -3746 -8375
67 -2143 -3746 -8376
68 -2151 -3757 -8403
71 -2136 -3751 -8375
72 -2148 -3746 -8383
75 -2137 -3744 -8409
76 -2141 -3739 -8379
113 -2145 -3754 -8394
162 -2134 -3755 -8393
193 -2128 -3735 -8387
240 -2149 -3756 -8378
291 -2135 -3746 -8376
316 -2141 -3747 -8399
371 -2140 -3736 -8365
398 -2140 -3744 -8392
457 -2147 -3752 -8392
480 -2137 -3732 -8374
537 -2147 -3749 -8392
566 -2131 -3734 -8370
621 -2138 -3754 -8405
648 -2139 -3743 -8376
704 -2136 -3752 -8398
731 -2130 -3730 -8389
784 -2136 -3748 -8397
813 -2127 -3742 -8404
870 -2135 -3746 -8391
897 -2127 -3733 -8374
956 -2138 -3761 -8402
981 -2121 -3732 -8371
1038 -2136 -3746 -8390
1061 -2142 -3734 -8368
1118 -2140 -3751 -8395
1145 -2139 -3733 -8381
1202 -2135 -3735 -8373
1229 -2150 -3755 -8402
1284 -2140 -3753 -8386
1309 -2138 -3729 -8365
1368 -2138 -3737 -8370
1394 -2123 -3733 -8403
1453 -2148 -3747 -8387
1476 -2155 -3747 -8385
1535 -2138 -3737 -8385
1561 -2135 -3729 -8378
1620 -2148 -3734 -8375
1643 -2155 -3752 -8415
1684 -2129 -3719 -8359
1735 -2136 -3748 -8385
1786 -2130 -3743 -8368
1819 -2142 -3749 -8391
1850 -2146 -3736 -8378
1909 -2160 -3751 -8403
1934 -2152 -3737 -8388
1991 -2156 -3745 -8384
2028 -2141 -3740 -8393
2057 -2153 -3763 -8404
2114 -2143 -3728 -8371
2139 -2151 -3756 -8393
2196 -2131 -3726 -8376
2223 -2150 -3757 -8392
2284 -2144 -3750 -8397
2303 -2155 -3744 -8391
2358 -2145 -3734 -8385
2387 -2156 -3735 -8380
2449 -2143 -3754 -8410
2470 -2152 -3743 -8389
2529 -2149 -3739 -8376
2554 -2156 -3757 -8400
2611 -2141 -3740 -8380
2638 -2147 -3736 -8390
2693 -2144 -3756 -8395
2720 -2146 -3744 -8394
2777 -2158 -3750 -8408
2804 -2142 -3726 -8369
2861 -2151 -3749 -8399
2886 -2131 -3731 -8375
2939 -2161 -3757 -8396
2968 -2131 -3721 -8378
3023 -2152 -3741 -8390
3050 -2147 -3737 -8403
3107 -2155 -3753 -8394
3134 -2159 -3730 -8388
3193 -2152 -3753 -8382
3216 -2156 -3738 -8394
3271 -2162 -3750 -8393
3298 -2164 -3739 -8378
3353 -2139 -3454 -8452
3382 -2113 -3519 -8366
3431 -2127 -3435 -8394
3480 -2099 -3421 -8381
3507 -2127 -3406 -8346
3564 -2108 -3427 -8413
3591 -2114 -3422 -8369
3650 -2129 -3425 -8394
3673 -2121 -3426 -8374
3729 -2123 -3436 -8362
3756 -2136 -3440 -8387
3810 -2121 -3431 -8375
3839 -2141 -3434 -8362
3896 -2143 -3447 -8402
3922 -2143 -3447 -8369
3977 -2136 -3445 -8383
4008 -2129 -3441 -8344
4065 -2125 -3452 -8379
4089 -2130 -3443 -8358
4148 -2139 -3450 -8370
4171 -2133 -3455 -8367
4212 -2134 -3443 -8376
4263 -2133 -3454 -8373
4314 -2135 -3472 -8387
4337 -2142 -3457 -8361
4394 -2122 -3462 -8379
4421 -2125 -3452 -8359
4480 -2132 -3464 -8382
4519 -2149 -3467 -8370
4544 -2125 -3470 -8384
4604 -2124 -3460 -8367
4627 -2121 -3457 -8364
4682 -2147 -3469 -8375
4709 -2132 -3466 -8377
4764 -2128 -3461 -8358
4791 -2127 -3460 -8370
4848 -2126 -3460 -8376
4875 -2133 -3481 -8388
4928 -2131 -3475 -8372
4957 -2120 -3445 -8365
5006 -2134 -3464 -8387
5059 -2149 -3460 -8398
5082 -2157 -3458 -8383
5139 -2144 -3460 -8384
5164 -2139 -3459 -8376
5219 -2142 -3472 -8387
5248 -2140 -3456 -8358
5308 -2189 -3737 -8446
5329 -2151 -3992 -8351
5386 -2187 -3816 -8411
5413 -2185 -3963 -8415
5468 -2217 -3877 -8396
5499 -2205 -3946 -8404
5554 -2166 -3904 -8370
5577 -2166 -3896 -8377
5636 -2197 -3948 -8388
5661 -2192 -3951 -8439
5722 -2184 -3922 -8376
5745 -2170 -3913 -8395
5800 -2169 -3940 -8390
5829 -2185 -3942 -8404
5888 -2174 -3934 -8363
5913 -2156 -3930 -8389
5968 -2147 -3915 -8355
5993 -2168 -3939 -8422
6048 -2194 -3920 -8377
6077 -2186 -3950 -8421
6132 -2154 -3915 -8367
6159 -2165 -3930 -8401
6214 -2169 -3928 -8383
6243 -2189 -3938 -8401
6298 -2189 -3937 -8398
6325 -2161 -3920 -8370
6382 -2181 -3933 -8410
6410 -2185 -3914 -8355
6466 -2192 -3941 -8416
6491 -2177 -3916 -8359
6548 -2185 -3933 -8421
6576 -2177 -3910 -8368
6635 -2195 -3936 -8394
6672 -2184 -3933 -8418
6699 -2166 -3938 -8366
6756 -2150 -3915 -8373
6781 -2154 -3958 -8395
6838 -2156 -3926 -8388
6863 -2183 -3944 -8386
6920 -2173 -3949 -8392
6947 -2146 -3923 -8390
7002 -2183 -3962 -8392
7031 -2154 -3921 -8371
7072 -2187 -3976 -8411
7125 -2134 -3887 -8341
7154 -2178 -3986 -8438
7211 -2167 -3903 -8343
7238 -2177 -3953 -8397
7299 -2070 -3261 -8322
7322 -2072 -3119 -8339
7379 -2074 -3204 -8379
7404 -2049 -3140 -8294
7459 -2057 -3214 -8419
7486 -2020 -3174 -8319
7541 -2110 -3207 -8408
7568 -2083 -3217 -8379
7625 -2093 -3214 -8365
7652 -2057 -3201 -8325
7711 -2059 -3209 -8380
7734 -2076 -3230 -8336
7789 -2085 -3227 -8394
7818 -2056 -3212 -8349
7857 -2055 -3199 -8371
7910 -2057 -3237 -8365
7959 -2082 -3243 -8367
7994 -2052 -3224 -8355
8025 -2041 -3209 -8341
8076 -2067 -3229 -8372
8125 -2074 -3244 -8402
8150 -2088 -3225 -8364
8205 -2066 -3236 -8378
8232 -2052 -3218 -8335
8290 -2055 -3241 -8377
8315 -2060 -3233 -8335
8372 -2071 -3243 -8374
8399 -2056 -3223 -8344
8456 -2074 -3230 -8385
8481 -2070 -3227 -8371
8539 -2092 -3244 -8373
8562 -2068 -3223 -8340
8619 -2065 -3238 -8360
8646 -2064 -3218 -8360
8699 -2082 -3242 -8376
8728 -2089 -3228 -8361
8787 -2069 -3236 -8383
8812 -2069 -3223 -8362
8869 -2066 -3224 -8347
8894 -2079 -3249 -8391
8951 -2069 -3234 -8359
8978 -2070 -3226 -8369
9034 -2066 -3225 -8338
9062 -2068 -3241 -8385
9118 -2072 -3236 -8357
9144 -2074 -3230 -8352
9200 -2062 -3234 -8366
9229 -2086 -3396 -8496
9286 -2153 -4186 -8246
9309 -2177 -3971 -8470
9366 -2140 -4021 -8339
9391 -2220 -4030 -8376
9448 -2192 -4068 -8432
9477 -2196 -4033 -8289
9536 -2148 -4014 -8364
9573 -2143 -4048 -8329
9600 -2173 -4029 -8381
9655 -2212 -4044 -8383
9684 -2184 -4022 -8356
9743 -2183 -4041 -8380
9766 -2163 -4035 -8340
9823 -2184 -4051 -8354
9848 -2158 -4040 -8361
9907 -2168 -4031 -8348
9930 -2179 -4029 -8375
9985 -2191 -4039 -8389
10016 -2199 -4040 -8373
10073 -2182 -4046 -8355
10098 -2157 -4024 -8344
10153 -2170 -4053 -8350
10180 -2178 -4030 -8353
10239 -2203 -4067 -8374
10262 -2162 -4003 -8353
10321 -2203 -4054 -8369
10346 -2157 -4019 -8343
10405 -2196 -4057 -8362
10430 -2170 -4047 -8389
10487 -2168 -4017 -8300
10512 -2183 -4078 -8441
10567 -2160 -3983 -8303
10594 -2188 -4084 -8441
10649 -2185 -4016 -8305
10676 -2160 -4054 -8398
10735 -2173 -4029 -8335
10760 -2145 -4024 -8355
10817 -2202 -4070 -8403
10844 -2185 -4047 -8336
10899 -2168 -4034 -8386
10926 -2175 -4055 -8342
10979 -2148 -3998 -8340
11008 -2192 -4083 -8382
11063 -2175 -4015 -8341
11090 -2177 -4067 -8385
11151 -2172 -4004 -8323
11174 -2177 -4064 -8392
11233 -2129 -3550 -8274
11258 -2065 -2564 -8378
11317 -1994 -2929 -8234
11342 -2030 -2790 -8280
11397 -1940 -2841 -8301
11422 -1996 -2793 -8207
11477 -2011 -2804 -8384
11506 -2020 -2836 -8277
11555 -2036 -2803 -8326
11604 -1987 -2821 -8279
11630 -1969 -2811 -8257
11685 -2007 -2866 -8325
11714 -2003 -2834 -8284
11772 -2012 -2845 -8330
11796 -2011 -2832 -8286
11851 -2025 -2885 -8351
11880 -2011 -2849 -8287
11936 -2013 -2888 -8319
11961 -1985 -2846 -8262
12022 -2003 -2884 -8336
12061 -2012 -2855 -8291
12086 -2037 -2891 -8345
12145 -2013 -2862 -8309
12168 -2008 -2888 -8317
12225 -1991 -2851 -8281
12252 -2004 -2903 -8334
12307 -2006 -2864 -8304
12338 -2016 -2886 -8316
12379 -2009 -2864 -8323
12430 -2013 -2879 -8316
12461 -2027 -2887 -8334
12510 -2003 -2883 -8290
12561 -1990 -2875 -8318
12598 -1985 -2862 -8270
12625 -2005 -2886 -8344
12682 -2018 -2879 -8327
12709 -2007 -2868 -8317
12768 -1994 -2872 -8314
12793 -1998 -2881 -8307
12834 -2002 -2886 -8326
12885 -1994 -2891 -8309
12916 -1994 -2869 -8313
12965 -2004 -2876 -8308
13012 -2005 -2882 -8342
13039 -2019 -2883 -8307
13094 -2005 -2883 -8318
13123 -1997 -2877 -8303
13174 -2036 -3173 -8498
13205 -2126 -4220 -8228
13266 -2173 -4409 -8298
13289 -2165 -4352 -8344
13348 -2218 -4366 -8306
13371 -2244 -4428 -8399
13428 -2197 -4365 -8272
13455 -2147 -4273 -8311
13514 -2118 -4227 -8293
13537 -2182 -4261 -8364
13596 -2220 -4249 -8369
13619 -2220 -4251 -8360
13676 -2162 -4217 -8364
13701 -2178 -4237 -8303
13758 -2189 -4263 -8368
13785 -2173 -4258 -8316
13842 -2160 -4219 -8325
13867 -2164 -4209 -8329
13924 -2203 -4247 -8378
13951 -2218 -4262 -8382
14008 -2194 -4243 -8339
14033 -2147 -4218 -8307
14090 -2143 -4246 -8328
14117 -2179 -4240 -8335
14177 -2205 -4256 -8374
14200 -2201 -4215 -8340
14256 -2182 -4230 -8350
14283 -2185 -4240 -8347
14339 -2187 -4250 -8345
14365 -2189 -4248 -8331
14422 -2154 -4229 -8321
14451 -2175 -4240 -8340
14508 -2183 -4236 -8364
14531 -2216 -4262 -8361
14588 -2179 -4232 -8342
14616 -2179 -4245 -8329
14655 -2148 -4217 -8334
14708 -2202 -4264 -8328
14739 -2177 -4246 -8362
14788 -2193 -4232 -8332
14839 -2172 -4208 -8347
14862 -2189 -4242 -8345
14921 -2184 -4252 -8354
14948 -2186 -4237 -8331
14987 -2165 -4242 -8336
15040 -2172 -4232 -8323
15071 -2182 -4245 -8376
15128 -2208 -4171 -8318
15153 -2126 -3528 -8476
15210 -2101 -3727 -8319
15237 -2132 -3678 -8372
15292 -2084 -3709 -8389
15319 -2110 -3654 -8288
15374 -2117 -3727 -8418
15403 -2146 -3742 -8366
15460 -2154 -3730 -8415
15483 -2145 -3735 -8362
15540 -2106 -3726 -8334
15567 -2102 -3731 -8373
15624 -2124 -3732 -8351
15649 -2132 -3732 -8383
15706 -2137 -3745 -8393
15733 -2119 -3712 -8350
15788 -2142 -3767 -8394
15817 -2127 -3724 -8352
15874 -2130 -3753 -8365
15899 -2122 -3745 -8369
15952 -2115 -3732 -8366
15983 -2140 -3743 -8389
16036 -2139 -3735 -8376
16065 -2139 -3761 -8397
16120 -2122 -3715 -8350
16147 -2125 -3746 -8372
16204 -2125 -3740 -8372
16229 -2141 -3748 -8382
16287 -2132 -3728 -8360
16314 -2136 -3749 -8387
16367 -2134 -3725 -8375
16396 -2143 -3758 -8364
16453 -2117 -3728 -8367
16480 -2123 -3747 -8373
16523 -2123 -3720 -8358
16574 -2147 -3766 -8405
16603 -2142 -3713 -8373
16654 -2131 -3737 -8383
16703 -2135 -3733 -8366
16726 -2112 -3747 -8375
16781 -2125 -3734 -8376
16812 -2128 -3736 -8350
16862 -2133 -3745 -8394
16895 -2137 -3738 -8378
16944 -2141 -3739 -8384
16994 -2132 -3735 -8362
17020 -2132 -3737 -8374
17077 -2129 -3737 -8354
17116 -1825 -2711 -6390
17145 -1516 -2468 -6291
17194 -1502 -2486 -6235
17243 -1490 -2444 -6210
17270 -1492 -2433 -6172
17307 -1487 -2443 -6166
17358 -1488 -2415 -6156
17407 -1479 -2418 -6149
17436 -1477 -2413 -6136
17493 -1478 -2408 -6127
17528 -1477 -2405 -6124
17557 -1477 -2401 -6119
17600 -1479 -2407 -6115
17651 -1477 -2391 -6102
17684 -1482 -2390 -6105
17741 -1472 -2392 -6098
17764 -1473 -2391 -6099
17823 -1473 -2383 -6095
17850 -1473 -2378 -6087
17903 -1468 -2381 -6086
17930 -1468 -2382 -6080
17985 -1473 -2376 -6078
18012 -1477 -2374 -6080
18067 -1470 -2377 -6078
18096 -1468 -2374 -6075
18151 -1466 -2371 -6080
18178 -1467 -2370 -6070
18233 -1467 -2360 -6071
18262 -1463 -2366 -6069
18319 -1476 -2367 -6070
18344 -1465 -2368 -6062
18405 -1471 -2364 -6061
18428 -1468 -2367 -6061
18485 -1467 -2364 -6059
18510 -1464 -2357 -6056
18565 -1471 -2371 -6056
18594 -1473 -2364 -6054
18649 -1464 -2358 -6056
18678 -1468 -2368 -6051
18731 -1462 -2365 -6048
18758 -1466 -2351 -6050
18817 -1468 -2369 -6045
18842 -1464 -2355 -6045
18899 -1464 -2367 -6048
18924 -1464 -2357 -6042
18981 -1462 -2357 -6043
19006 -1465 -2352 -6046
19063 -1465 -2358 -6044
19090 -1461 -2413 -7336
19149 -2453 -3862 -8286
19174 -1990 -3733 -8473
19231 -2078 -3754 -8629
19256 -2123 -3626 -8120
19311 -2246 -3994 -8750
19338 -2165 -3596 -8409
19393 -2229 -3834 -8422
19422 -2126 -3658 -8524
19479 -2154 -3779 -8457
19504 -2211 -3697 -8410
19562 -2190 -3801 -8478
19587 -2117 -3631 -8333
19642 -2138 -3700 -8407
19671 -2167 -3696 -8410
19728 -2201 -3694 -8431
19756 -2172 -3683 -8326
19814 -2127 -3677 -8380
19837 -2109 -3666 -8333
19896 -2145 -3675 -8370
19919 -2185 -3713 -8383
19970 -2158 -3679 -8405
20001 -2152 -3676 -8344
20056 -2166 -3686 -8393
20087 -2161 -3703 -8381
20146 -2158 -3709 -8380
20169 -2136 -3674 -8343
20228 -2148 -3690 -8398
20263 -2154 -3692 -8370
20310 -2177 -3720 -8408
20349 -2169 -3680 -8378
20376 -2150 -3694 -8369
20435 -2144 -3690 -8366
20458 -2171 -3750 -8392
20511 -2169 -3717 -8402
20540 -2164 -3718 -8366
20583 -2155 -3711 -8398
20630 -2172 -3736 -8401
20681 -2168 -3718 -8384
20706 -2168 -3752 -8398
20761 -2139 -3714 -8372
20790 -2154 -3723 -8386
20845 -2169 -3737 -8408
20872 -2177 -3734 -8402
20927 -2174 -3728 -8393
20956 -2154 -3718 -8383
21015 -2151 -3667 -8315
21038 -2156 -3271 -8426
21097 -2114 -3423 -8355
21122 -2145 -3355 -8378
21179 -2096 -3386 -8419
21204 -2113 -3368 -8344
21259 -2124 -3391 -8453
21286 -2125 -3404 -8388
21343 -2121 -3389 -8398
21370 -2105 -3388 -8392
21425 -2100 -3394 -8389
21452 -2136 -3433 -8429
21509 -2130 -3387 -8381
21536 -2118 -3415 -8414
21591 -2108 -3381 -8375
21618 -2124 -3433 -8421
21675 -2123 -3401 -8383
21702 -2129 -3429 -8412
21761 -2117 -3403 -8391
21784 -2112 -3414 -8389
21843 -2126 -3414 -8397
21868 -2123 -3418 -8411
21923 -2132 -3420 -8400
21950 -2122 -3425 -8409
22008 -2118 -3414 -8383
22034 -2122 -3436 -8411
22092 -2129 -3435 -8390
22117 -2138 -3456 -8429
22176 -2126 -3416 -8373
22199 -2132 -3445 -8419
22256 -2117 -3438 -8395
22283 -2127 -3445 -8394
22340 -2117 -3441 -8409
22365 -2126 -3436 -8395
22424 -2131 -3444 -8407
22465 -2124 -3440 -8400
22490 -2124 -3439 -8408
22547 -2122 -3433 -8385
22574 -2132 -3436 -8396
22631 -2122 -3443 -8419
22656 -2132 -3439 -8400
22695 -2134 -3444 -8396
22752 -2124 -3438 -8406
22781 -2114 -3419 -8391
22834 -2127 -3454 -8416
22865 -2134 -3447 -8403
22924 -2121 -3453 -8418
22964 -2124 -3439 -8387
22989 -2183 -3816 -8377
23044 -2163 -3929 -8394
23069 -2184 -3809 -8405
23126 -2191 -3934 -8450
23151 -2206 -3847 -8403
23208 -2204 -3900 -8410
23235 -2174 -3884 -8418
23294 -2166 -3867 -8386
23319 -2195 -3915 -8415
23374 -2208 -3895 -8422
23401 -2194 -3890 -8409
23458 -2190 -3869 -8406
23483 -2199 -3883 -8389
23538 -2195 -3898 -8424
23569 -2203 -3897 -8387
23624 -2169 -3894 -8422
23649 -2190 -3891 -8382
23702 -2188 -3890 -8432
23733 -2207 -3903 -8420
23790 -2204 -3881 -8397
23815 -2176 -3897 -8397
23870 -2191 -3889 -8387
23897 -2196 -3908 -8423
23956 -2216 -3916 -8398
23981 -2187 -3870 -8408
24036 -2203 -3899 -8420
24065 -2184 -3875 -8385
24118 -2202 -3904 -8437
24147 -2201 -3897 -8403
24202 -2185 -3893 -8381
24231 -2186 -3894 -8414
24290 -2193 -3873 -8384
24329 -2215 -3918 -8438
24352 -2202 -3896 -8398
24409 -2191 -3896 -8417
24436 -2188 -3892 -8386
24493 -2188 -3896 -8398
24518 -2208 -3910 -8423
24575 -2198 -3880 -8384
24605 -2192 -3885 -8430
24660 -2209 -3909 -8407
24685 -2198 -3889 -8398
24741 -2211 -3930 -8449
24769 -2181 -3866 -8355
24828 -2191 -3913 -8432
24853 -2185 -3880 -8383
24912 -2192 -3889 -8421
24937 -2200 -3892 -8399
24994 -2086 -3220 -8384
25021 -2112 -3074 -8351
25076 -2107 -3204 -8444
25101 -2079 -3112 -8293
25160 -2084 -3195 -8426
25185 -2044 -3152 -8363
25244 -2131 -3192 -8453
25267 -2139 -3200 -8417
25324 -2136 -3198 -8396
25351 -2059 -3178 -8360
25408 -2061 -3172 -8360
25431 -2089 -3210 -8382
25490 -2134 -3220 -8439
25515 -2097 -3166 -8372
25572 -2112 -3186 -8414
25599 -2085 -3168 -8363
25656 -2121 -3228 -8435
25681 -2112 -3199 -8367
25738 -2090 -3211 -8410
25763 -2089 -3171 -8362
25822 -2096 -3194 -8412
25859 -2127 -3205 -8433
25888 -2126 -3199 -8403
25947 -2102 -3186 -8380
25972 -2073 -3201 -8375
26029 -2080 -3196 -8400
26054 -2113 -3216 -8398
26111 -2111 -3193 -8402
26136 -2090 -3190 -8394
26193 -2094 -3174 -8386
26220 -2112 -3205 -8413
26259 -2105 -3207 -8390
26314 -2102 -3201 -8382
26345 -2091 -3181 -8364
26396 -2111 -3195 -8414
26427 -2109 -3196 -8398
26484 -2135 -3215 -8420
26509 -2092 -3177 -8367
26566 -2099 -3204 -8410
26593 -2099 -3189 -8365
26648 -2120 -3218 -8416
26675 -2107 -3180 -8381
26732 -2107 -3192 -8393
26759 -2107 -3183 -8390
26812 -2116 -3204 -8405
26841 -2106 -3186 -8391
26894 -2108 -3205 -8384
26925 -2117 -3380 -8511
26974 -2181 -4197 -8300
27023 -2201 -3915 -8467
27048 -2184 -4028 -8399
27105 -2255 -4000 -8408
27130 -2216 -4037 -8443
27185 -2210 -4011 -8324
27213 -2170 -3992 -8391
27270 -2176 -4006 -8345
27298 -2218 -4012 -8426
27355 -2234 -4024 -8416
27380 -2220 -3999 -8396
27438 -2217 -3993 -8363
27463 -2193 -4034 -8400
27522 -2214 -4018 -8365
27547 -2204 -4013 -8371
27604 -2205 -4015 -8393
27631 -2198 -4000 -8390
27688 -2237 -4017 -8405
27711 -2211 -4016 -8377
27768 -2207 -4037 -8406
27797 -2187 -3993 -8341
27856 -2201 -4019 -8374
27879 -2193 -3999 -8394
27938 -2217 -3993 -8382
27961 -2217 -3988 -8392
28020 -2216 -3997 -8384
28043 -2198 -3963 -8369
28100 -2222 -4009 -8371
28125 -2198 -3992 -8396
28184 -2213 -3997 -8388
28209 -2202 -3960 -8371
28268 -2225 -4017 -8422
28293 -2197 -3969 -8375
28350 -2231 -4015 -8393
28375 -2188 -3986 -8377
28428 -2212 -4013 -8376
28459 -2175 -3958 -8376
28506 -2230 -4021 -8388
28557 -2185 -3966 -8409
28582 -2225 -4021 -8375
28639 -2173 -3953 -8367
28664 -2206 -4024 -8404
28721 -2186 -3959 -8355
28750 -2217 -4025 -8399
28805 -2192 -3963 -8387
28830 -2222 -4001 -8381
28887 -2197 -3988 -8403
28914 -2164 -3564 -8265
28969 -2052 -2517 -8454
28996 -2028 -2921 -8240
29051 -2038 -2755 -8325
29080 -1986 -2856 -8339
29137 -1989 -2743 -8219
29162 -2043 -2796 -8415
29219 -2053 -2799 -8313
29246 -2075 -2804 -8392
29301 -1995 -2782 -8283
29328 -1986 -2810 -8315
29381 -1997 -2820 -8319
29410 -2029 -2857 -8360
29469 -2049 -2822 -8349
29494 -2044 -2838 -8340
29549 -2023 -2812 -8347
29576 -2038 -2858 -8337
29631 -2029 -2860 -8360
29660 -2024 -2843 -8289
29715 -2002 -2836 -8338
29742 -2017 -2842 -8336
29799 -2047 -2835 -8363
29824 -2059 -2850 -8350
29882 -2038 -2850 -8348
29908 -1998 -2840 -8321
29966 -1998 -2851 -8329
29991 -2018 -2845 -8346
30046 -2033 -2863 -8376
30074 -2021 -2831 -8334
30131 -2028 -2843 -8359
30156 -2016 -2835 -8338
30215 -2030 -2864 -8346
30242 -2008 -2859 -8343
30297 -2009 -2843 -8342
30324 -2006 -2823 -8332
30381 -2034 -2851 -8359
30408 -2029 -2841 -8360
30447 -2024 -2841 -8334
30498 -2004 -2847 -8323
30531 -2005 -2851 -8332
30572 -2023 -2851 -8361
30623 -2034 -2847 -8337
30656 -2065 -2850 -8367
30705 -2032 -2830 -8310
30756 -2065 -2875 -8396
30779 -2034 -2837 -8299
30836 -2055 -2856 -8337
30861 -2084 -3230 -8495
30916 -2169 -4184 -8247
30945 -2200 -4380 -8305
31002 -2213 -4329 -8358
31027 -2235 -4330 -8327
31082 -2282 -4412 -8424
31111 -2207 -4248 -8286
31168 -2182 -4220 -8343
31193 -2142 -4158 -8296
31248 -2216 -4235 -8413
31275 -2235 -4186 -8373
31334 -2246 -4194 -8398
31359 -2189 -4162 -8381
31412 -2212 -4197 -8345
31441 -2206 -4191 -8344
31500 -2217 -4212 -8362
31527 -2194 -4169 -8321
31584 -2188 -4191 -8367
31609 -2231 -4179 -8380
31666 -2251 -4212 -8399
31691 -2237 -4186 -8347
31750 -2202 -4201 -8344
31773 -2180 -4167 -8331
31832 -2225 -4220 -8367
31857 -2225 -4205 -8390
31912 -2235 -4198 -8376
31939 -2214 -4179 -8386
31992 -2203 -4180 -8325
32021 -2215 -4223 -8377
32076 -2195 -4181 -8320
32103 -2211 -4207 -8352
32160 -2189 -4174 -8343
32191 -2226 -4212 -8393
32246 -2230 -4183 -8363
32271 -2228 -4212 -8387
32328 -2201 -4179 -8327
32353 -2208 -4205 -8360
32413 -2223 -4188 -8344
32438 -2253 -4204 -8373
32493 -2253 -4163 -8346
32520 -2246 -4213 -8390
32580 -2230 -4149 -8353
32602 -2255 -4212 -8345
32656 -2232 -4194 -8371
32684 -2232 -4176 -8328
32739 -2232 -4192 -8379
32768 -2226 -4171 -8336
32827 -2245 -4156 -8358
32854 -2186 -3530 -8464
32911 -2165 -3700 -8363
32950 -2189 -3657 -8383
32975 -2148 -3674 -8374
33032 -2182 -3639 -8319
33059 -2193 -3648 -8431
33120 -2231 -3662 -8367
33141 -2195 -3668 -8421
33198 -2165 -3678 -8382
33225 -2154 -3681 -8335
33284 -2145 -3704 -8430
33309 -2145 -3678 -8348
33364 -2167 -3715 -8428
33391 -2122 -3688 -8416
33448 -2162 -3651 -8347
33473 -2157 -3731 -8455
33530 -2137 -3690 -8351
33555 -2134 -3679 -8382
33610 -2122 -3706 -8387
33639 -2124 -3679 -8396
33694 -2171 -3701 -8399
33721 -2134 -3694 -8421
33778 -2161 -3686 -8352
33805 -2125 -3693 -8426
33862 -2128 -3695 -8352
33887 -2135 -3685 -8398
33946 -2141 -3691 -8384
33969 -2132 -3695 -8399
34026 -2144 -3683 -8400
34051 -2139 -3703 -8403
34108 -2146 -3687 -8348
34137 -2143 -3741 -8443
34192 -2134 -3665 -8323
34219 -2148 -3702 -8434
34276 -2126 -3667 -8351
34301 -2151 -3711 -8445
34356 -2150 -3688 -8388
34385 -2123 -3692 -8392
34440 -2126 -3690 -8394
34469 -2119 -3694 -8363
34524 -2122 -3701 -8425
34549 -2146 -3702 -8384
34608 -2115 -3680 -8411
34647 -2128 -3705 -8398
34676 -2112 -3673 -8370
34733 -2121 -3728 -8406
34758 -2116 -3702 -8394
34817 -1844 -2723 -6405
34842 -1518 -2465 -6297
34897 -1504 -2472 -6233
34924 -1498 -2433 -6216
34979 -1495 -2427 -6189
35006 -1485 -2431 -6174
35061 -1489 -2419 -6158
35089 -1481 -2409 -6151
35146 -1488 -2411 -6142
35173 -1479 -2402 -6129
35230 -1475 -2397 -6132
35255 -1479 -2393 -6124
35314 -1475 -2396 -6114
35337 -1475 -2388 -6117
35396 -1471 -2381 -6109
35421 -1468 -2385 -6103
35462 -1472 -2380 -6102
35511 -1470 -2383 -6099
35562 -1472 -2378 -6097
35587 -1476 -2382 -6092
35646 -1473 -2372 -6091
35669 -1469 -2377 -6082
35724 -1470 -2381 -6090
35753 -1470 -2377 -6080
35810 -1465 -2373 -6072
35835 -1464 -2376 -6084
35892 -1469 -2372 -6070
35919 -1469 -2362 -6077
35976 -1456 -2369 -6080
36003 -1466 -2370 -6075
36057 -1459 -2370 -6066
36086 -1456 -2355 -6063
36141 -1462 -2361 -6060
36166 -1462 -2357 -6063
36221 -1466 -2360 -6060
36250 -1468 -2362 -6059
36303 -1467 -2352 -6066
36334 -1459 -2357 -6060
36389 -1467 -2360 -6055
36416 -1462 -2359 -6062
36471 -1463 -2358 -6051
36498 -1459 -2363 -6053
36555 -1471 -2354 -6059
36580 -1458 -2361 -6055
36637 -1464 -2357 -6048
36664 -1462 -2355 -6052
36721 -1472 -2358 -6051
36746 -1460 -2353 -6043
36801 -1465 -2360 -7199
36830 -2460 -3869 -8347
36887 -2006 -3701 -8471
36912 -2099 -3736 -8622
36969 -2141 -3613 -8148
36996 -2214 -3984 -8744
37053 -2166 -3578 -8377
37078 -2264 -3861 -8464
37133 -2162 -3653 -8509
37162 -2163 -3754 -8402
37219 -2206 -3671 -8374
37244 -2176 -3765 -8456
37299 -2139 -3625 -8314
37328 -2178 -3687 -8380
37383 -2169 -3669 -8420
37410 -2198 -3677 -8398
37467 -2166 -3673 -8361
37496 -2157 -3655 -8354
37535 -2102 -3638 -8331
37585 -2155 -3669 -8372
37618 -2174 -3669 -8337
37672 -2183 -3667 -8409
37721 -2155 -3650 -8330
37742 -2158 -3673 -8388
37799 -2169 -3662 -8358
37826 -2177 -3669 -8357
37883 -2174 -3678 -8367
37908 -2160 -3646 -8348
37967 -2179 -3666 -8390
37992 -2186 -3670 -8367
38052 -2194 -3669 -8364
38075 -2178 -3677 -8381
38134 -2164 -3647 -8344
38157 -2172 -3673 -8373
38214 -2188 -3680 -8376
38237 -2172 -3678 -8404
38296 -2178 -3652 -8350
38323 -2170 -3673 -8374
38380 -2185 -3684 -8381
38405 -2168 -3675 -8361
38464 -2177 -3677 -8376
38489 -2158 -3670 -8379
38546 -2167 -3656 -8367
38571 -2184 -3681 -8408
38628 -2185 -3681 -8382
38653 -2164 -3679 -8369
38708 -2161 -3643 -8287
38737 -2144 -3274 -8432
38792 -2135 -3416 -8351
38819 -2156 -3361 -8359
38876 -2119 -3401 -8438
38901 -2115 -3341 -8324
38958 -2148 -3383 -8413
38985 -2150 -3408 -8391
39042 -2137 -3385 -8383
