1 -1463 -2323 -6007
4 -1470 -2317 -6010
7 -1470 -2308 -6010
8 -1469 -2315 -6000
11 -1467 -2313 -6006
16 -1465 -2319 -6004
17 -1469 -2314 -6011
22 -1472 -2313 -6007
25 -1460 -2317 -6006
28 -1468 -2307 -6004
31 -1463 -2310 -6015
34 -1471 -2310 -6007
41 -1468 -2311 -6005
44 -1466 -2313 -6009
47 -1465 -2314 -6005
50 -1470 -2317 -6011
53 -1472 -2321 -6008
54 -1472 -2326 -6009
57 -1463 -2320 -6009
58 -1475 -2316 -6006
61 -1472 -2311 -6005
62 -1469 -2317 -6009
65 -1469 -2320 -6009
66 -1473 -2316 -6011
69 -1469 -2311 -6006
70 -1476 -2314 -6009
73 -1469 -2318 -6011
74 -1470 -2316 -6005
77 -1460 -2315 -6007
78 -1475 -2315 -6010
81 -1466 -2315 -6005
82 -1465 -2321 -6009
85 -1461 -2316 -5999
86 -1475 -2319 -6008
89 -1477 -2323 -6005
92 -1465 -2314 -6009
93 -1474 -2317 -6003
96 -1471 -2320 -6005
97 -1467 -2310 -6012
138 -1469 -2309 -5999
165 -1466 -2316 -6011
224 -1465 -2313 -6007
247 -1468 -2313 -6008
302 -1468 -2317 -6015
331 -1467 -2312 -6008
386 -1460 -2316 -6008
413 -1468 -2320 -6008
468 -1466 -2320 -6001
497 -1474 -2322 -6010
552 -1471 -2309 -6001
581 -1461 -2308 -6014
636 -1474 -2315 -5997
663 -1465 -2317 -6001
720 -1465 -2318 -6008
745 -1473 -2313 -6000
802 -1468 -2309 -5999
829 -1464 -2318 -6010
885 -1472 -2315 -6001
910 -1466 -2313 -6007
971 -1468 -2317 -6006
994 -1462 -2315 -6011
1040 -1476 -2311 -6006
1084 -1465 -2313 -6011
1137 -1474 -2308 -6003
1162 -1468 -2318 -6004
1201 -1467 -2315 -6007
1250 -1467 -2313 -6008
1301 -1469 -2315 -6009
1326 -1463 -2311 -6009
1381 -1469 -2307 -6006
1408 -1467 -2314 -6002
1467 -1470 -2311 -6003
1490 -1471 -2311 -6007
1547 -1467 -2323 -6010
1574 -1465 -2314 -6000
1629 -1464 -2316 -6006
1657 -1472 -2312 -6010
1713 -1472 -2315 -6013
1741 -1467 -2314 -6003
1795 -1469 -2312 -6015
1823 -1465 -2308 -6003
1880 -1474 -2313 -6006
1907 -1470 -2312 -6013
1964 -1463 -2312 -6012
1991 -1467 -2313 -6008
2048 -1472 -2315 -6004
2075 -1470 -2310 -6014
2114 -1462 -2313 -6010
2163 -1466 -2314 -6007
2214 -1471 -2310 -6006
2239 -1467 -2309 -6008
2296 -1470 -2307 -6008
2319 -1473 -2317 -6011
2378 -1462 -2318 -6001
2403 -1465 -2310 -6012
2462 -1474 -2309 -6004
2487 -1469 -2316 -6008
2542 -1473 -2315 -6012
2571 -1469 -2310 -6011
2626 -1473 -2313 -6001
2653 -1464 -2313 -6013
2710 -1465 -2312 -6008
2735 -1472 -2318 -6004
2790 -1475 -2317 -6009
2817 -1470 -2307 -6005
2874 -1479 -2312 -6006
2901 -1473 -2314 -6007
2962 -1470 -2312 -6005
2983 -1477 -2312 -6009
3038 -1466 -2316 -6006
3067 -1478 -2314 -6009
3122 -1462 -2311 -6003
3149 -1464 -2312 -6001
3206 -1476 -2313 -6007
3231 -1470 -2310 -6000
3286 -1463 -2309 -6007
3315 -1473 -2318 -6013
3370 -1472 -2310 -6008
3397 -1473 -2316 -6009
3452 -1470 -2314 -6012
3479 -1468 -2312 -6005
3536 -1469 -2317 -6005
3565 -1469 -2317 -6006
3624 -1463 -2315 -6008
3647 -1466 -2317 -6003
3704 -1470 -2311 -6005
3729 -1466 -2304 -6007
3786 -1462 -2311 -6001
3813 -1474 -2312 -6006
3870 -1477 -2306 -6001
3897 -1467 -2318 -6010
3952 -1470 -2311 -6007
3979 -1466 -2316 -6007
4038 -1472 -2309 -6000
4061 -1473 -2316 -6013
4118 -1473 -2319 -6005
4146 -1469 -2320 -6001
4203 -1470 -2316 -6002
4228 -1471 -2321 -6010
4285 -1470 -2317 -6004
4311 -1469 -2319 -6001
4366 -1472 -2317 -6006
4391 -1466 -2311 -6003
4447 -1465 -2312 -6002
4474 -1468 -2309 -5999
4535 -1470 -2316 -6004
4558 -1468 -2311 -6007
4619 -1474 -2313 -6006
4640 -1466 -2313 -6008
4697 -1471 -2308 -6010
4724 -1470 -2312 -6006
4779 -1468 -2311 -6000
4808 -1471 -2315 -6002
4865 -1466 -2313 -6008
4890 -1462 -2311 -6005
4947 -1466 -2316 -6013
4974 -1466 -2316 -6009
5017 -1471 -2312 -6005
5066 -1472 -2310 -6009
5117 -1460 -2314 -6002
5138 -1468 -2312 -6010
5193 -1470 -2318 -6002
5224 -1465 -2311 -6000
5279 -1466 -2314 -6004
5306 -1465 -2305 -6007
5359 -1467 -2305 -6003
5386 -1474 -2312 -6006
5443 -1471 -2308 -6004
5470 -1471 -2314 -6006
5529 -1471 -2308 -5999
5554 -1464 -2311 -6009
5612 -1469 -2313 -6004
5635 -1465 -2314 -6005
5697 -1473 -2313 -5994
5718 -1471 -2313 -6008
5777 -1469 -2313 -6001
5802 -1470 -2315 -6002
5859 -1474 -2311 -6006
5884 -1465 -2319 -6007
5941 -1469 -2319 -6002
5968 -1469 -2317 -6003
6023 -1473 -2307 -6005
6048 -1469 -2306 -6010
6107 -1462 -2316 -6005
6134 -1465 -2312 -6003
6191 -1474 -2311 -5998
6214 -1472 -2315 -6006
6269 -1463 -2310 -6003
6300 -1466 -2320 -6014
6355 -1472 -2314 -6005
6382 -1463 -2316 -6005
6441 -1469 -2318 -6009
6480 -1468 -2313 -6009
6505 -1463 -2306 -6007
6566 -1471 -2310 -6002
6589 -1467 -2312 -6008
6648 -1465 -2311 -6010
6673 -1469 -2309 -6005
6732 -1470 -2308 -5997
6755 -1469 -2309 -6007
6811 -1469 -2315 -6002
6839 -1466 -2313 -6008
6893 -1464 -2310 -6001
6920 -1471 -2316 -5999
6977 -1477 -2309 -6011
7006 -1471 -2311 -6006
7065 -1467 -2318 -6004
7086 -1470 -2311 -6010
7149 -1473 -2309 -6003
7170 -1466 -2308 -6010
7227 -1466 -2312 -6005
7250 -1476 -2314 -6007
7305 -1477 -2302 -6008
7336 -1473 -2306 -6006
7385 -1466 -2310 -6011
7436 -1470 -2311 -6009
7459 -1465 -2309 -6007
7514 -1474 -2311 -6002
7543 -1467 -2310 -6009
7598 -1468 -2316 -5998
7625 -1471 -2313 -6001
7682 -1471 -2308 -6004
7709 -1471 -2318 -6001
7766 -1471 -2314 -6004
7789 -1468 -2312 -6007
7846 -1471 -2309 -6006
7875 -1476 -2306 -6006
7926 -1468 -2303 -6007
7977 -1477 -2311 -6000
7998 -1470 -2312 -6010
8057 -1471 -2315 -6012
8082 -1467 -2310 -6007
8137 -1468 -2311 -6003
8164 -1468 -2305 -6003
8221 -1477 -2314 -6005
8248 -1475 -2309 -6003
8305 -1467 -2311 -6006
8330 -1471 -2315 -6003
8389 -1468 -2317 -6003
8412 -1473 -2312 -6004
8469 -1468 -2309 -6008
8496 -1471 -2313 -6003
8555 -1468 -2313 -6001
8578 -1471 -2310 -6005
8637 -1474 -2314 -6004
8662 -1467 -2308 -6011
8721 -1469 -2315 -6000
8744 -1474 -2316 -6010
8801 -1467 -2312 -5997
8826 -1469 -2312 -5999
8885 -1467 -2314 -6001
8910 -1467 -2313 -5999
8969 -1470 -2310 -6001
9004 -1472 -2314 -6000
9033 -1468 -2300 -6005
9082 -1471 -2314 -6000
9135 -1466 -2312 -6000
9160 -1470 -2315 -6001
9200 -1473 -2312 -6002
9250 -1466 -2314 -6008
9300 -1470 -2313 -6005
9325 -1473 -2318 -6006
9382 -1471 -2307 -6003
9409 -1466 -2314 -6005
9448 -1477 -2312 -5999
9503 -1476 -2305 -6004
9534 -1470 -2309 -5994
9591 -1470 -2316 -5997
9614 -1472 -2312 -6004
9671 -1463 -2310 -6007
9700 -1469 -2316 -6004
9755 -1515 -2506 -6242
9782 -1528 -2394 -6086
9837 -1504 -2401 -6138
9864 -1519 -2425 -6180
9921 -1503 -2356 -6081
9946 -1515 -2421 -6172
10005 -1495 -2360 -6098
10028 -1510 -2394 -6148
10085 -1508 -2380 -6121
10112 -1507 -2367 -6126
10167 -1506 -2390 -6127
10196 -1490 -2363 -6120
10251 -1504 -2386 -6135
10278 -1493 -2370 -6121
10335 -1503 -2379 -6126
10360 -1499 -2362 -6112
10417 -1496 -2385 -6138
10444 -1502 -2365 -6118
10499 -1500 -2378 -6125
10528 -1494 -2377 -6124
10587 -1501 -2375 -6117
10608 -1502 -2371 -6122
10663 -1503 -2370 -6120
10694 -1496 -2366 -6121
10751 -1499 -2374 -6118
10776 -1504 -2368 -6118
10829 -1501 -2371 -6116
10858 -1505 -2367 -6114
10913 -1500 -2371 -6117
10942 -1497 -2367 -6109
10999 -1497 -2376 -6122
11024 -1506 -2382 -6131
11083 -1501 -2365 -6105
11108 -1505 -2375 -6123
11149 -1493 -2377 -6121
11200 -1502 -2369 -6120
11231 -1496 -2376 -6121
11280 -1496 -2370 -6118
11331 -1495 -2368 -6123
11356 -1501 -2366 -6127
11411 -1496 -2369 -6120
11438 -1505 -2372 -6120
11494 -1495 -2371 -6132
11521 -1497 -2379 -6115
11580 -1495 -2375 -6122
11605 -1503 -2368 -6115
11661 -1494 -2377 -6124
11686 -1498 -2370 -6119
11743 -1499 -2369 -6118
11770 -1497 -2376 -6131
11825 -1507 -2368 -6117
11853 -1502 -2376 -6120
11911 -1496 -2370 -6125
11935 -1495 -2371 -6120
11992 -1508 -2366 -6122
12019 -1506 -2377 -6119
12074 -1500 -2373 -6122
12105 -1499 -2374 -6121
12160 -1499 -2372 -6131
12185 -1490 -2370 -6114
12244 -1490 -2372 -6123
12269 -1499 -2373 -6129
12326 -1497 -2369 -6118
12365 -1505 -2380 -6130
12392 -1498 -2365 -6124
12447 -1500 -2372 -6115
12476 -1498 -2381 -6132
12525 -1501 -2374 -6114
12558 -1500 -2378 -6130
12605 -1500 -2368 -6115
12656 -1500 -2365 -6118
12683 -1506 -2376 -6121
12740 -1497 -2370 -6123
12763 -1502 -2375 -6118
12820 -1500 -2364 -6107
12849 -1496 -2375 -6129
12904 -1503 -2370 -6116
12929 -1502 -2369 -6126
12986 -1499 -2371 -6120
13013 -1501 -2367 -6119
13068 -1500 -2375 -6122
13097 -1507 -2375 -6121
13152 -1502 -2380 -6123
13179 -1504 -2375 -6116
13238 -1496 -2366 -6122
13263 -1506 -2377 -6127
13318 -1500 -2370 -6114
13345 -1502 -2367 -6119
13400 -1494 -2378 -6122
13427 -1496 -2371 -6123
13483 -1500 -2374 -6132
13512 -1506 -2370 -6114
13567 -1494 -2373 -6120
13596 -1498 -2369 -6122
13653 -1502 -2377 -6117
13678 -1499 -2367 -6119
13737 -1501 -2373 -6117
13760 -1494 -2377 -6121
13817 -1500 -2368 -6115
13842 -1506 -2374 -6123
13899 -1501 -2373 -6121
13924 -1501 -2371 -6121
13981 -1501 -2373 -6123
14006 -1508 -2374 -6112
14061 -1504 -2367 -6118
14090 -1502 -2371 -6112
14143 -1499 -2378 -6123
14174 -1504 -2374 -6116
14225 -1501 -2377 -6125
14256 -1501 -2376 -6120
14307 -1496 -2363 -6108
14340 -1498 -2378 -6128
14391 -1498 -2374 -6121
14439 -1498 -2381 -6130
14463 -1499 -2372 -6113
14522 -1500 -2376 -6137
14545 -1502 -2374 -6119
14602 -1495 -2375 -6120
14629 -1473 -2316 -6021
14689 -1472 -2322 -6014
14714 -1476 -2320 -6020
14773 -1475 -2314 -6017
14796 -1475 -2310 -6011
14855 -1472 -2314 -6009
14894 -1480 -2313 -6009
14923 -1470 -2314 -6014
14962 -1479 -2316 -6011
15011 -1473 -2306 -6012
15060 -1468 -2311 -6003
15087 -1476 -2310 -6008
15144 -1475 -2308 -6012
15169 -1475 -2309 -6010
15228 -1470 -2314 -6009
15253 -1469 -2316 -6006
15306 -1473 -2307 -6004
15335 -1471 -2308 -6006
15394 -1474 -2313 -6005
15427 -1475 -2309 -6006
15458 -1472 -2307 -6002
15513 -1468 -2312 -6009
15540 -1472 -2315 -6006
15597 -1474 -2304 -6007
15624 -1476 -2313 -6006
15681 -1470 -2308 -6008
15708 -1470 -2311 -6007
15761 -1473 -2307 -6005
15790 -1478 -2312 -6001
15851 -1472 -2311 -6000
15872 -1466 -2306 -6011
15927 -1471 -2309 -6011
15956 -1476 -2306 -6008
16013 -1472 -2302 -6002
16042 -1475 -2308 -6003
16099 -1468 -2309 -6007
16136 -1470 -2307 -6003
16163 -1473 -2309 -6012
16222 -1473 -2300 -6002
16245 -1463 -2307 -6006
16302 -1469 -2309 -6005
16329 -1473 -2305 -6006
16384 -1478 -2310 -6003
16413 -1476 -2303 -6002
16470 -1471 -2308 -6006
16495 -1471 -2314 -6001
16552 -1473 -2312 -6000
16577 -1476 -2309 -6006
16634 -1466 -2308 -6004
16661 -1471 -2306 -6008
16716 -1475 -2314 -6006
16743 -1474 -2312 -6004
16798 -1465 -2309 -6002
16825 -1471 -2298 -6007
16880 -1463 -2311 -6001
16907 -1470 -2304 -6008
16962 -1480 -2307 -6005
16991 -1473 -2305 -6005
17045 -1470 -2308 -6011
17075 -1472 -2310 -6000
17115 -1468 -2306 -5998
17168 -1472 -2309 -6000
17217 -1479 -2304 -6000
17242 -1478 -2310 -6003
17297 -1473 -2304 -6003
17324 -1480 -2311 -6006
17383 -1475 -2301 -6006
17408 -1464 -2314 -5998
17465 -1469 -2306 -6004
17491 -1480 -2309 -6004
17546 -1482 -2312 -6005
17573 -1476 -2307 -6006
17630 -1472 -2306 -6002
17655 -1476 -2312 -6000
17712 -1471 -2309 -5995
17739 -1470 -2304 -6007
17794 -1472 -2310 -6007
17821 -1477 -2313 -6005
17878 -1471 -2305 -6003
17905 -1475 -2303 -6000
17960 -1468 -2307 -6002
17987 -1472 -2305 -6000
18044 -1471 -2301 -5999
18069 -1471 -2308 -5997
18124 -1477 -2309 -6003
18153 -1464 -2315 -5995
18210 -1474 -2307 -6004
18235 -1464 -2308 -6001
18288 -1478 -2304 -6003
18319 -1475 -2309 -6002
18375 -1468 -2309 -6001
18402 -1476 -2311 -6005
18457 -1468 -2311 -6003
18484 -1475 -2305 -6000
18541 -1478 -2304 -6004
18568 -1469 -2304 -6002
18627 -1468 -2311 -6007
18650 -1475 -2309 -6004
18711 -1484 -2308 -6003
18734 -1470 -2311 -6003
18789 -1464 -2311 -6003
18816 -1484 -2310 -6003
18875 -1465 -2306 -6000
18898 -1481 -2302 -6002
18955 -1476 -2306 -6007
18982 -1470 -2303 -6009
19037 -1465 -2304 -6001
19064 -1476 -2304 -6002
19125 -1470 -2306 -6005
19146 -1476 -2309 -6006
19201 -1466 -2311 -5999
19230 -1475 -2303 -6000
19287 -1466 -2309 -5999
19314 -1474 -2310 -5998
19369 -1473 -2302 -5998
19398 -1469 -2306 -5997
19451 -1470 -2310 -6002
19478 -1467 -2311 -6000
19538 -1488 -2524 -6954
19562 -1674 -2970 -6911
19617 -1586 -2825 -6898
19644 -1614 -2838 -6846
19698 -1656 -2818 -6702
19727 -1616 -2868 -6861
19784 -1610 -2708 -6621
19811 -1612 -2775 -6745
19866 -1617 -2761 -6704
19893 -1627 -2757 -6721
19952 -1622 -2778 -6699
19977 -1601 -2741 -6726
20034 -1618 -2766 -6684
20061 -1613 -2763 -6734
20118 -1621 -2773 -6715
20143 -1613 -2741 -6707
20200 -1617 -2767 -6714
20225 -1606 -2757 -6714
20282 -1626 -2770 -6730
20307 -1610 -2762 -6715
20366 -1604 -2762 -6716
20389 -1607 -2747 -6699
20447 -1616 -2782 -6737
20474 -1615 -2750 -6707
20529 -1621 -2766 -6723
20556 -1599 -2748 -6705
20611 -1612 -2767 -6722
20638 -1618 -2766 -6712
20695 -1618 -2774 -6716
20722 -1614 -2760 -6721
20779 -1617 -2766 -6710
20804 -1608 -2756 -6712
20861 -1625 -2772 -6734
20888 -1619 -2756 -6707
20943 -1624 -2769 -6725
20970 -1613 -2758 -6702
21025 -1615 -2778 -6729
21052 -1619 -2756 -6701
21111 -1613 -2769 -6730
21136 -1616 -2752 -6705
21191 -1617 -2775 -6727
21220 -1621 -2764 -6723
21280 -1615 -2765 -6716
21317 -1612 -2761 -6717
21344 -1608 -2773 -6731
21403 -1616 -2761 -6700
21426 -1620 -2772 -6729
21483 -1617 -2764 -6717
21510 -1619 -2766 -6724
21567 -1616 -2758 -6703
21592 -1621 -2781 -6735
21649 -1620 -2759 -6710
21674 -1611 -2766 -6721
21731 -1606 -2746 -6705
21760 -1618 -2772 -6729
21819 -1632 -2763 -6715
21842 -1620 -2771 -6739
21897 -1613 -2745 -6709
21922 -1616 -2769 -6719
21981 -1614 -2773 -6726
22006 -1622 -2753 -6717
22063 -1624 -2775 -6726
22090 -1614 -2765 -6716
22147 -1617 -2752 -6713
22173 -1628 -2766 -6726
22229 -1623 -2767 -6720
22254 -1609 -2760 -6720
22314 -1616 -2764 -6716
22339 -1616 -2762 -6725
22394 -1625 -2771 -6724
22421 -1625 -2767 -6711
22480 -1615 -2765 -6729
22503 -1622 -2754 -6712
22562 -1628 -2774 -6733
22587 -1617 -2771 -6733
22644 -1621 -2753 -6702
22671 -1620 -2771 -6741
22726 -1617 -2764 -6719
22755 -1619 -2763 -6723
22796 -1622 -2772 -6738
22845 -1612 -2755 -6717
22894 -1624 -2775 -6730
22919 -1616 -2764 -6720
22978 -1618 -2769 -6737
23003 -1613 -2750 -6704
23058 -1610 -2781 -6734
23083 -1620 -2768 -6730
23140 -1620 -2763 -6713
23167 -1624 -2779 -6728
23226 -1623 -2769 -6715
23251 -1617 -2764 -6721
23306 -1618 -2769 -6730
23333 -1620 -2770 -6721
23389 -1614 -2774 -6731
23416 -1616 -2770 -6712
23477 -1622 -2772 -6733
23500 -1617 -2762 -6713
23555 -1622 -2773 -6736
23580 -1608 -2759 -6713
23635 -1621 -2772 -6724
23666 -1615 -2770 -6732
23725 -1616 -2767 -6724
23748 -1621 -2767 -6728
23803 -1611 -2757 -6711
23830 -1625 -2777 -6742
23889 -1621 -2768 -6724
23914 -1627 -2780 -6734
23969 -1609 -2763 -6723
23996 -1614 -2770 -6727
24051 -1615 -2773 -6730
24080 -1612 -2775 -6724
24133 -1613 -2763 -6727
24162 -1620 -2773 -6730
24221 -1618 -2763 -6719
24246 -1617 -2778 -6727
24305 -1620 -2763 -6717
24344 -1613 -2772 -6742
24369 -1617 -2759 -6713
24426 -1565 -2337 -6094
24451 -1498 -2368 -6097
24506 -1494 -2349 -6096
24535 -1501 -2351 -6074
24590 -1488 -2339 -6071
24617 -1498 -2340 -6080
24672 -1487 -2329 -6061
24700 -1485 -2333 -6055
24756 -1486 -2327 -6060
24784 -1485 -2330 -6051
24842 -1497 -2331 -6044
24867 -1481 -2329 -6041
24927 -1489 -2321 -6040
24948 -1480 -2327 -6039
25005 -1485 -2325 -6044
25032 -1487 -2333 -6035
25089 -1480 -2316 -6044
25116 -1486 -2318 -6036
25171 -1484 -2330 -6036
25200 -1485 -2325 -6033
25239 -1485 -2329 -6034
25288 -1483 -2324 -6032
25337 -1483 -2325 -6032
25366 -1484 -2326 -6031
25421 -1480 -2322 -6031
25448 -1481 -2320 -6026
25505 -1481 -2311 -6022
25530 -1486 -2316 -6026
25585 -1476 -2319 -6026
25614 -1479 -2320 -6022
25673 -1479 -2322 -6025
25710 -1479 -2314 -6022
25737 -1484 -2321 -6017
25792 -1478 -2317 -6019
25821 -1483 -2314 -6020
25878 -1480 -2314 -6023
25901 -1483 -2313 -6023
25956 -1477 -2315 -6022
25987 -1479 -2309 -6017
26042 -1482 -2312 -6024
26069 -1479 -2322 -6017
26124 -1481 -2317 -6023
26151 -1480 -2321 -6023
26210 -1479 -2319 -6021
26235 -1479 -2315 -6014
26294 -1470 -2326 -6011
26317 -1482 -2314 -6014
26376 -1478 -2318 -6019
26399 -1481 -2316 -6017
26458 -1482 -2310 -6020
26483 -1479 -2313 -6020
26536 -1476 -2313 -6020
26565 -1477 -2318 -6021
26618 -1473 -2320 -6020
26649 -1478 -2313 -6009
26698 -1475 -2311 -6010
26747 -1475 -2317 -6009
26774 -1476 -2316 -6013
26827 -1473 -2323 -6022
26856 -1473 -2313 -6012
26913 -1475 -2313 -6013
26940 -1478 -2317 -6015
26997 -1479 -2310 -6013
27022 -1474 -2306 -6012
27077 -1476 -2317 -6014
27104 -1475 -2317 -6011
27163 -1473 -2311 -6012
27188 -1474 -2313 -6010
27245 -1472 -2314 -6010
27271 -1473 -2310 -6014
27328 -1477 -2316 -6005
27353 -1476 -2314 -6016
27412 -1476 -2316 -6009
27437 -1471 -2311 -6019
27496 -1476 -2303 -6013
27521 -1475 -2312 -6013
27576 -1477 -2316 -6008
27605 -1474 -2311 -6009
27664 -1479 -2318 -6005
27703 -1484 -2314 -6015
27740 -1481 -2302 -6016
27767 -1477 -2308 -6011
27822 -1476 -2309 -6009
27849 -1468 -2319 -6012
27908 -1473 -2313 -6005
27933 -1467 -2312 -6007
27992 -1476 -2310 -6006
28017 -1476 -2312 -6004
28076 -1475 -2310 -6004
28097 -1481 -2310 -6006
28156 -1475 -2308 -6009
28181 -1474 -2309 -6008
28240 -1474 -2305 -6009
28265 -1473 -2316 -6003
28318 -1474 -2317 -6008
28347 -1473 -2310 -6002
28404 -1466 -2313 -6007
28431 -1470 -2307 -6002
28488 -1475 -2301 -6007
28513 -1471 -2310 -6011
28570 -1473 -2314 -6007
28597 -1479 -2310 -6007
28638 -1468 -2311 -6004
28689 -1479 -2315 -6002
28742 -1477 -2321 -6006
28763 -1470 -2319 -6005
28820 -1482 -2306 -6007
28845 -1474 -2312 -6009
28904 -1467 -2311 -6011
28927 -1481 -2311 -6005
28984 -1483 -2319 -6009
29011 -1469 -2318 -6008
29066 -1482 -2308 -6007
29093 -1471 -2315 -6003
29151 -1477 -2308 -6007
29176 -1477 -2306 -5999
29234 -1476 -2309 -6003
29259 -1468 -2313 -6006
29316 -1474 -2317 -6233
29343 -1935 -3956 -8313
29398 -1706 -3386 -7759
29427 -1760 -3498 -7754
29482 -1796 -3627 -7900
29509 -1775 -3476 -7846
29566 -1799 -3460 -7649
29591 -1719 -3456 -7718
29647 -1742 -3429 -7676
29676 -1791 -3473 -7721
29733 -1807 -3495 -7725
29758 -1753 -3424 -7685
29816 -1735 -3418 -7626
29839 -1760 -3461 -7773
29898 -1798 -3485 -7703
29924 -1780 -3436 -7700
29981 -1749 -3475 -7717
30008 -1746 -3403 -7656
30063 -1791 -3516 -7791
30088 -1783 -3445 -7674
30147 -1765 -3475 -7731
30172 -1749 -3442 -7677
30231 -1765 -3453 -7738
30256 -1805 -3505 -7743
30297 -1768 -3458 -7703
30346 -1760 -3466 -7736
30397 -1756 -3441 -7672
30422 -1780 -3498 -7779
30463 -1782 -3493 -7742
30516 -1764 -3428 -7673
30545 -1766 -3492 -7763
30600 -1762 -3436 -7677
30627 -1786 -3510 -7793
30684 -1776 -3452 -7689
30709 -1764 -3474 -7749
30768 -1762 -3467 -7706
30793 -1776 -3476 -7742
30850 -1788 -3507 -7762
30877 -1767 -3446 -7672
30932 -1757 -3495 -7778
30959 -1774 -3455 -7695
31012 -1776 -3488 -7772
31043 -1780 -3492 -7718
31094 -1754 -3455 -7724
31123 -1765 -3484 -7745
31174 -1776 -3461 -7710
31225 -1786 -3511 -7786
31250 -1765 -3454 -7689
31307 -1762 -3476 -7752
31332 -1772 -3494 -7748
31389 -1778 -3464 -7720
31416 -1776 -3524 -7788
31475 -1767 -3440 -7669
31498 -1761 -3504 -7795
31551 -1782 -3471 -7711
31582 -1775 -3482 -7759
31629 -1766 -3490 -7728
31680 -1760 -3460 -7701
31705 -1771 -3501 -7791
31764 -1783 -3459 -7694
31787 -1772 -3486 -7770
31846 -1780 -3491 -7731
31869 -1759 -3445 -7705
31926 -1781 -3538 -7809
31953 -1769 -3443 -7669
32008 -1771 -3523 -7802
32035 -1767 -3458 -7681
32093 -1776 -3484 -7767
32120 -1781 -3502 -7751
32178 -1773 -3464 -7721
32213 -1771 -3501 -7781
32244 -1765 -3470 -7688
32303 -1776 -3499 -7782
32326 -1778 -3509 -7758
32381 -1765 -3436 -7695
32410 -1777 -3535 -7796
32468 -1762 -3452 -7678
32495 -1783 -3501 -7803
32553 -1773 -3485 -7698
32575 -1767 -3490 -7763
32632 -1776 -3498 -7753
32659 -1772 -3462 -7709
32714 -1791 -3512 -7785
32743 -1767 -3473 -7718
32800 -1779 -3483 -7758
32825 -1773 -3506 -7761
32866 -1770 -3467 -7703
32917 -1771 -3515 -7792
32966 -1773 -3478 -7714
33001 -1770 -3488 -7750
33032 -1779 -3502 -7745
33083 -1766 -3462 -7743
33134 -1780 -3499 -7767
33157 -1769 -3480 -7725
33214 -1760 -3509 -7785
33237 -1770 -3473 -7724
33292 -1767 -3478 -7737
33321 -1771 -3513 -7786
33376 -1771 -3466 -7713
33405 -1776 -3508 -7793
33454 -1769 -3466 -7708
33505 -1776 -3497 -7761
33528 -1779 -3500 -7756
33569 -1764 -3473 -7723
33620 -1766 -3492 -7757
33671 -1764 -3488 -7726
33696 -1777 -3504 -7778
33753 -1773 -3478 -7732
33778 -1771 -3484 -7742
33837 -1767 -3500 -7760
33860 -1775 -3478 -7742
33921 -1778 -3501 -7760
33942 -1772 -3492 -7738
33997 -1763 -3479 -7746
34026 -1765 -3487 -7749
34079 -1774 -3493 -7756
34108 -1771 -3489 -7734
34165 -1764 -3496 -7751
34192 -1743 -3090 -6653
34247 -1523 -2437 -6250
34274 -1518 -2419 -6208
34329 -1515 -2407 -6190
34356 -1513 -2380 -6165
34413 -1506 -2369 -6150
34440 -1508 -2365 -6146
34499 -1508 -2364 -6132
34522 -1509 -2354 -6126
34580 -1501 -2352 -6114
34605 -1505 -2345 -6111
34662 -1507 -2352 -6116
34687 -1510 -2338 -6109
34742 -1507 -2344 -6101
34771 -1504 -2342 -6097
34826 -1501 -2344 -6099
34855 -1507 -2340 -6089
34910 -1516 -2339 -6093
34937 -1496 -2333 -6091
34994 -1497 -2321 -6089
35021 -1502 -2335 -6081
35076 -1505 -2328 -6082
35104 -1498 -2326 -6078
35162 -1500 -2331 -6079
35186 -1503 -2330 -6076
35241 -1506 -2322 -6080
35270 -1490 -2333 -6075
35327 -1502 -2324 -6073
35352 -1504 -2330 -6076
35409 -1502 -2326 -6074
35436 -1496 -2321 -6068
35497 -1499 -2326 -6069
35536 -1497 -2325 -6065
35573 -1501 -2331 -6063
35600 -1491 -2333 -6062
35659 -1498 -2330 -6072
35684 -1506 -2315 -6058
35743 -1496 -2315 -6059
35768 -1500 -2325 -6055
35809 -1498 -2316 -6059
35862 -1498 -2319 -6062
35891 -1497 -2317 -6056
35946 -1497 -2317 -6060
35973 -1502 -2311 -6048
36030 -1498 -2317 -6055
36057 -1498 -2323 -6060
36114 -1503 -2319 -6055
36139 -1500 -2313 -6063
36196 -1496 -2317 -6054
36223 -1490 -2316 -6056
36282 -1499 -2318 -6054
36307 -1493 -2319 -6051
36346 -1496 -2311 -6053
36399 -1501 -2314 -6052
36448 -1496 -2318 -6051
36483 -1490 -2309 -6045
36514 -1498 -2318 -6049
36569 -1493 -2315 -6046
36596 -1496 -2313 -6050
36653 -1496 -2327 -6046
36680 -1494 -2311 -6045
36735 -1501 -2307 -6042
36760 -1491 -2316 -6038
36817 -1494 -2318 -6037
36844 -1482 -2304 -6047
36899 -1496 -2315 -6042
36928 -1495 -2320 -6041
36983 -1492 -2318 -6034
37010 -1496 -2319 -6039
37067 -1494 -2320 -6047
37094 -1493 -2314 -6037
37151 -1493 -2316 -6039
37176 -1490 -2317 -6043
37233 -1490 -2315 -6038
37272 -1495 -2310 -6037
37299 -1490 -2320 -6039
37358 -1502 -2314 -6033
37381 -1485 -2309 -6036
37436 -1490 -2306 -6038
37465 -1491 -2307 -6035
37514 -1492 -2310 -6030
37566 -1500 -2309 -6030
37590 -1488 -2314 -6043
37646 -1491 -2311 -6033
37675 -1488 -2315 -6035
37732 -1489 -2316 -6031
37756 -1494 -2310 -6034
37812 -1491 -2313 -6028
37839 -1493 -2313 -6038
37896 -1494 -2302 -6032
37924 -1490 -2313 -6033
37984 -1497 -2306 -6033
38005 -1488 -2315 -6038
38062 -1495 -2309 -6027
38089 -1489 -2303 -6030
38144 -1493 -2308 -6027
38171 -1497 -2310 -6031
38230 -1479 -2309 -6035
38267 -1494 -2314 -6036
38294 -1494 -2310 -6032
38353 -1498 -2313 -6034
38378 -1487 -2312 -6033
38433 -1489 -2309 -6029
38462 -1488 -2312 -6022
38519 -1492 -2303 -6028
38546 -1486 -2311 -6034
38603 -1498 -2313 -6032
38626 -1495 -2308 -6036
38683 -1495 -2315 -6024
38710 -1486 -2312 -6030
38767 -1493 -2310 -6031
38794 -1485 -2315 -6027
38849 -1488 -2316 -6023
38876 -1485 -2314 -6031
38929 -1497 -2312 -6029
38960 -1487 -2308 -6026
39015 -1488 -2310 -6026
39040 -1489 -2314 -6025
39095 -1491 -2317 -6036
39124 -1810 -4397 -9607
39179 -1913 -4389 -8652
39206 -1893 -4611 -9058
39261 -1912 -4574 -9142
39290 -2026 -4427 -8910
39343 -2056 -4535 -8966
39374 -1877 -4384 -8917
39429 -1876 -4351 -8857
39458 -1968 -4469 -8971
39513 -2038 -4532 -9015
39538 -1946 -4364 -8855
39595 -1900 -4405 -8871
39622 -1918 -4394 -8922
39661 -2017 -4532 -9003
39716 -2006 -4442 -8937
39745 -1922 -4410 -8897
39800 -1899 -4377 -8886
39827 -1977 -4497 -9007
39886 -2014 -4481 -8974
39911 -1968 -4446 -8926
39970 -1910 -4412 -8890
39993 -1938 -4444 -8960
40050 -1994 -4497 -9002
40075 -1999 -4470 -8958
40133 -1936 -4438 -8924
40159 -1908 -4432 -8930
40215 -1984 -4478 -8988
40242 -1998 -4515 -8988
40301 -1961 -4459 -8945
40326 -1921 -4442 -8939
40381 -1951 -4454 -8951
40410 -1993 -4516 -9021
40467 -1996 -4482 -8968
40492 -1941 -4432 -8931
40551 -1933 -4464 -8974
40576 -1968 -4467 -8957
40617 -2001 -4513 -9035
40668 -1962 -4448 -8933
40717 -1936 -4442 -8956
40740 -1953 -4490 -8986
40797 -1981 -4484 -8994
40824 -1985 -4500 -8991
40881 -1944 -4456 -8933
40906 -1950 -4466 -8985
40964 -1976 -4488 -8990
40991 -1989 -4486 -8983
41046 -1971 -4496 -8999
41073 -1938 -4434 -8925
41132 -1963 -4497 -9021
41155 -1983 -4479 -8961
41210 -1982 -4493 -8996
41239 -1961 -4479 -8967
41288 -1952 -4449 -8971
41339 -1976 -4481 -8993
41362 -1978 -4500 -8984
41421 -1966 -4496 -8998
41446 -1952 -4469 -8962
41501 -1969 -4481 -8988
41528 -1978 -4500 -8989
41583 -1976 -4481 -8990
41610 -1958 -4493 -8996
41665 -1968 -4486 -8971
41692 -1960 -4491 -8995
41747 -1975 -4508 -9005
41776 -1964 -4460 -8964
41835 -1970 -4497 -9008
41860 -1962 -4472 -8977
41915 -1974 -4500 -9017
41942 -1975 -4484 -8974
41999 -1964 -4489 -8993
42024 -1965 -4501 -9017
42081 -1975 -4482 -8972
42108 -1974 -4507 -9019
42163 -1971 -4487 -8970
42190 -1961 -4486 -9013
42245 -1973 -4503 -9004
42274 -1968 -4477 -8990
42327 -1971 -4512 -9015
42356 -1956 -4473 -8978
42411 -1968 -4499 -9020
42440 -1982 -4488 -8984
42497 -1969 -4494 -9004
42522 -1956 -4496 -9005
42579 -1965 -4460 -8958
42606 -1982 -4521 -9037
42661 -1979 -4495 -8982
42688 -1966 -4485 -9000
42748 -1967 -4499 -8984
42783 -1963 -4495 -8991
42811 -1977 -4512 -9027
42867 -1976 -4501 -8993
42896 -1969 -4487 -8985
42953 -1973 -4501 -9012
42978 -1975 -4507 -8996
43033 -1974 -4498 -9002
43062 -1972 -4488 -8983
43117 -1957 -4496 -9013
43146 -1964 -4494 -9001
43203 -1969 -4482 -8980
43226 -1978 -4521 -9027
43267 -1961 -4490 -8989
43316 -1961 -4484 -8987
43365 -1969 -4513 -9009
43394 -1971 -4499 -9006
43451 -1978 -4516 -9024
43476 -1972 -4490 -8992
43531 -1963 -4495 -9004
43558 -1972 -4515 -8996
43613 -1966 -4493 -9018
43642 -1970 -4492 -9007
43699 -1968 -4482 -8982
43724 -1967 -4509 -9017
43785 -1972 -4499 -9001
43810 -1975 -4492 -8988
43851 -1971 -4518 -9015
43904 -1963 -4505 -8997
43935 -1968 -4487 -8991
43984 -1977 -4423 -8496
44035 -1564 -2483 -6402
44070 -1540 -2499 -6320
44097 -1535 -2458 -6284
44152 -1535 -2433 -6255
44179 -1524 -2433 -6226
44236 -1523 -2416 -6227
44261 -1517 -2406 -6193
44316 -1510 -2397 -6187
44345 -1514 -2386 -6169
44394 -1515 -2389 -6171
44445 -1512 -2376 -6161
44470 -1514 -2377 -6155
44527 -1520 -2380 -6148
44552 -1501 -2364 -6141
44609 -1511 -2364 -6140
44636 -1512 -2372 -6131
44691 -1511 -2356 -6135
44718 -1506 -2360 -6128
44773 -1507 -2351 -6123
44802 -1516 -2354 -6117
44853 -1510 -2362 -6114
44902 -1505 -2353 -6119
44941 -1512 -2344 -6108
44968 -1500 -2348 -6107
45025 -1503 -2341 -6106
45050 -1504 -2343 -6097
45109 -1507 -2349 -6103
45134 -1501 -2344 -6091
45191 -1495 -2353 -6100
45216 -1512 -2352 -6091
45273 -1505 -2346 -6096
45300 -1509 -2348 -6093
45355 -1509 -2348 -6088
45384 -1510 -2339 -6087
45439 -1503 -2339 -6088
45467 -1502 -2346 -6089
45523 -1504 -2341 -6081
45559 -1506 -2336 -6080
45606 -1504 -2340 -6087
45643 -1500 -2337 -6084
45672 -1505 -2333 -6079
45727 -1500 -2333 -6082
45756 -1507 -2330 -6080
45811 -1494 -2334 -6080
45838 -1501 -2329 -6076
45895 -1493 -2328 -6071
45922 -1497 -2335 -6077
45977 -1501 -2334 -6067
46006 -1496 -2334 -6071
46063 -1511 -2332 -6070
46088 -1506 -2330 -6071
46145 -1501 -2335 -6074
46170 -1498 -2329 -6064
46227 -1499 -2328 -6069
46252 -1505 -2336 -6070
46309 -1495 -2326 -6066
46336 -1507 -2324 -6066
46391 -1506 -2335 -6067
46418 -1495 -2331 -6063
46473 -1497 -2332 -6063
46502 -1498 -2317 -6057
46551 -1490 -2328 -6062
46602 -1496 -2328 -6065
46637 -1494 -2327 -6054
46666 -1499 -2324 -6062
46724 -1501 -2320 -6051
46751 -1498 -2324 -6059
46808 -1497 -2329 -6059
46833 -1491 -2321 -6057
46890 -1491 -2322 -6056
46915 -1497 -2331 -6052
46972 -1496 -2325 -6056
46999 -1495 -2324 -6057
47056 -1503 -2323 -6050
47081 -1492 -2324 -6050
47138 -1499 -2326 -6050
47163 -1498 -2325 -6047
47220 -1499 -2323 -6054
47247 -1495 -2327 -6047
47302 -1492 -2320 -6058
47329 -1495 -2317 -6046
47386 -1493 -2324 -6053
47413 -1491 -2327 -6052
47470 -1487 -2315 -6051
47497 -1490 -2325 -6048
47554 -1493 -2324 -6051
47579 -1490 -2317 -6053
47618 -1486 -2324 -6046
47671 -1488 -2321 -6049
47720 -1493 -2315 -6047
47745 -1494 -2328 -6044
47802 -1496 -2329 -6044
47827 -1492 -2326 -6045
47885 -1491 -2323 -6043
47911 -1495 -2317 -6044
47970 -1493 -2315 -6046
47994 -1491 -2327 -6042
48051 -1494 -2314 -6041
48079 -1488 -2315 -6035
48137 -1493 -2324 -6040
48176 -1480 -2318 -6049
48201 -1492 -2319 -6037
48260 -1485 -2316 -6039
48285 -1491 -2319 -6037
48324 -1497 -2323 -6039
48379 -1492 -2322 -6040
48406 -1492 -2314 -6046
48461 -1488 -2318 -6036
48492 -1491 -2321 -6036
48543 -1491 -2318 -6040
48572 -1487 -2316 -6037
48629 -1492 -2324 -6041
48658 -1492 -2320 -6032
48713 -1484 -2317 -6040
48740 -1491 -2318 -6039
48781 -1490 -2319 -6038
48834 -1489 -2319 -6040
48865 -1497 -2314 -6041
48914 -1578 -3329 -8812
48965 -2224 -5912 -10088
48988 -1916 -5896 -10664
49045 -1924 -5916 -10517
49072 -2153 -5798 -10368
49127 -2305 -6143 -10646
49154 -2063 -5673 -10329
49209 -1962 -5648 -10220
49238 -2023 -5701 -10379
49287 -2204 -5812 -10068
49336 -2000 -4580 -9494
49361 -1934 -4830 -9377
49420 -1871 -4698 -9471
49447 -1936 -4772 -9586
49502 -2027 -4778 -9484
49527 -1970 -4771 -9576
49586 -1875 -4702 -9434
49609 -1912 -4729 -9518
49668 -1990 -4820 -9561
49693 -1990 -4782 -9575
49750 -1930 -4713 -9439
49775 -1902 -4739 -9527
49832 -1949 -4755 -9533
49858 -2005 -4812 -9585
49915 -1962 -4766 -9522
49942 -1924 -4754 -9524
49999 -1928 -4753 -9525
50024 -1993 -4859 -9622
50083 -1994 -4851 -9633
50106 -1953 -4904 -9654
50163 -1931 -4875 -9653
50190 -1978 -4978 -9764
50245 -2060 -5378 -10144
50272 -2066 -5427 -10108
50331 -2010 -5411 -10075
50356 -2041 -5522 -10192
50413 -2074 -5476 -10206
50439 -2098 -5505 -10149
50496 -2040 -5475 -10178
50523 -2030 -5484 -10162
50579 -2061 -5513 -10213
50607 -2100 -5558 -10228
50664 -2058 -5498 -10195
50687 -2037 -5493 -10165
50744 -2054 -5525 -10241
50773 -2090 -5578 -10257
50830 -2078 -5623 -10413
50855 -2076 -5757 -10352
50912 -2073 -5717 -10367
50937 -2106 -5770 -10424
50996 -2100 -5723 -10343
51021 -2099 -5756 -10385
51078 -2067 -5693 -10369
51103 -2098 -5737 -10375
51160 -2107 -5762 -10408
51185 -2097 -5750 -10386
51244 -2078 -5716 -10374
51269 -2079 -5734 -10370
51326 -2112 -5766 -10422
51353 -2107 -5754 -10411
51410 -2092 -5707 -10370
51445 -2081 -5731 -10381
51476 -2095 -5768 -10419
51533 -2118 -5748 -10395
51558 -2098 -5762 -10393
51613 -2082 -5748 -10378
51642 -2094 -5759 -10412
51699 -2114 -5753 -10410
51724 -2104 -5742 -10390
51781 -2086 -5760 -10395
51808 -2095 -5755 -10407
51865 -2102 -5759 -10415
51890 -2114 -5763 -10400
51945 -2088 -5755 -10407
51974 -2081 -5752 -10409
52031 -2104 -5751 -10410
52056 -2113 -5789 -10425
52117 -2100 -5773 -10418
52140 -2089 -5742 -10397
52193 -2089 -5760 -10412
52224 -2108 -5793 -10428
52276 -2115 -5785 -10437
52305 -2092 -5763 -10418
52362 -2094 -5767 -10407
52387 -2101 -5780 -10420
52444 -2114 -5794 -10459
52473 -2103 -5765 -10419
52528 -2093 -5759 -10399
52554 -2093 -5779 -10433
52611 -2105 -5786 -10440
52638 -2109 -5771 -10420
52691 -2109 -5805 -10425
52720 -2087 -5741 -10403
52779 -2112 -5812 -10464
52804 -2108 -5747 -10390
52845 -2111 -5818 -10469
52894 -2095 -5744 -10386
52945 -2091 -5810 -10467
52969 -2105 -5763 -10411
53025 -2115 -5793 -10448
53052 -2102 -5785 -10452
53111 -2102 -5756 -10403
53138 -2108 -5797 -10454
53194 -2098 -5776 -10403
53219 -2096 -5792 -10476
53274 -2099 -5768 -10395
53303 -2106 -5806 -10466
53360 -2106 -5789 -10427
53387 -2107 -5790 -10446
53428 -2098 -5771 -10421
53479 -2110 -5814 -10455
53508 -2099 -5787 -10429
53567 -2098 -5813 -10463
53592 -2100 -5759 -10395
53647 -2109 -5818 -10457
53676 -2104 -5786 -10444
53733 -2107 -5797 -10455
53758 -2106 -5732 -10123
53815 -1754 -2976 -6651
53842 -1567 -2612 -6550
53883 -1663 -2922 -6552
53930 -1583 -2636 -6489
53981 -1530 -2549 -6513
54006 -1541 -2667 -6424
54061 -1571 -2670 -6658
54090 -1620 -2671 -6553
54147 -1577 -2630 -6510
54172 -1530 -2577 -6478
54225 -1526 -2513 -6364
54256 -1558 -2471 -6290
54309 -1530 -2423 -6245
54340 -1497 -2409 -6232
54393 -1493 -2401 -6203
54422 -1521 -2423 -6237
54479 -1523 -2403 -6209
54504 -1517 -2389 -6180
54563 -1505 -2386 -6173
54588 -1511 -2383 -6158
54647 -1510 -2378 -6161
54670 -1508 -2378 -6148
54726 -1511 -2373 -6147
54753 -1509 -2375 -6139
54808 -1506 -2380 -6138
54835 -1506 -2367 -6133
54894 -1498 -2373 -6128
54921 -1500 -2375 -6125
54976 -1503 -2370 -6121
55001 -1501 -2371 -6122
55056 -1504 -2376 -6115
55085 -1509 -2364 -6121
55140 -1499 -2359 -6113
55165 -1505 -2356 -6115
55220 -1498 -2362 -6110
55251 -1498 -2362 -6107
55302 -1499 -2367 -6110
55333 -1502 -2366 -6104
55388 -1503 -2364 -6099
55415 -1503 -2362 -6105
55476 -1502 -2360 -6091
55515 -1489 -2354 -6095
55540 -1496 -2362 -6093
55597 -1493 -2350 -6087
55622 -1493 -2357 -6093
55683 -1500 -2350 -6094
55706 -1496 -2352 -6089
55764 -1499 -2357 -6093
55788 -1500 -2355 -6087
55844 -1492 -2355 -6085
55873 -1495 -2351 -6087
55930 -1494 -2352 -6086
55969 -1488 -2349 -6079
55996 -1497 -2351 -6084
56047 -1498 -2347 -6074
56096 -1502 -2347 -6078
56121 -1500 -2354 -6076
56178 -1499 -2347 -6075
56205 -1496 -2347 -6077
56260 -1502 -2343 -6074
56285 -1494 -2339 -6076
56344 -1499 -2344 -6070
56369 -1500 -2346 -6069
56426 -1500 -2335 -6076
56453 -1489 -2337 -6075
56510 -1502 -2345 -6070
56535 -1493 -2337 -6073
56590 -1492 -2350 -6070
56617 -1496 -2340 -6071
56672 -1494 -2344 -6065
56699 -1497 -2344 -6068
56758 -1490 -2333 -6070
56783 -1499 -2342 -6071
56840 -1496 -2338 -6071
56867 -1496 -2335 -6076
56922 -1496 -2337 -6068
56951 -1499 -2336 -6067
57006 -1491 -2341 -6068
57031 -1495 -2341 -6066
57086 -1493 -2335 -6071
57115 -1498 -2336 -6062
57172 -1492 -2343 -6062
57197 -1497 -2333 -6065
57256 -1485 -2336 -6068
57281 -1489 -2332 -6065
57336 -1489 -2332 -6057
57363 -1495 -2333 -6056
57418 -1489 -2329 -6058
57447 -1494 -2329 -6064
57504 -1491 -2332 -6056
57529 -1486 -2329 -6063
57586 -1496 -2331 -6061
57611 -1496 -2327 -6059
57666 -1500 -2328 -6064
57695 -1496 -2333 -6060
57750 -1492 -2336 -6058
57779 -1493 -2333 -6050
57834 -1493 -2335 -6056
57862 -1491 -2334 -6049
57916 -1496 -2334 -6056
57943 -1492 -2332 -6056
58002 -1492 -2332 -6054
58039 -1492 -2327 -6053
58067 -1497 -2332 -6058
58124 -1493 -2331 -6052
58152 -1495 -2331 -6064
58210 -1480 -2330 -6053
58234 -1486 -2335 -6048
58292 -1486 -2330 -6053
58317 -1494 -2330 -6057
58372 -1492 -2329 -6052
58401 -1486 -2320 -6054
58442 -1495 -2329 -6044
58490 -1486 -2331 -6048
58541 -1486 -2334 -6054
58564 -1490 -2331 -6054
58619 -1487 -2328 -6046
58650 -1485 -2326 -6052
58701 -1503 -2460 -6918
58732 -2305 -6985 -11865
58791 -1847 -5708 -10828
58814 -1790 -6098 -11056
58875 -2029 -6271 -11192
58898 -2224 -6523 -11603
58957 -2155 -6216 -11130
58980 -1909 -6204 -11196
59039 -1898 -6165 -11246
59064 -2138 -6405 -11472
59117 -2236 -6439 -11405
59146 -2049 -6341 -11332
59203 -1913 -6167 -11174
59228 -2011 -6365 -11416
59285 -2198 -6475 -11479
59312 -2141 -6357 -11382
59369 -1993 -6223 -11228
59394 -1956 -6282 -11354
59449 -2109 -6383 -11426
59478 -2170 -6398 -11385
59535 -2066 -6343 -11314
59560 -1966 -6219 -11252
59617 -2045 -6295 -11329
59644 -2165 -6417 -11432
59699 -2127 -6377 -11379
59726 -2022 -6389 -11445
59781 -2086 -7022 -11819
59810 -2158 -7009 -11929
59865 -2211 -7060 -11901
59892 -2175 -7059 -11886
59947 -2096 -7020 -11929
59974 -2142 -7076 -11895
60031 -2205 -7160 -12019
60060 -2187 -7117 -11948
60117 -2130 -7068 -11900
60142 -2134 -7125 -11937
60201 -2181 -7157 -12025
60238 -2217 -7147 -11975
60267 -2167 -7196 -12028
60324 -2132 -7126 -11961
60351 -2167 -7210 -12054
60408 -2202 -7221 -12028
60431 -2199 -7256 -12172
60488 -2248 -8054 -12475
60515 -2181 -7729 -12547
60569 -2236 -7822 -12430
60596 -2316 -7933 -12490
60655 -2246 -7940 -12624
60681 -2203 -7783 -12397
60737 -2231 -7884 -12499
60763 -2267 -7975 -12555
60820 -2263 -7899 -12558
60846 -2237 -7837 -12433
60902 -2218 -7930 -12560
60931 -2248 -7905 -12519
60986 -2288 -7952 -12558
61015 -2256 -7900 -12496
61054 -2230 -7904 -12530
61105 -2227 -7913 -12522
61138 -2277 -7950 -12578
61187 -2268 -7901 -12527
61238 -2248 -7929 -12521
61261 -2222 -7923 -12562
61318 -2262 -7912 -12532
61346 -2273 -7952 -12573
61405 -2260 -7945 -12522
61429 -2224 -7906 -12559
61486 -2248 -7897 -12501
61511 -2277 -7985 -12613
61568 -2276 -7950 -12530
61595 -2246 -7948 -12561
61650 -2239 -7882 -12508
61677 -2264 -8000 -12584
61734 -2281 -7941 -12560
61759 -2278 -7983 -12599
61818 -2226 -7858 -12496
61843 -2261 -8000 -12582
61900 -2258 -7932 -12572
61927 -2283 -7967 -12572
61984 -2259 -7929 -12537
62007 -2244 -7965 -12562
62065 -2257 -7942 -12575
62090 -2272 -7952 -12562
62145 -2274 -7949 -12571
62174 -2253 -7965 -12550
62231 -2253 -7925 -12575
62258 -2259 -7952 -12556
62315 -2269 -7958 -12563
62342 -2258 -7980 -12573
62399 -2244 -7928 -12571
62424 -2253 -7928 -12554
62479 -2257 -7985 -12593
62506 -2265 -7966 -12585
62561 -2257 -7936 -12558
62590 -2249 -7958 -12558
62647 -2255 -7978 -12594
62674 -2258 -7958 -12578
62729 -2261 -7955 -12583
62756 -2252 -7952 -12567
62795 -2260 -7975 -12588
62850 -2259 -7960 -12579
62881 -2261 -7960 -12585
62938 -2250 -7944 -12551
62963 -2252 -7992 -12609
63022 -2254 -7929 -12567
63045 -2266 -7979 -12587
63106 -2257 -7942 -12556
63131 -2249 -7983 -12612
63188 -2248 -7922 -12557
63211 -2269 -7987 -12590
63268 -2255 -7942 -12578
63295 -2256 -7968 -12581
63350 -2246 -7940 -12594
63377 -2276 -7981 -12567
63433 -2260 -7950 -12582
63460 -2250 -7970 -12577
63517 -2243 -7914 -12571
63545 -2273 -7988 -12571
63601 -2151 -5673 -9148
63628 -1615 -2645 -6638
63685 -1557 -2635 -6527
63708 -1550 -2571 -6453
63767 -1539 -2536 -6405
63792 -1531 -2521 -6363
63849 -1531 -2496 -6343
63876 -1531 -2485 -6322
63935 -1527 -2471 -6296
63960 -1518 -2461 -6283
64017 -1517 -2449 -6275
64042 -1527 -2444 -6246
64101 -1520 -2437 -6254
64124 -1513 -2435 -6237
64181 -1513 -2431 -6222
64206 -1510 -2427 -6220
64265 -1513 -2420 -6216
64292 -1513 -2418 -6203
64351 -1511 -2418 -6199
64376 -1507 -2407 -6192
64433 -1506 -2400 -6193
64472 -1504 -2410 -6186
64497 -1509 -2402 -6176
64554 -1507 -2395 -6173
64581 -1501 -2388 -6161
64638 -1508 -2385 -6165
64663 -1506 -2390 -6162
64720 -1510 -2390 -6153
64745 -1505 -2387 -6153
64800 -1502 -2377 -6141
64827 -1507 -2380 -6149
64884 -1500 -2379 -6143
64911 -1506 -2382 -6139
64967 -1506 -2376 -6145
64996 -1498 -2372 -6133
65049 -1502 -2381 -6137
65076 -1503 -2376 -6127
65135 -1504 -2373 -6131
65160 -1499 -2368 -6130
65215 -1500 -2375 -6127
65242 -1504 -2370 -6120
65299 -1508 -2367 -6118
65326 -1502 -2370 -6117
65381 -1493 -2366 -6119
65408 -1501 -2369 -6115
65465 -1490 -2365 -6115
65492 -1502 -2368 -6114
65547 -1495 -2363 -6101
65576 -1500 -2363 -6108
65633 -1494 -2368 -6100
65656 -1496 -2362 -6109
65713 -1494 -2356 -6108
65742 -1501 -2364 -6100
65799 -1494 -2359 -6100
65826 -1502 -2349 -6102
65882 -1495 -2358 -6103
65907 -1496 -2353 -6098
65965 -1496 -2354 -6098
65990 -1496 -2354 -6100
66048 -1499 -2352 -6104
66072 -1493 -2355 -6090
66114 -1490 -2359 -6096
66164 -1499 -2356 -6086
66212 -1498 -2350 -6093
66236 -1491 -2350 -6095
66294 -1493 -2353 -6089
66319 -1491 -2356 -6093
66374 -1497 -2352 -6086
66403 -1500 -2349 -6082
66462 -1492 -2349 -6084
66485 -1489 -2352 -6085
66540 -1493 -2351 -6079
66571 -1496 -2353 -6089
66628 -1489 -2348 -6079
66653 -1492 -2353 -6080
66712 -1488 -2348 -6078
66749 -1487 -2346 -6078
66776 -1494 -2341 -6075
66833 -1492 -2350 -6079
66860 -1492 -2343 -6080
66915 -1491 -2343 -6076
66942 -1491 -2349 -6075
67003 -1486 -2341 -6071
67026 -1487 -2341 -6073
67079 -1491 -2355 -6069
67108 -1485 -2341 -6073
67163 -1489 -2338 -6077
67194 -1487 -2345 -6070
67233 -1484 -2345 -6073
67284 -1488 -2343 -6077
67333 -1486 -2342 -6082
67356 -1488 -2343 -6069
67413 -1484 -2338 -6063
67440 -1484 -2342 -6073
67497 -1489 -2339 -6073
67522 -1485 -2350 -6062
67579 -1480 -2342 -6067
67604 -1482 -2347 -6059
67665 -1485 -2346 -6067
67688 -1474 -2344 -6061
67743 -1477 -2343 -6060
67770 -1481 -2346 -6057
67827 -1485 -2339 -6058
67854 -1483 -2341 -6054
67913 -1481 -2334 -6056
67938 -1480 -2338 -6056
67993 -1478 -2338 -6059
68020 -1486 -2343 -6055
68075 -1478 -2337 -6060
68102 -1479 -2343 -6060
68157 -1470 -2339 -6054
68186 -1477 -2341 -6054
68245 -1476 -2333 -6046
68268 -1475 -2342 -6049
68323 -1476 -2341 -6048
68352 -1479 -2346 -6057
68409 -1478 -2341 -6053
68436 -1476 -2334 -6051
68492 -1480 -2369 -6316
68518 -1996 -4942 -10572
68574 -1869 -5765 -10869
68600 -1654 -5779 -11080
68657 -1808 -5871 -10861
68684 -2070 -6316 -11644
68741 -2088 -6029 -11187
68766 -1871 -6034 -11156
68825 -1757 -5998 -11117
68852 -1911 -6154 -11478
68909 -2120 -6261 -11405
68934 -2019 -6336 -11620
68991 -1881 -6466 -11663
69016 -1901 -6844 -12272
69073 -2198 -7569 -12737
69098 -2249 -7572 -12741
69157 -2098 -7555 -12644
69180 -2009 -7667 -12901
69237 -2193 -8363 -13204
69264 -2332 -8472 -13433
69317 -2323 -9147 -13676
69348 -2206 -9040 -13632
69397 -2181 -9093 -13747
69448 -2362 -9273 -13812
69483 -2390 -9311 -13900
69512 -2275 -9205 -13743
69571 -2198 -9188 -13789
69596 -2309 -9360 -13872
69655 -2396 -9415 -13953
69678 -2341 -9337 -13845
69733 -2244 -9337 -13925
69762 -2327 -9932 -14175
69819 -2375 -9809 -14275
69844 -2388 -9846 -14148
69901 -2338 -9829 -14126
69928 -2297 -9881 -14221
69983 -2351 -9889 -14248
70010 -2416 -9894 -14165
70069 -2354 -9936 -14250
70094 -2307 -9857 -14187
70152 -2340 -9857 -14250
70179 -2401 -9964 -14235
70219 -2398 -9940 -14258
70272 -2335 -9925 -14237
70319 -2323 -9854 -14200
70342 -2386 -9984 -14282
70397 -2388 -9964 -14263
70426 -2360 -9939 -14259
70479 -2327 -9896 -14226
70508 -2365 -9942 -14248
70567 -2390 -10015 -14320
70590 -2384 -9949 -14257
70649 -2335 -9911 -14250
70676 -2358 -9969 -14262
70731 -2370 -9986 -14316
70760 -2386 -9981 -14290
70817 -2365 -9945 -14242
70856 -2353 -9989 -14291
70881 -2375 -9993 -14303
70940 -2392 -9981 -14300
70963 -2381 -9969 -14268
71021 -2356 -10002 -14314
71049 -2352 -9972 -14296
71105 -2379 -10013 -14307
71131 -2376 -9982 -14280
71189 -2355 -10032 -14324
71216 -2351 -9962 -14291
71275 -2378 -9998 -14298
71310 -2389 -10031 -14320
71341 -2366 -10014 -14321
71380 -2358 -9976 -14301
71435 -2370 -10001 -14315
71464 -2381 -10026 -14325
71525 -2375 -10049 -14344
71548 -2359 -9971 -14294
71605 -2365 -10012 -14308
71630 -2381 -10049 -14342
71685 -2385 -10044 -14350
71712 -2364 -9982 -14305
71771 -2368 -10032 -14316
71794 -2374 -10071 -14361
71851 -2379 -10017 -14333
71880 -2374 -10026 -14319
71935 -2355 -10033 -14324
71962 -2369 -10045 -14342
72017 -2374 -10032 -14355
72044 -2386 -10028 -14318
72101 -2367 -10054 -14342
72128 -2365 -10041 -14350
72185 -2376 -10018 -14332
72210 -2379 -10051 -14326
72267 -2375 -10083 -14348
72294 -2366 -10031 -14344
72351 -2372 -10022 -14336
72376 -2385 -10067 -14346
72431 -2382 -10077 -14364
72458 -2370 -10026 -14342
72515 -2368 -10036 -14338
72542 -2383 -10081 -14359
72601 -2386 -10067 -14360
72626 -2369 -10033 -14345
72683 -2369 -10042 -14353
72708 -2382 -10061 -14350
72765 -2379 -10096 -14394
72794 -2374 -10022 -14341
72851 -2376 -10068 -14352
72876 -2375 -10086 -14375
72931 -2381 -10060 -14378
72958 -2378 -10038 -14347
72999 -2380 -10096 -14370
73051 -2374 -10061 -14358
73084 -2386 -10068 -14381
73131 -2373 -10064 -14351
73184 -2383 -10095 -14368
73223 -2377 -10051 -14367
73248 -2378 -10070 -14383
73305 -2378 -10050 -14345
73330 -2382 -10110 -14378
73385 -2274 -7514 -11014
73414 -1759 -3046 -6968
73473 -1665 -2843 -6699
73498 -1579 -2696 -6605
73552 -1531 -2607 -6508
73582 -1538 -2563 -6468
73637 -1544 -2556 -6475
73663 -1607 -2617 -6494
73722 -1608 -2571 -6453
73745 -1548 -2514 -6386
73804 -1522 -2520 -6385
73831 -1557 -2544 -6403
73888 -1590 -2531 -6384
73927 -1564 -2476 -6328
73956 -1528 -2458 -6280
74007 -1520 -2448 -6273
74036 -1544 -2478 -6318
74095 -1552 -2461 -6290
74120 -1529 -2438 -6239
74179 -1509 -2428 -6230
74202 -1515 -2428 -6219
74255 -1515 -2418 -6207
74286 -1503 -2417 -6199
74343 -1508 -2422 -6192
74368 -1499 -2417 -6187
74427 -1512 -2414 -6184
74452 -1508 -2414 -6175
74491 -1505 -2416 -6170
74542 -1500 -2417 -6164
74595 -1499 -2408 -6165
74616 -1495 -2411 -6158
74673 -1496 -2406 -6159
74700 -1491 -2412 -6157
74755 -1494 -2396 -6152
74782 -1502 -2407 -6149
74839 -1492 -2394 -6145
74866 -1507 -2391 -6142
74923 -1497 -2393 -6136
74950 -1493 -2393 -6139
75007 -1495 -2388 -6142
75030 -1493 -2397 -6128
75089 -1487 -2392 -6131
75112 -1485 -2395 -6123
75167 -1490 -2391 -6122
75198 -1479 -2385 -6114
75253 -1486 -2389 -6121
75280 -1486 -2384 -6110
75337 -1484 -2387 -6112
75362 -1478 -2379 -6111
75419 -1477 -2384 -6116
75444 -1483 -2384 -6107
75501 -1482 -2387 -6106
75528 -1492 -2376 -6100
75583 -1485 -2382 -6104
75610 -1476 -2386 -6107
75663 -1473 -2373 -6104
75710 -1476 -2378 -6100
75733 -1482 -2380 -6100
75790 -1478 -2379 -6102
75817 -1475 -2377 -6100
75876 -1479 -2385 -6092
75903 -1472 -2374 -6099
75958 -1481 -2376 -6091
75985 -1476 -2371 -6091
76042 -1472 -2374 -6091
76068 -1479 -2359 -6085
76127 -1477 -2373 -6091
76148 -1479 -2375 -6084
76203 -1476 -2372 -6091
76231 -1476 -2365 -6083
76287 -1477 -2365 -6087
76315 -1474 -2361 -6084
76371 -1473 -2373 -6078
76398 -1475 -2367 -6082
76457 -1474 -2364 -6084
76480 -1465 -2360 -6088
76539 -1474 -2365 -6081
76566 -1477 -2367 -6082
76623 -1477 -2361 -6081
76648 -1480 -2363 -6076
76705 -1477 -2358 -6084
76742 -1474 -2359 -6079
76771 -1468 -2357 -6080
76822 -1472 -2361 -6072
76855 -1471 -2352 -6075
76906 -1473 -2360 -6077
76937 -1475 -2364 -6082
76998 -1475 -2356 -6076
77019 -1478 -2355 -6070
77078 -1474 -2357 -6087
77105 -1467 -2360 -6075
77162 -1485 -2360 -6071
77199 -1471 -2355 -6064
77226 -1468 -2353 -6071
77283 -1471 -2355 -6070
77308 -1474 -2356 -6070
77363 -1477 -2360 -6068
77392 -1479 -2355 -6068
77449 -1481 -2349 -6068
77476 -1475 -2361 -6067
77531 -1477 -2348 -6060
77558 -1475 -2353 -6066
77615 -1477 -2356 -6060
77640 -1477 -2350 -6062
77695 -1468 -2355 -6068
77724 -1480 -2354 -6070
77779 -1466 -2352 -6064
77806 -1477 -2352 -6063
77863 -1473 -2349 -6060
77890 -1479 -2355 -6063
77945 -1473 -2350 -6056
77972 -1475 -2350 -6063
78029 -1478 -2347 -6060
78056 -1474 -2353 -6058
78115 -1472 -2346 -6060
78138 -1465 -2353 -6063
78193 -1471 -2349 -6062
78222 -1482 -2350 -6056
78279 -1479 -2354 -6215
78304 -2005 -5665 -11776
78361 -2233 -9873 -14341
78386 -1750 -11373 -15312
78443 -1778 -12068 -15512
78470 -2343 -12470 -16142
78525 -2744 -12724 -15918
78552 -2261 -12360 -15854
78607 -1858 -12117 -15702
78634 -2056 -12276 -15990
78684 -2602 -12965 -16208
78736 -2542 -12743 -16125
78760 -2121 -12449 -15830
78816 -1949 -12299 -15951
78844 -2351 -12846 -16201
78903 -2568 -12876 -16282
78928 -2356 -12689 -16038
78989 -2039 -12452 -16028
79026 -2191 -12682 -16108
79053 -2477 -12914 -16305
79096 -2472 -12929 -16202
79143 -2185 -12539 -16049
79194 -2134 -12714 -16151
79231 -2363 -12777 -16236
79260 -2491 -13039 -16367
79317 -2319 -12677 -16097
79342 -2154 -12702 -16145
79401 -2255 -12801 -16227
79426 -2441 -12950 -16312
79481 -2399 -12881 -16259
79510 -2224 -12694 -16132
79567 -2209 -12775 -16250
79592 -2365 -12889 -16292
79651 -2427 -12945 -16302
79688 -2298 -12866 -16213
79715 -2211 -12738 -16200
79772 -2310 -12901 -16300
79799 -2423 -12997 -16343
79856 -2383 -12903 -16279
79881 -2252 -12776 -16265
79938 -2265 -12876 -16258
79963 -2367 -12915 -16304
80018 -2387 -13056 -16366
80049 -2282 -12772 -16212
80106 -2271 -12921 -16311
80133 -2327 -12884 -16299
80191 -2405 -13010 -16390
80212 -2343 -12926 -16305
80269 -2279 -12828 -16249
80298 -2296 -12952 -16330
80347 -2384 -13008 -16343
80398 -2379 -12974 -16370
80423 -2309 -12911 -16258
80480 -2280 -12903 -16340
80503 -2352 -13005 -16364
80558 -2390 -12945 -16346
80587 -2347 -12990 -16320
80630 -2293 -12936 -16330
80681 -2321 -12944 -16339
80730 -2364 -12992 -16369
80755 -2355 -12985 -16360
80808 -2310 -12953 -16336
80837 -2318 -12978 -16362
80893 -2347 -12979 -16344
80920 -2373 -12988 -16359
80979 -2331 -13042 -16373
81016 -2321 -12907 -16354
81043 -2373 -13073 -16381
81102 -2365 -12955 -16353
81127 -2345 -13077 -16391
81182 -2299 -12886 -16321
81211 -2370 -13061 -16399
81261 -2375 -13039 -16394
81296 -2363 -13007 -16359
81344 -2302 -12982 -16393
81396 -2324 -12946 -16329
81419 -2386 -13116 -16449
81478 -2377 -13016 -16361
81501 -2325 -12957 -16358
81556 -2304 -13026 -16362
81585 -2368 -13048 -16420
81644 -2391 -13049 -16410
81667 -2345 -12991 -16343
81726 -2315 -13034 -16395
81751 -2348 -13039 -16401
81806 -2387 -13046 -16404
81835 -2366 -13056 -16397
81892 -2328 -13003 -16359
81917 -2308 -13031 -16420
81976 -2370 -13025 -16401
82001 -2365 -13075 -16421
82058 -2355 -13075 -16402
82083 -2319 -12989 -16382
82126 -2353 -13044 -16411
82175 -2383 -13076 -16404
82226 -2361 -13096 -16436
82249 -2338 -13013 -16396
82310 -2331 -13035 -16393
82333 -2357 -13088 -16428
82392 -2367 -13078 -16407
82415 -2350 -13057 -16433
82472 -2350 -13037 -16378
82499 -2359 -13093 -16435
82554 -2363 -13072 -16433
82581 -2348 -13043 -16410
82640 -2344 -13038 -16393
82663 -2346 -13125 -16456
82722 -2372 -13034 -16415
82745 -2364 -13084 -16420
82800 -2326 -13069 -16413
82831 -2357 -13052 -16418
82888 -2365 -13124 -16474
82913 -2357 -13051 -16399
82970 -2356 -13122 -16426
82997 -2337 -13067 -16435
83054 -2362 -13066 -16431
83079 -2367 -13103 -16428
83134 -2363 -13089 -16412
83163 -2289 -9983 -12973
83218 -1921 -3887 -7641
83247 -1608 -2772 -6761
83304 -1558 -2705 -6621
83331 -1550 -2641 -6542
83388 -1541 -2596 -6481
83409 -1528 -2577 -6440
83468 -1528 -2544 -6413
83495 -1534 -2534 -6379
83552 -1523 -2520 -6354
83577 -1523 -2509 -6333
83636 -1516 -2505 -6317
83661 -1507 -2490 -6303
83718 -1519 -2485 -6289
83743 -1508 -2483 -6279
83802 -1509 -2476 -6261
83827 -1513 -2466 -6252
83886 -1502 -2461 -6249
83909 -1499 -2458 -6239
83969 -1493 -2458 -6226
83994 -1485 -2453 -6221
84032 -1486 -2455 -6206
84084 -1485 -2447 -6199
84134 -1494 -2442 -6202
84157 -1484 -2438 -6193
84214 -1487 -2441 -6193
84241 -1490 -2433 -6190
84280 -1490 -2430 -6184
84333 -1482 -2430 -6178
84382 -1486 -2426 -6180
84407 -1482 -2427 -6168
84466 -1482 -2415 -6167
84487 -1482 -2416 -6158
84544 -1484 -2417 -6157
84573 -1493 -2411 -6153
84626 -1479 -2411 -6157
84655 -1477 -2408 -6149
84714 -1484 -2403 -6145
84737 -1478 -2413 -6147
84792 -1480 -2410 -6139
84823 -1485 -2416 -6138
84864 -1481 -2403 -6140
84915 -1482 -2402 -6135
84962 -1486 -2401 -6134
84987 -1479 -2402 -6133
85044 -1480 -2397 -6138
85069 -1480 -2399 -6137
85124 -1473 -2394 -6131
85153 -1479 -2398 -6124
85208 -1472 -2395 -6126
85235 -1477 -2392 -6126
85292 -1477 -2386 -6120
85317 -1486 -2386 -6121
85374 -1472 -2393 -6121
85399 -1480 -2383 -6107
85456 -1476 -2386 -6112
85483 -1477 -2389 -6115
85540 -1481 -2381 -6109
85565 -1469 -2386 -6108
85622 -1474 -2384 -6109
85649 -1472 -2386 -6107
85704 -1476 -2375 -6108
85731 -1479 -2378 -6107
85786 -1474 -2384 -6103
85815 -1480 -2380 -6107
85868 -1476 -2381 -6098
85897 -1478 -2374 -6096
85954 -1483 -2379 -6102
85981 -1474 -2378 -6101
86040 -1479 -2375 -6097
86063 -1479 -2371 -6097
86120 -1475 -2368 -6100
86147 -1472 -2371 -6095
86204 -1482 -2369 -6095
86229 -1479 -2376 -6096
86286 -1478 -2370 -6090
86312 -1475 -2372 -6088
86371 -1474 -2364 -6087
86411 -1473 -2367 -6090
86438 -1480 -2369 -6086
86498 -1476 -2364 -6088
86520 -1473 -2363 -6084
86577 -1474 -2365 -6089
86604 -1475 -2364 -6081
86661 -1471 -2361 -6085
86690 -1471 -2363 -6085
86727 -1471 -2361 -6080
86780 -1470 -2371 -6089
86817 -1474 -2370 -6081
86860 -1474 -2365 -6076
86911 -1476 -2359 -6075
86934 -1471 -2365 -6082
86991 -1474 -2360 -6080
87018 -1469 -2359 -6079
87073 -1476 -2363 -6072
87100 -1476 -2361 -6081
87157 -1480 -2360 -6076
87182 -1472 -2367 -6070
87239 -1469 -2351 -6071
87264 -1474 -2358 -6071
87319 -1480 -2364 -6081
87348 -1473 -2364 -6071
87403 -1475 -2360 -6073
87432 -1482 -2361 -6078
87487 -1478 -2355 -6071
87514 -1479 -2359 -6072
87571 -1474 -2356 -6074
87596 -1471 -2356 -6071
87653 -1467 -2354 -6077
87680 -1476 -2356 -6063
87740 -1475 -2355 -6070
87763 -1471 -2365 -6070
87823 -1471 -2357 -6069
87846 -1467 -2355 -6071
87905 -1469 -2351 -6075
87928 -1469 -2349 -6064
87985 -1472 -2358 -6066
88012 -1472 -2356 -6063
88069 -1474 -2373 -6247
88096 -1977 -5290 -11528
88135 -2389 -10605 -15175
88188 -1834 -13768 -16735
88219 -1560 -14769 -17265
88268 -2236 -15023 -17768
88301 -2850 -15522 -17694
88354 -2417 -15293 -17644
88385 -1818 -14820 -17500
88442 -1895 -14903 -17704
88469 -2606 -15741 -17929
88526 -2690 -15673 -17969
88551 -2193 -15131 -17556
88592 -1881 -14929 -17630
88645 -2286 -15525 -17909
88694 -2673 -15741 -18096
88717 -2469 -15524 -17876
88774 -2043 -15078 -17723
88799 -2096 -15351 -17846
88852 -2490 -15763 -18062
88903 -2562 -15726 -18036
88942 -2241 -15351 -17803
88969 -2074 -15352 -17843
89026 -2302 -15594 -18060
89064 -2554 -15787 -18141
89091 -2405 -15607 -17948
89150 -2159 -15438 -17886
89177 -2193 -15557 -17980
89234 -2463 -15791 -18130
89259 -2483 -15734 -18049
89314 -2271 -15591 -17969
89341 -2177 -15541 -18003
89400 -2352 -15708 -18113
89425 -2477 -15765 -18065
89482 -2380 -15802 -18064
89511 -2205 -15495 -17976
89546 -2268 -15650 -18051
89599 -2431 -15753 -18093
89630 -2442 -15804 -18111
89689 -2275 -15518 -17991
89716 -2256 -15555 -17980
89757 -2386 -15717 -18068
89806 -2438 -15766 -18089
89855 -2349 -15647 -18050
89878 -2272 -15532 -17959
89935 -2329 -15714 -18088
89962 -2417 -15775 -18140
90019 -2394 -15681 -18064
90046 -2288 -15617 -18007
90101 -2308 -15743 -18067
90128 -2379 -15744 -18146
90187 -2408 -15761 -18090
90212 -2322 -15644 -18048
90269 -2303 -15748 -18095
90296 -2338 -15743 -18146
90351 -2416 -15779 -18086
90378 -2354 -15764 -18083
90436 -2312 -15786 -18113
90461 -2326 -15750 -18135
90518 -2397 -15808 -18125
90545 -2384 -15862 -18146
90600 -2338 -15769 -18138
90627 -2321 -15769 -18123
90686 -2373 -15817 -18134
90711 -2383 -15898 -18169
90770 -2354 -15833 -18141
90793 -2319 -15780 -18138
90850 -2351 -15823 -18125
90875 -2382 -15923 -18214
90930 -2377 -15853 -18165
90959 -2334 -15794 -18129
91014 -2348 -15848 -18159
91043 -2383 -15986 -18232
91098 -2386 -15802 -18163
91125 -2367 -15928 -18166
91180 -2343 -15878 -18208
91213 -2397 -15962 -18193
91267 -2365 -15877 -18214
91290 -2375 -15912 -18163
91345 -2354 -15927 -18210
91374 -2365 -15935 -18221
91425 -2376 -15916 -18215
91474 -2372 -15898 -18184
91499 -2341 -15976 -18241
91556 -2361 -15889 -18203
91585 -2369 -15942 -18221
91640 -2374 -15961 -18200
91666 -2354 -15987 -18268
91726 -2371 -15906 -18203
91762 -2380 -15990 -18255
91791 -2370 -15991 -18229
91847 -2377 -15987 -18245
91874 -2361 -15973 -18244
91933 -2369 -15982 -18224
91956 -2374 -16016 -18253
92011 -2373 -16039 -18260
92040 -2361 -15913 -18225
92101 -2371 -16053 -18255
92122 -2379 -16041 -18279
92181 -2368 -15995 -18257
92206 -2361 -16000 -18270
92263 -2374 -16020 -18233
92290 -2380 -16097 -18314
92347 -2373 -16002 -18265
92372 -2388 -16058 -18278
92413 -2361 -16053 -18266
92462 -2387 -16058 -18288
92513 -2395 -16091 -18305
92538 -2376 -16017 -18252
92595 -2367 -16105 -18303
92620 -2373 -16079 -18298
92679 -2381 -16030 -18282
92704 -2384 -16124 -18303
92761 -2367 -16069 -18270
92786 -2374 -16094 -18309
92841 -2369 -16096 -18293
92870 -2392 -16097 -18293
92925 -2379 -16157 -18350
92952 -2343 -12427 -14951
93013 -2199 -6165 -10120
93038 -1966 -3499 -7124
93093 -1632 -2848 -6824
93120 -1587 -2863 -6758
93179 -1523 -2676 -6592
93202 -1538 -2694 -6655
93261 -1625 -2748 -6632
93284 -1653 -2731 -6698
93341 -1609 -2695 -6559
93368 -1531 -2613 -6479
93425 -1553 -2632 -6524
93450 -1589 -2586 -6400
93507 -1551 -2523 -6338
93534 -1500 -2520 -6318
93589 -1501 -2499 -6296
93618 -1503 -2510 -6306
93674 -1530 -2527 -6320
93699 -1507 -2483 -6263
93758 -1499 -2476 -6250
93795 -1494 -2471 -6248
93822 -1492 -2468 -6236
93877 -1489 -2462 -6234
93906 -1490 -2463 -6223
93963 -1488 -2457 -6211
93990 -1488 -2460 -6205
94049 -1481 -2457 -6203
94072 -1492 -2444 -6200
94127 -1484 -2450 -6190
94154 -1484 -2438 -6184
94213 -1481 -2450 -6185
94238 -1484 -2441 -6180
94295 -1480 -2438 -6177
94321 -1485 -2428 -6168
94377 -1483 -2431 -6166
94404 -1479 -2424 -6164
94460 -1486 -2423 -6162
94489 -1481 -2421 -6157
94546 -1480 -2424 -6153
94569 -1474 -2423 -6159
94628 -1477 -2424 -6149
94651 -1476 -2415 -6149
94710 -1484 -2419 -6149
94735 -1477 -2416 -6144
94794 -1479 -2415 -6137
94817 -1479 -2409 -6137
94876 -1481 -2415 -6134
94901 -1485 -2417 -6134
94956 -1483 -2406 -6130
94983 -1469 -2410 -6127
95040 -1477 -2400 -6135
95065 -1472 -2402 -6128
95122 -1483 -2403 -6136
95149 -1471 -2404 -6123
95206 -1480 -2394 -6119
95233 -1476 -2402 -6119
95274 -1479 -2398 -6122
95323 -1470 -2402 -6114
95372 -1476 -2397 -6117
95399 -1478 -2396 -6114
95454 -1470 -2393 -6117
95481 -1482 -2395 -6115
95534 -1479 -2394 -6117
95565 -1478 -2384 -6112
95620 -1475 -2388 -6109
95647 -1477 -2390 -6110
95702 -1468 -2386 -6109
95731 -1472 -2383 -6110
95786 -1472 -2387 -6109
95813 -1471 -2381 -6107
95866 -1477 -2387 -6102
95895 -1474 -2381 -6101
95950 -1473 -2385 -6100
95979 -1470 -2378 -6106
96034 -1472 -2376 -6099
96061 -1474 -2373 -6096
96122 -1473 -2376 -6096
96145 -1476 -2377 -6104
96200 -1475 -2371 -6099
96227 -1472 -2376 -6098
96284 -1466 -2368 -6092
96311 -1474 -2375 -6098
96366 -1472 -2373 -6101
96391 -1472 -2379 -6094
96450 -1477 -2371 -6092
96475 -1473 -2367 -6102
96536 -1470 -2374 -6088
96558 -1478 -2366 -6089
96615 -1471 -2367 -6090
96640 -1474 -2370 -6089
96697 -1478 -2372 -6085
96724 -1477 -2365 -6093
96779 -1479 -2376 -6092
96808 -1471 -2371 -6080
96861 -1476 -2370 -6089
96890 -1468 -2374 -6082
96945 -1478 -2366 -6085
96972 -1479 -2370 -6079
97027 -1476 -2369 -6083
97058 -1474 -2371 -6080
97113 -1477 -2370 -6081
97140 -1476 -2368 -6080
97197 -1473 -2369 -6082
97222 -1470 -2361 -6077
97277 -1470 -2359 -6078
97306 -1474 -2359 -6077
97365 -1473 -2358 -6074
97388 -1468 -2372 -6078
97447 -1479 -2363 -6073
97472 -1468 -2364 -6078
97527 -1473 -2355 -6083
97556 -1479 -2362 -6072
97611 -1475 -2356 -6074
97638 -1475 -2362 -6072
97693 -1475 -2361 -6064
97718 -1468 -2368 -6068
97775 -1475 -2363 -6068
97804 -1476 -2361 -6071
97861 -1472 -2370 -6251
97902 -1938 -5138 -11242
97925 -2413 -10979 -15310
97980 -1586 -13880 -17398
98009 -1138 -14855 -17745
98066 -1879 -15572 -18455
98091 -2500 -15976 -18569
98150 -2150 -15709 -18318
98177 -1448 -15194 -18202
98218 -1535 -15373 -18436
98267 -2214 -16051 -18782
98318 -2374 -16113 -18677
98341 -1842 -15676 -18384
98396 -1487 -15395 -18384
98423 -1882 -15928 -18673
98478 -2333 -16368 -18913
98507 -2129 -16106 -18747
98564 -1672 -15794 -18601
98589 -1723 -16061 -18734
98644 -2124 -16577 -19005
98675 -2249 -16667 -18994
98730 -1903 -16657 -18979
98757 -1722 -17362 -19232
98812 -1958 -17845 -19487
98841 -2218 -18239 -19698
98898 -2109 -18180 -19672
98923 -1839 -19137 -19846
98982 -1860 -19495 -20042
99007 -2098 -19709 -20107
99066 -2234 -19771 -20111
99087 -2003 -19545 -20054
99144 -1896 -19506 -20041
99171 -2026 -19688 -20177
99226 -2199 -19883 -20195
99255 -2127 -19838 -20143
99310 -1946 -19675 -20087
99338 -1957 -19741 -20146
99393 -2146 -19948 -20231
99419 -2176 -19959 -20244
99476 -2025 -19827 -20180
99503 -1960 -19778 -20172
99560 -2074 -19981 -20237
99587 -2165 -20075 -20276
99645 -2090 -20017 -20261
99670 -1996 -19888 -20225
99727 -2041 -20009 -20279
99754 -2142 -20387 -20693
99811 -2180 -22264 -20938
99838 -2036 -22174 -20911
99879 -1987 -22428 -20950
99930 -2165 -22615 -21035
99961 -2238 -22684 -21057
1.0002e+05 -2124 -22516 -20988
1.0005e+05 -2011 -22469 -21036
1.001e+05 -2098 -22600 -21059
1.0013e+05 -2211 -22780 -21135
1.0018e+05 -2177 -22628 -21062
1.0021e+05 -2065 -22619 -21050
1.0027e+05 -2066 -22645 -21096
1.0029e+05 -2172 -22747 -21159
1.0035e+05 -2194 -22729 -21108
1.0038e+05 -2114 -22782 -21137
1.0044e+05 -2072 -22716 -21170
1.0046e+05 -2118 -23027 -21205
1.0052e+05 -2154 -23210 -21297
1.0056e+05 -2126 -23173 -21284
1.0058e+05 -2058 -23097 -21292
1.0064e+05 -2093 -23116 -21305
1.0067e+05 -2156 -23259 -21320
1.0073e+05 -2133 -23215 -21327
1.0075e+05 -2074 -23110 -21291
1.008e+05 -2077 -23082 -21278
1.0083e+05 -2135 -23176 -21277
1.0089e+05 -2156 -23193 -21337
1.0092e+05 -2111 -22982 -21265
1.0098e+05 -2096 -23016 -21243
1.01e+05 -2125 -23176 -21315
1.0106e+05 -2159 -23103 -21312
1.0108e+05 -2136 -23035 -21255
1.0114e+05 -2103 -23065 -21250
1.0117e+05 -2112 -23114 -21281
1.0122e+05 -2152 -23104 -21298
1.0125e+05 -2149 -23064 -21274
1.0131e+05 -2117 -23084 -21246
1.0134e+05 -2114 -23096 -21283
1.0137e+05 -2142 -23084 -21309
1.0143e+05 -2155 -22998 -21250
1.0146e+05 -2128 -23108 -21273
1.0151e+05 -2123 -23040 -21306
1.0154e+05 -2120 -23026 -21296
1.0159e+05 -2151 -23046 -21269
1.0162e+05 -2155 -23128 -21294
1.0168e+05 -2117 -23040 -21299
1.0171e+05 -2125 -22997 -21271
1.0176e+05 -2145 -23038 -21274
1.0179e+05 -2151 -22827 -21109
1.0184e+05 -2116 -22062 -21062
1.0187e+05 -2136 -22129 -21033
1.0193e+05 -2144 -22070 -21015
1.0195e+05 -2121 -22190 -21045
1.0201e+05 -2101 -22090 -21046
1.0204e+05 -2119 -22090 -21008
1.0209e+05 -2140 -22139 -21014
1.0212e+05 -2128 -22106 -21050
1.0218e+05 -2107 -22031 -21021
1.022e+05 -2110 -22029 -21008
1.0226e+05 -2139 -22059 -20992
1.0229e+05 -2132 -22097 -21033
1.0235e+05 -2113 -21945 -20982
1.0237e+05 -2113 -21994 -20965
1.0243e+05 -2130 -21915 -20932
1.0245e+05 -2114 -21035 -20786
1.0251e+05 -2135 -21021 -20636
1.0254e+05 -2135 -21053 -20683
1.0259e+05 -2106 -20900 -20550
1.0262e+05 -2133 -20669 -20511
1.0268e+05 -2141 -20566 -20520
1.027e+05 -2159 -20644 -20460
1.0276e+05 -2140 -15437 -16747
1.0279e+05 -2183 -6587 -10311
1.0284e+05 -1780 -2960 -6943
1.0287e+05 -1568 -2815 -6773
1.0293e+05 -1543 -2737 -6640
1.0295e+05 -1528 -2676 -6558
1.0301e+05 -1511 -2656 -6500
1.0303e+05 -1511 -2631 -6458
1.0309e+05 -1505 -2606 -6421
1.0312e+05 -1500 -2592 -6397
1.0318e+05 -1503 -2568 -6367
1.032e+05 -1494 -2563 -6342
1.0325e+05 -1499 -2541 -6334
1.0328e+05 -1496 -2536 -6325
1.0334e+05 -1495 -2526 -6299
1.0336e+05 -1498 -2523 -6291
1.0342e+05 -1492 -2505 -6277
1.0345e+05 -1490 -2505 -6277
1.0351e+05 -1488 -2503 -6268
1.0353e+05 -1495 -2494 -6247
1.0359e+05 -1491 -2482 -6244
1.0361e+05 -1486 -2480 -6237
1.0367e+05 -1493 -2478 -6237
1.037e+05 -1486 -2467 -6227
1.0375e+05 -1488 -2460 -6217
1.0378e+05 -1475 -2464 -6214
1.0384e+05 -1480 -2458 -6209
1.0386e+05 -1487 -2454 -6207
1.0392e+05 -1489 -2452 -6199
1.0395e+05 -1483 -2449 -6199
1.0401e+05 -1483 -2449 -6183
1.0403e+05 -1490 -2446 -6190
1.0409e+05 -1476 -2444 -6187
1.0412e+05 -1480 -2438 -6180
1.0415e+05 -1479 -2437 -6177
1.042e+05 -1485 -2437 -6176
1.0425e+05 -1477 -2425 -6170
1.0429e+05 -1480 -2425 -6167
1.0432e+05 -1479 -2434 -6161
1.0437e+05 -1475 -2423 -6166
1.044e+05 -1477 -2428 -6164
1.0446e+05 -1482 -2423 -6152
1.0448e+05 -1480 -2417 -6156
1.0454e+05 -1486 -2418 -6150
1.0457e+05 -1481 -2423 -6147
1.0462e+05 -1479 -2420 -6149
1.0465e+05 -1473 -2418 -6143
1.0471e+05 -1483 -2412 -6139
1.0473e+05 -1475 -2411 -6136
1.0479e+05 -1480 -2411 -6141
1.0481e+05 -1478 -2403 -6138
1.0488e+05 -1478 -2407 -6129
1.0491e+05 -1467 -2410 -6131
1.0494e+05 -1485 -2413 -6131
1.05e+05 -1472 -2402 -6132
1.0502e+05 -1476 -2402 -6122
1.0508e+05 -1474 -2398 -6129
1.0511e+05 -1475 -2394 -6122
1.0516e+05 -1472 -2405 -6120
1.0521e+05 -1473 -2398 -6119
1.0523e+05 -1480 -2399 -6119
1.0527e+05 -1476 -2401 -6116
1.0532e+05 -1472 -2391 -6122
1.0537e+05 -1477 -2393 -6114
1.054e+05 -1481 -2398 -6119
1.0545e+05 -1471 -2388 -6110
1.0548e+05 -1483 -2390 -6114
1.0554e+05 -1484 -2392 -6112
1.0556e+05 -1478 -2385 -6109
1.0562e+05 -1474 -2379 -6108
1.0564e+05 -1486 -2392 -6107
1.057e+05 -1478 -2386 -6104
1.0573e+05 -1477 -2381 -6103
1.0578e+05 -1475 -2383 -6104
1.0581e+05 -1476 -2377 -6103
1.0587e+05 -1473 -2379 -6102
1.0589e+05 -1474 -2380 -6101
1.0595e+05 -1477 -2381 -6103
1.0597e+05 -1473 -2382 -6104
1.0603e+05 -1475 -2384 -6104
1.0606e+05 -1474 -2379 -6104
1.0611e+05 -1475 -2381 -6098
1.0614e+05 -1475 -2385 -6095
1.062e+05 -1475 -2383 -6103
1.0622e+05 -1479 -2375 -6094
1.0628e+05 -1473 -2378 -6101
1.0631e+05 -1474 -2382 -6093
1.0636e+05 -1476 -2380 -6098
1.0639e+05 -1482 -2375 -6095
1.0645e+05 -1474 -2371 -6098
1.0647e+05 -1471 -2375 -6090
1.0653e+05 -1476 -2380 -6093
1.0656e+05 -1469 -2378 -6092
1.0661e+05 -1467 -2379 -6088
1.0664e+05 -1469 -2373 -6093
1.0669e+05 -1472 -2370 -6096
1.0672e+05 -1475 -2373 -6082
1.0678e+05 -1472 -2366 -6087
1.0681e+05 -1478 -2374 -6088
1.0686e+05 -1469 -2370 -6087
1.0689e+05 -1474 -2373 -6080
1.0694e+05 -1474 -2368 -6082
1.0697e+05 -1480 -2371 -6087
1.0703e+05 -1476 -2375 -6074
1.0705e+05 -1476 -2371 -6087
1.0711e+05 -1476 -2369 -6081
1.0714e+05 -1473 -2369 -6078
1.0719e+05 -1475 -2364 -6079
1.0722e+05 -1469 -2366 -6078
1.0727e+05 -1473 -2366 -6075
1.073e+05 -1474 -2359 -6084
1.0736e+05 -1469 -2363 -6079
1.0738e+05 -1466 -2361 -6079
1.0744e+05 -1478 -2363 -6080
1.0747e+05 -1473 -2358 -6081
1.0753e+05 -1475 -2361 -6082
1.0755e+05 -1475 -2355 -6080
1.0761e+05 -1474 -2360 -6075
1.0764e+05 -1472 -2386 -6260
1.0769e+05 -1914 -4845 -10939
1.0772e+05 -2461 -10956 -15741
1.0777e+05 -1664 -17643 -19481
1.078e+05 -732 -19165 -20272
1.0786e+05 -1415 -20332 -21010
1.0788e+05 -2343 -20885 -21195
1.0794e+05 -2182 -21174 -21232
1.0798e+05 -1306 -19965 -20855
1.0801e+05 -1183 -20281 -21102
1.0806e+05 -1956 -21095 -21499
1.0809e+05 -2348 -21462 -21544
1.0815e+05 -1791 -20934 -21206
1.0817e+05 -1242 -20435 -21093
1.0823e+05 -1583 -20908 -21392
1.0826e+05 -2197 -21502 -21607
1.0832e+05 -2113 -21029 -21397
1.0834e+05 -1530 -20625 -21239
1.084e+05 -1474 -20535 -21213
1.0842e+05 -1936 -21408 -21606
1.0848e+05 -2152 -21427 -21529
1.085e+05 -1824 -21258 -21442
1.0856e+05 -1484 -21083 -21377
1.0859e+05 -1700 -22208 -21981
1.0865e+05 -2108 -23588 -22193
1.0867e+05 -1960 -23276 -22144
1.0873e+05 -1621 -23995 -22337
1.0875e+05 -1644 -24583 -22414
1.0881e+05 -1947 -25363 -22768
1.0884e+05 -2067 -25504 -22801
1.0889e+05 -1817 -25110 -22570
1.0892e+05 -1666 -25301 -22698
1.0898e+05 -1816 -25484 -22792
1.09e+05 -2046 -25664 -22823
1.0906e+05 -1927 -25579 -22734
1.0909e+05 -1721 -25345 -22670
1.0914e+05 -1746 -25601 -22818
1.0917e+05 -1953 -25653 -22857
1.0922e+05 -1994 -25803 -22856
1.0925e+05 -1823 -25660 -22800
1.0931e+05 -1721 -25589 -22830
1.0934e+05 -1883 -25722 -22824
1.094e+05 -2001 -25977 -22920
1.0943e+05 -1889 -25878 -22875
1.0946e+05 -1789 -25653 -22832
1.0952e+05 -1814 -25768 -22884
1.0954e+05 -1959 -26025 -22990
1.096e+05 -1945 -25929 -22936
1.0963e+05 -1830 -25812 -22882
1.0969e+05 -1788 -25803 -22878
1.0971e+05 -1893 -26003 -22928
1.0977e+05 -1951 -26073 -23005
1.098e+05 -1861 -25903 -22909
1.0983e+05 -1812 -25866 -22913
1.0989e+05 -1849 -26100 -23005
1.0992e+05 -1941 -26055 -22992
1.0997e+05 -1924 -26034 -22973
1.1e+05 -1821 -26047 -22971
1.1006e+05 -1844 -26022 -22983
1.1008e+05 -1906 -26166 -23044
1.1014e+05 -1922 -26057 -22976
1.1017e+05 -1850 -26158 -23029
1.1022e+05 -1821 -26127 -22991
1.1025e+05 -1879 -26152 -23072
1.1031e+05 -1907 -26214 -23020
1.1033e+05 -1905 -28929 -23649
1.1039e+05 -1854 -30339 -23785
1.1041e+05 -1680 -30437 -23786
1.1047e+05 -1840 -31001 -23976
1.105e+05 -1940 -31023 -24033
1.1056e+05 -1925 -30944 -23918
1.106e+05 -1771 -30919 -23940
1.1063e+05 -1815 -31028 -23961
1.1068e+05 -1924 -31159 -24060
1.1071e+05 -1962 -31150 -24048
1.1076e+05 -1858 -30966 -24001
1.1079e+05 -1790 -31138 -24023
1.1084e+05 -1902 -31143 -24056
1.1087e+05 -1947 -31229 -24069
1.1093e+05 -1879 -31094 -23992
1.1096e+05 -1809 -31149 -24012
1.1101e+05 -1860 -31190 -24080
1.1104e+05 -1929 -31230 -24095
1.111e+05 -1917 -31300 -24083
1.1112e+05 -1858 -31178 -24057
1.1118e+05 -1852 -31239 -24097
1.1121e+05 -1919 -31240 -24082
1.1127e+05 -1936 -31307 -24075
1.1129e+05 -1888 -31313 -24096
1.1134e+05 -1867 -31200 -24099
1.1137e+05 -1898 -31212 -24103
1.1143e+05 -1931 -31255 -24097
1.1145e+05 -1910 -31247 -24128
1.1151e+05 -1868 -31077 -24070
1.1154e+05 -1889 -31068 -24053
1.1159e+05 -1916 -30961 -23985
1.1162e+05 -1909 -30724 -24041
1.1167e+05 -1874 -30591 -24035
1.117e+05 -1873 -30496 -23945
1.1175e+05 -1873 -29633 -23941
1.1179e+05 -1933 -29448 -23708
1.1184e+05 -1906 -28664 -23671
1.1189e+05 -1883 -28156 -23565
1.1191e+05 -1894 -28098 -23459
1.1196e+05 -1909 -28230 -23557
1.1199e+05 -1885 -28067 -23594
1.1204e+05 -1882 -28049 -23527
1.1209e+05 -1876 -27898 -23441
1.1213e+05 -1862 -27452 -23427
1.1216e+05 -1881 -26966 -23268
1.1222e+05 -1896 -26968 -23259
1.1224e+05 -1866 -26953 -23304
1.123e+05 -1856 -26862 -23278
1.1233e+05 -1871 -26791 -23227
1.1238e+05 -1889 -26917 -23271
1.1241e+05 -1877 -26921 -23292
1.1247e+05 -1867 -26798 -23248
1.1249e+05 -1861 -26808 -23199
1.1255e+05 -1935 -21508 -19518
1.1257e+05 -2260 -9530 -12667
1.1263e+05 -2002 -3634 -7461
1.1266e+05 -1659 -2869 -6837
1.1271e+05 -1549 -2781 -6708
1.1274e+05 -1540 -2723 -6607
1.128e+05 -1516 -2683 -6538
1.1282e+05 -1512 -2651 -6493
1.1288e+05 -1520 -2631 -6464
1.1291e+05 -1507 -2605 -6416
1.1296e+05 -1500 -2587 -6396
1.1299e+05 -1506 -2565 -6370
1.1304e+05 -1507 -2591 -6415
1.1307e+05 -1525 -2560 -6352
1.1313e+05 -1504 -2536 -6330
1.1317e+05 -1488 -2536 -6315
1.132e+05 -1499 -2525 -6295
1.1326e+05 -1503 -2536 -6337
1.1328e+05 -1513 -2517 -6297
1.1334e+05 -1492 -2507 -6269
1.1336e+05 -1488 -2489 -6261
1.1342e+05 -1485 -2497 -6264
1.1345e+05 -1495 -2515 -6277
1.135e+05 -1495 -2491 -6244
1.1353e+05 -1484 -2470 -6235
1.1359e+05 -1482 -2470 -6232
1.1361e+05 -1480 -2464 -6224
1.1367e+05 -1488 -2456 -6219
1.1371e+05 -1485 -2466 -6210
1.1374e+05 -1485 -2456 -6194
1.1379e+05 -1478 -2455 -6192
1.1382e+05 -1486 -2453 -6189
1.1387e+05 -1482 -2455 -6187
1.139e+05 -1487 -2442 -6179
1.1396e+05 -1480 -2451 -6174
1.1399e+05 -1480 -2445 -6184
1.1404e+05 -1478 -2441 -6170
1.1408e+05 -1476 -2435 -6167
1.1411e+05 -1480 -2435 -6169
1.1417e+05 -1474 -2434 -6164
1.1419e+05 -1482 -2429 -6161
1.1425e+05 -1481 -2428 -6164
1.1427e+05 -1481 -2429 -6154
1.1433e+05 -1477 -2429 -6151
1.1436e+05 -1475 -2421 -6149
1.1441e+05 -1479 -2421 -6150
1.1444e+05 -1485 -2417 -6148
1.1449e+05 -1482 -2418 -6150
1.1452e+05 -1475 -2417 -6149
1.1458e+05 -1478 -2421 -6140
1.1461e+05 -1481 -2417 -6143
1.1466e+05 -1481 -2414 -6137
1.1469e+05 -1477 -2410 -6139
1.1475e+05 -1476 -2411 -6131
1.1477e+05 -1474 -2402 -6130
1.1483e+05 -1481 -2405 -6124
1.1485e+05 -1482 -2406 -6125
1.1491e+05 -1479 -2404 -6124
1.1494e+05 -1476 -2399 -6124
1.15e+05 -1467 -2399 -6121
1.1502e+05 -1476 -2400 -6127
1.1508e+05 -1460 -2402 -6120
1.151e+05 -1478 -2394 -6121
1.1516e+05 -1468 -2398 -6119
1.152e+05 -1472 -2397 -6118
1.1523e+05 -1471 -2396 -6122
1.1529e+05 -1479 -2403 -6108
1.1531e+05 -1471 -2394 -6111
1.1537e+05 -1476 -2395 -6112
1.1539e+05 -1475 -2393 -6108
1.1545e+05 -1474 -2383 -6103
1.1548e+05 -1475 -2396 -6109
1.1553e+05 -1475 -2391 -6110
1.1556e+05 -1474 -2389 -6110
1.1562e+05 -1476 -2382 -6103
1.1564e+05 -1473 -2390 -6101
1.157e+05 -1468 -2388 -6106
1.1572e+05 -1476 -2383 -6097
1.1578e+05 -1469 -2383 -6100
1.1581e+05 -1480 -2387 -6096
1.1586e+05 -1472 -2388 -6101
1.1589e+05 -1470 -2382 -6092
1.1595e+05 -1473 -2382 -6098
1.1597e+05 -1475 -2377 -6094
1.1603e+05 -1473 -2381 -6098
1.1607e+05 -1478 -2379 -6096
1.161e+05 -1476 -2382 -6092
1.1615e+05 -1472 -2378 -6090
1.1618e+05 -1476 -2378 -6089
1.1624e+05 -1468 -2382 -6095
1.1626e+05 -1475 -2380 -6088
1.1632e+05 -1476 -2382 -6084
1.1635e+05 -1471 -2374 -6089
1.164e+05 -1471 -2380 -6095
1.1643e+05 -1469 -2370 -6083
1.1649e+05 -1472 -2381 -6087
1.1653e+05 -1467 -2374 -6086
1.1655e+05 -1471 -2380 -6084
1.1661e+05 -1476 -2371 -6087
1.1664e+05 -1469 -2380 -6087
1.1669e+05 -1474 -2371 -6080
1.1672e+05 -1472 -2371 -6080
1.1677e+05 -1470 -2382 -6082
1.168e+05 -1477 -2371 -6077
1.1686e+05 -1465 -2370 -6077
1.1688e+05 -1474 -2370 -6079
1.1694e+05 -1469 -2369 -6075
1.1697e+05 -1471 -2370 -6079
1.1702e+05 -1468 -2365 -6074
1.1705e+05 -1469 -2367 -6076
1.1709e+05 -1480 -2369 -6078
1.1715e+05 -1472 -2367 -6078
1.1717e+05 -1473 -2371 -6077
1.1723e+05 -1474 -2363 -6076
1.1726e+05 -1477 -2369 -6075
1.1731e+05 -1473 -2363 -6077
1.1734e+05 -1468 -2365 -6074
1.174e+05 -1466 -2368 -6069
1.1742e+05 -1472 -2368 -6192
1.1748e+05 -1849 -4501 -10423
1.1751e+05 -2504 -10423 -15714
1.1756e+05 -1855 -21972 -21237
1.1759e+05 -136 -24948 -22748
1.1765e+05 -463 -26850 -23516
1.1767e+05 -1825 -28271 -24029
1.1773e+05 -1982 -28565 -24198
1.1775e+05 -1006 -27082 -23613
1.1781e+05 -411 -27149 -23887
1.1784e+05 -1206 -28171 -24243
1.1789e+05 -1935 -29156 -24575
1.1792e+05 -1560 -28097 -24032
1.1798e+05 -758 -27259 -23809
1.18e+05 -852 -27613 -23960
1.1806e+05 -1656 -28519 -24408
1.1809e+05 -1792 -28294 -24261
1.1815e+05 -1142 -27747 -24067
1.1817e+05 -824 -27625 -24016
1.1823e+05 -1290 -28296 -24334
1.1826e+05 -1719 -28610 -24337
1.1831e+05 -1437 -28491 -24258
1.1834e+05 -994 -27924 -24111
1.1839e+05 -1056 -28298 -24341
1.1842e+05 -1534 -28866 -24543
1.1848e+05 -1563 -29031 -24518
1.185e+05 -1178 -28682 -24346
1.1856e+05 -973 -28611 -24376
1.1859e+05 -1317 -29826 -24668
1.1864e+05 -1538 -30283 -24804
1.1867e+05 -1306 -31068 -24814
1.1872e+05 -1005 -31191 -24899
1.1875e+05 -1084 -31498 -25046
1.1881e+05 -1414 -32027 -25115
1.1883e+05 -1476 -32241 -25182
1.1889e+05 -1149 -31889 -25025
1.1892e+05 -1092 -32246 -25088
1.1897e+05 -1276 -32572 -25247
1.19e+05 -1469 32703 -25335
1.1906e+05 -1272 -32463 -25241
1.1909e+05 -1121 -32517 -25178
1.1914e+05 -1188 -32686 -25315
1.1917e+05 -1402 32688 -25301
1.1922e+05 -1356 -32766 -25295
1.1925e+05 -1203 32763 -25218
1.1931e+05 -1155 -32710 -25327
1.1933e+05 -1321 32694 -25364
1.1939e+05 -1387 32484 -25366
1.1942e+05 -1288 32669 -25284
1.1947e+05 -1155 32713 -25346
1.195e+05 -1269 32723 -25288
1.1955e+05 -1362 32356 -25390
1.1958e+05 -1327 32528 -25362
1.1964e+05 -1201 32665 -25344
1.1967e+05 -1221 32616 -25345
1.1972e+05 -1338 32349 -25414
1.1975e+05 -1358 32362 -25428
1.198e+05 -1259 32570 -25354
1.1983e+05 -1190 32556 -25353
1.1989e+05 -1290 32299 -25418
1.1991e+05 -1355 32344 -25464
1.1997e+05 -1283 32396 -25418
1.2e+05 -1171 32593 -25323
1.2006e+05 -1223 32254 -25432
1.2008e+05 -1323 32369 -25461
1.2014e+05 -1341 32429 -25331
1.2016e+05 -1265 32209 -25447
1.2022e+05 -1207 32269 -25464
1.2025e+05 -1315 32459 -25470
1.2031e+05 -1334 32304 -25412
1.2033e+05 -1281 32246 -25423
1.2039e+05 -1228 32251 -25474
1.2041e+05 -1258 32350 -25460
1.2047e+05 -1328 32320 -25422
1.2049e+05 -1316 32157 -25450
1.2055e+05 -1244 32181 -25540
1.2058e+05 -1275 32367 -25455
1.2063e+05 -1302 32269 -25430
1.2066e+05 -1333 31954 -25516
1.2072e+05 -1281 32315 -25459
1.2075e+05 -1257 32221 -25471
1.208e+05 -1269 32253 -25438
1.2083e+05 -1332 31959 -25558
1.2088e+05 -1255 32274 -25498
1.2091e+05 -1291 32178 -25475
1.2095e+05 -1254 32176 -25488
1.2101e+05 -1323 31997 -25512
1.2104e+05 -1288 32109 -25560
1.2109e+05 -1283 32242 -25438
1.2112e+05 -1268 32033 -25543
1.2116e+05 -1316 31954 -25583
1.2121e+05 -1322 32093 -25530
1.2126e+05 -1299 32076 -25508
1.2128e+05 -1282 31913 -25549
1.2134e+05 -1300 31987 -25571
1.2137e+05 -1330 31996 -25516
1.2142e+05 -1297 31953 -25565
1.2145e+05 -1278 31889 -25548
1.2151e+05 -1276 31890 -25694
1.2153e+05 -1378 26916 -25894
1.2159e+05 -1271 25924 -26231
1.2162e+05 -1055 25816 -26101
1.2167e+05 -1279 25226 -26186
1.217e+05 -1419 24850 -26352
1.2176e+05 -1387 25066 -26249
1.2179e+05 -1189 25259 -26205
1.2182e+05 -1207 25311 -26202
1.2188e+05 -1405 24773 -26360
1.2191e+05 -1444 24885 -26298
1.2196e+05 -1281 25164 -26321
1.2199e+05 -1197 25207 -26264
1.2205e+05 -1353 24887 -26361
1.2207e+05 -1445 24897 -26309
1.2213e+05 -1345 24932 -26340
1.2215e+05 -1239 25291 -26279
1.2221e+05 -1326 24922 -26377
1.2224e+05 -1437 24868 -26390
1.2229e+05 -1434 24909 -26378
1.2232e+05 -1359 32349 -23585
1.2238e+05 -2330 -16791 -16828
1.224e+05 -2606 -6710 -10173
1.2246e+05 -2100 -3647 -7452
1.2249e+05 -1817 -3227 -7097
1.2254e+05 -1686 -3165 -6997
1.2257e+05 -1611 -3002 -6868
1.2263e+05 -1683 -3164 -7060
1.2265e+05 -1785 -3188 -7025
1.2271e+05 -1740 -3160 -6995
1.2273e+05 -1638 -3040 -6818
1.2279e+05 -1597 -2913 -6668
1.2282e+05 -1602 -2694 -6446
1.2288e+05 -1566 -2591 -6394
1.229e+05 -1527 -2605 -6379
1.2296e+05 -1514 -2566 -6357
1.2299e+05 -1516 -2554 -6342
1.2304e+05 -1526 -2566 -6340
1.2307e+05 -1515 -2538 -6313
1.2313e+05 -1506 -2527 -6294
1.2315e+05 -1496 -2518 -6282
1.2321e+05 -1501 -2512 -6274
1.2323e+05 -1500 -2510 -6263
1.2329e+05 -1492 -2502 -6249
1.2332e+05 -1488 -2501 -6249
1.2337e+05 -1495 -2501 -6240
1.234e+05 -1497 -2487 -6235
1.2346e+05 -1488 -2481 -6229
1.2349e+05 -1490 -2475 -6225
1.2354e+05 -1495 -2475 -6218
1.2357e+05 -1492 -2473 -6206
1.2363e+05 -1490 -2471 -6205
1.2365e+05 -1489 -2466 -6200
1.237e+05 -1487 -2468 -6199
1.2373e+05 -1486 -2461 -6194
1.2379e+05 -1493 -2458 -6188
1.2381e+05 -1488 -2455 -6184
1.2387e+05 -1490 -2454 -6188
1.239e+05 -1485 -2449 -6175
1.2396e+05 -1482 -2447 -6178
1.2399e+05 -1481 -2447 -6173
1.2402e+05 -1484 -2447 -6170
1.2408e+05 -1486 -2437 -6160
1.241e+05 -1489 -2439 -6161
1.2416e+05 -1485 -2441 -6161
1.2419e+05 -1480 -2439 -6156
1.2424e+05 -1477 -2439 -6161
1.2427e+05 -1485 -2427 -6156
1.2433e+05 -1483 -2430 -6151
1.2435e+05 -1481 -2425 -6152
1.2441e+05 -1488 -2427 -6149
1.2445e+05 -1482 -2428 -6146
1.2448e+05 -1486 -2421 -6147
1.2453e+05 -1482 -2425 -6137
1.2456e+05 -1479 -2420 -6140
1.2462e+05 -1483 -2414 -6138
1.2464e+05 -1486 -2423 -6138
1.247e+05 -1485 -2414 -6137
1.2473e+05 -1482 -2416 -6136
1.2478e+05 -1485 -2415 -6131
1.2481e+05 -1479 -2418 -6127
1.2487e+05 -1487 -2418 -6137
1.2489e+05 -1474 -2409 -6126
1.2495e+05 -1478 -2404 -6127
1.2498e+05 -1489 -2409 -6130
1.2503e+05 -1480 -2408 -6123
1.2506e+05 -1483 -2407 -6127
1.2512e+05 -1480 -2399 -6120
1.2514e+05 -1478 -2402 -6117
1.252e+05 -1472 -2394 -6117
1.2522e+05 -1479 -2392 -6122
1.2528e+05 -1479 -2403 -6114
1.2531e+05 -1481 -2400 -6134
1.2536e+05 -1477 -2401 -6116
1.2539e+05 -1489 -2390 -6120
1.2545e+05 -1482 -2387 -6119
1.2547e+05 -1484 -2391 -6109
1.2553e+05 -1481 -2388 -6112
1.2556e+05 -1480 -2398 -6108
1.2561e+05 -1485 -2392 -6117
1.2564e+05 -1481 -2387 -6112
1.2569e+05 -1474 -2381 -6110
1.2572e+05 -1481 -2388 -6109
1.2578e+05 -1491 -2380 -6114
1.2581e+05 -1480 -2386 -6105
1.2586e+05 -1479 -2388 -6109
1.2589e+05 -1477 -2385 -6116
1.2595e+05 -1481 -2391 -6103
1.2597e+05 -1481 -2386 -6113
1.2603e+05 -1489 -2384 -6109
1.2605e+05 -1473 -2378 -6111
1.2611e+05 -1478 -2383 -6102
1.2614e+05 -1485 -2387 -6097
1.262e+05 -1482 -2383 -6111
1.2622e+05 -1485 -2387 -6098
1.2628e+05 -1478 -2381 -6099
1.263e+05 -1488 -2372 -6100
1.2636e+05 -1484 -2382 -6098
1.2639e+05 -1484 -2376 -6092
1.2644e+05 -1485 -2381 -6092
1.2648e+05 -1482 -2373 -6097
1.2651e+05 -1480 -2380 -6097
1.2656e+05 -1484 -2389 -6092
1.2659e+05 -1473 -2376 -6093
1.2665e+05 -1482 -2378 -6095
1.2667e+05 -1480 -2380 -6093
1.2673e+05 -1475 -2372 -6092
1.2676e+05 -1472 -2376 -6097
1.2681e+05 -1479 -2375 -6085
1.2684e+05 -1482 -2377 -6092
1.269e+05 -1474 -2373 -6088
1.2692e+05 -1482 -2380 -6087
1.2698e+05 -1485 -2371 -6087
1.2701e+05 -1483 -2375 -6083
1.2706e+05 -1478 -2368 -6089
1.2709e+05 -1478 -2372 -6079
1.2714e+05 -1478 -2374 -6086
1.2717e+05 -1485 -2367 -6085
1.2723e+05 -1504 -2547 -6363
1.2726e+05 -1551 -2524 -6226
1.2731e+05 -1517 -2461 -6256
1.2734e+05 -1531 -2518 -6321
1.2739e+05 -1523 -2442 -6164
1.2742e+05 -1494 -2427 -6207
1.2747e+05 -1501 -2393 -6144
1.275e+05 -1503 -2439 -6190
1.2756e+05 -1498 -2416 -6175
1.2759e+05 -1498 -2398 -6155
1.2764e+05 -1490 -2436 -6203
1.2767e+05 -1492 -2401 -6145
1.2772e+05 -1495 -2429 -6197
1.2775e+05 -1497 -2409 -6155
1.2781e+05 -1491 -2411 -6172
1.2783e+05 -1504 -2420 -6177
1.2789e+05 -1496 -2402 -6159
1.2792e+05 -1500 -2425 -6180
1.2797e+05 -1491 -2409 -6171
1.28e+05 -1498 -2410 -6159
1.2806e+05 -1496 -2416 -6180
1.2808e+05 -1497 -2408 -6168
1.2813e+05 -1495 -2405 -6174
1.2817e+05 -1505 -2417 -6170
1.2822e+05 -1491 -2394 -6159
1.2825e+05 -1496 -2427 -6183
1.283e+05 -1499 -2403 -6159
1.2833e+05 -1500 -2416 -6178
1.2838e+05 -1495 -2404 -6149
1.2842e+05 -1498 -2409 -6183
1.2846e+05 -1497 -2406 -6166
1.2851e+05 -1499 -2405 -6171
1.2854e+05 -1496 -2417 -6177
1.286e+05 -1491 -2398 -6151
1.2862e+05 -1494 -2414 -6185
1.2868e+05 -1492 -2407 -6160
1.287e+05 -1497 -2411 -6181
1.2876e+05 -1496 -2410 -6157
1.2879e+05 -1495 -2403 -6166
1.2884e+05 -1489 -2413 -6169
1.2887e+05 -1492 -2413 -6172
1.2893e+05 -1493 -2403 -6165
1.2895e+05 -1486 -2401 -6165
1.2901e+05 -1489 -2409 -6161
1.2904e+05 -1497 -2408 -6170
1.2909e+05 -1497 -2413 -6174
1.2912e+05 -1491 -2399 -6157
1.2918e+05 -1493 -2409 -6175
1.292e+05 -1499 -2402 -6163
1.2926e+05 -1499 -2402 -6177
1.293e+05 -1499 -2415 -6166
1.2932e+05 -1495 -2399 -6162
1.2938e+05 -1499 -2410 -6163
1.2941e+05 -1495 -2396 -6159
1.2947e+05 -1493 -2396 -6173
1.2949e+05 -1496 -2412 -6161
1.2955e+05 -1500 -2408 -6166
1.2957e+05 -1504 -2405 -6159
1.2963e+05 -1488 -2412 -6173
1.2966e+05 -1490 -2402 -6167
1.2971e+05 -1492 -2407 -6161
1.2974e+05 -1496 -2404 -6150
1.298e+05 -1494 -2408 -6167
1.2982e+05 -1496 -2407 -6163
1.2988e+05 -1494 -2401 -6161
1.2991e+05 -1496 -2408 -6166
1.2997e+05 -1489 -2391 -6139
1.2999e+05 -1488 -2411 -6178
1.3004e+05 -1496 -2398 -6162
1.3007e+05 -1497 -2410 -6164
1.3013e+05 -1491 -2406 -6169
1.3015e+05 -1497 -2398 -6161
1.3021e+05 -1493 -2407 -6171
1.3024e+05 -1490 -2406 -6163
1.303e+05 -1493 -2414 -6179
1.3032e+05 -1496 -2400 -6158
1.3038e+05 -1492 -2406 -6164
1.304e+05 -1494 -2407 -6163
1.3046e+05 -1491 -2398 -6164
1.3049e+05 -1503 -2404 -6164
1.3054e+05 -1485 -2400 -6157
1.3057e+05 -1491 -2404 -6167
1.3063e+05 -1497 -2394 -6167
1.3065e+05 -1493 -2408 -6171
1.3071e+05 -1499 -2400 -6153
1.3073e+05 -1489 -2410 -6171
1.3079e+05 -1496 -2407 -6159
1.3083e+05 -1499 -2398 -6162
1.3086e+05 -1494 -2420 -6177
1.3091e+05 -1497 -2397 -6148
1.3094e+05 -1489 -2403 -6160
1.3099e+05 -1496 -2411 -6164
1.3104e+05 -1492 -2401 -6172
1.3107e+05 -1497 -2407 -6160
1.3112e+05 -1499 -2402 -6166
1.3115e+05 -1489 -2395 -6158
1.312e+05 -1494 -2410 -6161
1.3123e+05 -1501 -2403 -6168
1.3129e+05 -1489 -2401 -6171
1.3132e+05 -1500 -2404 -6151
1.3137e+05 -1494 -2408 -6164
1.314e+05 -1498 -2404 -6163
1.3145e+05 -1492 -2408 -6166
1.3148e+05 -1498 -2407 -6175
1.3152e+05 -1495 -2393 -6155
1.3157e+05 -1491 -2411 -6171
1.3163e+05 -1498 -2409 -6160
1.3165e+05 -1504 -2402 -6168
1.3171e+05 -1497 -2406 -6158
1.3173e+05 -1493 -2396 -6164
1.3179e+05 -1502 -2405 -6165
1.3181e+05 -1496 -2415 -6168
1.3187e+05 -1494 -2409 -6170
1.3189e+05 -1495 -2407 -6166
1.3195e+05 -1490 -2401 -6159
1.3198e+05 -1495 -2413 -6170
1.3204e+05 -1502 -2405 -6172
1.3206e+05 -1494 -2406 -6165
1.3212e+05 -1458 -2349 -6066
1.3214e+05 -1484 -2360 -6061
1.322e+05 -1484 -2354 -6071
1.3223e+05 -1470 -2343 -6058
1.3228e+05 -1485 -2351 -6057
1.3231e+05 -1481 -2346 -6052
1.3237e+05 -1481 -2340 -6052
1.3239e+05 -1471 -2348 -6058
1.3245e+05 -1477 -2356 -6061
1.3247e+05 -1483 -2345 -6055
1.3253e+05 -1471 -2344 -6047
1.3256e+05 -1477 -2351 -6048
1.3261e+05 -1470 -2350 -6055
1.3264e+05 -1476 -2349 -6047
1.327e+05 -1478 -2352 -6049
1.3272e+05 -1479 -2344 -6055
1.3278e+05 -1481 -2342 -6050
1.3281e+05 -1468 -2346 -6054
1.3286e+05 -1470 -2349 -6048
1.3289e+05 -1481 -2346 -6045
1.3295e+05 -1479 -2342 -6053
1.3297e+05 -1475 -2344 -6049
1.3303e+05 -1472 -2344 -6046
1.3306e+05 -1474 -2338 -6050
1.3312e+05 -1478 -2339 -6047
1.3314e+05 -1475 -2348 -6044
1.3319e+05 -1476 -2343 -6046
1.3322e+05 -1478 -2340 -6047
1.3328e+05 -1482 -2340 -6048
1.333e+05 -1473 -2344 -6046
1.3336e+05 -1474 -2346 -6044
1.3339e+05 -1476 -2345 -6043
1.3345e+05 -1473 -2344 -6049
1.3347e+05 -1475 -2343 -6047
1.3352e+05 -1478 -2341 -6050
1.3355e+05 -1471 -2344 -6052
1.3361e+05 -1472 -2339 -6048
1.3364e+05 -1464 -2336 -6039
1.3369e+05 -1475 -2339 -6046
1.3372e+05 -1478 -2348 -6050
1.3378e+05 -1483 -2345 -6046
1.338e+05 -1475 -2335 -6050
1.3386e+05 -1486 -2339 -6035
1.3389e+05 -1479 -2341 -6046
1.3394e+05 -1481 -2340 -6047
1.3397e+05 -1479 -2339 -6038
1.3403e+05 -1484 -2348 -6046
1.3407e+05 -1471 -2337 -6045
1.3409e+05 -1485 -2337 -6045
1.3415e+05 -1479 -2340 -6045
1.3418e+05 -1478 -2334 -6040
1.3423e+05 -1478 -2338 -6041
1.3427e+05 -1473 -2336 -6045
1.343e+05 -1483 -2343 -6045
1.3436e+05 -1477 -2343 -6039
1.3438e+05 -1480 -2340 -6041
1.3444e+05 -1478 -2337 -6045
1.3447e+05 -1480 -2337 -6042
1.3452e+05 -1479 -2340 -6041
1.3455e+05 -1473 -2340 -6045
1.3459e+05 -1477 -2337 -6048
1.3464e+05 -1474 -2341 -6044
1.3467e+05 -1474 -2338 -6044
1.3472e+05 -1472 -2341 -6044
1.3477e+05 -1479 -2340 -6046
1.348e+05 -1482 -2348 -6041
1.3485e+05 -1481 -2336 -6049
1.3488e+05 -1476 -2338 -6039
1.3494e+05 -1471 -2341 -6046
1.3496e+05 -1474 -2337 -6040
1.3502e+05 -1485 -2341 -6046
1.3505e+05 -1474 -2338 -6041
1.351e+05 -1481 -2338 -6041
1.3513e+05 -1479 -2334 -6039
1.3519e+05 -1476 -2338 -6044
1.3521e+05 -1479 -2338 -6046
1.3527e+05 -1473 -2337 -6043
1.3529e+05 -1479 -2340 -6048
1.3535e+05 -1478 -2338 -6042
1.3538e+05 -1474 -2337 -6039
1.3543e+05 -1475 -2335 -6034
1.3546e+05 -1472 -2333 -6037
1.3552e+05 -1472 -2339 -6038
1.3554e+05 -1476 -2332 -6036
1.3559e+05 -1472 -2336 -6039
1.3564e+05 -1473 -2339 -6035
1.3567e+05 -1480 -2330 -6037
1.3572e+05 -1480 -2333 -6035
1.3575e+05 -1479 -2336 -6033
1.3581e+05 -1478 -2333 -6040
1.3583e+05 -1475 -2333 -6035
1.3589e+05 -1481 -2338 -6036
1.3592e+05 -1481 -2333 -6041
1.3597e+05 -1473 -2334 -6034
1.36e+05 -1481 -2333 -6039
1.3606e+05 -1473 -2334 -6038
1.3608e+05 -1485 -2335 -6041
1.3614e+05 -1481 -2329 -6033
1.3616e+05 -1469 -2337 -6036
1.3622e+05 -1473 -2335 -6044
1.3625e+05 -1477 -2337 -6035
1.363e+05 -1477 -2331 -6034
1.3633e+05 -1483 -2338 -6038
1.3639e+05 -1476 -2330 -6032
1.3641e+05 -1476 -2334 -6031
1.3647e+05 -1482 -2336 -6038
1.365e+05 -1471 -2340 -6038
1.3655e+05 -1482 -2336 -6032
1.3658e+05 -1481 -2335 -6037
1.3664e+05 -1477 -2332 -6037
1.3668e+05 -1466 -2338 -6034
1.367e+05 -1467 -2330 -6036
1.3676e+05 -1473 -2333 -6033
1.3679e+05 -1473 -2330 -6030
1.3684e+05 -1475 -2331 -6033
1.3687e+05 -1476 -2334 -6037
1.3692e+05 -1468 -2330 -6033
1.3695e+05 -1475 -2332 -6030
1.3701e+05 -1473 -2393 -6653
1.3704e+05 -1685 -3058 -7128
1.3709e+05 -1569 -2790 -6927
1.3712e+05 -1603 -2882 -6940
1.3717e+05 -1657 -2911 -6869
1.372e+05 -1609 -2883 -6960
1.3726e+05 -1622 -2810 -6735
1.3728e+05 -1596 -2836 -6841
1.3734e+05 -1612 -2832 -6797
1.3737e+05 -1621 -2808 -6807
1.3742e+05 -1634 -2870 -6823
1.3745e+05 -1596 -2769 -6770
1.3751e+05 -1615 -2838 -6793
1.3753e+05 -1600 -2801 -6802
1.3759e+05 -1636 -2856 -6843
1.3762e+05 -1629 -2813 -6781
1.3767e+05 -1613 -2827 -6829
1.377e+05 -1612 -2801 -6773
1.3775e+05 -1620 -2836 -6822
1.3778e+05 -1624 -2839 -6827
1.3784e+05 -1615 -2812 -6789
1.3787e+05 -1611 -2808 -6797
1.3792e+05 -1610 -2833 -6822
1.3795e+05 -1623 -2815 -6818
1.38e+05 -1625 -2840 -6815
1.3803e+05 -1614 -2817 -6791
1.3809e+05 -1618 -2831 -6817
1.3811e+05 -1623 -2829 -6804
1.3817e+05 -1621 -2830 -6831
1.382e+05 -1624 -2826 -6799
1.3825e+05 -1610 -2824 -6795
1.3828e+05 -1612 -2824 -6827
1.3833e+05 -1619 -2814 -6803
1.3836e+05 -1616 -2838 -6822
1.3842e+05 -1617 -2824 -6816
1.3844e+05 -1612 -2815 -6794
1.3848e+05 -1622 -2838 -6824
1.3854e+05 -1617 -2833 -6814
1.3859e+05 -1618 -2824 -6805
1.3861e+05 -1614 -2825 -6808
1.3867e+05 -1615 -2826 -6815
1.3869e+05 -1616 -2823 -6816
1.3875e+05 -1631 -2831 -6815
1.3878e+05 -1615 -2830 -6817
1.3883e+05 -1609 -2824 -6805
1.3886e+05 -1614 -2838 -6821
1.3892e+05 -1628 -2831 -6804
1.3896e+05 -1625 -2831 -6820
1.3899e+05 -1619 -2829 -6805
1.3904e+05 -1625 -2816 -6818
1.3907e+05 -1619 -2820 -6807
1.3913e+05 -1617 -2823 -6808
1.3915e+05 -1624 -2831 -6820
1.3921e+05 -1612 -2823 -6807
1.3923e+05 -1625 -2838 -6811
1.3929e+05 -1619 -2819 -6810
1.3932e+05 -1615 -2821 -6801
1.3937e+05 -1619 -2834 -6821
1.394e+05 -1624 -2830 -6815
1.3946e+05 -1621 -2836 -6814
1.3948e+05 -1624 -2827 -6818
1.3954e+05 -1627 -2816 -6815
1.3958e+05 -1628 -2825 -6806
1.396e+05 -1618 -2842 -6821
1.3965e+05 -1616 -2827 -6804
1.397e+05 -1624 -2824 -6800
1.3973e+05 -1609 -2820 -6812
1.3979e+05 -1626 -2831 -6807
1.3981e+05 -1612 -2838 -6841
1.3987e+05 -1628 -2818 -6782
1.399e+05 -1608 -2830 -6840
1.3993e+05 -1621 -2826 -6795
1.3999e+05 -1610 -2814 -6815
1.4002e+05 -1636 -2860 -6851
1.4007e+05 -1610 -2811 -6776
1.4012e+05 -1622 -2852 -6839
1.4014e+05 -1609 -2803 -6779
1.402e+05 -1621 -2848 -6834
1.4023e+05 -1620 -2828 -6813
1.4028e+05 -1614 -2827 -6811
1.4031e+05 -1626 -2821 -6805
1.4036e+05 -1618 -2832 -6813
1.4039e+05 -1623 -2838 -6830
1.4045e+05 -1622 -2835 -6807
1.4049e+05 -1616 -2831 -6809
1.4052e+05 -1615 -2828 -6818
1.4057e+05 -1620 -2830 -6810
1.406e+05 -1620 -2834 -6833
1.4066e+05 -1623 -2823 -6811
1.4068e+05 -1619 -2827 -6809
1.4074e+05 -1624 -2830 -6817
1.4077e+05 -1621 -2834 -6824
1.4082e+05 -1621 -2828 -6808
1.4085e+05 -1614 -2833 -6808
1.409e+05 -1612 -2830 -6808
1.4093e+05 -1622 -2835 -6818
1.4099e+05 -1622 -2836 -6813
1.4101e+05 -1623 -2834 -6830
1.4107e+05 -1613 -2822 -6802
1.411e+05 -1617 -2821 -6815
1.4115e+05 -1628 -2838 -6824
1.4118e+05 -1618 -2828 -6822
1.4122e+05 -1621 -2834 -6800
1.4127e+05 -1610 -2824 -6813
1.4132e+05 -1618 -2825 -6809
1.4134e+05 -1624 -2848 -6838
1.414e+05 -1623 -2826 -6805
1.4143e+05 -1617 -2825 -6805
1.4149e+05 -1618 -2819 -6821
1.4151e+05 -1623 -2840 -6833
1.4157e+05 -1635 -2822 -6799
1.4159e+05 -1614 -2832 -6827
1.4165e+05 -1615 -2815 -6802
1.4168e+05 -1617 -2829 -6826
1.4174e+05 -1627 -2841 -6826
1.4176e+05 -1620 -2834 -6818
1.4182e+05 -1613 -2814 -6799
1.4184e+05 -1605 -2839 -6842
1.419e+05 -1590 -2412 -6111
1.4193e+05 -1505 -2396 -6136
1.4197e+05 -1492 -2379 -6123
1.4202e+05 -1505 -2376 -6106
1.4207e+05 -1491 -2374 -6097
1.4209e+05 -1492 -2367 -6119
1.4215e+05 -1492 -2366 -6093
1.4217e+05 -1493 -2357 -6078
1.4223e+05 -1487 -2356 -6079
1.4226e+05 -1484 -2360 -6077
1.4232e+05 -1483 -2344 -6076
1.4234e+05 -1489 -2351 -6074
1.424e+05 -1480 -2349 -6071
1.4242e+05 -1482 -2353 -6066
1.4248e+05 -1484 -2352 -6070
1.425e+05 -1490 -2346 -6068
1.4256e+05 -1483 -2348 -6067
1.4259e+05 -1480 -2355 -6063
1.4264e+05 -1482 -2344 -6058
1.4267e+05 -1482 -2340 -6062
1.4273e+05 -1482 -2346 -6054
1.4275e+05 -1486 -2347 -6060
1.4281e+05 -1482 -2350 -6056
1.4284e+05 -1489 -2351 -6061
1.4289e+05 -1479 -2347 -6053
1.4292e+05 -1480 -2342 -6059
1.4298e+05 -1481 -2345 -6048
1.43e+05 -1480 -2339 -6061
1.4306e+05 -1474 -2341 -6055
1.4309e+05 -1482 -2339 -6055
1.4314e+05 -1490 -2340 -6050
1.4317e+05 -1485 -2337 -6051
1.4323e+05 -1480 -2339 -6052
1.4325e+05 -1485 -2335 -6051
1.4331e+05 -1478 -2342 -6049
1.4333e+05 -1479 -2342 -6048
1.4339e+05 -1474 -2332 -6049
1.4342e+05 -1481 -2341 -6050
1.4348e+05 -1483 -2339 -6049
1.435e+05 -1481 -2338 -6052
1.4356e+05 -1481 -2342 -6049
1.4358e+05 -1482 -2340 -6055
1.4364e+05 -1482 -2342 -6045
1.4367e+05 -1478 -2344 -6046
1.4373e+05 -1478 -2337 -6048
1.4375e+05 -1478 -2331 -6051
1.4379e+05 -1478 -2338 -6042
1.4384e+05 -1480 -2342 -6042
1.4387e+05 -1478 -2333 -6051
1.4392e+05 -1478 -2337 -6042
1.4397e+05 -1478 -2339 -6048
1.44e+05 -1485 -2333 -6042
1.4406e+05 -1476 -2343 -6043
1.4408e+05 -1472 -2331 -6037
1.4414e+05 -1488 -2332 -6039
1.4417e+05 -1481 -2339 -6042
1.4422e+05 -1480 -2332 -6040
1.4425e+05 -1473 -2334 -6040
1.443e+05 -1484 -2336 -6041
1.4433e+05 -1479 -2335 -6034
1.4439e+05 -1482 -2331 -6044
1.4443e+05 -1482 -2337 -6038
1.4445e+05 -1481 -2340 -6038
1.4451e+05 -1483 -2338 -6037
1.4454e+05 -1477 -2331 -6040
1.4458e+05 -1477 -2325 -6041
1.4463e+05 -1483 -2332 -6040
1.4468e+05 -1480 -2340 -6027
1.447e+05 -1477 -2336 -6034
1.4476e+05 -1482 -2330 -6035
1.4478e+05 -1471 -2331 -6045
1.4484e+05 -1486 -2328 -6038
1.4487e+05 -1474 -2336 -6032
1.4493e+05 -1481 -2335 -6032
1.4495e+05 -1487 -2331 -6032
1.4501e+05 -1483 -2329 -6037
1.4503e+05 -1476 -2327 -6031
1.4509e+05 -1483 -2333 -6034
1.4512e+05 -1483 -2334 -6034
1.4517e+05 -1479 -2333 -6040
1.452e+05 -1478 -2333 -6032
1.4526e+05 -1485 -2328 -6036
1.4528e+05 -1479 -2328 -6031
1.4534e+05 -1486 -2332 -6034
1.4536e+05 -1475 -2331 -6033
1.4542e+05 -1480 -2332 -6032
1.4545e+05 -1475 -2329 -6038
1.4549e+05 -1479 -2328 -6029
1.4554e+05 -1481 -2330 -6028
1.4559e+05 -1480 -2329 -6035
1.4562e+05 -1482 -2328 -6034
1.4567e+05 -1479 -2332 -6033
1.457e+05 -1476 -2330 -6032
1.4575e+05 -1478 -2330 -6037
1.4578e+05 -1479 -2326 -6038
1.4584e+05 -1482 -2326 -6028
1.4586e+05 -1484 -2327 -6030
1.4592e+05 -1482 -2330 -6032
1.4594e+05 -1476 -2332 -6037
1.46e+05 -1473 -2328 -6024
1.4603e+05 -1478 -2328 -6025
1.4609e+05 -1480 -2329 -6033
1.4611e+05 -1476 -2331 -6037
1.4617e+05 -1480 -2332 -6033
1.4619e+05 -1479 -2330 -6028
1.4625e+05 -1477 -2332 -6035
1.4628e+05 -1482 -2321 -6027
1.4633e+05 -1486 -2319 -6030
1.4636e+05 -1476 -2329 -6030
1.4642e+05 -1477 -2327 -6031
