3 1186 -11 -5106
7 1177 -7 -5100
9 1185 -2 -5097
10 1176 -8 -5098
12 1181 -14 -5098
14 1187 -9 -5102
16 1180 -10 -5097
17 1181 -12 -5098
21 1178 -11 -5091
21 1183 -6 -5097
25 1181 -21 -5100
27 1179 -14 -5100
29 1183 -16 -5095
30 1188 -12 -5102
31 1176 -6 -5088
34 1178 -1 -5089
37 1185 -9 -5091
39 1178 -17 -5090
40 1182 -9 -5097
43 1182 -19 -5095
44 1174 -15 -5091
46 1179 -11 -5094
48 1181 -13 -5090
50 1189 -3 -5091
52 1184 -10 -5093
54 1181 -7 -5093
56 1181 -10 -5092
59 1185 -8 -5083
62 1179 -11 -5088
64 1180 -17 -5089
65 1177 -10 -5094
67 1177 -10 -5091
68 1182 -15 -5091
69 1185 -13 -5091
71 1179 -5 -5087
72 1173 -11 -5091
73 1178 -8 -5087
74 1184 -17 -5093
78 1178 -12 -5090
80 1181 -7 -5087
94 1184 -6 -5088
145 1176 -5 -5093
196 1175 -8 -5092
220 1182 -15 -5093
273 1180 -16 -5088
317 1176 -11 -5091
353 1175 -13 -5095
402 1187 -12 -5096
424 1182 -9 -5088
485 1185 -12 -5092
520 1181 -16 -5094
551 1184 -13 -5081
598 1180 -5 -5092
631 1179 -14 -5087
680 1178 -5 -5080
729 1178 -13 -5084
755 1179 -8 -5091
817 1173 -11 -5091
837 1178 -13 -5092
897 1179 -13 -5085
925 1177 -14 -5089
979 1179 -11 -5086
1009 1179 -3 -5089
1045 1189 -18 -5086
1093 1174 -11 -5088
1145 1179 -13 -5087
1172 1184 -15 -5093
1210 1182 -7 -5092
1258 1180 -7 -5085
1308 1186 -17 -5087
1335 1184 -10 -5087
1390 1185 -8 -5092
1416 1179 -7 -5088
1478 1184 -15 -5084
1500 1174 -6 -5089
1546 1181 -8 -5090
1595 1183 -3 -5087
1640 1183 -14 -5087
1663 1179 -13 -5089
1719 1184 -15 -5089
1766 1172 -11 -5081
1803 1177 -6 -5083
1833 1183 -14 -5088
1880 1185 -10 -5088
1929 1176 -11 -5092
1952 1177 -11 -5081
2007 1176 -6 -5086
2057 1185 60 -5088
2076 1141 46 -5127
2119 1209 15 -5155
2170 1254 30 -5150
2222 1254 28 -5162
2241 1249 1 -5168
2285 1201 -75 -5169
2331 1200 -75 -5174
2385 1198 -69 -5166
2409 1197 -76 -5161
2466 1202 -74 -5171
2489 1196 -78 -5164
2547 1202 -75 -5169
2575 1197 -74 -5165
2634 1207 -83 -5169
2672 1200 -73 -5167
2698 1200 -77 -5172
2746 1198 -80 -5171
2812 1204 -85 -5167
2825 1199 -76 -5170
2881 1201 -82 -5165
2904 1203 -80 -5170
2961 1199 -72 -5170
2989 1203 -74 -5170
3035 1192 -73 -5169
3082 1185 -76 -5169
3112 1198 -75 -5171
3161 1195 -73 -5169
3209 1194 -74 -5167
3235 1196 -71 -5169
3293 1188 -75 -5170
3317 1201 -73 -5164
3379 1197 -79 -5170
3397 1194 -74 -5165
3463 1202 -82 -5165
3481 1192 -47 -5235
3543 1219 -71 -5248
3566 1292 -69 -5271
3624 1284 -74 -5275
3648 1285 -67 -5272
3705 1250 -145 -5278
3729 1250 -147 -5276
3785 1248 -147 -5278
3813 1253 -141 -5276
3863 1246 -145 -5273
3914 1239 -156 -5276
3937 1242 -144 -5277
3989 1247 -147 -5282
4040 1246 -142 -5276
4064 1244 -148 -5278
4121 1254 -151 -5273
4145 1253 -144 -5278
4203 1251 -141 -5274
4229 1241 -149 -5276
4292 1243 -150 -5278
4312 1244 -146 -5278
4367 1254 -147 -5276
4392 1248 -147 -5274
4447 1248 -150 -5283
4478 1244 -141 -5277
4524 1249 -148 -5282
4574 1249 -148 -5274
4603 1249 -143 -5272
4662 1247 -151 -5278
4684 1252 -138 -5273
4736 1254 -143 -5269
4767 1246 -144 -5276
4816 1249 -143 -5274
4866 1199 -97 -5289
4889 1293 -112 -5278
4945 1224 -96 -5307
4974 1223 -95 -5313
5032 1216 -94 -5312
5055 1277 -170 -5313
5114 1276 -164 -5303
5140 1279 -178 -5307
5196 1279 -171 -5306
5222 1281 -181 -5300
5278 1280 -176 -5301
5304 1278 -175 -5304
5365 1272 -170 -5310
5390 1271 -173 -5303
5447 1273 -173 -5307
5483 1279 -169 -5303
5512 1275 -175 -5306
5560 1272 -167 -5312
5610 1280 -173 -5306
5633 1270 -170 -5305
5701 1277 -167 -5305
5716 1282 -177 -5302
5775 1279 -169 -5303
5797 1276 -178 -5310
5845 1275 -167 -5307
5898 1277 -171 -5308
5923 1279 -169 -5305
5977 1282 -172 -5308
6025 1265 -173 -5303
6048 1278 -170 -5307
6105 1276 -173 -5299
6130 1278 -174 -5310
6188 1278 -168 -5307
6211 1275 -170 -5299
6254 1277 -170 -5303
6308 1278 -169 -5296
6336 1281 -171 -5301
6396 1276 -111 -5304
6427 1234 -141 -5352
6463 1347 -214 -5412
6515 1266 -165 -5409
6542 1264 -159 -5403
6595 1261 -249 -5401
6644 1294 -281 -5405
6668 1292 -277 -5411
6725 1296 -270 -5411
6752 1297 -273 -5403
6809 1300 -275 -5398
6835 1295 -278 -5398
6892 1297 -277 -5402
6917 1296 -279 -5400
6976 1297 -270 -5397
6999 1295 -281 -5403
7058 1293 -271 -5401
7094 1291 -276 -5408
7143 1296 -267 -5401
7166 1296 -277 -5408
7224 1294 -268 -5402
7249 1301 -276 -5403
7303 1296 -272 -5404
7340 1297 -275 -5397
7380 1293 -274 -5406
7426 1294 -274 -5399
7474 1294 -272 -5406
7496 1289 -275 -5407
7555 1300 -267 -5402
7585 1290 -274 -5397
7621 1295 -279 -5402
7672 1296 -280 -5404
7720 1293 -275 -5395
7745 1294 -270 -5405
7802 1302 -275 -5405
7828 1295 -274 -5410
7887 1294 -276 -5403
7910 1280 -230 -5456
7970 1362 -293 -5513
7993 1371 -265 -5499
8053 1376 -262 -5510
8076 1382 -265 -5510
8133 1318 -358 -5512
8166 1308 -361 -5516
8202 1322 -365 -5507
8254 1320 -364 -5511
8284 1318 -363 -5512
8332 1318 -363 -5506
8382 1310 -363 -5509
8406 1313 -359 -5502
8464 1316 -357 -5510
8490 1315 -364 -5502
8547 1317 -357 -5505
8572 1316 -367 -5504
8632 1318 -362 -5508
8661 1322 -359 -5509
8717 1316 -357 -5509
8740 1313 -363 -5506
8794 1318 -354 -5507
8822 1315 -364 -5508
8883 1316 -365 -5509
8910 1323 -358 -5508
8951 1313 -359 -5509
8995 1317 -364 -5509
9043 1314 -355 -5501
9069 1312 -363 -5502
9130 1311 -358 -5506
9167 1314 -359 -5510
9192 1310 -354 -5507
9243 1311 -366 -5503
9294 1305 -359 -5504
9314 1323 -357 -5508
9374 1314 -365 -5510
9402 1313 -363 -5501
9460 1310 -361 -5502
9482 1311 -355 -5506
9539 1309 -368 -5512
9565 1318 -356 -5506
9627 1311 -360 -5509
9653 1321 -359 -5510
9690 1311 -358 -5506
9739 1314 -352 -5505
9790 1316 -354 -5499
9814 1316 -357 -5500
9871 1313 -359 -5506
9895 1318 -356 -5508
9956 1316 -361 -5512
9978 1313 -360 -5504
10035 1312 -362 -5506
10063 1308 -366 -5494
10114 1317 -362 -5509
10163 1315 -357 -5501
10187 1315 -366 -5499
10243 1306 -360 -5505
10270 1308 -367 -5505
10330 1316 -355 -5506
10377 1317 -352 -5506
10394 1321 -360 -5501
10452 1313 -361 -5504
10477 1314 -358 -5503
10531 1314 -353 -5499
10577 1318 -358 -5496
10611 1309 -363 -5504
10663 1312 -362 -5500
10683 1322 -357 -5502
10742 1315 -351 -5507
10770 1326 -358 -5503
10826 1309 -352 -5508
10850 1311 -358 -5499
10902 1321 -355 -5507
10936 1317 -355 -5503
10993 1320 -360 -5504
11014 1312 -357 -5510
11071 1316 -352 -5500
11099 1316 -365 -5503
11140 1322 -259 -5497
11190 1287 -246 -5431
11238 1327 -172 -5374
11262 1328 -159 -5380
11305 1325 -160 -5385
11356 1323 -251 -5392
11404 1286 -263 -5391
11429 1281 -259 -5390
11489 1283 -258 -5387
11510 1280 -260 -5385
11570 1285 -259 -5386
11595 1287 -262 -5385
11649 1289 -262 -5388
11679 1292 -255 -5387
11733 1292 -266 -5388
11760 1289 -263 -5382
11812 1286 -261 -5392
11859 1278 -263 -5386
11884 1295 -256 -5391
11936 1287 -262 -5391
11987 1292 -254 -5389
12008 1289 -254 -5385
12068 1285 -260 -5392
12091 1283 -258 -5385
12146 1282 -257 -5389
12172 1287 -264 -5389
12227 1279 -259 -5385
12270 1292 -265 -5386
12305 1285 -265 -5384
12341 1287 -258 -5388
12391 1289 -253 -5391
12439 1305 -170 -5362
12463 1235 -135 -5306
12521 1307 -97 -5300
12552 1307 -95 -5299
12588 1307 -95 -5302
12640 1266 -196 -5309
12688 1259 -197 -5313
12711 1265 -193 -5312
12767 1265 -196 -5313
12794 1267 -193 -5315
12851 1261 -194 -5314
12884 1266 -195 -5314
12922 1256 -194 -5315
12973 1262 -196 -5312
13003 1267 -197 -5312
13057 1266 -197 -5315
13083 1264 -194 -5313
13142 1273 -198 -5315
13187 1260 -199 -5314
13228 1265 -192 -5314
13257 1267 -192 -5313
13298 1261 -202 -5312
13348 1256 -190 -5317
13392 1268 -194 -5312
13415 1263 -192 -5320
13467 1267 -199 -5314
13498 1261 -195 -5317
13547 1254 -200 -5313
13596 1264 -193 -5317
13623 1258 -204 -5314
13686 1265 -198 -5310
13704 1261 -199 -5320
13763 1265 -202 -5310
13788 1269 -199 -5317
13843 1265 -198 -5315
13875 1265 -191 -5322
13931 1259 -196 -5315
13969 1259 -194 -5311
13996 1265 -195 -5310
14045 1260 -197 -5321
14094 1265 -190 -5313
14117 1262 -197 -5315
14159 1269 -201 -5310
14212 1268 -190 -5310
14261 1271 -203 -5307
14284 1255 -194 -5313
14342 1265 -198 -5317
14368 1265 -196 -5310
14416 1245 -132 -5335
14466 1328 -203 -5399
14495 1354 -203 -5428
14549 1352 -206 -5432
14572 1351 -206 -5426
14620 1317 -274 -5439
14670 1308 -286 -5429
14697 1312 -282 -5429
14754 1316 -279 -5428
14780 1315 -275 -5427
14841 1313 -279 -5433
14861 1308 -282 -5430
14924 1310 -272 -5423
14944 1309 -276 -5428
15006 1314 -278 -5434
15027 1317 -275 -5430
15068 1315 -282 -5430
15118 1313 -285 -5432
15167 1314 -270 -5431
15194 1311 -278 -5429
15249 1312 -282 -5427
15277 1319 -279 -5433
15335 1317 -271 -5429
15360 1313 -279 -5429
15420 1306 -276 -5425
15441 1313 -277 -5423
15493 1311 -276 -5426
15550 1316 -283 -5428
15565 1315 -273 -5421
15625 1351 -268 -5462
15657 1293 -304 -5542
15694 1262 -293 -5555
15744 1265 -290 -5551
15789 1264 -305 -5536
15826 1324 -363 -5537
15875 1318 -359 -5536
15898 1321 -356 -5533
15952 1322 -363 -5536
15980 1326 -357 -5531
16034 1314 -355 -5536
16062 1323 -354 -5531
16113 1322 -357 -5527
16163 1319 -362 -5540
16193 1319 -355 -5531
16234 1320 -357 -5530
16286 1320 -354 -5532
16332 1317 -362 -5537
16354 1319 -356 -5535
16409 1317 -365 -5534
16458 1320 -355 -5534
16476 1317 -357 -5531
16533 1317 -357 -5530
16558 1323 -354 -5528
16613 1314 -353 -5536
16646 1319 -360 -5527
16692 1325 -358 -5536
16740 1320 -361 -5532
16766 1312 -360 -5530
16825 1317 -353 -5530
16849 1319 -361 -5530
16906 1315 -355 -5533
16933 1317 -357 -5531
16992 1316 -354 -5540
17023 1321 -354 -5535
17060 1316 -356 -5538
17109 1315 -356 -5538
17158 1324 -355 -5532
17179 1327 -349 -5527
17243 1321 -352 -5535
17262 1319 -351 -5540
17314 1319 -361 -5530
17365 1327 -353 -5526
17394 1317 -350 -5531
17429 1310 -355 -5530
17479 1321 -352 -5528
17525 1315 -358 -5526
17554 1321 -357 -5534
17614 1319 -350 -5532
17635 1322 -357 -5534
17694 1317 -355 -5526
17717 1323 -360 -5531
17778 1312 -351 -5528
17802 1323 -352 -5527
17864 1318 -355 -5530
17883 1321 -358 -5526
17943 1325 -353 -5534
17969 1316 -349 -5529
18028 1322 -348 -5533
18051 1311 -348 -5529
18108 1312 -352 -5528
18132 1326 -351 -5532
18193 1318 -354 -5530
18213 1315 -346 -5529
18258 1321 -353 -5539
18307 1314 -355 -5531
18357 1320 -355 -5533
18380 1321 -349 -5535
18438 1327 -348 -5525
18467 1324 -348 -5530
18506 1318 -357 -5530
18555 1321 -359 -5520
18605 1315 -354 -5526
18627 1317 -351 -5529
18679 1323 -354 -5532
18721 1322 -356 -5531
18769 1313 -353 -5535
18794 1317 -342 -5530
18847 1318 -355 -5530
18896 1319 -354 -5524
18919 1322 -353 -5522
18974 1321 -350 -5529
19002 1317 -347 -5520
19057 1313 -354 -5531
19108 1314 -345 -5532
19131 1321 -360 -5528
19173 1317 -350 -5532
19220 1323 -350 -5537
19271 1321 -354 -5527
19295 1314 -357 -5524
19353 1320 -348 -5527
19377 1314 -353 -5530
19430 1319 -352 -5533
19472 1310 -345 -5525
19496 1315 -351 -5535
19556 1312 -358 -5534
19581 1318 -353 -5530
19640 1314 -361 -5528
19664 1321 -355 -5529
19725 1321 -348 -5532
19746 1318 -350 -5532
19799 1314 -349 -5526
19846 1316 -350 -5530
19870 1310 -356 -5527
19928 1323 -356 -5530
19951 1316 -360 -5534
20013 1319 -355 -5532
20050 1320 -342 -5531
20078 1317 -356 -5522
20135 1323 -346 -5534
20160 1314 -343 -5529
20222 1320 -353 -5530
20243 1324 -346 -5526
20297 1320 -355 -5531
20344 1318 -351 -5525
20379 1317 -355 -5538
20406 1317 -353 -5530
20457 1316 -349 -5536
20506 1322 -352 -5530
20531 1317 -348 -5535
20586 1317 -351 -5532
20635 1312 -347 -5524
20663 1319 -342 -5527
20700 1313 -349 -5530
20747 1324 -349 -5534
20798 1321 -348 -5536
20821 1319 -348 -5532
20866 1329 -351 -5530
20914 1319 -348 -5528
20963 1322 -353 -5533
20989 1326 -353 -5527
21044 1315 -354 -5526
21068 1310 -348 -5527
21128 1312 -348 -5532
21153 1317 -349 -5529
21214 1326 -353 -5532
21235 1318 -350 -5535
21285 1313 -349 -5524
21333 1318 -349 -5532
21360 1313 -345 -5539
21411 1313 -347 -5529
21460 1320 -347 -5526
21484 1317 -346 -5525
21542 1315 -348 -5527
21566 1314 -352 -5529
21616 1314 -353 -5528
21667 1315 -349 -5525
21691 1323 -349 -5527
21747 1318 -354 -5530
21776 1322 -353 -5521
21831 1321 -358 -5531
21856 1317 -345 -5536
21912 1314 -349 -5525
21940 1323 -352 -5524
22003 1315 -347 -5523
22029 1315 -350 -5528
22067 1323 -345 -5521
22115 1318 -350 -5526
22166 1321 -347 -5533
22190 1314 -349 -5531
22249 1319 -352 -5525
22271 1324 -344 -5530
22326 1321 -353 -5525
22359 1317 -352 -5528
22414 1323 -348 -5527
22435 1323 -354 -5528
22495 1323 -353 -5533
22533 1315 -357 -5525
22581 1321 -349 -5530
22602 1317 -352 -5527
22655 1317 -351 -5526
22701 1322 -351 -5533
22737 1316 -352 -5534
22787 1321 -354 -5525
22809 1323 -349 -5525
22870 1313 -345 -5530
22895 1312 -353 -5526
22950 1320 -358 -5530
22976 1313 -349 -5531
23033 1320 -351 -5526
23058 1314 -342 -5531
23114 1316 -350 -5527
23142 1315 -348 -5526
23197 1317 -345 -5528
23223 1315 -350 -5530
23278 1318 -352 -5522
23307 1320 -350 -5520
23378 1319 -356 -5518
23405 1316 -352 -5529
23441 1317 -346 -5529
23491 1314 -348 -5528
23516 1318 -346 -5534
23579 1318 -348 -5523
23600 1315 -353 -5525
23651 1318 -349 -5526
23678 1312 -347 -5535
23726 1316 -342 -5524
23785 1317 -359 -5526
23804 1316 -345 -5525
23863 1318 -352 -5529
23904 1319 -357 -5533
23924 1318 -354 -5532
23968 1323 -350 -5520
24018 1311 -350 -5530
24067 1311 -349 -5527
24091 1312 -349 -5519
24148 1316 -353 -5532
24175 1321 -355 -5520
24235 1316 -350 -5527
24261 1317 -347 -5529
24316 1323 -349 -5524
24341 1323 -350 -5533
24395 1314 -350 -5529
24423 1319 -345 -5521
24485 1325 -354 -5528
24521 1322 -348 -5524
24546 1316 -349 -5530
24598 1321 -342 -5526
24647 1315 -345 -5521
24672 1314 -350 -5528
24726 1316 -348 -5530
24754 1309 -354 -5529
24809 1315 -355 -5529
24836 1314 -351 -5528
24880 1314 -350 -5532
24935 1316 -350 -5532
24990 1317 -348 -5528
25008 1319 -347 -5525
25045 1317 -339 -5524
25098 1312 -353 -5527
25144 1314 -347 -5531
25167 1315 -354 -5537
25227 1314 -349 -5527
25256 1315 -348 -5520
25308 1318 -350 -5529
25331 1319 -348 -5526
25389 1322 -347 -5526
25420 1312 -350 -5528
25468 1313 -353 -5527
25517 1320 -358 -5525
25539 1323 -352 -5533
25596 1311 -349 -5524
25620 1315 -357 -5525
25681 1322 -346 -5525
25705 1311 -355 -5528
25756 1311 -353 -5536
25788 1320 -353 -5527
25842 1314 -350 -5527
25875 1320 -348 -5526
25922 1311 -351 -5521
25974 1315 -348 -5531
25993 1320 -347 -5527
26054 1316 -345 -5528
26078 1322 -353 -5525
26136 1319 -354 -5526
26161 1310 -347 -5529
26217 1314 -339 -5528
26245 1318 -347 -5527
26291 1321 -351 -5527
26344 1316 -345 -5525
26368 1313 -350 -5522
26425 1318 -351 -5528
26449 1316 -350 -5525
26493 1317 -352 -5528
26543 1313 -350 -5523
26576 1317 -342 -5529
26627 1311 -343 -5523
26672 1322 -352 -5524
26697 1318 -353 -5530
26758 1317 -339 -5523
26784 1311 -354 -5525
26842 1320 -358 -5524
26866 1318 -348 -5519
26918 1313 -344 -5530
26950 1311 -354 -5530
27006 1319 -346 -5523
27027 1312 -342 -5533
27088 1317 -352 -5530
27114 1323 -344 -5529
27171 1310 -349 -5524
27196 1318 -348 -5523
27253 1313 -349 -5533
27281 1315 -349 -5522
27339 1317 -346 -5527
27364 1319 -348 -5526
27420 1313 -348 -5520
27447 1317 -355 -5530
27517 1313 -347 -5521
27531 1313 -342 -5526
27587 1310 -346 -5523
27608 1312 -347 -5527
27667 1316 -345 -5527
27693 1313 -349 -5522
27750 1319 -344 -5525
27776 1316 -352 -5523
27830 1323 -357 -5533
27858 1321 -351 -5529
27913 1316 -353 -5529
27962 1317 -346 -5534
27983 1318 -348 -5529
28038 1318 -349 -5532
28068 1322 -348 -5525
28126 1310 -351 -5528
28149 1314 -353 -5533
28202 1321 -346 -5528
28251 1317 -347 -5528
28274 1307 -351 -5524
28322 1318 -345 -5524
28374 1315 -354 -5531
28401 1314 -343 -5525
28454 1312 -346 -5523
28482 1311 -351 -5526
28520 1311 -352 -5528
28570 1312 -356 -5520
28624 1312 -356 -5527
28645 1315 -348 -5526
28701 1313 -351 -5528
28726 1314 -355 -5529
28781 1309 -347 -5526
28813 1314 -350 -5528
28861 1319 -352 -5527
28912 1310 -349 -5524
28935 1318 -344 -5532
28992 1318 -356 -5527
29091 1315 -344 -5525
29093 1314 -355 -5529
29109 1313 -345 -5528
29144 1316 -354 -5532
29194 1325 -349 -5532
29225 1311 -349 -5520
29282 1321 -346 -5533
