13 1174 4 -5091
28 1183 -5 -5085
35 1174 3 -5088
50 1186 7 -5077
53 1181 1 -5085
57 1174 4 -5084
59 1179 -5 -5084
64 1166 4 -5084
66 1182 5 -5081
68 1175 3 -5080
70 1185 -7 -5083
72 1190 -2 -5080
74 1180 0 -5082
77 1183 9 -5091
79 1182 2 -5081
81 1187 -2 -5087
82 1180 5 -5080
84 1176 3 -5078
84 1176 4 -5077
86 1176 6 -5070
87 1171 3 -5076
88 1174 4 -5082
90 1184 7 -5074
91 1179 -8 -5077
92 1182 7 -5079
95 1185 7 -5086
97 1177 3 -5075
98 1174 -1 -5085
101 1179 2 -5073
102 1181 3 -5085
103 1182 -2 -5078
104 1174 6 -5075
106 1182 7 -5076
108 1177 7 -5080
111 1182 12 -5076
112 1183 2 -5077
113 1173 7 -5079
115 1172 -4 -5079
117 1177 -2 -5073
118 1183 9 -5077
120 1182 7 -5075
133 1178 5 -5076
182 1182 13 -5069
229 1170 -1 -5080
256 1184 9 -5076
318 1176 2 -5075
335 1178 6 -5081
394 1178 4 -5075
421 1169 -2 -5075
481 1185 5 -5085
502 1189 -2 -5075
562 1184 1 -5070
593 1173 5 -5078
629 1171 3 -5077
677 1183 1 -5074
727 1182 11 -5068
752 1176 -1 -5072
811 1179 4 -5070
832 1180 3 -5073
888 1184 5 -5072
916 1180 7 -5077
971 1178 1 -5075
998 1180 6 -5073
1052 1183 6 -5074
1080 1184 2 -5074
1138 1179 5 -5076
1163 1182 10 -5077
1221 1182 5 -5074
1246 1176 7 -5073
1305 1175 -1 -5074
1331 1180 4 -5065
1389 1183 2 -5072
1409 1178 107 -5067
1468 1211 52 -5113
1494 1227 70 -5110
1550 1224 67 -5117
1577 1231 75 -5111
1633 1225 -6 -5112
1662 1192 -7 -5113
1722 1185 -5 -5110
1751 1182 -2 -5105
1791 1182 1 -5114
1841 1191 -5 -5115
1886 1188 -7 -5113
1908 1191 -5 -5104
1967 1191 -5 -5111
2012 1187 -11 -5108
2037 1187 -12 -5108
2094 1189 -3 -5112
2120 1189 -6 -5110
2175 1187 -10 -5110
2209 1194 -9 -5110
2240 1187 -10 -5113
2290 1185 -3 -5110
2341 1188 -4 -5111
2364 1191 -7 -5113
2419 1189 -2 -5110
2448 1190 2 -5115
2507 1189 -10 -5109
2528 1190 0 -5114
2588 1185 -5 -5110
2609 1186 4 -5113
2670 1186 -8 -5107
2693 1189 0 -5113
2752 1189 0 -5117
2776 1186 1 -5106
2835 1187 -2 -5111
2859 1188 0 -5108
2919 1183 1 -5106
2947 1200 40 -5116
3002 1201 25 -5141
3025 1155 53 -5148
3077 1154 57 -5154
3110 1159 54 -5146
3154 1154 -10 -5151
3204 1189 -60 -5150
3230 1187 -58 -5146
3286 1187 -66 -5145
3315 1193 -64 -5141
3368 1189 -62 -5148
3395 1190 -52 -5148
3449 1191 -57 -5144
3480 1190 -60 -5143
3526 1190 -59 -5142
3576 1195 -53 -5148
3604 1200 -61 -5152
3664 1192 -61 -5142
3687 1188 -64 -5143
3743 1191 -54 -5146
3777 1186 -58 -5143
3827 1191 -60 -5142
3850 1191 -59 -5146
3906 1196 -63 -5154
3932 1184 -61 -5147
3985 1198 -65 -5147
4033 1198 -59 -5145
4056 1188 -58 -5145
4119 1185 -55 -5149
4147 1187 -52 -5135
4200 1194 -53 -5147
4237 1188 -67 -5141
4267 1193 -52 -5150
4315 1197 -55 -5149
4372 1187 -57 -5146
4389 1182 -58 -5147
4444 1189 -57 -5149
4472 1197 -56 -5156
4529 1195 -61 -5144
4553 1191 -58 -5145
4609 1171 27 -5167
4637 1257 -13 -5203
4701 1255 -14 -5219
4720 1264 -19 -5205
4763 1257 -9 -5205
4809 1236 -85 -5210
4857 1211 -95 -5210
4887 1219 -91 -5207
4943 1212 -80 -5211
4967 1209 -92 -5215
5029 1216 -90 -5208
5052 1216 -89 -5207
5105 1213 -94 -5213
5131 1213 -84 -5212
5188 1216 -92 -5214
5218 1219 -86 -5209
5274 1217 -85 -5213
5300 1221 -81 -5213
5354 1217 -92 -5213
5382 1219 -96 -5208
5440 1211 -91 -5211
5461 1217 -89 -5209
5525 1215 -86 -5208
5550 1222 -83 -5215
5606 1216 -77 -5207
5632 1215 -89 -5211
5686 1220 -84 -5208
5714 1219 -89 -5210
5768 1213 -90 -5210
5796 1220 -83 -5218
5850 1214 -89 -5208
5874 1225 -92 -5213
5930 1219 -87 -5212
5965 1213 -82 -5208
6008 1222 -86 -5207
6055 1215 -94 -5201
6081 1224 -84 -5209
6135 1216 -89 -5212
6164 1225 -43 -5222
6220 1181 -20 -5243
6249 1187 -25 -5245
6309 1189 -23 -5241
6333 1189 -19 -5241
6391 1227 -138 -5236
6419 1233 -138 -5246
6473 1218 -140 -5239
6496 1224 -151 -5245
6554 1223 -137 -5237
6582 1225 -138 -5236
6637 1230 -138 -5244
6662 1225 -140 -5245
6716 1228 -136 -5244
6743 1223 -139 -5242
6792 1224 -141 -5242
6843 1227 -142 -5241
6875 1233 -140 -5247
6928 1227 -139 -5239
6966 1229 -134 -5246
6994 1229 -139 -5245
7040 1222 -137 -5240
7089 1227 -132 -5240
7122 1220 -149 -5240
7183 1227 -138 -5244
7206 1220 -141 -5241
7249 1233 -148 -5237
7296 1227 -138 -5245
7339 1232 -146 -5248
7365 1225 -142 -5235
7420 1233 -138 -5242
7447 1228 -145 -5240
7503 1226 -149 -5236
7531 1230 -140 -5234
7586 1224 -133 -5241
7616 1235 -130 -5238
7657 1229 -134 -5241
7706 1229 -139 -5240
7757 1229 -142 -5241
7784 1226 -136 -5233
7838 1222 -69 -5251
7873 1221 -92 -5274
7922 1294 -78 -5275
7945 1289 -72 -5273
8000 1297 -79 -5274
8027 1297 -109 -5276
8083 1249 -148 -5286
8116 1250 -151 -5274
8155 1259 -146 -5279
8205 1259 -145 -5281
8251 1248 -149 -5274
8276 1253 -147 -5269
8330 1252 -143 -5283
8359 1255 -144 -5275
8412 1252 -149 -5282
8440 1245 -146 -5269
8495 1250 -151 -5272
8522 1255 -146 -5276
8575 1260 -146 -5271
8607 1251 -142 -5274
8656 1253 -144 -5275
8707 1256 -141 -5280
8730 1249 -137 -5268
8803 1255 -143 -5265
8820 1259 -149 -5277
8855 1252 -149 -5275
8909 1255 -143 -5277
8955 1250 -149 -5270
8986 1255 -152 -5273
9023 1259 -137 -5274
9071 1255 -148 -5280
9120 1248 -145 -5273
9147 1251 -141 -5272
9202 1255 -154 -5275
9230 1255 -150 -5268
9289 1257 -145 -5270
9336 1259 -143 -5276
9370 1256 -142 -5276
9391 1256 -150 -5278
9449 1258 -142 -5267
9474 1255 -145 -5280
9529 1255 -146 -5279
9558 1254 -148 -5277
9611 1260 -143 -5273
9658 1258 -145 -5270
9687 1260 -147 -5274
9741 1259 -144 -5279
9765 1256 -148 -5278
9819 1258 -140 -5273
9849 1254 -140 -5274
9906 1254 -143 -5278
9931 1258 -151 -5280
9989 1254 -145 -5275
10013 1251 -149 -5272
10069 1261 -148 -5278
10096 1253 -144 -5278
10153 1258 -139 -5275
10180 1255 -144 -5272
10237 1251 -151 -5275
10263 1261 -144 -5273
10316 1248 -145 -5275
10363 1263 -149 -5277
10401 1257 -150 -5279
10428 1253 -147 -5278
10480 1261 -150 -5277
10529 1249 -142 -5277
10570 1251 -158 -5274
10600 1250 -153 -5276
10650 1255 -140 -5281
10693 1260 -152 -5280
10719 1258 -154 -5278
10779 1261 -146 -5277
10802 1257 -145 -5281
10844 1257 -82 -5269
10892 1184 -34 -5267
10938 1176 -33 -5266
10966 1190 -23 -5266
11024 1184 -31 -5258
11050 1239 -149 -5258
11107 1241 -146 -5257
11131 1247 -157 -5259
11188 1237 -155 -5256
11217 1240 -155 -5256
11272 1244 -160 -5259
11298 1241 -159 -5258
11356 1241 -155 -5253
11389 1245 -146 -5259
11426 1242 -157 -5257
11478 1240 -149 -5261
11505 1236 -148 -5251
11566 1243 -154 -5253
11585 1242 -152 -5254
11646 1248 -151 -5257
11676 1245 -155 -5245
11717 1234 -153 -5260
11762 1237 -150 -5254
11809 1242 -149 -5259
11834 1247 -147 -5259
11895 1238 -156 -5259
11924 1232 -153 -5253
11976 1233 -159 -5253
12009 1240 -155 -5263
12063 1241 -155 -5253
12085 1238 -149 -5256
12140 1239 -154 -5251
12166 1241 -147 -5249
12227 1240 -153 -5254
12252 1248 -152 -5243
12307 1238 -149 -5260
12339 1207 -57 -5216
12376 1281 -32 -5215
12433 1281 -32 -5219
12472 1286 -29 -5216
12500 1284 -34 -5220
12555 1228 -106 -5224
12580 1221 -107 -5225
12643 1218 -107 -5228
12662 1220 -108 -5228
12720 1228 -109 -5229
12750 1221 -101 -5223
12809 1230 -109 -5232
12830 1221 -102 -5230
12884 1221 -109 -5235
12919 1227 -107 -5232
12954 1219 -103 -5223
13008 1229 -104 -5220
13053 1222 -108 -5226
13076 1223 -97 -5224
13136 1227 -104 -5228
13165 1220 -105 -5227
13201 1224 -105 -5229
13252 1226 -106 -5226
13301 1218 -111 -5229
13326 1225 -98 -5228
13382 1229 -99 -5224
13408 1221 -112 -5227
13469 1229 -103 -5228
13495 1228 -114 -5226
13535 1226 -99 -5235
13585 1220 -107 -5223
13629 1218 -105 -5229
13654 1220 -99 -5224
13716 1227 -105 -5231
13741 1232 -105 -5219
13797 1227 -108 -5228
13833 1227 -111 -5227
13869 1226 -106 -5227
13920 1222 -104 -5225
13949 1224 -109 -5227
13995 1224 -104 -5226
14046 1225 -74 -5264
14073 1196 -36 -5256
14128 1201 -39 -5257
14153 1191 -38 -5258
14210 1193 -39 -5257
14236 1220 -150 -5252
14295 1232 -147 -5245
14340 1232 -155 -5251
14359 1232 -145 -5252
14424 1227 -151 -5255
14443 1232 -146 -5255
14498 1229 -153 -5254
14521 1241 -154 -5252
14566 1229 -152 -5252
14617 1229 -150 -5253
14667 1225 -143 -5254
14702 1234 -140 -5257
14731 1232 -147 -5259
14784 1240 -147 -5257
14826 1231 -154 -5250
14854 1227 -153 -5259
14911 1228 -155 -5252
14939 1229 -150 -5252
14994 1237 -152 -5251
15022 1226 -148 -5253
15074 1231 -148 -5255
15104 1230 -154 -5257
15163 1231 -149 -5250
15187 1232 -147 -5252
15247 1237 -146 -5250
15272 1235 -151 -5247
15325 1225 -151 -5251
15352 1231 -150 -5255
15403 1228 -151 -5248
15451 1232 -146 -5247
15481 1226 -153 -5258
15536 1200 -91 -5276
15563 1291 -81 -5280
15622 1289 -82 -5280
15643 1295 -82 -5276
15699 1309 -80 -5286
15724 1260 -160 -5282
15778 1266 -148 -5290
15806 1255 -149 -5277
15863 1255 -159 -5289
15892 1266 -158 -5287
15950 1257 -157 -5283
15982 1257 -150 -5281
16029 1259 -145 -5284
16055 1257 -148 -5276
16109 1259 -152 -5286
16137 1259 -162 -5283
16194 1251 -154 -5284
16220 1266 -153 -5287
16276 1254 -156 -5283
16307 1252 -147 -5287
16361 1250 -150 -5280
16390 1253 -158 -5282
16450 1255 -156 -5281
16470 1249 -149 -5284
16525 1255 -152 -5277
16556 1258 -153 -5279
16614 1260 -148 -5288
16639 1259 -152 -5283
16694 1252 -152 -5285
16717 1258 -152 -5279
16776 1260 -155 -5281
16801 1259 -153 -5279
16860 1256 -154 -5278
16884 1261 -158 -5278
16925 1254 -152 -5285
16980 1256 -152 -5285
17026 1258 -157 -5277
17055 1258 -160 -5279
17115 1255 -159 -5281
17134 1256 -152 -5284
17192 1255 -154 -5280
17231 1258 -155 -5280
17254 1254 -151 -5280
17309 1249 -153 -5284
17354 1262 -143 -5284
17386 1257 -148 -5287
17422 1249 -159 -5288
17474 1252 -149 -5284
17525 1259 -150 -5286
17546 1256 -156 -5286
17604 1263 -152 -5275
17634 1258 -147 -5280
17669 1259 -154 -5281
17720 1257 -155 -5283
17772 1255 -152 -5281
17794 1254 -156 -5287
17849 1253 -155 -5289
17877 1255 -162 -5284
17931 1262 -153 -5277
17960 1248 -151 -5279
18010 1266 -152 -5282
18057 1255 -154 -5283
18082 1257 -155 -5283
18137 1257 -150 -5287
18164 1263 -156 -5279
18221 1257 -152 -5286
18252 1257 -148 -5284
18307 1259 -152 -5282
18333 1258 -149 -5281
18391 1262 -156 -5284
18414 1260 -154 -5280
18470 1263 -149 -5282
18506 1259 -151 -5289
18546 1259 -152 -5281
18599 1260 -152 -5289
18627 1257 -157 -5281
18681 1269 -149 -5289
18714 1257 -150 -5284
18766 1254 -159 -5286
18789 1253 -151 -5284
18850 1248 -154 -5292
18872 1265 -156 -5285
18925 1255 -144 -5281
18953 1256 -150 -5283
18997 1255 -151 -5285
19052 1258 -150 -5284
19079 1267 -157 -5287
19132 1258 -146 -5280
19161 1259 -157 -5279
19209 1253 -152 -5281
19258 1255 -154 -5291
19284 1260 -158 -5284
19342 1260 -155 -5282
19375 1254 -152 -5289
19423 1263 -158 -5286
19460 1254 -148 -5275
19490 1264 -154 -5286
19542 1259 -148 -5288
19590 1257 -150 -5289
19620 1257 -153 -5286
19674 1259 -159 -5283
19702 1264 -153 -5280
19756 1256 -148 -5284
19781 1255 -149 -5293
19830 1259 -152 -5288
19879 1260 -157 -5282
19906 1257 -152 -5275
19960 1262 -155 -5284
19994 1259 -142 -5281
20031 1262 -154 -5281
20086 1264 -147 -5281
20130 1253 -148 -5283
20156 1254 -155 -5285
20215 1257 -146 -5285
20236 1260 -149 -5283
20301 1259 -147 -5280
20319 1260 -156 -5283
20376 1261 -155 -5285
20410 1255 -154 -5284
20465 1257 -153 -5281
20483 1257 -154 -5277
20537 1268 -156 -5280
20565 1255 -146 -5285
20624 1264 -154 -5282
20650 1259 -148 -5290
20701 1259 -151 -5276
20750 1270 -155 -5286
20773 1262 -147 -5283
20827 1264 -147 -5283
20856 1253 -145 -5288
20905 1257 -148 -5289
20953 1256 -150 -5279
20978 1258 -154 -5282
21033 1251 -161 -5284
21063 1258 -154 -5286
21113 1261 -153 -5281
21163 1260 -145 -5276
21184 1255 -152 -5284
21243 1265 -154 -5289
21274 1262 -150 -5289
21328 1250 -156 -5283
21366 1258 -152 -5283
21411 1265 -159 -5283
21434 1267 -158 -5284
21489 1260 -149 -5291
21515 1257 -149 -5282
21572 1256 -152 -5280
21617 1262 -151 -5277
21653 1263 -154 -5280
21705 1255 -154 -5282
21731 1262 -154 -5285
21766 1257 -155 -5283
21816 1258 -151 -5277
21864 1259 -157 -5289
21890 1262 -150 -5281
21948 1259 -146 -5281
21988 1252 -160 -5284
22016 1257 -155 -5282
22073 1256 -152 -5284
22098 1256 -152 -5283
22152 1259 -151 -5282
22180 1252 -155 -5282
22230 1264 -152 -5285
22290 1257 -151 -5280
22307 1259 -154 -5286
22367 1262 -152 -5285
22388 1254 -149 -5281
22444 1253 -154 -5280
22470 1259 -154 -5276
22530 1268 -151 -5285
22555 1257 -151 -5287
22610 1262 -152 -5281
22642 1260 -157 -5284
22676 1260 -152 -5285
22726 1256 -152 -5280
22774 1254 -154 -5278
22799 1259 -146 -5282
22856 1258 -155 -5280
22882 1259 -153 -5282
22938 1262 -147 -5284
22966 1258 -149 -5284
23022 1256 -153 -5277
23076 1258 -151 -5280
23091 1259 -147 -5281
23140 1257 -153 -5281
23195 1261 -144 -5281
23217 1258 -150 -5286
23274 1254 -156 -5285
23305 1266 -153 -5287
23363 1253 -149 -5286
23386 1264 -158 -5281
23447 1258 -146 -5288
23466 1257 -150 -5276
23527 1259 -156 -5277
23554 1259 -147 -5281
23597 1257 -150 -5282
23637 1262 -158 -5282
23687 1265 -161 -5285
23721 1253 -154 -5288
23774 1266 -155 -5288
23796 1261 -149 -5275
23851 1262 -157 -5281
23882 1262 -143 -5282
23936 1256 -159 -5284
23960 1258 -150 -5283
24022 1259 -158 -5282
24051 1261 -162 -5292
24088 1262 -147 -5282
24137 1257 -152 -5277
24186 1263 -152 -5287
24213 1258 -152 -5285
24271 1260 -152 -5279
24293 1266 -154 -5288
24351 1255 -149 -5281
24378 1255 -154 -5282
24433 1263 -152 -5277
24456 1262 -156 -5284
24517 1258 -151 -5278
24539 1263 -153 -5279
24591 1260 -149 -5287
24639 1259 -154 -5280
24660 1260 -156 -5288
24720 1262 -160 -5283
24748 1262 -151 -5288
24805 1259 -150 -5284
24827 1261 -154 -5283
24886 1255 -146 -5280
24910 1253 -156 -5280
24962 1260 -150 -5286
25012 1256 -151 -5281
25037 1259 -151 -5288
25094 1257 -156 -5279
25118 1257 -159 -5289
25172 1259 -154 -5287
25206 1258 -150 -5288
25254 1258 -149 -5286
25300 1260 -153 -5285
25327 1259 -153 -5283
25386 1261 -151 -5283
25409 1262 -158 -5288
25464 1256 -145 -5289
25490 1246 -151 -5280
25546 1258 -147 -5284
25572 1263 -148 -5283
25627 1260 -153 -5283
25676 1257 -144 -5285
25704 1258 -146 -5286
25741 1260 -153 -5288
25789 1257 -156 -5280
25843 1259 -143 -5287
25870 1260 -149 -5289
25923 1265 -150 -5287
25963 1261 -147 -5281
25988 1261 -152 -5288
26036 1259 -156 -5289
26092 1255 -150 -5283
26112 1261 -146 -5291
26175 1257 -161 -5286
26198 1263 -150 -5282
26248 1259 -148 -5288
26276 1263 -147 -5286
26326 1262 -153 -5288
26375 1260 -159 -5286
26402 1262 -156 -5281
26459 1264 -153 -5281
26484 1259 -143 -5288
26539 1262 -150 -5284
26567 1264 -157 -5283
26622 1258 -148 -5283
26650 1266 -151 -5287
26708 1254 -149 -5287
26736 1252 -149 -5287
26793 1255 -155 -5280
26817 1261 -155 -5285
26875 1259 -157 -5286
26896 1259 -149 -5282
26952 1261 -157 -5283
27000 1250 -159 -5281
27036 1261 -147 -5288
27066 1256 -148 -5284
27115 1258 -147 -5285
27166 1260 -151 -5284
27188 1264 -149 -5287
27247 1255 -150 -5289
27270 1256 -149 -5283
27327 1265 -155 -5284
27357 1264 -152 -5280
27411 1259 -152 -5282
27443 1255 -153 -5284
27496 1261 -155 -5289
27532 1262 -151 -5288
27561 1260 -153 -5285
27610 1259 -152 -5287
27657 1260 -142 -5283
27687 1265 -149 -5289
27736 1265 -156 -5287
27767 1265 -157 -5284
27813 1262 -158 -5283
27864 1263 -151 -5279
27892 1259 -153 -5285
27945 1264 -155 -5279
27973 1262 -159 -5285
28031 1268 -150 -5289
28057 1265 -151 -5285
28117 1264 -147 -5284
28140 1265 -151 -5279
28194 1253 -152 -5276
28220 1264 -147 -5288
28278 1257 -147 -5282
28305 1255 -157 -5275
28358 1254 -150 -5278
28388 1261 -151 -5283
28447 1256 -150 -5282
28474 1262 -157 -5284
28533 1256 -144 -5278
28551 1259 -148 -5288
28610 1255 -146 -5288
28640 1251 -154 -5285
28696 1266 -147 -5284
28723 1263 -146 -5282
28780 1263 -152 -5282
28808 1256 -156 -5287
28842 1262 -153 -5285
28891 1263 -152 -5279
28939 1260 -145 -5288
28967 1262 -156 -5281
29024 1250 -153 -5275
29053 1256 -154 -5284
29109 1263 -150 -5274
29135 1257 -157 -5281
29192 1251 -153 -5279
29216 1252 -158 -5280
29273 1254 -150 -5284
