7 -1483 -2407 -6111
54 -1485 -2398 -6100
183 -1489 -2396 -6119
213 -1485 -2397 -6108
237 -1490 -2396 -6105
259 -1484 -2394 -6104
287 -1486 -2395 -6106
318 -1478 -2393 -6103
335 -1482 -2393 -6104
364 -1481 -2394 -6103
389 -1479 -2391 -6092
410 -1479 -2392 -6098
438 -1484 -2391 -6102
460 -1481 -2392 -6097
484 -1486 -2382 -6098
507 -1482 -2388 -6094
530 -1478 -2385 -6097
553 -1479 -2389 -6096
576 -1481 -2389 -6094
603 -1474 -2385 -6092
626 -1487 -2391 -6094
649 -1482 -2377 -6088
672 -1490 -2392 -6092
695 -1482 -2383 -6088
718 -1481 -2382 -6092
741 -1485 -2381 -6088
767 -1486 -2385 -6090
790 -1484 -2378 -6087
813 -1480 -2389 -6087
838 -1479 -2386 -6086
867 -1482 -2384 -6088
896 -1481 -2384 -6080
927 -1486 -2383 -6087
960 -1482 -2380 -6084
991 -1479 -2388 -6082
1020 -1480 -2386 -6082
1049 -1479 -2379 -6089
1072 -1482 -2384 -6076
1097 -1482 -2388 -6084
1118 -1479 -2380 -6081
1141 -1476 -2380 -6077
1164 -1476 -2378 -6077
1189 -1477 -2379 -6083
1212 -1480 -2384 -6074
1233 -1479 -2381 -6085
1256 -1478 -2380 -6082
1279 -1475 -2380 -6077
1304 -1486 -2378 -6078
1325 -1483 -2386 -6075
1350 -1480 -2373 -6075
1373 -1478 -2379 -6076
1398 -1479 -2384 -6073
1421 -1480 -2375 -6078
1444 -1480 -2376 -6075
1465 -1482 -2375 -6074
1488 -1479 -2381 -6070
1511 -1474 -2371 -6072
1532 -1471 -2379 -6073
1559 -1483 -2374 -6080
1580 -1475 -2379 -6069
1605 -1478 -2374 -6073
1626 -1477 -2378 -6067
1649 -1483 -2370 -6066
1674 -1481 -2383 -6065
1697 -1473 -2373 -6074
1720 -1478 -2371 -6069
1743 -1481 -2372 -6071
1768 -1482 -2380 -6062
1791 -1474 -2374 -6067
1816 -1482 -2378 -6064
1837 -1474 -2369 -6063
1864 -1476 -2377 -6069
1889 -1484 -2373 -6066
1912 -1481 -2370 -6066
1935 -1475 -2377 -6066
1960 -1483 -2371 -6068
1985 -1477 -2373 -6066
2008 -1476 -2367 -6065
2031 -1474 -2365 -6069
2054 -1476 -2370 -6065
2077 -1473 -2368 -6062
2100 -1480 -2373 -6060
2121 -1484 -2375 -6061
2144 -1478 -2372 -6069
2167 -1477 -2373 -6063
2192 -1471 -2371 -6061
2215 -1474 -2375 -6061
2236 -1480 -2372 -6063
2261 -1473 -2367 -6068
2284 -1477 -2366 -6059
2307 -1478 -2369 -6060
2328 -1476 -2375 -6066
2351 -1478 -2370 -6058
2384 -1479 -2374 -6063
2431 -1478 -2368 -6053
2474 -1468 -2370 -6057
2507 -1480 -2369 -6062
2568 -1483 -2365 -6067
2595 -1470 -2366 -6058
2634 -1474 -2370 -6057
2691 -1473 -2369 -6060
2716 -1473 -2358 -6061
2771 -1480 -2359 -6057
2798 -1483 -2359 -6065
2843 -1481 -2361 -6060
2886 -1479 -2358 -6062
2929 -1480 -2361 -6057
2973 -1482 -2360 -6060
3020 -1488 -2361 -6053
3047 -1480 -2357 -6051
3104 -1483 -2355 -6051
3129 -1481 -2359 -6064
3184 -1470 -2353 -6055
3215 -1475 -2361 -6049
3256 -1482 -2357 -6052
3317 -1484 -2357 -6056
3338 -1479 -2351 -6052
3395 -1478 -2357 -6054
3422 -1479 -2362 -6058
3463 -1486 -2356 -6053
3502 -1478 -2358 -6052
3549 -1482 -2358 -6056
3592 -1482 -2363 -6052
3629 -1469 -2358 -6056
3684 -1471 -2357 -6055
3713 -1507 -2433 -6165
3758 -1485 -2358 -6091
3803 -1494 -2387 -6132
3850 -1495 -2401 -6148
3875 -1475 -2369 -6131
3920 -1502 -2411 -6142
3977 -1487 -2392 -6157
4004 -1502 -2400 -6142
4045 -1493 -2389 -6121
4088 -1484 -2409 -6164
4133 -1492 -2384 -6115
4178 -1503 -2403 -6156
4225 -1494 -2379 -6121
4254 -1486 -2384 -6117
4309 -1489 -2402 -6145
4332 -1487 -2371 -6119
4389 -1496 -2398 -6140
4416 -1486 -2383 -6125
4474 -1487 -2387 -6124
4497 -1486 -2391 -6129
4554 -1487 -2390 -6136
4583 -1493 -2383 -6131
4638 -1490 -2396 -6146
4667 -1481 -2376 -6121
4710 -1594 -2832 -6782
4753 -1595 -2696 -6622
4792 -1578 -2761 -6697
4833 -1590 -2785 -6780
4892 -1590 -2686 -6661
4915 -1610 -2821 -6773
4956 -1567 -2719 -6716
4995 -1588 -2763 -6731
5054 -1584 -2761 -6743
5077 -1589 -2765 -6742
5134 -1589 -2754 -6725
5159 -1581 -2752 -6728
5204 -1583 -2750 -6731
5245 -1592 -2773 -6757
5302 -1579 -2739 -6713
5333 -1586 -2774 -6744
5380 -1584 -2731 -6694
5431 -1591 -2771 -6759
5470 -1589 -2738 -6714
5497 -1580 -2750 -6713
5542 -1576 -2750 -6734
5586 -1579 -2730 -6687
5629 -1589 -2765 -6740
5660 -1593 -2765 -6939
5703 -1742 -3347 -7645
5746 -1702 -3309 -7598
5791 -1706 -3369 -7631
5833 -1748 -3454 -7788
5874 -1746 -3384 -7692
5927 -1751 -3442 -7707
5972 -1703 -3395 -7708
6000 -1730 -3415 -7702
6043 -1754 -3421 -7740
6085 -1759 -3447 -7732
6116 -1724 -3401 -7704
6161 -1717 -3407 -7692
6216 -1738 -3424 -7741
6239 -1748 -3438 -7740
6284 -1735 -3404 -7708
6321 -1726 -3414 -7692
6364 -1725 -3415 -7741
6407 -1753 -3436 -7720
6462 -1743 -3423 -7723
6491 -1727 -3432 -7718
6534 -1709 -3378 -7706
6575 -1752 -3437 -7713
6620 -1737 -3419 -7746
6655 -1731 -3554 -8406
6712 -1872 -4217 -8821
6755 -1856 -4232 -8908
6782 -1869 -4218 -8783
6837 -1941 -4420 -9012
6860 -1915 -4276 -8906
6903 -1907 -4334 -8890
6972 -1893 -4300 -8873
6997 -1920 -4371 -8992
7040 -1930 -4280 -8858
7083 -1931 -4387 -8953
7128 -1893 -4313 -8918
7151 -1909 -4326 -8918
7208 -1933 -4382 -8954
7233 -1909 -4344 -8966
7278 -1908 -4322 -8885
7321 -1897 -4354 -8945
7364 -1934 -4383 -8970
7405 -1921 -4332 -8920
7442 -1923 -4387 -8972
7489 -1887 -4296 -8915
7534 -1928 -4381 -8967
7567 -1925 -4336 -8941
7624 -1926 -4366 -8970
7647 -1923 -4969 -10114
7694 -2022 -5532 -10370
7731 -2004 -5490 -10390
7778 -2001 -5526 -10316
7825 -2091 -5680 -10476
7858 -2084 -5600 -10405
7901 -2041 -5593 -10376
7940 -2032 -5551 -10349
7999 -2063 -5640 -10497
8024 -2093 -5603 -10426
8067 -2094 -5656 -10449
8110 -2036 -5597 -10433
8149 -2058 -5620 -10438
8198 -2086 -5663 -10507
8241 -2106 -5674 -10474
8288 -2056 -5623 -10444
8337 -2051 -5668 -10472
8365 -2084 -5642 -10478
8412 -2102 -5699 -10507
8459 -2081 -5656 -10490
8490 -2072 -5654 -10447
8523 -2069 -5685 -10540
8567 -2090 -5637 -10450
8614 -2096 -5705 -10534
8659 -2173 -6819 -11852
8705 -2129 -6988 -11884
8730 -2145 -7153 -11993
8786 -2181 -7154 -12096
8814 -2269 -7344 -12146
8853 -2248 -7365 -12263
8902 -2180 -7227 -12090
8947 -2183 -7311 -12206
8990 -2219 -7367 -12249
9037 -2263 -7366 -12286
9062 -2238 -7354 -12174
9119 -2186 -7331 -12268
9144 -2209 -7346 -12223
9189 -2264 -7375 -12259
9226 -2252 -7419 -12294
9283 -2207 -7303 -12246
9308 -2207 -7346 -12196
9353 -2235 -7408 -12305
9410 -2249 -7387 -12275
9438 -2234 -7356 -12248
9485 -2220 -7382 -12256
9518 -2228 -7369 -12289
9565 -2261 -7388 -12276
9608 -2266 -7397 -12295
9655 -2445 -9632 -13893
9700 -2280 -9380 -13977
9727 -2266 -9452 -13990
9766 -2311 -9366 -14158
9825 -2471 -9582 -14083
9866 -2395 -9520 -14238
9891 -2295 -9466 -14136
9952 -2298 -9428 -14175
9977 -2430 -9704 -14303
10014 -2412 -9563 -14238
10063 -2363 -9575 -14201
10108 -2284 -9501 -14188
10153 -2372 -9602 -14249
10198 -2430 -9663 -14311
10221 -2392 -9599 -14231
10266 -2306 -9549 -14221
10309 -2340 -9628 -14285
10356 -2400 -9599 -14254
10397 -2424 -9701 -14330
10432 -2340 -9543 -14228
10475 -2352 -9597 -14252
10510 -2386 -9672 -14315
10574 -2426 -9646 -14308
10597 -2386 -9593 -14368
10644 -2559 -12431 -15805
10689 -2299 -12320 -16283
10738 -2311 -12597 -16265
10763 -2404 -12466 -16521
10806 -2522 -12599 -16284
10853 -2393 -12593 -16442
10886 -2285 -12479 -16376
10931 -2338 -12626 -16446
10982 -2481 -12614 -16408
11037 -2454 -12776 -16552
11068 -2347 -12455 -16314
11111 -2329 -12645 -16476
11136 -2440 -12692 -16484
11201 -2473 -12623 -16482
11234 -2392 -12610 -16389
11263 -2338 -12456 -16362
11310 -2387 -12557 -16434
11349 -2446 -12530 -16360
11398 -2451 -12573 -16412
11441 -2369 -12489 -16333
11470 -2381 -12351 -16322
11513 -2435 -12633 -16441
11552 -2459 -12451 -16349
11595 -2408 -12533 -16797
11640 -2378 -13983 -17188
11677 -2308 -14838 -17894
11726 -2298 -15304 -17991
11769 -2363 -15547 -18253
11814 -2386 -15723 -18231
11859 -2342 -15808 -18279
11884 -2319 -15736 -18339
11943 -2358 -15881 -18309
11970 -2405 -15742 -18325
12015 -2378 -16008 -18392
12056 -2351 -15657 -18258
12104 -2368 -16006 -18446
12137 -2401 -15777 -18351
12182 -2428 -15947 -18427
12231 -2349 -15833 -18368
12274 -2375 -15881 -18398
12317 -2398 -15940 -18435
12344 -2425 -15881 -18354
12383 -2392 -15953 -18494
12428 -2375 -15879 -18373
12475 -2428 -15815 -18422
12520 -2429 -16072 -18475
12551 -2430 -15819 -18405
12602 -2408 -16825 -20555
12649 -2192 -19159 -20280
12674 -1995 -20011 -20568
12713 -2004 -20145 -20483
12758 -2239 -20696 -20913
12795 -2287 -20277 -20721
12838 -2146 -20475 -20600
12883 -1999 -20191 -20658
12920 -2094 -20536 -20756
12979 -2275 -20450 -20800
13004 -2217 -20645 -20790
13049 -2033 -20261 -20643
13090 -2039 -20529 -20815
13133 -2189 -20490 -20783
13180 -2239 -20627 -20812
13211 -2086 -20545 -20771
13260 -2065 -20329 -20714
13307 -2150 -20677 -20887
13352 -2232 -20576 -20806
13379 -2197 -20544 -20827
13422 -2104 -20587 -20800
13465 -2125 -20389 -20776
13510 -2230 -20742 -20900
13557 -2240 -20521 -20751
13602 -2166 -20581 -20863
13627 -2134 -15841 -17112
13686 -2256 -6981 -10720
13711 -1811 -2968 -6881
13754 -1562 -2801 -6736
13799 -1540 -2731 -6620
13846 -1522 -2671 -6543
13896 -1509 -2653 -6486
13923 -1516 -2618 -6444
13964 -1512 -2593 -6410
14001 -1495 -2587 -6372
14048 -1500 -2567 -6364
14093 -1495 -2551 -6336
14141 -1492 -2544 -6324
14188 -1500 -2529 -6306
14221 -1488 -2531 -6302
14270 -1487 -2520 -6286
14299 -1489 -2507 -6265
14342 -1498 -2506 -6264
14385 -1491 -2498 -6255
14430 -1490 -2493 -6247
14461 -1477 -2490 -6239
14506 -1485 -2475 -6233
14549 -1491 -2479 -6225
14596 -1487 -2481 -6214
14639 -1481 -2489 -6278
14664 -1491 -2458 -6211
14705 -1479 -2454 -6207
14750 -1483 -2450 -6199
14797 -1480 -2449 -6190
14842 -1473 -2450 -6185
14888 -1482 -2446 -6183
14920 -1477 -2444 -6182
14965 -1481 -2440 -6178
15008 -1486 -2441 -6177
15052 -1482 -2435 -6174
15098 -1474 -2430 -6171
15123 -1483 -2434 -6168
15166 -1479 -2433 -6166
15213 -1477 -2424 -6158
15258 -1479 -2432 -6160
15303 -1489 -2423 -6158
15332 -1484 -2420 -6163
15377 -1483 -2422 -6151
15422 -1481 -2421 -6151
15467 -1480 -2416 -6146
15492 -1484 -2418 -6139
15553 -1478 -2411 -6137
15578 -1474 -2415 -6189
15623 -1491 -2451 -6288
15668 -1476 -2428 -6214
15713 -1499 -2449 -6253
15760 -1500 -2449 -6204
15786 -1484 -2441 -6233
15831 -1494 -2442 -6196
15878 -1491 -2435 -6211
15923 -1499 -2448 -6230
15970 -1493 -2419 -6180
16001 -1485 -2440 -6222
16056 -1494 -2424 -6173
16104 -1485 -2438 -6216
16141 -1493 -2435 -6202
16170 -1493 -2429 -6187
16201 -1484 -2431 -6187
16244 -1482 -2425 -6183
16287 -1491 -2430 -6191
16334 -1490 -2435 -6191
16381 -1491 -2430 -6178
16411 -1490 -2424 -6183
16456 -1496 -2428 -6190
16491 -1496 -2417 -6188
16532 -1494 -2440 -6188
16571 -1528 -2797 -6888
16614 -1595 -2837 -6758
16643 -1578 -2827 -6808
16708 -1581 -2823 -6820
16739 -1610 -2791 -6743
16782 -1590 -2842 -6832
16825 -1573 -2767 -6756
16874 -1578 -2806 -6773
16921 -1587 -2803 -6797
16948 -1590 -2791 -6790
16985 -1579 -2786 -6750
17032 -1573 -2793 -6796
17081 -1587 -2775 -6748
17134 -1586 -2790 -6788
17167 -1582 -2788 -6773
17216 -1577 -2767 -6752
17247 -1581 -2797 -6789
17294 -1582 -2764 -6751
17323 -1593 -2797 -6775
17370 -1578 -2759 -6744
17419 -1571 -2769 -6751
17444 -1573 -2759 -6733
17493 -1583 -2773 -6754
17536 -1582 -2771 -6773
17579 -1736 -3449 -7647
17624 -1711 -3398 -7620
17669 -1713 -3450 -7677
17696 -1733 -3473 -7784
17741 -1760 -3449 -7720
17788 -1745 -3459 -7735
17835 -1704 -3438 -7750
17863 -1716 -3432 -7724
17910 -1746 -3482 -7785
17955 -1751 -3489 -7779
17980 -1727 -3440 -7738
18025 -1710 -3445 -7734
18062 -1735 -3474 -7773
18109 -1755 -3488 -7797
18154 -1743 -3456 -7737
18201 -1722 -3461 -7739
18246 -1722 -3453 -7757
18275 -1749 -3465 -7773
18320 -1753 -3474 -7765
18368 -1736 -3476 -7759
18413 -1719 -3442 -7743
18442 -1735 -3468 -7783
18487 -1750 -3478 -7774
18534 -1748 -3462 -7776
18579 -1890 -4426 -8917
18608 -1892 -4332 -8803
18655 -1898 -4430 -8935
18700 -1917 -4366 -8984
18745 -1962 -4395 -8920
18774 -1946 -4411 -8973
18823 -1894 -4369 -8959
18872 -1906 -4375 -8958
18899 -1947 -4431 -8992
18946 -1944 -4440 -9018
18995 -1925 -4377 -8941
19022 -1907 -4392 -8970
19071 -1930 -4414 -8978
19118 -1942 -4432 -9015
19147 -1932 -4386 -8941
19190 -1904 -4397 -8968
19225 -1924 -4412 -8983
19270 -1921 -4396 -8982
19315 -1943 -4432 -8990
19350 -1913 -4391 -8941
19397 -1913 -4404 -8976
19446 -1936 -4407 -8982
19473 -1943 -4416 -8990
19514 -1923 -4406 -9014
