3 1180 6 -5069
8 1175 10 -5070
13 1176 14 -5071
23 1178 3 -5075
26 1181 1 -5068
27 1176 3 -5070
33 1186 9 -5075
39 1179 1 -5071
41 1181 0 -5068
47 1190 8 -5074
47 1176 2 -5074
53 1182 7 -5074
55 1183 -1 -5077
57 1182 2 -5073
58 1186 8 -5075
61 1180 3 -5066
62 1172 5 -5075
65 1175 10 -5069
66 1184 6 -5073
67 1180 1 -5071
68 1188 1 -5066
69 1177 9 -5069
71 1180 5 -5079
73 1179 2 -5074
75 1179 -1 -5067
77 1180 -2 -5073
79 1182 8 -5077
81 1170 6 -5073
81 1174 8 -5068
84 1176 5 -5071
86 1173 2 -5073
87 1176 9 -5071
88 1179 5 -5077
91 1183 4 -5071
92 1173 15 -5071
94 1173 3 -5076
97 1183 4 -5075
98 1185 7 -5070
101 1181 1 -5068
102 1178 8 -5072
128 1178 7 -5062
154 1179 6 -5070
214 1173 -2 -5072
239 1173 -1 -5074
296 1180 7 -5077
341 1179 8 -5069
369 1178 4 -5076
406 1181 6 -5072
455 1178 7 -5073
503 1177 4 -5069
547 1217 119 -5056
585 1231 114 -5054
619 1239 117 -5060
669 1175 25 -5069
703 1171 20 -5064
736 1176 13 -5067
782 1179 17 -5069
830 1173 17 -5063
858 1177 14 -5063
913 1175 17 -5071
940 1179 15 -5062
1002 1171 24 -5069
1028 1175 12 -5067
1079 1169 8 -5072
1103 1175 13 -5063
1161 1176 14 -5065
1187 1179 19 -5068
1248 1174 18 -5061
1277 1176 18 -5062
1314 1174 11 -5066
1365 1179 18 -5066
1413 1175 19 -5069
1436 1171 18 -5058
1491 1180 18 -5065
1518 1178 20 -5069
1576 1175 29 -5072
1601 1177 15 -5064
1658 1172 16 -5061
1686 1168 11 -5060
1742 1179 20 -5063
1779 1179 16 -5066
1809 1169 17 -5065
1858 1174 15 -5064
1906 1177 15 -5062
1930 1176 18 -5065
1986 1185 14 -5060
2014 1176 15 -5070
2070 1176 20 -5063
2096 1176 16 -5066
2152 1173 14 -5065
2181 1186 21 -5065
2236 1173 17 -5055
2269 1179 19 -5062
2305 1225 98 -5083
2352 1219 99 -5076
2421 1219 97 -5080
2426 1184 15 -5086
2482 1179 17 -5086
2509 1179 22 -5080
2560 1183 14 -5081
2618 1183 17 -5083
2634 1185 21 -5089
2688 1181 25 -5083
2717 1183 17 -5083
2771 1182 23 -5087
2805 1184 23 -5075
2860 1180 15 -5087
2895 1179 19 -5088
2924 1191 23 -5084
2976 1186 22 -5077
3021 1184 24 -5087
3049 1181 18 -5083
3099 1187 19 -5075
3148 1178 23 -5084
3171 1180 17 -5080
3228 1186 23 -5089
3255 1179 22 -5083
3312 1185 23 -5081
3335 1178 15 -5088
3398 1180 27 -5082
3417 1185 18 -5087
3479 1183 18 -5087
3502 1180 21 -5079
3557 1177 24 -5084
3583 1188 9 -5083
3643 1184 13 -5082
3666 1187 25 -5088
3720 1180 26 -5083
3769 1179 25 -5084
3790 1175 26 -5087
3850 1181 18 -5085
3872 1185 21 -5086
3932 1189 25 -5087
3956 1183 19 -5083
4017 1176 19 -5092
4038 1179 26 -5089
4096 1182 28 -5082
4123 1181 18 -5083
4185 1184 25 -5080
4203 1185 20 -5089
4262 1188 18 -5088
4292 1133 97 -5102
4345 1134 100 -5100
4369 1133 102 -5095
4432 1182 7 -5090
4449 1176 18 -5096
4510 1177 7 -5090
4546 1176 20 -5089
4596 1176 12 -5094
4617 1178 16 -5103
4677 1179 16 -5097
4704 1177 18 -5100
4761 1180 15 -5091
4780 1174 9 -5089
4837 1180 12 -5094
4883 1171 10 -5090
4918 1177 19 -5085
4967 1177 13 -5091
4989 1181 14 -5093
5045 1175 8 -5093
5069 1179 5 -5094
5127 1183 15 -5089
5154 1176 7 -5086
5210 1176 5 -5100
5245 1180 13 -5093
5286 1178 5 -5092
5336 1181 15 -5099
5360 1174 4 -5092
5404 1181 4 -5086
5452 1166 8 -5098
5500 1187 12 -5100
5529 1173 15 -5087
5583 1182 13 -5096
5607 1182 7 -5088
5661 1178 16 -5091
5709 1185 8 -5089
5742 1177 12 -5095
5796 1183 15 -5091
5819 1182 13 -5086
5881 1171 89 -5084
5898 1139 107 -5090
5961 1135 119 -5090
5980 1170 -12 -5078
6038 1183 -2 -5080
6062 1175 -11 -5081
6120 1175 -7 -5084
6145 1181 -4 -5078
6206 1171 -10 -5081
6227 1178 -2 -5083
6280 1173 -6 -5081
6329 1176 -15 -5083
6352 1172 -7 -5086
6414 1176 -3 -5084
6435 1179 -12 -5081
6491 1179 -5 -5084
6516 1178 -7 -5079
6572 1180 -4 -5081
6603 1181 -10 -5082
6651 1175 -9 -5085
6705 1180 -6 -5087
6724 1174 -7 -5084
6766 1176 -6 -5083
6817 1173 4 -5086
6866 1180 -8 -5081
6890 1183 -3 -5078
6948 1171 -8 -5079
6972 1172 -2 -5091
7030 1175 -9 -5080
7053 1177 -6 -5080
7109 1183 -10 -5081
7140 1185 -11 -5088
7194 1173 -7 -5084
7218 1174 -13 -5082
7279 1178 -12 -5083
7305 1177 -7 -5088
7364 1176 -11 -5077
7384 1228 92 -5080
7445 1232 91 -5079
7468 1231 52 -5095
7527 1181 -13 -5095
7550 1183 -15 -5099
7611 1181 -15 -5087
7631 1183 -9 -5092
7687 1176 -12 -5092
7716 1188 -8 -5099
7765 1183 -16 -5093
7814 1176 -19 -5093
7839 1184 -6 -5091
7890 1189 -6 -5092
7940 1179 -13 -5091
7970 1181 -8 -5097
8007 1176 -17 -5096
8059 1178 -14 -5095
8089 1186 -18 -5095
8138 1187 -7 -5089
8187 1182 -17 -5090
8214 1183 -19 -5093
8270 1185 -13 -5101
8292 1180 -10 -5098
8350 1177 -11 -5101
8377 1176 -9 -5098
8435 1181 -7 -5093
8461 1186 -10 -5091
8524 1183 -13 -5100
8553 1184 -14 -5098
8588 1182 -14 -5093
8639 1174 -12 -5091
8669 1181 -10 -5097
8716 1175 -9 -5090
8768 1176 -10 -5094
8790 1186 -10 -5097
8848 1182 -13 -5097
8873 1189 -13 -5096
8934 1178 -11 -5095
8957 1180 -10 -5093
9015 1185 -12 -5091
9035 1179 -13 -5099
9096 1185 -19 -5090
9121 1188 -14 -5094
9176 1178 -13 -5094
9220 1176 -15 -5096
9245 1185 -9 -5097
9310 1184 -16 -5095
9333 1188 -10 -5097
9368 1175 -17 -5094
9418 1183 -11 -5095
9467 1188 -11 -5094
9493 1180 0 -5093
9550 1182 -12 -5096
9577 1179 -17 -5104
9632 1183 -5 -5094
9658 1179 -12 -5092
9705 1181 -18 -5092
9756 1182 -14 -5090
9782 1184 -14 -5100
9840 1180 -11 -5097
9871 1186 -4 -5091
9926 1184 -15 -5099
9946 1189 -9 -5098
10002 1185 -17 -5090
10029 1179 -13 -5099
10085 1185 -16 -5088
10113 1178 -16 -5089
10170 1192 -9 -5093
10195 1184 -8 -5091
10256 1181 -22 -5093
10285 1182 -10 -5093
10320 1186 -14 -5091
10370 1185 -9 -5089
10418 1189 -16 -5095
10442 1191 -14 -5095
10486 1182 -15 -5093
10535 1184 -14 -5096
10590 1188 -10 -5098
10607 1188 -9 -5093
10662 1179 -14 -5093
10692 1182 -10 -5095
10742 1181 -14 -5086
10790 1186 -15 -5093
10816 1182 -14 -5093
10874 1180 -11 -5093
10906 1185 -12 -5095
10945 1187 -15 -5095
10993 1185 -14 -5097
11047 1178 -21 -5094
11067 1179 -10 -5097
11124 1186 -16 -5097
11153 1191 -13 -5090
11208 1182 -4 -5092
11245 1193 83 -5095
11271 1131 103 -5101
11319 1125 111 -5102
11369 1184 -24 -5088
11392 1193 -15 -5096
11451 1179 -19 -5102
11478 1184 -27 -5101
11535 1180 -19 -5095
11560 1186 -24 -5097
11619 1188 -12 -5099
11649 1181 -15 -5095
11685 1187 -14 -5093
11738 1190 -27 -5099
11780 1187 -19 -5101
11807 1183 -20 -5096
11871 1194 -20 -5094
11908 1190 -10 -5099
11931 1184 -23 -5095
11985 1177 -24 -5094
12016 1182 -17 -5099
12074 1183 -19 -5095
12098 1187 -16 -5100
12156 1179 -22 -5089
12178 1179 -15 -5098
12237 1188 -16 -5098
12263 1177 -23 -5099
12318 1190 -18 -5094
12344 1190 -21 -5094
12402 1189 -24 -5100
12427 1191 -20 -5101
12483 1189 -29 -5091
12510 1182 -12 -5097
12566 1192 -13 -5100
12593 1191 -23 -5099
12650 1187 -10 -5097
12674 1188 -18 -5101
12729 1184 -16 -5098
12758 1183 -23 -5096
12808 1187 -20 -5098
12858 1183 -12 -5098
12885 1184 -12 -5090
12941 1190 -25 -5095
12970 1182 -18 -5093
13027 1160 82 -5105
13049 1148 87 -5110
13104 1149 41 -5097
13135 1180 5 -5104
13172 1174 6 -5099
13222 1172 7 -5106
13270 1177 9 -5098
13298 1178 20 -5103
13360 1182 12 -5096
13379 1181 8 -5102
13440 1179 9 -5104
13465 1186 14 -5097
13523 1177 5 -5095
13546 1177 11 -5100
13601 1177 10 -5098
13628 1172 13 -5098
13686 1188 5 -5101
13710 1179 13 -5101
13765 1179 12 -5092
13793 1179 5 -5099
13854 1180 9 -5091
13882 1177 7 -5101
13924 1173 17 -5094
13974 1172 10 -5101
14017 1182 11 -5100
14043 1180 9 -5097
14097 1176 10 -5094
14152 1179 1 -5101
14169 1175 13 -5096
14224 1171 7 -5098
14252 1180 9 -5095
14307 1184 4 -5103
14343 1177 7 -5100
14374 1182 7 -5097
14419 1178 5 -5099
14475 1169 16 -5098
14499 1180 14 -5102
14556 1185 5 -5102
14578 1177 11 -5103
14635 1175 8 -5095
14658 1178 7 -5101
14717 1176 12 -5098
14747 1177 13 -5102
14802 1182 21 -5097
14827 1179 5 -5100
14884 1182 7 -5101
14907 1175 6 -5098
14970 1183 15 -5094
14990 1176 9 -5097
15055 1175 8 -5097
15073 1179 10 -5087
15116 1181 8 -5099
15173 1182 9 -5103
15216 1182 8 -5098
15237 1180 13 -5097
15291 1183 9 -5093
15321 1178 7 -5096
15374 1168 7 -5100
15404 1180 10 -5100
15464 1180 8 -5101
15485 1179 7 -5103
15545 1174 19 -5098
15568 1182 14 -5093
15620 1178 3 -5101
15669 1139 110 -5087
15695 1139 108 -5090
15754 1144 20 -5087
15779 1179 -11 -5092
15837 1185 -14 -5091
15863 1184 -8 -5088
15918 1186 -17 -5092
15940 1181 -8 -5096
15988 1184 -2 -5086
16042 1172 -13 -5083
16063 1185 -9 -5088
16118 1178 -14 -5086
16147 1176 -13 -5087
16207 1178 -5 -5088
16227 1175 -12 -5089
16287 1179 -10 -5081
16312 1180 -9 -5090
16352 1176 -12 -5090
16411 1178 -19 -5082
16444 1180 -13 -5090
16480 1182 -13 -5093
16528 1182 -8 -5092
16577 1180 -13 -5085
16601 1183 -6 -5089
16657 1179 -11 -5083
16687 1177 -18 -5091
16742 1177 -9 -5084
16768 1178 -12 -5092
16822 1174 -7 -5084
16849 1179 -11 -5085
16904 1180 -10 -5092
16931 1176 -11 -5083
16984 1173 -15 -5088
17033 1182 -9 -5084
17062 1173 44 -5094
17115 1238 93 -5086
17140 1242 88 -5087
17200 1189 -15 -5096
17222 1187 -7 -5094
17285 1181 -7 -5094
17314 1173 -10 -5093
17350 1187 -9 -5088
17398 1172 -7 -5091
17448 1187 -11 -5091
17472 1182 -18 -5096
17525 1184 -10 -5101
17559 1190 -12 -5094
17612 1183 -8 -5098
17645 1188 -9 -5089
17695 1185 -11 -5095
17718 1184 -14 -5094
17773 1189 -8 -5099
17801 1189 -12 -5096
17857 1184 -11 -5099
17886 1186 -8 -5097
17940 1190 -9 -5094
17965 1178 -4 -5103
18021 1181 -18 -5091
18049 1184 -9 -5094
18100 1178 -9 -5096
18146 1182 -8 -5095
18171 1185 -9 -5098
18228 1178 -13 -5093
18256 1184 -12 -5095
18310 1182 -9 -5096
18337 1184 -7 -5097
18396 1183 -10 -5096
18437 1182 -10 -5095
18470 1181 -10 -5098
18521 1177 -13 -5098
18547 1181 -11 -5094
18600 1171 -15 -5096
18627 1183 -19 -5099
18684 1181 -10 -5095
18716 1183 -9 -5091
18750 1188 -9 -5097
18801 1182 -9 -5099
18851 1189 -3 -5094
18875 1188 -10 -5097
18937 1180 -12 -5089
18952 1192 -13 -5097
19015 1173 -13 -5096
19050 1187 -14 -5097
19085 1186 -16 -5095
19138 1187 -14 -5097
19164 1188 -14 -5097
19221 1184 -14 -5106
19248 1181 -10 -5098
19303 1184 -18 -5099
19329 1171 -16 -5099
19385 1186 -11 -5095
19411 1189 -9 -5101
19468 1186 -7 -5103
19496 1180 -7 -5096
19544 1186 -11 -5097
19595 1187 -13 -5101
19619 1183 -11 -5093
19682 1180 -9 -5102
19707 1184 -7 -5089
19764 1186 -10 -5094
19787 1184 -14 -5090
19845 1182 -14 -5096
19864 1191 -16 -5105
19923 1181 -10 -5099
19948 1184 -11 -5097
20005 1178 -22 -5087
20036 1182 -9 -5094
20090 1180 -12 -5098
20117 1190 -13 -5096
20175 1189 -15 -5097
20196 1190 -7 -5095
20257 1181 -8 -5089
20280 1180 -10 -5093
20339 1188 -12 -5097
20362 1178 -13 -5099
20424 1181 -9 -5091
20449 1187 -5 -5091
20504 1188 -13 -5094
20531 1187 -14 -5096
20584 1180 -12 -5090
20612 1178 -12 -5088
20682 1179 -13 -5091
20691 1181 -16 -5102
20745 1181 -16 -5091
20776 1189 -9 -5091
20832 1187 -13 -5092
20857 1178 -8 -5092
20914 1182 -10 -5093
20941 1181 -20 -5094
21001 1187 -6 -5097
21021 1193 -15 -5094
21067 1184 -6 -5095
21116 1187 -11 -5101
21166 1185 -13 -5087
21188 1184 -6 -5100
21244 1187 -17 -5090
21272 1181 -22 -5093
21329 1182 -11 -5103
21353 1180 -10 -5096
21411 1179 -13 -5098
21438 1186 -10 -5099
21499 1180 -9 -5094
21520 1184 -10 -5094
21576 1182 -8 -5090
21606 1183 -12 -5094
21660 1183 -12 -5089
21689 1189 -22 -5097
21746 1180 -15 -5094
21769 1181 -13 -5100
21831 1187 -14 -5094
21850 1180 -8 -5090
21895 1188 -6 -5096
21940 1187 -18 -5096
21991 1182 -5 -5088
22020 1190 -9 -5099
22061 1180 -12 -5099
22108 1183 -9 -5097
22157 1182 -8 -5095
22180 1181 -18 -5089
22239 1180 -12 -5099
22263 1182 -12 -5095
22327 1189 -14 -5094
22345 1178 -14 -5094
22402 1183 -11 -5095
22431 1181 -8 -5093
22486 1179 -3 -5094
22512 1188 -8 -5090
22569 1186 -10 -5096
22595 1187 -14 -5090
22651 1179 -10 -5091
22680 1186 -9 -5097
22740 1182 -7 -5101
22759 1189 -15 -5091
22818 1191 -14 -5092
22841 1190 -6 -5097
22904 1180 -14 -5099
22929 1183 -13 -5096
22986 1184 -17 -5097
23019 1181 -6 -5094
23049 1185 -6 -5098
23098 1184 -12 -5091
23147 1189 -17 -5091
23172 1182 -7 -5094
23229 1181 -16 -5095
23258 1184 -10 -5095
23312 1180 -4 -5102
23338 1182 -17 -5093
23393 1181 -18 -5097
23422 1175 -19 -5098
23479 1187 -9 -5091
23503 1181 -12 -5097
23560 1186 -17 -5094
23587 1178 -12 -5096
23646 1186 -14 -5096
23669 1190 -12 -5092
23727 1185 -10 -5095
23751 1174 -15 -5097
23810 1184 -12 -5099
23834 1181 -5 -5092
23895 1181 -17 -5093
23916 1190 -12 -5098
23980 1183 -11 -5096
24002 1185 -12 -5090
24056 1182 -13 -5092
24083 1185 -17 -5091
24138 1184 -13 -5096
24165 1180 -17 -5092
24228 1191 -11 -5100
24250 1185 -13 -5096
24304 1186 -8 -5094
24330 1178 -13 -5101
24385 1181 -11 -5104
24413 1186 -15 -5094
24463 1174 -15 -5093
24511 1187 -8 -5096
24541 1191 -10 -5093
24594 1182 -9 -5089
24619 1182 -5 -5097
24675 1186 -15 -5101
24702 1185 -1 -5096
24759 1191 -11 -5091
24785 1187 -13 -5094
24840 1177 -13 -5093
24873 1181 -14 -5096
24918 1181 -10 -5097
24971 1190 -8 -5095
24996 1185 -10 -5090
25055 1180 -14 -5092
25074 1184 -18 -5099
25126 1190 -14 -5093
25175 1185 -11 -5094
25202 1181 -9 -5099
25260 1179 -13 -5099
25282 1185 -20 -5091
25337 1179 -15 -5094
25364 1185 -9 -5099
25415 1178 -13 -5098
25464 1186 -16 -5098
25486 1182 -13 -5093
25545 1176 -16 -5091
25571 1186 -10 -5091
25624 1183 -6 -5086
25652 1191 -12 -5099
25709 1182 -10 -5096
25739 1187 -8 -5101
25794 1185 -4 -5088
25822 1185 -7 -5102
25890 1183 -15 -5099
25899 1180 -9 -5091
25956 1184 -15 -5096
25987 1189 -6 -5091
26041 1177 -11 -5097
26067 1186 -16 -5099
26121 1185 -18 -5098
26152 1182 -13 -5091
26210 1184 -18 -5093
26230 1180 -16 -5092
26292 1186 -20 -5092
26314 1182 -10 -5094
26377 1179 -16 -5093
26398 1183 -14 -5087
26456 1185 -12 -5098
26486 1175 -16 -5088
26523 1176 -15 -5091
26570 1178 -11 -5095
26622 1181 -15 -5096
26649 1181 -6 -5096
26697 1183 -9 -5090
26747 1185 -13 -5088
26774 1191 -8 -5095
26830 1180 -15 -5095
26862 1176 -14 -5091
26910 1182 -3 -5091
26933 1182 -15 -5094
26984 1178 -13 -5091
27032 1178 -11 -5097
27058 1186 -8 -5104
27111 1176 -8 -5088
27159 1181 -9 -5096
27188 1185 -15 -5094
27242 1183 -7 -5091
27279 1185 -12 -5092
27307 1177 -14 -5095
27366 1188 -13 -5099
27391 1187 -15 -5098
27450 1184 -15 -5094
27470 1185 -14 -5092
27516 1184 -17 -5092
27566 1182 -14 -5093
27614 1176 -14 -5096
27639 1187 -9 -5093
27693 1182 -10 -5094
27721 1183 -14 -5095
27780 1183 -8 -5095
27803 1188 -12 -5089
27860 1183 -9 -5091
27886 1184 -8 -5095
27925 1185 -15 -5092
27981 1185 -16 -5097
28010 1188 -10 -5091
28062 1184 -11 -5095
28112 1182 -15 -5099
28134 1185 -2 -5091
28190 1181 -14 -5086
28218 1183 -13 -5091
28274 1178 -17 -5094
28300 1181 -18 -5091
28355 1184 -5 -5094
28384 1188 -9 -5093
28438 1172 -17 -5097
28468 1183 -11 -5094
28526 1181 -19 -5094
28562 1186 -13 -5096
28591 1187 -11 -5095
28639 1184 -17 -5094
28685 1183 -17 -5095
28717 1180 -18 -5089
28771 1187 -15 -5094
28796 1177 -10 -5097
28855 1184 -16 -5091
28882 1180 -23 -5097
28941 1180 -16 -5093
28961 1180 -15 -5100
29019 1182 -14 -5086
29043 1187 -7 -5092
29102 1184 -8 -5098
29137 1186 -13 -5096
29167 1186 -16 -5090
29224 1187 -11 -5094
29250 1189 -13 -5091
