7 -1475 -2357 -6119
12 -1464 -2358 -6113
13 -1469 -2360 -6104
16 -1465 -2357 -6100
17 -1469 -2344 -6094
20 -1472 -2351 -6094
21 -1469 -2350 -6091
24 -1469 -2344 -6085
25 -1467 -2339 -6086
27 -1464 -2343 -6082
30 -1464 -2328 -6069
31 -1463 -2339 -6071
34 -1453 -2334 -6074
37 -1466 -2335 -6065
40 -1460 -2332 -6060
41 -1503 -2999 -8929
44 -1841 -3388 -8130
45 -1698 -3546 -9049
48 -1657 -3501 -8770
49 -1665 -3401 -8774
52 -1746 -3656 -8893
53 -1761 -3512 -9121
56 -1794 -3571 -8832
57 -1741 -3551 -9071
60 -1697 -3568 -8973
61 -1704 -3519 -8895
64 -1733 -3626 -8997
65 -1752 -3567 -8966
68 -1760 -3572 -8994
69 -1741 -3558 -8982
72 -1728 -3574 -9046
73 -1726 -3540 -8945
76 -1740 -3594 -8997
77 -1750 -3587 -9005
80 -1731 -3587 -8954
81 -1743 -3568 -9027
84 -1730 -3567 -9009
85 -1732 -3569 -9025
126 -1728 -3460 -8133
177 -1439 -2433 -6352
206 -1471 -2430 -6251
265 -1472 -2403 -6212
290 -1472 -2379 -6178
347 -1464 -2382 -6153
384 -1467 -2367 -6147
411 -1469 -2368 -6138
468 -1460 -2360 -6119
495 -1465 -2359 -6120
552 -1460 -2359 -6106
577 -1458 -2357 -6102
636 -1463 -2347 -6100
659 -1465 -2346 -6099
716 -1461 -2338 -6088
743 -1459 -2340 -6085
798 -1460 -2351 -6082
827 -1463 -2336 -6069
894 -1458 -2345 -6072
909 -1461 -2336 -6071
968 -1454 -2337 -6070
991 -1460 -2337 -6067
1048 -1457 -2336 -6062
1073 -1463 -2338 -6060
1128 -1466 -2338 -6055
1157 -1690 -3430 -9671
1212 -1762 -3229 -8130
1239 -1720 -3473 -8869
1294 -1672 -3529 -8847
1323 -1695 -3373 -8875
1378 -1782 -3587 -8782
1407 -1803 -3586 -9206
1460 -1786 -3496 -8830
1489 -1742 -3545 -8965
1546 -1685 -3557 -9035
1571 -1709 -3503 -8851
1626 -1740 -3597 -9012
1655 -1759 -3588 -8982
1712 -1772 -3534 -8991
1737 -1750 -3552 -8986
1794 -1727 -3544 -9015
1821 -1728 -3541 -8969
1880 -1752 -3564 -8998
1903 -1757 -3582 -8990
1962 -1758 -3559 -8974
1987 -1747 -3557 -9010
2044 -1739 -3562 -9040
2071 -1724 -3557 -8991
2128 -1720 -3139 -7274
2151 -1478 -2434 -6315
2208 -1466 -2427 -6237
2233 -1465 -2391 -6200
2292 -1471 -2372 -6173
2317 -1464 -2384 -6151
2374 -1463 -2364 -6140
2401 -1464 -2363 -6127
2461 -1463 -2357 -6115
2484 -1469 -2358 -6106
2543 -1461 -2353 -6102
2568 -1467 -2351 -6095
2625 -1461 -2351 -6093
2650 -1458 -2353 -6088
2708 -1464 -2343 -6084
2733 -1463 -2342 -6069
2786 -1465 -2339 -6072
2815 -1464 -2334 -6074
2870 -1461 -2338 -6069
2899 -1455 -2342 -6058
2954 -1459 -2336 -6066
2981 -1454 -2343 -6061
3036 -1462 -2337 -6057
3067 -1463 -2338 -6058
3118 -1464 -2329 -6052
3147 -1904 -3740 -9524
3196 -1716 -3248 -8493
3247 -1731 -3399 -8724
3272 -1705 -3587 -8886
3327 -1737 -3489 -9031
3356 -1827 -3497 -8693
3413 -1905 -3652 -9116
3436 -1826 -3477 -8943
3493 -1816 -3527 -8838
3520 -1781 -3545 -9033
3575 -1794 -3551 -8891
3604 -1844 -3532 -8937
3663 -1857 -3611 -8972
3686 -1854 -3528 -8990
3741 -1822 -3536 -8964
3770 -1827 -3545 -8973
3827 -1818 -3558 -9019
3852 -1852 -3562 -8904
3909 -1851 -3583 -8999
3934 -1825 -3562 -8960
3993 -1817 -3549 -8989
4016 -1826 -3548 -8983
4071 -1827 -3565 -9009
4102 -1833 -3556 -8890
4157 -1573 -2395 -6392
4184 -1481 -2425 -6257
4241 -1475 -2418 -6215
4266 -1475 -2378 -6191
4325 -1469 -2379 -6154
4348 -1468 -2374 -6145
4403 -1468 -2365 -6130
4434 -1458 -2369 -6108
4489 -1464 -2358 -6107
4514 -1463 -2360 -6107
4569 -1463 -2350 -6101
4598 -1468 -2348 -6089
4655 -1461 -2349 -6084
4682 -1465 -2342 -6078
4739 -1456 -2351 -6075
4779 -1464 -2348 -6075
4806 -1471 -2342 -6069
4863 -1460 -2337 -6063
4889 -1467 -2333 -6063
4938 -1462 -2339 -6063
4971 -1464 -2331 -6062
5025 -1468 -2335 -6056
5053 -1460 -2331 -6053
5109 -1460 -2330 -6050
5138 -1470 -2654 -8237
5193 -1916 -3500 -8290
5220 -1700 -3509 -9044
5277 -1692 -3430 -8677
5304 -1721 -3437 -8725
5359 -1785 -3622 -8898
5386 -1806 -3463 -8970
5443 -1862 -3567 -8853
5468 -1800 -3519 -9043
5523 -1779 -3510 -8883
5552 -1792 -3502 -8902
5609 -1824 -3574 -8941
5634 -1843 -3529 -8917
5691 -1864 -3566 -8957
5718 -1847 -3518 -8936
5775 -1841 -3528 -9013
5800 -1814 -3513 -8896
5859 -1850 -3557 -8976
5882 -1827 -3554 -8958
5939 -1860 -3555 -8930
5966 -1837 -3552 -8958
6021 -1840 -3530 -8975
6050 -1831 -3544 -8977
6101 -1849 -3505 -8511
6132 -1501 -2399 -6361
6183 -1491 -2428 -6249
6214 -1472 -2405 -6198
6269 -1480 -2370 -6171
6296 -1467 -2385 -6153
6351 -1472 -2368 -6134
6380 -1462 -2361 -6125
6437 -1460 -2362 -6121
6464 -1463 -2353 -6106
6521 -1466 -2361 -6102
6546 -1461 -2352 -6099
6602 -1462 -2348 -6087
6627 -1470 -2354 -6084
6682 -1459 -2342 -6069
6711 -1460 -2349 -6075
6766 -1460 -2342 -6073
6795 -1462 -2343 -6067
6852 -1470 -2337 -6062
6879 -1463 -2338 -6064
6934 -1458 -2337 -6062
6961 -1460 -2340 -6061
7016 -1457 -2334 -6057
7043 -1461 -2337 -6052
7098 -1463 -2329 -6054
7125 -1580 -3205 -9413
7182 -1805 -3295 -8096
7209 -1718 -3519 -8952
7264 -1681 -3504 -8810
7293 -1720 -3376 -8820
7350 -1831 -3631 -8814
7375 -1810 -3524 -9164
7432 -1885 -3505 -8801
7457 -1751 -3536 -9044
7516 -1774 -3545 -8965
7539 -1732 -3499 -8900
7596 -1799 -3599 -8993
7624 -1777 -3559 -8942
7682 -1800 -3557 -9024
7707 -1762 -3565 -8966
7762 -1770 -3537 -9017
7791 -1745 -3556 -8976
7848 -1781 -3570 -8980
7871 -1752 -3578 -9012
7928 -1802 -3560 -8951
7957 -1768 -3550 -9004
7998 -1733 -3562 -9040
8049 -1752 -3568 -9013
8080 -1775 -3339 -7787
8139 -1456 -2433 -6333
8164 -1475 -2423 -6237
8223 -1474 -2401 -6203
8244 -1475 -2380 -6169
8301 -1469 -2378 -6147
8328 -1468 -2369 -6143
8389 -1467 -2369 -6124
8412 -1465 -2356 -6108
8467 -1460 -2359 -6108
8496 -1461 -2356 -6103
8553 -1464 -2354 -6092
8576 -1472 -2350 -6089
8633 -1462 -2357 -6080
8662 -1470 -2340 -6084
8719 -1467 -2343 -6081
8742 -1460 -2334 -6067
8797 -1458 -2338 -6078
8826 -1459 -2335 -6065
8885 -1462 -2335 -6063
8908 -1460 -2339 -6066
8963 -1459 -2337 -6058
8990 -1454 -2329 -6054
9049 -1465 -2335 -6059
9076 -1456 -2334 -6055
9129 -1744 -3554 -9661
9156 -1703 -3245 -8244
9215 -1703 -3467 -8833
9240 -1635 -3553 -8864
9295 -1681 -3436 -8953
9324 -1789 -3569 -8755
9381 -1828 -3614 -9184
9406 -1776 -3484 -8875
9463 -1767 -3552 -8966
9490 -1719 -3557 -8992
9547 -1741 -3534 -8921
9572 -1776 -3573 -8950
9629 -1773 -3604 -9015
9654 -1757 -3547 -9019
9709 -1745 -3556 -8979
9736 -1725 -3565 -9037
9793 -1721 -3567 -9002
9820 -1716 -3588 -8998
9875 -1724 -3604 -9015
9902 -1700 -3571 -9011
9959 -1703 -3585 -9021
9984 -1673 -3580 -9078
10041 -1704 -3586 -9006
10068 -1644 -2988 -7009
10122 -1465 -2425 -6309
10152 -1465 -2434 -6233
10211 -1471 -2392 -6202
10236 -1465 -2383 -6169
10295 -1459 -2379 -6154
10318 -1465 -2361 -6136
10374 -1462 -2365 -6118
10401 -1462 -2350 -6106
10456 -1468 -2358 -6107
10483 -1462 -2352 -6097
10541 -1463 -2350 -6090
10566 -1463 -2346 -6083
10625 -1462 -2344 -6082
10650 -1467 -2345 -6082
10709 -1462 -2336 -6074
10745 -1463 -2343 -6070
10772 -1469 -2338 -6072
10829 -1463 -2336 -6065
10856 -1457 -2340 -6062
10897 -1465 -2338 -6066
10948 -1463 -2339 -6063
11001 -1460 -2331 -6059
11024 -1464 -2333 -6058
11081 -1459 -2337 -6079
11106 -1967 -3760 -9411
11163 -1693 -3279 -8638
11188 -1756 -3389 -8711
11243 -1739 -3582 -8911
11272 -1794 -3526 -9071
11327 -1836 -3477 -8737
11356 -1924 -3667 -9131
11409 -1828 -3456 -9003
11436 -1824 -3538 -8866
11493 -1806 -3539 -9054
11518 -1805 -3576 -8932
11575 -1851 -3535 -8960
11602 -1875 -3622 -8997
11659 -1871 -3537 -9024
11684 -1865 -3532 -8968
11739 -1872 -3544 -8979
11766 -1871 -3554 -9022
11821 -1904 -3549 -8927
11850 -1892 -3596 -9022
11905 -1860 -3561 -8965
11936 -1847 -3559 -9031
11993 -1835 -3555 -9015
12016 -1846 -3572 -9008
12073 -1697 -2640 -6494
12100 -1493 -2426 -6284
12141 -1477 -2420 -6226
12192 -1475 -2381 -6187
12241 -1474 -2380 -6164
12264 -1467 -2376 -6139
12323 -1462 -2368 -6131
12350 -1463 -2364 -6117
12405 -1460 -2358 -6107
12432 -1468 -2359 -6097
12487 -1467 -2353 -6095
12514 -1464 -2346 -6095
12569 -1461 -2347 -6085
12596 -1466 -2350 -6084
12655 -1462 -2338 -6080
12680 -1458 -2346 -6081
12735 -1460 -2338 -6075
12762 -1467 -2340 -6066
12818 -1469 -2339 -6067
12845 -1461 -2337 -6067
12902 -1460 -2331 -6051
12929 -1464 -2338 -6057
12988 -1465 -2328 -6051
13013 -1457 -2334 -6053
13074 -1454 -2326 -6996
13093 -1985 -3715 -8832
13152 -1682 -3413 -8966
13179 -1712 -3400 -8665
13234 -1736 -3534 -8825
13261 -1780 -3614 -9049
13320 -1809 -3438 -8840
13355 -1899 -3644 -8972
13384 -1782 -3495 -9106
13441 -1766 -3545 -8851
13468 -1762 -3522 -8996
13525 -1768 -3622 -8984
13552 -1796 -3535 -8957
13610 -1816 -3620 -9012
13633 -1791 -3534 -9008
13691 -1782 -3552 -9036
13716 -1775 -3551 -8981
13773 -1777 -3587 -9053
13798 -1789 -3557 -8958
13855 -1800 -3600 -9024
13882 -1775 -3568 -9007
13939 -1782 -3568 -9045
13964 -1784 -3563 -9005
14021 -1787 -3598 -8989
14050 -1545 -2417 -6407
14107 -1478 -2428 -6268
14130 -1475 -2411 -6218
14187 -1479 -2379 -6192
14214 -1466 -2377 -6162
14271 -1469 -2380 -6148
14298 -1462 -2373 -6127
14355 -1463 -2358 -6113
14378 -1464 -2363 -6115
14435 -1465 -2360 -6106
14462 -1470 -2352 -6092
14517 -1463 -2349 -6088
14544 -1459 -2352 -6083
14601 -1468 -2341 -6091
14628 -1466 -2341 -6075
14683 -1464 -2344 -6077
14712 -1467 -2337 -6069
14767 -1465 -2341 -6064
14794 -1465 -2341 -6063
14851 -1458 -2331 -6064
14876 -1458 -2335 -6061
14931 -1461 -2333 -6058
14960 -1465 -2334 -6054
15017 -1459 -2334 -6053
15042 -1467 -2338 -6054
15097 -1842 -3695 -9701
15126 -1749 -3253 -8303
15179 -1764 -3464 -8781
15208 -1728 -3610 -8933
15263 -1742 -3456 -8961
15292 -1846 -3570 -8737
15349 -1890 -3668 -9214
15373 -1836 -3514 -8922
15429 -1812 -3563 -8914
15457 -1769 -3589 -9056
15514 -1780 -3568 -8926
15541 -1831 -3597 -8976
15597 -1838 -3631 -9003
15623 -1841 -3565 -9020
15682 -1812 -3579 -9002
15705 -1822 -3579 -9018
15760 -1807 -3587 -9021
15789 -1834 -3601 -8958
15850 -1842 -3628 -9038
15871 -1834 -3600 -8986
15928 -1819 -3579 -9022
15955 -1822 -3583 -9029
16012 -1828 -3606 -9055
16037 -1763 -2940 -6887
16094 -1484 -2437 -6303
16121 -1474 -2427 -6223
16162 -1474 -2392 -6191
16213 -1471 -2385 -6171
16262 -1472 -2382 -6156
16299 -1463 -2373 -6135
16328 -1471 -2364 -6124
16385 -1472 -2361 -6109
16408 -1463 -2366 -6107
16467 -1467 -2353 -6095
16492 -1464 -2353 -6089
16550 -1464 -2352 -6082
16577 -1469 -2345 -6078
16617 -1460 -2339 -6083
16668 -1462 -2349 -6071
16719 -1458 -2345 -6063
16744 -1465 -2338 -6078
16799 -1463 -2336 -6065
16826 -1460 -2342 -6060
16883 -1456 -2337 -6060
16908 -1464 -2333 -6058
16965 -1457 -2330 -6058
16990 -1468 -2332 -6051
17047 -1468 -2328 -6132
17072 -2009 -3761 -9325
17127 -1704 -3305 -8709
17156 -1762 -3390 -8690
17211 -1760 -3571 -8889
17238 -1805 -3531 -9060
17297 -1866 -3464 -8723
17322 -1929 -3664 -9110
17377 -1820 -3478 -9013
17404 -1817 -3523 -8864
17459 -1788 -3536 -9018
17488 -1831 -3579 -8955
17543 -1846 -3521 -8939
17572 -1879 -3599 -8979
17627 -1846 -3538 -9033
17654 -1830 -3544 -8997
17709 -1825 -3532 -8983
17738 -1835 -3579 -9023
17793 -1854 -3557 -8951
17818 -1860 -3591 -9010
17875 -1848 -3553 -8988
17902 -1844 -3548 -9016
17957 -1843 -3552 -9010
17986 -1843 -3580 -9037
18041 -1664 -2555 -6420
18068 -1481 -2428 -6279
18122 -1481 -2421 -6210
18151 -1482 -2384 -6189
18208 -1476 -2379 -6160
18235 -1463 -2382 -6149
18294 -1468 -2370 -6133
18317 -1468 -2365 -6125
18370 -1467 -2362 -6112
18401 -1467 -2360 -6106
18458 -1464 -2354 -6107
18483 -1467 -2346 -6088
18540 -1469 -2354 -6081
18565 -1461 -2358 -6089
18622 -1464 -2351 -6081
18649 -1463 -2347 -6073
18708 -1464 -2347 -6070
18747 -1461 -2339 -6072
18774 -1457 -2334 -6068
18831 -1461 -2334 -6063
18856 -1468 -2343 -6061
18897 -1461 -2340 -6059
18950 -1463 -2333 -6052
18981 -1467 -2328 -6053
19034 -1464 -2356 -7407
19063 -2011 -3650 -8642
19122 -1704 -3443 -9039
19145 -1740 -3400 -8681
19202 -1736 -3497 -8792
19227 -1816 -3620 -9026
19286 -1815 -3438 -8886
19311 -1923 -3624 -8945
19366 -1800 -3494 -9096
19393 -1791 -3520 -8864
19447 -1777 -3506 -8984
19478 -1816 -3610 -8996
19519 -1827 -3510 -8946
