6 1181 -2 -5106
15 1187 0 -5099
16 1177 -2 -5099
21 1181 -7 -5099
28 1172 -4 -5096
29 1179 -3 -5101
34 1179 -7 -5098
37 1180 -4 -5088
39 1179 -1 -5098
41 1173 -7 -5094
43 1185 -9 -5094
45 1182 -5 -5091
50 1179 -9 -5098
51 1182 -16 -5093
53 1177 -5 -5095
56 1180 -7 -5096
58 1181 -6 -5098
60 1178 -7 -5096
62 1180 -7 -5099
63 1180 -3 -5097
66 1178 -3 -5096
68 1181 -10 -5096
70 1176 -8 -5094
72 1183 -1 -5093
73 1174 -14 -5093
75 1175 -2 -5097
77 1181 -14 -5091
80 1184 -11 -5089
82 1176 -8 -5085
84 1177 -2 -5094
85 1177 -9 -5090
86 1179 -5 -5092
87 1167 -7 -5091
89 1176 -3 -5090
91 1178 -2 -5099
93 1178 -3 -5094
94 1182 -2 -5093
97 1175 -18 -5092
98 1176 -9 -5087
100 1180 -10 -5094
102 1185 -6 -5097
154 1173 -14 -5099
196 1177 -7 -5092
245 1176 -6 -5089
264 1182 -3 -5089
316 1181 1 -5084
362 1179 -9 -5092
385 1181 -8 -5091
445 1173 -1 -5095
467 1172 -3 -5093
523 1176 -7 -5090
549 1180 -4 -5090
606 1176 -7 -5087
633 1175 -3 -5094
695 1174 -7 -5092
715 1180 -9 -5083
771 1183 -4 -5091
800 1180 -2 -5093
852 1173 -6 -5087
898 1182 -2 -5086
919 1185 -3 -5093
978 1176 -6 -5091
1005 1177 -3 -5086
1059 1176 -12 -5085
1088 1180 -1 -5091
1141 1182 -12 -5094
1168 1178 -9 -5084
1220 1176 -12 -5090
1270 1176 -10 -5094
1305 1176 -4 -5092
1353 1183 -8 -5084
1378 1175 0 -5089
1440 1172 -5 -5087
1468 1178 -3 -5087
1510 1173 -4 -5088
1555 1177 -6 -5095
1600 1178 68 -5095
1642 1215 12 -5151
1666 1164 -11 -5206
1719 1273 -71 -5241
1747 1285 -36 -5238
1810 1287 -37 -5241
1830 1289 -38 -5237
1874 1235 -146 -5257
1922 1241 -147 -5251
1973 1232 -143 -5261
1994 1236 -143 -5257
2050 1241 -143 -5255
2077 1236 -140 -5251
2133 1246 -146 -5252
2162 1239 -141 -5255
2211 1239 -144 -5253
2265 1235 -144 -5255
2286 1239 -148 -5258
2345 1236 -144 -5255
2368 1237 -138 -5251
2424 1234 -144 -5253
2452 1232 -144 -5253
2515 1225 -142 -5245
2536 1235 -140 -5253
2594 1233 -140 -5247
2622 1240 -142 -5249
2676 1233 -141 -5252
2704 1237 -140 -5248
2757 1237 -142 -5254
2785 1237 -146 -5248
2840 1241 -150 -5253
2866 1235 -135 -5252
2923 1283 -93 -5258
2948 1235 -94 -5285
3007 1258 -116 -5307
3031 1316 -184 -5376
3089 1346 -174 -5395
3115 1353 -169 -5395
3172 1356 -179 -5394
3202 1344 -250 -5402
3238 1307 -256 -5397
3296 1309 -254 -5404
3339 1307 -249 -5396
3363 1306 -253 -5402
3420 1304 -255 -5399
3444 1302 -246 -5401
3505 1313 -247 -5401
3529 1313 -247 -5394
3585 1313 -251 -5397
3611 1307 -248 -5402
3668 1309 -251 -5397
3690 1307 -243 -5393
3752 1312 -246 -5391
3781 1309 -254 -5398
3829 1306 -252 -5395
3879 1310 -256 -5398
3900 1304 -248 -5399
3961 1312 -250 -5397
3983 1308 -248 -5399
4041 1305 -254 -5402
4068 1302 -252 -5401
4122 1308 -249 -5390
4148 1301 -256 -5398
4204 1310 -250 -5399
4230 1298 -241 -5401
4282 1316 -245 -5401
4333 1308 -256 -5400
4358 1305 -212 -5397
4420 1311 -226 -5436
4438 1333 -284 -5510
4494 1278 -313 -5560
4520 1357 -367 -5617
4579 1270 -332 -5616
4604 1264 -322 -5619
4654 1277 -328 -5620
4702 1317 -407 -5601
4737 1310 -403 -5596
4773 1325 -402 -5596
4823 1320 -404 -5600
4849 1322 -416 -5608
4904 1316 -407 -5607
4932 1315 -403 -5600
4991 1317 -400 -5604
5017 1315 -395 -5592
5076 1320 -403 -5600
5099 1323 -399 -5600
5156 1316 -402 -5597
5182 1314 -400 -5595
5233 1314 -396 -5597
5282 1325 -399 -5596
5305 1317 -408 -5597
5362 1310 -397 -5592
5389 1319 -408 -5598
5445 1319 -398 -5597
5470 1313 -401 -5599
5525 1316 -396 -5598
5553 1321 -411 -5594
5607 1314 -404 -5594
5652 1320 -403 -5595
5678 1309 -391 -5593
5737 1320 -401 -5598
5763 1319 -398 -5600
5819 1316 -399 -5599
5848 1267 -361 -5631
5901 1377 -426 -5699
5933 1311 -475 -5756
5977 1387 -520 -5804
6026 1340 -508 -5845
6057 1340 -501 -5843
6114 1336 -507 -5841
6137 1340 -577 -5840
6191 1364 -631 -5843
6219 1378 -626 -5841
6275 1376 -620 -5846
6302 1370 -621 -5842
6359 1376 -631 -5845
6381 1373 -626 -5842
6439 1375 -624 -5844
6464 1373 -621 -5848
6522 1374 -629 -5850
6547 1375 -622 -5843
6608 1373 -629 -5840
6631 1370 -620 -5839
6688 1372 -629 -5843
6724 1376 -622 -5843
6761 1374 -615 -5843
6810 1369 -624 -5848
6837 1372 -632 -5840
6893 1379 -622 -5846
6923 1372 -629 -5840
6979 1373 -630 -5840
7002 1369 -622 -5844
7057 1364 -621 -5839
7087 1371 -627 -5851
7136 1373 -621 -5841
7188 1369 -625 -5847
7212 1371 -627 -5839
7269 1362 -532 -5865
7295 1434 -627 -5938
7354 1363 -683 -6015
7378 1459 -742 -6071
7432 1446 -759 -6113
7459 1497 -765 -6121
7514 1507 -759 -6121
7540 1498 -756 -6115
7598 1446 -864 -6125
7624 1439 -864 -6125
7682 1441 -868 -6121
7706 1439 -861 -6126
7768 1440 -858 -6123
7796 1450 -865 -6119
7851 1443 -861 -6125
7885 1443 -862 -6122
7914 1448 -859 -6121
7963 1444 -863 -6123
7996 1449 -860 -6128
8052 1443 -872 -6123
8078 1450 -867 -6125
8135 1448 -859 -6125
8162 1445 -864 -6131
8219 1443 -857 -6137
8244 1450 -865 -6127
8308 1446 -859 -6126
8327 1442 -866 -6129
8384 1445 -862 -6128
8419 1453 -867 -6128
8453 1442 -857 -6122
8510 1441 -872 -6123
8552 1447 -867 -6123
8575 1441 -864 -6127
8627 1447 -872 -6122
8675 1447 -870 -6129
8699 1450 -862 -6123
8757 1454 -868 -6133
8784 1448 -875 -6130
8838 1445 -864 -6128
8885 1443 -865 -6121
8907 1447 -859 -6129
8964 1442 -866 -6128
8988 1436 -868 -6128
9046 1446 -865 -6133
9072 1446 -863 -6134
9134 1437 -863 -6129
9154 1451 -865 -6134
9217 1447 -855 -6131
9235 1449 -861 -6123
9305 1440 -872 -6125
9321 1445 -863 -6119
9378 1444 -864 -6124
9404 1443 -863 -6129
9460 1439 -870 -6127
9490 1438 -873 -6127
9544 1441 -872 -6130
9569 1449 -867 -6127
9628 1442 -872 -6130
9652 1446 -865 -6125
9707 1440 -869 -6129
9736 1447 -870 -6124
9791 1448 -861 -6126
9816 1445 -866 -6126
9878 1447 -866 -6130
9902 1444 -862 -6133
9957 1451 -866 -6129
9981 1435 -865 -6125
10040 1448 -873 -6133
10067 1443 -865 -6126
10121 1444 -865 -6131
10149 1453 -865 -6129
10211 1449 -874 -6122
10239 1443 -869 -6128
10280 1442 -872 -6132
10328 1440 -867 -6120
10373 1442 -870 -6129
10395 1450 -871 -6126
10454 1442 -873 -6124
10485 1476 -758 -6082
10541 1382 -709 -5991
10575 1433 -633 -5935
10605 1362 -600 -5862
10661 1325 -513 -5865
10687 1320 -509 -5861
10741 1322 -509 -5865
10774 1381 -646 -5865
10829 1376 -646 -5860
10851 1379 -643 -5864
10917 1379 -642 -5858
10934 1380 -647 -5866
10989 1382 -646 -5863
11017 1380 -647 -5856
11074 1379 -639 -5865
11103 1375 -646 -5860
11157 1376 -644 -5864
11190 1377 -643 -5863
11227 1374 -651 -5863
11276 1374 -641 -5862
11329 1374 -644 -5860
11351 1380 -640 -5856
11412 1374 -650 -5854
11436 1379 -647 -5861
11492 1372 -645 -5858
11520 1377 -646 -5863
11560 1380 -644 -5866
11605 1373 -642 -5862
11656 1379 -650 -5856
11681 1373 -646 -5860
11737 1378 -645 -5863
11763 1378 -644 -5863
11826 1360 -552 -5810
11845 1334 -487 -5737
11906 1374 -432 -5691
11930 1281 -391 -5605
11972 1280 -325 -5616
12024 1290 -327 -5617
12066 1291 -325 -5611
12095 1290 -401 -5597
12152 1307 -401 -5601
12176 1313 -405 -5603
12232 1315 -400 -5605
12257 1315 -401 -5606
12306 1313 -405 -5606
12356 1321 -402 -5605
12384 1313 -405 -5600
12437 1312 -400 -5600
12469 1315 -403 -5601
12522 1310 -400 -5603
12548 1308 -414 -5607
12623 1319 -403 -5598
12633 1319 -399 -5609
12687 1314 -397 -5607
12715 1312 -400 -5605
12775 1313 -403 -5601
12801 1309 -398 -5597
12853 1321 -404 -5597
12878 1314 -400 -5603
12932 1311 -403 -5603
12964 1315 -407 -5606
13010 1307 -404 -5604
13062 1307 -403 -5603
13087 1310 -405 -5603
13141 1314 -408 -5599
13169 1319 -411 -5608
13225 1293 -350 -5608
13253 1350 -436 -5694
13311 1316 -459 -5749
13338 1407 -534 -5811
13379 1331 -518 -5848
13429 1343 -508 -5847
13478 1335 -515 -5847
13500 1337 -520 -5847
13559 1376 -630 -5844
13587 1371 -632 -5846
13643 1373 -626 -5848
13667 1371 -629 -5844
13726 1372 -629 -5848
13754 1363 -638 -5846
13807 1368 -634 -5848
13830 1375 -628 -5844
13888 1369 -634 -5845
13920 1372 -630 -5843
13980 1370 -628 -5846
14000 1370 -620 -5845
14058 1365 -622 -5851
14080 1367 -633 -5849
14138 1364 -636 -5851
14163 1369 -628 -5847
14212 1374 -623 -5844
14264 1370 -631 -5843
14286 1374 -629 -5849
14348 1368 -630 -5843
14370 1371 -632 -5849
14428 1377 -636 -5847
14460 1372 -627 -5846
14513 1400 -585 -5893
14535 1355 -633 -5956
14590 1445 -710 -6025
14620 1383 -747 -6101
14672 1493 -762 -6117
14700 1501 -761 -6128
14760 1499 -764 -6121
14788 1493 -860 -6131
14835 1437 -866 -6120
14888 1441 -859 -6126
14908 1445 -863 -6122
14963 1444 -867 -6127
14994 1442 -861 -6131
15047 1441 -863 -6127
15074 1435 -869 -6129
15132 1443 -867 -6130
15156 1440 -869 -6128
15212 1438 -866 -6129
15239 1442 -867 -6132
15296 1443 -863 -6125
15326 1433 -866 -6128
15380 1444 -875 -6135
15406 1446 -862 -6125
15463 1446 -871 -6132
15492 1443 -866 -6127
15544 1435 -867 -6127
15568 1439 -866 -6133
15632 1445 -862 -6125
15651 1443 -863 -6122
15700 1442 -867 -6133
15748 1441 -868 -6127
15796 1443 -871 -6126
15817 1435 -865 -6135
15874 1444 -852 -6130
15903 1444 -871 -6129
15957 1448 -867 -6126
15985 1436 -864 -6134
16048 1442 -863 -6125
16074 1439 -867 -6131
16116 1439 -865 -6130
16165 1440 -864 -6124
16207 1440 -868 -6130
16232 1442 -876 -6129
16286 1435 -867 -6129
16331 1441 -867 -6124
16356 1445 -867 -6133
16418 1441 -863 -6130
16439 1446 -864 -6126
16498 1443 -869 -6130
16533 1442 -864 -6132
16581 1441 -865 -6129
16604 1441 -871 -6130
16664 1445 -861 -6126
16692 1446 -858 -6128
16745 1447 -860 -6136
16771 1440 -865 -6130
16828 1446 -868 -6131
16853 1442 -868 -6129
16911 1442 -872 -6136
16935 1444 -863 -6130
16993 1436 -866 -6124
17017 1445 -869 -6133
17075 1438 -872 -6132
17102 1440 -869 -6133
17163 1443 -866 -6122
17187 1437 -864 -6124
17244 1441 -868 -6130
17267 1442 -866 -6130
17328 1443 -871 -6127
17349 1437 -871 -6127
17394 1434 -863 -6136
17439 1436 -863 -6123
17488 1444 -868 -6133
17514 1436 -861 -6122
17570 1437 -867 -6130
17598 1444 -868 -6135
17647 1449 -861 -6130
17696 1437 -865 -6127
17728 1439 -864 -6131
17784 1448 -866 -6132
17809 1438 -867 -6135
17864 1446 -871 -6130
17889 1441 -870 -6132
17952 1440 -863 -6135
17971 1442 -864 -6125
18029 1433 -864 -6132
18055 1439 -869 -6136
18113 1444 -866 -6134
18136 1446 -865 -6137
18193 1440 -868 -6137
18221 1439 -870 -6128
18275 1443 -869 -6135
18303 1438 -871 -6135
18361 1446 -874 -6134
18402 1448 -867 -6136
18425 1447 -871 -6127
18475 1448 -870 -6128
18527 1443 -868 -6132
18550 1441 -874 -6135
18611 1444 -869 -6133
18654 1440 -870 -6133
18675 1445 -867 -6133
18719 1439 -866 -6139
18769 1446 -868 -6129
18817 1436 -869 -6129
18841 1435 -872 -6135
18896 1438 -861 -6134
18922 1438 -864 -6132
18979 1437 -867 -6129
19008 1445 -866 -6131
19067 1440 -875 -6132
19092 1430 -870 -6127
19146 1444 -870 -6134
19171 1434 -870 -6133
19229 1447 -873 -6128
19253 1437 -864 -6133
19313 1442 -864 -6135
19335 1439 -870 -6128
19400 1437 -865 -6131
19419 1434 -873 -6127
19479 1436 -867 -6128
19503 1439 -868 -6134
19560 1440 -861 -6137
19585 1438 -870 -6134
19644 1440 -876 -6127
19669 1435 -869 -6132
19728 1440 -870 -6126
19753 1441 -869 -6129
19807 1431 -869 -6133
19832 1436 -866 -6129
19891 1443 -862 -6135
19916 1435 -860 -6135
19955 1440 -863 -6128
20007 1439 -867 -6127
20054 1436 -866 -6133
20093 1433 -868 -6128
20126 1435 -866 -6134
20175 1437 -865 -6133
20223 1441 -870 -6124
20247 1432 -871 -6131
20302 1433 -871 -6129
20328 1441 -873 -6126
20384 1440 -865 -6126
20412 1439 -867 -6125
20464 1441 -872 -6128
20514 1451 -873 -6132
20537 1443 -866 -6130
20593 1442 -870 -6134
20620 1440 -863 -6130
20682 1434 -871 -6139
20702 1428 -871 -6134
20758 1439 -866 -6123
20803 1435 -864 -6126
20841 1439 -869 -6136
20866 1441 -875 -6123
20924 1438 -864 -6136
20951 1445 -865 -6127
21013 1434 -872 -6132
21040 1442 -872 -6127
21084 1433 -866 -6128
21132 1439 -868 -6133
21174 1441 -862 -6131
21207 1441 -867 -6133
21241 1432 -865 -6134
21291 1437 -867 -6128
21342 1441 -869 -6131
21367 1430 -867 -6128
21427 1440 -869 -6136
21448 1437 -859 -6129
21510 1433 -869 -6134
21528 1441 -864 -6126
21591 1437 -868 -6124
21615 1429 -864 -6126
21671 1435 -863 -6132
21695 1440 -870 -6129
21750 1438 -871 -6131
21780 1441 -868 -6136
21829 1443 -873 -6124
21877 1435 -867 -6132
21903 1441 -869 -6132
21957 1436 -868 -6126
21989 1438 -867 -6134
22033 1438 -871 -6131
22085 1432 -858 -6123
22108 1437 -862 -6131
22165 1433 -860 -6132
22192 1450 -861 -6133
22247 1441 -867 -6127
22274 1438 -868 -6131
22330 1440 -878 -6132
22357 1438 -870 -6131
22416 1442 -868 -6128
22443 1433 -865 -6129
22500 1434 -875 -6127
22524 1434 -872 -6130
22566 1439 -865 -6136
22614 1441 -870 -6127
22661 1436 -872 -6131
22688 1436 -867 -6129
22747 1441 -868 -6127
22775 1438 -870 -6130
22831 1437 -860 -6124
22866 1431 -874 -6134
22896 1434 -868 -6133
22947 1436 -864 -6130
22997 1434 -863 -6132
23021 1442 -867 -6129
23078 1441 -868 -6122
23103 1444 -869 -6133
23160 1434 -869 -6129
23186 1426 -859 -6126
23249 1435 -856 -6133
23266 1440 -861 -6137
23320 1435 -868 -6142
23350 1437 -861 -6132
23405 1435 -865 -6129
23435 1433 -871 -6128
23483 1435 -867 -6130
23535 1435 -863 -6131
23561 1439 -870 -6126
23616 1435 -871 -6124
23641 1433 -872 -6137
23696 1442 -870 -6126
23723 1432 -868 -6126
23777 1442 -871 -6133
23806 1436 -871 -6128
23865 1435 -870 -6138
23888 1438 -869 -6135
23946 1435 -875 -6126
23974 1437 -871 -6134
24032 1430 -866 -6132
24053 1443 -871 -6132
24112 1440 -859 -6140
24137 1435 -865 -6130
24197 1441 -864 -6125
24225 1442 -869 -6134
24279 1439 -866 -6135
24302 1438 -869 -6129
24360 1437 -866 -6129
24386 1437 -870 -6127
24444 1437 -867 -6140
24467 1433 -871 -6133
24524 1434 -869 -6130
24550 1436 -871 -6129
24608 1437 -865 -6121
24635 1447 -864 -6128
24690 1439 -877 -6128
24716 1438 -867 -6128
24771 1438 -862 -6129
24800 1442 -868 -6130
24857 1442 -867 -6128
24880 1438 -874 -6132
24938 1439 -865 -6131
24982 1435 -873 -6129
25021 1443 -866 -6127
25068 1440 -870 -6127
25089 1429 -874 -6129
25150 1434 -869 -6127
25176 1436 -865 -6128
25232 1441 -868 -6131
25256 1439 -871 -6125
25315 1439 -866 -6132
25337 1438 -865 -6132
25398 1437 -861 -6130
25418 1437 -864 -6130
25476 1428 -872 -6127
25506 1437 -870 -6129
25562 1432 -875 -6136
25588 1436 -872 -6130
25641 1440 -858 -6129
25671 1435 -868 -6132
25728 1438 -867 -6125
25753 1432 -870 -6132
25810 1437 -876 -6128
25839 1443 -868 -6133
25894 1437 -864 -6133
25915 1438 -868 -6124
25973 1439 -870 -6126
25999 1435 -864 -6128
26063 1438 -872 -6126
26093 1431 -870 -6134
26131 1441 -868 -6128
26183 1433 -864 -6125
26204 1434 -872 -6131
26259 1440 -865 -6128
26289 1437 -871 -6136
26339 1435 -869 -6128
26389 1428 -873 -6127
26413 1436 -870 -6132
26469 1445 -867 -6134
26495 1433 -864 -6125
26544 1444 -866 -6130
26601 1435 -869 -6132
26619 1436 -864 -6135
26683 1438 -869 -6135
26701 1436 -867 -6132
26760 1439 -863 -6132
26786 1443 -873 -6128
26841 1428 -868 -6126
26868 1434 -873 -6128
26923 1436 -874 -6127
26952 1428 -870 -6121
27005 1437 -868 -6131
27032 1434 -865 -6127
27087 1441 -864 -6131
27115 1430 -869 -6129
27171 1450 -877 -6136
27199 1446 -874 -6130
27258 1442 -866 -6124
27293 1437 -868 -6126
27328 1441 -869 -6128
27380 1446 -864 -6132
27406 1443 -869 -6134
27488 1440 -876 -6129
27491 1436 -867 -6123
27538 1441 -874 -6128
27591 1430 -876 -6127
27615 1438 -870 -6134
27673 1430 -870 -6131
27694 1432 -872 -6130
27749 1438 -872 -6130
27779 1435 -872 -6132
27832 1439 -874 -6128
27882 1431 -866 -6127
27902 1440 -865 -6129
27956 1437 -866 -6129
27989 1428 -871 -6134
28039 1434 -866 -6131
28088 1435 -862 -6121
28115 1441 -871 -6135
28169 1427 -869 -6135
28191 1438 -871 -6135
28253 1435 -868 -6130
28275 1432 -871 -6127
28337 1434 -877 -6129
28364 1437 -869 -6132
28417 1427 -862 -6128
28442 1428 -862 -6123
28499 1438 -865 -6132
28523 1437 -878 -6129
28581 1432 -869 -6130
28606 1439 -877 -6127
28660 1427 -871 -6121
28696 1440 -868 -6132
28750 1437 -875 -6131
28785 1444 -865 -6122
28820 1438 -863 -6127
28869 1439 -874 -6127
28912 1440 -867 -6126
28937 1440 -866 -6133
29003 1439 -867 -6127
29027 1433 -867 -6126
29078 1435 -867 -6131
29109 1438 -870 -6131
29163 1437 -870 -6127
29201 1435 -872 -6133
29228 1439 -870 -6123
29283 1433 -868 -6127
