9 -1404 -2292 -6033
20 -1399 -2299 -6032
21 -1410 -2301 -6037
23 -1407 -2302 -6035
26 -1404 -2311 -6033
28 -1406 -2300 -6033
30 -1408 -2300 -6035
33 -1409 -2293 -6021
35 -1399 -2289 -6030
38 -1405 -2300 -6035
40 -1404 -2300 -6034
42 -1415 -2302 -6024
44 -1398 -2308 -6029
47 -1407 -2303 -6030
50 -1403 -2298 -6028
52 -1409 -2301 -6030
55 -1408 -2306 -6034
57 -1403 -2299 -6033
59 -1402 -2302 -6031
62 -1406 -2298 -6037
64 -1404 -2296 -6031
67 -1401 -2299 -6026
69 -1400 -2297 -6037
72 -1410 -2298 -6030
74 -1405 -2302 -6040
76 -1405 -2305 -6031
79 -1407 -2296 -6034
80 -1403 -2306 -6034
82 -1408 -2298 -6031
87 -1406 -2291 -6027
89 -1405 -2300 -6033
91 -1406 -2291 -6034
93 -1409 -2300 -6029
95 -1411 -2301 -6032
98 -1400 -2303 -6029
101 -1403 -2301 -6031
102 -1407 -2297 -6029
104 -1414 -2298 -6026
107 -1404 -2297 -6033
109 -1410 -2300 -6027
144 -1405 -2297 -6027
194 -1405 -2300 -6032
219 -1410 -2302 -6031
277 -1410 -2297 -6036
305 -1407 -2297 -6032
360 -1406 -2304 -6030
386 -1405 -2303 -6032
442 -1405 -2304 -6034
470 -1410 -2298 -6030
525 -1410 -2294 -6033
554 -1396 -2301 -6033
608 -1413 -2302 -6032
636 -1401 -2304 -6034
692 -1401 -2300 -6036
718 -1414 -2298 -6032
778 -1412 -2299 -6024
800 -1408 -2300 -6030
855 -1408 -2302 -6029
883 -1413 -2303 -6031
944 -1403 -2299 -6034
967 -1404 -2294 -6039
1023 -1402 -2292 -6038
1050 -1407 -2298 -6040
1109 -1411 -2299 -6031
1133 -1409 -2299 -6033
1188 -1408 -2303 -6034
1217 -1415 -2303 -6034
1272 -1405 -2298 -6030
1300 -1400 -2307 -6036
1355 -1412 -2304 -6033
1381 -1402 -2304 -6031
1436 -1403 -2297 -6034
1465 -1410 -2294 -6028
1520 -1411 -2297 -6032
1548 -1403 -2302 -6034
1604 -1405 -2300 -6035
1629 -1406 -2299 -6027
1689 -1407 -2295 -6030
1714 -1409 -2302 -6030
1769 -1398 -2307 -6032
1797 -1403 -2301 -6031
1852 -1402 -2289 -6034
1878 -1426 -2407 -6456
1932 -1946 -2539 -6702
1962 -2263 -2404 -6582
2015 -2134 -2557 -6568
2044 -2183 -2441 -6685
2104 -2151 -2471 -6556
2128 -2136 -2517 -6616
2184 -2169 -2415 -6599
2211 -2146 -2512 -6500
2269 -2122 -2445 -6615
2294 -2121 -2483 -6537
2349 -2119 -2459 -6551
2375 -2142 -2471 -6592
2432 -2121 -2466 -6539
2459 -2108 -2455 -6584
2516 -2135 -2483 -6583
2542 -2119 -2456 -6545
2597 -2136 -2491 -6599
2626 -2108 -2433 -6547
2680 -2101 -2487 -6587
2709 -2127 -2456 -6582
2763 -2119 -2471 -6532
2790 -2138 -2478 -6605
2850 -2100 -2451 -6532
2874 -1914 -2372 -6318
2928 -1498 -2325 -6105
2956 -1469 -2334 -6079
3010 -1451 -2325 -6070
3040 -1445 -2316 -6065
3094 -1447 -2323 -6073
3124 -1430 -2315 -6058
3178 -1438 -2314 -6057
3205 -1436 -2312 -6052
3261 -1425 -2313 -6048
3287 -1423 -2314 -6058
3344 -1430 -2313 -6046
3372 -1421 -2309 -6050
3428 -1425 -2308 -6042
3454 -1422 -2308 -6043
3510 -1420 -2305 -6039
3537 -1419 -2311 -6053
3593 -1417 -2307 -6042
3619 -1415 -2313 -6044
3673 -1412 -2307 -6042
3701 -1421 -2312 -6045
3758 -1416 -2301 -6047
3784 -1419 -2307 -6045
3839 -1418 -2306 -6046
3867 -1519 -2487 -6391
3921 -2085 -2451 -6597
3952 -2223 -2400 -6553
4007 -2092 -2518 -6616
4034 -2145 -2409 -6695
4090 -2119 -2465 -6551
4117 -2117 -2507 -6629
4173 -2171 -2379 -6603
4202 -2119 -2493 -6512
4256 -2114 -2413 -6649
4282 -2102 -2436 -6557
4338 -2096 -2480 -6611
4365 -2130 -2419 -6590
4424 -2107 -2463 -6543
4448 -2103 -2426 -6617
4503 -2099 -2447 -6548
4530 -2103 -2451 -6610
4588 -2113 -2446 -6573
4613 -2103 -2469 -6603
4669 -2105 -2427 -6568
4696 -2101 -2472 -6603
4751 -2108 -2422 -6565
4780 -2112 -2465 -6600
4837 -2106 -2420 -6526
4863 -1803 -2313 -6236
4919 -1493 -2322 -6109
4945 -1471 -2336 -6077
5003 -1452 -2315 -6077
5029 -1454 -2316 -6068
5087 -1447 -2317 -6064
5121 -1442 -2309 -6063
5153 -1436 -2317 -6059
5210 -1436 -2315 -6056
5237 -1429 -2313 -6062
5293 -1429 -2313 -6057
5321 -1435 -2317 -6054
5376 -1421 -2304 -6052
5401 -1430 -2311 -6056
5458 -1421 -2309 -6048
5486 -1426 -2311 -6045
5543 -1430 -2306 -6044
5568 -1422 -2312 -6051
5621 -1422 -2311 -6051
5650 -1418 -2307 -6048
5703 -1417 -2303 -6048
5733 -1420 -2315 -6041
5789 -1418 -2306 -6045
5818 -1416 -2306 -6045
5873 -1644 -2480 -6319
5899 -2116 -2366 -6564
5955 -2111 -2444 -6566
5983 -2059 -2497 -6644
6039 -2099 -2408 -6673
6065 -2074 -2453 -6558
6122 -2068 -2466 -6653
6148 -2153 -2400 -6585
6205 -2087 -2477 -6567
6230 -2091 -2409 -6648
6286 -2059 -2452 -6557
6313 -2073 -2457 -6623
6367 -2108 -2417 -6582
6396 -2093 -2470 -6575
6452 -2084 -2405 -6622
6479 -2047 -2443 -6559
6536 -2067 -2448 -6621
6563 -2104 -2426 -6570
6618 -2087 -2457 -6598
6645 -2074 -2409 -6596
6700 -2051 -2445 -6559
6731 -2075 -2437 -6627
6787 -2083 -2429 -6571
6810 -2055 -2419 -6494
6867 -1650 -2285 -6187
6893 -1472 -2326 -6099
6947 -1473 -2331 -6086
6976 -1454 -2318 -6082
7033 -1449 -2318 -6069
7061 -1441 -2313 -6074
7120 -1440 -2321 -6066
7143 -1442 -2308 -6061
7198 -1433 -2316 -6058
7225 -1436 -2316 -6063
7280 -1425 -2310 -6057
7308 -1431 -2311 -6058
7369 -1424 -2306 -6059
7404 -1427 -2312 -6052
7432 -1432 -2307 -6055
7490 -1423 -2311 -6055
7516 -1422 -2311 -6048
7570 -1423 -2313 -6048
7598 -1418 -2307 -6049
7653 -1424 -2309 -6051
7681 -1415 -2308 -6047
7738 -1419 -2306 -6044
7764 -1415 -2303 -6043
7820 -1418 -2308 -6054
7848 -1754 -2388 -6364
7902 -2169 -2354 -6687
7929 -2140 -2485 -6564
7984 -2141 -2522 -6625
8013 -2145 -2365 -6621
8069 -2083 -2513 -6541
8097 -2132 -2425 -6661
8152 -2148 -2431 -6565
8178 -2090 -2498 -6610
8234 -2104 -2393 -6604
8262 -2074 -2477 -6517
8318 -2119 -2432 -6619
8346 -2123 -2448 -6546
8402 -2087 -2455 -6590
8430 -2089 -2435 -6597
8486 -2080 -2461 -6546
8511 -2126 -2446 -6603
8566 -2113 -2440 -6551
8594 -2093 -2448 -6587
8649 -2094 -2438 -6571
8676 -2082 -2450 -6578
8732 -2127 -2444 -6598
8759 -2101 -2455 -6551
8813 -2042 -2380 -6450
8842 -1545 -2314 -6140
8896 -1486 -2327 -6094
8924 -1466 -2335 -6085
8981 -1452 -2315 -6074
9007 -1453 -2318 -6067
9063 -1449 -2319 -6073
9091 -1444 -2315 -6065
9147 -1441 -2313 -6064
9174 -1434 -2309 -6054
9227 -1438 -2307 -6059
9256 -1436 -2310 -6050
9310 -1424 -2313 -6050
9339 -1430 -2311 -6055
9395 -1432 -2309 -6052
9422 -1431 -2314 -6049
9478 -1424 -2315 -6054
9505 -1426 -2309 -6046
9562 -1424 -2306 -6050
9590 -1422 -2309 -6045
9645 -1426 -2316 -6050
9671 -1413 -2313 -6053
9728 -1427 -2311 -6048
9752 -1424 -2311 -6050
9809 -1425 -2303 -6050
9838 -1423 -2308 -6045
9892 -1489 -2512 -6479
9919 -1978 -2469 -6617
9975 -2127 -2430 -6558
10002 -2025 -2488 -6589
10057 -2076 -2434 -6694
10086 -2075 -2443 -6589
10144 -2043 -2490 -6639
10169 -2077 -2409 -6637
10227 -2052 -2485 -6532
10252 -2048 -2458 -6624
10309 -2063 -2421 -6572
10334 -2022 -2465 -6592
10390 -2048 -2426 -6638
10418 -2038 -2453 -6551
10472 -2055 -2459 -6622
10500 -2071 -2425 -6571
10557 -2026 -2463 -6592
10583 -2047 -2425 -6610
10640 -2027 -2461 -6557
10665 -2054 -2447 -6620
10721 -2053 -2430 -6570
10748 -2021 -2460 -6620
10804 -2042 -2424 -6598
10830 -2036 -2450 -6532
10886 -1780 -2299 -6271
10913 -1481 -2321 -6104
10969 -1477 -2339 -6084
10998 -1462 -2324 -6075
11054 -1447 -2322 -6071
11080 -1450 -2315 -6070
11136 -1438 -2317 -6058
11163 -1436 -2320 -6061
11218 -1433 -2309 -6060
11245 -1439 -2307 -6061
11300 -1434 -2315 -6057
11329 -1431 -2312 -6053
11386 -1437 -2307 -6055
11411 -1423 -2308 -6053
11467 -1429 -2306 -6055
11495 -1418 -2319 -6052
11550 -1427 -2308 -6047
11577 -1429 -2311 -6058
11634 -1425 -2303 -6050
11661 -1416 -2304 -6049
11718 -1419 -2313 -6049
11741 -1420 -2306 -6049
11798 -1419 -2307 -6049
11826 -1422 -2312 -6045
11881 -1567 -2511 -6388
11909 -2096 -2438 -6557
11968 -2129 -2423 -6536
12005 -2044 -2531 -6656
12033 -2098 -2394 -6663
12090 -2055 -2484 -6538
12116 -2070 -2480 -6638
12173 -2107 -2393 -6588
12199 -2044 -2488 -6546
12255 -2052 -2414 -6649
12283 -2043 -2471 -6546
12339 -2051 -2462 -6625
12366 -2074 -2438 -6578
12422 -2049 -2457 -6567
12448 -2060 -2434 -6613
12504 -2050 -2445 -6561
12530 -2055 -2458 -6611
12586 -2067 -2449 -6576
12614 -2047 -2451 -6591
12669 -2049 -2439 -6582
12696 -2030 -2444 -6571
12752 -2061 -2450 -6610
12779 -2057 -2445 -6572
12835 -2050 -2415 -6488
12861 -1660 -2298 -6200
12916 -1487 -2321 -6102
12947 -1463 -2334 -6079
13003 -1459 -2314 -6072
13028 -1450 -2321 -6075
13085 -1448 -2317 -6070
13112 -1439 -2309 -6061
13167 -1438 -2319 -6055
13194 -1440 -2314 -6065
13250 -1437 -2319 -6057
13278 -1437 -2314 -6054
13333 -1431 -2321 -6056
13359 -1439 -2315 -6055
13417 -1436 -2311 -6049
13444 -1426 -2315 -6054
13501 -1426 -2309 -6053
13525 -1427 -2314 -6057
13582 -1424 -2308 -6061
13608 -1431 -2315 -6051
13663 -1425 -2313 -6050
13689 -1429 -2309 -6050
13745 -1426 -2312 -6045
13773 -1419 -2305 -6055
13828 -1423 -2309 -6051
13857 -1744 -2416 -6275
13913 -2128 -2342 -6625
13941 -2072 -2460 -6586
13998 -2067 -2522 -6649
14022 -2095 -2392 -6630
14079 -2044 -2500 -6540
14106 -2072 -2446 -6663
14161 -2084 -2434 -6578
14189 -2043 -2491 -6602
14245 -2051 -2411 -6618
14273 -2030 -2475 -6530
14328 -2061 -2449 -6616
14354 -2068 -2440 -6556
14410 -2033 -2453 -6579
14438 -2049 -2437 -6609
14495 -2030 -2459 -6562
14520 -2062 -2453 -6610
14575 -2052 -2448 -6556
14602 -2037 -2451 -6596
14658 -2041 -2447 -6582
14686 -2033 -2461 -6590
14743 -2055 -2452 -6604
14770 -2057 -2452 -6566
14826 -2014 -2401 -6478
14850 -1556 -2303 -6152
14905 -1480 -2323 -6094
14934 -1465 -2338 -6086
14991 -1458 -2324 -6074
15018 -1451 -2322 -6072
15075 -1450 -2312 -6073
15101 -1443 -2320 -6065
15157 -1435 -2317 -6059
15184 -1434 -2310 -6062
15241 -1434 -2311 -6067
15266 -1446 -2313 -6068
15324 -1438 -2311 -6059
15350 -1435 -2306 -6049
15405 -1440 -2306 -6054
15432 -1431 -2312 -6060
15488 -1421 -2307 -6052
15515 -1433 -2310 -6043
15571 -1424 -2312 -6051
15597 -1426 -2313 -6052
15657 -1429 -2315 -6052
15681 -1422 -2314 -6057
15736 -1427 -2309 -6054
15762 -1415 -2313 -6048
15819 -1425 -2312 -6078
15850 -1805 -2376 -6482
15906 -2073 -2363 -6765
15930 -2022 -2530 -6564
15985 -2067 -2486 -6649
16014 -2064 -2396 -6615
16071 -2020 -2494 -6558
16095 -2052 -2422 -6666
16151 -2059 -2466 -6557
16180 -2022 -2472 -6638
16235 -2031 -2421 -6589
16263 -2012 -2467 -6549
16318 -2037 -2436 -6625
16345 -2043 -2451 -6557
16400 -2018 -2449 -6616
16428 -2019 -2443 -6579
16484 -2015 -2448 -6577
16508 -2030 -2451 -6616
16565 -2031 -2454 -6572
16594 -2030 -2454 -6611
16650 -2023 -2440 -6578
16676 -2022 -2444 -6591
16733 -2037 -2458 -6602
16757 -2038 -2443 -6577
16815 -1945 -2373 -6428
16842 -1483 -2318 -6124
16897 -1470 -2339 -6090
16925 -1460 -2332 -6080
16982 -1459 -2313 -6068
17006 -1454 -2317 -6069
17062 -1451 -2316 -6077
17091 -1452 -2315 -6061
17150 -1439 -2319 -6064
17171 -1432 -2320 -6051
17228 -1434 -2312 -6057
17257 -1434 -2311 -6060
17314 -1428 -2308 -6058
17338 -1433 -2310 -6054
17393 -1432 -2315 -6054
17423 -1424 -2312 -6050
17478 -1429 -2303 -6053
17504 -1422 -2311 -6049
17559 -1427 -2301 -6056
17589 -1419 -2311 -6055
17643 -1426 -2307 -6055
17670 -1423 -2310 -6046
17726 -1424 -2311 -6048
17754 -1429 -2307 -6044
17812 -1424 -2307 -6304
17836 -1759 -2430 -6775
17892 -2130 -2411 -6718
17920 -2069 -2553 -6522
17975 -2088 -2467 -6670
18002 -2080 -2415 -6598
18060 -2031 -2517 -6582
18086 -2101 -2414 -6666
18142 -2078 -2487 -6517
18166 -2050 -2490 -6620
18221 -2051 -2388 -6576
18251 -2009 -2506 -6571
18307 -2080 -2421 -6635
18333 -2065 -2478 -6527
18391 -2039 -2464 -6624
18417 -2044 -2426 -6556
18475 -2038 -2489 -6604
18501 -2081 -2430 -6595
18558 -2055 -2481 -6551
18584 -2055 -2445 -6616
18639 -2024 -2450 -6550
18664 -2046 -2475 -6617
18719 -2077 -2431 -6548
18749 -2051 -2487 -6598
18805 -1951 -2353 -6447
18831 -1493 -2316 -6124
18887 -1472 -2333 -6092
18914 -1471 -2330 -6080
18970 -1455 -2326 -6076
18995 -1449 -2325 -6076
19051 -1448 -2317 -6070
19080 -1447 -2314 -6068
19136 -1438 -2316 -6062
19162 -1441 -2315 -6059
19219 -1433 -2320 -6061
19246 -1434 -2318 -6056
19305 -1439 -2318 -6059
19328 -1437 -2318 -6055
19383 -1434 -2317 -6051
19411 -1436 -2316 -6057
19464 -1424 -2311 -6056
19494 -1426 -2315 -6046
19549 -1423 -2317 -6055
19577 -1417 -2319 -6049
19635 -1429 -2320 -6051
19661 -1428 -2310 -6052
19714 -1423 -2310 -6052
19743 -1420 -2307 -6049
19802 -1423 -2315 -6388
19827 -1779 -2434 -6794
19880 -2186 -2416 -6670
19909 -2093 -2540 -6504
19965 -2123 -2455 -6685
19991 -2097 -2406 -6595
20049 -2046 -2529 -6614
20074 -2136 -2381 -6653
20132 -2108 -2488 -6490
20156 -2088 -2470 -6617
20212 -2070 -2386 -6567
20240 -2033 -2516 -6586
20297 -2109 -2394 -6610
20324 -2095 -2488 -6516
20382 -2086 -2432 -6605
20406 -2047 -2433 -6546
20462 -2067 -2476 -6599
20489 -2101 -2423 -6559
20544 -2087 -2481 -6589
20570 -2072 -2411 -6565
20625 -2049 -2471 -6582
20655 -2086 -2445 -6595
20713 -2093 -2462 -6553
20738 -2092 -2457 -6585
20794 -1897 -2335 -6340
20820 -1489 -2318 -6110
20875 -1479 -2336 -6093
20903 -1461 -2321 -6081
20963 -1452 -2317 -6072
20996 -1448 -2322 -6074
21027 -1449 -2314 -6065
21082 -1439 -2319 -6063
21111 -1451 -2318 -6067
21164 -1436 -2314 -6064
21193 -1430 -2317 -6056
21248 -1432 -2313 -6055
21277 -1433 -2316 -6055
21332 -1434 -2314 -6060
21360 -1430 -2308 -6051
21415 -1423 -2315 -6055
21443 -1426 -2317 -6046
21499 -1421 -2314 -6045
21526 -1428 -2303 -6053
21582 -1421 -2319 -6057
21609 -1425 -2308 -6052
21664 -1419 -2313 -6053
21691 -1423 -2317 -6048
21747 -1429 -2308 -6047
21775 -1439 -2423 -6609
21832 -1915 -2543 -6750
21856 -2222 -2415 -6539
21913 -2096 -2577 -6583
21939 -2140 -2408 -6698
21994 -2086 -2470 -6522
22022 -2068 -2534 -6619
22077 -2147 -2373 -6597
22103 -2096 -2516 -6478
22160 -2080 -2421 -6640
22189 -2036 -2446 -6535
22246 -2056 -2522 -6612
22273 -2117 -2404 -6564
22328 -2086 -2502 -6516
22353 -2078 -2430 -6621
22411 -2036 -2459 -6536
22438 -2072 -2472 -6605
22495 -2109 -2444 -6557
22520 -2083 -2482 -6555
22574 -2066 -2430 -6586
22603 -2046 -2468 -6544
22662 -2082 -2450 -6609
22685 -2090 -2453 -6531
22742 -2093 -2464 -6522
22769 -1813 -2307 -6257
22823 -1494 -2326 -6109
22851 -1478 -2342 -6082
22906 -1460 -2320 -6080
22935 -1457 -2326 -6072
22991 -1456 -2319 -6070
23016 -1446 -2323 -6067
23073 -1446 -2315 -6058
23101 -1446 -2316 -6060
23158 -1437 -2314 -6062
23183 -1432 -2313 -6057
23239 -1437 -2316 -6059
23265 -1430 -2313 -6055
23319 -1430 -2313 -6053
23349 -1428 -2311 -6054
23404 -1429 -2309 -6053
23433 -1432 -2306 -6053
23487 -1430 -2301 -6052
23516 -1430 -2314 -6052
23573 -1433 -2312 -6052
23600 -1424 -2316 -6042
23655 -1429 -2311 -6052
23679 -1428 -2316 -6047
23733 -1429 -2307 -6051
23763 -1475 -2558 -6639
23821 -1987 -2513 -6660
23847 -2064 -2460 -6481
23904 -1979 -2563 -6653
23928 -2002 -2374 -6666
23983 -1948 -2521 -6552
24012 -2000 -2451 -6668
24067 -1978 -2447 -6587
24095 -1958 -2497 -6592
24151 -1949 -2419 -6609
24177 -1927 -2511 -6602
24236 -1976 -2432 -6614
24260 -1977 -2493 -6606
24317 -1968 -2446 -6588
24345 -1928 -2464 -6601
24400 -1975 -2475 -6625
24427 -1969 -2453 -6571
24482 -1979 -2495 -6627
24509 -1949 -2427 -6579
24565 -1941 -2498 -6624
24593 -1977 -2441 -6607
24648 -1971 -2479 -6565
24677 -1976 -2457 -6631
24733 -1952 -2438 -6513
24757 -1611 -2321 -6216
24816 -1475 -2333 -6101
24840 -1462 -2344 -6088
24898 -1453 -2320 -6077
24924 -1451 -2314 -6067
24980 -1443 -2323 -6070
25006 -1441 -2315 -6067
25063 -1439 -2315 -6072
25089 -1438 -2315 -6061
25144 -1438 -2315 -6062
25173 -1435 -2312 -6061
25231 -1436 -2311 -6060
25255 -1430 -2316 -6063
25313 -1432 -2313 -6059
25339 -1431 -2311 -6054
25393 -1425 -2315 -6061
25421 -1434 -2310 -6049
25476 -1426 -2309 -6050
25503 -1423 -2304 -6050
25560 -1424 -2312 -6053
25588 -1428 -2309 -6057
25646 -1427 -2314 -6052
25670 -1421 -2310 -6054
25726 -1422 -2315 -6053
25754 -1739 -2525 -6257
25812 -2087 -2353 -6567
25836 -2001 -2466 -6578
25891 -1995 -2531 -6674
25919 -1987 -2406 -6638
25974 -1962 -2516 -6562
26002 -1981 -2460 -6656
26059 -1997 -2453 -6577
26085 -1958 -2479 -6618
26142 -1951 -2426 -6606
26165 -1941 -2483 -6556
26220 -1986 -2451 -6646
26250 -1987 -2462 -6573
26304 -1967 -2465 -6625
26333 -1954 -2449 -6588
26388 -1954 -2469 -6599
26414 -1975 -2462 -6623
26470 -1971 -2463 -6568
26498 -1968 -2470 -6613
26554 -1957 -2457 -6593
26581 -1960 -2462 -6604
26636 -1984 -2468 -6607
26664 -1969 -2462 -6574
26721 -1930 -2406 -6483
26746 -1520 -2324 -6151
26802 -1474 -2339 -6101
26830 -1465 -2339 -6086
26886 -1450 -2318 -6078
26912 -1439 -2327 -6071
26970 -1443 -2323 -6074
26997 -1439 -2322 -6060
27054 -1437 -2317 -6070
27078 -1432 -2312 -6059
27133 -1430 -2312 -6057
27164 -1428 -2322 -6057
27219 -1429 -2319 -6057
27245 -1427 -2313 -6055
27302 -1430 -2315 -6059
27328 -1424 -2316 -6056
27384 -1420 -2308 -6053
27410 -1428 -2318 -6050
27449 -1424 -2313 -6058
27500 -1415 -2312 -6052
27551 -1430 -2312 -6050
27576 -1433 -2313 -6054
27633 -1418 -2314 -6050
27660 -1423 -2311 -6046
27715 -1423 -2307 -6070
27742 -1805 -2366 -6422
27797 -2054 -2341 -6754
27826 -2014 -2509 -6587
27880 -2029 -2484 -6657
27907 -2048 -2394 -6624
27965 -2010 -2493 -6553
27989 -2029 -2426 -6674
28045 -2035 -2434 -6577
28075 -1984 -2501 -6642
28130 -2023 -2398 -6615
28157 -1988 -2467 -6553
28213 -2019 -2434 -6639
28241 -2018 -2429 -6575
28279 -2000 -2455 -6615
28330 -2007 -2418 -6613
28381 -1995 -2471 -6571
28406 -2016 -2429 -6628
28463 -2011 -2461 -6593
28489 -2024 -2449 -6613
28545 -1996 -2446 -6596
28571 -2010 -2441 -6614
28627 -1999 -2432 -6593
28654 -2027 -2452 -6622
28711 -1943 -2365 -6452
28737 -1475 -2329 -6133
28793 -1468 -2328 -6099
28821 -1464 -2336 -6088
28875 -1453 -2323 -6082
28904 -1454 -2325 -6074
28958 -1448 -2323 -6076
28987 -1442 -2316 -6070
29042 -1436 -2314 -6062
29068 -1439 -2317 -6067
29125 -1433 -2317 -6060
29149 -1438 -2317 -6066
29206 -1431 -2310 -6056
29233 -1431 -2311 -6060
29284 -1430 -2305 -6056
29336 -1434 -2312 -6057
29370 -1428 -2311 -6053
29403 -1430 -2312 -6048
29459 -1421 -2309 -6055
29482 -1421 -2317 -6058
29536 -1422 -2309 -6053
29567 -1423 -2311 -6048
29621 -1426 -2313 -6047
29647 -1424 -2312 -6055
29703 -1420 -2307 -6244
29731 -1759 -2413 -6751
29788 -2063 -2399 -6756
29814 -2008 -2551 -6555
29871 -2056 -2451 -6685
29898 -2037 -2424 -6602
29954 -1995 -2513 -6619
29980 -2040 -2389 -6675
30036 -2021 -2490 -6527
30062 -2021 -2469 -6632
30118 -2009 -2428 -6571
30146 -1971 -2492 -6611
30202 -2008 -2422 -6617
30227 -1998 -2482 -6548
30288 -2034 -2448 -6628
30310 -2003 -2446 -6551
30366 -1990 -2481 -6628
30397 -2005 -2419 -6576
30452 -1994 -2471 -6597
30478 -2030 -2434 -6627
30532 -1995 -2466 -6552
30561 -1993 -2453 -6630
30617 -1996 -2427 -6565
30643 -2005 -2492 -6626
30699 -1882 -2327 -6403
30725 -1486 -2317 -6119
30779 -1469 -2340 -6087
30810 -1460 -2326 -6085
30865 -1455 -2319 -6070
30891 -1447 -2318 -6073
30947 -1445 -2317 -6074
30975 -1443 -2317 -6064
31030 -1438 -2317 -6069
31059 -1436 -2308 -6065
31117 -1433 -2313 -6063
31141 -1430 -2312 -6061
31197 -1430 -2310 -6059
31224 -1433 -2314 -6054
31280 -1431 -2313 -6057
31306 -1424 -2307 -6058
31360 -1419 -2312 -6052
31390 -1428 -2315 -6055
31447 -1427 -2314 -6058
31475 -1426 -2303 -6052
31532 -1426 -2311 -6052
31568 -1419 -2309 -6050
31598 -1421 -2300 -6047
31653 -1425 -2306 -6046
31680 -1427 -2304 -6085
31734 -1790 -2387 -6440
31764 -2134 -2354 -6736
31819 -2041 -2511 -6546
31845 -2081 -2513 -6646
31898 -2131 -2359 -6609
31928 -2033 -2524 -6543
31982 -2084 -2412 -6684
32011 -2050 -2436 -6540
32070 -2042 -2543 -6624
32094 -2085 -2364 -6590
32150 -2019 -2528 -6533
32176 -2050 -2403 -6660
32232 -2040 -2468 -6530
32260 -2058 -2488 -6609
32319 -2075 -2405 -6567
32342 -2035 -2492 -6548
32397 -2049 -2410 -6615
32426 -2037 -2468 -6537
32482 -2055 -2461 -6623
32508 -2064 -2431 -6544
32565 -2035 -2482 -6610
32590 -2043 -2411 -6567
32649 -2036 -2478 -6570
32675 -1987 -2345 -6455
32730 -1502 -2320 -6133
32758 -1476 -2331 -6104
32814 -1460 -2334 -6083
32839 -1452 -2321 -6072
32895 -1451 -2315 -6073
32922 -1456 -2315 -6072
32979 -1438 -2315 -6068
33005 -1442 -2316 -6070
33060 -1439 -2319 -6072
33089 -1436 -2314 -6059
33143 -1432 -2313 -6056
33172 -1434 -2311 -6060
33228 -1426 -2314 -6060
33254 -1432 -2314 -6054
33308 -1431 -2313 -6056
33341 -1427 -2312 -6051
33397 -1426 -2311 -6054
33432 -1428 -2310 -6053
33461 -1416 -2309 -6051
33514 -1421 -2312 -6054
33543 -1425 -2309 -6058
33594 -1429 -2308 -6048
33643 -1427 -2308 -6050
33671 -1427 -2302 -6289
33725 -1751 -2377 -6770
33751 -2084 -2412 -6759
33807 -2039 -2496 -6530
33837 -2039 -2447 -6658
33893 -2061 -2383 -6631
33919 -2017 -2487 -6541
33976 -2053 -2406 -6681
34000 -2033 -2432 -6560
34055 -2001 -2487 -6634
34086 -2037 -2366 -6636
34143 -2007 -2474 -6524
34166 -2024 -2413 -6656
34223 -2027 -2397 -6583
34250 -1992 -2471 -6624
34306 -2048 -2388 -6643
34331 -2016 -2469 -6528
34389 -2019 -2429 -6639
34415 -2011 -2406 -6583
34471 -1997 -2470 -6626
34497 -2048 -2391 -6600
34553 -2004 -2456 -6560
34582 -2022 -2405 -6657
34637 -2000 -2427 -6560
34662 -1874 -2351 -6381
34719 -1484 -2319 -6118
34747 -1471 -2332 -6094
34803 -1458 -2320 -6083
34829 -1452 -2317 -6078
34886 -1444 -2329 -6070
34913 -1445 -2319 -6069
34968 -1448 -2322 -6067
34995 -1432 -2313 -6067
35052 -1438 -2314 -6070
35080 -1429 -2321 -6064
35137 -1435 -2313 -6064
35162 -1429 -2315 -6061
35217 -1425 -2317 -6058
35245 -1418 -2309 -6058
35300 -1421 -2308 -6063
35328 -1429 -2307 -6056
35384 -1418 -2312 -6051
35412 -1422 -2307 -6054
35469 -1418 -2319 -6057
35494 -1420 -2309 -6059
35548 -1424 -2307 -6043
35575 -1419 -2313 -6051
35632 -1421 -2312 -6049
35659 -1421 -2383 -6676
35713 -1762 -2517 -6898
35741 -2052 -2468 -6585
35797 -1989 -2556 -6613
35824 -1985 -2410 -6666
35879 -1939 -2506 -6569
35907 -1984 -2463 -6615
35964 -1985 -2458 -6614
35991 -1976 -2480 -6575
36047 -1923 -2440 -6587
36073 -1926 -2479 -6614
36128 -1967 -2436 -6584
36156 -1956 -2504 -6622
36213 -1973 -2428 -6590
36238 -1926 -2471 -6575
36294 -1945 -2467 -6635
36323 -1949 -2454 -6569
36378 -1965 -2515 -6626
36407 -1955 -2417 -6593
36465 -1935 -2488 -6583
36488 -1946 -2450 -6632
36544 -1955 -2458 -6558
36571 -1954 -2479 -6633
36629 -1948 -2428 -6553
36655 -1695 -2353 -6274
36713 -1470 -2326 -6111
36735 -1456 -2335 -6097
36791 -1443 -2331 -6083
36820 -1436 -2320 -6075
36875 -1449 -2318 -6077
36901 -1437 -2317 -6074
36958 -1440 -2311 -6068
36985 -1433 -2314 -6063
37040 -1440 -2311 -6065
37069 -1430 -2317 -6068
37125 -1430 -2309 -6058
37151 -1429 -2312 -6067
37207 -1428 -2318 -6053
37235 -1426 -2310 -6056
37291 -1427 -2309 -6054
37319 -1428 -2311 -6056
37375 -1420 -2313 -6054
37400 -1421 -2303 -6054
37438 -1417 -2321 -6054
37489 -1418 -2308 -6052
37540 -1424 -2318 -6054
37566 -1418 -2307 -6054
37626 -1415 -2315 -6049
37660 -1472 -2546 -6615
37689 -1939 -2486 -6661
37749 -2036 -2459 -6510
37772 -1953 -2521 -6663
37829 -1968 -2406 -6674
37856 -1936 -2491 -6566
37911 -1952 -2440 -6637
37939 -1966 -2448 -6627
37996 -1956 -2463 -6573
38021 -1925 -2444 -6642
38078 -1932 -2460 -6587
38104 -1928 -2431 -6612
38144 -1956 -2467 -6636
38199 -1937 -2435 -6587
38229 -1933 -2478 -6636
38285 -1941 -2426 -6593
38315 -1936 -2470 -6608
38370 -1949 -2440 -6635
38406 -1931 -2447 -6573
38437 -1945 -2465 -6637
38492 -1949 -2423 -6590
38519 -1936 -2472 -6619
38575 -1945 -2428 -6617
38603 -1923 -2441 -6506
38661 -1595 -2313 -6220
38686 -1470 -2330 -6101
38742 -1464 -2339 -6091
38768 -1450 -2319 -6077
38826 -1441 -2320 -6073
38851 -1438 -2321 -6073
38907 -1437 -2313 -6069
38935 -1435 -2318 -6069
38990 -1430 -2312 -6067
39016 -1423 -2315 -6062
