5 -1557 -2912 -7736
10 -1553 -2902 -7729
11 -1559 -2896 -7702
14 -1554 -2913 -7743
15 -1552 -2898 -7716
18 -1548 -2886 -7719
19 -1549 -2905 -7719
22 -1547 -2910 -7732
23 -1548 -2909 -7711
26 -1535 -2906 -7734
27 -1544 -2911 -7722
30 -1532 -2907 -7721
31 -1542 -2899 -7717
34 -1531 -2911 -7725
37 -1531 -2903 -7720
38 -1528 -2914 -7709
41 -1527 -2906 -7735
44 -1524 -2915 -7726
45 -1521 -2911 -7717
48 -1519 -2916 -7736
49 -1530 -2908 -7703
52 -1528 -2911 -7734
53 -1522 -2924 -7720
56 -1535 -2898 -7722
57 -1524 -2911 -7719
60 -1527 -2907 -7734
61 -1527 -2899 -7710
64 -1526 -2913 -7735
65 -1535 -2904 -7719
68 -1551 -2902 -7705
69 -1538 -2894 -7719
72 -1544 -2908 -7710
73 -1531 -2895 -7707
76 -1546 -2910 -7715
77 -1540 -2904 -7711
80 -1541 -2901 -7716
81 -1549 -2906 -7716
84 -1572 -2897 -7707
121 -1569 -2902 -7702
170 -1575 -2905 -7724
221 -1562 -2902 -7710
256 -1565 -2882 -7705
283 -1558 -2913 -7736
338 -1553 -2915 -7719
367 -1558 -2894 -7716
422 -1557 -2907 -7718
449 -1552 -2914 -7733
506 -1553 -2907 -7723
531 -1556 -2894 -7708
588 -1555 -2912 -7749
615 -1559 -2908 -7683
670 -1557 -2910 -7774
697 -1553 -2904 -7659
752 -1563 -2900 -7758
782 -1552 -2924 -7724
839 -1559 -2893 -7710
864 -1546 -2896 -7734
922 -1560 -2912 -7711
946 -1552 -2909 -7736
1001 -1552 -2911 -7697
1029 -1551 -2903 -7744
1088 -1545 -2906 -7716
1113 -1548 -2906 -7724
1169 -1549 -2911 -7719
1198 -1548 -2895 -7723
1257 -1555 -2919 -7725
1280 -1548 -2895 -7719
1337 -1549 -2905 -7734
1364 -1558 -2906 -7710
1419 -1550 -2918 -7744
1444 -1552 -2905 -7708
1501 -1554 -2898 -7736
1530 -1556 -2912 -7719
1587 -1558 -2904 -7723
1610 -1550 -2911 -7733
1667 -1554 -2904 -7718
1694 -1556 -2901 -7716
1749 -1552 -2909 -7724
1776 -1555 -2896 -7718
1835 -1550 -2915 -7722
1858 -1552 -2902 -7710
1915 -1551 -2903 -7718
1940 -1546 -2913 -7737
1999 -1561 -2897 -7707
2024 -1554 -2911 -7730
2077 -1556 -2909 -7727
2106 -1546 -2908 -7725
2163 -1551 -2895 -7714
2190 -1550 -2912 -7731
2241 -1555 -2910 -7705
2292 -1541 -2909 -7739
2313 -1555 -2904 -7690
2370 -1555 -2902 -7729
2397 -1556 -2911 -7725
2452 -1554 -2907 -7718
2481 -1548 -2895 -7729
2536 -1541 -2918 -7723
2563 -1554 -2892 -7723
2618 -1544 -2912 -7729
2647 -1553 -2899 -7718
2704 -1548 -2897 -7719
2729 -1553 -2911 -7741
2787 -1556 -2911 -7734
2810 -1546 -2894 -7717
2865 -1548 -2909 -7731
2894 -1540 -2911 -7725
2951 -1540 -2904 -7718
2978 -1551 -2893 -7715
3033 -1543 -2907 -7728
3060 -1551 -2905 -7723
3115 -1550 -2901 -7713
3144 -1556 -2909 -7730
3193 -1550 -2917 -7747
3242 -1547 -2912 -7701
3267 -1552 -2905 -7754
3327 -1549 -2907 -7711
3365 -1534 -2764 -7802
3392 -1540 -2771 -7755
3450 -1546 -2738 -7800
3474 -1541 -2721 -7747
3532 -1546 -2737 -7805
3559 -1540 -2719 -7758
3614 -1540 -2718 -7781
3641 -1546 -2714 -7771
3698 -1543 -2739 -7798
3726 -1540 -2720 -7772
3781 -1543 -2716 -7784
3808 -1532 -2726 -7776
3867 -1549 -2731 -7771
3900 -1551 -2723 -7793
3933 -1550 -2713 -7777
3988 -1542 -2731 -7783
4015 -1543 -2713 -7798
4074 -1542 -2718 -7758
4113 -1549 -2731 -7779
4140 -1539 -2720 -7775
4181 -1542 -2724 -7748
4232 -1539 -2708 -7816
4279 -1545 -2735 -7755
4304 -1547 -2690 -7774
4361 -1541 -2756 -7819
4386 -1547 -2704 -7753
4445 -1547 -2721 -7766
4470 -1540 -2730 -7825
4525 -1542 -2732 -7754
4554 -1551 -2707 -7789
4609 -1549 -2729 -7760
4636 -1533 -2721 -7788
4695 -1548 -2740 -7812
4718 -1548 -2706 -7716
4774 -1551 -2736 -7842
4801 -1532 -2722 -7759
4856 -1556 -2708 -7771
4883 -1547 -2713 -7790
4940 -1544 -2727 -7773
4967 -1550 -2709 -7754
5024 -1550 -2725 -7818
5053 -1553 -2712 -7755
5108 -1551 -2713 -7794
5133 -1557 -2729 -7796
5188 -1552 -2716 -7756
5217 -1546 -2734 -7832
5274 -1546 -2710 -7740
5297 -1559 -2722 -7797
5358 -1551 -3062 -7580
5381 -1576 -2970 -7689
5438 -1540 -2991 -7647
5465 -1558 -3048 -7710
5522 -1556 -3007 -7682
5547 -1577 -3038 -7663
5602 -1566 -3031 -7634
5629 -1555 -3031 -7704
5683 -1550 -3013 -7608
5712 -1560 -3025 -7709
5769 -1570 -3030 -7654
5796 -1573 -3025 -7682
5851 -1558 -3017 -7667
5880 -1562 -3027 -7650
5939 -1547 -3019 -7681
5964 -1564 -3018 -7638
6019 -1568 -3030 -7685
6044 -1564 -3018 -7661
6102 -1559 -3017 -7665
6127 -1558 -3026 -7671
6181 -1557 -3011 -7660
6209 -1566 -3032 -7653
6264 -1560 -3023 -7679
6294 -1562 -3022 -7668
6352 -1572 -3009 -7647
6375 -1545 -3033 -7715
6436 -1565 -3011 -7599
6459 -1550 -3017 -7717
6514 -1551 -3029 -7611
6543 -1555 -2996 -7703
6598 -1555 -3037 -7665
6627 -1560 -3002 -7666
6682 -1560 -3020 -7709
6709 -1575 -3022 -7611
6768 -1547 -3012 -7716
6791 -1552 -3029 -7637
6852 -1561 -3002 -7668
6875 -1560 -3033 -7675
6932 -1571 -3018 -7676
6959 -1555 -3008 -7668
7016 -1567 -3021 -7649
7041 -1559 -3026 -7737
7098 -1560 -3013 -7580
7123 -1555 -3014 -7760
7180 -1549 -3024 -7599
7207 -1551 -2998 -7711
7266 -1544 -3027 -7655
7289 -1532 -2815 -7695
7344 -1557 -2290 -7948
7373 -1541 -2552 -7787
7428 -1572 -2480 -7896
7453 -1543 -2489 -7837
7512 -1549 -2480 -7845
7537 -1528 -2456 -7956
7594 -1547 -2467 -7824
7619 -1547 -2467 -7937
7676 -1563 -2477 -7843
7703 -1536 -2486 -7886
7758 -1542 -2476 -7807
7787 -1529 -2480 -7928
7843 -1537 -2470 -7856
7868 -1558 -2479 -7908
7925 -1547 -2469 -7882
7950 -1539 -2467 -7861
8009 -1539 -2478 -7877
8036 -1518 -2487 -7855
8101 -1548 -2467 -7877
8118 -1560 -2472 -7886
8175 -1547 -2473 -7900
8200 -1555 -2453 -7867
8257 -1542 -2466 -7911
8284 -1545 -2483 -7837
8341 -1543 -2464 -7906
8366 -1546 -2479 -7831
8421 -1541 -2462 -7925
8450 -1546 -2477 -7848
8505 -1551 -2476 -7897
8530 -1529 -2458 -7887
8588 -1546 -2489 -7855
8615 -1540 -2456 -7899
8672 -1548 -2489 -7830
8699 -1538 -2461 -7978
8756 -1546 -2479 -7784
8783 -1551 -2458 -7951
8840 -1548 -2493 -7878
8863 -1552 -2442 -7818
8922 -1535 -2490 -7937
8945 -1548 -2476 -7841
9002 -1544 -2461 -7898
9029 -1542 -2476 -7891
9074 -1557 -2462 -7859
9123 -1528 -2480 -7925
9152 -1543 -2470 -7808
9213 -1540 -2461 -7949
9238 -1543 -2500 -7832
9277 -1574 -3039 -7608
9330 -1557 -3207 -7523
9361 -1543 -3030 -7658
9412 -1536 -3129 -7582
9445 -1556 -3102 -7619
9494 -1555 -3134 -7622
9543 -1576 -3132 -7484
9568 -1539 -3096 -7633
9625 -1544 -3132 -7474
9652 -1535 -3113 -7737
9693 -1559 -3095 -7458
9744 -1575 -3113 -7687
9793 -1558 -3114 -7554
9818 -1561 -3130 -7572
9875 -1523 -3087 -7555
9902 -1553 -3136 -7556
9961 -1534 -3106 -7655
9998 -1569 -3109 -7508
10023 -1567 -3110 -7658
10080 -1545 -3138 -7571
10107 -1544 -3094 -7556
10164 -1535 -3129 -7593
10189 -1543 -3108 -7563
10248 -1557 -3105 -7595
10273 -1556 -3109 -7582
10330 -1557 -3096 -7602
10355 -1541 -3093 -7582
10410 -1541 -3112 -7569
10439 -1548 -3094 -7604
10498 -1546 -3096 -7555
10521 -1552 -3101 -7642
10576 -1550 -3096 -7572
10603 -1550 -3095 -7618
10659 -1543 -3099 -7598
10688 -1551 -3102 -7561
10743 -1533 -3097 -7594
10770 -1544 -3108 -7561
10825 -1545 -3094 -7646
10852 -1560 -3095 -7519
10907 -1556 -3109 -7651
10934 -1543 -3094 -7564
10991 -1548 -3095 -7603
11018 -1536 -3088 -7563
11071 -1545 -3103 -7599
11100 -1552 -3093 -7599
11159 -1567 -3099 -7557
11184 -1544 -3099 -7634
11239 -1538 -2955 -7560
11266 -1522 -2020 -8253
11327 -1496 -2234 -7813
11353 -1585 -2221 -8077
11410 -1540 -2212 -7896
11435 -1537 -2191 -7960
11494 -1498 -2147 -7997
11517 -1508 -2155 -8013
11576 -1530 -2146 -8026
11601 -1549 -2183 -8002
11660 -1544 -2196 -7946
11685 -1519 -2150 -7987
11742 -1521 -2204 -7951
11785 -1511 -2145 -8015
11806 -1550 -2167 -7962
11863 -1552 -2166 -8090
11892 -1554 -2187 -7934
11949 -1535 -2176 -8024
11970 -1515 -2201 -7940
12027 -1516 -2187 -7994
12056 -1529 -2176 -7973
12115 -1551 -2189 -8012
12140 -1546 -2162 -8038
12197 -1542 -2195 -7929
12222 -1518 -2176 -8050
12277 -1513 -2202 -7900
12304 -1525 -2188 -8039
12359 -1547 -2185 -7948
12386 -1548 -2178 -7997
12445 -1536 -2193 -8066
12468 -1546 -2158 -7920
12525 -1523 -2197 -8047
12552 -1512 -2186 -7959
12609 -1532 -2201 -7969
12636 -1508 -2179 -7999
12691 -1530 -2193 -7990
12720 -1529 -2175 -8017
12776 -1519 -2177 -7989
12801 -1542 -2190 -8006
12864 -1513 -2189 -7964
12887 -1533 -2200 -8035
12944 -1520 -2168 -7920
12967 -1514 -2185 -8048
13022 -1523 -2199 -7999
13049 -1529 -2150 -7983
13108 -1517 -2206 -7979
13133 -1532 -2185 -8054
13188 -1531 -2221 -7960
13215 -1566 -3037 -7588
13270 -1561 -3385 -7336
13299 -1543 -3262 -7449
13356 -1501 -3295 -7438
13381 -1538 -3289 -7424
13438 -1563 -3302 -7443
13465 -1561 -3246 -7408
13518 -1555 -3235 -7471
13549 -1516 -3196 -7446
13604 -1540 -3201 -7486
13631 -1537 -3183 -7548
13690 -1578 -3210 -7466
13713 -1563 -3190 -7558
13767 -1556 -3220 -7421
13795 -1536 -3188 -7445
13850 -1514 -3209 -7486
13878 -1541 -3194 -7469
13937 -1562 -3192 -7513
13962 -1556 -3210 -7515
14019 -1554 -3191 -7524
14046 -1538 -3189 -7396
14103 -1521 -3219 -7495
14128 -1536 -3207 -7460
14185 -1553 -3196 -7463
14212 -1548 -3214 -7501
14251 -1548 -3196 -7521
14302 -1554 -3187 -7459
14335 -1527 -3210 -7508
14384 -1536 -3193 -7433
14435 -1531 -3214 -7499
14472 -1534 -3213 -7434
14499 -1559 -3191 -7537
14559 -1531 -3188 -7465
14584 -1554 -3217 -7504
14643 -1543 -3206 -7492
14666 -1540 -3203 -7409
14725 -1520 -3208 -7532
14750 -1543 -3204 -7401
14807 -1533 -3221 -7539
14832 -1549 -3194 -7469
14889 -1551 -3200 -7499
14916 -1529 -3206 -7466
14975 -1542 -3206 -7460
14996 -1528 -3217 -7501
15053 -1534 -3195 -7425
15080 -1547 -3207 -7529
15137 -1537 -3209 -7491
15162 -1507 -2832 -7694
15219 -1512 -2756 -7761
15246 -1539 -2825 -7666
15299 -1538 -2794 -7660
15328 -1535 -2827 -7715
15379 -1523 -2785 -7641
15428 -1525 -2794 -7812
15455 -1545 -2772 -7604
15510 -1539 -2801 -7818
15537 -1543 -2807 -7605
15594 -1535 -2800 -7752
15621 -1510 -2811 -7623
15677 -1534 -2808 -7722
15702 -1541 -2818 -7721
15761 -1556 -2805 -7660
15787 -1535 -2806 -7744
15828 -1529 -2831 -7629
15879 -1533 -2811 -7720
15926 -1519 -2830 -7648
15951 -1531 -2802 -7683
16010 -1542 -2833 -7747
16045 -1543 -2808 -7659
16076 -1543 -2815 -7752
16131 -1524 -2818 -7650
16158 -1532 -2819 -7689
16213 -1531 -2822 -7702
16242 -1545 -2823 -7678
16297 -1540 -2810 -7713
16324 -1539 -2813 -7686
16379 -1531 -2815 -7706
16408 -1537 -2822 -7690
16465 -1536 -2809 -7669
16490 -1538 -2825 -7690
16546 -1538 -2820 -7702
16573 -1539 -2807 -7685
16630 -1544 -2807 -7703
16657 -1537 -2823 -7700
16712 -1540 -2808 -7691
16740 -1539 -2831 -7677
16801 -1537 -2817 -7687
16823 -1535 -2815 -7682
16882 -1540 -2828 -7715
16905 -1542 -2821 -7705
16960 -1549 -2807 -7682
16987 -1536 -2822 -7696
17048 -1529 -2827 -7689
17069 -1529 -2816 -7673
17126 -1520 -2604 -6663
17155 -1365 -2353 -6220
17212 -1421 -2391 -6155
17235 -1419 -2377 -6145
17294 -1417 -2361 -6115
17319 -1415 -2370 -6100
17374 -1418 -2366 -6100
17403 -1412 -2358 -6089
17458 -1416 -2352 -6080
17485 -1412 -2354 -6074
17542 -1418 -2352 -6076
17569 -1421 -2358 -6069
17622 -1413 -2342 -6065
17651 -1418 -2351 -6060
17710 -1414 -2347 -6056
17733 -1413 -2344 -6048
17790 -1416 -2342 -6054
17817 -1412 -2339 -6046
17876 -1416 -2339 -6042
17901 -1413 -2345 -6047
17956 -1411 -2345 -6045
17983 -1415 -2337 -6041
18038 -1421 -2339 -6044
18065 -1409 -2350 -6033
18120 -1421 -2341 -6036
18147 -1411 -2336 -6039
18202 -1414 -2348 -6030
18231 -1412 -2340 -6030
18280 -1408 -2340 -6032
18331 -1411 -2340 -6021
18356 -1408 -2335 -6020
18413 -1415 -2341 -6027
18436 -1410 -2342 -6028
18496 -1410 -2326 -6027
18519 -1409 -2331 -6024
18578 -1412 -2329 -6023
18603 -1415 -2329 -6016
18660 -1413 -2330 -6021
18685 -1416 -2332 -6020
18743 -1409 -2330 -6019
18768 -1415 -2328 -6024
18829 -1413 -2323 -6015
18854 -1415 -2323 -6014
18913 -1419 -2332 -6012
18934 -1418 -2325 -6014
18992 -1420 -2329 -6010
19019 -1413 -2327 -6010
19077 -1416 -2333 -6008
19103 -1411 -2324 -6021
19162 -1689 -2866 -8474
19183 -1605 -2741 -7404
19240 -1615 -2743 -7782
19267 -1594 -2892 -7759
19324 -1616 -2783 -7985
19351 -1612 -2750 -7461
19408 -1666 -2840 -7869
19433 -1620 -2736 -7636
19488 -1627 -2755 -7564
19517 -1605 -2776 -7718
19572 -1600 -2762 -7575
19601 -1611 -2724 -7588
19660 -1629 -2783 -7621
19683 -1627 -2710 -7615
19744 -1624 -2756 -7595
19765 -1616 -2737 -7618
19820 -1610 -2756 -7608
19847 -1615 -2731 -7574
19902 -1624 -2781 -7632
19931 -1616 -2734 -7589
19970 -1620 -2750 -7621
20023 -1618 -2728 -7598
20056 -1613 -2751 -7638
20103 -1622 -2739 -7568
20156 -1619 -2744 -7638
20193 -1609 -2739 -7587
20222 -1615 -2746 -7633
20277 -1620 -2735 -7615
20302 -1621 -2755 -7631
20357 -1620 -2732 -7625
20388 -1631 -2770 -7607
20427 -1612 -2735 -7624
20476 -1626 -2767 -7604
20525 -1621 -2747 -7631
20552 -1626 -2768 -7624
20607 -1618 -2736 -7634
20636 -1613 -2750 -7618
20691 -1609 -2747 -7624
20718 -1614 -2753 -7627
20773 -1612 -2749 -7601
20802 -1619 -2763 -7640
20849 -1619 -2745 -7617
20900 -1627 -2766 -7636
20925 -1620 -2746 -7650
20984 -1629 -2748 -7618
21007 -1614 -2753 -7642
21064 -1616 -2495 -7870
21091 -1605 -2579 -7668
21146 -1637 -2560 -7759
21171 -1613 -2537 -7674
21228 -1625 -2562 -7733
21255 -1602 -2539 -7713
21314 -1624 -2558 -7729
21339 -1617 -2556 -7741
21396 -1623 -2561 -7713
21423 -1616 -2565 -7713
21480 -1622 -2555 -7710
21506 -1613 -2555 -7732
21566 -1618 -2565 -7714
21603 -1623 -2548 -7738
21632 -1624 -2562 -7710
21671 -1618 -2561 -7752
21725 -1615 -2571 -7703
21756 -1616 -2544 -7713
21813 -1615 -2576 -7738
21838 -1615 -2562 -7719
21895 -1621 -2564 -7724
21920 -1612 -2554 -7699
21961 -1613 -2568 -7745
22010 -1602 -2568 -7717
22059 -1629 -2572 -7715
22086 -1609 -2559 -7735
22143 -1622 -2571 -7710
22168 -1613 -2556 -7748
22227 -1620 -2562 -7720
22252 -1627 -2554 -7720
22309 -1621 -2573 -7724
22334 -1616 -2567 -7726
22391 -1622 -2559 -7712
22418 -1631 -2560 -7727
22477 -1625 -2564 -7729
22514 -1625 -2564 -7719
22541 -1627 -2554 -7713
22596 -1620 -2560 -7727
22623 -1622 -2568 -7727
22678 -1617 -2559 -7708
22707 -1620 -2560 -7736
22758 -1622 -2561 -7705
22807 -1624 -2551 -7735
22830 -1623 -2564 -7723
22885 -1619 -2548 -7731
22914 -1621 -2571 -7709
22971 -1617 -2568 -7751
22998 -1622 -2606 -7748
23055 -1601 -3000 -7510
23082 -1638 -2855 -7677
23137 -1604 -2913 -7584
23164 -1626 -2908 -7588
23221 -1635 -2920 -7629
23246 -1628 -2926 -7535
23301 -1629 -2906 -7603
23330 -1618 -2935 -7575
23387 -1613 -2908 -7576
23412 -1616 -2908 -7571
23471 -1618 -2930 -7674
23510 -1637 -2878 -7474
23535 -1631 -2945 -7700
23590 -1610 -2907 -7504
23619 -1616 -2906 -7609
23668 -1605 -2926 -7582
23717 -1632 -2905 -7604
23742 -1622 -2924 -7587
23797 -1622 -2927 -7593
23826 -1612 -2910 -7603
23881 -1608 -2916 -7523
23908 -1616 -2924 -7623
23967 -1617 -2928 -7605
23992 -1625 -2890 -7541
24047 -1629 -2927 -7643
24075 -1626 -2915 -7565
24131 -1618 -2923 -7610
24159 -1620 -2924 -7559
24216 -1619 -2909 -7589
24242 -1615 -2931 -7588
24298 -1628 -2908 -7588
24323 -1630 -2920 -7616
24383 -1621 -2916 -7552
24406 -1622 -2921 -7622
24463 -1624 -2931 -7568
24492 -1616 -2898 -7572
24551 -1617 -2940 -7585
24590 -1621 -2913 -7608
24613 -1618 -2894 -7553
24676 -1629 -2912 -7602
24699 -1616 -2926 -7602
24758 -1615 -2906 -7563
24785 -1633 -2922 -7599
24822 -1617 -2921 -7578
24871 -1629 -2924 -7588
24922 -1616 -2912 -7609
24945 -1631 -2918 -7549
25002 -1623 -2897 -7596
25029 -1586 -2274 -8022
25086 -1593 -2428 -7690
25111 -1633 -2411 -7914
25168 -1630 -2402 -7720
25195 -1623 -2370 -7822
25252 -1598 -2381 -7788
25277 -1604 -2351 -7850
25332 -1619 -2371 -7797
25359 -1625 -2374 -7844
25416 -1625 -2394 -7784
25443 -1610 -2362 -7809
25498 -1597 -2384 -7797
25525 -1605 -2380 -7823
25580 -1625 -2359 -7819
25609 -1633 -2379 -7845
25664 -1617 -2370 -7807
25691 -1606 -2372 -7822
25748 -1593 -2376 -7788
25773 -1608 -2375 -7817
25828 -1605 -2366 -7823
25859 -1627 -2357 -7820
25918 -1618 -2374 -7850
25939 -1608 -2364 -7805
25994 -1605 -2360 -7822
26023 -1605 -2389 -7818
26076 -1601 -2370 -7796
26105 -1626 -2373 -7841
26154 -1610 -2364 -7784
26205 -1615 -2366 -7852
26230 -1611 -2352 -7824
26285 -1618 -2369 -7781
26312 -1604 -2375 -7876
26361 -1621 -2384 -7765
26412 -1612 -2353 -7836
26439 -1603 -2389 -7826
26494 -1620 -2358 -7828
26519 -1612 -2367 -7829
26580 -1606 -2375 -7784
26603 -1610 -2365 -7857
26662 -1608 -2390 -7772
26685 -1609 -2361 -7861
26740 -1614 -2382 -7783
26770 -1618 -2355 -7842
26825 -1611 -2383 -7826
26852 -1613 -2356 -7808
26909 -1621 -2369 -7776
26936 -1607 -2370 -7863
26977 -1655 -2716 -7655
27028 -1618 -3215 -7293
27059 -1631 -2949 -7632
27110 -1567 -3032 -7448
27143 -1613 -3008 -7518
27192 -1612 -3027 -7544
27241 -1640 -3054 -7417
27268 -1618 -3027 -7506
27325 -1605 -3029 -7449
27352 -1589 -2988 -7543
27391 -1610 -2995 -7480
27446 -1631 -3012 -7557
27475 -1633 -2999 -7514
27527 -1615 -2999 -7475
27560 -1610 -3000 -7483
27609 -1589 -3007 -7519
27658 -1608 -2990 -7475
27695 -1624 -3019 -7541
27724 -1622 -3006 -7514
27777 -1606 -3000 -7487
27806 -1602 -3016 -7526
27865 -1599 -2993 -7474
27890 -1610 -3027 -7498
27945 -1619 -3015 -7510
27972 -1617 -3010 -7508
28031 -1617 -3016 -7521
28054 -1612 -3001 -7480
28109 -1605 -3012 -7508
28136 -1610 -3014 -7477
28191 -1615 -3016 -7507
28220 -1611 -3009 -7491
28275 -1617 -3009 -7508
28304 -1610 -3013 -7503
28361 -1615 -3013 -7502
28384 -1623 -3013 -7486
28439 -1613 -3027 -7505
28468 -1607 -3010 -7492
28527 -1621 -3030 -7485
28552 -1603 -3011 -7503
28609 -1615 -3025 -7513
28634 -1619 -3022 -7499
28691 -1612 -3012 -7488
28718 -1607 -3019 -7496
28773 -1599 -3014 -7491
28800 -1605 -3019 -7499
28857 -1611 -3011 -7485
28884 -1612 -3020 -7518
28941 -1613 -3025 -7462
28978 -1571 -2357 -7869
29007 -1577 -1961 -7944
29056 -1601 -2214 -7916
29105 -1621 -2119 -7916
29132 -1597 -2164 -7984
29187 -1570 -2109 -7871
29214 -1565 -2096 -8068
29270 -1594 -2093 -7901
29298 -1606 -2104 -8042
29355 -1617 -2140 -7899
29381 -1603 -2119 -7995
29437 -1572 -2142 -7891
29465 -1585 -2099 -7982
29522 -1587 -2109 -7962
29547 -1611 -2127 -7981
29602 -1609 -2102 -7977
29629 -1605 -2147 -7940
29689 -1567 -2102 -7944
29714 -1579 -2146 -7929
29771 -1590 -2126 -7980
29798 -1610 -2126 -7955
29853 -1613 -2115 -7975
29892 -1602 -2114 -7977
29919 -1592 -2127 -7939
29980 -1589 -2131 -7975
30005 -1591 -2127 -7906
30062 -1596 -2128 -7986
30087 -1592 -2129 -7945
30142 -1607 -2109 -8004
30169 -1603 -2116 -7948
30230 -1593 -2119 -7976
30251 -1588 -2135 -7939
30308 -1579 -2122 -7937
30334 -1590 -2143 -7961
30391 -1594 -2115 -7953
30418 -1601 -2118 -7968
30475 -1600 -2119 -7956
30500 -1593 -2118 -7963
30557 -1591 -2131 -7956
30582 -1595 -2128 -7937
30639 -1591 -2121 -7969
30666 -1596 -2116 -7926
30723 -1590 -2126 -8002
30748 -1599 -2135 -7943
30805 -1601 -2122 -7951
30830 -1586 -2150 -7960
30889 -1599 -2130 -7947
30914 -1648 -2656 -7720
30967 -1626 -3253 -7257
30996 -1595 -3243 -7427
31055 -1567 -3218 -7371
31080 -1579 -3208 -7393
31135 -1598 -3229 -7381
31162 -1618 -3191 -7398
31217 -1612 -3160 -7367
31246 -1609 -3140 -7398
31303 -1583 -3119 -7423
31330 -1590 -3120 -7452
31371 -1612 -3123 -7470
31420 -1627 -3126 -7446
31453 -1616 -3142 -7417
31504 -1588 -3129 -7390
31535 -1579 -3135 -7395
31592 -1587 -3125 -7430
31619 -1612 -3140 -7426
31674 -1615 -3142 -7483
31701 -1623 -3132 -7421
31758 -1597 -3129 -7426
31785 -1587 -3140 -7384
31838 -1595 -3142 -7405
31867 -1595 -3122 -7418
31922 -1614 -3134 -7429
31952 -1610 -3132 -7447
31992 -1604 -3135 -7437
32044 -1596 -3126 -7410
32074 -1588 -3134 -7418
32126 -1600 -3143 -7392
32157 -1600 -3143 -7441
32208 -1609 -3121 -7420
32258 -1604 -3134 -7440
32284 -1611 -3125 -7428
32341 -1595 -3144 -7418
32364 -1599 -3137 -7414
32423 -1595 -3131 -7392
32448 -1592 -3137 -7412
32503 -1598 -3144 -7449
32532 -1608 -3126 -7428
32587 -1607 -3135 -7424
32616 -1598 -3138 -7437
32659 -1604 -3138 -7405
32710 -1591 -3136 -7399
32739 -1597 -3145 -7434
32798 -1597 -3132 -7394
32835 -1604 -3135 -7443
32862 -1593 -3038 -7458
32921 -1599 -2578 -7764
32944 -1592 -2795 -7521
33003 -1624 -2752 -7697
33030 -1593 -2747 -7582
33087 -1593 -2739 -7631
33110 -1583 -2731 -7683
33165 -1590 -2732 -7635
33194 -1598 -2737 -7677
33253 -1607 -2738 -7608
33278 -1583 -2769 -7651
33335 -1591 -2735 -7586
33360 -1581 -2746 -7674
33417 -1597 -2753 -7617
33442 -1609 -2756 -7672
33499 -1604 -2761 -7639
33526 -1602 -2755 -7625
33585 -1577 -2759 -7630
33608 -1578 -2766 -7612
33663 -1594 -2754 -7640
33690 -1612 -2758 -7624
33747 -1616 -2752 -7671
33774 -1593 -2757 -7619
33829 -1589 -2751 -7646
33858 -1594 -2762 -7608
33911 -1599 -2755 -7627
33938 -1599 -2761 -7630
33993 -1602 -2756 -7647
34024 -1595 -2748 -7629
34075 -1605 -2758 -7641
34104 -1601 -2765 -7659
34155 -1595 -2762 -7620
34206 -1595 -2754 -7633
34229 -1602 -2765 -7636
34286 -1592 -2752 -7642
34311 -1608 -2754 -7637
34366 -1608 -2748 -7644
34395 -1599 -2753 -7644
34453 -1603 -2759 -7630
34479 -1596 -2751 -7633
34536 -1608 -2751 -7618
34561 -1604 -2750 -7663
34616 -1608 -2748 -7638
34645 -1610 -2744 -7649
34702 -1610 -2752 -7625
34727 -1606 -2755 -7648
34786 -1606 -2754 -7615
34813 -1610 -2740 -7506
34870 -1474 -2279 -6246
34893 -1432 -2365 -6171
34952 -1429 -2384 -6139
34977 -1424 -2355 -6118
35030 -1428 -2358 -6099
35061 -1420 -2362 -6090
35118 -1415 -2349 -6085
35143 -1427 -2349 -6080
35200 -1425 -2355 -6073
35223 -1418 -2347 -6064
35284 -1418 -2349 -6056
35309 -1425 -2344 -6054
35366 -1419 -2342 -6058
35391 -1420 -2347 -6050
35446 -1424 -2348 -6051
35473 -1433 -2333 -6044
35532 -1421 -2339 -6042
35555 -1431 -2344 -6036
35612 -1416 -2337 -6040
35639 -1427 -2340 -6035
35694 -1423 -2335 -6037
35723 -1429 -2333 -6030
35778 -1418 -2327 -6029
35805 -1424 -2340 -6031
35862 -1426 -2335 -6025
35887 -1416 -2345 -6025
35944 -1425 -2329 -6025
35971 -1427 -2330 -6023
36028 -1425 -2327 -6017
36053 -1416 -2339 -6021
36110 -1425 -2330 -6027
36139 -1418 -2332 -6025
36197 -1422 -2329 -6011
36220 -1426 -2335 -6021
36278 -1422 -2337 -6010
36303 -1425 -2325 -6015
36358 -1424 -2333 -6017
36383 -1421 -2329 -6015
36440 -1422 -2330 -6015
36467 -1427 -2331 -6021
36528 -1426 -2327 -6011
36565 -1424 -2324 -6007
36592 -1417 -2328 -6011
36633 -1419 -2325 -6008
36682 -1422 -2331 -6007
36733 -1424 -2322 -6008
36758 -1419 -2333 -6006
36813 -1427 -2338 -6014
36842 -1435 -2554 -7630
36897 -1735 -2773 -7292
36924 -1607 -2826 -7994
36979 -1614 -2807 -7664
37006 -1619 -2755 -7807
37063 -1663 -2838 -7602
37090 -1631 -2720 -7845
37145 -1685 -2790 -7540
37172 -1640 -2701 -7700
37230 -1629 -2771 -7577
37255 -1640 -2702 -7599
37312 -1621 -2763 -7598
37339 -1644 -2719 -7582
37396 -1662 -2743 -7611
37423 -1633 -2717 -7579
37462 -1642 -2731 -7625
37517 -1626 -2715 -7565
37546 -1639 -2750 -7605
37601 -1636 -2737 -7611
37628 -1645 -2734 -7558
37685 -1634 -2729 -7607
37712 -1643 -2750 -7662
37769 -1634 -2701 -7540
37794 -1649 -2740 -7628
37851 -1628 -2736 -7597
37878 -1635 -2730 -7591
37935 -1628 -2714 -7580
37962 -1630 -2734 -7605
38019 -1641 -2736 -7628
38044 -1645 -2715 -7582
38101 -1655 -2725 -7604
38124 -1636 -2744 -7614
38180 -1633 -2733 -7600
38209 -1627 -2726 -7580
38268 -1641 -2733 -7605
38293 -1638 -2733 -7620
38350 -1633 -2733 -7608
38375 -1638 -2720 -7601
38432 -1637 -2730 -7600
38459 -1638 -2731 -7617
38514 -1634 -2734 -7592
38543 -1645 -2725 -7600
38600 -1640 -2735 -7599
38623 -1626 -2737 -7627
38682 -1637 -2715 -7580
38707 -1636 -2737 -7629
38762 -1618 -2653 -7618
38789 -1633 -2511 -7694
38844 -1641 -2547 -7665
38871 -1630 -2523 -7706
38930 -1626 -2546 -7703
38955 -1622 -2528 -7676
39010 -1615 -2532 -7715
39037 -1634 -2528 -7676
39092 -1641 -2539 -7721
39121 -1635 -2536 -7658
39178 -1641 -2534 -7722
39204 -1620 -2539 -7658
39261 -1640 -2537 -7707
39288 -1632 -2530 -7685
39327 -1632 -2543 -7698
39376 -1637 -2528 -7704
39427 -1628 -2535 -7680
39454 -1614 -2541 -7706
39497 -1611 -2542 -7691
39548 -1618 -2540 -7691
39577 -1616 -2544 -7712
39630 -1620 -2538 -7689
39660 -1615 -2536 -7710
39710 -1624 -2540 -7684
39743 -1617 -2539 -7705
39795 -1612 -2538 -7675
39844 -1626 -2534 -7719
39879 -1621 -2538 -7686
39907 -1624 -2535 -7698
39959 -1623 -2538 -7710
39992 -1616 -2552 -7709
40049 -1616 -2540 -7677
40074 -1614 -2538 -7722
40133 -1614 -2548 -7675
40158 -1625 -2536 -7725
40217 -1623 -2540 -7668
40254 -1618 -2529 -7722
40283 -1615 -2551 -7687
40340 -1622 -2530 -7701
40365 -1616 -2551 -7686
40420 -1626 -2541 -7720
40447 -1618 -2531 -7676
40508 -1617 -2551 -7722
40531 -1620 -2530 -7681
40588 -1626 -2551 -7726
40613 -1633 -2536 -7677
40670 -1622 -2537 -7715
40697 -1616 -2545 -7704
40752 -1639 -2916 -7437
40779 -1635 -2860 -7621
40836 -1615 -2827 -7519
40861 -1628 -2892 -7630
40916 -1624 -2861 -7567
40945 -1644 -2891 -7552
40998 -1622 -2888 -7598
41027 -1631 -2870 -7524
41082 -1609 -2870 -7576
41109 -1623 -2881 -7587
41166 -1643 -2859 -7556
41193 -1646 -2882 -7587
41248 -1623 -2891 -7583
41275 -1637 -2860 -7531
41332 -1615 -2887 -7590
41359 -1629 -2870 -7538
41414 -1626 -2863 -7610
41443 -1638 -2876 -7513
41492 -1628 -2877 -7643
41541 -1637 -2887 -7508
41566 -1613 -2856 -7582
41619 -1627 -2904 -7581
41650 -1623 -2865 -7543
41699 -1627 -2880 -7554
41750 -1628 -2896 -7616
41785 -1628 -2857 -7535
41814 -1633 -2890 -7563
41869 -1611 -2873 -7590
41896 -1622 -2902 -7537
41953 -1601 -2866 -7573
41980 -1612 -2901 -7590
42039 -1583 -2877 -7612
42064 -1578 -2892 -7564
42125 -1582 -2897 -7634
42161 -1571 -2885 -7556
42188 -1568 -2892 -7587
42247 -1549 -2910 -7628
42271 -1571 -2869 -7552
42326 -1562 -2918 -7606
42353 -1565 -2888 -7626
42412 -1586 -2897 -7552
42437 -1567 -2882 -7613
42498 -1581 -2907 -7569
42535 -1607 -2870 -7579
42560 -1610 -2892 -7567
42619 -1610 -2889 -7583
42644 -1615 -2867 -7544
42703 -1615 -2812 -7565
42728 -1643 -2156 -7963
42787 -1579 -2416 -7693
42810 -1677 -2393 -7849
42869 -1622 -2350 -7719
42892 -1624 -2371 -7789
42945 -1589 -2326 -7804
42976 -1600 -2339 -7801
43029 -1624 -2346 -7831
43060 -1631 -2326 -7785
43117 -1623 -2380 -7773
43142 -1614 -2324 -7798
43197 -1601 -2373 -7792
43224 -1616 -2313 -7790
43279 -1619 -2364 -7846
43306 -1630 -2328 -7813
43363 -1620 -2346 -7774
43390 -1600 -2348 -7836
43445 -1601 -2341 -7743
43474 -1611 -2343 -7810
43529 -1616 -2351 -7811
43556 -1623 -2332 -7818
43611 -1602 -2343 -7819
43638 -1593 -2349 -7822
43693 -1570 -2355 -7807
43722 -1566 -2344 -7827
43779 -1561 -2362 -7805
43804 -1561 -2347 -7849
43861 -1556 -2334 -7803
43886 -1572 -2344 -7863
43943 -1549 -2340 -7830
43970 -1576 -2350 -7791
44029 -1591 -2344 -7856
44054 -1568 -2361 -7792
44111 -1577 -2344 -7818
44136 -1575 -2344 -7838
44193 -1571 -2351 -7827
44220 -1569 -2341 -7832
44277 -1569 -2343 -7804
44302 -1569 -2354 -7855
44359 -1561 -2340 -7783
44384 -1575 -2348 -7854
44443 -1573 -2344 -7803
44468 -1581 -2346 -7838
44525 -1599 -2348 -7822
44550 -1583 -2336 -7794
44607 -1584 -2344 -7828
44632 -1587 -2344 -7813
44687 -1638 -2822 -7552
44716 -1606 -3162 -7321
44775 -1603 -2869 -7621
44800 -1582 -3038 -7430
44860 -1604 -2958 -7551
44897 -1615 -3001 -7484
44924 -1616 -2991 -7456
44965 -1598 -2992 -7482
45017 -1589 -2975 -7461
45054 -1586 -2977 -7513
45105 -1606 -2982 -7473
45132 -1631 -3008 -7547
45189 -1627 -2982 -7466
45214 -1625 -2986 -7464
45271 -1594 -2993 -7475
45296 -1598 -2992 -7458
45355 -1615 -2984 -7480
45382 -1620 -3004 -7511
45439 -1639 -2980 -7491
45476 -1613 -3007 -7506
45505 -1606 -2979 -7434
45564 -1592 -2999 -7500
45587 -1603 -2998 -7445
45644 -1611 -2978 -7502
45669 -1630 -3011 -7479
45726 -1613 -2985 -7490
45753 -1608 -3011 -7496
45814 -1591 -2981 -7448
45835 -1593 -3011 -7502
45892 -1594 -2995 -7461
45919 -1608 -2984 -7473
45978 -1609 -3026 -7498
46015 -1603 -2980 -7467
46042 -1607 -3005 -7487
46097 -1616 -3010 -7478
46126 -1609 -2971 -7464
46183 -1600 -3024 -7471
46208 -1596 -2985 -7483
46265 -1594 -3007 -7473
46292 -1592 -3007 -7506
46351 -1580 -3011 -7508
46390 -1587 -2998 -7426
46415 -1593 -3011 -7557
46472 -1579 -3005 -7442
46497 -1578 -2997 -7490
46552 -1584 -3016 -7496
46581 -1587 -3013 -7495
46636 -1574 -2937 -7488
46665 -1536 -2089 -8119
46720 -1520 -2050 -7804
46749 -1579 -2172 -8082
46804 -1578 -2105 -7837
46831 -1581 -2111 -8007
46886 -1528 -2083 -7889
46913 -1549 -2040 -8060
46968 -1553 -2080 -7943
46997 -1591 -2084 -8009
47052 -1579 -2115 -7933
47079 -1579 -2086 -7959
47134 -1549 -2100 -7913
47161 -1575 -2084 -7969
47220 -1581 -2055 -7968
47243 -1603 -2114 -7999
47298 -1592 -2064 -7971
47327 -1577 -2108 -7961
47384 -1558 -2079 -7940
47411 -1571 -2111 -7939
47469 -1575 -2071 -7968
47493 -1590 -2081 -7966
47549 -1603 -2070 -7987
47576 -1599 -2079 -7986
47634 -1577 -2075 -7902
47659 -1567 -2084 -8009
47719 -1585 -2105 -7871
47742 -1589 -2069 -8029
47799 -1606 -2099 -7927
47826 -1591 -2057 -8010
47881 -1595 -2079 -7909
47907 -1584 -2085 -8038
47966 -1593 -2089 -7890
47991 -1603 -2079 -7971
48048 -1585 -2095 -7950
48075 -1605 -2074 -7961
48134 -1600 -2074 -7993
48157 -1594 -2082 -7939
48216 -1608 -2083 -7991
48239 -1590 -2102 -7945
48298 -1597 -2081 -7934
48323 -1592 -2088 -7972
48380 -1601 -2097 -7947
48405 -1615 -2067 -7973
48464 -1606 -2079 -7959
48489 -1595 -2079 -7970
48546 -1614 -2101 -7936
48573 -1600 -2093 -7998
48630 -1646 -2787 -7600
48653 -1616 -3258 -7265
48706 -1589 -3188 -7422
48735 -1554 -3203 -7348
48790 -1592 -3179 -7379
48821 -1628 -3182 -7327
48868 -1644 -3150 -7404
48919 -1621 -3085 -7313
48944 -1627 -3119 -7378
48999 -1600 -3078 -7435
49026 -1627 -3086 -7377
49085 -1630 -3089 -7492
49110 -1638 -3104 -7373
49167 -1613 -3108 -7428
49192 -1592 -3112 -7336
49247 -1597 -3097 -7387
49276 -1596 -3108 -7392
49333 -1621 -3099 -7411
49360 -1635 -3102 -7448
49419 -1624 -3096 -7390
49444 -1609 -3093 -7403
49501 -1594 -3107 -7360
49524 -1587 -3111 -7395
49583 -1621 -3106 -7376
49608 -1607 -3101 -7453
49663 -1623 -3086 -7377
49690 -1620 -3108 -7447
49749 -1606 -3093 -7337
49774 -1605 -3114 -7418
49833 -1604 -3107 -7358
49856 -1612 -3120 -7401
49914 -1621 -3084 -7407
49943 -1623 -3108 -7391
49998 -1614 -3088 -7441
50033 -1611 -3117 -7352
50063 -1612 -3098 -7398
50119 -1598 -3123 -7373
50147 -1613 -3092 -7379
50204 -1614 -3114 -7413
50229 -1613 -3101 -7393
50285 -1620 -3103 -7429
50314 -1608 -3096 -7344
50371 -1603 -3125 -7417
50396 -1595 -3105 -7369
50437 -1611 -3100 -7372
50488 -1609 -3108 -7405
50537 -1626 -3110 -7421
50574 -1623 -3040 -7358
50603 -1620 -2570 -7782
50662 -1603 -2744 -7499
50687 -1634 -2724 -7666
50726 -1604 -2696 -7565
50775 -1608 -2723 -7628
50828 -1586 -2683 -7643
50853 -1608 -2701 -7625
50911 -1608 -2691 -7660
50934 -1611 -2710 -7621
50995 -1605 -2718 -7600
51032 -1598 -2700 -7610
51059 -1601 -2708 -7598
51112 -1620 -2700 -7636
51141 -1616 -2703 -7634
51196 -1630 -2713 -7606
51225 -1610 -2714 -7633
51280 -1610 -2746 -7578
51307 -1609 -2696 -7612
51364 -1602 -2735 -7592
51391 -1607 -2706 -7632
51430 -1618 -2730 -7615
51479 -1619 -2707 -7610
51530 -1600 -2740 -7644
51555 -1611 -2715 -7576
51610 -1614 -2725 -7624
51637 -1607 -2723 -7597
51694 -1607 -2721 -7668
51721 -1622 -2713 -7566
51776 -1604 -2738 -7697
51803 -1596 -2711 -7563
51858 -1602 -2722 -7630
51885 -1600 -2725 -7619
51942 -1608 -2721 -7571
51969 -1619 -2720 -7663
52024 -1614 -2736 -7567
52051 -1630 -2696 -7643
52108 -1611 -2745 -7584
52135 -1635 -2712 -7619
52190 -1602 -2741 -7614
52219 -1610 -2715 -7581
52274 -1600 -2725 -7651
52301 -1620 -2725 -7605
52356 -1614 -2716 -7616
52383 -1621 -2722 -7620
52442 -1599 -2723 -7600
52467 -1627 -2741 -7612
52524 -1619 -2704 -7539
52550 -1523 -2276 -6230
52604 -1436 -2354 -6177
52634 -1427 -2390 -6140
52691 -1431 -2352 -6123
52718 -1425 -2361 -6099
52775 -1420 -2360 -6086
52800 -1427 -2354 -6087
52855 -1420 -2345 -6076
52881 -1420 -2340 -6069
52942 -1423 -2349 -6069
52977 -1427 -2343 -6067
53006 -1419 -2346 -6062
53065 -1426 -2348 -6058
53090 -1421 -2343 -6059
53145 -1427 -2336 -6049
53172 -1424 -2343 -6047
53231 -1425 -2342 -6045
53256 -1419 -2340 -6043
53317 -1417 -2334 -6037
53356 -1420 -2343 -6042
53379 -1415 -2333 -6037
53436 -1420 -2345 -6034
53463 -1417 -2336 -6027
53520 -1420 -2341 -6024
53545 -1420 -2333 -6026
53602 -1417 -2331 -6028
53627 -1412 -2331 -6025
53684 -1416 -2335 -6028
53711 -1421 -2337 -6023
53770 -1415 -2330 -6018
53793 -1426 -2334 -6018
53852 -1419 -2331 -6021
53878 -1427 -2332 -6017
53919 -1420 -2316 -6016
53968 -1420 -2332 -6017
54017 -1428 -2326 -6013
54042 -1414 -2330 -6011
54083 -1411 -2323 -6018
54134 -1417 -2328 -6017
54167 -1421 -2331 -6013
54218 -1417 -2323 -6010
54249 -1413 -2324 -6012
54304 -1420 -2324 -6011
54333 -1426 -2328 -6010
54389 -1417 -2324 -6001
54416 -1422 -2329 -6010
54473 -1417 -2327 -6002
54498 -1414 -2332 -6012
54557 -1424 -2434 -7450
54580 -1762 -2804 -7453
54635 -1611 -2826 -7965
54662 -1645 -2792 -7646
54717 -1623 -2767 -7823
54746 -1681 -2858 -7659
54807 -1624 -2706 -7810
54832 -1688 -2818 -7557
54889 -1617 -2707 -7752
54912 -1612 -2792 -7563
54967 -1619 -2705 -7635
54994 -1623 -2764 -7587
55049 -1636 -2722 -7596
55078 -1643 -2750 -7613
55133 -1632 -2717 -7575
55162 -1645 -2738 -7625
55219 -1626 -2735 -7594
55245 -1652 -2745 -7573
55300 -1640 -2716 -7614
55329 -1647 -2759 -7588
55384 -1648 -2714 -7595
55411 -1650 -2733 -7627
55468 -1634 -2723 -7584
55495 -1655 -2737 -7617
55552 -1644 -2733 -7591
55577 -1644 -2745 -7612
55632 -1644 -2732 -7586
55659 -1639 -2725 -7595
55716 -1643 -2747 -7626
55741 -1645 -2722 -7584
55800 -1643 -2748 -7615
55825 -1636 -2725 -7580
55885 -1650 -2744 -7618
55920 -1649 -2730 -7597
55951 -1653 -2732 -7587
56008 -1647 -2740 -7639
56045 -1646 -2734 -7602
56074 -1645 -2735 -7606
56131 -1646 -2730 -7611
56156 -1651 -2742 -7582
56215 -1641 -2733 -7638
56238 -1649 -2728 -7572
56297 -1648 -2741 -7623
56322 -1641 -2732 -7607
56381 -1642 -2757 -7614
56406 -1630 -2724 -7604
56461 -1638 -2679 -7597
56490 -1647 -2430 -7740
56543 -1624 -2529 -7663
56572 -1652 -2507 -7707
56627 -1634 -2523 -7750
56656 -1638 -2507 -7667
56711 -1646 -2510 -7767
56736 -1633 -2505 -7666
56793 -1650 -2509 -7755
56822 -1643 -2511 -7669
56863 -1632 -2509 -7747
56912 -1641 -2511 -7649
56943 -1629 -2510 -7754
56996 -1643 -2526 -7683
57025 -1649 -2500 -7737
57084 -1646 -2518 -7699
57109 -1653 -2514 -7731
57168 -1645 -2497 -7710
57193 -1643 -2502 -7673
57250 -1642 -2511 -7771
57277 -1646 -2516 -7673
57334 -1650 -2503 -7738
57357 -1633 -2520 -7735
57418 -1646 -2508 -7709
57441 -1641 -2506 -7691
57496 -1641 -2524 -7738
57523 -1648 -2511 -7687
57581 -1646 -2515 -7723
57606 -1643 -2507 -7706
57665 -1646 -2518 -7725
57690 -1640 -2506 -7704
57745 -1648 -2518 -7726
57773 -1634 -2500 -7717
57831 -1641 -2527 -7717
57856 -1642 -2505 -7723
57911 -1643 -2520 -7723
57938 -1633 -2511 -7693
57994 -1640 -2535 -7750
58025 -1642 -2514 -7689
58082 -1642 -2517 -7693
58121 -1635 -2530 -7745
58146 -1640 -2524 -7690
58201 -1651 -2514 -7729
58230 -1645 -2531 -7716
58287 -1647 -2521 -7717
58312 -1635 -2521 -7716
58369 -1631 -2533 -7705
58394 -1630 -2509 -7724
58451 -1655 -2872 -7490
58478 -1654 -2900 -7596
58533 -1635 -2823 -7556
58560 -1634 -2884 -7594
58617 -1638 -2839 -7590
58644 -1664 -2880 -7565
58685 -1644 -2861 -7571
58734 -1635 -2884 -7574
58783 -1638 -2856 -7543
58810 -1632 -2870 -7609
58851 -1648 -2865 -7539
58898 -1659 -2857 -7618
58951 -1646 -2881 -7554
58974 -1646 -2861 -7580
59031 -1628 -2869 -7561
59058 -1637 -2868 -7573
59113 -1637 -2869 -7575
59140 -1640 -2872 -7587
59197 -1649 -2858 -7555
59222 -1635 -2876 -7582
59279 -1631 -2863 -7549
59306 -1642 -2871 -7581
59359 -1639 -2854 -7551
59388 -1652 -2881 -7564
59443 -1636 -2861 -7598
59472 -1647 -2870 -7545
59527 -1643 -2850 -7572
59556 -1645 -2888 -7558
59615 -1635 -2865 -7574
59638 -1654 -2863 -7550
59696 -1647 -2873 -7581
59722 -1654 -2867 -7572
59780 -1650 -2867 -7573
59803 -1649 -2865 -7560
59862 -1646 -2869 -7572
59887 -1642 -2868 -7557
59944 -1640 -2868 -7566
59971 -1638 -2880 -7555
60030 -1646 -2866 -7574
60053 -1646 -2870 -7558
60112 -1641 -2868 -7579
60135 -1637 -2867 -7566
60193 -1639 -2863 -7566
60217 -1627 -2875 -7593
60274 -1620 -2880 -7571
60301 -1630 -2865 -7568
60359 -1623 -2886 -7608
60384 -1581 -2862 -7565
60444 -1592 -2240 -8014
60467 -1571 -2412 -7720
60522 -1629 -2389 -7892
60550 -1632 -2343 -7679
60609 -1590 -2376 -7858
60632 -1620 -2320 -7758
60691 -1604 -2325 -7825
60716 -1637 -2330 -7822
60771 -1634 -2342 -7802
60800 -1635 -2347 -7778
60859 -1616 -2335 -7810
60882 -1613 -2339 -7796
60941 -1615 -2331 -7791
60964 -1640 -2322 -7864
61019 -1639 -2335 -7764
61046 -1646 -2323 -7848
61103 -1620 -2339 -7759
61130 -1627 -2319 -7807
61185 -1621 -2346 -7780
61212 -1635 -2334 -7837
61269 -1641 -2332 -7792
61296 -1637 -2320 -7818
61353 -1618 -2348 -7831
61378 -1626 -2317 -7748
61435 -1622 -2346 -7867
61460 -1605 -2343 -7754
61517 -1619 -2331 -7858
61544 -1606 -2343 -7814
61599 -1600 -2322 -7821
61628 -1578 -2344 -7850
61683 -1584 -2342 -7802
61710 -1573 -2340 -7859
61767 -1566 -2339 -7783
61792 -1579 -2331 -7856
61851 -1566 -2341 -7822
61876 -1570 -2324 -7841
61933 -1575 -2347 -7825
61960 -1576 -2331 -7822
62015 -1564 -2352 -7833
62040 -1580 -2337 -7815
62095 -1578 -2333 -7847
62124 -1591 -2334 -7796
62179 -1572 -2340 -7871
62208 -1575 -2349 -7824
62257 -1575 -2325 -7812
62290 -1570 -2358 -7852
62339 -1559 -2333 -7819
62390 -1604 -2728 -7664
62415 -1576 -3202 -7288
62470 -1591 -2887 -7669
62497 -1550 -3033 -7412
62555 -1615 -2976 -7580
62580 -1596 -2981 -7474
62637 -1632 -2999 -7480
62664 -1605 -2988 -7465
62719 -1598 -2985 -7478
62748 -1602 -2973 -7500
62804 -1615 -2980 -7493
62829 -1617 -3006 -7523
62886 -1618 -2974 -7485
62913 -1622 -3016 -7476
62972 -1588 -2964 -7491
62997 -1599 -3002 -7434
63052 -1608 -2997 -7517
63077 -1627 -2989 -7467
63135 -1626 -2997 -7488
63162 -1627 -2979 -7507
63217 -1610 -2993 -7433
63244 -1602 -2990 -7492
63299 -1614 -2997 -7465
63328 -1621 -2993 -7489
63387 -1620 -3010 -7500
63410 -1618 -2988 -7483
63467 -1616 -2993 -7469
63492 -1605 -2996 -7485
63547 -1617 -2995 -7449
63576 -1612 -2992 -7483
63631 -1627 -2996 -7471
63660 -1620 -3002 -7494
63714 -1615 -2990 -7489
63741 -1614 -2988 -7454
63798 -1615 -3002 -7514
63823 -1617 -2980 -7451
63880 -1612 -2999 -7461
63907 -1629 -2999 -7484
63964 -1622 -2990 -7472
63991 -1626 -2998 -7485
64046 -1632 -3000 -7482
64073 -1628 -2985 -7454
64130 -1620 -3008 -7477
64157 -1620 -3004 -7473
64212 -1618 -2993 -7450
64239 -1623 -3009 -7484
64296 -1616 -2988 -7486
64323 -1632 -2992 -7450
64362 -1576 -2239 -7929
64413 -1585 -1988 -7893
64460 -1617 -2170 -7959
64487 -1637 -2104 -7878
64546 -1620 -2120 -7986
64571 -1571 -2076 -7869
64626 -1591 -2059 -8049
64653 -1596 -2059 -7910
64710 -1635 -2082 -8015
64735 -1636 -2094 -7891
64792 -1617 -2095 -7983
64819 -1586 -2102 -7882
64880 -1596 -2075 -7987
64901 -1592 -2074 -7940
64962 -1629 -2077 -7983
64985 -1612 -2074 -7984
65040 -1609 -2098 -7917
65069 -1574 -2068 -7953
65110 -1584 -2112 -7930
65163 -1601 -2061 -7945
65190 -1620 -2088 -8010
65247 -1615 -2073 -7940
65274 -1608 -2078 -7999
65333 -1587 -2083 -7939
65358 -1605 -2095 -7925
65416 -1585 -2091 -7965
65442 -1603 -2093 -7950
65497 -1599 -2079 -7975
65524 -1612 -2073 -7939
65583 -1613 -2072 -8008
65608 -1596 -2089 -7918
65666 -1602 -2086 -7969
65689 -1617 -2099 -7937
65748 -1599 -2083 -7978
65774 -1606 -2089 -7940
65833 -1593 -2072 -8010
65856 -1598 -2083 -7932
65915 -1600 -2082 -7985
65938 -1597 -2105 -7952
65993 -1592 -2085 -7931
66022 -1598 -2086 -7997
66081 -1601 -2093 -7945
66104 -1603 -2070 -7973
66161 -1613 -2103 -7973
66188 -1603 -2070 -7947
66243 -1606 -2095 -7967
66270 -1606 -2075 -7955
66327 -1646 -2587 -7755
66352 -1640 -3262 -7175
66407 -1614 -3184 -7462
66436 -1572 -3167 -7294
66485 -1595 -3185 -7401
66534 -1609 -3210 -7337
66559 -1634 -3192 -7315
66614 -1621 -3135 -7365
66643 -1599 -3129 -7367
66692 -1587 -3085 -7379
66745 -1598 -3105 -7425
66768 -1621 -3101 -7439
66825 -1639 -3098 -7389
66850 -1623 -3137 -7398
66905 -1595 -3102 -7349
66932 -1585 -3116 -7380
66987 -1586 -3107 -7380
67016 -1623 -3104 -7421
67073 -1629 -3111 -7415
67098 -1630 -3106 -7386
67155 -1604 -3111 -7388
67182 -1592 -3128 -7371
67237 -1605 -3093 -7354
67264 -1620 -3141 -7410
67319 -1614 -3089 -7363
67346 -1632 -3117 -7422
67405 -1619 -3112 -7401
67430 -1609 -3087 -7362
67485 -1624 -3128 -7360
67514 -1613 -3109 -7405
67567 -1609 -3124 -7340
67596 -1616 -3098 -7404
67651 -1614 -3118 -7403
67680 -1614 -3108 -7374
67735 -1612 -3092 -7383
67762 -1625 -3128 -7376
67817 -1614 -3098 -7369
67844 -1614 -3122 -7376
67903 -1619 -3102 -7353
67926 -1622 -3124 -7442
67981 -1621 -3105 -7363
68009 -1630 -3096 -7377
68067 -1601 -3126 -7381
68093 -1617 -3108 -7372
68150 -1600 -3112 -7358
68177 -1618 -3116 -7393
68232 -1625 -3106 -7408
68259 -1605 -2981 -7410
68318 -1610 -2577 -7761
68343 -1606 -2772 -7489
68384 -1627 -2706 -7626
68437 -1600 -2740 -7610
68466 -1604 -2711 -7587
68518 -1600 -2705 -7639
68549 -1603 -2706 -7623
68606 -1633 -2725 -7634
68635 -1619 -2703 -7601
68674 -1617 -2745 -7633
68727 -1611 -2688 -7569
68776 -1599 -2735 -7634
68799 -1594 -2700 -7624
68856 -1628 -2705 -7615
68881 -1611 -2713 -7626
68938 -1621 -2716 -7633
68963 -1602 -2710 -7586
69020 -1594 -2715 -7620
69047 -1609 -2717 -7635
69106 -1618 -2709 -7601
69131 -1623 -2715 -7640
69186 -1614 -2716 -7639
69213 -1609 -2698 -7593
69270 -1606 -2727 -7627
69295 -1608 -2719 -7618
69352 -1604 -2706 -7593
69381 -1617 -2712 -7643
69418 -1609 -2717 -7633
69469 -1611 -2703 -7613
69518 -1613 -2707 -7643
69543 -1597 -2732 -7591
69598 -1612 -2721 -7619
69627 -1602 -2722 -7613
69682 -1601 -2711 -7605
69709 -1606 -2714 -7631
69768 -1619 -2712 -7621
69791 -1618 -2716 -7629
69852 -1612 -2717 -7607
69877 -1612 -2713 -7610
69936 -1605 -2722 -7631
69957 -1610 -2726 -7609
70016 -1612 -2704 -7623
70041 -1613 -2721 -7615
70100 -1601 -2712 -7626
70125 -1616 -2735 -7619
70178 -1608 -2691 -7592
70207 -1621 -2715 -7324
70262 -1451 -2288 -6244
70291 -1436 -2359 -6153
70346 -1422 -2379 -6132
70373 -1428 -2354 -6116
70430 -1418 -2363 -6102
70455 -1422 -2364 -6095
70512 -1417 -2358 -6081
70539 -1419 -2350 -6075
70594 -1429 -2346 -6073
70619 -1426 -2349 -6064
70674 -1424 -2340 -6061
70704 -1418 -2341 -6052
70757 -1417 -2343 -6060
70806 -1418 -2340 -6047
70831 -1412 -2335 -6054
70888 -1426 -2338 -6049
70911 -1421 -2335 -6042
70966 -1416 -2340 -6041
70995 -1424 -2329 -6043
71052 -1418 -2329 -6035
71077 -1425 -2341 -6035
71136 -1425 -2340 -6033
71161 -1416 -2331 -6025
71220 -1432 -2334 -6026
71259 -1422 -2331 -6027
71286 -1422 -2328 -6021
71327 -1417 -2335 -6027
71377 -1421 -2328 -6021
71428 -1419 -2331 -6025
71453 -1417 -2342 -6029
71494 -1424 -2337 -6019
71547 -1415 -2328 -6016
71594 -1416 -2331 -6015
71615 -1425 -2333 -6021
71670 -1421 -2328 -6017
71699 -1418 -2334 -6019
71750 -1416 -2332 -6018
71799 -1414 -2322 -6018
71824 -1422 -2330 -6018
71879 -1422 -2326 -6011
71908 -1422 -2332 -6009
71965 -1427 -2321 -6009
71988 -1423 -2327 -6009
72043 -1420 -2318 -6011
72072 -1422 -2330 -6011
72129 -1418 -2325 -6006
72156 -1414 -2331 -6004
72213 -1420 -2324 -6015
72238 -1459 -2606 -7951
72295 -1695 -2735 -7201
72320 -1614 -2793 -7916
72375 -1603 -2814 -7655
72402 -1627 -2726 -7810
72459 -1660 -2822 -7566
72486 -1632 -2746 -7892
72541 -1671 -2767 -7573
72568 -1636 -2697 -7665
72625 -1609 -2772 -7646
72652 -1634 -2699 -7559
72705 -1621 -2748 -7618
72736 -1638 -2733 -7626
72791 -1650 -2730 -7598
72818 -1628 -2709 -7564
72873 -1637 -2729 -7632
72902 -1629 -2691 -7553
72957 -1633 -2729 -7561
72986 -1643 -2722 -7608
73044 -1642 -2720 -7567
73069 -1629 -2717 -7580
73126 -1631 -2729 -7601
73151 -1628 -2716 -7580
73206 -1636 -2730 -7591
73232 -1631 -2717 -7599
73292 -1642 -2725 -7569
73317 -1629 -2724 -7592
73374 -1635 -2724 -7626
73399 -1645 -2713 -7561
73456 -1636 -2724 -7626
73483 -1631 -2735 -7597
73540 -1637 -2724 -7588
73583 -1630 -2718 -7581
73604 -1627 -2729 -7616
73665 -1640 -2723 -7589
73702 -1642 -2724 -7602
73731 -1641 -2715 -7610
73788 -1639 -2728 -7580
73813 -1634 -2723 -7621
73874 -1640 -2720 -7555
73897 -1637 -2724 -7622
73954 -1637 -2726 -7582
73979 -1641 -2724 -7611
74036 -1625 -2722 -7604
74063 -1644 -2732 -7591
74120 -1632 -2732 -7606
74145 -1613 -2559 -7682
74200 -1632 -2473 -7673
74227 -1631 -2527 -7704
74286 -1631 -2520 -7691
74313 -1633 -2541 -7719
74370 -1620 -2511 -7656
74395 -1630 -2515 -7725
74452 -1629 -2513 -7665
74475 -1624 -2537 -7729
74530 -1637 -2511 -7663
74559 -1626 -2527 -7719
74614 -1617 -2547 -7663
74643 -1626 -2527 -7713
74700 -1630 -2523 -7687
74723 -1638 -2519 -7701
74782 -1633 -2529 -7729
74807 -1628 -2520 -7663
74866 -1620 -2531 -7713
74889 -1628 -2533 -7677
74946 -1624 -2526 -7700
74973 -1622 -2535 -7701
75028 -1633 -2524 -7688
75057 -1623 -2530 -7708
75112 -1630 -2521 -7701
75141 -1635 -2533 -7704
75196 -1632 -2522 -7687
75223 -1633 -2523 -7713
75281 -1632 -2527 -7690
75306 -1623 -2504 -7708
75361 -1629 -2529 -7692
75388 -1626 -2529 -7714
75441 -1621 -2533 -7696
75472 -1631 -2527 -7699
75522 -1621 -2524 -7699
75571 -1622 -2522 -7696
75595 -1628 -2527 -7726
75649 -1647 -2521 -7685
75679 -1638 -2523 -7707
75728 -1630 -2519 -7690
75778 -1632 -2530 -7720
75802 -1615 -2527 -7677
75859 -1629 -2516 -7716
75888 -1629 -2549 -7700
75947 -1619 -2512 -7717
75968 -1633 -2534 -7688
76025 -1625 -2514 -7712
76054 -1626 -2530 -7686
76111 -1630 -2525 -7719
76134 -1634 -2520 -7715
76193 -1636 -2905 -7457
76218 -1637 -2845 -7649
76273 -1610 -2865 -7509
76300 -1615 -2896 -7616
76359 -1634 -2887 -7573
76382 -1640 -2910 -7555
76439 -1631 -2892 -7545
76466 -1617 -2895 -7565
76525 -1614 -2890 -7529
76550 -1622 -2888 -7579
76607 -1632 -2908 -7560
76632 -1639 -2885 -7541
76693 -1624 -2902 -7576
76714 -1618 -2900 -7532
76775 -1620 -2890 -7564
76798 -1617 -2889 -7541
76853 -1619 -2905 -7579
76880 -1623 -2889 -7560
76937 -1628 -2897 -7583
76962 -1613 -2889 -7550
77019 -1627 -2887 -7544
77046 -1620 -2900 -7567
77103 -1622 -2903 -7549
77130 -1620 -2900 -7561
77187 -1619 -2894 -7561
77214 -1625 -2909 -7567
77271 -1615 -2882 -7559
77294 -1623 -2905 -7548
77357 -1609 -2908 -7556
77394 -1622 -2911 -7554
77419 -1626 -2891 -7555
77462 -1618 -2902 -7559
77511 -1622 -2908 -7563
77542 -1625 -2907 -7564
77601 -1609 -2909 -7543
77626 -1607 -2907 -7555
77681 -1611 -2903 -7551
77710 -1605 -2902 -7563
77765 -1616 -2911 -7567
77791 -1612 -2887 -7550
77850 -1611 -2907 -7558
77875 -1612 -2911 -7571
77934 -1606 -2888 -7539
77957 -1615 -2908 -7570
78014 -1605 -2897 -7553
78039 -1622 -2917 -7577
78096 -1605 -2888 -7560
78124 -1593 -2679 -7627
78180 -1609 -2166 -7864
78206 -1605 -2419 -7697
78262 -1635 -2343 -7821
78289 -1601 -2367 -7799
78346 -1596 -2341 -7741
78374 -1584 -2326 -7890
78429 -1594 -2342 -7738
78456 -1606 -2341 -7855
78510 -1621 -2346 -7771
78539 -1605 -2353 -7827
78599 -1599 -2347 -7738
78639 -1601 -2331 -7851
78664 -1608 -2324 -7778
78719 -1624 -2338 -7852
78746 -1616 -2318 -7815
78803 -1621 -2337 -7786
78830 -1598 -2330 -7814
78887 -1605 -2358 -7769
78912 -1607 -2312 -7813
78969 -1618 -2345 -7797
78994 -1622 -2327 -7844
79035 -1613 -2327 -7791
79084 -1602 -2320 -7817
79135 -1612 -2345 -7791
79174 -1598 -2338 -7796
79201 -1609 -2344 -7801
79256 -1610 -2331 -7815
79285 -1600 -2319 -7814
79338 -1612 -2331 -7810
79367 -1607 -2327 -7831
79423 -1606 -2334 -7771
79450 -1609 -2332 -7827
79507 -1597 -2342 -7800
79534 -1609 -2327 -7796
79591 -1612 -2323 -7853
79618 -1606 -2325 -7760
79672 -1606 -2332 -7869
79699 -1604 -2336 -7771
79754 -1609 -2319 -7804
79782 -1610 -2345 -7810
79839 -1606 -2327 -7818
79865 -1614 -2324 -7814
79920 -1604 -2337 -7839
79949 -1608 -2326 -7798
80005 -1602 -2324 -7811
80032 -1604 -2328 -7832
80088 -1610 -2369 -7827
80114 -1624 -3029 -7370
80171 -1610 -3081 -7503
80195 -1587 -2905 -7469
80251 -1577 -3041 -7505
80278 -1611 -2962 -7493
80337 -1621 -3043 -7485
80363 -1612 -3002 -7418
80419 -1609 -3008 -7485
80446 -1587 -2999 -7449
80502 -1593 -2974 -7525
80528 -1619 -2969 -7484
80583 -1632 -2998 -7505
80611 -1616 -2967 -7505
80665 -1605 -2988 -7441
80695 -1584 -2963 -7467
80748 -1600 -3011 -7495
80777 -1601 -2962 -7485
80833 -1624 -2993 -7463
80859 -1610 -2995 -7569
80912 -1612 -2970 -7405
80942 -1586 -3004 -7515
80997 -1589 -2987 -7464
81026 -1590 -2988 -7456
81082 -1614 -3007 -7511
81107 -1612 -2987 -7490
81168 -1616 -3000 -7478
81207 -1595 -2994 -7496
81232 -1607 -2990 -7431
81289 -1594 -2993 -7518
81318 -1613 -2980 -7428
81373 -1620 -3007 -7530
81400 -1599 -2983 -7427
81457 -1608 -2998 -7552
81482 -1601 -2986 -7429
81541 -1583 -2993 -7519
81564 -1600 -2995 -7422
81621 -1573 -3011 -7540
81648 -1573 -2988 -7467
81705 -1581 -3022 -7502
81730 -1574 -2998 -7507
81785 -1554 -3010 -7509
81814 -1581 -3007 -7482
81869 -1551 -3013 -7510
81894 -1551 -3005 -7464
81949 -1561 -3013 -7518
81978 -1561 -3000 -7495
82019 -1576 -2995 -7491
82070 -1578 -2789 -7581
82121 -1544 -1864 -8208
82144 -1562 -2147 -7794
82199 -1611 -2107 -8037
82228 -1588 -2115 -7879
82283 -1570 -2078 -7925
82310 -1543 -2045 -7986
82367 -1565 -2047 -8000
82392 -1608 -2057 -8008
82449 -1602 -2079 -7928
82476 -1610 -2099 -7990
82533 -1574 -2083 -7899
82558 -1572 -2087 -7964
82615 -1572 -2078 -7961
82642 -1593 -2064 -8016
82697 -1587 -2069 -7940
82726 -1591 -2067 -8021
82781 -1563 -2082 -7919
82808 -1569 -2079 -7975
82865 -1584 -2085 -7920
82890 -1584 -2064 -8018
82943 -1612 -2090 -7968
82972 -1614 -2059 -8000
83031 -1589 -2084 -7939
83055 -1583 -2078 -7977
83114 -1573 -2108 -7943
83137 -1579 -2098 -7957
83196 -1595 -2080 -7969
83222 -1598 -2093 -7990
83279 -1579 -2069 -7980
83306 -1595 -2084 -7965
83366 -1575 -2085 -7974
83389 -1583 -2109 -7939
83446 -1576 -2081 -7972
83473 -1581 -2094 -7935
83514 -1583 -2073 -7999
83563 -1601 -2083 -7965
83612 -1592 -2089 -7979
83649 -1584 -2097 -7974
83680 -1572 -2084 -7966
83729 -1577 -2095 -7927
83780 -1584 -2100 -8035
83819 -1590 -2067 -7906
83844 -1589 -2079 -7990
83903 -1585 -2097 -7991
83928 -1591 -2077 -7925
83987 -1581 -2083 -7967
84024 -1584 -2160 -8026
84051 -1627 -2982 -7424
84106 -1603 -3288 -7267
84133 -1591 -3167 -7415
84190 -1558 -3205 -7323
84217 -1573 -3205 -7376
84274 -1604 -3197 -7348
84299 -1618 -3123 -7338
84356 -1589 -3135 -7385
84383 -1580 -3105 -7365
84436 -1570 -3090 -7434
84467 -1586 -3092 -7428
84524 -1607 -3098 -7435
84547 -1612 -3112 -7378
84604 -1596 -3123 -7405
84631 -1579 -3105 -7323
84688 -1568 -3116 -7408
84713 -1594 -3100 -7388
84770 -1607 -3107 -7437
84797 -1615 -3099 -7407
84852 -1607 -3125 -7433
84879 -1575 -3097 -7363
84938 -1571 -3111 -7381
84965 -1575 -3116 -7365
85022 -1591 -3114 -7418
85045 -1599 -3113 -7403
85100 -1595 -3103 -7407
85129 -1590 -3113 -7395
85186 -1582 -3114 -7389
85213 -1585 -3111 -7364
85270 -1586 -3134 -7402
85295 -1596 -3101 -7366
85350 -1597 -3115 -7415
85379 -1599 -3105 -7412
85436 -1599 -3109 -7389
85463 -1599 -3106 -7379
85522 -1584 -3127 -7409
85543 -1593 -3113 -7343
85600 -1596 -3106 -7406
85625 -1609 -3120 -7390
85682 -1604 -3108 -7398
85710 -1593 -3108 -7389
85766 -1604 -3109 -7367
85792 -1596 -3110 -7390
85849 -1599 -3113 -7367
85876 -1604 -3111 -7388
85917 -1606 -3115 -7399
85966 -1612 -3102 -7384
86000 -1577 -2755 -7692
86058 -1588 -2656 -7611
86081 -1603 -2744 -7610
86142 -1607 -2713 -7591
86165 -1592 -2732 -7616
86222 -1590 -2693 -7607
86249 -1602 -2699 -7662
86306 -1605 -2689 -7616
86331 -1614 -2718 -7662
86390 -1607 -2709 -7595
86415 -1596 -2700 -7623
86474 -1582 -2719 -7592
86513 -1591 -2700 -7639
86540 -1602 -2694 -7644
86597 -1611 -2700 -7636
86620 -1610 -2707 -7642
86679 -1602 -2707 -7607
86704 -1583 -2710 -7610
86759 -1594 -2720 -7603
86788 -1610 -2715 -7625
86843 -1612 -2720 -7636
86868 -1607 -2714 -7629
86925 -1602 -2721 -7616
86952 -1586 -2723 -7617
87007 -1589 -2733 -7625
87036 -1598 -2716 -7611
87091 -1594 -2719 -7630
87116 -1602 -2716 -7610
87177 -1594 -2711 -7649
87202 -1606 -2724 -7625
87257 -1604 -2713 -7613
87286 -1599 -2730 -7618
87341 -1588 -2721 -7609
87368 -1589 -2724 -7619
87423 -1588 -2706 -7637
87450 -1602 -2718 -7629
87507 -1591 -2713 -7638
87532 -1595 -2710 -7595
87589 -1598 -2721 -7639
87618 -1585 -2718 -7603
87673 -1596 -2730 -7636
87698 -1588 -2717 -7597
87755 -1596 -2717 -7636
87780 -1590 -2714 -7627
87841 -1602 -2722 -7610
87864 -1589 -2722 -7628
87917 -1597 -2722 -7617
87946 -1580 -2552 -6638
88001 -1430 -2333 -6204
88030 -1432 -2382 -6144
88079 -1423 -2355 -6133
88130 -1422 -2350 -6111
88153 -1422 -2365 -6093
88210 -1420 -2351 -6088
88239 -1416 -2349 -6089
88296 -1413 -2348 -6077
88319 -1421 -2350 -6071
88376 -1426 -2343 -6067
88404 -1416 -2344 -6061
88459 -1413 -2337 -6054
88486 -1413 -2339 -6056
88541 -1418 -2336 -6053
88568 -1414 -2339 -6050
88626 -1408 -2336 -6049
88653 -1420 -2341 -6047
88694 -1421 -2332 -6046
88747 -1423 -2334 -6037
88776 -1424 -2333 -6039
88825 -1412 -2333 -6034
88878 -1421 -2331 -6036
88919 -1415 -2328 -6040
88944 -1412 -2328 -6038
89001 -1419 -2334 -6029
89026 -1421 -2331 -6026
89083 -1418 -2331 -6030
89108 -1412 -2326 -6023
89169 -1417 -2331 -6023
89192 -1420 -2325 -6020
89249 -1411 -2322 -6026
89274 -1417 -2333 -6019
89329 -1419 -2330 -6019
89358 -1415 -2330 -6017
89411 -1417 -2321 -6015
89440 -1420 -2330 -6013
89497 -1410 -2331 -6015
89524 -1423 -2327 -6014
89579 -1410 -2328 -6017
89606 -1419 -2331 -6017
89661 -1420 -2331 -6011
89686 -1417 -2323 -6012
89745 -1412 -2324 -6009
89770 -1413 -2326 -6019
89825 -1415 -2321 -6007
89854 -1416 -2330 -6013
89911 -1424 -2320 -6008
89938 -1422 -2312 -6025
89993 -1736 -2827 -8362
90020 -1592 -2709 -7443
90079 -1613 -2698 -7724
90102 -1591 -2831 -7732
90157 -1636 -2765 -7962
90186 -1609 -2725 -7516
90241 -1672 -2815 -7856
90267 -1616 -2716 -7689
90324 -1624 -2729 -7544
90351 -1600 -2737 -7736
90408 -1606 -2741 -7594
90433 -1607 -2705 -7618
90488 -1630 -2770 -7654
90517 -1623 -2696 -7621
90575 -1622 -2725 -7607
90599 -1606 -2713 -7635
90652 -1616 -2715 -7600
90683 -1607 -2710 -7579
90734 -1624 -2741 -7639
90785 -1616 -2703 -7575
90820 -1606 -2712 -7619
90847 -1622 -2713 -7616
90905 -1606 -2720 -7628
90932 -1617 -2721 -7599
90988 -1624 -2724 -7610
91014 -1615 -2717 -7610
91073 -1612 -2719 -7608
91098 -1619 -2716 -7629
91139 -1612 -2714 -7607
91188 -1619 -2712 -7614
91238 -1618 -2727 -7630
91263 -1612 -2718 -7599
91324 -1613 -2730 -7626
91361 -1616 -2722 -7611
91388 -1633 -2729 -7636
91445 -1621 -2702 -7599
91470 -1626 -2726 -7634
91529 -1622 -2716 -7600
91568 -1636 -2731 -7605
91595 -1633 -2718 -7606
91636 -1627 -2715 -7627
91687 -1641 -2716 -7618
91736 -1628 -2722 -7624
91761 -1629 -2723 -7623
91818 -1628 -2715 -7626
91843 -1617 -2736 -7612
91902 -1611 -2418 -7870
91927 -1609 -2548 -7673
91986 -1642 -2515 -7733
92009 -1628 -2501 -7700
92064 -1623 -2522 -7710
92093 -1582 -2490 -7752
92150 -1631 -2522 -7715
92175 -1620 -2492 -7758
92232 -1628 -2523 -7703
92257 -1633 -2516 -7737
92312 -1635 -2502 -7679
92341 -1655 -2515 -7727
92396 -1661 -2499 -7687
92423 -1674 -2509 -7708
92478 -1670 -2497 -7697
92507 -1672 -2520 -7712
92564 -1659 -2502 -7693
92589 -1669 -2504 -7694
92646 -1668 -2508 -7707
92673 -1660 -2515 -7685
92730 -1679 -2508 -7710
92755 -1666 -2512 -7729
92814 -1665 -2501 -7654
92837 -1658 -2504 -7749
92892 -1654 -2518 -7690
92923 -1660 -2497 -7717
92978 -1656 -2519 -7711
93003 -1657 -2513 -7697
93058 -1659 -2513 -7735
93085 -1650 -2520 -7687
93146 -1658 -2496 -7721
93169 -1650 -2527 -7699
93224 -1659 -2504 -7714
93251 -1669 -2521 -7697
93306 -1680 -2503 -7710
93335 -1655 -2507 -7707
93390 -1668 -2505 -7724
93419 -1655 -2501 -7684
93473 -1669 -2512 -7723
93502 -1651 -2520 -7713
93557 -1662 -2498 -7684
93584 -1665 -2506 -7725
93643 -1683 -2495 -7691
93669 -1676 -2499 -7727
93724 -1670 -2504 -7676
93752 -1670 -2500 -7733
93811 -1674 -2516 -7683
93851 -1679 -2570 -7753
93876 -1661 -2941 -7464
93931 -1679 -2798 -7674
93956 -1657 -2867 -7503
94015 -1673 -2864 -7600
94040 -1684 -2864 -7566
94101 -1689 -2862 -7510
94140 -1683 -2869 -7590
94163 -1672 -2869 -7514
94222 -1679 -2860 -7577
94247 -1676 -2872 -7535
94300 -1688 -2864 -7587
94331 -1691 -2869 -7533
94386 -1680 -2866 -7564
94413 -1677 -2865 -7530
94470 -1680 -2868 -7558
94495 -1684 -2861 -7554
94552 -1689 -2882 -7565
94579 -1686 -2861 -7541
94636 -1685 -2875 -7558
94661 -1670 -2866 -7545
94718 -1677 -2870 -7536
94745 -1680 -2875 -7537
94802 -1676 -2865 -7562
94829 -1686 -2864 -7549
94888 -1685 -2872 -7564
94911 -1686 -2858 -7542
94972 -1677 -2874 -7539
94995 -1676 -2878 -7556
95054 -1680 -2859 -7511
95077 -1678 -2876 -7564
95134 -1681 -2881 -7544
95157 -1682 -2858 -7563
95214 -1683 -2863 -7541
95241 -1675 -2873 -7567
95282 -1680 -2873 -7540
95335 -1671 -2856 -7558
95366 -1680 -2872 -7541
95423 -1677 -2862 -7551
95450 -1679 -2878 -7565
95507 -1682 -2875 -7536
95532 -1669 -2854 -7563
95589 -1691 -2880 -7523
95614 -1669 -2874 -7581
95671 -1683 -2876 -7513
95698 -1679 -2863 -7573
95757 -1685 -2878 -7550
95782 -1677 -2874 -7549
95837 -1636 -2492 -7711
95864 -1681 -2232 -7786
95918 -1674 -2395 -7751
95946 -1707 -2317 -7761
96001 -1671 -2357 -7855
96029 -1655 -2314 -7691
96083 -1657 -2300 -7888
96115 -1674 -2325 -7739
96164 -1678 -2301 -7854
96195 -1693 -2338 -7742
96253 -1665 -2316 -7834
96279 -1660 -2333 -7718
96338 -1673 -2301 -7839
96363 -1668 -2308 -7787
96422 -1696 -2312 -7800
96459 -1674 -2296 -7841
96486 -1683 -2338 -7771
96541 -1668 -2282 -7796
96568 -1661 -2347 -7768
96629 -1657 -2292 -7816
96650 -1673 -2309 -7806
96691 -1683 -2306 -7801
96742 -1674 -2306 -7844
96775 -1664 -2307 -7756
96834 -1664 -2296 -7809
96859 -1668 -2315 -7836
96916 -1676 -2298 -7758
96943 -1676 -2317 -7817
97000 -1672 -2307 -7823
97023 -1680 -2305 -7774
97080 -1661 -2300 -7829
97109 -1676 -2323 -7794
97168 -1670 -2302 -7800
97189 -1670 -2316 -7799
97244 -1678 -2311 -7801
97273 -1664 -2300 -7819
97328 -1672 -2308 -7790
97357 -1672 -2297 -7808
97398 -1675 -2310 -7795
97447 -1663 -2310 -7792
97498 -1680 -2307 -7803
97523 -1670 -2308 -7828
97578 -1687 -2302 -7778
97605 -1667 -2308 -7844
97658 -1670 -2304 -7775
97691 -1670 -2304 -7825
97742 -1667 -2320 -7788
97775 -1677 -2415 -7858
97826 -1678 -3120 -7221
97855 -1669 -2991 -7659
97912 -1633 -2916 -7370
97935 -1658 -3024 -7532
97992 -1665 -2933 -7475
98017 -1695 -2998 -7426
98076 -1671 -2973 -7441
98101 -1657 -2987 -7472
98158 -1643 -2948 -7407
98185 -1663 -2963 -7512
98242 -1676 -2972 -7475
98269 -1685 -2950 -7479
98324 -1682 -2976 -7470
98349 -1651 -2956 -7436
98406 -1646 -2948 -7461
98433 -1658 -2975 -7447
98490 -1671 -2951 -7494
98517 -1684 -2968 -7450
98574 -1670 -2965 -7498
98599 -1660 -2962 -7449
98655 -1658 -2963 -7432
98683 -1658 -2964 -7462
98741 -1667 -2971 -7468
98766 -1672 -2970 -7473
98821 -1675 -2970 -7449
98848 -1670 -2974 -7479
98904 -1660 -2958 -7454
98933 -1661 -2965 -7439
98992 -1650 -2976 -7463
99015 -1662 -2967 -7459
99075 -1666 -2973 -7441
99110 -1673 -2965 -7483
99141 -1671 -2972 -7428
99180 -1658 -2976 -7475
99233 -1667 -2982 -7428
99264 -1664 -2973 -7472
99313 -1660 -2975 -7418
99364 -1658 -2974 -7486
99403 -1670 -2975 -7446
99428 -1671 -2970 -7464
99483 -1665 -2974 -7450
99512 -1665 -2985 -7460
99567 -1653 -2963 -7431
99596 -1663 -2974 -7451
99635 -1660 -2974 -7465
99684 -1661 -2969 -7444
99735 -1665 -2983 -7470
99762 -1640 -2586 -7648
99817 -1638 -1798 -8080
99844 -1633 -2176 -7819
99899 -1695 -2066 -7977
99926 -1646 -2109 -7938
99983 -1639 -2062 -7880
1.0001e+05 -1615 -2033 -8057
1.0007e+05 -1633 -2042 -7902
1.0009e+05 -1662 -2049 -8039
1.0015e+05 -1662 -2067 -7905
1.0017e+05 -1651 -2082 -7968
1.0023e+05 -1633 -2066 -7897
1.0026e+05 -1619 -2079 -7989
1.0031e+05 -1637 -2048 -7920
1.0036e+05 -1658 -2065 -8039
1.0038e+05 -1664 -2051 -7935
1.0044e+05 -1657 -2058 -7984
1.0047e+05 -1629 -2078 -7923
1.0052e+05 -1612 -2065 -7922
1.0055e+05 -1640 -2077 -7969
1.0061e+05 -1646 -2054 -7962
1.0063e+05 -1672 -2059 -7988
1.0069e+05 -1664 -2051 -7981
1.0071e+05 -1646 -2052 -7963
1.0077e+05 -1639 -2071 -7932
1.008e+05 -1640 -2088 -7950
1.0085e+05 -1645 -2084 -7946
1.0088e+05 -1653 -2066 -7979
1.0094e+05 -1656 -2068 -7951
1.0096e+05 -1652 -2065 -7995
1.0102e+05 -1640 -2079 -7948
1.0104e+05 -1644 -2064 -7955
1.011e+05 -1644 -2088 -7938
1.0113e+05 -1645 -2081 -7971
1.0118e+05 -1644 -2069 -7949
1.0121e+05 -1649 -2060 -7979
1.0127e+05 -1643 -2072 -7970
1.0129e+05 -1646 -2070 -7961
1.0135e+05 -1634 -2088 -7961
1.0138e+05 -1637 -2075 -7941
1.0143e+05 -1648 -2069 -7963
1.0146e+05 -1634 -2073 -7962
1.0152e+05 -1646 -2063 -7975
1.0154e+05 -1651 -2067 -7963
1.016e+05 -1649 -2080 -7953
1.0163e+05 -1650 -2072 -7960
1.0169e+05 -1639 -2078 -7930
1.0172e+05 -1671 -2218 -7978
1.0175e+05 -1695 -3114 -7247
1.0181e+05 -1656 -3266 -7306
1.0183e+05 -1622 -3126 -7303
1.0189e+05 -1611 -3192 -7365
1.0193e+05 -1628 -3168 -7294
1.0196e+05 -1654 -3180 -7343
1.0201e+05 -1663 -3126 -7320
1.0204e+05 -1647 -3094 -7329
1.021e+05 -1631 -3100 -7349
1.0212e+05 -1627 -3074 -7413
1.0218e+05 -1655 -3063 -7373
1.0221e+05 -1672 -3080 -7434
1.0226e+05 -1669 -3106 -7337
1.0229e+05 -1649 -3087 -7373
1.0235e+05 -1628 -3096 -7325
1.0237e+05 -1627 -3095 -7380
1.0243e+05 -1644 -3076 -7356
1.0245e+05 -1673 -3100 -7415
1.0251e+05 -1661 -3086 -7389
1.0254e+05 -1644 -3084 -7364
1.0259e+05 -1644 -3092 -7326
1.0262e+05 -1616 -3100 -7383
1.0268e+05 -1642 -3086 -7309
1.027e+05 -1657 -3090 -7406
1.0276e+05 -1660 -3092 -7367
1.0279e+05 -1659 -3083 -7413
1.0284e+05 -1648 -3091 -7348
1.0287e+05 -1640 -3096 -7367
1.0293e+05 -1640 -3095 -7339
1.0295e+05 -1643 -3107 -7382
1.0301e+05 -1647 -3085 -7322
1.0303e+05 -1659 -3097 -7412
1.0309e+05 -1645 -3085 -7349
1.0312e+05 -1643 -3083 -7370
1.0317e+05 -1639 -3105 -7363
1.0322e+05 -1642 -3096 -7323
1.0326e+05 -1638 -3099 -7370
1.0328e+05 -1638 -3105 -7351
1.0334e+05 -1648 -3080 -7372
1.0337e+05 -1658 -3101 -7352
1.0342e+05 -1656 -3093 -7406
1.0345e+05 -1660 -3091 -7301
1.035e+05 -1651 -3089 -7402
1.0353e+05 -1662 -3098 -7290
1.0359e+05 -1658 -3106 -7409
1.0363e+05 -1647 -3099 -7341
1.0366e+05 -1657 -3072 -7348
1.0371e+05 -1637 -2640 -7744
1.0374e+05 -1635 -2710 -7505
1.038e+05 -1673 -2714 -7650
1.0382e+05 -1651 -2697 -7511
1.0388e+05 -1660 -2705 -7622
1.039e+05 -1631 -2666 -7572
1.0396e+05 -1653 -2678 -7622
1.0399e+05 -1650 -2672 -7624
1.0405e+05 -1675 -2705 -7606
1.0407e+05 -1644 -2698 -7581
1.0413e+05 -1627 -2699 -7603
1.0416e+05 -1598 -2693 -7599
1.0421e+05 -1630 -2688 -7574
1.0424e+05 -1618 -2699 -7708
1.0429e+05 -1620 -2700 -7576
1.0432e+05 -1605 -2689 -7663
1.0438e+05 -1611 -2716 -7592
1.044e+05 -1594 -2703 -7604
1.0446e+05 -1618 -2701 -7623
1.045e+05 -1613 -2712 -7600
1.0453e+05 -1624 -2683 -7629
1.0459e+05 -1605 -2713 -7644
1.0461e+05 -1608 -2700 -7617
1.0467e+05 -1595 -2701 -7626
1.0469e+05 -1595 -2707 -7597
1.0475e+05 -1604 -2723 -7642
1.0478e+05 -1607 -2699 -7605
1.0484e+05 -1608 -2705 -7627
1.0487e+05 -1606 -2704 -7674
1.049e+05 -1594 -2711 -7597
1.0495e+05 -1605 -2707 -7619
1.05e+05 -1596 -2710 -7643
1.0504e+05 -1604 -2704 -7589
1.0507e+05 -1600 -2702 -7645
1.0512e+05 -1601 -2705 -7635
1.0515e+05 -1601 -2693 -7593
1.052e+05 -1615 -2717 -7689
1.0523e+05 -1604 -2708 -7562
1.0529e+05 -1599 -2702 -7666
1.0532e+05 -1590 -2715 -7599
1.0537e+05 -1620 -2705 -7617
1.054e+05 -1597 -2706 -7639
1.0545e+05 -1606 -2717 -7632
1.0548e+05 -1604 -2694 -7596
1.0554e+05 -1595 -2713 -7640
1.0557e+05 -1602 -2717 -7611
1.0562e+05 -1605 -2696 -7639
1.0566e+05 -1571 -2398 -6256
1.0569e+05 -1436 -2341 -6184
1.0575e+05 -1430 -2390 -6146
1.0577e+05 -1427 -2349 -6127
1.0583e+05 -1425 -2356 -6103
1.0585e+05 -1420 -2362 -6093
1.0591e+05 -1420 -2347 -6084
1.0594e+05 -1420 -2346 -6080
1.0599e+05 -1421 -2340 -6072
1.0602e+05 -1423 -2349 -6066
1.0607e+05 -1424 -2342 -6073
1.061e+05 -1419 -2345 -6057
1.0616e+05 -1414 -2345 -6056
1.0618e+05 -1422 -2347 -6051
1.0624e+05 -1419 -2341 -6049
1.0627e+05 -1416 -2343 -6047
1.0633e+05 -1416 -2333 -6044
1.0635e+05 -1423 -2337 -6038
1.0641e+05 -1415 -2337 -6043
1.0643e+05 -1425 -2333 -6040
1.0649e+05 -1419 -2342 -6035
1.0652e+05 -1418 -2333 -6035
1.0657e+05 -1420 -2333 -6032
1.066e+05 -1418 -2326 -6036
1.0666e+05 -1421 -2331 -6029
1.067e+05 -1419 -2332 -6031
1.0672e+05 -1421 -2333 -6027
1.0678e+05 -1427 -2329 -6025
1.0681e+05 -1421 -2329 -6030
1.0686e+05 -1415 -2327 -6021
1.0689e+05 -1416 -2331 -6024
1.0695e+05 -1409 -2326 -6013
1.0697e+05 -1417 -2328 -6023
1.0703e+05 -1420 -2328 -6021
1.0706e+05 -1418 -2331 -6013
1.0711e+05 -1422 -2325 -6014
1.0714e+05 -1422 -2326 -6009
1.072e+05 -1421 -2330 -6016
1.0722e+05 -1415 -2325 -6010
1.0728e+05 -1417 -2324 -6020
1.073e+05 -1414 -2333 -6013
1.0736e+05 -1421 -2327 -6018
1.0739e+05 -1417 -2327 -6012
1.0744e+05 -1420 -2323 -6013
1.0747e+05 -1417 -2326 -6006
1.0753e+05 -1412 -2320 -6009
1.0755e+05 -1415 -2324 -6010
1.0761e+05 -1416 -2326 -6008
1.0763e+05 -1416 -2304 -6363
1.0769e+05 -1781 -2821 -7948
1.0773e+05 -1572 -2739 -7764
1.0776e+05 -1609 -2691 -7593
1.0782e+05 -1609 -2809 -7747
1.0784e+05 -1641 -2816 -7880
1.079e+05 -1584 -2678 -7572
1.0793e+05 -1683 -2822 -7708
1.0798e+05 -1606 -2689 -7743
1.0801e+05 -1619 -2736 -7475
1.0806e+05 -1626 -2710 -7703
1.0809e+05 -1607 -2750 -7552
1.0815e+05 -1628 -2681 -7559
1.0818e+05 -1648 -2761 -7651
1.0823e+05 -1651 -2673 -7543
1.0826e+05 -1641 -2719 -7632
1.0832e+05 -1645 -2711 -7576
1.0834e+05 -1640 -2714 -7630
1.084e+05 -1628 -2710 -7519
1.0842e+05 -1642 -2727 -7624
1.0848e+05 -1635 -2710 -7571
1.0851e+05 -1630 -2710 -7590
1.0856e+05 -1634 -2704 -7600
1.0859e+05 -1640 -2715 -7597
1.0864e+05 -1640 -2710 -7591
1.0867e+05 -1637 -2724 -7580
1.0873e+05 -1632 -2718 -7608
1.0876e+05 -1626 -2717 -7564
1.0881e+05 -1645 -2698 -7594
1.0884e+05 -1645 -2738 -7646
1.0889e+05 -1661 -2702 -7541
1.0892e+05 -1641 -2704 -7641
1.0898e+05 -1637 -2734 -7592
1.09e+05 -1635 -2697 -7588
1.0906e+05 -1630 -2724 -7604
1.091e+05 -1646 -2711 -7589
1.0913e+05 -1630 -2706 -7617
1.0919e+05 -1634 -2729 -7586
1.0921e+05 -1637 -2699 -7605
1.0927e+05 -1641 -2731 -7579
1.093e+05 -1635 -2705 -7599
1.0934e+05 -1643 -2739 -7603
1.0939e+05 -1649 -2701 -7571
1.0942e+05 -1648 -2723 -7637
1.0948e+05 -1646 -2719 -7571
1.095e+05 -1643 -2706 -7631
1.0956e+05 -1650 -2706 -7519
1.0958e+05 -1644 -2497 -7757
1.0963e+05 -1627 -2537 -7594
1.0968e+05 -1653 -2511 -7727
1.0971e+05 -1629 -2509 -7665
1.0977e+05 -1644 -2509 -7675
1.0979e+05 -1634 -2494 -7706
1.0985e+05 -1638 -2523 -7684
1.0987e+05 -1646 -2507 -7657
1.0993e+05 -1638 -2517 -7718
1.0996e+05 -1631 -2513 -7643
1.1002e+05 -1652 -2517 -7697
1.1004e+05 -1632 -2526 -7699
1.101e+05 -1647 -2514 -7639
1.1012e+05 -1634 -2506 -7757
1.1018e+05 -1641 -2546 -7627
1.1021e+05 -1626 -2499 -7726
1.1026e+05 -1630 -2538 -7651
1.1029e+05 -1621 -2518 -7679
1.1034e+05 -1628 -2538 -7694
1.1037e+05 -1625 -2506 -7644
1.1043e+05 -1628 -2530 -7714
1.1045e+05 -1619 -2527 -7707
1.1051e+05 -1624 -2523 -7680
1.1054e+05 -1608 -2516 -7671
1.1059e+05 -1609 -2529 -7731
1.1062e+05 -1625 -2517 -7627
1.1068e+05 -1620 -2519 -7735
1.107e+05 -1613 -2527 -7672
1.1076e+05 -1623 -2530 -7717
1.1078e+05 -1606 -2519 -7677
1.1084e+05 -1617 -2544 -7721
1.1087e+05 -1598 -2500 -7644
1.1092e+05 -1602 -2543 -7747
1.1095e+05 -1611 -2521 -7659
1.1101e+05 -1618 -2527 -7718
1.1103e+05 -1608 -2531 -7692
1.1109e+05 -1614 -2518 -7690
1.1112e+05 -1589 -2527 -7709
1.1117e+05 -1600 -2528 -7675
1.112e+05 -1599 -2518 -7719
1.1125e+05 -1615 -2559 -7694
1.1128e+05 -1606 -2501 -7690
1.1133e+05 -1605 -2540 -7713
1.1138e+05 -1592 -2512 -7687
1.1141e+05 -1606 -2537 -7700
1.1147e+05 -1593 -2520 -7710
1.1149e+05 -1603 -2540 -7675
1.1155e+05 -1620 -2708 -7660
1.1157e+05 -1603 -2939 -7520
1.1163e+05 -1605 -2831 -7607
1.1166e+05 -1605 -2888 -7567
1.1171e+05 -1620 -2860 -7504
1.1174e+05 -1611 -2891 -7628
1.118e+05 -1595 -2884 -7488
1.1182e+05 -1613 -2903 -7599
1.1188e+05 -1597 -2862 -7498
1.1191e+05 -1623 -2899 -7606
1.1196e+05 -1634 -2864 -7509
1.1199e+05 -1647 -2889 -7599
1.1204e+05 -1635 -2873 -7507
1.1207e+05 -1638 -2892 -7576
1.1213e+05 -1617 -2875 -7511
1.1215e+05 -1630 -2892 -7546
1.1221e+05 -1614 -2879 -7552
1.1225e+05 -1638 -2885 -7537
1.1228e+05 -1623 -2868 -7588
1.1233e+05 -1622 -2891 -7510
1.1236e+05 -1616 -2871 -7573
1.1242e+05 -1614 -2891 -7514
1.1244e+05 -1617 -2876 -7561
1.125e+05 -1627 -2892 -7537
1.1253e+05 -1626 -2870 -7544
1.1258e+05 -1634 -2886 -7560
1.1261e+05 -1628 -2882 -7524
1.1267e+05 -1619 -2879 -7527
1.1269e+05 -1621 -2892 -7549
1.1275e+05 -1624 -2886 -7517
1.1277e+05 -1618 -2878 -7544
1.1283e+05 -1636 -2876 -7552
1.1286e+05 -1626 -2884 -7533
1.1291e+05 -1634 -2883 -7551
1.1296e+05 -1626 -2876 -7518
1.1298e+05 -1618 -2883 -7533
1.1302e+05 -1621 -2884 -7541
1.1308e+05 -1616 -2882 -7541
1.1312e+05 -1622 -2880 -7546
1.1315e+05 -1620 -2886 -7558
1.132e+05 -1632 -2890 -7538
1.1323e+05 -1613 -2882 -7557
1.1329e+05 -1621 -2887 -7521
1.1332e+05 -1606 -2884 -7555
1.1337e+05 -1610 -2883 -7534
1.134e+05 -1613 -2892 -7559
1.1345e+05 -1613 -2878 -7555
1.1348e+05 -1607 -2884 -7528
1.1353e+05 -1564 -2280 -7973
1.1356e+05 -1575 -2357 -7720
1.1362e+05 -1617 -2390 -7872
1.1365e+05 -1607 -2345 -7677
1.137e+05 -1615 -2382 -7862
1.1373e+05 -1574 -2328 -7737
1.1378e+05 -1596 -2316 -7832
1.1381e+05 -1597 -2323 -7807
1.1386e+05 -1615 -2342 -7813
1.1389e+05 -1621 -2341 -7754
1.1395e+05 -1605 -2334 -7817
1.1398e+05 -1591 -2342 -7745
1.1403e+05 -1610 -2316 -7818
1.1406e+05 -1620 -2324 -7817
1.1412e+05 -1623 -2321 -7801
1.1414e+05 -1613 -2323 -7804
1.142e+05 -1599 -2346 -7801
1.1423e+05 -1594 -2317 -7786
1.1428e+05 -1598 -2337 -7775
1.1431e+05 -1602 -2327 -7825
1.1437e+05 -1628 -2329 -7795
1.1439e+05 -1606 -2321 -7836
1.1445e+05 -1608 -2334 -7767
1.1447e+05 -1602 -2326 -7839
1.1452e+05 -1592 -2343 -7761
1.1457e+05 -1607 -2325 -7790
1.1462e+05 -1605 -2324 -7842
1.1464e+05 -1619 -2326 -7763
1.147e+05 -1607 -2305 -7856
1.1472e+05 -1604 -2342 -7771
1.1478e+05 -1595 -2303 -7810
1.1481e+05 -1611 -2356 -7806
1.1487e+05 -1607 -2316 -7810
1.149e+05 -1614 -2323 -7767
1.1493e+05 -1600 -2318 -7876
1.1499e+05 -1606 -2332 -7718
1.1501e+05 -1611 -2316 -7891
1.1508e+05 -1608 -2346 -7743
1.1511e+05 -1607 -2309 -7815
1.1514e+05 -1599 -2347 -7798
1.1519e+05 -1615 -2319 -7790
1.1522e+05 -1617 -2312 -7827
1.1528e+05 -1622 -2319 -7784
1.153e+05 -1613 -2323 -7836
1.1536e+05 -1607 -2321 -7772
1.1539e+05 -1609 -2318 -7797
1.1543e+05 -1611 -2350 -7821
1.1548e+05 -1643 -2524 -7772
1.1553e+05 -1620 -3188 -7227
1.1555e+05 -1610 -2910 -7675
1.1561e+05 -1568 -2962 -7392
1.1564e+05 -1609 -3019 -7517
1.1569e+05 -1606 -2920 -7510
1.1572e+05 -1641 -3018 -7395
1.1577e+05 -1622 -2972 -7495
1.158e+05 -1606 -2994 -7441
1.1586e+05 -1595 -2947 -7447
1.1588e+05 -1615 -2963 -7515
1.1594e+05 -1619 -2983 -7477
1.1597e+05 -1629 -2955 -7491
1.1602e+05 -1620 -3012 -7453
1.1605e+05 -1596 -2956 -7438
1.161e+05 -1590 -2991 -7441
1.1613e+05 -1606 -2982 -7467
1.1619e+05 -1618 -2959 -7488
1.1622e+05 -1634 -3001 -7459
1.1627e+05 -1618 -2947 -7486
1.163e+05 -1604 -2996 -7460
1.1636e+05 -1592 -2960 -7423
1.1638e+05 -1604 -2995 -7477
1.1643e+05 -1610 -2978 -7439
1.1646e+05 -1614 -2974 -7492
1.1652e+05 -1618 -2988 -7454
1.1655e+05 -1601 -2971 -7479
1.166e+05 -1610 -2997 -7462
1.1663e+05 -1607 -2982 -7446
1.1669e+05 -1604 -2985 -7469
1.1671e+05 -1612 -2990 -7442
1.1677e+05 -1606 -2974 -7469
1.1679e+05 -1606 -2998 -7483
1.1685e+05 -1611 -2973 -7446
1.1688e+05 -1616 -2996 -7450
1.1694e+05 -1606 -2989 -7475
1.1696e+05 -1610 -2987 -7427
1.1702e+05 -1604 -2983 -7472
1.1705e+05 -1612 -2975 -7458
1.171e+05 -1613 -2997 -7488
