1 1182 -6 -5090
1 1177 -10 -5098
3 1194 4 -5090
10 1184 -2 -5093
14 1183 2 -5086
18 1185 5 -5083
21 1181 6 -5083
25 1183 -1 -5084
29 1179 -2 -5088
38 1179 1 -5081
40 1183 -5 -5091
43 1180 -5 -5090
46 1178 3 -5088
52 1178 9 -5089
53 1188 0 -5091
56 1177 -10 -5087
58 1185 3 -5088
61 1179 -1 -5087
63 1180 1 -5087
65 1181 -7 -5085
67 1176 -10 -5084
69 1175 -2 -5083
71 1182 -2 -5082
72 1183 4 -5092
76 1179 -3 -5078
78 1175 -1 -5088
80 1180 3 -5084
82 1176 3 -5090
83 1175 2 -5084
85 1178 -3 -5085
87 1181 -4 -5083
89 1175 -1 -5088
91 1178 -2 -5088
93 1182 3 -5088
94 1186 2 -5082
96 1178 4 -5085
97 1184 5 -5081
100 1184 0 -5084
101 1180 -4 -5080
103 1177 1 -5084
140 1177 -6 -5087
192 1179 1 -5080
216 1183 -2 -5078
273 1179 1 -5078
298 1186 2 -5077
345 1178 0 -5074
385 1182 -5 -5083
436 1186 4 -5089
463 1183 1 -5084
502 1181 1 -5084
553 1174 -6 -5083
601 1183 -5 -5082
627 1178 4 -5080
685 1176 5 -5076
709 1180 5 -5081
766 1183 0 -5080
793 1180 2 -5082
849 1169 1 -5078
874 1182 -2 -5082
929 1179 0 -5075
954 1177 -6 -5083
1013 1180 1 -5079
1040 1180 2 -5075
1098 1174 2 -5080
1130 1177 1 -5078
1182 1178 6 -5082
1203 1184 -5 -5087
1257 1183 -1 -5083
1295 1179 0 -5081
1332 1184 2 -5078
1383 1176 -9 -5080
1412 1180 1 -5081
1464 1184 5 -5077
1515 1178 2 -5081
1537 1182 8 -5082
1596 1184 3 -5073
1614 1182 1 -5075
1659 1181 -2 -5080
1710 1181 5 -5072
1760 1174 -4 -5075
1787 1175 7 -5078
1841 1177 -1 -5075
1863 1178 1 -5081
1923 1181 -4 -5078
1956 1180 1 -5083
2005 1222 93 -5090
2028 1225 94 -5085
2087 1226 92 -5090
2113 1227 88 -5086
2168 1227 93 -5084
2196 1182 17 -5089
2251 1184 16 -5102
2277 1184 22 -5086
2337 1188 13 -5090
2360 1180 18 -5087
2429 1187 25 -5082
2445 1191 18 -5084
2499 1184 22 -5093
2528 1177 19 -5082
2581 1180 24 -5091
2609 1182 20 -5090
2661 1185 14 -5087
2710 1189 15 -5088
2734 1186 17 -5082
2789 1189 16 -5086
2815 1181 18 -5085
2874 1181 27 -5090
2897 1185 18 -5088
2953 1182 16 -5082
2982 1181 16 -5090
3037 1180 19 -5091
3065 1187 24 -5094
3141 1177 17 -5087
3146 1186 17 -5084
3202 1183 21 -5090
3229 1185 22 -5092
3285 1184 69 -5091
3315 1139 115 -5086
3368 1138 118 -5084
3392 1142 118 -5090
3454 1152 107 -5084
3477 1139 53 -5088
3532 1182 -1 -5081
3561 1173 -5 -5087
3614 1176 -16 -5081
3638 1171 -11 -5085
3700 1177 -4 -5084
3734 1176 -6 -5091
3783 1176 -11 -5088
3805 1180 -3 -5091
3860 1186 -4 -5091
3889 1181 -4 -5088
3939 1182 0 -5094
3984 1180 -7 -5082
4023 1180 -9 -5091
4057 1179 -7 -5087
4104 1180 -5 -5089
4155 1187 -15 -5083
4181 1176 -10 -5086
4235 1183 -8 -5086
4261 1174 -9 -5085
4312 1177 -8 -5085
4347 1176 -6 -5086
4393 1179 -10 -5091
4443 1174 -5 -5085
4466 1183 -14 -5087
4526 1176 -6 -5085
4555 1175 -2 -5083
4610 1176 -13 -5087
4634 1179 -4 -5086
4687 1170 -12 -5096
4718 1177 -2 -5085
4770 1177 -6 -5087
4800 1178 1 -5090
4857 1177 -2 -5087
4880 1227 65 -5109
4928 1238 63 -5117
4973 1233 63 -5114
5004 1235 67 -5111
5054 1231 66 -5123
5101 1189 -9 -5118
5134 1189 -7 -5113
5187 1191 -7 -5117
5220 1188 -1 -5116
5273 1189 -1 -5118
5297 1187 -4 -5112
5355 1185 -4 -5112
5380 1179 -3 -5105
5439 1191 -6 -5113
5460 1191 -6 -5118
5518 1196 -5 -5108
5542 1186 -2 -5113
5597 1194 -14 -5121
5626 1189 -16 -5112
5677 1193 -16 -5112
5725 1189 -9 -5114
5747 1189 -8 -5108
5804 1199 -2 -5118
5836 1190 -2 -5112
5890 1186 1 -5106
5914 1187 -9 -5111
5972 1186 -2 -5109
6000 1185 -10 -5116
6055 1188 -6 -5117
6082 1191 -5 -5109
6135 1196 -3 -5107
6164 1187 -6 -5112
6209 1193 -3 -5114
6260 1190 -3 -5114
6292 1193 -8 -5117
6348 1192 -8 -5114
6384 1192 -5 -5115
6414 1197 -4 -5115
6468 1183 20 -5123
6491 1156 81 -5119
6552 1152 80 -5122
6578 1149 87 -5119
6630 1152 78 -5114
6658 1149 27 -5111
6709 1187 -38 -5123
6757 1190 -42 -5115
6780 1181 -33 -5117
6837 1188 -31 -5122
6864 1183 -34 -5120
6928 1185 -27 -5114
6948 1178 -36 -5119
7005 1183 -33 -5117
7027 1183 -32 -5122
7091 1185 -29 -5115
7127 1183 -27 -5116
7154 1183 -42 -5121
7203 1188 -39 -5113
7261 1180 -27 -5122
7280 1179 -34 -5123
7333 1182 -32 -5117
7360 1184 -31 -5120
7403 1194 -37 -5116
7452 1186 -34 -5119
7506 1187 -32 -5122
7526 1186 -37 -5123
7587 1187 -32 -5127
7606 1189 -29 -5121
7657 1181 -31 -5113
7706 1187 -39 -5117
7736 1189 -38 -5113
7790 1190 -33 -5117
7818 1182 -41 -5117
7869 1180 -34 -5118
7902 1169 63 -5131
7945 1240 35 -5152
7996 1246 32 -5150
8028 1244 38 -5155
8081 1241 40 -5150
8120 1227 -41 -5155
8165 1202 -41 -5147
8195 1203 -36 -5159
8231 1194 -36 -5153
8278 1198 -35 -5152
8328 1207 -41 -5151
8360 1194 -34 -5154
8411 1200 -37 -5146
8448 1201 -34 -5149
8495 1201 -40 -5159
8518 1189 -39 -5148
8576 1193 -46 -5145
8600 1196 -45 -5151
8648 1199 -36 -5148
8695 1195 -38 -5152
8723 1197 -40 -5150
8773 1200 -30 -5153
8828 1201 -37 -5152
8850 1201 -39 -5152
8907 1199 -42 -5153
8930 1197 -40 -5149
8987 1203 -35 -5148
9014 1198 -37 -5155
9074 1196 -40 -5158
9100 1195 -37 -5152
9157 1200 -40 -5157
9187 1201 -40 -5150
9222 1203 -40 -5152
9272 1196 -35 -5146
9321 1201 -38 -5153
9350 1201 -37 -5152
9403 1191 -38 -5150
9445 1193 -38 -5155
9481 1201 -38 -5156
9528 1201 -40 -5147
9556 1198 -42 -5150
9611 1196 -33 -5149
9635 1194 -38 -5147
9693 1201 -40 -5150
9717 1197 -37 -5146
9773 1192 -40 -5151
9803 1197 -39 -5151
9856 1205 -35 -5145
9885 1191 -39 -5151
9937 1197 -30 -5148
9964 1199 -34 -5148
10018 1205 -29 -5154
10046 1191 -34 -5152
10098 1199 -36 -5146
10145 1202 -35 -5151
10172 1197 -36 -5149
10228 1202 -40 -5152
10254 1199 -40 -5147
10313 1197 -39 -5154
10343 1203 -33 -5150
10399 1198 -38 -5159
10427 1178 80 -5138
10480 1133 73 -5140
10514 1137 75 -5145
10545 1137 80 -5146
10594 1134 73 -5138
10640 1195 -49 -5134
10668 1191 -45 -5135
10723 1190 -55 -5140
10771 1189 -47 -5132
10806 1197 -47 -5137
10838 1198 -48 -5137
10894 1191 -49 -5136
10916 1193 -51 -5137
10974 1185 -40 -5134
11005 1196 -57 -5134
11058 1198 -49 -5137
11094 1196 -46 -5133
11141 1196 -46 -5133
11165 1199 -52 -5139
11229 1194 -47 -5131
11247 1194 -53 -5136
11302 1193 -45 -5130
11331 1192 -51 -5134
11383 1197 -49 -5135
11411 1193 -41 -5128
11465 1195 -51 -5133
11496 1197 -52 -5133
11545 1187 -51 -5137
11594 1194 -55 -5141
11621 1193 -50 -5138
11676 1191 -48 -5132
11703 1194 -45 -5131
11752 1198 -40 -5138
11800 1190 -51 -5140
11830 1195 -50 -5139
11883 1190 -51 -5135
11910 1194 -53 -5138
11968 1192 -55 -5137
11995 1190 -53 -5140
12053 1193 -49 -5142
12076 1195 -52 -5136
12115 1196 -46 -5139
12164 1198 -49 -5135
12220 1195 -47 -5137
12238 1195 -47 -5135
12296 1188 -43 -5141
12335 1254 47 -5111
12372 1250 52 -5115
12421 1241 50 -5124
12452 1242 53 -5123
12492 1251 41 -5126
12537 1190 -16 -5127
12586 1196 -25 -5129
12611 1191 -32 -5128
12676 1195 -26 -5132
12695 1195 -16 -5130
12750 1199 -24 -5129
12773 1193 -24 -5133
12835 1199 -26 -5135
12863 1193 -22 -5133
12922 1197 -32 -5134
12943 1193 -26 -5136
13002 1200 -25 -5127
13026 1195 -16 -5131
13079 1190 -13 -5132
13107 1187 -29 -5131
13164 1192 -26 -5132
13198 1201 -28 -5130
13244 1194 -21 -5131
13288 1197 -33 -5132
13341 1196 -23 -5136
13373 1197 -14 -5134
13408 1193 -26 -5130
13456 1195 -26 -5130
13482 1195 -22 -5131
13536 1186 -26 -5129
13563 1195 -20 -5139
13619 1198 -21 -5127
13645 1194 -26 -5130
13702 1201 -27 -5135
13728 1200 -23 -5125
13790 1191 -17 -5130
13819 1190 -18 -5128
13857 1207 -20 -5135
13906 1200 -20 -5131
13954 1208 -22 -5135
13976 1193 -21 -5135
14032 1192 -28 -5128
14065 1204 -24 -5127
14117 1194 -28 -5130
14150 1199 -23 -5133
14201 1194 -21 -5127
14236 1201 -21 -5134
14284 1194 -21 -5128
14309 1191 -26 -5124
14366 1200 -26 -5131
14391 1193 -31 -5134
14445 1190 -24 -5129
14473 1198 -20 -5131
14529 1192 -23 -5128
14562 1197 40 -5134
14599 1151 77 -5117
14648 1152 83 -5128
14698 1144 81 -5124
14720 1155 82 -5129
14777 1152 -33 -5117
14813 1188 -39 -5125
14851 1181 -37 -5128
14894 1188 -43 -5119
14927 1182 -46 -5122
14981 1183 -43 -5122
15009 1188 -33 -5121
15065 1180 -40 -5120
15093 1184 -38 -5125
15148 1195 -43 -5120
15191 1182 -34 -5127
15222 1184 -42 -5128
15261 1193 -43 -5118
15306 1179 -38 -5125
15360 1186 -39 -5128
15390 1182 -37 -5124
15425 1185 -39 -5122
15475 1181 -37 -5124
15524 1181 -38 -5123
15547 1182 -41 -5120
15599 1187 -39 -5129
15630 1182 -38 -5125
15687 1180 -34 -5121
15709 1182 -40 -5117
15754 1183 -38 -5121
15805 1189 -38 -5125
15851 1188 -29 -5120
15880 1190 -38 -5122
15936 1183 -36 -5123
15961 1182 -36 -5128
16014 1183 -38 -5125
16040 1182 -43 -5132
16099 1192 -38 -5114
16129 1182 -40 -5127
16177 1186 -37 -5126
16224 1188 -42 -5123
16247 1181 -41 -5123
16303 1189 -38 -5122
16337 1190 -42 -5120
16378 1246 31 -5152
16428 1240 37 -5154
16454 1245 36 -5152
16514 1243 30 -5160
16535 1250 31 -5149
16594 1203 -37 -5149
16621 1204 -34 -5151
16669 1198 -44 -5142
16718 1205 -44 -5145
16742 1199 -45 -5154
16799 1201 -40 -5149
16832 1207 -42 -5155
16887 1193 -36 -5153
16910 1201 -42 -5157
16965 1196 -35 -5153
16992 1198 -43 -5158
17047 1199 -44 -5155
17081 1200 -39 -5154
17124 1201 -39 -5161
17174 1196 -42 -5151
17201 1195 -47 -5149
17255 1191 -40 -5157
17284 1198 -41 -5151
17334 1203 -40 -5154
17385 1205 -45 -5159
17407 1194 -36 -5155
17467 1203 -38 -5151
17495 1187 -36 -5148
17533 1199 -47 -5151
17582 1211 -39 -5156
17626 1200 -37 -5154
17659 1204 -39 -5149
17714 1200 -43 -5156
17738 1202 -40 -5154
17799 1199 -32 -5149
17825 1203 -35 -5158
17881 1201 -38 -5156
17903 1205 -37 -5152
17959 1199 -35 -5161
17987 1193 -38 -5142
18042 1194 -40 -5154
18078 1201 -38 -5153
18118 1205 -28 -5153
18167 1201 -37 -5154
18198 1197 -40 -5150
18252 1197 -39 -5156
18286 1197 -41 -5152
18317 1193 -47 -5152
18362 1203 -39 -5152
18399 1196 -44 -5153
18455 1192 -35 -5151
18482 1207 -37 -5153
18537 1200 -36 -5161
18569 1194 -36 -5157
18623 1196 -39 -5156
18656 1197 -28 -5155
18691 1208 -36 -5149
18746 1200 -36 -5158
18768 1200 -37 -5146
18837 1202 -38 -5153
18857 1197 -34 -5150
18911 1198 -43 -5151
18935 1205 -42 -5153
18996 1202 -37 -5154
19019 1201 -38 -5151
19074 1188 -35 -5157
19122 1197 -37 -5154
19145 1193 -32 -5158
19203 1197 -40 -5153
19221 1193 -30 -5152
19271 1195 -29 -5152
19316 1197 -36 -5152
19368 1207 -41 -5151
19394 1201 -32 -5156
19450 1200 -38 -5154
19473 1192 -37 -5152
19530 1194 -41 -5148
19560 1194 -39 -5151
19617 1198 -40 -5147
19643 1198 -31 -5152
19702 1195 -33 -5154
19724 1202 -38 -5149
19782 1204 -36 -5150
19803 1203 -36 -5148
19855 1195 -38 -5149
19884 1188 -38 -5158
19938 1198 -36 -5150
19987 1199 -36 -5157
20012 1201 -37 -5149
20072 1194 -36 -5154
20097 1204 -34 -5147
20152 1195 -33 -5149
20178 1203 -37 -5150
20232 1197 -32 -5148
20258 1198 -33 -5155
20307 1203 -35 -5150
20356 1199 -35 -5155
20383 1203 -44 -5150
20436 1203 -38 -5152
20467 1201 -46 -5153
20524 1198 -47 -5155
20554 1198 -40 -5151
20590 1200 -40 -5150
20640 1200 -38 -5147
20690 1191 -39 -5158
20721 1193 -44 -5146
20755 1198 -37 -5152
20807 1196 -39 -5154
20853 1202 -30 -5151
20881 1198 -32 -5150
20936 1199 -36 -5154
20964 1190 -32 -5160
21018 1204 -43 -5151
21045 1198 -44 -5150
21107 1200 -39 -5159
21131 1200 -35 -5152
21188 1204 -40 -5153
21214 1208 -43 -5151
21269 1200 -46 -5154
21297 1196 -38 -5151
21350 1207 -27 -5159
21383 1198 -41 -5160
21418 1199 -38 -5152
21472 1202 -37 -5152
21518 1202 -38 -5149
21542 1215 -34 -5155
21598 1202 -33 -5151
21629 1198 -34 -5158
21682 1196 -43 -5149
21717 1201 -46 -5151
21767 1202 -38 -5154
21789 1194 -29 -5154
21846 1200 -41 -5155
21871 1198 -40 -5149
21925 1199 -41 -5156
21955 1205 -38 -5151
22002 1197 -41 -5153
22053 1199 -39 -5152
22077 1208 -34 -5153
22133 1198 -38 -5153
22163 1200 -38 -5156
22219 1200 -40 -5148
22242 1204 -40 -5155
22288 1206 -39 -5153
22338 1199 -38 -5147
22364 1194 -39 -5157
22420 1198 -34 -5154
22468 1200 -37 -5154
22496 1200 -37 -5149
22553 1201 -40 -5156
22575 1203 -46 -5153
22632 1203 -38 -5152
22654 1198 -42 -5147
22716 1205 -33 -5155
22750 1197 -36 -5148
22798 1199 -28 -5160
22825 1198 -34 -5150
22883 1202 -33 -5151
22909 1200 -39 -5158
22967 1203 -37 -5154
22991 1198 -34 -5153
23042 1200 -32 -5155
23071 1202 -40 -5150
23127 1205 -36 -5145
23153 1202 -32 -5152
23209 1198 -34 -5155
23235 1194 -35 -5153
23290 1196 -32 -5155
23320 1196 -40 -5160
23376 1191 -50 -5152
23421 1200 -37 -5149
23456 1195 -39 -5154
23488 1200 -37 -5152
23543 1208 -35 -5154
23566 1204 -40 -5148
23622 1194 -42 -5152
23652 1196 -33 -5152
23700 1199 -31 -5158
23750 1199 -34 -5150
23788 1200 -37 -5152
23813 1194 -37 -5154
23865 1202 -35 -5159
23897 1194 -37 -5157
23946 1203 -34 -5158
23995 1197 -38 -5156
24020 1195 -36 -5147
24077 1197 -37 -5153
24108 1196 -29 -5150
24164 1201 -40 -5157
24187 1197 -32 -5155
24244 1199 -42 -5152
24267 1193 -33 -5152
24310 1205 -37 -5148
24365 1204 -37 -5156
24409 1200 -41 -5156
24439 1195 -35 -5147
24496 1206 -32 -5153
24523 1202 -41 -5152
24576 1193 -39 -5149
24606 1199 -40 -5149
24660 1201 -34 -5150
24684 1204 -30 -5153
24736 1205 -38 -5150
24766 1195 -33 -5153
24811 1199 -35 -5155
24867 1199 -39 -5149
24890 1200 -39 -5152
24945 1198 -36 -5158
24973 1197 -39 -5155
25031 1193 -39 -5153
25057 1196 -38 -5149
25110 1202 -37 -5148
25147 1195 -38 -5157
25187 1203 -39 -5151
25237 1197 -42 -5155
25265 1199 -33 -5153
25319 1193 -40 -5151
25346 1201 -36 -5154
25400 1194 -37 -5153
25427 1192 -42 -5152
25484 1196 -40 -5146
25514 1201 -41 -5154
25570 1195 -35 -5147
25597 1199 -34 -5152
25657 1200 -32 -5158
25673 1206 -36 -5153
25726 1198 -38 -5150
25760 1197 -28 -5159
25809 1194 -36 -5148
25856 1198 -31 -5150
25881 1198 -42 -5142
25937 1200 -30 -5153
25963 1200 -38 -5155
26023 1203 -39 -5157
26047 1199 -39 -5156
26103 1208 -41 -5146
26131 1200 -40 -5150
26187 1202 -35 -5147
26213 1190 -36 -5149
26272 1195 -36 -5156
26295 1197 -40 -5155
26352 1203 -36 -5156
26402 1202 -44 -5154
26419 1201 -37 -5154
26475 1197 -30 -5146
26505 1192 -38 -5157
26558 1195 -43 -5152
26591 1195 -39 -5154
26631 1195 -29 -5158
26679 1200 -28 -5150
26721 1195 -36 -5150
26749 1198 -37 -5152
26806 1204 -40 -5149
26838 1198 -39 -5151
26878 1195 -38 -5147
26925 1200 -38 -5153
26978 1200 -36 -5154
27000 1198 -48 -5148
27056 1201 -33 -5149
27088 1207 -29 -5143
27122 1200 -37 -5153
27174 1203 -44 -5148
27219 1194 -38 -5154
27247 1200 -34 -5153
27298 1192 -42 -5154
27330 1208 -38 -5152
27378 1196 -33 -5150
27428 1193 -34 -5145
27452 1198 -29 -5147
27509 1201 -35 -5158
27541 1200 -34 -5151
27595 1205 -39 -5148
27623 1196 -38 -5153
27660 1202 -38 -5150
27708 1199 -28 -5151
27759 1205 -33 -5144
27785 1193 -28 -5150
27841 1203 -33 -5152
27876 1201 -38 -5146
27912 1199 -34 -5146
27965 1199 -42 -5151
28010 1200 -43 -5143
28032 1202 -33 -5151
28088 1199 -35 -5151
28134 1197 -43 -5146
28175 1204 -31 -5149
28204 1196 -33 -5150
28248 1197 -43 -5149
28297 1202 -37 -5146
28321 1197 -40 -5152
28377 1202 -36 -5151
28405 1205 -38 -5146
28459 1196 -39 -5146
28487 1198 -37 -5151
28545 1198 -38 -5151
28577 1194 -38 -5156
28610 1193 -37 -5152
28665 1197 -40 -5150
28710 1193 -37 -5152
28737 1199 -36 -5152
28787 1199 -35 -5149
28818 1205 -44 -5149
28870 1200 -39 -5151
28915 1198 -42 -5148
28940 1198 -38 -5154
28998 1202 -37 -5149
29026 1198 -41 -5147
29083 1193 -35 -5143
29107 1200 -31 -5150
29162 1198 -33 -5144
29197 1194 -31 -5151
29237 1204 -36 -5154
29285 1196 -44 -5153
