9 -1419 -2345 -6108
22 -1419 -2348 -6104
23 -1423 -2348 -6103
27 -1421 -2347 -6098
29 -1420 -2340 -6101
31 -1595 -3415 -10354
34 -2074 -5176 -11101
36 -1960 -5467 -12123
39 -2007 -5837 -12393
41 -1971 -5486 -12045
42 -2166 -5818 -12243
46 -2021 -5724 -12480
47 -1999 -5632 -12223
51 -1934 -5588 -12361
53 -2163 -5892 -12569
55 -2090 -5638 -12365
58 -2106 -5837 -12382
60 -1960 -5656 -12231
63 -1975 -5769 -12507
65 -2092 -5720 -12339
66 -2165 -5819 -12595
70 -2061 -5733 -12427
73 -2033 -5737 -12431
75 -1985 -5729 -12402
78 -2073 -5832 -12443
80 -2053 -5774 -12437
83 -2044 -5805 -12485
85 -2025 -5698 -12444
87 -2007 -4785 -9735
88 -1532 -2465 -6588
94 -1455 -2487 -6407
97 -1449 -2483 -7123
100 -1446 -2443 -6316
103 -1435 -2414 -6339
114 -1447 -2388 -6320
123 -1452 -2382 -6228
130 -1436 -2387 -6306
133 -1434 -2362 -6210
136 -1438 -2357 -6188
138 -1430 -2354 -6176
141 -1429 -2352 -6162
198 -1429 -2346 -6150
225 -1423 -2349 -6140
280 -1421 -2347 -6134
306 -1420 -2359 -6120
361 -1419 -2350 -6109
388 -1424 -2348 -6110
443 -1420 -2347 -6112
472 -1420 -2347 -6101
529 -1416 -2342 -6094
556 -1421 -2349 -6086
612 -1417 -2348 -6090
639 -1420 -2339 -6100
694 -1860 -4096 -11323
722 -1902 -5112 -11405
777 -1593 -4272 -10642
805 -1542 -4300 -10705
859 -1703 -4192 -10827
887 -1884 -4278 -10566
944 -1783 -4258 -10775
971 -1568 -4064 -10566
1027 -1589 -4091 -10579
1054 -1832 -4336 -10901
1112 -1832 -4265 -10747
1136 -1717 -4233 -10613
1193 -1572 -4151 -10536
1220 -1604 -4201 -10762
1274 -1832 -4307 -10801
1300 -1855 -4264 -10874
1355 -1728 -4261 -10771
1384 -1645 -4473 -11085
1440 -1721 -4771 -11345
1468 -1848 -4912 -11555
1523 -1880 -4981 -11532
1550 -1781 -4985 -11683
1605 -1769 -5086 -11613
1634 -1701 -3514 -8107
1688 -1435 -2440 -6486
1716 -1429 -2454 -6348
1770 -1426 -2432 -6284
1800 -1427 -2396 -6248
1854 -1426 -2398 -6219
1884 -1420 -2388 -6202
1939 -1427 -2373 -6181
1965 -1428 -2362 -6167
2020 -1423 -2364 -6162
2049 -1417 -2357 -6144
2104 -1420 -2347 -6137
2133 -1420 -2353 -6126
2188 -1421 -2345 -6123
2214 -1423 -2347 -6116
2269 -1416 -2345 -6111
2297 -1424 -2343 -6113
2354 -1421 -2340 -6106
2383 -1417 -2332 -6092
2421 -1415 -2335 -6096
2472 -1411 -2333 -6092
2523 -1416 -2331 -6091
2559 -1421 -2328 -6081
2588 -1413 -2333 -6087
2644 -1419 -2331 -6287
2670 -2127 -4703 -11593
2722 -1832 -4776 -11208
2753 -1736 -4627 -11477
2810 -1808 -4892 -11251
2839 -1880 -4940 -11866
2878 -1943 -4828 -11469
2929 -1937 -4973 -11723
2959 -1796 -4715 -11607
3010 -1854 -4903 -11716
3042 -1980 -4879 -11649
3094 -1930 -4996 -11830
3126 -1868 -4859 -11498
3176 -1791 -4871 -11657
3227 -1856 -4891 -11705
3250 -1974 -4951 -11822
3306 -1974 -4896 -11769
3334 -1908 -4914 -11707
3390 -1823 -4878 -11697
3419 -1854 -4938 -11689
3472 -1928 -4932 -11738
3500 -1913 -4972 -11772
3555 -1883 -4877 -11735
3583 -1873 -4821 -11245
3640 -1664 -2873 -7185
3665 -1449 -2467 -6437
3722 -1436 -2462 -6333
3750 -1424 -2431 -6273
3807 -1425 -2394 -6249
3833 -1420 -2403 -6218
3898 -1418 -2394 -6196
3917 -1415 -2377 -6173
3956 -1422 -2370 -6161
4007 -1420 -2366 -6155
4038 -1413 -2353 -6149
4094 -1418 -2361 -6138
4122 -1418 -2361 -6133
4179 -1414 -2357 -6120
4207 -1416 -2355 -6108
4245 -1413 -2352 -6103
4296 -1414 -2342 -6101
4349 -1419 -2342 -6093
4386 -1409 -2339 -6096
4412 -1413 -2334 -6089
4466 -1413 -2336 -6083
4494 -1415 -2329 -6090
4551 -1408 -2325 -6087
4578 -1407 -2338 -6079
4632 -1407 -2352 -7453
4660 -2215 -5030 -11430
4716 -1899 -5450 -12339
4744 -1824 -5551 -12424
4799 -1964 -5524 -11898
4827 -2102 -5965 -12870
4883 -2081 -5551 -12321
4909 -2078 -5783 -12459
4966 -1921 -5535 -12485
4992 -2061 -5786 -12672
5045 -2170 -5688 -12455
5076 -2097 -5840 -12651
5130 -1972 -5660 -12368
5158 -1915 -5717 -12540
5214 -2069 -5726 -12551
5241 -2184 -5849 -12772
5298 -2120 -5677 -12559
5324 -2080 -5721 -12535
5381 -2019 -5703 -12531
5407 -2095 -5824 -12632
5463 -2113 -5755 -12545
5491 -2045 -5797 -12621
5549 -2004 -5673 -12521
5574 -2069 -5658 -11851
5630 -1737 -2925 -6955
5658 -1468 -2498 -6463
5714 -1448 -2490 -6355
5740 -1433 -2438 -6300
5795 -1431 -2412 -6256
5823 -1423 -2416 -6224
5877 -1427 -2396 -6209
5905 -1425 -2381 -6193
5962 -1425 -2379 -6173
5988 -1432 -2381 -6162
6043 -1420 -2361 -6149
6069 -1416 -2370 -6144
6123 -1410 -2368 -6139
6154 -1417 -2363 -6128
6210 -1418 -2363 -6121
6236 -1413 -2351 -6116
6292 -1417 -2355 -6117
6320 -1416 -2355 -6110
6376 -1411 -2345 -6102
6402 -1414 -2345 -6096
6458 -1417 -2339 -6098
6486 -1417 -2344 -6088
6529 -1409 -2338 -6087
6580 -1415 -2335 -6082
6608 -1432 -2871 -8941
6662 -2134 -5129 -11104
6693 -1823 -4984 -11801
6751 -1753 -5365 -12050
6775 -1877 -5019 -11515
6829 -2066 -5507 -11995
6859 -1979 -5147 -11910
6916 -1916 -5298 -11854
6940 -1842 -5074 -11803
6999 -2003 -5410 -12177
7022 -2034 -5201 -11805
7080 -1961 -5372 -12010
7106 -1855 -5230 -11781
7164 -1860 -5237 -11932
7190 -1994 -5304 -11948
7245 -2064 -5345 -12116
7273 -1985 -5232 -11924
7330 -1930 -5296 -11955
7357 -1902 -5248 -11936
7410 -1974 -5366 -11960
7439 -1971 -5336 -12027
7494 -1915 -5290 -11945
7522 -1918 -5253 -12013
7566 -1940 -4720 -9962
7615 -1537 -2469 -6588
7664 -1433 -2475 -6400
7701 -1432 -2469 -6315
7730 -1420 -2417 -6271
7783 -1428 -2413 -6236
7812 -1419 -2412 -6212
7870 -1419 -2396 -6191
7896 -1424 -2381 -6182
7952 -1416 -2378 -6163
7979 -1411 -2377 -6153
8036 -1416 -2366 -6141
8061 -1412 -2361 -6132
8117 -1417 -2355 -6129
8144 -1414 -2361 -6121
8201 -1415 -2354 -6109
8228 -1412 -2350 -6105
8284 -1414 -2349 -6105
8310 -1412 -2341 -6100
8365 -1419 -2349 -6094
8393 -1405 -2348 -6090
8448 -1406 -2341 -6091
8475 -1408 -2347 -6081
8530 -1418 -2336 -6084
8558 -1411 -2340 -6089
8613 -1615 -3547 -10624
8640 -2050 -5079 -10962
8695 -1926 -5392 -11951
8724 -1872 -5756 -12225
8781 -1939 -5375 -11923
8806 -2163 -5735 -12109
8863 -2089 -5615 -12370
8892 -1968 -5543 -12100
8946 -1922 -5464 -12095
8974 -2100 -5808 -12492
9029 -2121 -5594 -12212
9056 -2060 -5688 -12210
9112 -1923 -5605 -12117
9139 -1924 -5595 -12295
9195 -2087 -5680 -12294
9220 -2184 -5716 -12403
9277 -2071 -5630 -12287
9305 -1980 -5631 -12262
9360 -1960 -5607 -12217
9388 -2073 -5761 -12365
9449 -2116 -5711 -12307
9485 -2039 -5647 -12309
9511 -1997 -5640 -12291
9567 -1960 -4291 -8932
9595 -1485 -2446 -6555
9650 -1453 -2481 -6383
9678 -1437 -2469 -6312
9736 -1433 -2417 -6274
9763 -1426 -2417 -6240
9816 -1426 -2407 -6215
9844 -1421 -2384 -6203
9898 -1425 -2390 -6181
9927 -1417 -2387 -6174
9983 -1419 -2375 -6156
10010 -1418 -2372 -6143
10066 -1418 -2365 -6134
10094 -1414 -2359 -6138
10149 -1416 -2353 -6122
10177 -1418 -2350 -6121
10231 -1410 -2350 -6112
10259 -1411 -2348 -6109
10312 -1421 -2348 -6106
10344 -1410 -2351 -6098
10397 -1417 -2344 -6097
10425 -1406 -2341 -6094
10479 -1408 -2342 -6088
10507 -1414 -2341 -6089
10563 -1415 -2334 -6097
10589 -1991 -4533 -11624
10644 -1962 -5365 -11718
10674 -1894 -5422 -12160
10727 -1939 -5910 -12272
10757 -1978 -5711 -12677
10813 -2125 -5756 -12286
10841 -2124 -5911 -12634
10896 -1941 -5654 -12526
10922 -1981 -5742 -12494
10977 -2137 -5876 -12617
11005 -2101 -5900 -12714
11060 -2057 -5800 -12408
11088 -1927 -5789 -12509
11143 -1969 -5823 -12590
11172 -2126 -5863 -12687
11227 -2160 -5876 -12727
11255 -2083 -5838 -12595
11307 -1989 -5810 -12590
11338 -1982 -5834 -12531
11395 -2069 -5900 -12701
11421 -2084 -5897 -12619
11477 -2069 -5822 -12605
11503 -2007 -5850 -12696
11558 -1992 -4739 -9660
11586 -1520 -2473 -6594
11642 -1439 -2492 -6410
11668 -1440 -2478 -6336
11721 -1434 -2428 -6284
11752 -1423 -2417 -6255
11806 -1427 -2418 -6222
11834 -1417 -2401 -6209
11890 -1424 -2391 -6185
11918 -1421 -2383 -6179
11975 -1421 -2379 -6163
12001 -1418 -2378 -6154
12057 -1419 -2371 -6144
12082 -1410 -2363 -6145
12138 -1423 -2363 -6125
12165 -1413 -2363 -6128
12223 -1417 -2360 -6127
12251 -1409 -2350 -6111
12307 -1412 -2355 -6105
12333 -1415 -2345 -6103
12392 -1413 -2349 -6099
12426 -1408 -2346 -6094
12456 -1410 -2344 -6094
12513 -1420 -2339 -6096
12541 -1409 -2333 -6098
12600 -1892 -4228 -11342
12622 -1946 -5259 -11483
12679 -1824 -4973 -11695
12706 -1919 -5435 -11724
12764 -1979 -5245 -12157
12788 -2060 -5197 -11582
12843 -2002 -5334 -12059
12872 -1892 -5141 -11843
12927 -1945 -5157 -11928
12955 -2137 -5411 -12073
13009 -2031 -5257 -11956
13037 -1952 -5322 -11920
13093 -1860 -5198 -11806
13119 -1939 -5297 -12042
13175 -2083 -5367 -12071
13205 -2097 -5277 -12092
13261 -1981 -5271 -11946
13287 -1937 -5260 -11957
13343 -1963 -5328 -12001
13370 -2041 -5333 -12037
13426 -2033 -5345 -11956
13453 -1946 -5242 -12023
13510 -1984 -5301 -11966
13536 -1857 -3550 -7948
13591 -1443 -2503 -6495
13617 -1445 -2468 -6360
13673 -1432 -2452 -6297
13700 -1432 -2410 -6259
13755 -1420 -2415 -6223
13784 -1420 -2404 -6211
13842 -1422 -2392 -6188
13866 -1413 -2381 -6176
13921 -1415 -2384 -6171
13948 -1418 -2373 -6154
14005 -1409 -2374 -6138
14033 -1416 -2366 -6132
14089 -1411 -2367 -6128
14114 -1418 -2355 -6125
14171 -1415 -2364 -6118
14199 -1414 -2357 -6109
14259 -1418 -2354 -6103
14294 -1413 -2355 -6090
14323 -1411 -2346 -6106
14380 -1409 -2344 -6095
14405 -1406 -2344 -6092
14464 -1409 -2341 -6089
14488 -1412 -2334 -6088
14546 -1404 -2329 -6326
14572 -2186 -4773 -11470
14628 -1959 -5297 -11758
14653 -1884 -5358 -12008
14709 -1965 -5622 -11766
14738 -2076 -5777 -12628
14795 -2162 -5524 -11961
14821 -2193 -5771 -12291
14876 -1967 -5508 -12230
14904 -2076 -5645 -12282
14960 -2249 -5698 -12261
14987 -2191 -5758 -12402
15043 -2081 -5645 -12139
15070 -2011 -5624 -12205
15126 -2090 -5651 -12306
15153 -2249 -5776 -12436
15210 -2223 -5669 -12354
15236 -2149 -5684 -12308
15291 -2041 -5629 -12244
15318 -2115 -5730 -12313
15374 -2197 -5766 -12367
15404 -2157 -5703 -12315
15459 -2110 -5672 -12328
15484 -2124 -5559 -11696
15540 -1829 -3101 -7193
15568 -1459 -2503 -6468
15624 -1446 -2483 -6347
15651 -1428 -2448 -6299
15708 -1438 -2410 -6252
15733 -1424 -2414 -6235
15789 -1420 -2403 -6216
15817 -1423 -2389 -6193
15856 -1421 -2384 -6178
15907 -1418 -2381 -6171
15939 -1413 -2372 -6154
15990 -1420 -2373 -6152
16039 -1418 -2369 -6133
16064 -1412 -2358 -6127
16121 -1417 -2365 -6127
16146 -1426 -2359 -6118
16205 -1414 -2343 -6109
16230 -1420 -2348 -6107
16288 -1413 -2351 -6108
16312 -1409 -2345 -6101
16369 -1408 -2344 -6101
16395 -1416 -2345 -6089
16450 -1415 -2342 -6090
16477 -1414 -2335 -6089
16533 -1414 -2622 -8147
16560 -2220 -5217 -11427
16617 -1946 -5664 -12596
16644 -1858 -5815 -12688
16699 -1980 -5661 -12121
16729 -2184 -6173 -12943
16767 -2114 -5739 -12646
16818 -2129 -5939 -12613
16853 -1979 -5704 -12596
16908 -2141 -6015 -12932
16934 -2217 -5787 -12555
16988 -2190 -6005 -12790
17015 -2037 -5789 -12472
17070 -1979 -5762 -12602
17100 -2100 -5672 -12418
17157 -2180 -5630 -12530
17185 -2107 -5477 -12308
17224 -2043 -5564 -12319
17273 -1986 -5481 -12297
17325 -2050 -5559 -12279
17350 -2116 -5558 -12330
17405 -2092 -5563 -12343
17432 -2055 -5460 -12294
17488 -2054 -4976 -10542
17514 -1649 -2628 -6646
17568 -1461 -2488 -6433
17596 -1438 -2479 -6340
17652 -1435 -2432 -6290
17681 -1431 -2414 -6248
17736 -1424 -2417 -6219
17764 -1423 -2399 -6210
17820 -1426 -2387 -6187
17848 -1421 -2376 -6174
17903 -1418 -2373 -6162
17928 -1414 -2378 -6159
17986 -1419 -2369 -6147
18014 -1419 -2365 -6132
18069 -1416 -2360 -6131
18096 -1417 -2360 -6126
18152 -1415 -2359 -6118
18179 -1410 -2355 -6110
18236 -1408 -2341 -6107
18261 -1415 -2348 -6107
18322 -1414 -2344 -6095
18357 -1408 -2347 -6096
18383 -1409 -2346 -6091
18440 -1414 -2345 -6090
18469 -1412 -2342 -6086
18524 -1574 -3174 -9720
18550 -2176 -5206 -11106
18607 -2059 -5568 -12241
18635 -1979 -5803 -12256
18690 -2063 -5504 -11986
18717 -2237 -5901 -12268
18775 -2187 -5737 -12466
18799 -2095 -5691 -12222
18853 -2027 -5585 -12244
18883 -2191 -5912 -12586
18939 -2239 -5726 -12341
18966 -2175 -5831 -12363
19025 -2072 -5730 -12234
19047 -2035 -5716 -12360
19106 -2201 -5771 -12358
19131 -2288 -5797 -12471
19186 -2218 -5681 -12292
19215 -2139 -5713 -12278
19272 -2109 -5660 -12249
19298 -2207 -5765 -12308
19354 -2236 -5745 -12284
19380 -2194 -5748 -12319
19436 -2164 -5652 -12279
19463 -2074 -4511 -9401
19518 -1570 -2451 -6557
19549 -1463 -2488 -6406
19605 -1440 -2479 -6319
19631 -1433 -2425 -6286
19688 -1426 -2427 -6247
19713 -1422 -2426 -6222
19768 -1419 -2398 -6205
19795 -1430 -2387 -6192
19852 -1425 -2388 -6180
19878 -1419 -2378 -6168
19936 -1422 -2380 -6154
19961 -1415 -2373 -6145
20016 -1414 -2362 -6138
20043 -1416 -2364 -6127
20100 -1414 -2360 -6127
20128 -1409 -2362 -6115
20185 -1412 -2360 -6111
20209 -1416 -2346 -6105
20264 -1416 -2345 -6100
20293 -1411 -2352 -6101
20349 -1411 -2352 -6100
20375 -1411 -2343 -6090
20431 -1413 -2338 -6087
20459 -1409 -2336 -6090
20515 -1818 -3891 -10762
20542 -2025 -5313 -11334
20598 -1971 -5540 -12126
20624 -1939 -5777 -12093
20680 -2020 -5687 -12400
20707 -2157 -5711 -12059
20765 -2148 -5917 -12578
20791 -2021 -5630 -12230
20847 -2005 -5662 -12362
20873 -2191 -5925 -12478
20928 -2140 -5758 -12403
20957 -2118 -5864 -12382
21013 -2009 -5724 -12208
21039 -2027 -5782 -12467
21098 -2146 -5830 -12393
21121 -2199 -5753 -12465
21177 -2124 -5805 -12369
21206 -2077 -5676 -12247
21262 -2041 -5759 -12337
21287 -2120 -5773 -12279
21343 -2116 -5765 -12363
21370 -2122 -5761 -12320
21428 -2092 -5695 -12336
21456 -2107 -5782 -12411
21511 -2082 -5015 -10284
21536 -1645 -2631 -6610
21593 -1459 -2495 -6431
21619 -1443 -2484 -6337
21675 -1438 -2434 -6294
21703 -1429 -2424 -6251
21761 -1425 -2431 -6228
21786 -1420 -2395 -6211
21841 -1423 -2392 -6193
21870 -1414 -2389 -6176
21926 -1417 -2377 -6166
21954 -1421 -2382 -6159
22010 -1416 -2368 -6149
22037 -1418 -2365 -6137
22092 -1415 -2360 -6136
22118 -1416 -2357 -6129
22175 -1414 -2355 -6117
22200 -1415 -2353 -6111
22259 -1412 -2348 -6106
22281 -1410 -2350 -6101
22337 -1414 -2347 -6105
22367 -1405 -2350 -6107
22424 -1407 -2348 -6093
22448 -1409 -2340 -6093
22504 -1417 -2341 -6095
22531 -1581 -3327 -10059
22587 -2147 -5309 -11282
22616 -1980 -5612 -12415
22672 -1859 -5935 -12459
22698 -1917 -5569 -12171
22755 -2144 -6047 -12519
22781 -2063 -5874 -12658
22837 -1935 -5797 -12443
22864 -1814 -5686 -12413
22918 -1997 -6014 -12797
22946 -2045 -5869 -12583
23004 -2036 -5988 -12619
23028 -1855 -5810 -12398
23085 -1827 -5834 -12530
23113 -2007 -5902 -12620
23168 -2106 -5960 -12752
23196 -2057 -5817 -12529
23251 -1933 -5836 -12503
23278 -1876 -5772 -12460
23334 -1976 -5897 -12567
23362 -2027 -5889 -12549
23419 -1973 -5832 -12522
23443 -1919 -5796 -12509
23502 -1863 -4538 -9492
23528 -1503 -2462 -6581
23583 -1434 -2494 -6409
23610 -1431 -2479 -6333
23670 -1424 -2430 -6277
23692 -1414 -2422 -6242
23749 -1416 -2426 -6221
23777 -1423 -2396 -6208
23836 -1423 -2380 -6190
23872 -1415 -2386 -6171
23902 -1413 -2378 -6166
23958 -1409 -2373 -6158
23982 -1417 -2369 -6147
24038 -1413 -2363 -6142
24066 -1414 -2368 -6127
24123 -1409 -2370 -6122
24150 -1407 -2352 -6118
24206 -1406 -2350 -6116
24232 -1406 -2351 -6112
24288 -1412 -2358 -6104
24315 -1412 -2350 -6099
24370 -1409 -2343 -6093
24397 -1406 -2345 -6093
24456 -1402 -2338 -6095
24481 -1410 -2326 -6100
24537 -1857 -4047 -11055
24565 -2079 -5381 -11494
24620 -2021 -5540 -12255
24648 -2015 -5950 -12325
24704 -2048 -5644 -12490
24730 -2208 -5839 -12296
24785 -2218 -5923 -12640
24814 -2081 -5690 -12496
24871 -2071 -5751 -12468
24898 -2222 -5897 -12619
24953 -2181 -5900 -12636
24978 -2148 -5857 -12443
25033 -2048 -5819 -12467
25062 -2064 -5829 -12553
25118 -2205 -5868 -12593
25145 -2233 -5875 -12650
25202 -2179 -5790 -12495
25229 -2101 -5773 -12456
25285 -2078 -5820 -12432
25311 -2142 -5849 -12552
25367 -2155 -5851 -12477
25394 -2141 -5751 -12461
25451 -2133 -5859 -12435
25480 -1944 -3884 -8330
25534 -1472 -2473 -6537
25561 -1446 -2489 -6385
25615 -1427 -2465 -6325
25643 -1431 -2422 -6275
25697 -1426 -2424 -6242
25724 -1421 -2415 -6221
25781 -1413 -2390 -6210
25809 -1419 -2390 -6188
25864 -1411 -2391 -6173
25890 -1422 -2379 -6162
25947 -1417 -2380 -6158
25973 -1414 -2377 -6154
26030 -1412 -2370 -6137
26056 -1410 -2361 -6135
26113 -1417 -2366 -6126
26139 -1409 -2361 -6129
26192 -1415 -2354 -6115
26222 -1416 -2353 -6111
26280 -1414 -2347 -6104
26304 -1411 -2350 -6104
26361 -1415 -2345 -6101
26388 -1418 -2355 -6095
26442 -1409 -2340 -6094
26472 -1413 -2335 -6404
26527 -2140 -4655 -11475
26554 -1987 -5406 -11924
26610 -1912 -5526 -12350
26638 -2026 -5727 -12019
26699 -2108 -5941 -12874
26734 -2174 -5621 -12207
26762 -2200 -5902 -12533
26820 -2025 -5634 -12489
26846 -2107 -5801 -12593
26903 -2281 -5795 -12481
26929 -2212 -5901 -12626
26968 -2129 -5780 -12404
27017 -2029 -5761 -12452
27067 -2148 -5780 -12552
27093 -2312 -5862 -12591
27147 -2267 -5755 -12579
27177 -2202 -5751 -12392
27233 -2145 -5702 -12464
27259 -2195 -5782 -12392
27317 -2253 -5794 -12487
27344 -2225 -5780 -12431
27397 -2208 -5692 -12444
27424 -2233 -5588 -11758
27479 -1929 -3242 -7410
27509 -1461 -2499 -6475
27565 -1446 -2488 -6367
27591 -1437 -2446 -6315
27646 -1425 -2423 -6267
27675 -1428 -2422 -6235
27733 -1428 -2406 -6215
27759 -1421 -2385 -6199
27814 -1422 -2383 -6182
27840 -1415 -2378 -6171
27895 -1418 -2382 -6169
27924 -1419 -2376 -6151
27976 -1410 -2370 -6143
28005 -1412 -2362 -6132
28062 -1408 -2359 -6124
28088 -1418 -2362 -6127
28145 -1411 -2355 -6118
28172 -1415 -2352 -6109
28227 -1412 -2347 -6107
28254 -1424 -2352 -6103
28310 -1410 -2344 -6102
28337 -1406 -2348 -6092
28393 -1412 -2337 -6090
28421 -1415 -2341 -6096
28475 -1418 -2467 -7518
28505 -2237 -5022 -11377
28561 -1990 -5550 -12254
28586 -1893 -5612 -12367
28639 -2007 -5604 -11901
28669 -2195 -6007 -12686
28725 -2187 -5597 -12310
28750 -2208 -5842 -12358
28805 -2026 -5543 -12313
28835 -2155 -5855 -12571
28890 -2285 -5762 -12451
28918 -2232 -5787 -12392
28975 -2100 -5815 -12412
29001 -2022 -5650 -12276
29055 -2128 -5682 -12399
29083 -2256 -5750 -12468
29136 -2220 -5616 -12336
29168 -2139 -5654 -12290
29222 -2040 -5578 -12215
29250 -2131 -5701 -12305
29307 -2188 -5670 -12258
