7 -1473 -2302 -6003
12 -1463 -2305 -6009
15 -1466 -2301 -6008
16 -1469 -2312 -6002
19 -1465 -2304 -5998
20 -1469 -2304 -5998
23 -1468 -2299 -6000
24 -1467 -2296 -5999
27 -1466 -2300 -6001
28 -1470 -2298 -6005
31 -1468 -2302 -6000
32 -1461 -2301 -6002
35 -1461 -2297 -6006
36 -1461 -2296 -5996
39 -1467 -2301 -5997
40 -1461 -2301 -5999
43 -1465 -2299 -6000
44 -1456 -2302 -5994
47 -1464 -2302 -6000
48 -1467 -2293 -5997
51 -1461 -2295 -6002
52 -1463 -2301 -5995
55 -1464 -2297 -5997
58 -1459 -2296 -6000
61 -1459 -2288 -5993
64 -1466 -2299 -5994
65 -1466 -2292 -5995
68 -1461 -2295 -5995
69 -1465 -2300 -5999
72 -1459 -2299 -5994
73 -1471 -2293 -5995
76 -1460 -2297 -5994
77 -1462 -2299 -5999
80 -1462 -2299 -5995
81 -1458 -2301 -5997
84 -1459 -2298 -5989
85 -1464 -2299 -5997
88 -1457 -2301 -6000
89 -1460 -2294 -5992
124 -1471 -2291 -5996
173 -1466 -2295 -5993
208 -1459 -2303 -5990
237 -1466 -2298 -5993
296 -1462 -2294 -5994
319 -1460 -2297 -5996
374 -1464 -2297 -5994
403 -1465 -2297 -5988
452 -1462 -2295 -5993
486 -1462 -2295 -5990
537 -1464 -2293 -5995
588 -1464 -2299 -5993
612 -1462 -2290 -5992
669 -1459 -2297 -5999
694 -1458 -2299 -5993
749 -1459 -2291 -5998
776 -1469 -2292 -5988
831 -1456 -2299 -5988
860 -1460 -2292 -5992
909 -1460 -2290 -5988
958 -1458 -2297 -5988
983 -1463 -2305 -5990
1040 -1466 -2293 -5987
1067 -1460 -2294 -5987
1124 -1450 -2305 -5988
1149 -1459 -2297 -5990
1206 -1461 -2299 -5982
1233 -1455 -2297 -5996
1288 -1458 -2297 -5995
1315 -1460 -2293 -5995
1370 -1453 -2295 -5997
1399 -1462 -2295 -5997
1446 -1466 -2299 -5988
1481 -1464 -2294 -5991
1530 -1458 -2293 -5984
1581 -1458 -2295 -5992
1606 -1462 -2299 -5985
1663 -1456 -2291 -5993
1688 -1460 -2296 -5994
1743 -1463 -2289 -5988
1772 -1458 -2297 -5992
1827 -1458 -2293 -5989
1854 -1460 -2296 -5990
1910 -1463 -2292 -5982
1936 -1454 -2296 -5990
1990 -1460 -2295 -5985
2019 -1467 -2290 -5982
2074 -1464 -2294 -5978
2105 -1456 -2295 -5986
2161 -1463 -2291 -5985
2197 -1465 -2296 -5993
2246 -1454 -2287 -5982
2281 -1463 -2294 -5991
2309 -1455 -2298 -5988
2364 -1461 -2295 -5989
2393 -1466 -2299 -5985
2452 -1457 -2294 -5987
2477 -1461 -2290 -5990
2536 -1456 -2301 -5985
2559 -1458 -2301 -5988
2617 -1455 -2290 -5987
2642 -1463 -2293 -5981
2697 -1457 -2293 -5987
2724 -1460 -2290 -5989
2777 -1461 -2297 -5997
2806 -1461 -2297 -5987
2855 -1461 -2290 -5989
2906 -1461 -2288 -5991
2931 -1461 -2300 -5990
2986 -1461 -2293 -5996
3015 -1452 -2295 -5983
3072 -1467 -2296 -5990
3099 -1465 -2303 -5987
3156 -1464 -2292 -5988
3183 -1456 -2289 -5985
3240 -1453 -2297 -5988
3263 -1462 -2288 -5989
3318 -1455 -2293 -5988
3347 -1464 -2296 -5988
3405 -1467 -2297 -5984
3432 -1455 -2302 -5986
3471 -1466 -2299 -5990
3522 -1460 -2302 -5987
3553 -1460 -2291 -5986
3604 -1456 -2294 -5988
3653 -1466 -2294 -5988
3676 -1458 -2295 -5982
3731 -1459 -2288 -5981
3760 -1461 -2284 -5990
3815 -1455 -2290 -5993
3842 -1455 -2293 -5983
3899 -1463 -2290 -5990
3928 -1460 -2287 -5986
3983 -1459 -2282 -5991
4010 -1467 -2287 -5985
4065 -1460 -2290 -5993
4090 -1462 -2289 -5989
4145 -1461 -2288 -5986
4174 -1460 -2283 -5992
4223 -1464 -2292 -5992
4272 -1462 -2286 -5994
4299 -1469 -2280 -5989
4354 -1455 -2286 -5990
4383 -1459 -2293 -5990
4440 -1457 -2277 -5992
4467 -1452 -2284 -5987
4526 -1456 -2287 -5991
4548 -1461 -2288 -5989
4603 -1463 -2288 -5988
4630 -1462 -2290 -5992
4680 -1468 -2294 -5992
4731 -1464 -2287 -5990
4755 -1460 -2296 -5983
4811 -1460 -2284 -5995
4838 -1459 -2283 -5989
4895 -1459 -2287 -5986
4922 -1459 -2284 -5989
4980 -1466 -2285 -5988
5003 -1464 -2282 -5989
5064 -1458 -2283 -5983
5103 -1462 -2293 -5989
5128 -1466 -2281 -5991
5171 -1463 -2291 -5991
5220 -1465 -2289 -5989
5271 -1455 -2288 -5990
5296 -1461 -2287 -5986
5353 -1455 -2290 -5991
5376 -1463 -2285 -5984
5435 -1462 -2289 -5992
5460 -1462 -2288 -5988
5515 -1456 -2290 -5986
5542 -1465 -2286 -5983
5599 -1466 -2290 -5992
5626 -1465 -2287 -5991
5679 -1461 -2297 -5990
5710 -1466 -2276 -5999
5761 -1464 -2288 -5989
5808 -1462 -2284 -5994
5833 -1463 -2285 -5995
5890 -1459 -2285 -5995
5917 -1464 -2288 -5994
5972 -1461 -2282 -5988
5999 -1462 -2282 -5997
6056 -1461 -2285 -6001
6083 -1459 -2283 -5995
6138 -1462 -2284 -5991
6165 -1458 -2282 -5996
6220 -1458 -2280 -5993
6247 -1456 -2288 -5997
6304 -1466 -2280 -5995
6331 -1458 -2279 -5994
6390 -1469 -2282 -5994
6429 -1457 -2281 -5987
6454 -1462 -2283 -5993
6511 -1457 -2291 -5993
6538 -1453 -2283 -5991
6597 -1453 -2285 -5996
6620 -1460 -2281 -5996
6675 -1461 -2291 -5991
6702 -1457 -2281 -5995
6757 -1457 -2284 -5990
6786 -1462 -2281 -5996
6835 -1457 -2282 -5994
6884 -1466 -2286 -5996
6911 -1463 -2282 -5995
6966 -1459 -2279 -5991
6995 -1464 -2286 -5992
7052 -1461 -2282 -5992
7087 -1465 -2274 -6002
7136 -1461 -2286 -5992
7171 -1468 -2286 -5995
7202 -1462 -2278 -5995
7257 -1454 -2281 -5994
7283 -1461 -2279 -5996
7340 -1464 -2283 -5992
7366 -1455 -2281 -5995
7422 -1464 -2285 -5996
7451 -1460 -2283 -5999
7504 -1456 -2284 -5988
7535 -1458 -2287 -5999
7592 -1455 -2276 -5993
7617 -1455 -2280 -5993
7676 -1464 -2299 -6074
7717 -1471 -2290 -6024
7740 -1464 -2292 -6023
7797 -1472 -2294 -6037
7824 -1463 -2281 -6017
7881 -1463 -2296 -6029
7904 -1466 -2290 -6027
7961 -1461 -2297 -6028
7988 -1471 -2298 -6024
8041 -1460 -2295 -6039
8072 -1469 -2294 -6026
8127 -1457 -2289 -6025
8156 -1473 -2306 -6047
8211 -1462 -2285 -6028
8240 -1464 -2296 -6039
8297 -1459 -2284 -6019
8318 -1475 -2290 -6033
8373 -1467 -2288 -6029
8402 -1472 -2293 -6035
8453 -1466 -2295 -6028
8502 -1468 -2294 -6037
8527 -1465 -2287 -6018
8584 -1464 -2293 -6036
8611 -1468 -2299 -6019
8666 -1461 -2294 -6030
8693 -1464 -2299 -6031
8748 -1465 -2290 -6018
8775 -1473 -2286 -6026
8828 -1470 -2287 -6029
8857 -1470 -2302 -6035
8910 -1463 -2290 -6019
8958 -1476 -2309 -6073
8983 -1466 -2276 -6005
9042 -1462 -2308 -6069
9065 -1463 -2286 -6016
9122 -1463 -2290 -6032
9149 -1467 -2291 -6019
9206 -1466 -2286 -6023
9231 -1472 -2297 -6028
9289 -1461 -2290 -6020
9314 -1458 -2299 -6024
9369 -1468 -2289 -6021
9398 -1468 -2294 -6033
9455 -1467 -2298 -6016
9482 -1468 -2291 -6029
9535 -1465 -2301 -6020
9562 -1460 -2291 -6016
9619 -1473 -2326 -6121
9644 -1491 -2334 -6106
9699 -1491 -2344 -6139
9729 -1496 -2320 -6095
9782 -1505 -2356 -6131
9811 -1494 -2332 -6105
9866 -1491 -2325 -6095
9895 -1499 -2340 -6126
9948 -1484 -2322 -6100
9978 -1506 -2349 -6128
10033 -1495 -2326 -6102
10059 -1488 -2333 -6113
10115 -1492 -2325 -6108
10144 -1491 -2322 -6099
10201 -1497 -2335 -6129
10230 -1500 -2326 -6101
10271 -1486 -2332 -6118
10324 -1494 -2325 -6092
10351 -1496 -2325 -6104
10408 -1506 -2351 -6127
10436 -1493 -2323 -6097
10493 -1504 -2344 -6104
10516 -1490 -2311 -6089
10573 -1496 -2335 -6109
10600 -1498 -2332 -6102
10655 -1499 -2338 -6111
10682 -1495 -2322 -6094
10737 -1488 -2323 -6107
10764 -1496 -2336 -6101
10819 -1502 -2336 -6119
10848 -1499 -2322 -6102
10905 -1484 -2331 -6114
10930 -1500 -2331 -6103
10985 -1487 -2324 -6090
11014 -1503 -2338 -6126
11071 -1493 -2325 -6076
11096 -1493 -2337 -6132
11153 -1504 -2317 -6089
11180 -1488 -2333 -6094
11233 -1498 -2324 -6118
11262 -1489 -2323 -6093
11317 -1498 -2336 -6111
11346 -1497 -2322 -6100
11401 -1497 -2338 -6102
11429 -1492 -2330 -6103
11482 -1492 -2315 -6083
11513 -1499 -2337 -6130
11568 -1499 -2324 -6108
11595 -1538 -2382 -6205
11650 -1522 -2342 -6152
11679 -1507 -2366 -6179
11734 -1537 -2381 -6217
11761 -1528 -2351 -6174
11816 -1524 -2391 -6195
11841 -1519 -2348 -6180
11896 -1521 -2383 -6186
11925 -1519 -2369 -6199
11980 -1526 -2381 -6199
12009 -1518 -2364 -6176
12066 -1522 -2381 -6192
12089 -1515 -2378 -6182
12146 -1531 -2373 -6186
12173 -1522 -2378 -6187
12234 -1518 -2369 -6199
12257 -1527 -2381 -6187
12317 -1517 -2374 -6185
12340 -1522 -2376 -6204
12399 -1511 -2370 -6176
12422 -1525 -2380 -6204
12477 -1518 -2375 -6182
12506 -1514 -2379 -6193
12561 -1525 -2362 -6192
12589 -1516 -2376 -6177
12644 -1519 -2368 -6198
12670 -1535 -2375 -6196
12725 -1521 -2377 -6189
12755 -1520 -2369 -6185
12806 -1521 -2375 -6183
12857 -1529 -2383 -6206
12894 -1522 -2370 -6184
12921 -1517 -2370 -6182
12982 -1520 -2377 -6205
13019 -1519 -2371 -6172
13044 -1524 -2374 -6210
13099 -1520 -2358 -6171
13130 -1514 -2369 -6192
13185 -1521 -2371 -6188
13214 -1529 -2368 -6190
13255 -1528 -2380 -6196
13302 -1515 -2358 -6179
13351 -1524 -2371 -6184
13378 -1524 -2367 -6191
13433 -1529 -2371 -6187
13460 -1526 -2372 -6207
13513 -1523 -2367 -6171
13542 -1551 -2474 -6422
13599 -1613 -2497 -6390
13626 -1596 -2501 -6410
13681 -1603 -2510 -6458
13710 -1605 -2472 -6350
13765 -1603 -2526 -6473
13792 -1596 -2475 -6402
13847 -1600 -2507 -6447
13874 -1603 -2501 -6458
13931 -1609 -2527 -6459
13956 -1594 -2502 -6442
14013 -1606 -2512 -6457
14040 -1606 -2505 -6456
14095 -1614 -2518 -6461
14122 -1605 -2511 -6459
14177 -1615 -2512 -6456
14204 -1604 -2516 -6434
14259 -1617 -2517 -6463
14288 -1606 -2517 -6436
14347 -1613 -2515 -6459
14372 -1614 -2523 -6446
14429 -1616 -2514 -6449
14454 -1622 -2519 -6480
14507 -1612 -2509 -6443
14536 -1623 -2514 -6468
14591 -1605 -2515 -6438
14618 -1613 -2514 -6459
14671 -1616 -2509 -6435
14720 -1604 -2513 -6439
14757 -1612 -2519 -6457
14786 -1604 -2511 -6431
14841 -1607 -2527 -6449
14868 -1605 -2506 -6452
14925 -1604 -2511 -6438
14950 -1613 -2516 -6444
15007 -1602 -2513 -6436
15034 -1603 -2508 -6449
15087 -1609 -2515 -6442
15117 -1596 -2512 -6442
15159 -1611 -2515 -6431
15211 -1599 -2501 -6443
15262 -1603 -2504 -6437
15283 -1603 -2509 -6436
15340 -1603 -2519 -6453
15367 -1608 -2502 -6443
15424 -1606 -2518 -6446
15449 -1596 -2509 -6434
15510 -1597 -2554 -6660
15531 -1687 -2708 -6800
15590 -1693 -2723 -6823
15615 -1697 -2722 -6810
15674 -1710 -2755 -6837
15697 -1724 -2757 -6844
15754 -1718 -2754 -6820
15781 -1720 -2756 -6837
15838 -1707 -2753 -6847
15863 -1712 -2759 -6830
15918 -1718 -2765 -6852
15947 -1709 -2751 -6836
15996 -1716 -2755 -6836
16045 -1721 -2760 -6838
16070 -1715 -2750 -6851
16125 -1724 -2755 -6840
16154 -1723 -2765 -6848
16203 -1712 -2750 -6827
16252 -1713 -2768 -6847
16277 -1698 -2763 -6843
16332 -1713 -2767 -6852
16361 -1698 -2765 -6839
16416 -1703 -2757 -6857
16443 -1696 -2755 -6843
16498 -1707 -2770 -6843
16525 -1710 -2760 -6842
16582 -1704 -2759 -6835
16609 -1695 -2760 -6837
16664 -1702 -2775 -6848
16693 -1697 -2775 -6847
16746 -1700 -2771 -6836
16775 -1705 -2772 -6855
16830 -1700 -2763 -6826
16859 -1709 -2769 -6855
16908 -1716 -2764 -6841
16957 -1718 -2772 -6845
16982 -1707 -2764 -6841
17037 -1708 -2770 -6834
17064 -1712 -2769 -6838
17119 -1717 -2775 -6843
17148 -1718 -2766 -6840
17203 -1717 -2768 -6835
17230 -1718 -2765 -6834
17285 -1723 -2770 -6849
17314 -1728 -2764 -6843
17367 -1719 -2761 -6839
17396 -1720 -2761 -6826
17451 -1728 -2767 -6844
17478 -1623 -2361 -6116
17533 -1493 -2361 -6091
17562 -1478 -2344 -6072
17619 -1519 -2582 -6534
17644 -2002 -3165 -6465
17699 -1876 -2950 -6817
17728 -1847 -2961 -6983
17786 -1849 -2928 -6508
17810 -1763 -2926 -6806
17868 -1692 -2684 -6374
17893 -1695 -2571 -6153
17948 -1509 -2368 -6089
17977 -1499 -2358 -6106
18026 -1495 -2344 -6073
18078 -1486 -2320 -6061
18103 -1479 -2314 -6045
18160 -1472 -2331 -6036
18185 -1476 -2326 -6027
18244 -1473 -2323 -6025
18269 -1465 -2324 -6024
18324 -1470 -2322 -6026
18351 -1466 -2323 -6014
18406 -1466 -2313 -6023
18433 -1469 -2319 -6020
18488 -1468 -2319 -6019
18515 -1463 -2318 -6014
18570 -1473 -2313 -6013
18601 -1466 -2310 -6008
18650 -1468 -2314 -6005
18699 -1463 -2315 -6008
18724 -1460 -2307 -6007
18781 -1465 -2315 -6010
18806 -1468 -2310 -6003
18865 -1468 -2309 -6003
18888 -1458 -2315 -6013
18943 -1469 -2301 -6007
18972 -1467 -2316 -6007
19029 -1458 -2304 -6004
19054 -1466 -2312 -6004
19107 -1466 -2303 -6006
19136 -1465 -2309 -6004
19191 -1463 -2302 -6011
19220 -1466 -2304 -6002
19271 -1460 -2302 -6013
19302 -1469 -2304 -6006
19353 -1464 -2304 -6008
19402 -1465 -2310 -6003
19427 -1465 -2310 -6003
19484 -1459 -2311 -6003
19511 -1463 -2307 -5996
19564 -1462 -2307 -5996
19593 -1466 -2301 -6000
19648 -1467 -2306 -6000
19677 -1463 -2305 -6000
19732 -1468 -2309 -6000
19759 -1461 -2300 -6001
19814 -1461 -2309 -6002
19841 -1455 -2308 -5997
19894 -1458 -2305 -6000
19943 -1468 -2308 -5999
19980 -1463 -2299 -5997
20009 -1463 -2303 -6000
20064 -1460 -2306 -5996
20091 -1462 -2302 -5996
20148 -1462 -2308 -6003
20173 -1457 -2300 -6003
20228 -1466 -2301 -5996
20258 -1460 -2300 -6005
20313 -1452 -2299 -6002
20340 -1461 -2303 -5997
20395 -1468 -2306 -6000
20422 -1468 -2304 -5994
20477 -1459 -2310 -6000
20505 -1459 -2302 -5996
20559 -1454 -2302 -5994
20588 -1464 -2305 -5994
20646 -1462 -2306 -5996
20671 -1465 -2299 -6002
20730 -1454 -2298 -6002
20755 -1455 -2305 -6000
20814 -1460 -2302 -5995
20837 -1455 -2308 -6001
20894 -1461 -2299 -5999
20923 -1454 -2296 -5992
20980 -1461 -2300 -5993
21017 -1464 -2300 -5993
21048 -1455 -2292 -5994
21104 -1466 -2302 -5992
21139 -1455 -2296 -5997
21170 -1459 -2303 -5996
21219 -1459 -2299 -5991
21270 -1459 -2301 -5999
21293 -1454 -2304 -5994
21350 -1463 -2302 -5997
21375 -1459 -2301 -5993
21430 -1459 -2300 -5994
21457 -1463 -2301 -5997
21512 -1465 -2298 -5996
21541 -1460 -2299 -5992
21590 -1460 -2309 -5994
21639 -1457 -2302 -5997
21666 -1457 -2295 -5990
21725 -1468 -2295 -5990
21750 -1464 -2300 -5993
21805 -1458 -2305 -5989
21830 -1460 -2304 -5996
21885 -1461 -2307 -5993
21914 -1458 -2302 -6003
21967 -1466 -2297 -5985
21998 -1460 -2312 -5995
22053 -1455 -2304 -5997
22080 -1464 -2308 -6003
22135 -1458 -2300 -6001
22164 -1472 -2315 -5994
22220 -1464 -2297 -5991
22245 -1458 -2310 -5997
22300 -1469 -2301 -5994
22329 -1461 -2310 -5992
22384 -1454 -2301 -6001
22413 -1462 -2299 -6000
22470 -1466 -2306 -5999
22493 -1465 -2300 -5994
22548 -1465 -2301 -5999
22579 -1454 -2304 -5998
22630 -1464 -2306 -6003
22681 -1466 -2293 -5995
22716 -1459 -2294 -5995
22745 -1459 -2298 -5998
22802 -1462 -2303 -5995
22827 -1456 -2300 -5994
22886 -1461 -2289 -5989
22907 -1468 -2294 -5989
22962 -1457 -2290 -5999
22991 -1460 -2291 -5995
23048 -1466 -2301 -5991
23075 -1465 -2294 -5990
23131 -1458 -2291 -5996
23158 -1465 -2297 -5996
23215 -1460 -2296 -5998
23244 -1455 -2296 -5993
23301 -1466 -2291 -6000
23340 -1457 -2296 -5995
23367 -1466 -2293 -5998
23424 -1457 -2294 -5986
23449 -1455 -2293 -5987
23506 -1462 -2294 -5998
23531 -1459 -2288 -5997
23590 -1463 -2289 -5987
23613 -1466 -2291 -5992
23670 -1463 -2298 -5994
23697 -1457 -2292 -5993
23754 -1459 -2292 -5997
23781 -1466 -2294 -5997
23836 -1458 -2301 -5993
23863 -1455 -2298 -5990
23922 -1464 -2291 -5996
23947 -1459 -2300 -6001
24005 -1457 -2295 -5986
24030 -1455 -2317 -5977
24087 -1459 -2311 -5981
24110 -1455 -2304 -5984
24167 -1451 -2306 -5981
24194 -1456 -2300 -5981
24249 -1454 -2305 -5983
24276 -1461 -2307 -5983
24333 -1457 -2310 -5984
24360 -1452 -2305 -5982
24413 -1459 -2306 -5987
24444 -1464 -2292 -5982
24499 -1459 -2310 -5978
24528 -1451 -2294 -5982
24585 -1457 -2302 -5985
24608 -1462 -2305 -5980
24661 -1461 -2304 -5980
24692 -1462 -2301 -5992
24741 -1468 -2293 -5988
24792 -1455 -2294 -5993
24815 -1462 -2290 -5988
24870 -1467 -2293 -5994
24897 -1465 -2286 -5989
24952 -1461 -2284 -5991
24981 -1459 -2288 -5991
25030 -1461 -2283 -5989
25081 -1463 -2286 -5992
25106 -1463 -2289 -5993
25161 -1455 -2290 -5993
25188 -1461 -2289 -5996
25243 -1466 -2287 -5997
25272 -1469 -2289 -5995
25327 -1463 -2291 -5994
25354 -1464 -2288 -5992
25409 -1467 -2291 -5984
25438 -1455 -2294 -5987
25495 -1459 -2288 -6000
25520 -1463 -2283 -5993
25575 -1462 -2280 -5994
25602 -1453 -2283 -5992
25659 -1464 -2284 -6000
25684 -1457 -2286 -5989
25739 -1463 -2287 -5990
25769 -1462 -2288 -5989
25823 -1456 -2281 -5994
25853 -1460 -2286 -5989
25910 -1461 -2282 -5989
25937 -1464 -2290 -6000
25994 -1460 -2283 -5988
26019 -1458 -2286 -5986
26078 -1466 -2286 -5994
26101 -1460 -2288 -5992
26159 -1462 -2281 -5995
26184 -1459 -2281 -5998
26241 -1461 -2283 -5995
26266 -1462 -2283 -5995
26323 -1456 -2288 -5988
26348 -1459 -2290 -5996
26405 -1459 -2301 -6051
26432 -1462 -2289 -6001
26487 -1457 -2289 -6010
26516 -1466 -2292 -6026
26577 -1461 -2293 -6008
26598 -1459 -2289 -6024
26651 -1470 -2286 -6018
26682 -1461 -2297 -6014
26731 -1466 -2288 -6019
26780 -1465 -2299 -6013
26805 -1465 -2290 -6006
26863 -1468 -2289 -6023
26888 -1467 -2298 -6010
26947 -1456 -2293 -6014
26970 -1462 -2287 -6018
27029 -1462 -2287 -6015
27052 -1464 -2288 -6014
27107 -1464 -2295 -6019
27138 -1460 -2289 -6010
27189 -1460 -2300 -6025
27236 -1457 -2294 -6016
27261 -1463 -2293 -6013
27318 -1454 -2284 -6014
27343 -1470 -2289 -6010
27398 -1452 -2293 -6019
27425 -1449 -2296 -6014
27480 -1459 -2284 -6015
27511 -1458 -2295 -6021
27560 -1471 -2291 -6023
27611 -1464 -2293 -6012
27634 -1464 -2292 -6019
27689 -1459 -2298 -6016
27718 -1456 -2289 -6012
27771 -1467 -2283 -6021
27798 -1465 -2278 -6017
27853 -1463 -2291 -6014
27884 -1456 -2286 -6014
27939 -1456 -2293 -6017
27966 -1469 -2292 -6012
28019 -1456 -2295 -6013
28048 -1462 -2289 -6009
28103 -1460 -2292 -6009
28131 -1462 -2283 -6023
28186 -1461 -2294 -6013
28215 -1453 -2291 -6011
28274 -1464 -2294 -6011
28299 -1457 -2289 -6012
28340 -1468 -2317 -6110
28387 -1489 -2332 -6096
28441 -1488 -2328 -6096
28461 -1495 -2327 -6110
28516 -1494 -2325 -6088
28546 -1486 -2334 -6107
28601 -1494 -2319 -6092
28630 -1497 -2334 -6108
28687 -1484 -2331 -6092
28714 -1484 -2321 -6101
28753 -1498 -2330 -6109
28808 -1490 -2321 -6107
28837 -1497 -2336 -6111
28897 -1487 -2319 -6092
28918 -1486 -2330 -6111
28973 -1490 -2330 -6100
29002 -1495 -2333 -6107
29059 -1487 -2324 -6099
29086 -1494 -2329 -6103
29141 -1487 -2327 -6100
29168 -1492 -2333 -6117
29225 -1488 -2325 -6100
29250 -1490 -2341 -6113
29307 -1495 -2318 -6100
29334 -1488 -2325 -6094
29389 -1491 -2325 -6097
29418 -1495 -2323 -6092
29469 -1487 -2330 -6105
29516 -1492 -2327 -6095
29541 -1493 -2328 -6095
29596 -1494 -2332 -6105
29625 -1487 -2325 -6095
29682 -1492 -2321 -6106
29707 -1494 -2329 -6093
29761 -1492 -2332 -6101
29788 -1481 -2323 -6101
29846 -1480 -2327 -6100
29873 -1494 -2330 -6095
29932 -1487 -2333 -6112
29955 -1487 -2327 -6091
30012 -1490 -2331 -6107
30037 -1486 -2328 -6100
30095 -1496 -2331 -6098
30122 -1486 -2325 -6097
30177 -1490 -2329 -6102
30204 -1491 -2330 -6098
30259 -1486 -2323 -6091
30286 -1493 -2328 -6135
30343 -1529 -2364 -6192
30370 -1520 -2351 -6164
30425 -1523 -2374 -6203
30452 -1533 -2367 -6192
30511 -1526 -2372 -6205
30536 -1536 -2372 -6175
30589 -1517 -2370 -6182
30618 -1540 -2370 -6197
30675 -1528 -2364 -6171
30702 -1541 -2386 -6201
30759 -1520 -2369 -6167
30784 -1532 -2385 -6191
30839 -1539 -2358 -6180
30868 -1534 -2380 -6192
30922 -1531 -2369 -6197
30948 -1535 -2364 -6181
31003 -1522 -2368 -6182
31032 -1527 -2373 -6194
31084 -1531 -2375 -6181
31115 -1529 -2375 -6205
31166 -1525 -2373 -6178
31217 -1528 -2380 -6190
31242 -1530 -2379 -6196
31299 -1519 -2362 -6178
31326 -1530 -2381 -6201
31383 -1528 -2373 -6180
31406 -1528 -2377 -6190
31465 -1518 -2372 -6173
31490 -1525 -2370 -6192
31547 -1528 -2374 -6185
31572 -1533 -2372 -6190
31629 -1524 -2365 -6181
31654 -1528 -2380 -6197
31709 -1521 -2373 -6174
31738 -1521 -2379 -6199
31793 -1527 -2369 -6177
31820 -1519 -2362 -6179
31875 -1529 -2372 -6197
31904 -1514 -2351 -6165
31959 -1534 -2390 -6203
31988 -1526 -2363 -6160
32043 -1525 -2382 -6187
32070 -1512 -2360 -6172
32125 -1528 -2377 -6189
32152 -1519 -2367 -6178
32209 -1523 -2372 -6188
32236 -1521 -2363 -6177
32291 -1573 -2483 -6396
32318 -1594 -2479 -6343
32375 -1603 -2520 -6428
32402 -1586 -2500 -6377
32455 -1604 -2507 -6426
32484 -1616 -2504 -6414
32539 -1606 -2510 -6446
32566 -1616 -2521 -6454
32621 -1606 -2519 -6447
32650 -1618 -2527 -6474
32707 -1608 -2521 -6457
32730 -1622 -2532 -6448
32789 -1602 -2527 -6473
32816 -1599 -2517 -6425
32873 -1621 -2542 -6481
32898 -1618 -2519 -6426
32953 -1628 -2530 -6472
32982 -1617 -2532 -6439
33041 -1612 -2515 -6450
33064 -1619 -2530 -6463
33121 -1615 -2526 -6434
33146 -1616 -2528 -6470
33203 -1606 -2518 -6430
33230 -1613 -2520 -6443
33291 -1612 -2520 -6440
33314 -1606 -2516 -6417
33375 -1608 -2518 -6446
33410 -1608 -2519 -6411
33435 -1611 -2520 -6443
33490 -1608 -2522 -6430
33519 -1606 -2507 -6412
33568 -1615 -2528 -6469
33617 -1590 -2504 -6406
33644 -1619 -2537 -6461
33699 -1598 -2506 -6413
33729 -1612 -2531 -6456
33790 -1611 -2514 -6438
33813 -1607 -2530 -6442
33854 -1613 -2511 -6438
33907 -1603 -2518 -6417
33934 -1606 -2522 -6445
33991 -1602 -2517 -6429
34017 -1605 -2515 -6427
34060 -1614 -2532 -6460
34107 -1596 -2509 -6414
34158 -1604 -2514 -6448
34183 -1604 -2525 -6441
34240 -1613 -2605 -6664
34265 -1691 -2724 -6786
34320 -1686 -2727 -6809
34351 -1705 -2742 -6811
34404 -1730 -2769 -6824
34431 -1731 -2764 -6833
34486 -1721 -2751 -6805
34513 -1716 -2764 -6828
34568 -1722 -2775 -6839
34597 -1728 -2766 -6830
34646 -1734 -2785 -6848
34697 -1707 -2768 -6831
34722 -1712 -2770 -6818
34779 -1720 -2790 -6848
34804 -1724 -2778 -6844
34859 -1721 -2772 -6834
34886 -1716 -2782 -6829
34941 -1707 -2772 -6838
34972 -1720 -2773 -6824
35023 -1730 -2784 -6850
35070 -1720 -2770 -6826
35105 -1720 -2774 -6829
35154 -1710 -2774 -6836
35191 -1714 -2772 -6835
35218 -1723 -2770 -6834
35273 -1713 -2770 -6824
35302 -1718 -2775 -6829
35357 -1730 -2769 -6827
35384 -1732 -2783 -6849
35443 -1732 -2771 -6835
35468 -1727 -2772 -6823
35523 -1717 -2772 -6834
35552 -1725 -2769 -6836
35607 -1725 -2771 -6834
35635 -1725 -2769 -6831
35696 -1717 -2762 -6829
35717 -1730 -2776 -6837
35774 -1723 -2768 -6824
35799 -1728 -2779 -6827
35854 -1720 -2768 -6817
35881 -1708 -2771 -6832
35938 -1717 -2763 -6819
35965 -1722 -2770 -6813
36022 -1722 -2766 -6836
36049 -1717 -2762 -6818
36108 -1723 -2757 -6806
36129 -1738 -2774 -6837
36186 -1717 -2781 -6823
36214 -1580 -2316 -6124
36269 -1488 -2361 -6078
36296 -1478 -2347 -6070
36352 -1483 -2327 -6067
36380 -1480 -2331 -6050
36437 -1478 -2331 -6048
36464 -1480 -2322 -6039
36523 -1468 -2327 -6037
36546 -1464 -2325 -6033
36604 -1463 -2320 -6028
36627 -1472 -2325 -6028
36686 -1471 -2322 -6032
36711 -1471 -2321 -6022
36768 -1468 -2315 -6019
36795 -1468 -2316 -6020
36854 -1472 -2319 -6022
36877 -1457 -2319 -6020
36934 -1465 -2321 -6021
36959 -1469 -2311 -6013
37014 -1465 -2316 -6019
37043 -1456 -2306 -6018
37098 -1464 -2314 -6020
37125 -1466 -2313 -6005
37182 -1461 -2313 -6012
37207 -1468 -2307 -6012
37264 -1467 -2313 -6003
37291 -1466 -2309 -6006
37348 -1460 -2310 -6004
37375 -1455 -2308 -6007
37432 -1458 -2312 -6016
37457 -1464 -2307 -6007
37514 -1464 -2307 -6010
37539 -1464 -2301 -6005
37596 -1462 -2304 -6002
37623 -1465 -2312 -6009
37676 -1469 -2306 -6004
37707 -1462 -2313 -6005
37762 -1462 -2303 -6003
37789 -1463 -2300 -6010
37846 -1465 -2303 -6007
37901 -1455 -2302 -6004
37912 -1463 -2310 -6002
37967 -1463 -2302 -5997
37994 -1469 -2301 -5998
38053 -1472 -2301 -6005
38078 -1461 -2304 -6009
38133 -1459 -2312 -5999
38162 -1460 -2301 -5999
38219 -1468 -2304 -6004
38242 -1458 -2299 -6003
38303 -1464 -2301 -6001
38344 -1465 -2314 -6006
38371 -1460 -2305 -5997
38414 -1468 -2307 -5996
38465 -1461 -2304 -5996
38492 -1461 -2305 -5994
38547 -1462 -2296 -6000
38574 -1461 -2303 -5998
38633 -1458 -2307 -6000
38658 -1457 -2310 -5997
38715 -1468 -2309 -5997
38740 -1465 -2301 -6003
38797 -1461 -2300 -5995
38824 -1457 -2303 -5998
38881 -1457 -2304 -5994
38909 -1462 -2304 -5999
38966 -1459 -2296 -5996
38989 -1462 -2300 -5994
39045 -1468 -2301 -5990
