5 -1420 -2330 -5992
10 -1431 -2323 -5989
13 -1423 -2331 -5994
16 -1426 -2327 -5995
17 -1418 -2327 -5994
20 -1425 -2320 -5988
23 -1423 -2329 -5989
26 -1422 -2331 -5983
27 -1418 -2325 -5992
30 -1424 -2339 -5991
33 -1416 -2341 -5986
34 -1426 -2336 -5994
37 -1423 -2337 -5992
38 -1421 -2330 -5995
41 -1414 -2337 -5986
42 -1419 -2330 -5992
45 -1418 -2339 -5984
46 -1423 -2340 -5992
49 -1418 -2343 -5997
50 -1426 -2338 -5996
53 -1421 -2333 -5990
54 -1421 -2336 -5991
57 -1418 -2328 -5995
60 -1422 -2337 -5984
61 -1415 -2330 -5984
64 -1419 -2331 -5988
65 -1416 -2323 -5983
68 -1421 -2324 -5987
69 -1417 -2331 -5985
72 -1420 -2327 -5984
75 -1420 -2320 -5982
76 -1419 -2329 -5981
79 -1420 -2327 -5988
80 -1423 -2322 -5988
83 -1422 -2329 -5987
84 -1419 -2327 -5988
87 -1425 -2325 -5985
88 -1427 -2325 -5984
127 -1419 -2323 -5982
152 -1420 -2330 -5982
209 -1420 -2324 -5981
236 -1419 -2321 -5984
293 -1415 -2328 -5983
318 -1423 -2334 -5979
361 -1426 -2327 -5985
412 -1423 -2322 -5979
445 -1412 -2327 -5986
502 -1419 -2329 -5986
525 -1423 -2322 -5982
580 -1420 -2322 -5982
607 -1420 -2329 -5982
666 -1419 -2330 -5978
691 -1419 -2322 -5982
750 -1420 -2326 -5978
775 -1421 -2318 -5980
830 -1417 -2319 -5982
859 -1423 -2306 -5978
914 -1420 -2311 -5972
939 -1422 -2313 -5976
996 -1422 -2316 -5984
1023 -1418 -2311 -5968
1078 -1424 -2313 -5977
1107 -1423 -2323 -5978
1164 -1415 -2312 -5975
1203 -1416 -2312 -5980
1230 -1417 -2315 -5974
1287 -1425 -2318 -5978
1312 -1424 -2319 -5967
1371 -1425 -2317 -5976
1396 -1417 -2315 -5978
1437 -1418 -2315 -5975
1486 -1425 -2311 -5977
1539 -1418 -2322 -5975
1562 -1420 -2313 -5965
1615 -1414 -2311 -5977
1644 -1426 -2314 -5976
1701 -1420 -2324 -5976
1728 -1423 -2321 -5975
1787 -1410 -2318 -5971
1822 -1417 -2319 -5974
1851 -1420 -2298 -6690
1906 -1905 -3892 -10919
1934 -1439 -6422 -14499
1993 -386 -7226 -14752
2017 74 -7520 -15259
2073 149 -7768 -15347
2102 -193 -7352 -15265
2161 -584 -7998 -15676
2184 -606 -7691 -15871
2241 -426 -7671 -15604
2268 -148 -7576 -15418
2325 -32 -7549 -15363
2364 -141 -7534 -15377
2391 -413 -7657 -15418
2450 -499 -7566 -15505
2485 -466 -7646 -15603
2516 -306 -7541 -15456
2573 -198 -7618 -15430
2598 -257 -7538 -15478
2655 -328 -7667 -15446
2682 -397 -7594 -15462
2738 -404 -7680 -15578
2763 -326 -7650 -15613
2822 -304 -7638 -15606
2845 -271 -7701 -15631
2900 -333 -7676 -15631
2931 -340 -7741 -15665
2988 -331 -7702 -15584
3011 -292 -7708 -15667
3068 -287 -7740 -15696
3095 -309 -7733 -15736
3150 -336 -7773 -15791
3179 -323 -7734 -15696
3236 -343 -7807 -15847
3261 -483 -8045 -16394
3320 -453 -7997 -16255
3345 -442 -8051 -16240
3400 -498 -8070 -16401
3427 -526 -8090 -16391
3484 -493 -8027 -16303
3513 -472 -8081 -16310
3568 -443 -8111 -16387
3611 -479 -8027 -16329
3634 -497 -8124 -16392
3691 -533 -8075 -16427
3716 -509 -8119 -16437
3773 -477 -7986 -16375
3800 -459 -7721 -16427
3859 -443 -7825 -16427
3884 -485 -7823 -16471
3939 -474 -7796 -16509
3966 -491 -7768 -16468
4023 -452 -7845 -16618
4048 -478 -7774 -16490
4105 -676 -7999 -17388
4132 -762 -7949 -17454
4187 -772 -7993 -17487
4214 -717 -8067 -17613
4269 -790 -8034 -17618
4296 -796 -8074 -17661
4355 -824 -8102 -17594
4380 -811 -8087 -17682
4435 -763 -8060 -17568
4462 -750 -8044 -17565
4519 -754 -8170 -17682
4545 -819 -8071 -17619
4602 -793 -8126 -17655
4628 -768 -8114 -17636
4685 -761 -8097 -17657
4713 -751 -8149 -17677
4770 -765 -8124 -17654
4797 -779 -8159 -17630
4854 -756 -8115 -17663
4879 -753 -8151 -17691
4938 -755 -8153 -17690
4961 -774 -8128 -17668
5020 -761 -8175 -17685
5043 -747 -8122 -17660
5100 -742 -8182 -17695
5125 -769 -8125 -17644
5184 -781 -8177 -17728
5209 -774 -8173 -17690
5266 -771 -8134 -17701
5293 -763 -8162 -17682
5350 -758 -8161 -17673
5377 -751 -8199 -17728
5432 -763 -8145 -17653
5459 -739 -8167 -17691
5518 -746 -8227 -17719
5539 -756 -8169 -17727
5597 -748 -8189 -17669
5624 -746 -8174 -17662
5666 -743 -8209 -17713
5720 -731 -8208 -17706
5751 -809 -8746 -17349
5808 -798 -8809 -17561
5843 -744 -8797 -17419
5874 -762 -8857 -17568
5931 -773 -8772 -17435
5954 -811 -8855 -17464
6011 -809 -8861 -17449
6038 -786 -8809 -17459
6093 -782 -8818 -17438
6122 -773 -8829 -17404
6177 -828 -8883 -17510
6204 -793 -8819 -17401
6264 -818 -8840 -17450
6287 -758 -8873 -17425
6346 -783 -8784 -17399
6383 -774 -8872 -17441
6412 -806 -8833 -17434
6452 -792 -8838 -17429
6502 -802 -8830 -17397
6554 -784 -8841 -17447
6577 -771 -8827 -17366
6633 -758 -8800 -17396
6660 -760 -8884 -17421
6717 -775 -8823 -17422
6742 -732 -8749 -17172
6799 -679 -8769 -17051
6824 -676 -8745 -17044
6881 -669 -8780 -17012
6911 -672 -8717 -16986
6968 -633 -8756 -16974
6992 -642 -8722 -17010
7050 -672 -8759 -17030
7076 -725 -8689 -16926
7132 -676 -8775 -17058
7159 -732 -8702 -16950
7214 -658 -8712 -16999
7241 -686 -8750 -16978
7298 -630 -8712 -16963
7325 -657 -8769 -17037
7366 -620 -8696 -16906
7417 -655 -8739 -17021
7466 -618 -8737 -16964
7505 -668 -8721 -16974
7532 -617 -8763 -16996
7587 -646 -8697 -16944
7614 -603 -8756 -16976
7669 -637 -8733 -16978
7698 -626 -8677 -16966
7757 -526 -7126 -17674
7780 -541 -7455 -17212
7835 -637 -7249 -17521
7862 -633 -7221 -17216
7919 -563 -7283 -17379
7944 -539 -7102 -17345
7999 -528 -7128 -17323
8028 -562 -7181 -17477
8087 -606 -7201 -17374
8124 -587 -7201 -17293
8151 -552 -7158 -17343
8207 -526 -7195 -17348
8236 -556 -7136 -17339
8295 -547 -7181 -17406
8318 -611 -7216 -17420
8379 -564 -7113 -17354
8400 -525 -7186 -17343
8455 -506 -7156 -17333
8482 -572 -7205 -17383
8537 -552 -7172 -17337
8567 -583 -7129 -17365
8624 -527 -7188 -17410
8649 -561 -7128 -17385
8706 -559 -7195 -17319
8733 -549 -7161 -17350
8792 -564 -7149 -17360
8815 -580 -7202 -17366
8874 -572 -7119 -17394
8899 -601 -7178 -17364
8956 -559 -7120 -17376
8981 -582 -7183 -17380
9040 -561 -7186 -17379
9063 -594 -7119 -17340
9118 -553 -7194 -17350
9145 -578 -7128 -17400
9202 -584 -7154 -17383
9229 -571 -7149 -17369
9286 -573 -7153 -17362
9313 -556 -7204 -17364
9370 -555 -7104 -17361
9395 -571 -7155 -17319
9450 -567 -7201 -17449
9480 -611 -7133 -17374
9536 -570 -7182 -17371
9561 -554 -7115 -17377
9616 -470 -7163 -17347
9644 -569 -7150 -17477
9701 -534 -8132 -17041
9728 -744 -9443 -16516
9785 -546 -9114 -16829
9812 -508 -9235 -16936
9869 -559 -9224 -16842
9894 -658 -9334 -16892
9935 -722 -9389 -16779
9986 -679 -9319 -16769
10017 -598 -9281 -16746
10066 -584 -9304 -16794
10117 -612 -9283 -16830
10142 -705 -9371 -16890
10196 -674 -9309 -16781
10225 -658 -9339 -16767
10280 -600 -9317 -16743
10307 -593 -9340 -16790
10362 -635 -9304 -16735
10391 -649 -9337 -16788
10446 -666 -9359 -16844
10473 -626 -9338 -16749
10530 -611 -9322 -16762
10557 -596 -9363 -16736
10612 -617 -9329 -16738
10641 -632 -9378 -16789
10696 -640 -9334 -16764
10721 -627 -9345 -16772
10778 -628 -9376 -16799
10805 -632 -9342 -16762
10860 -628 -9329 -16722
10887 -610 -9374 -16738
10942 -609 -9350 -16770
10969 -626 -9343 -16763
11026 -646 -9327 -16762
11053 -633 -9372 -16760
11110 -616 -9369 -16762
11137 -631 -9337 -16744
11194 -617 -9373 -16754
11219 -609 -9331 -16716
11276 -620 -9387 -16767
11301 -638 -9368 -16799
11356 -650 -9335 -16753
11387 -623 -9377 -16737
11442 -615 -9357 -16759
11467 -615 -9367 -16748
11525 -631 -9351 -16758
11552 -635 -9355 -16727
11610 -643 -9388 -16791
11635 -630 -9224 -16584
11690 -438 -7160 -17486
11717 -429 -6152 -17383
11774 -617 -6275 -17573
11801 -677 -6405 -17471
11856 -596 -6301 -17556
11883 -441 -6102 -17400
11938 -394 -6155 -17708
11963 -472 -6114 -17610
12018 -591 -6209 -17575
12047 -587 -6218 -17567
12104 -521 -6257 -17545
12133 -431 -6199 -17501
12190 -441 -6154 -17491
12214 -487 -6135 -17670
12269 -576 -6223 -17657
12298 -552 -6156 -17628
12355 -500 -6204 -17538
12380 -427 -6182 -17486
12441 -446 -6255 -17555
12464 -482 -6230 -17555
12523 -542 -6209 -17613
12562 -526 -6218 -17623
12587 -496 -6207 -17607
12644 -469 -6225 -17560
12669 -488 -6233 -17557
12726 -490 -6263 -17525
12753 -497 -6260 -17581
12808 -492 -6204 -17604
12835 -509 -6183 -17594
12886 -486 -6201 -17616
12937 -531 -6241 -17580
12960 -504 -6239 -17557
13017 -487 -6229 -17553
13044 -463 -6247 -17548
13101 -508 -6212 -17643
13130 -517 -6214 -17599
13169 -529 -6215 -17618
13224 -504 -6203 -17565
13251 -492 -6237 -17573
13312 -491 -6243 -17598
13333 -519 -6209 -17549
13392 -517 -6201 -17594
13417 -512 -6228 -17671
13458 -513 -6202 -17571
13509 -510 -6202 -17588
13558 -498 -6235 -17579
13595 -512 -6244 -17618
13622 -616 -7723 -17130
13679 -754 -9857 -16504
13706 -636 -10117 -16613
13765 -494 -9965 -16568
13788 -479 -9925 -16540
13843 -621 -10103 -16525
13872 -757 -10213 -16526
13929 -750 -10138 -16338
13956 -622 -10039 -16403
14011 -532 -9913 -16607
14040 -559 -9873 -16611
14096 -656 -9951 -16753
14121 -732 -9946 -16630
14176 -693 -9918 -16598
14203 -590 -9939 -16507
14258 -540 -9869 -16536
14285 -584 -9908 -16598
14342 -662 -9905 -16665
14369 -705 -9947 -16674
14425 -664 -9961 -16681
14454 -613 -9834 -16552
14513 -554 -9934 -16537
14536 -582 -9910 -16595
14593 -655 -9944 -16604
14618 -672 -9896 -16643
14673 -654 -9910 -16673
14700 -601 -9922 -16621
14755 -608 -9863 -16634
14784 -616 -9931 -16526
14838 -615 -9953 -16590
14867 -643 -9902 -16597
14924 -613 -9925 -16632
14951 -619 -9885 -16659
15006 -626 -9922 -16609
15033 -625 -9935 -16632
15090 -627 -9950 -16616
15117 -595 -9893 -16518
15174 -582 -9895 -16614
15199 -604 -9982 -16661
15256 -641 -9879 -16634
15281 -630 -9954 -16634
15340 -595 -9900 -16569
15365 -603 -9921 -16633
15420 -610 -9927 -16576
15447 -607 -9930 -16596
15504 -621 -9956 -16617
15533 -612 -9897 -16639
15590 -510 -8891 -16829
15613 -411 -7741 -17041
15672 -607 -8111 -17022
15697 -605 -8216 -16992
15754 -621 -8002 -17155
15779 -498 -8049 -16954
15834 -475 -8025 -17151
15863 -524 -8098 -17130
15920 -599 -8126 -17051
15943 -595 -8090 -17082
16000 -563 -8211 -17078
16027 -507 -8073 -16926
16082 -503 -8132 -17107
16111 -526 -8071 -17058
16166 -585 -8092 -17129
16193 -590 -8160 -17164
16250 -576 -8073 -17027
16275 -521 -8131 -17059
16332 -515 -8102 -17003
16359 -523 -8077 -17099
16418 -564 -8151 -17113
16441 -593 -8087 -17136
16496 -589 -8101 -17077
16525 -514 -8090 -17021
16582 -525 -8099 -17131
16607 -524 -8083 -16986
16664 -553 -8123 -17118
16691 -598 -8149 -17118
16748 -565 -8047 -17045
16775 -529 -8067 -17127
16816 -528 -8136 -17055
16867 -535 -8072 -17137
16920 -591 -8127 -17014
16939 -523 -8099 -17064
16998 -555 -8087 -17093
17023 -531 -8074 -17122
17078 -564 -8106 -17124
17105 -604 -8109 -17045
17164 -542 -8092 -17058
17187 -540 -8091 -17097
17242 -519 -8105 -17081
17271 -537 -8090 -17066
17326 -580 -8112 -17128
17353 -561 -8095 -17071
17394 -545 -8080 -17107
17444 -537 -8090 -17066
17496 -540 -8091 -17088
17520 -563 -8124 -16988
17578 -865 -5832 -12809
17601 -1414 -3181 -8616
17656 -1589 -2776 -6623
17685 -1450 -2593 -6645
17744 -1432 -2576 -6548
17769 -1427 -2522 -6500
17824 -1424 -2509 -6449
17851 -1434 -2503 -6409
17908 -1431 -2483 -6388
17933 -1427 -2474 -6357
17988 -1429 -2473 -6337
18020 -1424 -2463 -6313
18075 -1426 -2452 -6299
18100 -1416 -2455 -6287
18159 -1416 -2457 -6269
18182 -1420 -2450 -6264
18237 -1419 -2447 -6249
18266 -1425 -2442 -6233
18317 -1429 -2437 -6222
18368 -1426 -2429 -6222
18391 -1417 -2432 -6209
18450 -1425 -2423 -6206
18475 -1430 -2424 -6201
18532 -1417 -2429 -6191
18557 -1416 -2422 -6188
18614 -1424 -2413 -6184
18639 -1424 -2410 -6175
18680 -1417 -2409 -6175
18731 -1424 -2400 -6162
18762 -1423 -2410 -6165
18813 -1429 -2405 -6164
18864 -1424 -2406 -6156
18901 -1417 -2407 -6159
18928 -1423 -2395 -6156
18983 -1431 -2399 -6138
19012 -1426 -2406 -6141
19065 -1421 -2403 -6135
19094 -1421 -2391 -6136
19151 -1422 -2392 -6133
19176 -1419 -2405 -6135
19229 -1409 -2396 -6135
19262 -1413 -2387 -6128
19311 -1423 -2390 -6122
19360 -1420 -2392 -6118
19395 -1418 -2395 -6118
19426 -1419 -2388 -6114
19477 -1427 -2384 -6111
19526 -1427 -2389 -6110
19551 -1420 -2365 -6143
19608 -1852 -3904 -10881
19635 -1792 -6007 -12620
19694 -1121 -5621 -14028
19733 -966 -6814 -13710
19758 -872 -6594 -14342
19815 -1044 -6511 -14177
19840 -1465 -6872 -14262
19897 -1486 -6752 -14710
19924 -1346 -6571 -14136
19979 -1121 -6491 -14182
20009 -1035 -6590 -14111
20065 -1128 -6634 -14256
20103 -1322 -7148 -14641
20132 -1419 -7291 -14876
20189 -1283 -7284 -14980
20214 -1189 -7581 -15086
20273 -1086 -7334 -14958
20297 -1149 -7766 -15358
20356 -1243 -8422 -15894
20382 -1249 -8600 -16111
20437 -1168 -8888 -16487
20464 -1099 -9025 -16626
20521 -1033 -9121 -16749
20548 -1062 -9433 -17096
20605 -1113 -9451 -17117
20630 -1106 -9589 -17166
20689 -1086 -9601 -17243
20714 -1027 -9514 -17250
20769 -1037 -9610 -17287
20796 -1072 -9665 -17428
20851 -1048 -9660 -17365
20878 -1082 -9669 -17330
20937 -1000 -9662 -17255
20962 -988 -9669 -17358
21021 -1049 -9652 -17334
21044 -1101 -9706 -17404
21097 -1084 -9699 -17420
21128 -1133 -9696 -17394
21185 -934 -9705 -17385
21212 -1069 -9689 -17375
21267 -977 -9729 -17360
21294 -1109 -9755 -17426
21347 -1054 -9703 -17390
21376 -1082 -9702 -17445
21433 -976 -9755 -17410
21458 -1125 -9457 -17461
21515 -968 -9192 -17415
21542 -1058 -9197 -17504
21599 -1046 -9122 -17475
21626 -1072 -9242 -17614
21683 -1014 -9077 -17510
21708 -1014 -9221 -17569
21763 -1047 -9101 -17527
21790 -1073 -9168 -17528
21845 -1055 -9202 -17627
21872 -1021 -9147 -17439
21927 -1119 -9193 -17595
21956 -1022 -9165 -17545
22011 -1098 -9132 -17597
22038 -1032 -9245 -17588
22093 -1114 -9155 -17558
22122 -1057 -9242 -17581
22173 -1041 -9167 -17545
22222 -1037 -9194 -17591
22245 -1082 -9205 -17618
22300 -1097 -9238 -17630
22329 -1111 -9214 -17633
22380 -1006 -9170 -17523
22429 -1102 -9225 -17658
22454 -1007 -9243 -17599
22509 -1083 -9238 -17674
22538 -1082 -9228 -17577
22593 -1093 -9248 -17658
22621 -1069 -9209 -17689
22676 -1038 -9211 -17559
22705 -1040 -9261 -17724
22760 -1111 -9245 -17561
22787 -1035 -9257 -17651
22842 -1092 -9201 -17697
22871 -1052 -9224 -17578
22928 -1061 -9247 -17767
22951 -1089 -9281 -17582
23008 -1054 -9214 -17666
23035 -1043 -9221 -17613
23092 -1013 -9290 -17650
23119 -1012 -9247 -17698
23172 -1087 -9245 -17622
23201 -1038 -9291 -17672
23260 -1030 -9223 -17608
23283 -1007 -9309 -17690
23337 -1033 -9254 -17661
23372 -1043 -9289 -17651
23411 -1039 -9281 -17725
23464 -1127 -10494 -16986
23511 -1103 -10200 -17542
23536 -992 -10285 -17316
23592 -1040 -10380 -17518
23616 -1099 -10358 -17462
23675 -1105 -10429 -17383
23698 -1083 -10416 -17389
23759 -1017 -10382 -17385
23782 -1015 -10385 -17388
23837 -1048 -10375 -17425
23866 -1073 -10443 -17464
23921 -1095 -10379 -17372
23948 -1019 -10479 -17447
24003 -1019 -10340 -17376
24032 -1018 -10381 -17356
24081 -1024 -10487 -17517
24132 -1075 -10388 -17390
24157 -1020 -10431 -17420
24212 -1015 -10360 -17406
24239 -1013 -10464 -17446
24292 -1015 -10418 -17407
24321 -1049 -10399 -17430
24376 -1007 -10430 -17397
24405 -1018 -10374 -17420
24460 -1040 -10487 -17480
24487 -1069 -10389 -17384
24544 -1068 -10424 -17437
24571 -1031 -10453 -17380
24630 -1029 -10374 -17462
24655 -1040 -10450 -17405
24708 -1067 -10411 -17440
24737 -1081 -10471 -17456
24792 -1043 -10400 -17402
24821 -1044 -10425 -17469
24876 -1043 -10438 -17398
24903 -1071 -10405 -17405
24960 -1082 -10509 -17491
24987 -1063 -10366 -17388
25044 -1070 -10448 -17430
25069 -1067 -10443 -17461
25124 -1103 -10438 -17439
25151 -1061 -10445 -17446
25208 -1077 -10426 -17404
25236 -1044 -10442 -17463
25294 -1063 -10476 -17466
25320 -1055 -10424 -17446
25375 -1056 -10442 -17433
25403 -981 -9662 -17516
25459 -995 -8819 -17655
25484 -1067 -8964 -17772
25541 -1110 -8951 -17644
25568 -1054 -8923 -17852
25625 -970 -8761 -17648
25650 -977 -8858 -17821
25705 -1030 -8791 -17822
25732 -1069 -8896 -17764
25789 -1048 -8821 -17790
25818 -1001 -8857 -17796
25871 -985 -8808 -17715
25901 -995 -8825 -17758
25958 -1033 -8851 -17851
25981 -1049 -8797 -17775
26036 -1030 -8812 -17818
26065 -995 -8850 -17782
26116 -1011 -8816 -17784
26149 -990 -8800 -17742
26200 -1015 -8818 -17799
26233 -976 -8852 -17816
26280 -1024 -8812 -17846
26331 -991 -8825 -17794
26356 -998 -8805 -17756
26415 -962 -8804 -17817
26440 -1018 -8860 -17800
26497 -1020 -8811 -17812
26524 -1041 -8826 -17789
26579 -930 -8803 -17799
26604 -1054 -8830 -17890
26659 -971 -8817 -17768
26688 -1047 -8806 -17799
26737 -959 -8888 -17812
26786 -1025 -8801 -17799
26811 -956 -8781 -17800
26866 -1024 -8869 -17846
26893 -943 -8825 -17837
26948 -1060 -8842 -17811
26977 -935 -8818 -17791
27034 -998 -8781 -17792
27061 -964 -8882 -17824
27118 -1012 -8822 -17847
27143 -1052 -8838 -17795
27198 -1002 -8786 -17796
27227 -993 -8847 -17882
27282 -996 -8853 -17757
27309 -994 -8764 -17825
27366 -1029 -8966 -17912
27393 -1122 -10731 -17271
27450 -1124 -11176 -17626
27475 -967 -11044 -17260
27530 -957 -11005 -17439
27557 -999 -11123 -17304
27614 -1130 -11172 -17399
27641 -1125 -11166 -17259
27698 -1048 -11190 -17291
27725 -1009 -11112 -17277
27778 -980 -11111 -17373
27807 -1073 -11104 -17338
27862 -1123 -11238 -17387
27891 -1111 -11177 -17357
27948 -1064 -11141 -17251
27973 -996 -11170 -17288
28028 -1026 -11102 -17247
28057 -1086 -11199 -17366
28106 -1125 -11200 -17373
28157 -1118 -11141 -17344
28182 -1056 -11154 -17259
28239 -1026 -11131 -17303
28264 -1050 -11202 -17302
28319 -1076 -11174 -17288
28348 -1122 -11164 -17305
28395 -1077 -11224 -17363
28446 -1067 -11098 -17318
28471 -1046 -11204 -17317
28530 -1045 -11171 -17305
28557 -1091 -11205 -17305
28614 -1060 -11207 -17284
28639 -1081 -11127 -17313
28692 -1068 -11200 -17323
28721 -1060 -11193 -17353
28776 -1109 -11189 -17323
28803 -1055 -11193 -17279
28858 -1060 -11134 -17303
28887 -1042 -11223 -17287
28936 -1038 -11186 -17364
28987 -1112 -11181 -17300
29014 -1067 -11207 -17298
29071 -1072 -11180 -17334
29094 -1050 -11211 -17289
29152 -1046 -11184 -17380
29179 -1098 -11188 -17239
29236 -1062 -11233 -17314
29261 -1074 -11166 -17380
29318 -1047 -11171 -17278
29343 -951 -10250 -17372
29398 -906 -7788 -18081
29427 -982 -8179 -17848
29476 -1176 -8088 -17958
29529 -1139 -8110 -17956
29550 -948 -7937 -17897
29611 -908 -7929 -17987
29634 -894 -7838 -18039
29689 -1031 -7875 -17970
29716 -1081 -7997 -18075
29771 -1044 -8083 -18049
29798 -981 -7856 -17774
29848 -898 -7951 -17987
29899 -946 -7867 -18011
29924 -1031 -7951 -18087
29981 -1064 -7862 -18073
30006 -1042 -7961 -17994
30063 -954 -7926 -18001
30090 -922 -7880 -17903
30143 -950 -7912 -18003
30172 -1017 -7950 -18041
30229 -1072 -7916 -18052
30254 -1039 -7963 -18059
30309 -981 -7847 -17969
30338 -942 -7940 -18007
30389 -943 -7972 -17982
30439 -1021 -7949 -18006
30461 -1016 -7955 -18025
30517 -996 -7850 -17994
30566 -979 -7950 -18085
30603 -971 -7935 -18023
30632 -1019 -7913 -17993
30687 -980 -8000 -17970
30714 -983 -7917 -17990
30769 -979 -7956 -18035
30796 -987 -7905 -18055
30851 -1022 -7916 -18006
30880 -1012 -7988 -18058
30935 -988 -7871 -17996
30960 -976 -7970 -17963
31015 -954 -7941 -18057
31044 -1019 -7918 -17977
31095 -995 -7951 -18089
31144 -1015 -7895 -18010
31169 -987 -7944 -18036
31224 -967 -7919 -18034
31251 -1002 -7972 -18011
31306 -995 -8001 -18123
31335 -1110 -10011 -17552
31392 -1250 -12045 -16524
31417 -1061 -11922 -17007
31472 -902 -11990 -16907
31499 -942 -12074 -16991
31556 -1126 -12030 -16807
31585 -1229 -12255 -16725
31638 -1162 -12111 -16712
31667 -1040 -12037 -16724
31722 -955 -11890 -16881
31751 -1029 -11904 -16975
31809 -1126 -12008 -17016
31832 -1200 -11971 -16898
31885 -1112 -12028 -16894
31918 -1024 -11913 -16783
31963 -979 -11895 -16855
32014 -1037 -11953 -16873
32039 -1124 -12013 -17005
32097 -1164 -11996 -16984
32126 -1103 -11918 -16890
32165 -1039 -11960 -16882
32214 -992 -11938 -16826
32263 -1066 -11956 -16877
32288 -1096 -11974 -16902
32343 -1146 -11944 -16920
32372 -1087 -11994 -16993
32423 -1103 -11904 -16921
32474 -1053 -11967 -16886
32509 -1078 -11951 -16844
32538 -1064 -11985 -16904
32595 -1086 -11957 -16903
32620 -1085 -11950 -16927
32677 -1074 -11975 -16921
32706 -1083 -11936 -16929
32761 -1091 -11994 -16908
32788 -1060 -11963 -16877
32843 -1075 -11915 -16833
32872 -1031 -11989 -16913
32929 -1086 -11950 -16945
32955 -1087 -11955 -16913
33011 -1100 -11927 -16901
33037 -1057 -12028 -16938
33094 -1056 -11933 -16858
33121 -1046 -11929 -16877
33174 -1083 -12008 -16928
33203 -1093 -11983 -16920
33256 -1083 -11952 -16857
33287 -893 -9575 -18033
33342 -935 -9782 -17277
33371 -1103 -9727 -17749
33428 -1143 -9737 -17332
33451 -1035 -9792 -17649
33510 -940 -9593 -17456
33537 -903 -9798 -17579
33595 -1005 -9817 -17667
33621 -1080 -9794 -17545
33683 -1071 -9940 -17528
33702 -972 -9811 -17506
33760 -924 -9839 -17541
33783 -944 -9779 -17527
33842 -1015 -9845 -17617
33867 -1065 -9873 -17634
33922 -1034 -9769 -17625
33951 -971 -9872 -17541
34006 -945 -9779 -17509
34033 -963 -9841 -17541
34090 -995 -9833 -17613
34117 -1018 -9784 -17592
34174 -988 -9853 -17620
34211 -1011 -9783 -17629
34240 -968 -9848 -17563
34287 -981 -9772 -17538
34338 -975 -9837 -17574
34367 -1014 -9846 -17618
34424 -1005 -9804 -17602
34447 -995 -9792 -17590
34502 -981 -9763 -17565
34529 -979 -9894 -17633
34583 -1004 -9819 -17551
34612 -984 -9779 -17525
34667 -963 -9860 -17606
34696 -971 -9771 -17604
34753 -995 -9829 -17638
34778 -1024 -9800 -17590
34833 -997 -9866 -17598
34862 -954 -9793 -17550
34911 -959 -9784 -17559
34962 -961 -9854 -17620
34987 -1040 -9785 -17585
35043 -1009 -9829 -17657
35070 -1053 -9803 -17559
35129 -971 -9748 -17636
35166 -1000 -9847 -17554
35191 -1011 -9781 -17600
35246 -1023 -9757 -16974
35275 -1355 -5367 -11233
35334 -1850 -4306 -8884
35359 -1777 -2906 -6854
35418 -1478 -2666 -6680
35441 -1460 -2618 -6586
35498 -1463 -2566 -6534
35525 -1449 -2544 -6491
35580 -1448 -2539 -6446
35607 -1449 -2515 -6406
35663 -1442 -2508 -6385
35690 -1434 -2512 -6360
35745 -1432 -2499 -6341
35774 -1426 -2490 -6325
35829 -1432 -2489 -6303
35858 -1433 -2483 -6295
35913 -1422 -2478 -6275
35940 -1430 -2474 -6274
35999 -1426 -2468 -6266
36022 -1425 -2467 -6245
36081 -1426 -2463 -6248
36106 -1425 -2459 -6238
36163 -1426 -2451 -6232
36190 -1425 -2451 -6227
36249 -1429 -2450 -6217
36274 -1423 -2439 -6206
36331 -1419 -2446 -6200
36372 -1423 -2440 -6205
36397 -1415 -2433 -6193
36454 -1421 -2430 -6196
36479 -1425 -2441 -6185
36538 -1425 -2430 -6185
36561 -1428 -2418 -6176
36616 -1428 -2426 -6170
36645 -1421 -2425 -6169
36702 -1425 -2425 -6167
36727 -1422 -2417 -6167
36784 -1421 -2425 -6162
36809 -1435 -2416 -6158
36866 -1422 -2418 -6157
36893 -1415 -2406 -6153
36946 -1414 -2413 -6145
36975 -1423 -2408 -6147
37032 -1422 -2412 -6143
37059 -1419 -2403 -6141
37114 -1420 -2408 -6130
37141 -1423 -2407 -6132
37196 -1422 -2405 -6134
37223 -1420 -2400 -6136
37280 -1430 -2515 -7475
37307 -1983 -5020 -11288
37364 -1618 -6052 -13595
37389 -1100 -7161 -13986
37448 -971 -7414 -14574
37473 -938 -7294 -14042
37528 -1260 -7414 -14587
37555 -1639 -7783 -14674
37614 -1570 -7510 -14637
37639 -1375 -7432 -14482
37698 -1115 -7328 -14426
37721 -1084 -7432 -14425
37776 -1258 -7569 -14574
37805 -1443 -8135 -15010
37856 -1489 -8002 -15013
37907 -1353 -8170 -15155
37933 -1220 -8264 -15188
37990 -1129 -8257 -15223
38013 -1194 -8850 -15850
38068 -1308 -9341 -16126
38095 -1281 -9587 -16587
38152 -1232 -9943 -16751
38179 -1131 -10033 -16901
38235 -1109 -10160 -17010
38262 -1155 -10597 -17141
38319 -1155 -10643 -17360
38346 -1180 -10786 -17288
38401 -1119 -10702 -17374
38428 -1116 -10871 -17449
38487 -1132 -10742 -17426
38512 -1180 -10858 -17494
38567 -1210 -10853 -17462
38594 -1158 -10873 -17476
38649 -1135 -10859 -17395
38680 -1096 -10850 -17472
38735 -1146 -10904 -17522
38760 -1164 -10893 -17471
38819 -1197 -10922 -17593
38844 -1160 -10907 -17499
38899 -1148 -10876 -17511
38926 -1148 -10990 -17541
38983 -1152 -10912 -17473
39010 -1153 -10989 -17605
39069 -1156 -10895 -17509
39094 -1134 -10942 -17570
39151 -1137 -11001 -17567
39192 -1132 -10464 -17706
39217 -1122 -10489 -17624
39274 -1163 -10249 -17694
39301 -1153 -10244 -17698
39356 -1180 -10274 -17707
39383 -1170 -10200 -17745
39438 -1145 -10229 -17664
39465 -1150 -10270 -17816
39522 -1165 -10269 -17732
39549 -1180 -10236 -17669
39606 -1172 -10257 -17793
39631 -1147 -10280 -17714
39689 -1160 -10152 -17761
39716 -1181 -10353 -17827
39773 -1219 -10194 -17723
39800 -1180 -10316 -17780
39857 -1145 -10249 -17724
39882 -1128 -10192 -17776
39941 -1137 -10314 -17768
39964 -1174 -10256 -17784
40021 -1231 -10320 -17812
40048 -1182 -10205 -17738
40105 -1171 -10290 -17789
40130 -1087 -10366 -17828
40189 -1196 -10193 -17739
40214 -1127 -10397 -17822
40269 -1190 -10197 -17766
40296 -1132 -10329 -17835
40353 -1183 -10268 -17806
40378 -1167 -10310 -17784
40437 -1205 -10305 -17787
40462 -1109 -10277 -17796
40517 -1194 -10328 -17838
40544 -1120 -10270 -17815
40599 -1188 -10309 -17809
40628 -1158 -10318 -17815
40685 -1179 -10284 -17819
40710 -1129 -10285 -17791
40765 -1191 -10330 -17817
40794 -1153 -10318 -17850
40852 -1197 -10332 -17820
40878 -1161 -10252 -17809
40935 -1194 -10339 -17845
40962 -1157 -10296 -17822
41019 -1185 -10369 -17852
41044 -1153 -10265 -17802
41103 -1164 -10295 -17792
41128 -1189 -11132 -17944
41181 -1240 -11725 -17702
41209 -1168 -11685 -17595
41266 -1161 -11728 -17639
41293 -1161 -11736 -17469
41351 -1237 -11847 -17681
41378 -1254 -11781 -17542
41437 -1215 -11834 -17544
41460 -1169 -11785 -17578
41515 -1174 -11776 -17572
41544 -1225 -11781 -17560
41583 -1226 -11877 -17616
41635 -1247 -11848 -17607
41668 -1194 -11789 -17528
41726 -1166 -11798 -17528
41751 -1176 -11832 -17559
41808 -1217 -11813 -17559
41833 -1237 -11879 -17612
41892 -1230 -11808 -17572
41917 -1183 -11792 -17497
41974 -1200 -11858 -17634
41999 -1203 -11861 -17551
42058 -1234 -11813 -17548
42081 -1235 -11882 -17549
42136 -1214 -11856 -17589
42163 -1198 -11770 -17551
42212 -1199 -11894 -17550
42263 -1212 -11831 -17572
42288 -1233 -11894 -17561
42345 -1186 -11807 -17536
42372 -1183 -11844 -17558
42427 -1164 -11865 -17569
42456 -1210 -11853 -17578
42511 -1215 -11894 -17538
42538 -1206 -11810 -17562
42593 -1194 -11843 -17542
42620 -1187 -11908 -17565
42677 -1227 -11833 -17581
42704 -1243 -11857 -17525
42759 -1209 -11868 -17588
42788 -1219 -11888 -17557
42837 -1199 -11863 -17579
42888 -1222 -11847 -17528
42913 -1214 -11939 -17538
42972 -1191 -11837 -17584
42995 -1189 -11840 -17534
43050 -1173 -11899 -17589
43079 -1206 -11874 -17435
43132 -1077 -10051 -18274
43161 -1143 -10276 -17726
43216 -1247 -10119 -17884
43245 -1220 -10102 -17779
43302 -1171 -10127 -17818
43327 -1142 -9980 -17892
43384 -1166 -9992 -17828
43412 -1204 -10037 -17903
43467 -1228 -10087 -17967
43494 -1234 -10054 -17775
43547 -1170 -9962 -17849
43576 -1130 -10030 -17827
43635 -1152 -9998 -17891
43662 -1198 -10013 -17942
43718 -1224 -10008 -17866
43745 -1210 -10049 -17914
43802 -1161 -10014 -17828
43828 -1140 -9940 -17839
43885 -1173 -10049 -17862
43910 -1226 -10046 -17936
43969 -1266 -10019 -17907
43992 -1211 -10011 -17846
44049 -1180 -9975 -17943
44074 -1152 -10005 -17840
44129 -1154 -10038 -17918
44160 -1215 -10036 -17874
44215 -1167 -9991 -17824
44240 -1164 -9981 -17971
44295 -1146 -10062 -17864
44324 -1167 -9964 -17969
44381 -1205 -10007 -17825
44406 -1168 -10075 -17900
44461 -1181 -9981 -17914
44490 -1168 -9983 -17825
44545 -1173 -10037 -18010
44572 -1223 -10028 -17816
44627 -1186 -10029 -17931
44656 -1187 -9981 -17899
44707 -1157 -10045 -17838
44754 -1148 -10012 -17984
44781 -1209 -10041 -17842
44836 -1172 -10006 -17943
44865 -1180 -9987 -17852
44922 -1144 -10017 -17931
44945 -1150 -10014 -17931
45000 -1195 -10032 -17870
45031 -1200 -10024 -17920
45080 -1228 -10626 -18111
45127 -1303 -12676 -16966
45154 -1201 -12463 -17353
45209 -1078 -12542 -17377
45236 -1104 -12660 -17404
45293 -1221 -12697 -17375
45320 -1285 -12747 -17261
45375 -1233 -12684 -17186
45404 -1155 -12727 -17315
45451 -1130 -12667 -17250
45500 -1149 -12627 -17261
45529 -1226 -12772 -17451
45586 -1245 -12736 -17257
45611 -1201 -12764 -17282
45668 -1154 -12696 -17208
45695 -1100 -12665 -17192
45752 -1157 -12737 -17308
45777 -1212 -12783 -17284
45832 -1260 -12722 -17359
45862 -1236 -12763 -17268
45916 -1159 -12701 -17217
45945 -1140 -12775 -17303
46003 -1157 -12700 -17196
46028 -1187 -12752 -17270
46083 -1224 -12805 -17298
46110 -1191 -12702 -17309
46165 -1189 -12725 -17287
46194 -1144 -12771 -17267
46251 -1185 -12744 -17267
46276 -1201 -12762 -17231
46331 -1197 -12747 -17296
46360 -1192 -12745 -17247
46409 -1189 -12739 -17285
46458 -1215 -12813 -17325
46483 -1231 -12730 -17219
46538 -1173 -12749 -17231
46565 -1237 -12749 -17226
46620 -1204 -12773 -17325
46650 -1275 -12710 -17225
46705 -1254 -12781 -17331
46734 -1253 -12748 -17273
46791 -1243 -12735 -17270
46814 -1244 -12768 -17269
46871 -1242 -12719 -17209
46900 -1284 -12782 -17312
46957 -1269 -12798 -17277
46982 -1280 -12692 -17269
47039 -1248 -12652 -17201
47064 -1081 -9913 -18214
47119 -1164 -9510 -17989
47148 -1356 -9477 -18035
47203 -1368 -9490 -17958
47232 -1278 -9510 -18009
47287 -1111 -9157 -17987
47314 -1121 -9286 -18135
47369 -1200 -9262 -18107
47396 -1322 -9379 -18145
47455 -1333 -9447 -18054
47480 -1243 -9309 -17975
47535 -1142 -9348 -18009
47564 -1154 -9305 -18025
47623 -1251 -9299 -18180
47644 -1324 -9358 -18126
47703 -1308 -9323 -18141
47728 -1238 -9383 -18055
47783 -1173 -9325 -18005
47812 -1189 -9373 -18056
47867 -1223 -9374 -18074
47896 -1299 -9338 -18130
47951 -1288 -9406 -18183
47976 -1244 -9263 -18048
48031 -1212 -9363 -18080
48062 -1205 -9363 -18061
48111 -1251 -9403 -18062
48160 -1263 -9366 -18085
48185 -1268 -9313 -18070
48240 -1253 -9368 -18193
48269 -1258 -9336 -18122
48324 -1260 -9353 -18051
48351 -1239 -9373 -18092
48406 -1224 -9352 -18047
48433 -1235 -9366 -18113
48488 -1264 -9350 -18134
48518 -1276 -9306 -18080
48573 -1280 -9404 -18192
48602 -1261 -9332 -18064
48657 -1251 -9330 -18075
48684 -1230 -9372 -18108
48739 -1256 -9366 -18072
48770 -1268 -9367 -18132
48809 -1269 -9295 -18088
48858 -1266 -9370 -18160
48907 -1263 -9383 -18102
48932 -1267 -9337 -18090
48989 -1263 -9394 -18153
49014 -1318 -10788 -17765
49071 -1513 -13490 -16308
49100 -1328 -13706 -16898
49155 -1108 -13693 -16662
49182 -1112 -13684 -16739
49237 -1289 -13690 -16531
49264 -1460 -14016 -16585
49319 -1442 -13699 -16482
49348 -1321 -13638 -16604
49403 -1225 -13504 -16637
49430 -1239 -13543 -16776
49483 -1370 -13618 -16799
49512 -1448 -13652 -16719
49563 -1398 -13709 -16759
49612 -1294 -13529 -16538
49637 -1216 -13558 -16598
49695 -1273 -13617 -16694
49722 -1397 -13651 -16744
49779 -1423 -13671 -16804
49804 -1398 -13578 -16638
49859 -1289 -13634 -16712
49886 -1274 -13568 -16637
49943 -1301 -13612 -16608
49970 -1360 -13678 -16693
50023 -1396 -13591 -16661
50054 -1367 -13668 -16781
50103 -1350 -13617 -16727
50152 -1338 -13618 -16655
50177 -1341 -13659 -16670
50230 -1347 -13631 -16600
50261 -1335 -13644 -16677
50312 -1348 -13552 -16658
50361 -1353 -13711 -16765
50398 -1387 -13658 -16729
50427 -1376 -13576 -16609
50482 -1347 -13650 -16680
50511 -1329 -13617 -16610
50564 -1339 -13680 -16705
50593 -1377 -13617 -16667
50648 -1392 -13652 -16684
50675 -1365 -13640 -16680
50732 -1359 -13650 -16677
50757 -1333 -13654 -16703
50812 -1372 -13635 -16607
50841 -1354 -13659 -16667
50892 -1364 -13654 -16689
50939 -1372 -13627 -16705
50966 -1176 -11747 -17766
51023 -1267 -11006 -17423
51050 -1392 -11328 -17774
51106 -1431 -11177 -17439
51133 -1390 -11278 -17781
51188 -1258 -11019 -17382
51217 -1250 -11185 -17831
51270 -1323 -11165 -17579
51299 -1392 -11161 -17682
51356 -1411 -11139 -17583
51381 -1337 -11181 -17638
51438 -1250 -11026 -17519
51464 -1266 -11111 -17568
51519 -1306 -11107 -17730
51550 -1405 -11141 -17698
51605 -1385 -11109 -17674
51632 -1330 -11165 -17659
51687 -1284 -11016 -17549
51716 -1246 -11125 -17582
51771 -1306 -11055 -17676
51798 -1357 -11100 -17642
51853 -1367 -11127 -17755
51880 -1376 -11110 -17666
51935 -1282 -11037 -17657
51964 -1289 -11051 -17582
52023 -1285 -11156 -17661
52046 -1324 -11075 -17679
52101 -1362 -11069 -17644
52128 -1328 -11097 -17719
52183 -1329 -11046 -17652
52212 -1304 -11090 -17687
52271 -1304 -11080 -17625
52296 -1321 -11064 -17641
52353 -1311 -11072 -17653
52378 -1307 -11044 -17652
52433 -1328 -11073 -17762
52462 -1332 -11057 -17646
52518 -1333 -11116 -17709
52547 -1339 -11076 -17666
52602 -1301 -11009 -17589
52629 -1299 -11080 -17701
52670 -1305 -11092 -17675
52719 -1330 -11038 -17724
52770 -1362 -11085 -17682
52793 -1326 -11053 -17631
52848 -1310 -11067 -17714
52879 -1297 -11076 -17649
52930 -1311 -10831 -16902
52977 -1594 -6733 -12144
53014 -2000 -5340 -9482
53043 -1819 -3086 -6897
53094 -1503 -2727 -6701
53125 -1479 -2671 -6601
53180 -1469 -2606 -6539
53207 -1471 -2578 -6505
53264 -1461 -2559 -6454
53291 -1451 -2549 -6422
53346 -1455 -2536 -6401
53375 -1450 -2541 -6365
53429 -1451 -2531 -6354
53456 -1452 -2520 -6334
53515 -1442 -2517 -6321
53540 -1438 -2512 -6306
53595 -1438 -2509 -6297
53624 -1440 -2498 -6280
53677 -1438 -2490 -6272
53706 -1434 -2485 -6256
53760 -1433 -2482 -6252
53791 -1431 -2475 -6245
53848 -1438 -2476 -6241
53875 -1427 -2471 -6232
53912 -1437 -2467 -6226
53963 -1428 -2458 -6218
54012 -1434 -2458 -6208
54037 -1431 -2458 -6202
54092 -1427 -2455 -6205
54121 -1424 -2457 -6200
54174 -1438 -2454 -6200
54205 -1427 -2447 -6190
54260 -1424 -2448 -6198
54287 -1429 -2441 -6181
54342 -1424 -2439 -6173
54369 -1428 -2437 -6173
54424 -1429 -2439 -6169
54453 -1424 -2430 -6170
54506 -1431 -2435 -6163
54533 -1434 -2430 -6163
54588 -1423 -2434 -6163
54619 -1426 -2430 -6156
54674 -1424 -2424 -6148
54701 -1425 -2434 -6150
54758 -1424 -2425 -6144
54785 -1427 -2426 -6145
54842 -1423 -2426 -6143
54867 -1419 -2414 -6138
54922 -1423 -2418 -6141
54951 -1427 -2397 -7177
55006 -2061 -5011 -11248
55033 -1710 -5760 -12930
55088 -1286 -6937 -13971
55115 -1128 -7321 -14419
55170 -1090 -7162 -14012
55199 -1295 -7268 -14485
55254 -1696 -7637 -14639
55281 -1661 -7351 -14545
55336 -1538 -7332 -14423
55363 -1295 -7127 -14242
55420 -1259 -7344 -14309
55448 -1337 -7357 -14515
55505 -1624 -8149 -14948
55532 -1592 -8082 -15097
55589 -1544 -8078 -15112
55614 -1392 -8360 -15257
55671 -1350 -8287 -15228
55696 -1409 -8752 -15644
55751 -1531 -9387 -15979
55778 -1496 -9439 -16369
55833 -1461 -9887 -16690
55862 -1357 -10029 -16873
55917 -1383 -10058 -16889
55944 -1376 -10509 -17257
55999 -1437 -10552 -17205
56026 -1407 -10691 -17299
56081 -1387 -10832 -17410
56110 -1344 -10705 -17374
56165 -1380 -10855 -17488
56192 -1395 -10755 -17442
56241 -1446 -10871 -17489
56292 -1397 -10865 -17463
56319 -1402 -10858 -17424
56375 -1366 -10843 -17462
56402 -1388 -10840 -17461
56457 -1414 -10894 -17580
56484 -1439 -10892 -17516
56539 -1426 -10891 -17549
56568 -1397 -10898 -17457
56625 -1360 -10868 -17490
56652 -1386 -10968 -17557
56707 -1386 -10887 -17520
56734 -1434 -10903 -17562
56791 -1418 -10978 -17605
56818 -1400 -10910 -17562
56875 -1346 -10548 -17731
56902 -1346 -10441 -17592
56957 -1375 -10331 -17755
56984 -1390 -10285 -17673
57039 -1383 -10291 -17740
57066 -1380 -10259 -17759
57121 -1369 -10280 -17713
57150 -1394 -10311 -17783
57199 -1388 -10307 -17761
57250 -1383 -10297 -17725
57287 -1360 -10340 -17764
57316 -1354 -10298 -17776
57368 -1369 -10298 -17767
57417 -1379 -10326 -17798
57440 -1383 -10336 -17768
57497 -1371 -10339 -17813
57522 -1363 -10318 -17755
57581 -1363 -10326 -17784
57606 -1367 -10323 -17787
57661 -1391 -10356 -17838
57690 -1386 -10341 -17815
57747 -1383 -10308 -17782
57774 -1370 -10334 -17814
57831 -1397 -10382 -17838
57854 -1373 -10338 -17811
57909 -1379 -10370 -17818
57938 -1340 -10376 -17839
57995 -1371 -10375 -17853
58022 -1354 -10346 -17806
58075 -1359 -10399 -17853
58104 -1364 -10362 -17810
58159 -1335 -10405 -17859
58190 -1322 -10377 -17847
58237 -1350 -10369 -17825
58286 -1335 -10399 -17898
58313 -1344 -10420 -17862
58370 -1340 -10370 -17855
58395 -1329 -10382 -17848
58451 -1352 -10416 -17854
58480 -1345 -10410 -17886
58535 -1346 -10367 -17851
58560 -1333 -10396 -17882
58615 -1348 -10423 -17876
58642 -1346 -10412 -17852
58697 -1323 -10402 -17894
58726 -1329 -10388 -17844
58775 -1315 -10433 -17871
58826 -1321 -10450 -18017
58853 -1432 -11676 -17150
58912 -1391 -11540 -17764
58935 -1317 -11780 -17499
58991 -1329 -11813 -17687
59020 -1396 -11861 -17643
59075 -1428 -11910 -17532
59100 -1421 -11883 -17591
59155 -1346 -11844 -17581
59184 -1356 -11850 -17557
59235 -1359 -11865 -17638
59286 -1437 -11885 -17586
59310 -1426 -11933 -17617
59367 -1394 -11859 -17583
59392 -1354 -11810 -17511
59449 -1361 -11959 -17614
59474 -1418 -11841 -17573
59533 -1437 -11896 -17553
59560 -1401 -11873 -17611
59615 -1389 -11860 -17557
59640 -1373 -11926 -17619
59697 -1408 -11880 -17547
59724 -1413 -11911 -17580
59779 -1378 -11878 -17553
59808 -1380 -11910 -17582
59861 -1378 -11904 -17609
59890 -1410 -11859 -17559
59945 -1387 -11975 -17574
59972 -1374 -11881 -17590
60023 -1360 -11890 -17550
60058 -1347 -11921 -17591
60105 -1379 -11900 -17570
60158 -1373 -11945 -17585
60183 -1364 -11847 -17579
60240 -1346 -11950 -17590
60263 -1352 -11905 -17538
60318 -1387 -11935 -17615
60347 -1363 -11930 -17561
60402 -1373 -11863 -17560
60431 -1360 -11970 -17594
60486 -1376 -11910 -17591
60513 -1397 -11959 -17609
60568 -1373 -11917 -17513
60595 -1358 -11873 -17573
60652 -1345 -11988 -17596
60679 -1351 -11918 -17595
60734 -1376 -11943 -17569
60763 -1348 -11897 -17541
60820 -1251 -10901 -17738
60845 -1279 -10014 -17787
60900 -1377 -10181 -17846
60929 -1422 -10345 -17880
60986 -1370 -10202 -17959
61013 -1285 -10005 -17773
61070 -1285 -10167 -17962
61093 -1341 -10054 -17943
61148 -1454 -10171 -17930
61179 -1439 -10106 -17886
61226 -1400 -10121 -17937
61278 -1348 -10107 -17815
61304 -1353 -10062 -17919
61359 -1383 -10134 -17954
61384 -1427 -10053 -17906
61442 -1417 -10098 -17957
61468 -1387 -10191 -17951
61525 -1373 -9990 -17861
61553 -1361 -10148 -17886
61606 -1361 -10053 -17920
61635 -1421 -10153 -17979
61688 -1439 -10092 -17952
61717 -1421 -10060 -17939
61774 -1361 -10144 -17882
61799 -1346 -10024 -17955
61854 -1384 -10168 -17910
61885 -1374 -10080 -17908
61938 -1394 -10156 -17986
61967 -1336 -10090 -17926
62022 -1306 -10046 -17975
62051 -1320 -10174 -17916
62106 -1304 -10086 -17958
62133 -1322 -10161 -17954
62188 -1259 -10097 -17935
62215 -1279 -10090 -17954
62270 -1283 -10123 -17975
62299 -1313 -10139 -17984
62352 -1319 -10120 -17959
62401 -1275 -10086 -17902
62440 -1289 -10104 -17960
62463 -1319 -10214 -17998
62520 -1333 -10013 -17897
62549 -1372 -10166 -17989
62598 -1321 -10092 -17960
62647 -1358 -10107 -17960
62672 -1323 -10095 -17947
62729 -1346 -10164 -17962
62756 -1351 -10200 -18086
62811 -1543 -12603 -16950
62838 -1470 -12590 -17712
62895 -1296 -12646 -17330
62922 -1292 -12610 -17519
62977 -1401 -12646 -17369
63004 -1502 -12817 -17346
63059 -1480 -12753 -17340
63088 -1390 -12783 -17283
63137 -1305 -12695 -17365
63188 -1351 -12649 -17383
63213 -1385 -12777 -17378
63267 -1465 -12761 -17437
63296 -1433 -12806 -17372
63349 -1369 -12718 -17312
63378 -1309 -12728 -17268
63437 -1305 -12776 -17327
63462 -1401 -12719 -17413
63517 -1443 -12794 -17375
63546 -1431 -12792 -17397
63601 -1413 -12753 -17347
63628 -1348 -12748 -17309
63683 -1378 -12706 -17315
63710 -1397 -12805 -17320
63765 -1392 -12764 -17398
63792 -1455 -12793 -17382
63849 -1388 -12740 -17304
63880 -1400 -12708 -17358
63937 -1365 -12819 -17353
63961 -1376 -12775 -17333
64019 -1430 -12763 -17330
64042 -1391 -12746 -17299
64098 -1382 -12779 -17454
64125 -1396 -12765 -17334
64180 -1392 -12761 -17345
64211 -1422 -12785 -17332
64270 -1377 -12821 -17303
64293 -1379 -12713 -17359
64348 -1395 -12789 -17297
64376 -1377 -12797 -17419
64435 -1437 -12796 -17342
64460 -1373 -12748 -17299
64517 -1395 -12757 -17356
64540 -1354 -12797 -17310
64599 -1368 -12753 -17330
64624 -1416 -12835 -17377
64681 -1407 -12726 -17281
64708 -1405 -12787 -17369
64763 -1244 -11068 -17913
64792 -1239 -9154 -18101
64845 -1435 -9524 -18148
64874 -1534 -9557 -17997
64929 -1513 -9483 -18158
64956 -1316 -9312 -17992
65011 -1240 -9202 -18115
65038 -1270 -9277 -18236
65089 -1373 -9270 -18146
65138 -1442 -9375 -18175
65165 -1374 -9433 -18116
65218 -1270 -9272 -18001
65247 -1283 -9338 -18123
65302 -1260 -9212 -18158
65329 -1399 -9384 -18247
65386 -1397 -9315 -18204
65411 -1393 -9328 -18146
65470 -1296 -9332 -18097
65495 -1271 -9239 -18065
65552 -1320 -9356 -18144
65581 -1414 -9328 -18205
65638 -1437 -9314 -18226
65661 -1393 -9250 -18119
65718 -1310 -9278 -18172
65743 -1330 -9396 -18175
65798 -1352 -9266 -18048
65827 -1391 -9401 -18169
65882 -1353 -9307 -18173
65909 -1366 -9281 -18167
65968 -1360 -9350 -18247
65993 -1386 -9276 -18123
66050 -1355 -9396 -18173
66077 -1328 -9298 -18132
66132 -1333 -9370 -18133
66159 -1350 -9299 -18183
66216 -1377 -9330 -18184
66241 -1364 -9363 -18207
66296 -1352 -9256 -18140
66327 -1326 -9375 -18173
66386 -1327 -9339 -18136
66407 -1343 -9353 -18163
66466 -1331 -9321 -18174
66491 -1333 -9253 -18170
66546 -1351 -9407 -18221
66573 -1362 -9293 -18171
66624 -1350 -9359 -18166
66675 -1320 -9307 -18101
66698 -1376 -10076 -18141
66753 -1547 -12715 -17483
66782 -1479 -13820 -16524
66834 -1298 -13677 -16687
66881 -1163 -13499 -16705
66906 -1258 -13748 -16799
66963 -1477 -13935 -16736
66988 -1542 -13731 -16489
67049 -1435 -13663 -16659
67072 -1275 -13503 -16723
67129 -1263 -13476 -16828
67157 -1367 -13525 -16821
67212 -1474 -13673 -16949
67240 -1493 -13634 -16814
67297 -1373 -13509 -16613
67320 -1301 -13555 -16720
67375 -1307 -13563 -16732
67406 -1400 -13556 -16799
67455 -1499 -13618 -16829
67490 -1487 -13591 -16819
67539 -1436 -13586 -16832
67588 -1358 -13561 -16712
67613 -1350 -13511 -16692
67670 -1394 -13597 -16768
67697 -1431 -13588 -16750
67754 -1459 -13592 -16854
67779 -1436 -13567 -16809
67832 -1387 -13533 -16774
67863 -1382 -13649 -16792
67914 -1378 -13523 -16668
67947 -1401 -13596 -16784
67996 -1388 -13608 -16752
68047 -1398 -13578 -16832
68084 -1397 -13604 -16810
68111 -1398 -13520 -16751
68168 -1404 -13614 -16771
68193 -1385 -13627 -16764
68252 -1390 -13524 -16711
68275 -1374 -13635 -16777
68332 -1382 -13531 -16767
68359 -1401 -13629 -16824
68416 -1374 -13642 -16862
68443 -1409 -13504 -16651
68500 -1367 -13685 -16780
68525 -1366 -13517 -16719
68578 -1386 -13578 -16766
68609 -1378 -13678 -16853
68664 -1433 -13218 -16692
68693 -1242 -10618 -18286
68748 -1346 -11551 -17106
68775 -1457 -10940 -17942
68828 -1429 -11395 -17352
68859 -1356 -10929 -17756
68916 -1284 -11343 -17655
68943 -1318 -10978 -17676
69000 -1405 -11287 -17719
69037 -1398 -11204 -17792
69066 -1434 -11031 -17598
69121 -1304 -11172 -17629
69148 -1290 -10992 -17641
69203 -1315 -11132 -17724
69232 -1341 -11184 -17799
69287 -1446 -11031 -17718
69316 -1373 -11184 -17725
69371 -1323 -11011 -17651
69399 -1283 -11090 -17675
69455 -1279 -11072 -17687
69482 -1368 -11052 -17722
69539 -1384 -11165 -17790
69564 -1386 -10984 -17705
69618 -1355 -11137 -17756
69647 -1282 -11091 -17741
69700 -1343 -11007 -17635
69729 -1334 -11127 -17746
69788 -1367 -10965 -17679
69815 -1370 -11132 -17778
69868 -1347 -11110 -17798
69897 -1357 -10993 -17732
69954 -1336 -11102 -17711
69979 -1325 -11002 -17661
70036 -1335 -11095 -17805
70061 -1321 -11043 -17733
70117 -1372 -11026 -17712
70146 -1333 -11135 -17787
70202 -1329 -10960 -17713
70231 -1332 -11109 -17759
70288 -1308 -11067 -17735
70311 -1346 -11020 -17712
70368 -1335 -11102 -17770
70395 -1345 -10980 -17716
70452 -1348 -11087 -17788
70477 -1308 -11071 -17768
70528 -1356 -11031 -17754
70579 -1322 -11074 -17732
70602 -1309 -10950 -17651
70659 -1418 -9759 -14892
70688 -1715 -5641 -11083
70741 -2035 -3935 -7340
70768 -1519 -2777 -6775
70825 -1491 -2698 -6648
70850 -1474 -2643 -6577
70907 -1473 -2591 -6521
70932 -1460 -2586 -6489
70991 -1463 -2574 -6447
71018 -1460 -2547 -6414
71075 -1445 -2546 -6377
71102 -1446 -2536 -6367
71157 -1446 -2519 -6348
71182 -1444 -2511 -6328
71237 -1439 -2514 -6314
71266 -1444 -2513 -6296
71323 -1444 -2509 -6299
71348 -1446 -2497 -6288
71403 -1435 -2493 -6272
71432 -1437 -2493 -6268
71487 -1438 -2481 -6257
71512 -1430 -2480 -6249
71567 -1430 -2477 -6247
71614 -1435 -2477 -6234
71649 -1426 -2466 -6231
71680 -1431 -2470 -6221
71729 -1432 -2467 -6213
71780 -1431 -2460 -6208
71803 -1430 -2459 -6209
71858 -1434 -2458 -6205
71885 -1435 -2451 -6192
71940 -1431 -2451 -6195
71989 -1433 -2449 -6197
72026 -1426 -2449 -6186
72053 -1432 -2445 -6178
72111 -1420 -2442 -6181
72137 -1430 -2440 -6178
72195 -1429 -2442 -6169
72220 -1426 -2439 -6165
72275 -1428 -2441 -6175
72304 -1425 -2439 -6168
72361 -1424 -2427 -6164
72398 -1432 -2431 -6165
72427 -1423 -2425 -6158
72484 -1431 -2430 -6157
72507 -1428 -2428 -6154
72564 -1430 -2424 -6144
72591 -1426 -2419 -6147
72646 -1429 -2409 -6156
72675 -1740 -3765 -10353
72730 -1968 -5658 -11808
72757 -1379 -6182 -14220
72814 -1174 -7383 -13868
72841 -1109 -7117 -14477
72898 -1223 -7135 -14077
72923 -1609 -7416 -14520
72978 -1743 -7491 -14774
73009 -1563 -7240 -14339
73058 -1369 -7260 -14461
73106 -1199 -7214 -14242
73133 -1259 -7265 -14334
73192 -1462 -7832 -14975
73215 -1617 -8168 -15008
73270 -1534 -8006 -15099
73297 -1453 -8220 -15365
73352 -1335 -8171 -15142
73381 -1350 -8542 -15572
73436 -1430 -9391 -16090
73463 -1503 -9420 -16279
73516 -1499 -9780 -16608
73545 -1330 -10011 -16837
73600 -1394 -9964 -16855
73627 -1329 -10192 -17072
73684 -1453 -10584 -17204
73711 -1416 -10531 -17292
73764 -1379 -10668 -17322
73793 -1316 -10671 -17400
73842 -1361 -10808 -17521
73895 -1380 -10649 -17401
73920 -1453 -10871 -17498
73977 -1396 -10795 -17476
74004 -1389 -10745 -17439
74045 -1302 -10885 -17476
74096 -1390 -10758 -17484
74145 -1404 -10912 -17543
74168 -1418 -10744 -17521
74223 -1416 -10890 -17565
74252 -1388 -10842 -17540
74305 -1364 -10830 -17486
74336 -1383 -10930 -17531
74391 -1386 -10751 -17480
74418 -1417 -10984 -17638
74473 -1411 -10849 -17562
74502 -1437 -10863 -17570
74557 -1377 -10531 -17513
74584 -1368 -10065 -17583
74639 -1406 -10260 -17748
74666 -1430 -10218 -17668
74723 -1434 -10255 -17736
74751 -1371 -10169 -17678
74808 -1358 -10222 -17786
74833 -1422 -10200 -17744
74888 -1396 -10222 -17705
74917 -1427 -10290 -17748
74974 -1355 -10198 -17719
74999 -1380 -10216 -17750
75058 -1398 -10265 -17735
75083 -1469 -10257 -17817
75142 -1461 -10255 -17813
75177 -1425 -10229 -17727
75210 -1332 -10263 -17796
75257 -1414 -10305 -17776
75306 -1366 -10258 -17761
75331 -1457 -10326 -17836
75386 -1372 -10227 -17738
75417 -1396 -10255 -17867
75472 -1341 -10375 -17810
75499 -1439 -10225 -17785
75554 -1273 -10370 -17784
75581 -1415 -10277 -17826
75638 -1299 -10341 -17860
75665 -1430 -10272 -17789
75720 -1354 -10305 -17835
75747 -1445 -10389 -17872
75802 -1335 -10192 -17750
75831 -1414 -10440 -17913
75884 -1333 -10265 -17770
75913 -1447 -10387 -17891
75968 -1354 -10339 -17842
75997 -1424 -10255 -17828
76055 -1258 -10430 -17898
76080 -1441 -10328 -17832
76141 -1325 -10389 -17839
76176 -1404 -10294 -17835
76203 -1299 -10338 -17858
76258 -1394 -10407 -17884
76287 -1370 -10311 -17876
76340 -1421 -10410 -17862
76369 -1353 -10287 -17840
76418 -1386 -10393 -17869
76469 -1353 -10354 -17892
76492 -1439 -10324 -17909
76547 -1443 -11909 -17006
76576 -1471 -11465 -17811
76625 -1280 -11695 -17500
76678 -1347 -11627 -17660
76703 -1383 -11709 -17618
76760 -1492 -11835 -17576
76785 -1422 -11712 -17562
76842 -1372 -11751 -17553
76867 -1201 -11710 -17529
76922 -1431 -11720 -17647
76951 -1370 -11806 -17579
77000 -1501 -11715 -17596
77054 -1428 -11754 -17514
77075 -1424 -11729 -17580
77130 -1394 -11765 -17561
77158 -1440 -11702 -17520
77212 -1465 -11820 -17644
77243 -1428 -11764 -17585
77299 -1406 -11741 -17563
77324 -1419 -11752 -17543
77380 -1433 -11735 -17541
77408 -1413 -11813 -17570
77464 -1377 -11750 -17564
77492 -1391 -11774 -17579
77547 -1387 -11723 -17574
77576 -1415 -11814 -17624
77635 -1430 -11782 -17543
77670 -1466 -11701 -17557
77699 -1405 -11857 -17525
77754 -1398 -11679 -17587
77781 -1427 -11808 -17595
77840 -1438 -11741 -17571
77865 -1481 -11785 -17605
77922 -1442 -11784 -17518
77949 -1428 -11678 -17604
78006 -1377 -11840 -17562
78031 -1434 -11725 -17520
78088 -1477 -11832 -17633
78115 -1445 -11747 -17518
78172 -1458 -11687 -17601
78197 -1405 -11852 -17541
78254 -1397 -11747 -17601
78281 -1456 -11821 -17588
78338 -1433 -11763 -17493
78363 -1456 -11752 -17645
78420 -1415 -11831 -17584
78445 -1413 -11710 -17581
78504 -1387 -11164 -17496
78529 -1382 -9827 -17810
78586 -1460 -10176 -17928
78615 -1502 -10217 -17822
78672 -1437 -10019 -17966
78697 -1387 -10041 -17778
78750 -1338 -10023 -17964
78779 -1409 -9954 -17968
78836 -1436 -10066 -17851
78860 -1420 -10023 -18032
78923 -1404 -10109 -17868
78946 -1350 -9981 -17834
79004 -1385 -9971 -17955
79033 -1372 -10040 -17907
79091 -1400 -10042 -18054
79109 -1462 -10023 -17894
79166 -1384 -10001 -17906
79195 -1394 -10007 -17959
79250 -1344 -10069 -17883
79277 -1349 -9973 -17963
79330 -1425 -10031 -17935
79361 -1385 -10048 -17950
79416 -1415 -9946 -17992
79443 -1366 -10050 -17931
79498 -1341 -10003 -17962
79525 -1407 -10051 -17896
79580 -1365 -10027 -17934
79609 -1405 -9973 -18013
79664 -1377 -10062 -17928
79691 -1371 -9970 -17978
79750 -1388 -10086 -17992
79773 -1362 -9991 -17884
79834 -1382 -9970 -17960
79858 -1348 -10092 -17957
79914 -1377 -9995 -17989
79940 -1411 -10047 -17979
80003 -1366 -9982 -17893
80026 -1392 -10002 -18031
80081 -1364 -10084 -17941
80108 -1376 -9983 -17969
80163 -1401 -10049 -17940
80192 -1357 -10025 -17933
80247 -1403 -9988 -18045
80274 -1381 -10035 -17892
80329 -1367 -10011 -18034
80356 -1413 -10056 -17930
80415 -1360 -10034 -17930
80440 -1399 -10014 -18056
80495 -1521 -12108 -17398
80526 -1449 -12586 -17800
80583 -1375 -12486 -17268
80620 -1289 -12452 -17530
80649 -1388 -12414 -17365
80688 -1496 -12792 -17483
80745 -1517 -12612 -17408
80790 -1479 -12594 -17236
80831 -1339 -12556 -17376
80859 -1364 -12550 -17409
80896 -1429 -12630 -17430
80953 -1510 -12638 -17477
80978 -1528 -12662 -17349
81037 -1429 -12638 -17323
81062 -1384 -12515 -17311
81121 -1391 -12665 -17365
81144 -1442 -12632 -17402
81201 -1538 -12649 -17378
81230 -1482 -12657 -17451
81289 -1451 -12571 -17340
81332 -1398 -12629 -17336
81351 -1398 -12647 -17383
81412 -1469 -12617 -17330
81435 -1461 -12671 -17342
81494 -1481 -12573 -17374
81519 -1451 -12675 -17426
81578 -1430 -12642 -17407
81608 -1472 -12590 -17302
81646 -1442 -12688 -17336
81697 -1468 -12588 -17360
81726 -1455 -12685 -17382
81787 -1441 -12620 -17414
81808 -1486 -12618 -17354
81869 -1436 -12717 -17427
81892 -1417 -12556 -17321
81945 -1401 -12678 -17342
81976 -1379 -12662 -17415
82036 -1370 -12629 -17351
82063 -1425 -12692 -17382
82118 -1441 -12595 -17395
82159 -1382 -12644 -17362
82184 -1434 -12668 -17383
82241 -1436 -12668 -17362
82266 -1437 -12650 -17313
82327 -1461 -12607 -17348
82348 -1397 -12732 -17424
82407 -1438 -12629 -17392
82436 -1287 -11229 -17557
82475 -1241 -9208 -18157
82526 -1358 -9337 -18025
82558 -1502 -9440 -18113
82617 -1448 -9388 -18130
82642 -1334 -9213 -17979
82699 -1213 -9206 -18178
82724 -1295 -9052 -18164
82783 -1389 -9290 -18221
82806 -1435 -9255 -18186
82863 -1426 -9309 -18091
82890 -1294 -9256 -18049
82945 -1250 -9133 -18057
82972 -1301 -9201 -18194
83029 -1379 -9227 -18265
83056 -1458 -9215 -18207
83111 -1384 -9248 -18165
83138 -1283 -9130 -18059
83193 -1268 -9269 -18141
83220 -1282 -9212 -18160
83275 -1398 -9180 -18115
83304 -1391 -9257 -18254
83355 -1394 -9157 -18188
83386 -1348 -9210 -18165
83437 -1263 -9206 -18149
83486 -1356 -9231 -18099
83511 -1342 -9283 -18186
83568 -1376 -9170 -18126
83595 -1360 -9222 -18223
83650 -1342 -9173 -18233
83677 -1357 -9208 -18143
83730 -1344 -9274 -18206
83761 -1333 -9138 -18048
83810 -1364 -9235 -18188
83861 -1335 -9259 -18221
83884 -1381 -9164 -18170
83941 -1376 -9184 -18197
83968 -1348 -9188 -18130
84029 -1347 -9247 -18204
84052 -1314 -9190 -18155
84093 -1368 -9206 -18137
84144 -1361 -9250 -18196
84191 -1365 -9153 -18150
84216 -1377 -9189 -18258
84275 -1360 -9201 -18182
84298 -1363 -9206 -18178
84355 -1367 -9234 -18184
84382 -1350 -9665 -18211
84439 -1502 -12233 -17746
84464 -1474 -13746 -16399
84523 -1349 -13526 -16757
84550 -1185 -13490 -16777
84591 -1253 -13615 -16789
84640 -1476 -13733 -16797
84673 -1538 -13718 -16573
84725 -1462 -13521 -16705
84774 -1342 -13446 -16736
84797 -1278 -13312 -16760
84855 -1377 -13467 -16980
84878 -1465 -13541 -16984
84935 -1481 -13411 -16781
84962 -1392 -13571 -16812
85019 -1267 -13383 -16702
85046 -1260 -13443 -16807
85105 -1293 -13463 -16821
85128 -1391 -13490 -16901
85188 -1393 -13555 -16888
85213 -1336 -13416 -16798
85272 -1286 -13466 -16823
85311 -1240 -13466 -16725
85336 -1323 -13513 -16823
85395 -1359 -13494 -16803
85420 -1372 -13410 -16824
85479 -1367 -13589 -16930
85502 -1360 -13461 -16835
85563 -1353 -13417 -16755
85584 -1354 -13519 -16761
85641 -1347 -13456 -16744
85671 -1388 -13513 -16827
85728 -1370 -13434 -16826
85765 -1406 -13500 -16833
85796 -1370 -13493 -16841
85855 -1380 -13428 -16764
85878 -1364 -13497 -16801
85935 -1362 -13465 -16748
85980 -1400 -13454 -16778
86001 -1418 -13512 -16845
86054 -1447 -13451 -16821
86083 -1431 -13499 -16809
86142 -1396 -13473 -16793
86167 -1408 -13476 -16784
86222 -1384 -13483 -16774
86253 -1405 -13430 -16759
86308 -1397 -13515 -16834
86333 -1400 -13491 -16829
86388 -1213 -11343 -18045
86415 -1315 -11157 -17358
86470 -1457 -11210 -17774
86497 -1489 -11271 -17503
86550 -1414 -11170 -17761
86581 -1301 -10969 -17423
86630 -1299 -11205 -17863
86681 -1373 -11057 -17632
86706 -1455 -11149 -17752
86761 -1432 -11075 -17651
86790 -1370 -11057 -17644
86840 -1298 -11013 -17630
86893 -1349 -11006 -17650
86928 -1383 -11050 -17764
86955 -1449 -11128 -17768
87012 -1430 -11017 -17701
87037 -1361 -11048 -17711
87094 -1292 -10936 -17590
87121 -1310 -11039 -17662
87176 -1357 -11081 -17788
87205 -1429 -10951 -17693
87256 -1409 -11129 -17779
87305 -1365 -10965 -17711
87340 -1341 -11024 -17714
87389 -1318 -11076 -17723
87428 -1374 -10908 -17630
87453 -1361 -11098 -17740
87508 -1371 -10946 -17740
87537 -1357 -11015 -17755
87592 -1333 -11075 -17748
87619 -1363 -10934 -17697
87674 -1324 -11071 -17728
87704 -1349 -10891 -17670
87759 -1347 -11050 -17719
87786 -1340 -11022 -17764
87844 -1396 -10963 -17742
87871 -1356 -11062 -17721
87926 -1369 -10907 -17724
87953 -1349 -11068 -17731
88006 -1337 -10998 -17733
88035 -1375 -10950 -17714
88090 -1325 -11028 -17696
88119 -1359 -10955 -17785
88170 -1347 -11051 -17769
88221 -1322 -10961 -17713
88258 -1359 -10987 -17708
88285 -1301 -11035 -17721
88344 -1337 -10829 -17330
88379 -1577 -6373 -11714
88428 -1976 -4882 -9100
88465 -1785 -2958 -6884
88492 -1507 -2730 -6702
88547 -1482 -2674 -6623
88576 -1473 -2609 -6551
88633 -1464 -2585 -6500
88658 -1460 -2577 -6463
88713 -1454 -2559 -6431
88742 -1446 -2548 -6405
88798 -1443 -2550 -6382
88825 -1444 -2537 -6360
88882 -1446 -2527 -6341
88905 -1440 -2527 -6326
88960 -1435 -2520 -6318
88989 -1435 -2510 -6301
89048 -1432 -2511 -6294
89073 -1435 -2500 -6286
89130 -1436 -2492 -6273
89157 -1437 -2496 -6265
89214 -1433 -2486 -6256
89251 -1434 -2486 -6247
89280 -1429 -2482 -6245
89339 -1427 -2481 -6239
89364 -1421 -2479 -6232
89417 -1431 -2473 -6229
89446 -1428 -2468 -6220
89505 -1430 -2465 -6223
89528 -1425 -2460 -6221
89585 -1430 -2460 -6214
89611 -1419 -2462 -6211
89666 -1422 -2455 -6199
89695 -1425 -2451 -6196
89750 -1421 -2449 -6192
89777 -1426 -2451 -6185
89836 -1419 -2449 -6191
89859 -1427 -2447 -6177
89914 -1432 -2440 -6176
89943 -1425 -2446 -6177
89996 -1422 -2441 -6178
90045 -1421 -2430 -6166
90068 -1423 -2432 -6165
90123 -1425 -2429 -6163
90150 -1429 -2434 -6163
90207 -1421 -2434 -6160
90232 -1421 -2430 -6157
90289 -1423 -2430 -6150
90316 -1423 -2419 -6152
90373 -1435 -2549 -7424
90401 -2076 -4991 -11138
90458 -1791 -6247 -13744
90483 -1378 -7535 -14089
90540 -1267 -7713 -14652
90563 -1210 -7702 -14276
90624 -1523 -7659 -14551
90651 -1907 -8193 -14909
90689 -1834 -7859 -14773
90740 -1671 -7780 -14586
90789 -1417 -7718 -14542
90814 -1391 -7668 -14484
90869 -1519 -7899 -14705
90896 -1754 -8431 -15059
90955 -1787 -8255 -15047
90980 -1680 -8456 -15230
91037 -1567 -8522 -15214
91064 -1482 -8531 -15307
91125 -1570 -9271 -15938
91148 -1702 -9525 -16157
91207 -1656 -9906 -16479
91244 -1633 -10193 -16791
91271 -1537 -10434 -16937
91328 -1503 -10442 -16914
91353 -1611 -10759 -17220
91410 -1627 -11001 -17197
91435 -1609 -11044 -17312
91492 -1578 -11167 -17393
91519 -1514 -11093 -17435
91576 -1575 -11209 -17437
91601 -1598 -11243 -17527
91662 -1621 -11140 -17436
91685 -1595 -11326 -17511
91742 -1517 -11253 -17455
91769 -1573 -11231 -17434
91826 -1561 -11297 -17528
91851 -1606 -11209 -17493
91908 -1628 -11331 -17576
91935 -1584 -11318 -17585
91992 -1593 -11251 -17491
92017 -1559 -11311 -17481
92076 -1533 -11266 -17544
92101 -1572 -11372 -17593
92154 -1574 -11287 -17559
92183 -1624 -11336 -17607
92238 -1564 -11338 -17513
92267 -1509 -10431 -18002
92316 -1513 -10772 -17653
92365 -1582 -10582 -17675
92390 -1599 -10644 -17733
92445 -1554 -10619 -17696
92492 -1519 -10469 -17752
92529 -1529 -10696 -17801
92558 -1557 -10552 -17754
92613 -1615 -10675 -17785
92638 -1557 -10627 -17712
92697 -1547 -10570 -17721
92722 -1495 -10618 -17786
92779 -1544 -10616 -17789
92806 -1597 -10658 -17804
92863 -1591 -10608 -17790
92890 -1561 -10620 -17741
92947 -1548 -10708 -17810
92970 -1550 -10603 -17759
93025 -1594 -10637 -17760
93056 -1584 -10708 -17815
93106 -1584 -10649 -17808
93153 -1560 -10630 -17776
93182 -1529 -10680 -17828
93239 -1556 -10668 -17761
93266 -1541 -10697 -17791
93323 -1544 -10637 -17827
93346 -1554 -10697 -17774
93405 -1522 -10667 -17891
93428 -1561 -10683 -17789
93485 -1528 -10693 -17829
93513 -1543 -10643 -17799
93570 -1521 -10700 -17791
93597 -1528 -10703 -17893
93654 -1547 -10672 -17786
93683 -1541 -10711 -17830
93738 -1530 -10653 -17841
93773 -1539 -10717 -17826
93804 -1517 -10710 -17893
93853 -1578 -10659 -17741
93904 -1536 -10746 -17855
93929 -1563 -10642 -17861
93968 -1548 -10739 -17823
94019 -1541 -10639 -17858
94054 -1573 -10774 -17854
94111 -1557 -10659 -17848
94140 -1544 -10676 -17791
94199 -1548 -10737 -17888
94220 -1597 -11578 -17865
94273 -1614 -12213 -17770
94302 -1554 -12109 -17571
94357 -1545 -12014 -17665
94386 -1548 -12191 -17528
94443 -1628 -12189 -17703
94468 -1639 -12150 -17559
94525 -1626 -12143 -17555
94552 -1561 -12195 -17634
94611 -1577 -12140 -17578
94636 -1602 -12089 -17590
94675 -1661 -12302 -17648
94726 -1628 -12135 -17607
94777 -1623 -12155 -17515
94800 -1574 -12151 -17640
94855 -1591 -12184 -17548
94882 -1614 -12214 -17626
94941 -1674 -12169 -17620
94964 -1628 -12192 -17581
95021 -1630 -12138 -17616
95050 -1592 -12236 -17582
95099 -1614 -12159 -17600
95132 -1652 -12219 -17589
95179 -1627 -12167 -17529
95228 -1635 -12166 -17666
95257 -1619 -12221 -17594
95314 -1610 -12164 -17592
95339 -1633 -12213 -17579
95394 -1614 -12189 -17560
95423 -1626 -12188 -17645
95474 -1616 -12189 -17563
95523 -1622 -12180 -17591
95546 -1659 -12251 -17635
95605 -1639 -12178 -17558
95632 -1620 -12175 -17618
95689 -1615 -12231 -17581
95723 -1617 -12216 -17610
95756 -1645 -12224 -17585
95805 -1625 -12191 -17560
95856 -1639 -12176 -17648
95880 -1605 -12227 -17558
95924 -1604 -12242 -17646
95965 -1649 -12179 -17559
96016 -1590 -12182 -17533
96047 -1617 -12247 -17674
96096 -1590 -12229 -17575
96145 -1613 -12187 -17623
96168 -1638 -12229 -17457
96223 -1460 -10400 -18321
96252 -1554 -10537 -17742
96313 -1677 -10482 -17957
96336 -1656 -10440 -17775
96395 -1626 -10442 -17836
96420 -1514 -10247 -17904
96479 -1552 -10283 -17903
96502 -1580 -10341 -17942
96561 -1629 -10390 -17982
96586 -1650 -10355 -17828
96643 -1543 -10330 -17881
96669 -1521 -10252 -17854
96726 -1542 -10358 -17887
96753 -1576 -10323 -18037
96809 -1670 -10345 -17865
96835 -1588 -10310 -17951
96893 -1550 -10302 -17873
96916 -1510 -10375 -17924
96971 -1547 -10294 -17922
97002 -1586 -10330 -17855
97059 -1576 -10386 -18026
97084 -1576 -10278 -17902
97139 -1546 -10275 -17933
97166 -1533 -10328 -17930
97221 -1574 -10370 -17898
97250 -1541 -10333 -17938
97305 -1542 -10277 -17850
97334 -1519 -10383 -18000
97393 -1529 -10299 -17960
97414 -1545 -10345 -17913
97469 -1560 -10344 -17962
97500 -1520 -10324 -17866
97549 -1528 -10356 -17991
97600 -1518 -10345 -17925
97625 -1550 -10306 -17970
97678 -1546 -10334 -17947
97709 -1521 -10373 -17935
97768 -1501 -10323 -18018
97789 -1472 -10285 -17872
97846 -1512 -10367 -17986
97874 -1520 -10368 -17931
97929 -1533 -10299 -17941
97955 -1505 -10324 -18006
98011 -1520 -10351 -17920
98040 -1503 -10324 -17994
98090 -1552 -10367 -17939
98140 -1502 -10340 -17922
98163 -1570 -11069 -18216
98222 -1606 -12993 -16948
98246 -1559 -12914 -17463
98305 -1435 -12865 -17489
98340 -1546 -12904 -17011
98373 -1615 -13252 -17889
98426 -1733 -12886 -16774
98455 -1616 -13169 -17537
98512 -1613 -13009 -17036
98537 -1525 -13010 -17386
98592 -1629 -12920 -17269
98623 -1673 -13095 -17307
98672 -1737 -13087 -17427
98723 -1755 -13032 -17102
98746 -1629 -13035 -17279
98803 -1650 -13037 -17216
98840 -1581 -12963 -17271
98869 -1670 -13152 -17302
98926 -1703 -13054 -17346
98953 -1718 -13055 -17246
99012 -1631 -12926 -17232
99035 -1660 -13154 -17239
99096 -1678 -12957 -17233
99119 -1713 -13111 -17248
99176 -1702 -12999 -17249
99204 -1737 -13050 -17277
99261 -1707 -13101 -17372
99288 -1766 -12925 -17153
99343 -1710 -13131 -17245
99370 -1702 -13032 -17248
99429 -1734 -13034 -17280
99451 -1667 -13057 -17285
99508 -1735 -13050 -17289
99535 -1688 -13086 -17287
99590 -1659 -12969 -17229
99615 -1615 -13108 -17313
99672 -1595 -13088 -17236
99699 -1591 -13011 -17261
99756 -1592 -13190 -17330
99781 -1604 -12918 -17239
99838 -1599 -13128 -17320
99865 -1626 -13098 -17311
99928 -1635 -13065 -17258
99963 -1585 -13087 -17234
99990 -1564 -12973 -17270
1.0005e+05 -1587 -13196 -17343
1.0007e+05 -1547 -13055 -17305
1.0013e+05 -1618 -12903 -17173
1.0016e+05 -1361 -10185 -18244
1.0021e+05 -1461 -9680 -17953
1.0024e+05 -1626 -9822 -18102
1.0032e+05 -1736 -9711 -17912
1.0033e+05 -1697 -9795 -18020
1.0037e+05 -1564 -9475 -17993
1.0042e+05 -1564 -9467 -18057
1.0045e+05 -1737 -9557 -18162
1.005e+05 -1834 -9571 -18086
1.0053e+05 -1870 -9659 -18014
1.0059e+05 -1741 -9605 -17992
1.0061e+05 -1640 -9494 -18003
1.0067e+05 -1589 -9585 -18042
1.007e+05 -1670 -9559 -18176
1.0075e+05 -1736 -9640 -18151
1.0078e+05 -1693 -9553 -18074
1.0084e+05 -1613 -9602 -18067
1.0086e+05 -1579 -9611 -18021
1.0092e+05 -1587 -9552 -18028
1.0094e+05 -1708 -9611 -18099
1.01e+05 -1735 -9619 -18080
1.0103e+05 -1779 -9511 -18145
1.0109e+05 -1694 -9593 -18092
1.0111e+05 -1686 -9536 -18054
1.0117e+05 -1664 -9638 -18052
1.0119e+05 -1732 -9547 -17985
1.0125e+05 -1795 -9615 -18140
1.0128e+05 -1727 -9583 -18058
1.0134e+05 -1828 -9466 -18103
1.0138e+05 -1697 -9643 -18136
1.014e+05 -1744 -9548 -18050
1.0146e+05 -1687 -9550 -18015
1.0148e+05 -1703 -9619 -18081
1.0154e+05 -1678 -9570 -18108
1.0157e+05 -1720 -9583 -18075
1.0162e+05 -1670 -9494 -18085
1.0165e+05 -1723 -9619 -18116
1.0171e+05 -1642 -9597 -18124
1.0173e+05 -1660 -9590 -18062
1.0179e+05 -1609 -9607 -18052
1.0182e+05 -1611 -9599 -18082
1.0187e+05 -1592 -9610 -18146
1.019e+05 -1636 -9639 -18137
1.0196e+05 -1606 -9552 -18070
1.0198e+05 -1522 -9708 -18137
1.0204e+05 -1571 -9542 -18054
1.0207e+05 -1464 -9696 -18140
1.0212e+05 -1729 -11086 -17877
1.0215e+05 -1888 -13748 -16133
1.022e+05 -1677 -14099 -16938
1.0225e+05 -1250 -13965 -16638
1.0228e+05 -1379 -14057 -16776
1.0231e+05 -1237 -14101 -16549
1.0237e+05 -1649 -14328 -16542
1.024e+05 -1411 -14070 -16594
1.0247e+05 -1438 -13908 -16530
1.0248e+05 -1226 -13932 -16725
1.0254e+05 -1383 -13869 -16775
1.0256e+05 -1458 -13915 -16803
1.0262e+05 -1633 -14055 -16744
1.0265e+05 -1510 -13932 -16709
1.027e+05 -1491 -13891 -16575
1.0273e+05 -1388 -13889 -16631
1.0279e+05 -1445 -13873 -16597
1.0282e+05 -1514 -13978 -16739
1.0287e+05 -1575 -13985 -16819
1.029e+05 -1546 -13941 -16695
1.0295e+05 -1577 -13943 -16670
1.0298e+05 -1407 -13881 -16626
1.0304e+05 -1533 -13915 -16604
1.0306e+05 -1511 -13897 -16654
1.0312e+05 -1641 -13959 -16700
1.0315e+05 -1593 -14001 -16764
1.032e+05 -1694 -13852 -16696
1.0323e+05 -1600 -13947 -16611
1.0329e+05 -1693 -13797 -16636
1.0331e+05 -1720 -13940 -16554
1.0337e+05 -1804 -13934 -16667
1.0339e+05 -1813 -13798 -16605
1.0345e+05 -1861 -13903 -16629
1.0348e+05 -1812 -13806 -16713
1.0353e+05 -1879 -13908 -16592
1.0356e+05 -1842 -13846 -16616
1.0362e+05 -1935 -13835 -16570
1.0364e+05 -1819 -13890 -16560
1.037e+05 -1888 -13775 -16698
1.0373e+05 -1904 -13965 -16658
1.0378e+05 -1884 -13774 -16629
1.0381e+05 -1865 -13996 -16662
1.0387e+05 -1887 -13791 -16553
1.0389e+05 -1874 -13804 -16592
1.0395e+05 -1786 -13876 -16626
1.0398e+05 -1754 -13966 -16715
1.0403e+05 -1821 -13851 -16657
1.0406e+05 -1568 -12094 -17732
1.0458e+05 -1690 -11254 -17537
1.0458e+05 -1870 -11527 -17487
1.0459e+05 -1961 -11472 -17654
1.0459e+05 -1908 -11380 -17567
1.0459e+05 -1716 -11192 -17433
1.0459e+05 -1731 -11435 -17759
1.046e+05 -1756 -11345 -17673
1.046e+05 -1830 -11405 -17756
1.046e+05 -1887 -11211 -17539
1.046e+05 -1783 -11439 -17681
1.0461e+05 -1713 -11102 -17558
1.0461e+05 -1635 -11317 -17597
1.0461e+05 -1581 -11392 -17806
1.0465e+05 -1701 -11244 -17669
1.0468e+05 -1613 -11480 -17831
1.0473e+05 -1600 -11217 -17622
1.0478e+05 -1513 -11327 -17637
1.0481e+05 -1507 -11361 -17735
1.0487e+05 -1575 -11261 -17616
1.0489e+05 -1640 -11376 -17771
1.0495e+05 -1597 -11285 -17712
1.0497e+05 -1532 -11389 -17787
1.0503e+05 -1500 -11336 -17728
1.0506e+05 -1523 -11266 -17645
1.051e+05 -1478 -11383 -17725
1.0515e+05 -1538 -11289 -17672
1.0518e+05 -1584 -11347 -17789
1.0524e+05 -1591 -11301 -17735
1.0526e+05 -1610 -11284 -17718
1.0532e+05 -1530 -11358 -17748
1.0535e+05 -1533 -11247 -17624
1.0541e+05 -1593 -11304 -17717
1.0543e+05 -1539 -11372 -17727
1.0549e+05 -1611 -11280 -17704
1.0551e+05 -1541 -11342 -17801
1.0557e+05 -1567 -11241 -17695
1.056e+05 -1492 -11392 -17794
1.0565e+05 -1459 -11331 -17727
1.0568e+05 -1395 -11333 -17702
1.0573e+05 -1385 -11374 -17736
1.0576e+05 -1419 -11291 -17672
1.0581e+05 -1434 -11335 -17821
1.0585e+05 -1390 -11343 -17745
1.0589e+05 -1492 -11396 -17760
1.0595e+05 -1469 -11270 -17709
1.0597e+05 -1460 -11346 -17637
1.0603e+05 -1480 -11151 -17138
1.0605e+05 -1705 -6948 -12562
1.0611e+05 -2104 -5624 -9520
1.0613e+05 -1816 -3041 -6903
1.0619e+05 -1515 -2751 -6715
1.0622e+05 -1493 -2697 -6619
1.0626e+05 -1481 -2634 -6557
1.0631e+05 -1481 -2605 -6516
1.0636e+05 -1466 -2587 -6466
1.0638e+05 -1467 -2572 -6442
1.0644e+05 -1461 -2554 -6403
1.0647e+05 -1448 -2559 -6381
1.0652e+05 -1452 -2544 -6367
1.0655e+05 -1454 -2535 -6343
1.0661e+05 -1446 -2522 -6329
1.0664e+05 -1436 -2532 -6321
1.0669e+05 -1447 -2524 -6307
1.0672e+05 -1451 -2511 -6295
1.0677e+05 -1432 -2511 -6287
1.068e+05 -1439 -2508 -6271
1.0685e+05 -1433 -2505 -6267
1.0688e+05 -1435 -2495 -6259
1.0693e+05 -1436 -2495 -6257
1.0698e+05 -1440 -2483 -6243
1.0701e+05 -1436 -2490 -6244
1.0706e+05 -1439 -2479 -6234
1.0709e+05 -1429 -2474 -6228
1.0715e+05 -1432 -2472 -6222
1.0717e+05 -1427 -2475 -6221
1.0723e+05 -1421 -2474 -6222
1.0726e+05 -1433 -2466 -6213
1.073e+05 -1427 -2460 -6212
1.0735e+05 -1433 -2455 -6201
1.0738e+05 -1433 -2455 -6197
1.0743e+05 -1429 -2455 -6192
1.0746e+05 -1430 -2460 -6192
1.0752e+05 -1437 -2457 -6189
1.0754e+05 -1431 -2446 -6189
1.0761e+05 -1434 -2446 -6179
1.0763e+05 -1433 -2448 -6175
1.0768e+05 -1436 -2442 -6176
1.0771e+05 -1429 -2440 -6180
1.0777e+05 -1427 -2439 -6175
1.0779e+05 -1437 -2445 -6172
1.0785e+05 -1431 -2439 -6157
1.0788e+05 -1425 -2438 -6161
1.0794e+05 -1425 -2431 -6153
1.0796e+05 -1429 -2437 -6153
1.0802e+05 -1431 -2427 -6162
1.0804e+05 -1435 -2395 -6961
1.081e+05 -1977 -4490 -10843
1.0813e+05 -1791 -5968 -12973
1.0818e+05 -1344 -7204 -14104
1.0821e+05 -1198 -7498 -14537
1.0826e+05 -1137 -7441 -14105
1.0829e+05 -1364 -7508 -14568
1.0835e+05 -1756 -7908 -14660
1.0837e+05 -1770 -7614 -14653
1.0843e+05 -1572 -7624 -14572
1.0846e+05 -1392 -7433 -14360
1.0851e+05 -1351 -7473 -14405
1.0854e+05 -1323 -7672 -14570
1.0859e+05 -1622 -8158 -15003
1.0864e+05 -1643 -8228 -15009
1.0866e+05 -1586 -8173 -15166
1.0872e+05 -1476 -8458 -15157
1.0875e+05 -1377 -8307 -15183
1.088e+05 -1472 -8974 -15742
1.0883e+05 -1584 -9470 -16001
1.0889e+05 -1532 -9638 -16411
1.0892e+05 -1495 -9981 -16694
1.0896e+05 -1399 -10164 -16842
1.0901e+05 -1393 -10212 -16829
1.0904e+05 -1426 -10517 -17170
1.0909e+05 -1499 -10723 -17091
1.0912e+05 -1438 -10914 -17296
1.0918e+05 -1400 -10921 -17314
1.092e+05 -1348 -10899 -17333
1.0926e+05 -1423 -11074 -17463
1.0929e+05 -1457 -10943 -17404
1.0935e+05 -1492 -11030 -17391
1.0938e+05 -1343 -11058 -17416
1.0941e+05 -1393 -11054 -17411
1.0947e+05 -1361 -11032 -17412
1.0949e+05 -1485 -10994 -17380
1.0955e+05 -1467 -11173 -17474
1.0958e+05 -1461 -10972 -17490
1.0963e+05 -1448 -11076 -17415
1.0966e+05 -1410 -11135 -17518
1.0972e+05 -1438 -11027 -17341
1.0974e+05 -1423 -11149 -17475
1.098e+05 -1417 -11026 -17486
1.0983e+05 -1430 -11126 -17450
1.0989e+05 -1390 -11082 -17573
1.0991e+05 -1495 -11120 -17449
1.0997e+05 -1363 -10609 -17739
1.0999e+05 -1418 -10471 -17469
1.1005e+05 -1388 -10481 -17694
1.1008e+05 -1422 -10431 -17629
1.1012e+05 -1448 -10373 -17577
1.1017e+05 -1424 -10419 -17689
1.1022e+05 -1417 -10285 -17625
1.1026e+05 -1425 -10445 -17697
1.1029e+05 -1426 -10387 -17690
1.1034e+05 -1488 -10369 -17572
1.1037e+05 -1401 -10469 -17710
1.1042e+05 -1424 -10320 -17650
1.1045e+05 -1416 -10429 -17688
1.1051e+05 -1398 -10426 -17768
1.1053e+05 -1452 -10447 -17678
1.1059e+05 -1388 -10461 -17731
1.1061e+05 -1378 -10345 -17668
1.1067e+05 -1377 -10515 -17737
1.107e+05 -1380 -10418 -17750
1.1075e+05 -1448 -10436 -17701
1.1078e+05 -1419 -10508 -17754
1.1084e+05 -1440 -10358 -17728
1.1086e+05 -1409 -10507 -17703
1.1092e+05 -1407 -10465 -17816
1.1095e+05 -1456 -10429 -17693
1.11e+05 -1405 -10485 -17728
1.1103e+05 -1419 -10426 -17771
1.1109e+05 -1407 -10500 -17747
1.1112e+05 -1408 -10420 -17798
1.1116e+05 -1444 -10467 -17691
1.1121e+05 -1408 -10511 -17765
1.1126e+05 -1437 -10404 -17771
1.1129e+05 -1425 -10508 -17695
1.1132e+05 -1389 -10470 -17850
1.1137e+05 -1466 -10462 -17725
1.1142e+05 -1392 -10511 -17797
1.1145e+05 -1426 -10426 -17765
1.1151e+05 -1420 -10492 -17716
1.1153e+05 -1396 -10500 -17842
1.1159e+05 -1441 -10503 -17742
1.1161e+05 -1401 -10478 -17759
1.1167e+05 -1430 -10426 -17782
1.117e+05 -1429 -10520 -17773
1.1175e+05 -1404 -10484 -17844
1.1178e+05 -1444 -10458 -17700
1.1183e+05 -1392 -10534 -17822
1.1186e+05 -1398 -10426 -17745
1.1192e+05 -1395 -10592 -17903
1.1194e+05 -1496 -11900 -17002
1.12e+05 -1476 -11673 -17712
1.1203e+05 -1365 -11912 -17464
1.1209e+05 -1396 -11832 -17602
1.1211e+05 -1469 -11952 -17630
1.1217e+05 -1486 -12002 -17491
1.1219e+05 -1499 -11954 -17526
1.1225e+05 -1417 -11948 -17508
1.1228e+05 -1392 -11856 -17480
1.1233e+05 -1388 -12021 -17624
1.1236e+05 -1447 -11944 -17502
1.1242e+05 -1457 -12052 -17601
1.1244e+05 -1426 -11987 -17495
1.125e+05 -1384 -11923 -17485
1.1252e+05 -1349 -12018 -17493
1.1258e+05 -1370 -11978 -17576
1.1261e+05 -1466 -11997 -17503
1.1267e+05 -1415 -12021 -17547
1.1269e+05 -1401 -11990 -17546
1.1275e+05 -1338 -12025 -17534
1.1277e+05 -1347 -11956 -17481
1.1283e+05 -1362 -12052 -17524
1.1286e+05 -1379 -11959 -17499
1.1292e+05 -1398 -12028 -17535
1.1294e+05 -1326 -12007 -17533
1.13e+05 -1318 -11942 -17492
1.1302e+05 -1318 -12049 -17543
1.1308e+05 -1332 -12042 -17508
1.1311e+05 -1283 -11988 -17497
1.1316e+05 -1278 -12041 -17527
1.1319e+05 -1245 -12023 -17556
1.1325e+05 -1264 -12043 -17549
1.1327e+05 -1229 -12026 -17544
1.1333e+05 -1199 -12059 -17542
1.1335e+05 -1178 -12058 -17519
1.1341e+05 -1195 -12037 -17541
1.1344e+05 -1208 -12014 -17526
1.1349e+05 -1199 -12035 -17519
1.1354e+05 -1209 -12087 -17564
1.1358e+05 -1206 -12035 -17544
1.1362e+05 -1195 -12005 -17542
1.1366e+05 -1203 -12050 -17513
1.1369e+05 -1207 -12056 -17540
1.1375e+05 -1200 -12049 -17560
1.1377e+05 -1225 -12050 -17530
1.1383e+05 -1199 -12041 -17550
1.1385e+05 -1244 -12058 -17532
1.139e+05 -1168 -10957 -17612
1.1396e+05 -1217 -10069 -17701
1.1399e+05 -1266 -10284 -17791
1.1402e+05 -1301 -10401 -17742
1.1407e+05 -1252 -10306 -17936
1.1411e+05 -1159 -10099 -17646
1.1415e+05 -1195 -10206 -17846
1.1419e+05 -1269 -10179 -17867
1.1424e+05 -1305 -10215 -17813
1.1427e+05 -1281 -10199 -17803
1.1433e+05 -1212 -10231 -17827
1.1436e+05 -1254 -10150 -17735
1.1441e+05 -1230 -10185 -17810
1.1444e+05 -1313 -10183 -17880
1.1449e+05 -1372 -10184 -17810
1.1452e+05 -1346 -10162 -17857
1.1457e+05 -1328 -10216 -17816
1.146e+05 -1289 -10106 -17760
1.1466e+05 -1311 -10160 -17779
1.1469e+05 -1330 -10229 -17862
1.1474e+05 -1363 -10181 -17825
1.1477e+05 -1326 -10118 -17835
1.1482e+05 -1321 -10173 -17824
1.1485e+05 -1317 -10157 -17799
1.1491e+05 -1329 -10184 -17847
1.1494e+05 -1392 -10163 -17770
1.1499e+05 -1362 -10163 -17830
1.1502e+05 -1399 -10184 -17829
1.1507e+05 -1352 -10100 -17821
1.151e+05 -1370 -10181 -17863
1.1516e+05 -1337 -10163 -17792
1.1519e+05 -1313 -10245 -17870
1.1524e+05 -1302 -10133 -17783
1.1527e+05 -1287 -10150 -17833
1.1532e+05 -1291 -10218 -17872
1.1535e+05 -1337 -10136 -17804
1.1541e+05 -1339 -10225 -17908
1.1543e+05 -1297 -10141 -17791
1.1549e+05 -1280 -10148 -17806
1.1552e+05 -1274 -10229 -17861
1.1557e+05 -1330 -10157 -17839
1.156e+05 -1328 -10205 -17847
1.1565e+05 -1314 -10123 -17827
1.1568e+05 -1298 -10220 -17879
1.1574e+05 -1289 -10188 -17868
1.1576e+05 -1297 -10141 -17771
1.1582e+05 -1308 -10263 -17872
1.1585e+05 -1290 -10170 -17933
1.159e+05 -1461 -12624 -16994
1.1593e+05 -1364 -12770 -17598
1.1599e+05 -1225 -12680 -17220
1.1603e+05 -1206 -12749 -17388
1.1606e+05 -1291 -12680 -17243
1.1611e+05 -1387 -12965 -17330
1.1616e+05 -1408 -12831 -17179
1.1618e+05 -1323 -12887 -17210
1.1624e+05 -1278 -12796 -17171
1.1627e+05 -1263 -12712 -17290
1.1632e+05 -1365 -12906 -17292
1.1635e+05 -1429 -12862 -17277
1.1641e+05 -1423 -12892 -17302
1.1643e+05 -1335 -12791 -17122
1.1649e+05 -1266 -12798 -17197
1.1651e+05 -1291 -12882 -17235
1.1657e+05 -1354 -12827 -17242
1.166e+05 -1397 -12889 -17291
1.1665e+05 -1373 -12851 -17220
1.1668e+05 -1342 -12827 -17267
1.1674e+05 -1321 -12855 -17206
1.1676e+05 -1323 -12800 -17171
1.1682e+05 -1325 -12921 -17228
1.1685e+05 -1297 -12844 -17236
1.169e+05 -1327 -12848 -17289
1.1693e+05 -1332 -12893 -17258
1.1699e+05 -1370 -12803 -17208
1.1701e+05 -1314 -12917 -17205
1.1707e+05 -1312 -12860 -17229
1.171e+05 -1375 -12845 -17182
1.1715e+05 -1323 -12899 -17231
