3 -1546 -2373 -6218
4 -1502 -2433 -6224
7 -1495 -2432 -6200
8 -1495 -2401 -6173
11 -1483 -2412 -6158
12 -1482 -2400 -6155
15 -1480 -2395 -6134
16 -1485 -2387 -6128
21 -1489 -2389 -6126
22 -1477 -2386 -6127
25 -1482 -2389 -6112
28 -1477 -2381 -6111
29 -1477 -2373 -6108
32 -1479 -2370 -6106
33 -1483 -2370 -6111
36 -1475 -2373 -6097
37 -1478 -2366 -6097
40 -1473 -2372 -6099
41 -1477 -2366 -6094
44 -1473 -2363 -6089
45 -1475 -2364 -6088
48 -1475 -2367 -6088
49 -1479 -2363 -6084
52 -1475 -2363 -6085
53 -1474 -2359 -6083
56 -1474 -2361 -6081
57 -1474 -2356 -6090
60 -1476 -2360 -6076
61 -1470 -2362 -6063
64 -1472 -2358 -6077
67 -1471 -2358 -6070
68 -1472 -2356 -6067
71 -1474 -2358 -6063
72 -1466 -2360 -6067
75 -1477 -2357 -6068
76 -1468 -2353 -6065
79 -1468 -2347 -6068
80 -1464 -2352 -6061
117 -1462 -2352 -6060
166 -1469 -2356 -6053
189 -1467 -2346 -6060
244 -1470 -2348 -6056
273 -1467 -2353 -6057
328 -1473 -2351 -6056
355 -1469 -2352 -6054
412 -1465 -2345 -6058
439 -1466 -2348 -6056
498 -1471 -2354 -6050
521 -1466 -2350 -6048
582 -1464 -2356 -6056
603 -1464 -2341 -6048
662 -1468 -2343 -6050
687 -1466 -2346 -6051
744 -1473 -2346 -6049
769 -1472 -2346 -6055
822 -1465 -2346 -6046
853 -1478 -2348 -6053
904 -1471 -2337 -6046
953 -1468 -2340 -6046
978 -1459 -2339 -6050
1037 -1470 -2343 -6044
1060 -1465 -2342 -6047
1117 -1462 -2349 -6048
1142 -1461 -2343 -6044
1197 -1472 -2342 -6042
1228 -1474 -2346 -6044
1277 -1469 -2340 -6041
1326 -1467 -2341 -6048
1349 -1473 -2341 -6044
1418 -1466 -2346 -6041
1435 -1464 -2337 -6044
1491 -1468 -2340 -6035
1518 -1467 -2337 -6042
1571 -1464 -2336 -6036
1602 -1470 -2343 -6036
1657 -1472 -2343 -6041
1684 -1466 -2335 -6040
1738 -1462 -2336 -6035
1767 -1466 -2340 -6035
1808 -1467 -2338 -6034
1863 -1470 -2334 -6035
1888 -1462 -2341 -6037
1947 -1462 -2330 -6031
1972 -1459 -2335 -6034
2013 -1470 -2342 -6035
2064 -1461 -2334 -6038
2097 -1466 -2334 -6034
2156 -1468 -2343 -6036
2181 -1466 -2344 -6031
2236 -1460 -2330 -6034
2263 -1464 -2340 -6037
2318 -1462 -2336 -6027
2345 -1461 -2333 -6030
2403 -1464 -2336 -6027
2426 -1463 -2335 -6033
2485 -1461 -2335 -6033
2514 -1454 -2334 -6025
2557 -1465 -2335 -6028
2606 -1467 -2337 -6031
2637 -1469 -2333 -6028
2688 -1466 -2334 -6033
2737 -1462 -2337 -6028
2772 -1464 -2340 -6032
2801 -1465 -2331 -6038
2852 -1464 -2339 -6027
2903 -1460 -2332 -6033
2924 -1464 -2331 -6029
2981 -1458 -2333 -6026
3008 -1454 -2342 -6030
3065 -1463 -2340 -6024
3090 -1460 -2334 -6027
3147 -1459 -2342 -6021
3176 -1451 -2355 -6017
3233 -1465 -2340 -6024
3256 -1460 -2356 -6016
3313 -1456 -2347 -6013
3340 -1467 -2339 -6012
3395 -1459 -2345 -6017
3424 -1462 -2353 -6018
3479 -1462 -2345 -6016
3506 -1454 -2342 -6014
3561 -1457 -2338 -6017
3588 -1459 -2340 -6017
3647 -1459 -2337 -6017
3684 -1458 -2336 -6017
3711 -1456 -2339 -6014
3768 -1458 -2339 -6016
3795 -1459 -2338 -6027
3849 -1456 -2336 -6027
3878 -1470 -2324 -6029
3936 -1474 -2332 -6035
3962 -1461 -2330 -6031
4003 -1462 -2328 -6032
4052 -1472 -2316 -6029
4102 -1470 -2329 -6029
4129 -1470 -2326 -6032
4186 -1473 -2322 -6032
4210 -1470 -2332 -6034
4267 -1466 -2321 -6029
4294 -1466 -2333 -6025
4353 -1465 -2331 -6027
4376 -1468 -2324 -6029
4431 -1465 -2335 -6026
4460 -1459 -2326 -6023
4513 -1457 -2321 -6018
4544 -1465 -2327 -6022
4601 -1466 -2333 -6021
4638 -1464 -2329 -6017
4667 -1457 -2333 -6029
4724 -1460 -2327 -6020
4749 -1461 -2333 -6016
4804 -1464 -2324 -6014
4833 -1455 -2317 -6022
4888 -1462 -2330 -6023
4915 -1460 -2327 -6016
4970 -1463 -2326 -6017
4999 -1463 -2332 -6016
5056 -1460 -2322 -6018
5083 -1470 -2331 -6014
5122 -1465 -2329 -6018
5173 -1458 -2323 -6024
5222 -1468 -2325 -6014
5245 -1460 -2326 -6021
5306 -1465 -2327 -6020
5331 -1461 -2326 -6018
5388 -1465 -2327 -6015
5414 -1459 -2324 -6021
5471 -1464 -2327 -6008
5496 -1469 -2326 -6016
5555 -1466 -2328 -6017
5578 -1458 -2331 -6010
5635 -1453 -2323 -6015
5660 -1463 -2323 -6021
5717 -1467 -2321 -6016
5746 -1462 -2332 -6017
5803 -1463 -2328 -6019
5826 -1464 -2332 -6016
5883 -1466 -2324 -6012
5912 -1456 -2329 -6020
5969 -1466 -2331 -6013
5990 -1465 -2331 -6012
6047 -1458 -2318 -6016
6076 -1466 -2329 -6015
6123 -1468 -2328 -6017
6158 -1466 -2328 -6017
6209 -1468 -2327 -6018
6242 -1464 -2326 -6009
6291 -1470 -2332 -6017
6342 -1468 -2327 -6016
6365 -1458 -2328 -6011
6425 -1459 -2321 -6020
6450 -1460 -2310 -6024
6506 -1464 -2310 -6018
6539 -1467 -2318 -6017
6579 -1467 -2316 -6023
6629 -1467 -2318 -6020
6656 -1464 -2318 -6021
6711 -1464 -2311 -6021
6738 -1458 -2317 -6022
6797 -1471 -2314 -6023
6824 -1459 -2315 -6019
6883 -1465 -2322 -6017
6916 -1454 -2316 -6018
6947 -1460 -2309 -6023
6996 -1462 -2310 -6014
7049 -1465 -2320 -6021
7072 -1463 -2318 -6017
7131 -1465 -2316 -6016
7156 -1462 -2310 -6020
7213 -1466 -2316 -6019
7236 -1464 -2315 -6016
7293 -1464 -2316 -6014
7320 -1468 -2316 -6017
7377 -1461 -2310 -6017
7400 -1463 -2311 -6021
7459 -1465 -2309 -6021
7484 -1459 -2317 -6018
7543 -1459 -2314 -6013
7568 -1462 -2313 -6014
7623 -1464 -2311 -6018
7650 -1458 -2306 -6011
7705 -1462 -2312 -6014
7736 -1463 -2315 -6021
7791 -1460 -2318 -6017
7816 -1465 -2319 -6022
7877 -1463 -2313 -6017
7900 -1460 -2314 -6014
7955 -1458 -2314 -6014
7982 -1455 -2316 -6015
8037 -1460 -2311 -6015
8064 -1461 -2313 -6012
8121 -1460 -2316 -6008
8148 -1468 -2312 -6016
8203 -1458 -2317 -6008
8232 -1454 -2316 -6018
8284 -1459 -2322 -6018
8315 -1449 -2320 -6010
8367 -1456 -2310 -6011
8396 -1460 -2322 -6014
8455 -1454 -2317 -6012
8480 -1467 -2312 -6014
8535 -1466 -2309 -6018
8562 -1468 -2319 -6013
8623 -1464 -2307 -6019
8644 -1462 -2318 -6007
8701 -1460 -2315 -6016
8728 -1461 -2315 -6019
8784 -1461 -2310 -6012
8810 -1464 -2329 -6015
8867 -1466 -2312 -6006
8894 -1456 -2315 -6007
8953 -1458 -2310 -6013
8976 -1459 -2315 -6014
9035 -1458 -2315 -6007
9060 -1464 -2309 -6013
9116 -1458 -2318 -6013
9143 -1468 -2316 -6020
9198 -1461 -2312 -6010
9227 -1461 -2317 -6015
9283 -1462 -2316 -6009
9312 -1459 -2322 -6014
9351 -1460 -2312 -6016
9400 -1461 -2315 -6012
9433 -1460 -2304 -6017
9484 -1464 -2311 -6014
9533 -1463 -2312 -6012
9558 -1462 -2315 -6016
9601 -1464 -2308 -6017
9650 -1467 -2308 -6011
9683 -1460 -2309 -6017
9730 -1463 -2312 -6008
9781 -1458 -2306 -6013
9808 -1461 -2307 -6007
9864 -1456 -2314 -6016
9889 -1459 -2317 -6012
9944 -1459 -2317 -6005
9973 -1459 -2321 -6011
10030 -1460 -2313 -6012
10055 -1462 -2312 -6011
10112 -1462 -2312 -6010
10137 -1465 -2316 -6012
10192 -1463 -2312 -6015
10221 -1464 -2306 -6008
10276 -1459 -2312 -6016
10303 -1463 -2318 -6013
10358 -1465 -2307 -6015
10387 -1464 -2310 -6002
10440 -1463 -2310 -6014
10467 -1465 -2308 -6010
10524 -1460 -2303 -6012
10553 -1460 -2314 -6016
10606 -1468 -2304 -6508
10635 -1883 -1701 -7169
10690 -2293 -1693 -7389
10717 -2236 -2085 -7278
10772 -2152 -1975 -7232
10801 -1991 -2161 -7052
10858 -1752 -2353 -6706
10885 -1523 -2540 -6385
10942 -1410 -2480 -6227
10967 -1421 -2428 -6144
11024 -1433 -2384 -6105
11049 -1475 -2308 -6055
11104 -1471 -2294 -6053
11131 -1466 -2293 -6042
11190 -1466 -2299 -6040
11215 -1467 -2302 -6040
11271 -1464 -2302 -6039
11300 -1467 -2299 -6039
11355 -1501 -2346 -6065
11380 -1465 -2300 -6036
11441 -1471 -2305 -6061
11463 -1463 -2289 -6030
11521 -1468 -2296 -6035
11545 -1464 -2293 -6033
11600 -1473 -2292 -6026
11629 -1474 -2286 -6026
11684 -1473 -2293 -6023
11713 -1468 -2293 -6028
11770 -1470 -2293 -6026
11795 -1458 -2295 -6024
11851 -1464 -2296 -6029
11878 -1470 -2294 -6022
11935 -1459 -2287 -6017
11962 -1467 -2292 -6023
12021 -1463 -2290 -6021
12044 -1462 -2295 -6024
12099 -1465 -2289 -6025
12128 -1464 -2298 -6021
12185 -1462 -2284 -6023
12210 -1464 -2294 -6021
12269 -1463 -2286 -6016
12306 -1467 -2288 -6020
12333 -1468 -2290 -6015
12388 -1470 -2291 -6025
12421 -1463 -2296 -6014
12460 -1464 -2286 -6020
12509 -1464 -2299 -6014
12540 -1470 -2299 -6018
12595 -1456 -2290 -6017
12624 -1467 -2280 -6026
12681 -1460 -2287 -6022
12706 -1458 -2291 -6020
12763 -1462 -2282 -6013
12790 -1470 -2285 -6017
12847 -1466 -2292 -6017
12872 -1467 -2296 -6017
12929 -1463 -2290 -6016
12956 -1463 -2296 -6018
13013 -1459 -2288 -6016
13038 -1457 -2292 -6015
13097 -1469 -2286 -6013
13122 -1461 -2288 -6017
13181 -1473 -2291 -6023
13204 -1464 -2287 -6018
13261 -1463 -2285 -6014
13288 -1459 -2286 -6018
13343 -1470 -2288 -6015
13370 -1477 -2284 -6021
13425 -1466 -2288 -6017
13454 -1472 -2290 -6015
13511 -1458 -2290 -6010
13536 -1461 -2291 -6017
13591 -1467 -2289 -6017
13618 -1469 -2295 -6015
13673 -1462 -2286 -6018
13702 -1458 -2285 -6022
13761 -1460 -2292 -6014
13784 -1468 -2285 -6013
13837 -1470 -2285 -6011
13866 -1466 -2291 -6011
13925 -1470 -2295 -6016
13952 -1455 -2287 -6020
14011 -1475 -2289 -6014
14032 -1458 -2284 -6009
14091 -1467 -2293 -6012
14115 -1467 -2289 -6014
14175 -1467 -2289 -6016
14199 -1467 -2285 -6018
14259 -1468 -2289 -6017
14282 -1461 -2285 -6010
14341 -1476 -2279 -6014
14365 -1471 -2289 -6012
14422 -1467 -2290 -6010
14449 -1468 -2286 -6017
14490 -1467 -2292 -6011
14541 -1471 -2287 -6009
14590 -1470 -2290 -6018
14615 -1464 -2292 -6020
14670 -1465 -2292 -6012
14697 -1464 -2292 -6011
14754 -1468 -2294 -6017
14779 -1470 -2283 -6015
14836 -1470 -2292 -6015
14863 -1468 -2286 -6010
14920 -1467 -2287 -6012
14945 -1460 -2289 -6010
15004 -1468 -2294 -6013
15027 -1462 -2280 -6007
15086 -1462 -2294 -6012
15111 -1465 -2283 -6011
15166 -1465 -2287 -6015
15193 -1469 -2285 -6009
15248 -1477 -2290 -6011
15277 -1466 -2287 -6014
15332 -1463 -2283 -6013
15361 -1457 -2283 -6013
15418 -1458 -2284 -6011
15445 -1460 -2286 -6015
15502 -1468 -2291 -6007
15525 -1464 -2290 -6007
15580 -1465 -2282 -6015
15609 -1466 -2284 -6011
15664 -1465 -2288 -6012
15689 -1470 -2296 -6007
15744 -1460 -2284 -6012
15775 -1465 -2291 -6010
15824 -1465 -2276 -6009
15857 -1463 -2293 -6016
15910 -1455 -2291 -6010
15939 -1464 -2281 -6010
15990 -1464 -2292 -6012
16023 -1468 -2289 -6008
16074 -1464 -2291 -6010
16125 -1467 -2287 -6010
16160 -1467 -2294 -6008
16189 -1470 -2293 -6078
16244 -1502 -2320 -6140
16271 -1474 -2320 -6111
16330 -1489 -2329 -6135
16355 -1489 -2334 -6158
16412 -1490 -2342 -6159
16437 -1487 -2333 -6143
16492 -1486 -2344 -6167
16519 -1491 -2342 -6141
16577 -1487 -2342 -6155
16603 -1493 -2350 -6148
16659 -1491 -2340 -6147
16685 -1489 -2345 -6141
16740 -1488 -2345 -6153
16769 -1478 -2331 -6146
16825 -1477 -2353 -6159
16852 -1493 -2330 -6129
16909 -1485 -2342 -6174
16934 -1483 -2326 -6127
16992 -1485 -2337 -6169
17017 -1491 -2345 -6133
17078 -1481 -2336 -6156
17116 -1482 -2333 -6154
17144 -1481 -2336 -6144
17203 -1488 -2337 -6153
17226 -1489 -2338 -6135
17281 -1482 -2344 -6160
17308 -1492 -2337 -6147
17369 -1550 -2471 -6228
17410 -1569 -2487 -6212
17449 -1589 -2493 -6265
17474 -1596 -2501 -6232
17533 -1583 -2484 -6268
17570 -1580 -2487 -6223
17599 -1557 -2471 -6249
17656 -1586 -2475 -6252
17681 -1563 -2473 -6236
17722 -1577 -2441 -6206
17771 -1552 -2421 -6195
17822 -1540 -2384 -6178
17847 -1510 -2364 -6162
17906 -1500 -2337 -6168
17929 -1498 -2348 -6176
17984 -1506 -2329 -6149
18013 -1500 -2336 -6181
18068 -1502 -2327 -6136
18095 -1480 -2331 -6173
18150 -1488 -2334 -6138
18179 -1476 -2324 -6145
18236 -1479 -2337 -6153
18259 -1476 -2325 -6140
18316 -1479 -2324 -6144
18343 -1469 -2320 -6132
18396 -1472 -2320 -6151
18427 -1463 -2309 -6129
18476 -1471 -2316 -6150
18527 -1475 -2320 -6146
18550 -1468 -2307 -6138
18607 -1462 -2317 -6163
18634 -1468 -2302 -6129
18691 -1467 -2317 -6149
18716 -1463 -2320 -6129
18773 -1466 -2318 -6151
18800 -1463 -2309 -6138
18857 -1462 -2316 -6151
18882 -1461 -2319 -6138
18939 -1462 -2314 -6142
18966 -1466 -2320 -6144
19027 -1462 -2311 -6133
19048 -1458 -2315 -6149
19103 -1459 -2313 -6125
19130 -1462 -2321 -6150
19187 -1459 -2316 -6122
19214 -1464 -2316 -6157
19269 -1464 -2318 -6133
19295 -1457 -2315 -6145
19354 -1462 -2313 -6140
19381 -1459 -2307 -6136
19438 -1465 -2320 -6148
19464 -1465 -2311 -6122
19521 -1462 -2323 -6143
19546 -1456 -2306 -6125
19605 -1461 -2312 -6155
19640 -1459 -2312 -6126
19671 -1460 -2312 -6156
19731 -1463 -2319 -6137
19754 -1456 -2319 -6146
19813 -1459 -2321 -6140
19834 -1462 -2316 -6131
19893 -1462 -2320 -6147
19920 -1459 -2314 -6131
19977 -1464 -2317 -6151
20004 -1463 -2314 -6130
20043 -1462 -2318 -6152
20094 -1465 -2317 -6140
20145 -1454 -2311 -6147
20182 -1464 -2317 -6147
20209 -1460 -2312 -6133
20266 -1464 -2325 -6149
20293 -1457 -2305 -6127
20350 -1461 -2321 -6144
20389 -1463 -2316 -6134
20416 -1463 -2309 -6143
20475 -1459 -2307 -6136
20500 -1460 -2311 -6137
20557 -1454 -2314 -6142
20582 -1462 -2302 -6136
20635 -1466 -2318 -6137
20664 -1457 -2312 -6123
20721 -1467 -2315 -6143
20748 -1458 -2312 -6133
20807 -1457 -2318 -6135
20832 -1458 -2321 -6135
20885 -1464 -2315 -6147
20914 -1463 -2318 -6128
20971 -1454 -2318 -6142
20996 -1458 -2312 -6136
21055 -1460 -2316 -6133
21080 -1462 -2343 -6311
21135 -1576 -2620 -6789
21162 -1531 -2539 -6633
21221 -1557 -2576 -6725
21260 -1559 -2609 -6699
21287 -1561 -2598 -6735
21344 -1574 -2574 -6642
21369 -1572 -2615 -6744
21424 -1551 -2574 -6678
21451 -1561 -2588 -6687
21510 -1560 -2594 -6692
21535 -1555 -2585 -6687
21594 -1578 -2598 -6711
21618 -1576 -2592 -6679
21677 -1564 -2580 -6707
21712 -1564 -2593 -6685
21761 -1556 -2589 -6702
21800 -1564 -2583 -6672
21825 -1560 -2583 -6694
21880 -1526 -2469 -6506
21910 -1492 -2365 -6479
21964 -1497 -2410 -6497
21992 -1489 -2373 -6459
22050 -1503 -2405 -6503
22076 -1487 -2388 -6453
22131 -1496 -2399 -6475
22160 -1494 -2411 -6458
22217 -1456 -2340 -6250
22242 -1450 -2345 -6099
22298 -1466 -2329 -6140
22325 -1470 -2314 -6164
22383 -1462 -2326 -6139
22408 -1467 -2318 -6115
22467 -1467 -2311 -6137
22490 -1477 -2418 -7320
22545 -2606 -4962 -9603
22572 -2290 -4257 -9751
22629 -2205 -4148 -9115
22654 -2383 -4392 -9258
22713 -2234 -3851 -8878
22736 -2244 -3637 -8240
22797 -2177 -3456 -8004
22818 -1991 -2923 -7289
22877 -1916 -2909 -7394
22904 -1976 -2983 -7288
22945 -1979 -2824 -7234
22996 -1916 -2634 -6827
23045 -1769 -2445 -6681
23086 -1822 -2503 -6825
23109 -1825 -2485 -6881
23166 -1833 -2484 -6817
23193 -1766 -2379 -6636
23248 -1767 -2392 -6686
23277 -1788 -2389 -6666
23332 -1758 -2387 -6630
23359 -1774 -2370 -6677
23414 -1769 -2387 -6647
23443 -1768 -2366 -6688
23500 -1769 -2370 -6601
23525 -1761 -2377 -6686
23584 -1756 -2353 -6547
23607 -1756 -2362 -6634
23666 -1738 -2347 -6579
23693 -1743 -2351 -6637
23748 -1755 -2350 -6563
23789 -1749 -2359 -6637
23816 -1739 -2345 -6548
23875 -1743 -2365 -6607
23896 -1723 -2339 -6536
23953 -1743 -2359 -6615
23980 -1728 -2349 -6561
24041 -1747 -2352 -6605
24066 -1743 -2357 -6591
24103 -1739 -2348 -6585
24156 -1728 -2354 -6577
24205 -1733 -2364 -6569
24230 -1724 -2355 -6582
24287 -1731 -2362 -6577
24312 -1739 -2356 -6602
24369 -1739 -2353 -6574
24396 -1739 -2349 -6602
24451 -1735 -2358 -6556
24478 -1722 -2354 -6618
24532 -1725 -2346 -6536
24563 -1728 -2357 -6607
24621 -1725 -2355 -6562
24643 -1740 -2362 -6595
24702 -1725 -2345 -6571
24727 -1728 -2351 -6585
24784 -1726 -2357 -6568
24809 -1728 -2361 -6586
24866 -1725 -2362 -6584
24895 -1736 -2360 -6576
24934 -1733 -2355 -6581
24983 -1735 -2353 -6582
25036 -1723 -2354 -6584
25071 -1730 -2353 -6570
25098 -1718 -2344 -6574
25149 -1727 -2362 -6580
25184 -1726 -2352 -6597
25225 -1728 -2357 -6560
25278 -1721 -2354 -6601
25309 -1722 -2370 -6582
25366 -1723 -2357 -6579
25391 -1718 -2357 -6586
25448 -1725 -2362 -6574
25473 -1719 -2366 -6585
25530 -1721 -2360 -6581
25555 -1724 -2357 -6586
25612 -1733 -2367 -6587
25637 -1728 -2355 -6574
25696 -1715 -2357 -6589
25723 -1724 -2359 -6580
25782 -1727 -2357 -6591
25803 -1725 -2366 -6580
25858 -1734 -2359 -6590
25889 -1721 -2357 -6580
25949 -1729 -2361 -6585
25968 -1726 -2458 -7338
26027 -1932 -2797 -7661
26052 -1905 -2761 -7554
26109 -1923 -2772 -7601
26136 -1910 -2817 -7619
26193 -1925 -2794 -7622
26220 -1977 -2808 -7575
26273 -1965 -2803 -7634
26304 -1935 -2794 -7603
26359 -1934 -2788 -7578
26384 -1929 -2806 -7616
26439 -1933 -2801 -7604
26468 -1958 -2812 -7599
26526 -1940 -2804 -7601
26551 -1944 -2790 -7602
26610 -1938 -2796 -7594
26633 -1950 -2806 -7613
26692 -1938 -2800 -7612
26717 -1954 -2802 -7585
26774 -1944 -2792 -7606
26799 -1934 -2795 -7617
26858 -1942 -2788 -7582
26881 -1951 -2793 -7599
26936 -1941 -2796 -7608
26965 -1943 -2792 -7573
27022 -1939 -2801 -7604
27047 -1940 -2773 -7578
27102 -1944 -2787 -7585
27132 -1939 -2799 -7597
27189 -1953 -2786 -7570
27215 -1948 -2788 -7584
27274 -1941 -2786 -7573
27299 -1934 -2795 -7586
27356 -1933 -2779 -7571
27398 -1946 -2791 -7583
27421 -1945 -2787 -7599
27464 -1934 -2783 -7572
27513 -1949 -2781 -7575
27564 -1932 -2785 -7591
27587 -1934 -2783 -7565
27648 -1934 -2792 -7590
27669 -1933 -2791 -7587
27726 -1946 -2774 -7566
27755 -1930 -2783 -7589
27796 -1931 -2791 -7572
27847 -1937 -2779 -7592
27896 -1938 -2787 -7556
27919 -1943 -2794 -7598
27978 -1935 -2773 -7562
28019 -1933 -2784 -7605
28042 -1948 -2784 -7564
28103 -1942 -2776 -7590
28128 -1945 -2788 -7579
28167 -1929 -2775 -7584
28220 -1938 -2795 -7577
28251 -1932 -2764 -7572
28310 -1945 -2803 -7604
28333 -1937 -2773 -7566
28388 -1953 -2797 -7601
28415 -1936 -2787 -7563
28472 -1935 -2786 -7621
28499 -1949 -2792 -7558
28556 -1946 -2785 -7617
28581 -1954 -2797 -7570
28636 -1935 -2774 -7609
28665 -1947 -2796 -7552
28722 -1928 -2774 -7620
28747 -1961 -2805 -7568
28805 -1938 -2781 -7592
28830 -1953 -2795 -7580
28885 -1941 -2777 -7592
28914 -1957 -2788 -7592
28971 -1939 -2775 -7581
28998 -1957 -2789 -7591
29055 -1931 -2778 -7576
29080 -1954 -2801 -7600
29139 -1944 -2779 -7557
29162 -1950 -2792 -7605
29221 -1942 -2787 -7572
29244 -1943 -2794 -7624
29299 -1949 -2783 -7567
29326 -1941 -2785 -7613
29385 -1937 -2785 -7567
29410 -1938 -2793 -7618
29467 -1950 -2786 -7568
29495 -1939 -2786 -7599
29553 -1947 -2796 -7569
29588 -1938 -2795 -7610
29617 -1940 -2794 -7565
29672 -1954 -2783 -7599
29700 -1943 -2806 -7582
29756 -1938 -2781 -7584
29786 -1944 -2796 -7602
29826 -1937 -2782 -7579
29877 -1947 -2799 -7579
29925 -1941 -2787 -7592
29950 -1951 -2799 -7597
30007 -1949 -2781 -7567
30032 -1948 -2803 -7603
30085 -1932 -2787 -7577
30116 -1951 -2800 -7613
30167 -1941 -2770 -7546
30200 -1953 -2803 -7629
30239 -1942 -2785 -7558
30288 -1958 -2800 -7623
30341 -1949 -2782 -7538
30366 -1963 -2802 -7619
30405 -1956 -2781 -7553
30460 -1975 -2802 -7595
30489 -1977 -2790 -7567
30548 -1972 -2801 -7576
30585 -1956 -2798 -7581
30614 -1965 -2806 -7592
30673 -1974 -2786 -7541
30696 -1956 -2807 -7628
30753 -1974 -2792 -7537
30778 -1959 -2801 -7616
30837 -1970 -2905 -7839
30862 -2223 -3487 -8677
30917 -2465 -3827 -9251
30944 -2515 -3761 -8390
30999 -1993 -2818 -7843
31026 -2197 -3258 -7989
31083 -2138 -3150 -8112
31108 -2170 -3143 -8143
31165 -2157 -3117 -7928
31192 -2123 -3145 -8186
31249 -2067 -2989 -7771
31276 -2057 -2943 -7902
31333 -2003 -2834 -7737
31358 -1987 -2714 -7583
31413 -1958 -2673 -7623
31440 -1943 -2724 -7712
31498 -1927 -2644 -7593
31523 -1962 -2823 -7766
31584 -1968 -2764 -7790
31607 -1946 -2714 -7685
31664 -1967 -2818 -8032
31689 -2060 -3040 -8194
31748 -2083 -3076 -8348
31774 -2081 -3122 -8377
31833 -2107 -3160 -8424
31860 -2131 -3295 -8618
31915 -2139 -3294 -8579
31952 -2173 -3372 -8768
31979 -2182 -3401 -8771
32036 -2188 -3390 -8806
32063 -2205 -3394 -8771
32120 -2203 -3411 -8789
32145 -2193 -3392 -8740
32200 -2193 -3414 -8781
32229 -2187 -3395 -8752
32285 -2204 -3416 -8807
32311 -2199 -3372 -8731
32367 -2207 -3416 -8833
32395 -2196 -3391 -8755
32451 -2208 -3407 -8791
32477 -2186 -3397 -8768
32535 -2188 -3401 -8768
32562 -2197 -3402 -8782
32617 -2194 -3390 -8786
32644 -2213 -3400 -8801
32701 -2200 -3397 -8788
32726 -2200 -3403 -8793
32785 -2181 -3401 -8770
32810 -2195 -3408 -8811
32865 -2206 -3416 -8770
32894 -2190 -3406 -8825
32949 -2186 -3407 -8773
32976 -2187 -3391 -8817
33033 -2175 -3412 -8785
33060 -2181 -3407 -8809
33117 -2169 -3424 -8813
33152 -2155 -3393 -8777
33201 -2178 -3410 -8825
33238 -2161 -3420 -8813
33265 -2168 -3393 -8808
33318 -2189 -3423 -8803
33349 -2152 -3405 -8810
33400 -2166 -3426 -8804
33448 -2156 -3399 -8810
33473 -2166 -3400 -8769
33528 -2179 -3421 -8846
33555 -2180 -3391 -8781
33610 -2188 -3411 -8809
33639 -2161 -3382 -8798
33694 -2197 -3411 -8796
33721 -2180 -3402 -8799
33776 -2195 -3395 -8792
33803 -2203 -3400 -8791
33858 -2191 -3393 -8776
33887 -2207 -3417 -8830
33944 -2208 -3379 -8754
33971 -2208 -3393 -8792
34012 -2203 -3426 -8823
34061 -2211 -3388 -8751
34092 -2215 -3401 -8805
34147 -2205 -3407 -8780
34176 -2182 -3393 -8785
34228 -2185 -3415 -8803
34277 -2201 -3401 -8809
34302 -2174 -3402 -8785
34359 -2192 -3416 -8805
34384 -2174 -3404 -8825
34441 -2171 -3399 -8791
34468 -2155 -3397 -8826
34523 -2167 -3428 -8823
34552 -2157 -3392 -8799
34605 -2175 -3396 -8807
34634 -2165 -3415 -8828
34693 -2169 -3403 -8790
34731 -2182 -3407 -8843
34758 -2172 -3407 -8797
34815 -2173 -3396 -8818
34840 -2175 -3410 -8812
34898 -2164 -3387 -8796
34923 -2177 -3409 -8827
34978 -2161 -3378 -8771
35006 -2172 -3394 -8815
35062 -2169 -3339 -8688
35089 -2072 -3082 -8618
35149 -2056 -3104 -8526
35174 -2061 -3068 -8522
35233 -2052 -3083 -8552
35254 -2070 -3071 -8509
35312 -2070 -3078 -8555
35338 -2054 -3089 -8506
35397 -2058 -3071 -8549
35432 -2053 -3106 -8529
35461 -2065 -3068 -8491
35516 -2062 -3103 -8600
35545 -2062 -3099 -8473
35600 -2072 -3086 -8557
35629 -2047 -3102 -8498
35686 -2049 -3085 -8555
35711 -2045 -3104 -8517
35770 -2065 -3103 -8985
35793 -2291 -3626 -9582
35848 -2253 -3663 -9740
35875 -2244 -3732 -9821
35934 -2261 -3817 -9961
35959 -2280 -3830 -9972
36016 -2341 -3919 -10014
36041 -2324 -3930 -10144
36102 -2388 -4127 -10132
36125 -2333 -4065 -10240
36180 -2338 -4160 -10207
36207 -2342 -4083 -10228
36264 -2378 -4189 -10255
36291 -2370 -4152 -10260
36348 -2386 -4188 -10282
36373 -2356 -4174 -10329
36432 -2355 -4173 -10248
36457 -2373 -4192 -10332
36516 -2351 -4228 -10293
36539 -2354 -4198 -10294
36596 -2357 -4208 -10343
36623 -2413 -4186 -10243
36682 -2393 -4210 -10369
36705 -2426 -4172 -10259
36762 -2403 -4222 -10343
36787 -2404 -4175 -10242
36844 -2384 -4233 -10349
36871 -2398 -4163 -10258
36928 -2419 -4220 -10333
36953 -2431 -4188 -10326
37010 -2424 -4204 -10304
37037 -2422 -4200 -10339
37096 -2410 -4197 -10268
37121 -2421 -4202 -10327
37176 -2397 -4217 -10303
37203 -2432 -4190 -10295
37260 -2439 -4214 -10312
37287 -2439 -4194 -10305
37340 -2438 -4215 -10321
37370 -2430 -4197 -10286
37427 -2434 -4215 -10313
37452 -2436 -4210 -10312
37509 -2443 -4215 -10297
37535 -2440 -4207 -10327
37593 -2432 -4192 -10304
37616 -2442 -4215 -10312
37675 -2445 -4229 -10320
37700 -2407 -4201 -10291
37760 -2426 -4218 -10324
37783 -2406 -4227 -10334
37840 -2428 -4209 -10311
37869 -2399 -4219 -10339
37928 -2406 -4226 -10332
37951 -2398 -4224 -10343
38008 -2418 -4219 -10297
38033 -2405 -4223 -10327
38092 -2444 -4208 -10314
38117 -2449 -4238 -10315
38174 -2468 -4208 -10323
38199 -2440 -4218 -10308
38260 -2448 -4211 -10315
38299 -2440 -4236 -10316
38324 -2460 -4206 -10339
38381 -2458 -4217 -10263
38408 -2503 -4213 -10323
38463 -2434 -4217 -10313
38492 -2509 -4198 -10290
38547 -2469 -4224 -10321
38574 -2502 -4207 -10289
38629 -2475 -4228 -10297
38656 -2500 -4215 -10322
38713 -2463 -4215 -10297
38738 -2497 -4209 -10305
38797 -2481 -4228 -10326
38822 -2500 -4207 -10314
38881 -2467 -4205 -10301
38906 -2498 -4229 -10289
38961 -2479 -4221 -10343
38988 -2498 -4225 -10296
39047 -2494 -4215 -10302
39072 -2488 -4220 -10319
39129 -2472 -4223 -10311
39154 -2481 -4224 -10300
39209 -2483 -4218 -10328
39238 -2501 -4217 -10293
39293 -2489 -4222 -10339
39318 -2483 -4221 -10303
39377 -2481 -4208 -10321
39404 -2484 -4225 -10303
39459 -2502 -4229 -10341
39486 -2495 -4219 -10289
39545 -2496 -4212 -10310
39568 -2492 -4213 -10318
39627 -2485 -4225 -10308
39652 -2492 -4205 -10301
39705 -2492 -4227 -10325
39734 -2490 -4225 -10297
39777 -2495 -4243 -10316
39826 -2497 -4212 -10330
39873 -2493 -4220 -10293
39900 -2493 -4225 -10312
39955 -2491 -4223 -10317
39984 -2491 -4233 -10315
40039 -2488 -4214 -10311
40068 -2505 -4230 -10331
40126 -2489 -4214 -10312
40150 -2492 -4214 -10319
40206 -2492 -4210 -10318
40231 -2500 -4229 -10312
40286 -2494 -4213 -10322
40315 -2482 -4227 -10326
40376 -2470 -4218 -10315
40399 -2474 -4237 -10329
40456 -2457 -4232 -10363
40482 -2473 -4231 -10310
40541 -2492 -4228 -10337
40563 -2473 -4232 -10319
40622 -2482 -4231 -10335
40647 -2480 -4263 -11079
40704 -2705 -4979 -11664
40733 -2653 -5064 -11901
40788 -2648 -5210 -12043
40815 -2653 -5281 -12132
40854 -2681 -5246 -12096
40909 -2784 -5361 -12152
40936 -2740 -5286 -12183
40993 -2728 -5304 -12160
41022 -2683 -5275 -12124
41079 -2701 -5329 -12172
41104 -2705 -5321 -12172
41161 -2734 -5321 -12120
41186 -2729 -5318 -12208
41243 -2728 -5326 -12184
41268 -2727 -5298 -12183
41328 -2738 -5309 -12191
41353 -2733 -5340 -12178
41408 -2733 -5339 -12179
41435 -2720 -5339 -12169
41492 -2727 -5320 -12188
41519 -2737 -5322 -12174
41576 -2740 -5353 -12234
41603 -2743 -5335 -12181
41658 -2752 -5343 -12194
41683 -2722 -5341 -12178
41742 -2730 -5364 -12197
41767 -2733 -5331 -12204
41824 -2761 -5347 -12201
41849 -2748 -5357 -12214
41906 -2729 -5339 -12223
41935 -2726 -5335 -12195
41990 -2719 -5357 -12218
42015 -2727 -5348 -12190
42072 -2744 -5367 -12229
42097 -2739 -5363 -12218
42152 -2754 -5344 -12205
42181 -2734 -5338 -12214
42238 -2748 -5389 -12228
42265 -2742 -5359 -12226
42324 -2741 -5358 -12189
42347 -2730 -5363 -12223
42406 -2732 -5375 -12239
42431 -2745 -5358 -12236
42488 -2758 -5374 -12228
42515 -2752 -5365 -12234
42576 -2747 -5368 -12224
42597 -2736 -5373 -12228
42654 -2734 -5354 -12209
42679 -2746 -5366 -12225
42738 -2753 -5389 -12249
42765 -2750 -5373 -12219
42807 -2744 -5365 -12231
42863 -2740 -5375 -12231
42887 -2752 -5394 -12236
42948 -2756 -5369 -12244
42989 -2753 -5377 -12206
43014 -2743 -5387 -12268
43071 -2751 -5366 -12215
43096 -2760 -5372 -12235
43135 -2760 -5373 -12224
43188 -2769 -5383 -12230
43237 -2761 -5391 -12225
43276 -2761 -5388 -12241
43301 -2765 -5359 -12237
43360 -2766 -5385 -12209
43385 -2751 -5397 -12273
43444 -2735 -5361 -12202
43467 -2743 -5390 -12231
43526 -2748 -5404 -12281
43551 -2740 -5356 -12187
43610 -2741 -5394 -12287
43635 -2734 -5385 -12246
43692 -2754 -5377 -12224
43717 -2752 -5396 -12284
43770 -2754 -5395 -12225
43801 -2755 -5367 -12235
43856 -2758 -5391 -12241
43881 -2767 -5393 -12256
43936 -2766 -5371 -12225
43967 -2767 -5391 -12241
44018 -2757 -5382 -12227
44067 -2752 -5386 -12259
44092 -2772 -5394 -12231
44147 -2776 -5383 -12215
44172 -2767 -5404 -12257
44229 -2782 -5397 -12253
44258 -2764 -5383 -12234
44305 -2770 -5391 -12252
44340 -2782 -5399 -12252
44391 -2774 -5407 -12249
44420 -2759 -5377 -12234
44477 -2759 -5398 -12239
44504 -2752 -5397 -12263
44561 -2762 -5409 -12251
44588 -2764 -5369 -12220
44643 -2753 -5403 -12253
44670 -2760 -5417 -12277
44727 -2775 -5388 -12206
44754 -2762 -5399 -12273
44811 -2771 -5416 -12221
44836 -2743 -5401 -12257
44895 -2776 -5429 -12243
44920 -2765 -5364 -12234
44979 -2774 -5418 -12230
45002 -2763 -5371 -12258
45055 -2792 -5450 -12281
45086 -2763 -5328 -12184
45141 -2797 -5459 -12308
45168 -2726 -5381 -12206
45225 -2762 -5394 -12279
45251 -2774 -5393 -12214
45308 -2771 -5406 -12275
45335 -2763 -5399 -12236
45391 -2760 -5380 -12308
45417 -2773 -5415 -12227
45476 -2762 -5371 -12282
45503 -2756 -5431 -12273
45559 -2720 -5531 -13919
45584 -2977 -6707 -14195
45641 -2851 -6681 -14301
45669 -2816 -6901 -14412
45728 -2785 -6867 -14435
45751 -2859 -6854 -14466
45808 -3028 -6974 -14366
45831 -2966 -6900 -14545
45890 -2925 -6906 -14389
45915 -2866 -6866 -14415
45972 -2872 -6917 -14388
45999 -2898 -6922 -14507
46056 -2934 -6905 -14355
46083 -2928 -6905 -14476
46140 -2940 -6897 -14393
46163 -2878 -6828 -14412
46218 -2902 -6834 -14327
46247 -2899 -6867 -14418
46304 -2911 -6840 -14293
46331 -2896 -6864 -14385
46388 -2877 -6812 -14313
46417 -2892 -6827 -14327
46474 -2921 -6808 -14357
46499 -2920 -6784 -14271
46554 -2905 -6834 -14318
46579 -2887 -6766 -14269
46634 -2911 -6851 -14320
46663 -2874 -6764 -14299
46720 -2932 -6833 -14303
46745 -2873 -6765 -14324
46804 -2940 -6881 -14348
46827 -2883 -6736 -14294
46882 -2913 -6857 -14308
46911 -2859 -6788 -14341
46966 -2935 -6840 -14288
46993 -2865 -6770 -14358
47052 -2929 -6857 -14313
47077 -2864 -6748 -14341
47132 -2953 -6898 -14312
47160 -2870 -6748 -14349
47214 -2924 -6855 -14257
47243 -2873 -6779 -14361
47298 -2941 -6904 -14339
47325 -2895 -6734 -14347
47380 -2963 -6876 -14303
47409 -2890 -6805 -14365
47466 -2915 -6840 -14309
47493 -2872 -6791 -14341
47553 -2924 -6872 -14292
47574 -2886 -6772 -14348
47629 -2936 -6870 -14340
47656 -2879 -6766 -14340
47713 -2933 -6844 -14323
47740 -2896 -6805 -14361
47795 -2952 -6863 -14309
47822 -2900 -6798 -14400
47881 -2935 -6823 -14261
47908 -2921 -6842 -14407
47965 -2941 -6848 -14343
47991 -2915 -6824 -14354
48047 -2934 -6852 -14332
48075 -2916 -6808 -14378
48132 -2941 -6883 -14362
48157 -2915 -6820 -14361
48212 -2948 -6858 -14350
48239 -2906 -6836 -14385
48294 -2940 -6894 -14375
48321 -2909 -6802 -14368
48380 -2940 -6875 -14331
48405 -2931 -6855 -14442
48464 -2973 -6863 -14334
48487 -2946 -6827 -14382
48546 -2966 -6892 -14397
48573 -2950 -6825 -14363
48630 -2976 -6881 -14385
48671 -2958 -6832 -14368
48696 -2977 -6864 -14350
48753 -2944 -6843 -14356
48778 -2986 -6914 -14416
48837 -2947 -6786 -14350
48860 -3007 -6890 -14333
48919 -2944 -6858 -14421
48944 -3002 -6891 -14385
49003 -2954 -6800 -14345
49026 -2997 -6922 -14385
49085 -2951 -6830 -14369
49112 -2990 -6884 -14356
49152 -2960 -6863 -14391
49203 -3007 -6888 -14341
49234 -2982 -6844 -14394
49291 -2998 -6920 -14384
49316 -2961 -6798 -14368
49377 -2993 -6905 -14328
49398 -2969 -6859 -14421
49455 -2989 -6887 -14368
49482 -2959 -6822 -14362
49539 -2980 -6907 -14371
49564 -2943 -6843 -14389
49619 -3011 -6887 -14413
49648 -2972 -6856 -14336
49705 -3008 -6904 -14399
49730 -2960 -6852 -14379
49789 -2983 -6889 -14372
49814 -2972 -6883 -14408
49871 -2973 -6861 -14351
49896 -2966 -6908 -14402
49958 -2943 -6854 -14377
49979 -2994 -6911 -14394
50036 -2966 -6850 -14368
50063 -2993 -6914 -14401
50118 -2943 -6848 -14372
50145 -3014 -6918 -14386
50204 -2920 -6846 -14399
50229 -3013 -6927 -14362
50284 -2908 -6862 -14422
50311 -2998 -6894 -14382
50368 -2944 -6839 -14333
50393 -2997 -6982 -14491
50452 -2951 -7249 -16421
50479 -3091 -8538 -16594
50534 -2970 -8498 -16573
50561 -2949 -8722 -16767
50622 -2937 -8734 -16830
50643 -3043 -8615 -16784
50697 -3203 -8824 -16797
50726 -3150 -8716 -16864
50777 -3087 -8714 -16853
50830 -3057 -8701 -16799
50852 -3071 -8674 -16691
50908 -3115 -8731 -16879
50935 -3114 -8544 -16574
50994 -3151 -8659 -16741
51035 -3098 -8553 -16591
51060 -3077 -8636 -16772
51117 -3077 -8563 -16620
51142 -3112 -8624 -16709
51199 -3128 -8586 -16599
51224 -3101 -8623 -16728
51267 -3103 -8585 -16643
51318 -3128 -8598 -16698
51347 -3144 -8596 -16661
51406 -3124 -8610 -16717
51431 -3085 -8577 -16628
51490 -3089 -8569 -16650
51515 -3135 -8626 -16689
51572 -3133 -8568 -16697
51599 -3191 -8604 -16670
51656 -3138 -8575 -16686
51683 -3150 -8598 -16709
51738 -3152 -8534 -16591
51765 -3168 -8649 -16744
51820 -3147 -8496 -16617
51849 -3196 -8593 -16640
51904 -3181 -8560 -16678
51929 -3220 -8577 -16673
51988 -3202 -8527 -16647
52015 -3211 -8593 -16636
52070 -3173 -8559 -16704
52095 -3197 -8529 -16614
52150 -3195 -8568 -16672
52179 -3206 -8582 -16661
52232 -3223 -8567 -16692
52281 -3191 -8547 -16649
52318 -3226 -8575 -16685
52347 -3218 -8559 -16645
52404 -3253 -8583 -16699
52429 -3217 -8530 -16650
52486 -3254 -8572 -16662
52511 -3260 -8567 -16665
52566 -3268 -8580 -16721
52595 -3247 -8544 -16667
52650 -3261 -8565 -16651
52675 -3265 -8567 -16694
52734 -3276 -8554 -16688
52759 -3277 -8576 -16694
52816 -3271 -8572 -16673
52841 -3270 -8569 -16693
52900 -3276 -8569 -16691
52927 -3263 -8583 -16700
52982 -3298 -8550 -16655
53007 -3256 -8594 -16710
53066 -3333 -8562 -16725
53091 -3260 -8583 -16702
53148 -3341 -8553 -16666
53176 -3261 -8605 -16745
53232 -3302 -8555 -16685
53257 -3281 -8578 -16696
53313 -3300 -8566 -16704
53342 -3294 -8591 -16731
53397 -3302 -8564 -16678
53424 -3305 -8603 -16740
53479 -3307 -8542 -16668
53508 -3300 -8601 -16711
53564 -3300 -8594 -16728
53591 -3284 -8550 -16702
53632 -3318 -8574 -16694
53681 -3300 -8616 -16745
53716 -3314 -8563 -16717
53765 -3309 -8564 -16692
53816 -3319 -8601 -16714
53841 -3308 -8583 -16733
53882 -3315 -8570 -16698
53931 -3309 -8593 -16720
53962 -3305 -8589 -16707
54019 -3278 -8595 -16714
54046 -3267 -8616 -16752
54103 -3237 -8571 -16716
54130 -3231 -8636 -16725
54187 -3242 -8618 -16761
54212 -3222 -8590 -16730
54267 -3248 -8615 -16741
54294 -3251 -8613 -16740
54351 -3230 -8597 -16727
54380 -3220 -8623 -16748
54437 -3229 -8606 -16752
54460 -3242 -8591 -16703
54513 -3253 -8622 -16773
54544 -3236 -8615 -16747
54601 -3220 -8599 -16743
54626 -3244 -8622 -16714
54681 -3223 -8609 -16785
54710 -3244 -8621 -16736
54769 -3210 -8591 -16754
54792 -3246 -8625 -16701
54849 -3225 -8617 -16801
54874 -3262 -8605 -16724
54931 -3249 -8623 -16761
54960 -3266 -8615 -16760
55015 -3243 -8614 -16749
55042 -3262 -8616 -16755
55101 -3244 -8594 -16739
55125 -3209 -8606 -16742
55180 -3236 -8640 -16770
55207 -3228 -8602 -16749
55266 -3255 -8608 -16741
55291 -3258 -8639 -16766
55348 -3239 -9293 -19120
55371 -3343 -10309 -19174
55430 -3286 -10510 -19251
55455 -3222 -10711 -19334
55514 -3245 -10825 -19512
55539 -3327 -10730 -19503
55594 -3499 -10941 -19521
55623 -3444 -10898 -19633
55680 -3363 -10893 -19596
55703 -3308 -10858 -19547
55762 -3334 -10902 -19572
55790 -3359 -10940 -19618
55829 -3388 -10910 -19604
55881 -3364 -10921 -19611
55930 -3353 -10940 -19619
55955 -3363 -10932 -19667
55997 -3382 -10923 -19617
56048 -3382 -10972 -19693
56097 -3379 -10914 -19621
56122 -3367 -10931 -19612
56178 -3406 -11011 -19693
56203 -3397 -10947 -19724
56261 -3424 -10947 -19617
56288 -3377 -10962 -19670
56345 -3362 -10971 -19674
56370 -3319 -10937 -19655
56427 -3395 -10926 -19595
56452 -3408 -10995 -19690
56513 -3398 -11017 -19768
56536 -3415 -10891 -19632
56593 -3404 -10973 -19603
56620 -3394 -11069 -19807
56679 -3359 -10891 -19642
56702 -3392 -10968 -19611
56757 -3396 -11040 -19765
56786 -3380 -10927 -19660
56843 -3431 -11038 -19705
56868 -3395 -10992 -19753
56925 -3375 -10914 -19595
56950 -3359 -11084 -19722
57007 -3355 -10975 -19742
57036 -3351 -10954 -19625
57091 -3362 -11048 -19743
57118 -3341 -10987 -19708
57173 -3361 -10980 -19637
57202 -3375 -11053 -19780
57259 -3381 -10963 -19709
57284 -3396 -11014 -19681
57341 -3400 -10998 -19729
57366 -3393 -10990 -19699
57419 -3420 -11030 -19691
57450 -3370 -11062 -19807
57501 -3359 -10927 -19662
57532 -3350 -11017 -19658
57581 -3330 -11085 -19769
57632 -3352 -11008 -19789
57657 -3365 -10938 -19640
57716 -3390 -11062 -19679
57741 -3320 -11111 -19851
57800 -3305 -10965 -19755
57823 -3369 -10950 -19618
57876 -3360 -11104 -19707
57905 -3303 -11075 -19843
57954 -3308 -10950 -19704
58007 -3372 -11037 -19674
58032 -3367 -11144 -19845
58090 -3329 -10972 -19750
58115 -3317 -10998 -19608
58173 -3304 -11171 -19840
58196 -3277 -10942 -19711
58237 -3355 -11026 -19677
58288 -3356 -11077 -19770
58337 -3365 -11020 -19716
58364 -3327 -11066 -19787
58404 -3368 -11016 -19749
58454 -3415 -11031 -19705
58489 -3365 -11097 -19827
58538 -3400 -10983 -19749
58589 -3328 -11030 -19684
58614 -3410 -11086 -19786
58671 -3273 -11026 -19729
58697 -3362 -11021 -19702
58756 -3235 -11075 -19768
58779 -3305 -11029 -19682
58820 -3289 -11087 -19811
58870 -3270 -11040 -19736
58921 -3284 -11018 -19688
58946 -3231 -11102 -19743
59004 -3231 -11073 -19776
59041 -3247 -11041 -19740
59070 -3262 -11070 -19713
59129 -3275 -11088 -19752
59154 -3253 -11071 -19770
59211 -3233 -11064 -19782
59236 -3266 -11048 -19680
59295 -3252 -11080 -19766
59320 -3209 -11082 -19768
59377 -3207 -11044 -19726
59400 -3209 -11065 -19717
59457 -3211 -11085 -19777
59486 -3229 -11080 -19743
59525 -3224 -11089 -19788
59576 -3222 -11045 -19699
59625 -3198 -11114 -19793
59650 -3201 -11095 -19785
59707 -3201 -11065 -19705
59732 -3192 -11094 -19778
59789 -3192 -11086 -19740
59818 -3186 -11100 -19743
59875 -3195 -11098 -19778
59900 -3228 -11055 -19768
59957 -3306 -11066 -19706
59982 -3212 -11118 -19811
60037 -3350 -11014 -19724
60064 -3303 -11046 -19737
60121 -3421 -11080 -19762
60148 -3438 -11021 -19686
60203 -3400 -11016 -19700
60234 -3414 -11046 -19497
60291 -3144 -8289 -14938
60328 -2749 -5415 -12302
60355 -3409 -5472 -9728
60412 -2621 -3621 -7684
60441 -2321 -3397 -7664
60496 -2393 -3566 -7616
60523 -2298 -3586 -7448
60578 -2217 -3332 -6731
60605 -1816 -3025 -7436
60664 -3186 -2262 -9902
60687 -4678 -1029 -10837
60748 -4241 -954 -9519
60771 -4069 -694 -9672
60830 -3615 -970 -9225
60855 -2937 -1456 -8287
60912 -2467 -1719 -7427
60935 -1833 -2207 -6942
60993 -1651 -2405 -6601
61020 -1594 -2437 -6490
61077 -1590 -2445 -6402
61102 -1583 -2455 -6369
61159 -1566 -2449 -6349
61184 -1555 -2442 -6334
61240 -1560 -2436 -6316
61266 -1541 -2435 -6300
61324 -1543 -2421 -6290
61351 -1535 -2422 -6282
61408 -1540 -2423 -6262
61435 -1524 -2424 -6259
61492 -1525 -2419 -6250
61517 -1516 -2420 -6243
61575 -1521 -2424 -6237
61600 -1519 -2410 -6230
61657 -1517 -2416 -6219
61684 -1511 -2410 -6226
61739 -1522 -2410 -6222
61766 -1513 -2415 -6219
61825 -1514 -2411 -6206
61864 -1513 -2412 -6201
61891 -1510 -2404 -6198
61948 -1507 -2411 -6196
61973 -1511 -2408 -6188
62032 -1500 -2403 -6186
62057 -1511 -2398 -6181
62114 -1499 -2394 -6178
62139 -1505 -2402 -6180
62196 -1502 -2398 -6174
62221 -1505 -2393 -6173
62276 -1499 -2392 -6166
62303 -1500 -2393 -6160
62362 -1503 -2393 -6165
62387 -1495 -2393 -6161
62444 -1501 -2393 -6158
62471 -1496 -2392 -6162
62526 -1496 -2388 -6147
62555 -1497 -2395 -6148
62610 -1492 -2388 -6138
62637 -1494 -2391 -6145
62696 -1498 -2386 -6143
62719 -1501 -2381 -6143
62778 -1497 -2384 -6134
62803 -1491 -2383 -6141
62860 -1489 -2378 -6134
62883 -1483 -2374 -6131
62940 -1491 -2379 -6135
62967 -1497 -2377 -6126
63022 -1502 -2375 -6137
63051 -1488 -2375 -6133
63108 -1499 -2378 -6120
63133 -1489 -2380 -6123
63188 -1493 -2371 -6126
63219 -1494 -2375 -6127
63278 -1495 -2369 -6122
63315 -1484 -2376 -6117
63340 -1492 -2368 -6115
63399 -1493 -2372 -6109
63422 -1487 -2374 -6121
63477 -1489 -2370 -6118
63505 -1485 -2376 -6114
63564 -1486 -2369 -6110
63589 -1488 -2373 -6114
63646 -1490 -2363 -6114
63671 -1484 -2366 -6112
63728 -1480 -2370 -6103
63756 -1487 -2371 -6102
63812 -1487 -2365 -6105
63839 -1489 -2354 -6106
63893 -1486 -2363 -6105
63920 -1487 -2364 -6104
63980 -1482 -2363 -6102
64007 -1489 -2363 -6097
64066 -1483 -2359 -6092
64103 -1485 -2358 -6096
64130 -1491 -2361 -6102
64169 -1480 -2359 -6098
64222 -1491 -2367 -6100
64271 -1484 -2359 -6091
64306 -1484 -2365 -6089
64335 -1486 -2359 -6095
64390 -1478 -2365 -6092
64419 -1490 -2355 -6097
64478 -1484 -2357 -6089
64501 -1480 -2353 -6091
64556 -1490 -2358 -6091
64583 -1482 -2358 -6096
64640 -1480 -2349 -6085
64667 -1484 -2349 -6087
64724 -1487 -2353 -6099
64751 -1487 -2354 -6084
64806 -1484 -2353 -6082
64831 -1484 -2353 -6082
64886 -1486 -2360 -6085
64917 -1484 -2355 -6086
64972 -1493 -2353 -6089
64999 -1481 -2356 -6084
65054 -1488 -2359 -6082
65081 -1483 -2350 -6077
65138 -1484 -2354 -6080
65167 -1485 -2348 -6083
65224 -1481 -2356 -6081
65259 -1481 -2353 -6088
65288 -1480 -2348 -6075
65345 -1483 -2355 -6080
65372 -1481 -2348 -6075
65429 -1478 -2352 -6073
65454 -1483 -2345 -6077
65509 -1477 -2349 -6077
65538 -1489 -2351 -6080
65587 -1476 -2348 -6075
65638 -1478 -2348 -6082
65661 -1480 -2338 -6077
65716 -1483 -2340 -6074
65743 -1487 -2339 -6075
65800 -1487 -2349 -6073
65827 -1473 -2343 -6074
65884 -1489 -2343 -6082
65909 -1477 -2350 -6072
65966 -1483 -2341 -6074
65993 -1478 -2346 -6069
66052 -1483 -2343 -6068
66077 -1481 -2342 -6065
66134 -1487 -2343 -6075
66159 -1487 -2346 -6071
66216 -1484 -2343 -6063
66243 -1489 -2351 -6070
66300 -1479 -2341 -6066
66325 -1478 -2345 -6066
66382 -1475 -2344 -6064
66406 -1479 -2343 -6068
66461 -1480 -2344 -6068
66490 -1484 -2341 -6061
66551 -1485 -2346 -6061
66588 -1479 -2341 -6059
66615 -1477 -2342 -6064
66656 -1479 -2338 -6065
66712 -1486 -2331 -6066
66741 -1482 -2336 -6059
66800 -1484 -2343 -6061
66821 -1479 -2339 -6060
66881 -1475 -2340 -6062
66904 -1484 -2340 -6064
66963 -1481 -2337 -6067
66988 -1487 -2336 -6062
67045 -1486 -2337 -6073
67072 -1478 -2332 -6062
67129 -1488 -2332 -6062
67154 -1484 -2340 -6064
67211 -1486 -2336 -6069
67238 -1489 -2339 -6066
67293 -1486 -2335 -6058
67320 -1478 -2333 -6058
67375 -1481 -2337 -6065
67404 -1481 -2335 -6063
67455 -1487 -2334 -6059
67504 -1478 -2333 -6068
67539 -1478 -2335 -6056
67568 -1482 -2332 -6062
67619 -1480 -2331 -6070
67668 -1481 -2330 -6063
67693 -1487 -2340 -6061
67748 -1478 -2336 -6057
67775 -1483 -2328 -6058
67832 -1477 -2328 -6060
67857 -1483 -2332 -6046
67912 -1488 -2334 -6057
67941 -1475 -2334 -6058
68000 -1482 -2334 -6060
68023 -1481 -2332 -6054
68076 -1481 -2333 -6060
68105 -1484 -2338 -6054
68166 -1480 -2335 -6053
68189 -1467 -2335 -6057
68244 -1479 -2328 -6051
68271 -1477 -2336 -6049
68328 -1478 -2326 -6048
68355 -1481 -2329 -6055
68412 -1482 -2322 -6058
68439 -1480 -2334 -6050
68494 -1475 -2332 -6049
68521 -1478 -2330 -6048
68576 -1476 -2336 -6053
68603 -1477 -2326 -6052
68662 -1477 -2327 -6045
68687 -1477 -2331 -6052
68744 -1484 -2326 -6050
68771 -1479 -2333 -6049
68828 -1479 -2327 -6052
68853 -1473 -2327 -6046
68909 -1477 -2332 -6046
68936 -1479 -2327 -6053
68992 -1475 -2326 -6049
69019 -1482 -2329 -6045
69079 -1479 -2330 -6052
69105 -1468 -2328 -6045
69144 -1475 -2333 -6048
69193 -1470 -2330 -6051
69241 -1476 -2335 -6041
69268 -1482 -2324 -6051
69323 -1475 -2331 -6041
69350 -1475 -2330 -6046
69409 -1472 -2327 -6049
69434 -1479 -2329 -6043
69491 -1480 -2327 -6047
69516 -1473 -2319 -6052
69575 -1476 -2321 -6044
69600 -1469 -2328 -6039
69657 -1481 -2332 -6043
69684 -1478 -2329 -6043
69741 -1480 -2327 -6045
69780 -1474 -2326 -6038
69805 -1481 -2326 -6043
69868 -1475 -2327 -6049
69891 -1480 -2330 -6043
69946 -1472 -2331 -6041
69973 -1479 -2329 -6037
70026 -1479 -2322 -6036
70055 -1480 -2323 -6042
70112 -1467 -2315 -6046
70139 -1482 -2313 -6042
70198 -1477 -2320 -6047
70221 -1474 -2306 -6044
70278 -1475 -2313 -6045
70305 -1477 -2309 -6041
70360 -1478 -2310 -6039
70389 -1475 -2315 -6047
70444 -1480 -2312 -6045
70469 -1479 -2318 -6045
70526 -1474 -2314 -6047
70551 -1476 -2316 -6042
70610 -1471 -2314 -6036
70635 -1474 -2323 -6039
70688 -1480 -2319 -6036
70717 -1472 -2319 -6037
70774 -1479 -2322 -6041
70799 -1483 -2318 -6041
70856 -1479 -2311 -6037
70883 -1475 -2313 -6043
70940 -1475 -2318 -6045
70967 -1482 -2318 -6040
71024 -1482 -2319 -6040
71049 -1475 -2318 -6043
71106 -1475 -2309 -6041
71131 -1475 -2311 -6035
71190 -1470 -2315 -6035
71215 -1476 -2313 -6041
71272 -1474 -2313 -6038
71299 -1471 -2316 -6038
71354 -1476 -2319 -6042
71381 -1473 -2318 -6036
71434 -1477 -2325 -6036
71465 -1473 -2319 -6030
71522 -1472 -2331 -6032
71548 -1471 -2324 -6027
71605 -1473 -2321 -6029
71630 -1475 -2321 -6029
71687 -1473 -2321 -6027
71714 -1478 -2328 -6023
71771 -1468 -2324 -6028
71796 -1466 -2324 -6026
71854 -1466 -2322 -6035
71879 -1472 -2327 -6034
71936 -1469 -2318 -6023
71961 -1477 -2326 -6025
72022 -1477 -2318 -6034
72043 -1474 -2324 -6025
72100 -1479 -2304 -6032
72127 -1474 -2315 -6031
72182 -1477 -2319 -6037
72209 -1479 -2307 -6029
72270 -1476 -2307 -6032
72293 -1470 -2316 -6036
72350 -1474 -2304 -6034
72375 -1480 -2310 -6029
72432 -1478 -2316 -6034
72459 -1477 -2315 -6036
72518 -1482 -2303 -6038
72541 -1475 -2307 -6033
72596 -1474 -2318 -6030
72625 -1474 -2312 -6032
72682 -1475 -2305 -6026
72708 -1476 -2308 -6034
72769 -1477 -2312 -6031
72790 -1478 -2303 -6039
72847 -1477 -2304 -6033
72872 -1475 -2307 -6030
72931 -1474 -2312 -6031
72956 -1471 -2305 -6030
73011 -1471 -2307 -6029
73040 -1476 -2311 -6026
73097 -1477 -2312 -6034
73124 -1478 -2311 -6029
73181 -1474 -2303 -6032
73204 -1477 -2310 -6030
73259 -1480 -2313 -6029
73286 -1471 -2312 -6033
73345 -1482 -2314 -6030
73372 -1472 -2311 -6030
73431 -1474 -2308 -6030
73454 -1477 -2302 -6034
73511 -1479 -2307 -6029
73538 -1479 -2308 -6030
73577 -1476 -2314 -6039
73630 -1479 -2307 -6031
73661 -1468 -2309 -6035
73718 -1466 -2304 -6024
73745 -1474 -2314 -6030
73800 -1472 -2305 -6034
73825 -1476 -2307 -6036
73882 -1468 -2310 -6029
73909 -1474 -2304 -6029
73966 -1473 -2306 -6033
73991 -1474 -2312 -6028
74051 -1476 -2312 -6025
74075 -1479 -2312 -6027
74132 -1477 -2307 -6030
74159 -1469 -2309 -6027
74215 -1477 -2310 -6029
74241 -1478 -2312 -6028
74296 -1470 -2305 -6026
74324 -1474 -2304 -6027
74377 -1471 -2307 -6028
74408 -1476 -2306 -6030
74459 -1473 -2306 -6024
74491 -1477 -2305 -6028
74544 -1476 -2305 -6028
74573 -1473 -2301 -6032
74628 -1481 -2305 -6026
74655 -1473 -2308 -6027
74711 -1474 -2305 -6029
74738 -1472 -2305 -6030
74795 -1483 -2299 -6028
74824 -1478 -2305 -6021
74881 -1472 -2308 -6027
74904 -1476 -2311 -6025
74959 -1475 -2305 -6030
74988 -1481 -2304 -6226
75029 -1479 -2300 -6038
75078 -1473 -2293 -6032
75129 -1466 -2296 -6036
75154 -1474 -2289 -6031
75209 -1472 -2292 -6033
75234 -1473 -2292 -6027
75291 -1476 -2287 -6032
75320 -1474 -2290 -6037
75375 -1472 -2290 -6032
75402 -1477 -2288 -6031
75461 -1476 -2291 -6036
75486 -1473 -2282 -6035
75529 -1473 -2285 -6035
75578 -1476 -2298 -6028
75627 -1474 -2293 -6029
75662 -1473 -2296 -6029
75691 -1475 -2289 -6032
75750 -1471 -2289 -6024
75775 -1474 -2283 -6033
75832 -1474 -2287 -6036
75859 -1476 -2284 -6032
75918 -1476 -2285 -6039
75941 -1477 -2294 -6033
75998 -1479 -2296 -6024
76023 -1480 -2289 -6037
76078 -1473 -2285 -6029
76107 -1473 -2283 -6027
76164 -1473 -2291 -6028
76191 -1472 -2295 -6027
76246 -1473 -2292 -6029
76271 -1476 -2291 -6034
76330 -1475 -2288 -6028
76355 -1478 -2291 -6029
76412 -1474 -2291 -6028
76439 -1474 -2293 -6027
76494 -1474 -2286 -6029
76521 -1475 -2293 -6035
76576 -1482 -2296 -6027
76603 -1474 -2286 -6032
76659 -1472 -2289 -6025
76688 -1473 -2290 -6023
76746 -1469 -2288 -6027
76769 -1475 -2283 -6031
76824 -1478 -2283 -6027
76852 -1469 -2296 -6029
76908 -1466 -2296 -6029
76936 -1473 -2291 -6023
76993 -1472 -2293 -6027
77018 -1475 -2292 -6030
77073 -1477 -2290 -6030
77104 -1477 -2282 -6029
77161 -1469 -2291 -6018
77198 -1470 -2291 -6026
77225 -1478 -2290 -6027
77280 -1478 -2295 -6029
77309 -1474 -2287 -6034
77366 -1481 -2290 -6026
77391 -1476 -2295 -6028
77448 -1473 -2288 -6026
77473 -1476 -2287 -6028
77530 -1467 -2294 -6026
77557 -1474 -2289 -6033
77614 -1478 -2289 -6027
77641 -1476 -2295 -6026
77700 -1477 -2277 -6024
77723 -1471 -2287 -6025
77778 -1476 -2289 -6033
77805 -1477 -2288 -6028
77864 -1481 -2290 -6022
77889 -1475 -2288 -6025
77948 -1470 -2287 -6020
77973 -1475 -2289 -6024
78032 -1476 -2289 -6023
78053 -1475 -2285 -6020
78110 -1483 -2283 -6033
