14 1036 629 -6960
29 1034 637 -6962
30 1027 627 -6950
36 1026 631 -6957
46 1035 632 -6953
52 1031 633 -6954
59 1028 632 -6952
61 1037 628 -6952
63 1030 633 -6944
70 1033 622 -6948
72 1029 633 -6951
78 1035 632 -6949
83 1031 630 -6954
88 1027 629 -6947
94 1035 630 -6946
99 1034 634 -6953
103 1032 632 -6949
107 1033 625 -6950
113 1042 628 -6944
117 1037 632 -6950
123 1033 632 -6943
127 1030 630 -6946
133 1027 620 -6948
138 1025 629 -6947
141 1028 631 -6943
146 1035 634 -6939
151 1032 636 -6946
154 1029 630 -6944
159 1033 632 -6938
165 1034 635 -6946
172 1031 637 -6942
176 1033 630 -6950
180 1028 629 -6943
184 1033 628 -6944
188 1029 629 -6942
193 1032 632 -6942
198 1024 635 -6939
202 1022 632 -6941
207 1038 626 -6943
211 1028 623 -6946
215 1034 625 -6948
220 1033 630 -6936
224 1021 626 -6937
258 1033 629 -6939
280 1031 629 -6934
335 1028 629 -6935
364 1037 633 -6942
423 1036 631 -6941
458 1027 629 -6939
486 1035 628 -6936
527 1029 621 -6938
586 1028 632 -6941
610 1031 627 -6941
652 1017 623 -6942
701 1026 627 -6937
751 1031 631 -6945
775 1026 628 -6943
837 1026 628 -6940
870 1025 629 -6935
899 1027 630 -6938
944 1028 631 -6929
995 1033 626 -6938
1023 1032 628 -6935
1073 1033 625 -6937
1122 1026 630 -6939
1148 1026 626 -6934
1205 1028 629 -6930
1239 1027 626 -6937
1275 1023 632 -6936
1322 1039 631 -6930
1371 1023 636 -6925
1402 1030 625 -6932
1436 1027 632 -6931
1487 1034 630 -6935
1535 1026 633 -6943
1562 1037 627 -6934
1622 1025 628 -6933
1644 1029 618 -6934
1688 1030 622 -6938
1747 1034 628 -6937
1785 1028 625 -6937
1812 1019 631 -6930
1867 1027 627 -6935
1891 1027 632 -6930
1950 1032 629 -6935
1985 1029 626 -6935
2042 1030 629 -6930
2056 1023 634 -6934
2116 1029 635 -6935
2139 1033 635 -6929
2196 1033 636 -6926
2223 1026 629 -6937
2264 1030 628 -6928
2315 1032 631 -6928
2365 1023 628 -6934
2388 1033 625 -6933
2447 1031 631 -6932
2471 1027 631 -6928
2516 1033 621 -6933
2563 1024 624 -6929
2614 1028 627 -6932
2648 1032 628 -6926
2678 1029 628 -6930
2726 1028 629 -6925
2778 1027 694 -6931
2800 1000 729 -6921
2844 1001 724 -6914
2893 994 721 -6905
2943 1088 710 -6904
2970 1087 719 -6905
3010 1092 689 -6931
3058 1073 696 -6925
3107 1082 696 -6928
3132 1072 682 -6939
3193 988 711 -6935
3219 992 708 -6940
3275 992 698 -6914
3298 996 723 -6916
3341 1010 723 -6917
3390 998 694 -6907
3442 1087 710 -6907
3462 1083 710 -6905
3523 1085 689 -6927
3557 1076 697 -6936
3589 1068 693 -6930
3638 1051 700 -6942
3688 990 704 -6934
3710 985 703 -6932
3754 987 725 -6923
3802 1002 721 -6911
3852 996 731 -6913
3876 1057 709 -6904
3935 1080 708 -6905
3959 1093 711 -6913
4015 1071 701 -6924
4049 1074 700 -6926
4083 1073 698 -6927
4132 991 705 -6933
4183 985 712 -6937
4209 986 707 -6933
4251 1000 728 -6915
4300 1002 731 -6913
4350 1003 726 -6913
4373 1084 711 -6906
4430 1084 720 -6906
4456 1088 709 -6908
4496 1073 694 -6933
4547 1080 693 -6926
4596 1077 698 -6928
4621 983 701 -6929
4679 981 710 -6930
4706 975 705 -6935
4760 996 729 -6912
4784 1002 726 -6915
4846 1001 726 -6920
4871 1084 713 -6909
4911 1086 709 -6899
4961 1087 714 -6906
5011 1069 692 -6930
5035 1069 690 -6928
5093 1080 693 -6919
5117 990 704 -6935
5172 983 711 -6938
5202 986 709 -6924
5252 999 725 -6919
5301 999 730 -6915
5324 1001 724 -6910
5383 1081 708 -6903
5406 1086 706 -6910
5463 1087 709 -6929
5489 1065 694 -6929
5532 1074 692 -6923
5581 1072 686 -6933
5630 979 704 -6930
5655 989 708 -6933
5712 987 689 -6913
5738 991 734 -6912
5798 993 731 -6916
5819 995 699 -6909
5878 1074 712 -6901
5904 1086 713 -6900
5961 1078 674 -6927
5986 1077 696 -6930
6028 1069 694 -6919
6078 1061 684 -6931
6126 975 704 -6931
6151 977 702 -6934
6212 987 719 -6913
6247 988 722 -6918
6274 1004 727 -6915
6326 1029 710 -6905
6374 1083 713 -6905
6399 1080 704 -6906
6440 1078 698 -6926
6489 1069 698 -6920
6537 1066 702 -6931
6565 991 706 -6927
6622 978 698 -6942
6654 983 699 -6931
6708 989 724 -6914
6730 999 728 -6917
6788 995 731 -6908
6813 1078 711 -6907
6870 1075 717 -6903
6894 1078 706 -6904
6954 1080 689 -6930
6979 1067 695 -6929
7037 1077 690 -6927
7068 978 702 -6933
7104 978 703 -6928
7155 981 699 -6926
7202 997 723 -6914
7225 998 725 -6912
7266 994 732 -6909
7317 1078 710 -6909
7366 1084 718 -6906
7392 1071 709 -6903
7449 1074 691 -6929
7475 1067 686 -6925
7534 1071 691 -6929
7557 971 709 -6931
7603 978 697 -6938
7654 981 697 -6927
7681 991 723 -6917
7741 988 719 -6921
7783 996 722 -6910
7808 1081 707 -6908
7865 1082 709 -6899
7890 1070 707 -6913
7949 1067 688 -6928
7972 1070 690 -6925
8036 1074 692 -6937
8058 986 703 -6939
8112 974 698 -6936
8135 985 701 -6914
8178 988 729 -6918
8235 990 718 -6909
8279 994 712 -6900
8302 1075 706 -6900
8346 1074 699 -6905
8395 1080 673 -6924
8456 1071 686 -6929
8466 1073 687 -6925
8511 1072 669 -6931
8558 980 706 -6938
8607 982 699 -6933
8630 975 691 -6912
8685 990 724 -6918
8732 991 730 -6919
8765 998 694 -6899
8816 1078 707 -6905
8839 1074 711 -6901
8896 1076 681 -6924
8923 1068 684 -6927
8982 1073 689 -6930
9017 1023 698 -6928
9045 983 700 -6937
9096 981 704 -6934
9148 982 725 -6916
9169 993 718 -6914
9210 994 718 -6916
9270 1074 709 -6907
9292 1076 699 -6899
9354 1085 710 -6902
9376 1076 688 -6932
9419 1066 684 -6926
9468 1067 690 -6933
9517 985 699 -6932
9542 984 697 -6931
9600 981 700 -6928
9630 985 723 -6910
9666 987 722 -6915
9719 999 722 -6917
9765 1082 705 -6899
9793 1077 701 -6901
9846 1082 704 -6902
9871 1067 685 -6919
9932 1071 680 -6923
9955 1068 682 -6926
10005 980 696 -6930
10054 983 700 -6935
10079 982 697 -6930
10121 994 717 -6909
10170 988 715 -6910
10219 989 714 -6913
10244 1082 696 -6905
10301 1073 698 -6907
10327 1079 699 -6907
10384 1072 687 -6924
10410 1068 686 -6925
10469 1065 685 -6926
10493 983 692 -6929
10535 977 694 -6932
10583 980 695 -6923
10632 992 714 -6913
10657 995 718 -6914
10700 990 720 -6902
10751 1081 705 -6900
10800 1080 698 -6904
10823 1090 688 -6924
10866 1067 683 -6927
10915 1072 685 -6925
10966 1079 660 -6934
10990 991 687 -6939
11036 988 691 -6938
11084 989 676 -6913
11114 997 711 -6913
11163 994 716 -6921
11214 994 687 -6903
11247 1085 706 -6903
11281 1082 701 -6902
11332 1084 665 -6929
11381 1077 674 -6922
11416 1080 677 -6926
11444 1056 685 -6933
11494 986 690 -6937
11542 988 693 -6936
11577 987 716 -6915
11610 994 712 -6914
11661 1000 717 -6919
11708 1042 701 -6905
11737 1082 699 -6903
11789 1090 701 -6907
11821 1080 687 -6931
11876 1073 686 -6928
11899 1079 678 -6924
11956 993 693 -6932
11982 990 693 -6936
12038 986 694 -6937
12063 987 710 -6916
12121 1002 716 -6916
12146 996 715 -6916
12207 1086 698 -6905
12231 1083 699 -6906
12272 1080 707 -6906
12322 1083 683 -6926
12371 1077 687 -6928
12396 1074 671 -6919
12455 987 691 -6928
12483 988 693 -6932
12525 986 690 -6936
12573 997 712 -6921
12601 1004 713 -6913
12651 1002 715 -6917
12699 1088 695 -6911
12730 1083 701 -6902
12784 1084 692 -6903
12807 1077 673 -6922
12868 1079 677 -6934
12901 1074 688 -6924
12950 997 688 -6933
12974 985 686 -6932
13038 984 687 -6929
13064 993 706 -6911
13099 993 710 -6920
13148 1003 711 -6915
13196 1089 697 -6909
13221 1087 699 -6897
13267 1087 693 -6915
13314 1074 678 -6929
13363 1076 681 -6933
13387 1083 680 -6934
13429 989 691 -6932
13478 991 695 -6935
13527 986 678 -6917
13551 994 714 -6918
13610 993 712 -6912
13634 1002 690 -6900
13691 1091 701 -6906
13718 1085 702 -6903
13760 1081 662 -6930
13808 1083 682 -6928
13857 1069 678 -6931
13882 1078 671 -6943
13943 987 685 -6927
13963 984 693 -6929
14027 991 702 -6919
14063 998 718 -6911
14094 1002 709 -6920
14140 1023 699 -6908
14189 1083 692 -6906
14222 1085 694 -6904
14258 1077 675 -6925
14307 1075 679 -6930
14356 1076 682 -6925
14380 1005 692 -6932
14440 986 697 -6936
14461 980 692 -6935
14520 993 715 -6921
14545 998 719 -6918
14586 993 714 -6918
14637 1082 692 -6909
14685 1089 696 -6903
14709 1083 694 -6909
14771 1081 681 -6925
14807 1076 678 -6927
14836 1084 681 -6926
14884 995 688 -6944
14933 985 694 -6934
14958 993 692 -6941
15019 1005 709 -6927
15041 998 709 -6926
15096 1004 719 -6922
15123 1096 695 -6916
15164 1093 696 -6917
15214 1090 697 -6914
15264 1083 684 -6941
15291 1083 678 -6940
15333 1081 680 -6938
15382 991 695 -6944
15431 997 693 -6947
15455 995 688 -6951
15498 1010 708 -6930
15551 1012 714 -6934
15588 1011 713 -6936
15622 1094 700 -6932
15678 1097 703 -6930
15720 1098 694 -6935
15744 1087 685 -6957
15801 1089 678 -6951
15827 1095 678 -6959
15882 990 687 -6963
15909 1009 684 -6962
15964 1000 683 -6957
15991 1011 712 -6951
16050 1016 710 -6951
16075 1014 696 -6947
16132 1108 699 -6943
16157 1098 694 -6940
16215 1096 675 -6966
16238 1094 668 -6976
16281 1089 674 -6976
16355 1103 658 -6980
16364 1009 683 -6985
16423 1011 692 -6985
16446 1017 676 -6972
16493 1019 712 -6971
16541 1016 706 -6970
16590 1027 688 -6958
16624 1100 688 -6967
16672 1104 692 -6963
16708 1096 664 -6989
16752 1103 675 -6992
16776 1093 672 -6985
16836 1056 671 -7006
16863 1008 683 -7004
16918 1004 682 -7003
16943 1010 709 -6993
17000 1013 698 -6997
17024 1014 695 -6998
17067 1078 685 -6986
17117 1102 679 -6985
17165 1100 690 -6985
17191 1096 671 -7012
17250 1095 676 -7014
17273 1091 668 -7008
17319 1013 676 -7030
17369 1008 684 -7028
17401 1014 683 -7028
17448 1023 698 -7012
17496 1022 696 -7017
17524 1019 699 -7015
17564 1111 678 -7011
17613 1110 678 -7014
17662 1112 681 -7014
17687 1103 663 -7046
17747 1099 655 -7038
17769 1098 662 -7043
17829 1019 677 -7053
17853 1018 672 -7054
17899 1023 669 -7055
17949 1031 693 -7043
17979 1029 692 -7043
18025 1029 700 -7050
18077 1119 676 -7043
18109 1115 672 -7047
18145 1119 671 -7047
18194 1111 659 -7070
18243 1110 663 -7071
18266 1112 656 -7081
18327 1030 668 -7096
18360 1028 665 -7086
18413 1028 670 -7082
18432 1043 685 -7080
18474 1036 686 -7082
18522 1045 683 -7076
18571 1126 671 -7077
18597 1133 677 -7081
18660 1133 661 -7111
18681 1123 654 -7104
18738 1121 653 -7108
18763 1125 641 -7124
18825 1041 665 -7124
18846 1038 663 -7110
18890 1036 647 -7115
18940 1058 684 -7112
18972 1047 680 -7108
19021 1052 640 -7112
19070 1139 657 -7107
19093 1142 666 -7108
19154 1140 635 -7140
19177 1139 650 -7138
19217 1135 652 -7142
19266 1111 646 -7150
19315 1044 658 -7157
19351 1049 652 -7150
19386 1051 683 -7144
19437 1064 675 -7141
19484 1072 675 -7148
19509 1127 658 -7145
19548 1155 660 -7142
19598 1157 662 -7140
19650 1152 633 -7172
19672 1152 634 -7174
19731 1143 639 -7170
19756 1068 639 -7187
19797 1062 646 -7187
19848 1065 641 -7192
19897 1080 669 -7176
19921 1080 660 -7179
19964 1082 674 -7182
20012 1172 647 -7174
20064 1163 650 -7178
20086 1170 646 -7180
20127 1162 628 -7210
20176 1159 633 -7205
20225 1160 635 -7212
20252 1086 639 -7232
20312 1076 639 -7229
20345 1078 645 -7217
20395 1098 664 -7219
20417 1094 664 -7230
20480 1098 667 -7221
20499 1181 646 -7220
20543 1185 639 -7222
20594 1177 644 -7224
20643 1176 621 -7249
20665 1170 624 -7251
20722 1174 620 -7247
20750 1087 632 -7267
20800 1096 634 -7269
20855 1098 631 -7267
20873 1113 655 -7262
20933 1111 654 -7262
20973 1106 652 -7267
20998 1196 640 -7260
21054 1195 643 -7261
21083 1196 634 -7293
21123 1191 621 -7299
21172 1187 624 -7294
21222 1187 603 -7314
21245 1109 622 -7311
21286 1111 627 -7314
21336 1107 611 -7307
21385 1124 645 -7317
21410 1119 647 -7310
21468 1123 617 -7307
21492 1211 634 -7312
21550 1213 633 -7309
21575 1218 594 -7343
21644 1201 610 -7338
21658 1210 610 -7344
21712 1192 606 -7358
21740 1122 617 -7349
21791 1122 611 -7359
21840 1126 626 -7361
21868 1145 646 -7356
21919 1139 642 -7354
21968 1177 619 -7360
22003 1230 622 -7357
22032 1227 618 -7356
22081 1228 606 -7391
22130 1227 600 -7386
22155 1218 594 -7389
22197 1151 614 -7405
22246 1142 609 -7409
22296 1138 611 -7401
22332 1146 625 -7403
22365 1158 629 -7402
22417 1150 636 -7407
22463 1243 613 -7404
22487 1246 613 -7403
22532 1244 616 -7404
22580 1241 595 -7445
22628 1239 589 -7442
22655 1233 593 -7441
22693 1154 600 -7454
22743 1161 601 -7450
22793 1156 602 -7454
22822 1178 622 -7453
22876 1175 621 -7454
22899 1168 627 -7458
22958 1261 602 -7451
22983 1262 604 -7457
23041 1257 608 -7458
23064 1263 586 -7488
23124 1261 585 -7487
23147 1260 588 -7484
23189 1167 599 -7505
23238 1173 589 -7506
23287 1166 596 -7502
23314 1201 621 -7498
23355 1195 613 -7499
23404 1194 609 -7511
23453 1283 604 -7506
23477 1275 606 -7506
23539 1276 612 -7522
23572 1266 574 -7536
23634 1274 578 -7539
23649 1280 585 -7549
23705 1183 584 -7553
23727 1194 590 -7546
23779 1193 579 -7560
23829 1215 603 -7553
23852 1212 600 -7549
23912 1202 584 -7562
23950 1299 596 -7560
23975 1297 600 -7545
24017 1295 562 -7594
24068 1287 572 -7582
24117 1286 573 -7580
24139 1286 553 -7608
24200 1211 580 -7611
24224 1206 582 -7602
24268 1205 590 -7603
24318 1229 598 -7603
24367 1228 604 -7600
24390 1245 584 -7608
24450 1311 585 -7601
24472 1319 586 -7603
24531 1310 560 -7641
24554 1311 566 -7629
24613 1304 570 -7631
24636 1259 564 -7649
24694 1229 573 -7660
24719 1226 570 -7652
24779 1243 583 -7649
24802 1251 593 -7644
24846 1244 602 -7649
24894 1338 579 -7653
24946 1340 579 -7657
24968 1335 578 -7660
25012 1325 555 -7685
25061 1330 561 -7685
25110 1327 563 -7683
25133 1244 562 -7707
25178 1246 567 -7703
25227 1252 560 -7697
25275 1265 591 -7696
25304 1266 588 -7699
25360 1269 590 -7707
25380 1354 567 -7706
25443 1355 581 -7703
25478 1364 569 -7705
25505 1350 549 -7733
25557 1354 555 -7737
25589 1347 554 -7737
25636 1270 560 -7752
25687 1267 556 -7749
25713 1263 559 -7752
25754 1292 578 -7752
25804 1289 575 -7747
25853 1290 583 -7754
25878 1381 551 -7752
25939 1388 560 -7751
25962 1372 563 -7773
26020 1374 544 -7789
26045 1375 549 -7783
26086 1373 548 -7803
26135 1291 554 -7804
26187 1289 551 -7806
26209 1289 554 -7806
26250 1314 566 -7797
26301 1308 567 -7808
26350 1314 556 -7805
26375 1402 563 -7812
26434 1403 551 -7804
26457 1397 535 -7839
26515 1397 538 -7842
26540 1389 538 -7838
26599 1392 513 -7858
26628 1304 547 -7859
26681 1308 543 -7855
26705 1312 534 -7866
26759 1331 559 -7859
26787 1333 563 -7855
26846 1336 540 -7868
26872 1422 542 -7860
26928 1416 549 -7869
26954 1418 525 -7892
27010 1416 528 -7900
27037 1411 527 -7897
27101 1373 534 -7919
27121 1337 541 -7911
27179 1335 532 -7914
27202 1342 550 -7915
27244 1355 556 -7909
27295 1354 559 -7918
27342 1429 541 -7918
27373 1444 536 -7907
27428 1434 544 -7913
27462 1439 522 -7951
27491 1441 529 -7948
27540 1436 522 -7944
27590 1352 535 -7969
27615 1358 524 -7970
27675 1347 528 -7969
27697 1378 547 -7966
27759 1370 555 -7970
27792 1376 543 -7961
27822 1460 529 -7971
27872 1466 529 -7967
27921 1464 531 -7973
27946 1459 518 -8005
28006 1458 516 -7997
28029 1460 521 -8001
28075 1381 523 -8021
28122 1375 517 -8019
28172 1377 520 -8019
28195 1401 538 -8020
28255 1398 545 -8020
28288 1400 542 -8011
28337 1491 515 -8023
28360 1485 528 -8024
28420 1489 522 -8035
28451 1476 507 -8064
28487 1483 508 -8061
28538 1482 501 -8065
28585 1404 516 -8079
28620 1405 517 -8074
28651 1393 512 -8074
28700 1419 528 -8076
28750 1422 533 -8078
28774 1424 529 -8090
28816 1508 515 -8085
28865 1505 517 -8083
28915 1508 491 -8120
28939 1504 494 -8124
28996 1504 498 -8123
29024 1509 474 -8144
29079 1422 495 -8144
29105 1425 499 -8145
29147 1425 494 -8143
29196 1444 515 -8148
29260 1447 514 -8140
29273 1448 478 -8154
29325 1538 497 -8149
29356 1534 492 -8150
29410 1542 470 -8188
29461 1527 481 -8189
29478 1532 483 -8184
29535 1524 478 -8212
29562 1457 495 -8208
29617 1447 485 -8213
29644 1451 480 -8216
29687 1475 512 -8210
29738 1474 508 -8212
29767 1470 484 -8216
29815 1563 483 -8218
29866 1566 490 -8225
29888 1563 490 -8239
29946 1558 474 -8253
29974 1560 477 -8263
30016 1558 465 -8257
30065 1473 482 -8277
30115 1468 474 -8276
30149 1472 485 -8277
30181 1494 500 -8278
30230 1496 499 -8278
30279 1492 493 -8274
30304 1503 466 -8285
30348 1597 479 -8272
30395 1593 474 -8287
30445 1593 474 -8280
30469 1589 465 -8320
30512 1586 461 -8318
30562 1587 454 -8318
30611 1581 458 -8347
30636 1509 468 -8346
30676 1506 460 -8344
30729 1509 466 -8344
30774 1526 477 -8347
30800 1521 480 -8344
30845 1524 480 -8341
30895 1525 466 -8355
30924 1610 463 -8355
30973 1620 459 -8348
31025 1617 461 -8350
31049 1614 443 -8386
31093 1609 441 -8393
31142 1613 447 -8385
31191 1612 445 -8388
31224 1534 449 -8412
31259 1533 454 -8409
31308 1526 454 -8410
31356 1531 454 -8407
31380 1547 467 -8410
31421 1550 468 -8417
31472 1551 465 -8414
31520 1553 470 -8408
31551 1641 453 -8413
31602 1646 450 -8430
31634 1645 447 -8420
31688 1648 444 -8422
31711 1637 428 -8460
31750 1639 433 -8460
31801 1641 434 -8462
31850 1642 431 -8450
31874 1640 409 -8480
31933 1563 442 -8483
31957 1558 432 -8480
31998 1557 438 -8477
32049 1558 439 -8477
32097 1576 457 -8476
32125 1575 457 -8478
32169 1584 456 -8480
32218 1575 459 -8471
32246 1578 429 -8487
32298 1673 441 -8493
32345 1671 441 -8488
32372 1674 443 -8487
32432 1664 434 -8490
32465 1663 415 -8524
32515 1662 420 -8524
32540 1669 421 -8518
32579 1666 418 -8526
32628 1668 425 -8532
32677 1626 425 -8550
32702 1585 423 -8555
32763 1580 431 -8548
32798 1586 427 -8542
32828 1583 420 -8547
32877 1593 411 -8543
32926 1600 444 -8540
32951 1603 452 -8543
33010 1609 447 -8540
33032 1599 439 -8536
33089 1611 450 -8548
33114 1701 422 -8551
33165 1696 431 -8554
33213 1700 422 -8558
33241 1707 428 -8553
33286 1696 425 -8549
33334 1699 418 -8560
33385 1696 405 -8599
33406 1691 402 -8585
33456 1689 399 -8592
33505 1696 399 -8596
33530 1693 405 -8591
33587 1701 409 -8592
33611 1612 409 -8614
33654 1614 413 -8613
33703 1613 417 -8618
33751 1608 418 -8608
33778 1618 415 -8614
33837 1617 415 -8614
33861 1618 393 -8604
33903 1635 424 -8607
33955 1634 434 -8605
33985 1638 425 -8614
34034 1638 427 -8609
34083 1639 422 -8609
34111 1627 430 -8616
34150 1632 433 -8614
34201 1731 411 -8621
34249 1735 404 -8622
34274 1728 415 -8615
34329 1729 417 -8620
34356 1731 410 -8617
34407 1729 410 -8618
34457 1724 414 -8616
34481 1733 392 -8651
34537 1728 384 -8653
34564 1721 388 -8656
34624 1722 389 -8655
34647 1721 395 -8658
34688 1723 386 -8662
34738 1724 390 -8657
34787 1724 399 -8655
34819 1722 390 -8653
34873 1718 376 -8676
34906 1639 401 -8680
34937 1641 397 -8676
34986 1643 402 -8679
35038 1648 397 -8681
35066 1651 398 -8677
35121 1645 396 -8675
35143 1640 402 -8676
35203 1640 399 -8682
35225 1643 398 -8675
35272 1640 397 -8676
35320 1658 416 -8676
35353 1662 418 -8677
35400 1653 419 -8673
35448 1660 416 -8688
35474 1662 418 -8681
35530 1667 424 -8686
35557 1665 415 -8677
35611 1662 411 -8682
35641 1664 420 -8678
35697 1660 418 -8677
35721 1653 419 -8678
35781 1666 415 -8676
35806 1661 399 -8684
35855 1760 398 -8694
35904 1756 398 -8686
35929 1762 398 -8689
35971 1669 413 -8696
36021 1649 419 -8696
36070 1658 424 -8693
36107 1665 400 -8689
36141 1667 400 -8699
36190 1670 401 -8697
36219 1738 385 -8657
36268 1740 386 -8660
36317 1743 383 -8654
36350 1715 407 -8623
36385 1710 412 -8628
36434 1710 408 -8619
36484 1629 436 -8640
36507 1630 442 -8634
36571 1630 431 -8633
36591 1641 412 -8624
36648 1641 408 -8629
36673 1641 413 -8621
36733 1709 394 -8606
36757 1722 395 -8596
36817 1720 401 -8597
36853 1688 418 -8561
36880 1693 420 -8564
36929 1684 417 -8558
36979 1603 450 -8573
37004 1601 444 -8564
37046 1602 443 -8565
37095 1613 433 -8570
37144 1612 426 -8568
37170 1610 436 -8548
37211 1697 411 -8527
37260 1689 411 -8536
37309 1689 407 -8516
37336 1658 443 -8503
37395 1664 436 -8496
37417 1657 435 -8503
37475 1572 463 -8502
37502 1567 457 -8499
37562 1572 451 -8503
37583 1583 432 -8497
37626 1584 446 -8501
37676 1588 417 -8465
37724 1661 433 -8461
37748 1666 428 -8454
37805 1669 412 -8435
37832 1636 456 -8434
37873 1633 448 -8432
37934 1636 451 -8439
37969 1541 463 -8434
37996 1545 468 -8441
38053 1550 443 -8429
38080 1559 451 -8428
38141 1559 450 -8439
38176 1566 429 -8397
38204 1633 438 -8396
38254 1635 436 -8399
38303 1621 460 -8373
38327 1616 458 -8363
38393 1612 461 -8366
38410 1564 487 -8376
38469 1523 481 -8371
38495 1519 499 -8374
38545 1527 466 -8368
38575 1537 464 -8364
38625 1535 463 -8370
38674 1608 448 -8330
38702 1612 448 -8333
38761 1609 456 -8332
38794 1574 476 -8301
38844 1586 471 -8295
38866 1575 476 -8301
38926 1492 501 -8308
38949 1487 499 -8307
39011 1491 501 -8305
39044 1506 476 -8297
39073 1507 478 -8298
39122 1505 476 -8302
39172 1584 464 -8263
39200 1585 461 -8262
39239 1585 465 -8265
39293 1555 486 -8237
39338 1555 487 -8228
39362 1559 486 -8231
39422 1467 506 -8238
39445 1465 509 -8246
39500 1470 510 -8238
39528 1483 493 -8238
39570 1485 491 -8237
39621 1482 491 -8230
39674 1555 486 -8200
39694 1553 476 -8199
39752 1568 473 -8200
39777 1531 501 -8169
39833 1525 497 -8170
39866 1529 490 -8180
39900 1449 525 -8180
39949 1442 528 -8174
39998 1442 523 -8178
40025 1462 507 -8173
40066 1457 502 -8170
40115 1457 490 -8134
40163 1534 485 -8140
40188 1540 482 -8144
40250 1525 474 -8107
40274 1500 514 -8103
40332 1502 506 -8101
40357 1510 500 -8115
40401 1415 529 -8116
40450 1423 535 -8108
40498 1419 495 -8110
40533 1433 517 -8103
40563 1428 509 -8110
40610 1440 482 -8067
40659 1508 495 -8068
40686 1512 500 -8068
40743 1500 521 -8036
40768 1480 521 -8038
40827 1476 521 -8041
40852 1443 543 -8050
40893 1397 544 -8050
40942 1395 549 -8053
40991 1406 521 -8042
41017 1408 524 -8049
41057 1405 530 -8046
41110 1469 497 -8007
41158 1487 510 -8007
41181 1487 506 -8010
41241 1459 531 -7988
41265 1456 532 -7987
41307 1458 530 -7985
41360 1375 557 -7997
41407 1364 553 -7992
41432 1377 551 -7986
41480 1381 534 -7983
41524 1381 530 -7985
41556 1383 534 -7979
41606 1455 521 -7950
41656 1462 523 -7951
41681 1466 521 -7946
41736 1433 546 -7922
41763 1434 546 -7911
41817 1436 538 -7925
41852 1350 565 -7930
41887 1340 559 -7931
41937 1344 564 -7923
41985 1356 546 -7919
42009 1366 546 -7930
42070 1370 539 -7928
42103 1437 525 -7891
42153 1441 526 -7885
42175 1442 525 -7883
42237 1414 553 -7862
42260 1414 546 -7862
42319 1409 552 -7867
42344 1327 571 -7873
42397 1324 575 -7868
42428 1329 576 -7876
42482 1339 555 -7863
42506 1336 550 -7865
42568 1341 552 -7840
42595 1415 540 -7829
42635 1417 542 -7833
42685 1410 528 -7809
42737 1388 564 -7803
42756 1394 566 -7804
42800 1393 550 -7812
42849 1309 584 -7807
42898 1296 581 -7811
42922 1307 548 -7809
42972 1318 563 -7805
43023 1316 562 -7809
43047 1316 522 -7776
43093 1392 543 -7775
43145 1389 554 -7778
43168 1388 547 -7746
43229 1361 567 -7744
43261 1370 562 -7748
43311 1352 589 -7756
43334 1276 594 -7753
43392 1279 592 -7755
43417 1283 572 -7743
43459 1290 568 -7753
43511 1295 568 -7750
43561 1337 552 -7712
43583 1366 554 -7725
43628 1368 558 -7716
43677 1342 581 -7691
43726 1343 584 -7690
43760 1339 573 -7700
43789 1259 599 -7709
43847 1258 606 -7706
43872 1259 609 -7706
43930 1272 579 -7708
43953 1283 579 -7707
44011 1275 576 -7702
44037 1355 562 -7672
44097 1344 560 -7678
44115 1349 569 -7676
44176 1320 591 -7640
44202 1320 592 -7641
44260 1320 591 -7635
44284 1239 608 -7653
44344 1246 608 -7655
44368 1237 613 -7652
44412 1252 590 -7651
44462 1265 590 -7658
44511 1254 587 -7650
44533 1330 575 -7623
44576 1326 571 -7622
44626 1328 565 -7620
44676 1303 596 -7589
44703 1304 599 -7590
44755 1305 598 -7594
44784 1224 620 -7601
44833 1219 624 -7597
44883 1218 625 -7593
44906 1230 590 -7594
44963 1230 590 -7596
44995 1238 589 -7573
45032 1308 580 -7567
45081 1301 571 -7561
45130 1308 579 -7545
45154 1279 609 -7539
45195 1284 607 -7531
45246 1285 596 -7548
45295 1199 627 -7543
45320 1196 627 -7545
45368 1200 601 -7541
45413 1216 600 -7547
45443 1215 606 -7545
45485 1218 574 -7520
45534 1288 586 -7512
45583 1292 588 -7521
45609 1296 589 -7483
45651 1268 619 -7484
45700 1265 618 -7486
45748 1271 628 -7495
45783 1187 640 -7500
45819 1181 635 -7496
45868 1184 610 -7493
45897 1193 608 -7497
45948 1198 610 -7496
45996 1226 588 -7462
46022 1267 596 -7465
46082 1263 593 -7466
46104 1252 622 -7443
46165 1248 625 -7438
46187 1241 626 -7433
46231 1174 643 -7446
46279 1164 642 -7445
46329 1160 644 -7449
46354 1169 625 -7440
46412 1182 612 -7443
46434 1186 618 -7441
46492 1252 611 -7415
46521 1260 602 -7413
46578 1260 605 -7413
46600 1223 623 -7379
46658 1232 624 -7379
46684 1230 624 -7386
46743 1142 652 -7394
46777 1140 649 -7392
46813 1148 655 -7398
46860 1165 622 -7400
46910 1159 629 -7397
46932 1164 622 -7396
46976 1238 609 -7359
47025 1235 613 -7363
47074 1235 603 -7358
47106 1211 633 -7333
47158 1211 635 -7339
47190 1208 636 -7343
47242 1130 660 -7354
47263 1128 653 -7350
47324 1120 655 -7355
47343 1145 632 -7355
47399 1145 628 -7345
47426 1137 638 -7329
47488 1220 619 -7324
47521 1227 614 -7319
47552 1226 617 -7301
47601 1193 644 -7292
47651 1197 640 -7290
47676 1196 641 -7302
47735 1105 657 -7304
47759 1114 662 -7307
47809 1107 640 -7300
47861 1129 640 -7312
47896 1127 635 -7308
47925 1126 616 -7277
47973 1205 619 -7283
48023 1200 624 -7279
48048 1209 613 -7248
48089 1175 640 -7255
48138 1183 646 -7246
48187 1177 646 -7266
48218 1096 666 -7263
48261 1089 665 -7266
48317 1101 635 -7273
48347 1112 638 -7267
48379 1116 638 -7262
48428 1131 626 -7243
48477 1183 624 -7237
48503 1191 623 -7242
48561 1169 647 -7215
48585 1170 649 -7214
48646 1161 646 -7219
48669 1105 669 -7235
48731 1085 668 -7231
48768 1087 665 -7229
48794 1086 646 -7225
48843 1100 649 -7230
48898 1093 650 -7232
48918 1165 627 -7201
48960 1174 629 -7202
49012 1175 628 -7200
49062 1147 655 -7176
49095 1141 650 -7181
49124 1153 651 -7179
49173 1071 668 -7187
49222 1068 669 -7186
49251 1060 677 -7194
49309 1089 652 -7192
49349 1089 650 -7189
49372 1084 655 -7201
49429 1167 634 -7169
49455 1168 636 -7170
49517 1162 627 -7164
49550 1134 654 -7138
49580 1135 659 -7148
49629 1128 659 -7141
49678 1053 684 -7156
49703 1056 678 -7154
49762 1056 679 -7160
49786 1078 653 -7161
49828 1072 653 -7160
49878 1072 657 -7151
49929 1147 634 -7136
49951 1152 642 -7132
49996 1151 642 -7122
50047 1123 664 -7107
50076 1130 667 -7107
50124 1126 665 -7124
50174 1045 682 -7122
50201 1043 685 -7127
50242 1048 691 -7124
50291 1055 666 -7132
50339 1062 662 -7131
50371 1064 643 -7100
50427 1141 652 -7107
50452 1133 641 -7109
50512 1137 640 -7074
50532 1112 671 -7077
50573 1109 676 -7080
50627 1116 665 -7087
50674 1028 690 -7090
50711 1030 694 -7093
50744 1036 662 -7101
50782 1047 670 -7105
50830 1046 666 -7102
50879 1055 645 -7066
50904 1126 649 -7066
50945 1128 653 -7070
50996 1114 676 -7045
51042 1097 674 -7048
51075 1104 678 -7041
51109 1049 701 -7060
51160 1022 701 -7068
51210 1021 695 -7062
51233 1030 669 -7063
51274 1036 674 -7066
51325 1038 676 -7068
51373 1101 663 -7034
51398 1112 654 -7037
51454 1116 660 -7041
51481 1093 684 -7015
51538 1094 683 -7013
51571 1089 677 -7013
51624 1015 706 -7035
51647 1009 705 -7038
51706 1010 706 -7030
51731 1028 679 -7044
51790 1030 676 -7037
51825 1028 675 -7046
51855 1106 666 -7010
51904 1110 660 -7015
51952 1099 670 -7013
51978 1078 690 -6982
52021 1082 683 -6991
52069 1080 688 -6993
52119 995 710 -7000
52145 993 707 -7007
52185 1003 708 -7007
52234 1015 686 -7016
52282 1016 683 -7016
52309 1019 675 -7014
52364 1100 665 -6986
52394 1095 670 -6989
52450 1094 670 -6978
52475 1071 689 -6967
52518 1070 690 -6961
52566 1069 682 -6972
52615 994 713 -6982
52640 991 714 -6984
52697 988 721 -6981
52722 1015 686 -6991
52782 1012 686 -6992
52807 1013 685 -6969
52846 1096 667 -6967
52902 1090 673 -6968
52945 1088 657 -6940
52971 1063 691 -6938
53029 1065 692 -6946
53058 1069 682 -6966
53112 992 721 -6964
53136 983 708 -6970
53188 990 682 -6975
53238 1009 693 -6973
53271 1007 684 -6973
53320 1009 657 -6948
53344 1084 667 -6951
53388 1092 677 -6951
53437 1086 678 -6934
53487 1072 692 -6938
53521 1070 695 -6936
53551 1044 715 -6954
53599 990 720 -6956
53648 987 714 -6957
53681 1006 690 -6969
53716 1011 695 -6968
53764 1022 691 -6963
53813 1066 668 -6947
53840 1095 676 -6944
53896 1101 670 -6947
53923 1071 693 -6930
53980 1073 695 -6923
54004 1080 689 -6928
54068 992 720 -6949
54088 992 715 -6959
54144 1000 715 -6953
54171 1015 685 -6965
54231 1013 695 -6961
54263 1016 683 -6969
54314 1093 669 -6945
54337 1096 674 -6943
54377 1094 675 -6943
54426 1077 695 -6924
54476 1070 696 -6934
54504 1074 699 -6922
54562 994 716 -6949
54585 993 717 -6954
54633 998 709 -6959
54682 1020 690 -6966
54708 1016 693 -6962
54766 1015 681 -6964
54795 1095 667 -6941
54835 1096 666 -6941
54884 1099 680 -6936
54915 1075 696 -6928
54963 1078 691 -6923
55012 1070 689 -6932
55039 990 713 -6950
55094 995 718 -6954
55121 993 709 -6958
55179 1018 681 -6969
55204 1021 688 -6963
55245 1018 696 -6943
55293 1097 675 -6945
55345 1090 672 -6944
55371 1104 668 -6923
55417 1064 687 -6921
55463 1076 690 -6917
55493 1073 681 -6950
55545 990 714 -6950
55576 998 709 -6957
55626 986 683 -6962
55676 1014 688 -6962
55701 1018 689 -6966
55760 1018 659 -6944
55783 1086 669 -6937
55840 1100 664 -6944
55866 1095 670 -6926
55926 1073 693 -6925
55949 1070 690 -6922
55990 1072 703 -6950
56039 996 709 -6949
56089 993 715 -6952
56118 993 683 -6962
56173 1010 689 -6963
56196 1014 692 -6966
56259 1043 665 -6944
56292 1098 672 -6942
56321 1093 669 -6942
56371 1072 687 -6927
56419 1066 698 -6922
56449 1069 688 -6925
56502 996 716 -6945
56528 991 715 -6950
56583 989 718 -6948
56612 1015 691 -6970
56660 1008 691 -6958
56712 1010 690 -6965
56737 1086 671 -6938
56777 1090 671 -6938
56826 1096 674 -6936
56880 1075 688 -6918
56901 1065 698 -6920
56958 1064 692 -6922
56993 990 708 -6947
57025 988 709 -6940
57076 992 713 -6951
57124 1016 685 -6966
57148 1014 689 -6959
57190 1009 687 -6967
57240 1093 676 -6940
57288 1093 671 -6939
57324 1095 668 -6937
57357 1072 692 -6919
57406 1074 694 -6923
57455 1070 701 -6927
57487 990 709 -6948
57520 996 708 -6951
57570 988 710 -6949
57620 1019 691 -6961
57646 1009 693 -6965
57700 1019 688 -6948
57729 1093 673 -6946
57785 1088 670 -6937
57809 1099 671 -6926
57869 1074 697 -6920
57893 1067 693 -6923
57952 1064 697 -6943
57985 989 714 -6940
58037 990 710 -6947
58058 988 694 -6955
58104 1007 689 -6965
58153 1009 693 -6962
58183 1009 658 -6936
58231 1092 676 -6941
58281 1083 673 -6932
58306 1095 668 -6921
58365 1065 684 -6923
58400 1070 694 -6914
58457 1067 693 -6942
58471 986 716 -6950
58528 989 719 -6941
58557 991 686 -6957
