1 1067 249 -4743
3 1068 258 -4740
5 1069 250 -4745
9 1067 255 -4735
12 1083 249 -4740
15 1075 254 -4744
18 1072 253 -4745
20 1068 248 -4743
23 1069 253 -4740
26 1074 251 -4737
28 1068 250 -4740
31 1073 247 -4743
33 1071 257 -4735
36 1071 248 -4744
38 1068 255 -4733
40 1071 251 -4740
43 1072 250 -4742
46 1066 249 -4742
48 1066 251 -4744
52 1063 246 -4741
55 1073 250 -4742
58 1076 252 -4741
61 1070 254 -4737
64 1065 251 -4741
67 1076 246 -4743
70 1066 250 -4743
70 1070 251 -4744
76 1073 246 -4740
81 1073 251 -4742
84 1071 252 -4738
87 1067 254 -4740
88 1065 246 -4739
92 1073 245 -4739
95 1069 251 -4743
98 1073 245 -4737
101 1069 251 -4742
103 1069 248 -4737
107 1065 254 -4741
110 1068 254 -4740
112 1073 252 -4742
115 1069 245 -4746
169 1072 254 -4738
195 1071 255 -4738
253 1066 256 -4737
274 1067 254 -4734
331 1073 252 -4743
360 1064 256 -4739
411 1066 251 -4748
460 1074 247 -4733
484 1071 251 -4739
538 1071 255 -4736
565 1069 257 -4736
624 1065 258 -4741
657 1071 253 -4734
691 1066 246 -4735
740 1072 251 -4736
789 1068 247 -4744
816 1065 250 -4739
870 1071 251 -4736
897 1070 250 -4729
954 1069 255 -4740
981 1072 247 -4738
1041 1067 251 -4740
1063 1071 254 -4745
1118 1076 254 -4738
1145 1078 247 -4738
1202 1067 252 -4735
1229 1068 248 -4740
1285 1069 254 -4741
1312 1069 253 -4740
1373 1074 251 -4740
1392 1075 251 -4734
1437 1069 251 -4734
1485 1073 255 -4737
1535 1069 250 -4744
1558 1065 251 -4736
1616 1071 252 -4740
1643 1073 250 -4742
1699 1076 257 -4733
1723 1079 249 -4739
1779 1067 251 -4736
1812 1073 249 -4736
1866 1064 249 -4735
1889 1065 249 -4743
1953 1071 249 -4733
1975 1072 253 -4736
2012 1072 261 -4742
2064 1069 252 -4737
2110 1072 260 -4734
2137 1072 256 -4735
2195 1071 252 -4735
2221 1076 247 -4739
2271 1062 250 -4733
2317 1063 250 -4735
2343 1069 257 -4740
2400 1067 263 -4736
2427 1065 248 -4751
2489 1065 256 -4736
2511 1073 257 -4740
2568 1061 251 -4735
2592 1072 249 -4739
2650 1072 250 -4737
2673 1072 251 -4735
2734 1067 252 -4743
2757 1071 259 -4741
2810 1074 258 -4737
2844 1066 249 -4740
2890 1067 245 -4736
2943 1074 254 -4741
2966 1072 250 -4735
3024 1067 249 -4741
3048 1067 251 -4736
3104 1071 259 -4737
3134 1074 254 -4739
3184 1073 249 -4737
3227 1060 249 -4737
3253 1068 246 -4738
3309 1064 252 -4739
3337 1070 257 -4736
3395 1070 252 -4736
3425 1065 256 -4738
3483 1066 253 -4732
3503 1074 252 -4728
3559 1071 253 -4728
3586 1071 254 -4736
3641 1065 259 -4737
3667 1071 257 -4737
3728 1064 248 -4731
3755 1073 248 -4732
3815 1075 252 -4738
3834 1074 253 -4740
3891 1069 252 -4737
3916 1076 249 -4736
3981 1075 253 -4736
4000 1070 256 -4736
4062 1061 251 -4737
4083 1062 251 -4742
4143 1067 255 -4741
4165 1067 253 -4741
4223 1069 254 -4737
4248 1070 254 -4731
4304 1073 254 -4738
4331 1072 255 -4741
4383 1070 260 -4738
4431 1069 254 -4736
4468 1080 248 -4735
4518 1072 250 -4741
4537 1068 250 -4739
4596 1069 248 -4730
4618 1071 252 -4730
4680 1074 255 -4736
4702 1071 258 -4739
4763 1077 254 -4734
4785 1072 249 -4742
4846 1065 251 -4738
4885 1077 254 -4739
4917 1063 247 -4741
4957 1067 251 -4737
5000 1071 246 -4743
5047 1064 251 -4742
5072 1079 250 -4734
5132 1069 254 -4736
5156 1068 250 -4739
5213 1076 253 -4738
5243 1072 259 -4737
5294 1071 243 -4741
5323 1075 247 -4737
5386 1071 252 -4731
5405 1069 246 -4740
5446 1076 255 -4737
5499 1074 247 -4735
5549 1071 253 -4735
5571 1073 250 -4737
5624 1069 250 -4736
5653 1074 252 -4734
5705 1068 254 -4738
5735 1059 254 -4741
5784 1071 248 -4736
5837 1067 248 -4736
5861 1070 249 -4733
5917 1069 257 -4738
5944 1080 251 -4732
5999 1068 244 -4734
6029 1064 253 -4736
6086 1068 243 -4729
6107 1072 256 -4742
6161 1070 243 -4735
6194 1065 256 -4733
6252 1074 251 -4742
6274 1072 253 -4740
6333 1066 251 -4731
6360 1072 247 -4736
6414 1069 243 -4740
6440 1076 250 -4733
6497 1070 248 -4731
6521 1065 247 -4737
6583 1077 246 -4743
6608 1071 243 -4731
6662 1070 253 -4742
6692 1073 245 -4739
6745 1072 251 -4736
6774 1076 257 -4734
6831 1065 251 -4742
6855 1069 257 -4744
6915 1071 255 -4740
6938 1073 246 -4740
6999 1066 249 -4745
7018 1067 250 -4744
7087 1063 246 -4737
7099 1065 250 -4736
7158 1074 254 -4736
7183 1071 251 -4739
7239 1064 252 -4733
7266 1064 247 -4745
7319 1073 240 -4741
7349 1076 241 -4738
7409 1068 258 -4737
7432 1072 256 -4735
7477 1065 248 -4737
7522 1071 247 -4730
7578 1075 257 -4738
7604 1058 251 -4743
7643 1069 248 -4737
7689 1069 252 -4735
7737 1069 253 -4740
7767 1069 254 -4734
7826 1068 244 -4735
7847 1063 252 -4735
7897 1071 243 -4737
7928 1067 254 -4742
7977 1067 250 -4734
8027 1063 250 -4743
8055 1069 251 -4735
8109 1069 250 -4733
8134 1073 253 -4739
8188 1069 246 -4734
8235 1069 249 -4744
8271 1079 249 -4731
8320 1069 249 -4733
8341 1068 249 -4737
8400 1069 253 -4739
8429 1066 247 -4737
8483 1062 244 -4734
8507 1073 253 -4734
8562 1064 247 -4735
8590 1072 245 -4728
8643 1071 249 -4739
8675 1065 253 -4741
8726 1072 248 -4735
8774 1069 252 -4737
8800 1070 249 -4736
8856 1062 252 -4737
8880 1073 249 -4738
8934 1065 252 -4739
8967 1068 255 -4732
9018 1069 250 -4737
9065 1065 245 -4740
9085 1064 253 -4733
9146 1071 246 -4736
9169 1070 253 -4735
9225 1075 252 -4742
9255 1067 245 -4736
9312 1065 250 -4738
9334 1068 256 -4733
9380 1065 252 -4736
9434 1070 248 -4733
9458 1069 254 -4732
9509 1066 247 -4738
9558 1073 250 -4739
9581 1074 248 -4737
9638 1062 252 -4737
9666 1066 245 -4734
9726 1067 243 -4733
9749 1067 250 -4741
9809 1063 248 -4738
9830 1063 248 -4730
9894 1062 251 -4737
9913 1069 248 -4730
9972 1065 248 -4732
9997 1062 247 -4734
10054 1066 254 -4729
10079 1065 253 -4733
10133 1072 248 -4740
10165 1061 245 -4732
10213 1067 247 -4736
10261 1067 250 -4739
10291 1072 248 -4741
10348 1065 247 -4732
10369 1070 255 -4731
10430 1065 244 -4735
10451 1072 251 -4741
10510 1070 245 -4735
10533 1079 244 -4741
10597 1067 248 -4736
10618 1066 254 -4740
10675 1072 246 -4735
10706 1073 247 -4730
10761 1067 254 -4728
10798 1067 249 -4734
10828 1063 252 -4732
10873 1069 247 -4743
10922 1070 247 -4743
10947 1067 254 -4741
11002 1065 253 -4737
11031 1063 254 -4734
11082 1076 248 -4736
11132 1066 243 -4739
11154 1067 255 -4740
11213 1063 251 -4736
11239 1074 251 -4733
11294 1070 251 -4739
11321 1065 251 -4736
11383 1070 256 -4735
11404 1067 246 -4740
11463 1070 249 -4727
11487 1067 250 -4735
11539 1070 245 -4739
11573 1071 246 -4733
11619 1062 247 -4730
11667 1066 243 -4736
11695 1073 251 -4732
11752 1069 248 -4740
11778 1069 256 -4735
11826 1071 244 -4733
11874 1073 252 -4733
11908 1063 252 -4734
11950 1083 254 -4737
11992 1070 242 -4736
12042 1070 244 -4738
12063 1069 242 -4738
12120 1077 247 -4733
12147 1067 259 -4739
12200 1063 250 -4736
12231 1074 248 -4730
12279 1063 251 -4735
12330 1075 249 -4740
12357 1062 252 -4738
12414 1073 245 -4734
12437 1068 247 -4738
12492 1067 251 -4747
12518 1068 251 -4739
12576 1073 243 -4733
12606 1074 254 -4736
12659 1072 250 -4738
12684 1075 250 -4737
12757 1072 248 -4741
12772 1072 244 -4738
12829 1075 250 -4739
12851 1060 252 -4741
12908 1066 250 -4735
12933 1073 253 -4739
12990 1072 246 -4734
13019 1075 247 -4737
13071 1066 252 -4744
13098 1067 247 -4736
13155 1060 250 -4739
13181 1073 248 -4734
13242 1070 252 -4735
13267 1054 248 -4736
13327 1072 253 -4736
13347 1071 252 -4740
13416 1069 251 -4738
13430 1066 253 -4728
13489 1068 250 -4734
13514 1068 251 -4734
13570 1062 250 -4739
13598 1068 253 -4734
13655 1061 249 -4738
13680 1067 250 -4733
13740 1065 240 -4732
13763 1070 249 -4735
13819 1072 250 -4736
13845 1067 251 -4732
13904 1067 255 -4742
13931 1068 247 -4738
13987 1072 251 -4735
14014 1071 250 -4734
14074 1070 254 -4738
14096 1069 252 -4736
14156 1070 252 -4738
14174 1058 246 -4736
14220 1070 249 -4742
14269 1076 253 -4741
14351 1068 246 -4734
14354 1069 248 -4735
14389 1072 248 -4730
14439 1066 252 -4736
14468 1072 252 -4742
14523 1066 250 -4741
14550 1067 255 -4739
14605 1065 252 -4739
14631 1069 248 -4735
14687 1066 251 -4738
14714 1075 250 -4734
14768 1067 249 -4742
14799 1070 247 -4737
14858 1071 249 -4740
14880 1080 251 -4733
14937 1067 252 -4734
14964 1067 254 -4737
15022 1066 247 -4730
15043 1066 247 -4734
15100 1065 242 -4738
15125 1066 248 -4738
15182 1062 246 -4745
15207 1067 248 -4743
15279 1074 243 -4734
15292 1066 247 -4740
15348 1071 257 -4736
15377 1064 254 -4740
15435 1070 250 -4743
15456 1065 256 -4741
15512 1067 255 -4734
15542 1066 247 -4738
15598 1071 253 -4734
15624 1070 249 -4741
15686 1067 251 -4732
15708 1067 249 -4736
15757 1069 248 -4734
15813 1062 253 -4737
15831 1070 243 -4732
15885 1062 251 -4738
15915 1066 255 -4739
15970 1070 250 -4736
15998 1065 244 -4737
16057 1068 251 -4737
16077 1065 249 -4738
16138 1067 250 -4730
16162 1067 252 -4735
16219 1070 250 -4737
16243 1073 251 -4741
16300 1063 252 -4741
16326 1075 247 -4741
16382 1065 247 -4741
16413 1063 252 -4737
16468 1079 244 -4736
16497 1064 250 -4734
16549 1064 251 -4741
16576 1071 244 -4740
16631 1071 245 -4738
16664 1069 256 -4735
16696 1064 248 -4738
16745 1068 252 -4739
16809 1071 246 -4732
16820 1076 251 -4734
16876 1064 252 -4733
16903 1068 245 -4730
16960 1068 253 -4737
16983 1072 252 -4736
17039 1078 254 -4736
17068 1065 250 -4746
17118 1074 248 -4736
17167 1066 243 -4740
17197 1067 253 -4742
17257 1063 247 -4732
17276 1071 254 -4737
17334 1057 254 -4742
17358 1076 250 -4735
17413 1064 251 -4736
17441 1062 245 -4738
17494 1068 243 -4737
17523 1068 244 -4735
17582 1067 249 -4739
17608 1057 248 -4739
17662 1071 255 -4738
17690 1069 250 -4731
17748 1064 255 -4736
17773 1065 250 -4737
17833 1066 251 -4734
17853 1072 250 -4738
17915 1069 253 -4739
17938 1067 252 -4738
17987 1078 249 -4734
18039 1070 245 -4739
18060 1064 251 -4739
18116 1068 248 -4736
18143 1075 252 -4744
18201 1070 242 -4737
18230 1066 251 -4731
18285 1064 253 -4734
18310 1061 253 -4741
18375 1068 252 -4736
18393 1068 245 -4738
18451 1063 258 -4741
18476 1067 249 -4737
18534 1065 251 -4729
18556 1062 250 -4736
18620 1069 250 -4738
18640 1068 248 -4732
18694 1066 257 -4737
18722 1069 248 -4738
18780 1071 249 -4742
18808 1075 248 -4737
18864 1069 252 -4738
18889 1061 247 -4741
18945 1061 249 -4737
18972 1073 255 -4735
19028 1066 255 -4741
19052 1072 258 -4743
19111 1068 249 -4736
19138 1067 253 -4742
19197 1069 248 -4737
19220 1063 247 -4736
19276 1068 256 -4732
19302 1068 253 -4741
19358 1068 244 -4736
19390 1071 249 -4740
19447 1065 253 -4741
19474 1069 250 -4733
19511 1070 246 -4742
