9 -1410 -2313 -6052
18 -1410 -2310 -6054
28 -1407 -2305 -6047
32 -1411 -2309 -6052
34 -1405 -2308 -6047
36 -1407 -2312 -6045
39 -1412 -2306 -6049
41 -1402 -2307 -6042
44 -1403 -2305 -6047
45 -1402 -2306 -6047
49 -1403 -2299 -6052
51 -1408 -2309 -6053
55 -1406 -2306 -6047
57 -1412 -2302 -6040
60 -1409 -2304 -6045
62 -1409 -2304 -6044
64 -1414 -2309 -6049
67 -1411 -2305 -6037
69 -1407 -2311 -6045
72 -1410 -2305 -6043
74 -1413 -2299 -6048
76 -1409 -2307 -6040
79 -1405 -2299 -6045
81 -1415 -2301 -6043
84 -1404 -2309 -6047
86 -1397 -2304 -6037
88 -1407 -2308 -6044
91 -1404 -2303 -6045
93 -1409 -2309 -6040
95 -1410 -2309 -6037
97 -1400 -2305 -6046
99 -1397 -2302 -6047
101 -1406 -2307 -6043
104 -1409 -2309 -6039
109 -1406 -2305 -6041
111 -1408 -2305 -6042
114 -1411 -2308 -6034
117 -1407 -2301 -6039
119 -1404 -2303 -6041
122 -1406 -2304 -6035
124 -1405 -2302 -6039
128 -1404 -2304 -6038
163 -1400 -2302 -6038
214 -1413 -2308 -6044
239 -1406 -2300 -6039
295 -1408 -2301 -6047
322 -1403 -2307 -6043
379 -1413 -2301 -6038
403 -1404 -2304 -6044
459 -1406 -2301 -6041
487 -1410 -2306 -6034
542 -1403 -2295 -6036
571 -1400 -2301 -6038
626 -1412 -2301 -6048
652 -1411 -2300 -6039
707 -1406 -2304 -6036
735 -1407 -2297 -6042
791 -1405 -2298 -6034
820 -1400 -2300 -6038
891 -1403 -2298 -6041
903 -1405 -2305 -6035
960 -1405 -2307 -6037
984 -1408 -2307 -6030
1040 -1408 -2307 -6035
1068 -1401 -2303 -6041
1123 -1410 -2293 -6044
1148 -1409 -2301 -6031
1205 -1403 -2307 -6036
1234 -1397 -2303 -6039
1291 -1407 -2301 -6030
1316 -1397 -2304 -6041
1371 -1402 -2310 -6037
1401 -1406 -2305 -6037
1455 -1406 -2300 -6034
1483 -1406 -2295 -6035
1537 -1409 -2306 -6035
1566 -1394 -2304 -6038
1623 -1407 -2296 -6038
1647 -1407 -2295 -6036
1705 -1408 -2298 -6039
1731 -1401 -2303 -6034
1786 -1407 -2303 -6035
1812 -1399 -2303 -6039
1867 -1409 -2297 -6036
1895 -1407 -2303 -6034
1957 -1400 -2291 -6037
1994 -1404 -2307 -6034
2020 -1404 -2307 -6035
2075 -1404 -2308 -6029
2102 -1405 -2303 -6032
2159 -1408 -2302 -6035
2185 -1417 -2298 -6032
2241 -1411 -2299 -6034
2268 -1407 -2296 -6030
2325 -1410 -2306 -6043
2352 -1576 -2497 -6304
2409 -2132 -2453 -6634
2436 -3531 -3795 -9756
2497 -3868 -4115 -10381
2533 -3864 -4141 -10505
2557 -3919 -4334 -10476
2615 -4067 -4277 -10750
2643 -4309 -4350 -10751
2699 -4196 -4312 -10682
2725 -3985 -4323 -10715
2779 -4035 -4299 -10601
2807 -4184 -4300 -10666
2864 -4195 -4310 -10604
2891 -4033 -4215 -10454
2946 -3959 -4311 -10611
2974 -4026 -4254 -10553
3031 -4205 -4314 -10695
3057 -4197 -4309 -10634
3113 -4058 -4247 -10513
3144 -3996 -4327 -10625
3201 -4017 -4247 -10511
3235 -4138 -4320 -10664
3264 -4172 -4282 -10579
3320 -3912 -3945 -9378
3347 -2638 -2629 -6903
3405 -1881 -2425 -6467
3431 -1546 -2417 -6296
3489 -1521 -2410 -6236
3513 -1503 -2387 -6206
3568 -1483 -2382 -6176
3599 -1482 -2372 -6168
3655 -1464 -2360 -6152
3680 -1466 -2360 -6138
3736 -1456 -2352 -6127
3763 -1451 -2348 -6123
3820 -1447 -2352 -6114
3844 -1452 -2344 -6109
3901 -1445 -2344 -6101
3928 -1441 -2341 -6104
3986 -1436 -2348 -6096
4010 -1436 -2336 -6091
4066 -1436 -2332 -6090
4093 -1439 -2334 -6087
4148 -1440 -2334 -6084
4176 -1431 -2334 -6087
4231 -1428 -2335 -6074
4259 -1428 -2326 -6071
4315 -1422 -2331 -6074
4343 -1693 -2424 -6329
4398 -2173 -2432 -7240
4424 -3800 -4097 -9964
4481 -3910 -4203 -10698
4512 -3813 -4284 -10678
4565 -3914 -4321 -10420
4590 -4077 -4354 -10868
4645 -4306 -4438 -10889
4673 -4185 -4314 -10670
4729 -4072 -4415 -10785
4757 -3964 -4304 -10651
4798 -4143 -4301 -10613
4848 -4207 -4364 -10643
4901 -4020 -4243 -10514
4937 -3942 -4287 -10564
4964 -4008 -4312 -10647
5022 -4140 -4323 -10710
5049 -4186 -4353 -10684
5107 -4033 -4287 -10571
5129 -3919 -4310 -10593
5185 -3970 -4316 -10617
5214 -4074 -4332 -10673
5269 -4121 -4328 -10712
5295 -3699 -3739 -8766
5351 -2331 -2566 -7055
5378 -1709 -2455 -6447
5432 -1550 -2429 -6306
5461 -1529 -2422 -6252
5518 -1506 -2401 -6223
5546 -1489 -2385 -6203
5602 -1484 -2384 -6191
5629 -1486 -2376 -6172
5684 -1466 -2365 -6158
5711 -1471 -2367 -6149
5766 -1460 -2355 -6138
5793 -1453 -2342 -6131
5849 -1459 -2355 -6126
5876 -1445 -2348 -6122
5932 -1450 -2343 -6111
5960 -1448 -2350 -6114
6014 -1444 -2344 -6111
6044 -1449 -2338 -6107
6100 -1435 -2341 -6099
6125 -1434 -2339 -6102
6181 -1430 -2332 -6095
6209 -1442 -2339 -6089
6265 -1437 -2337 -6101
6291 -1432 -2324 -6162
6347 -1710 -2440 -6550
6375 -2346 -2816 -8505
6430 -3895 -3956 -9730
6456 -4127 -4444 -10778
6511 -3984 -4226 -10478
6539 -3897 -4328 -10426
6595 -4322 -4430 -10783
6622 -4322 -4407 -10698
6678 -4279 -4371 -10805
6706 -4159 -4349 -10570
6761 -4052 -4436 -10850
6789 -4286 -4309 -10567
6847 -4225 -4428 -10608
6872 -4142 -4268 -10588
6931 -3970 -4315 -10494
6955 -4199 -4378 -10734
7009 -4236 -4306 -10585
7038 -4288 -4423 -10728
7091 -4112 -4261 -10460
7120 -4041 -4380 -10632
7176 -4136 -4298 -10533
7203 -4218 -4378 -10650
7259 -4261 -4348 -10565
7286 -3520 -3469 -8063
7344 -2297 -2590 -6889
7370 -1649 -2475 -6394
7425 -1556 -2431 -6295
7453 -1524 -2414 -6249
7507 -1510 -2395 -6229
7535 -1500 -2392 -6201
7592 -1484 -2383 -6190
7617 -1490 -2376 -6180
7673 -1476 -2367 -6168
7702 -1470 -2370 -6159
7760 -1467 -2360 -6152
7783 -1468 -2360 -6147
7836 -1462 -2345 -6137
7866 -1456 -2363 -6133
7924 -1453 -2349 -6124
7950 -1451 -2353 -6122
8004 -1443 -2345 -6121
8034 -1449 -2351 -6117
8092 -1438 -2353 -6107
8128 -1444 -2337 -6115
8158 -1441 -2343 -6101
8214 -1438 -2340 -6095
8242 -1438 -2338 -6098
8296 -1439 -2341 -6337
8323 -1742 -2467 -6798
8379 -2555 -3148 -9061
8406 -3862 -4185 -10069
8463 -3943 -4303 -10720
8489 -3783 -4391 -10601
8545 -3845 -4366 -10615
8573 -4164 -4420 -10825
8630 -4182 -4482 -10875
8656 -4046 -4368 -10794
8710 -3940 -4434 -10770
8739 -4083 -4450 -10838
8777 -4096 -4416 -10738
8827 -4088 -4426 -10708
8878 -3894 -4286 -10538
8904 -3927 -4426 -10762
8960 -4076 -4339 -10671
8988 -4104 -4408 -10770
9046 -4104 -4375 -10695
9069 -3901 -4334 -10572
9124 -3966 -4415 -10748
9151 -4000 -4329 -10572
9209 -4067 -4427 -10822
9235 -4066 -4282 -10264
9293 -3124 -3234 -7551
9318 -2166 -2530 -6697
9372 -1575 -2460 -6378
9403 -1543 -2443 -6301
9460 -1517 -2414 -6252
9483 -1510 -2407 -6227
9541 -1504 -2389 -6216
9569 -1481 -2387 -6200
9624 -1482 -2374 -6183
9650 -1472 -2373 -6171
9706 -1465 -2369 -6167
9733 -1468 -2360 -6156
9790 -1466 -2361 -6152
9816 -1460 -2369 -6148
9872 -1453 -2361 -6140
9899 -1447 -2351 -6133
9954 -1458 -2353 -6131
9984 -1457 -2353 -6121
10039 -1453 -2347 -6122
10064 -1442 -2353 -6113
10119 -1446 -2346 -6109
10147 -1447 -2347 -6109
10204 -1446 -2347 -6106
10231 -1436 -2344 -6102
10287 -1452 -2457 -6582
10313 -1868 -2615 -6835
10368 -3147 -3577 -9611
10398 -3882 -4201 -10310
10455 -4005 -4314 -10672
10480 -3847 -4416 -10538
10536 -3979 -4464 -10828
10565 -4227 -4399 -10709
10621 -4292 -4539 -10898
10648 -4089 -4377 -10806
10684 -3963 -4427 -10667
10735 -4163 -4414 -10722
10785 -4124 -4422 -10616
10812 -4106 -4380 -10659
10866 -3956 -4295 -10479
10895 -3985 -4428 -10757
10951 -4181 -4351 -10634
10977 -4172 -4422 -10735
11036 -4159 -4390 -10699
11061 -3947 -4317 -10472
11119 -4029 -4434 -10770
11144 -4101 -4350 -10555
11200 -4130 -4415 -10769
11226 -4101 -4208 -9897
11282 -2852 -2908 -7006
11309 -2021 -2467 -6557
11364 -1576 -2452 -6351
11391 -1544 -2431 -6291
11448 -1514 -2421 -6253
11474 -1514 -2402 -6231
11530 -1497 -2388 -6212
11559 -1489 -2385 -6194
11614 -1492 -2382 -6181
11641 -1477 -2378 -6170
11697 -1470 -2373 -6160
11723 -1474 -2362 -6152
11779 -1460 -2365 -6146
11807 -1464 -2355 -6148
11864 -1464 -2358 -6135
11890 -1455 -2353 -6139
11946 -1446 -2356 -6138
11971 -1451 -2351 -6134
12027 -1457 -2355 -6125
12054 -1451 -2353 -6118
12110 -1443 -2357 -6113
12137 -1454 -2344 -6106
12192 -1450 -2345 -6115
12222 -1435 -2335 -6109
12277 -1586 -2487 -6366
12305 -2128 -2560 -6736
12360 -3772 -3902 -9887
12388 -3836 -4210 -10511
12442 -4086 -4342 -10778
12469 -3890 -4310 -10295
12525 -4020 -4463 -10954
12554 -4372 -4371 -10767
12610 -4308 -4450 -10691
12636 -4248 -4452 -10979
12692 -3962 -4283 -10400
12720 -4177 -4462 -10924
12774 -4299 -4321 -10466
12803 -4136 -4403 -10683
12859 -4130 -4300 -10559
12883 -3953 -4308 -10497
12939 -4273 -4407 -10849
12968 -4288 -4321 -10499
13024 -4202 -4399 -10757
13050 -4073 -4278 -10441
13106 -3957 -4325 -10535
13132 -4237 -4404 -10767
13188 -4242 -4315 -10505
13217 -4240 -4407 -10660
13275 -3400 -3364 -7838
13310 -2268 -2589 -6789
13341 -1625 -2487 -6395
13399 -1556 -2434 -6316
13434 -1531 -2424 -6263
13464 -1510 -2402 -6238
13518 -1509 -2397 -6224
13568 -1500 -2395 -6200
13603 -1488 -2387 -6193
13633 -1486 -2380 -6181
13689 -1472 -2375 -6178
13712 -1473 -2376 -6158
13769 -1465 -2369 -6163
13797 -1465 -2370 -6155
13853 -1458 -2358 -6135
13879 -1458 -2362 -6137
13934 -1466 -2356 -6128
13964 -1457 -2359 -6128
14019 -1451 -2349 -6122
14046 -1455 -2357 -6122
14101 -1455 -2351 -6122
14126 -1444 -2354 -6117
14184 -1446 -2355 -6114
14210 -1447 -2339 -6110
14269 -1443 -2404 -6534
14296 -1781 -2512 -6850
14353 -2942 -3481 -9677
14377 -3953 -3976 -9907
14435 -4152 -4386 -10804
14460 -4000 -4313 -10516
14515 -3802 -4257 -10582
14542 -4357 -4431 -10855
14598 -4378 -4369 -10717
14625 -4209 -4400 -10951
14682 -4127 -4306 -10515
14711 -4043 -4398 -10792
14767 -4277 -4315 -10632
14791 -4170 -4325 -10534
14847 -4156 -4336 -10700
14877 -3942 -4236 -10459
14933 -4174 -4406 -10823
14959 -4260 -4277 -10590
15012 -4261 -4408 -10764
15041 -4127 -4262 -10527
15097 -3972 -4337 -10574
15125 -4134 -4325 -10684
15181 -4216 -4318 -10590
15208 -4245 -4301 -10283
15265 -3120 -3039 -7212
15290 -2135 -2478 -6606
15346 -1579 -2453 -6369
15372 -1547 -2439 -6304
15426 -1523 -2425 -6265
15455 -1515 -2402 -6236
15511 -1513 -2401 -6221
15539 -1498 -2387 -6201
15595 -1484 -2385 -6192
15622 -1481 -2380 -6183
15680 -1484 -2379 -6175
15707 -1479 -2369 -6162
15764 -1467 -2363 -6152
15800 -1468 -2370 -6148
15830 -1461 -2364 -6140
15887 -1456 -2359 -6142
15914 -1458 -2359 -6133
15970 -1460 -2355 -6127
15996 -1454 -2356 -6133
16053 -1460 -2351 -6124
16076 -1452 -2357 -6121
16131 -1451 -2344 -6117
16166 -1447 -2352 -6116
16202 -1448 -2341 -6110
16253 -1499 -2495 -6514
16303 -1978 -2576 -6751
16338 -3470 -3858 -9839
16366 -3837 -4104 -10399
16422 -4017 -4369 -10840
16450 -3850 -4319 -10428
16505 -3915 -4404 -10924
16532 -4305 -4420 -10867
16589 -4293 -4440 -10817
16617 -4128 -4439 -10952
16675 -3931 -4293 -10477
16699 -4090 -4459 -10889
16756 -4201 -4297 -10548
16782 -4090 -4389 -10694
16839 -4029 -4284 -10551
16866 -3887 -4335 -10604
16923 -4192 -4402 -10833
16948 -4171 -4322 -10616
17004 -4190 -4409 -10769
17032 -3983 -4281 -10487
17087 -3937 -4363 -10671
17113 -4136 -4349 -10683
17169 -4152 -4351 -10671
17196 -4050 -4105 -9704
17253 -2686 -2714 -6950
17281 -1891 -2457 -6531
17337 -1580 -2442 -6354
17362 -1547 -2436 -6293
17420 -1523 -2418 -6260
17446 -1507 -2401 -6236
17501 -1500 -2396 -6225
17530 -1493 -2383 -6203
17586 -1484 -2377 -6189
17613 -1476 -2376 -6182
17669 -1479 -2374 -6168
17695 -1475 -2372 -6165
17753 -1471 -2370 -6148
17776 -1466 -2366 -6152
17832 -1469 -2363 -6141
17860 -1457 -2365 -6141
17916 -1451 -2366 -6130
17942 -1455 -2353 -6135
18000 -1458 -2353 -6129
18026 -1452 -2352 -6128
18084 -1450 -2349 -6120
18110 -1447 -2349 -6121
18167 -1442 -2350 -6113
18192 -1443 -2349 -6118
18248 -1645 -2450 -6351
18276 -2184 -2508 -6971
18332 -3890 -4005 -9962
18359 -3904 -4221 -10654
18419 -4023 -4375 -10855
18452 -3868 -4290 -10335
18482 -4070 -4467 -10981
18537 -4404 -4428 -10925
18566 -4290 -4391 -10692
18624 -4231 -4477 -10962
18647 -3937 -4269 -10470
18704 -4152 -4429 -10822
18729 -4291 -4339 -10572
18787 -4110 -4348 -10641
18813 -4089 -4293 -10574
18869 -3988 -4324 -10564
18896 -4214 -4383 -10819
18953 -4279 -4360 -10651
18979 -4179 -4354 -10678
19033 -4039 -4321 -10557
19063 -3972 -4319 -10573
19118 -4166 -4379 -10732
19146 -4241 -4363 -10669
19202 -3902 -3860 -9059
19228 -2443 -2591 -7048
19285 -1753 -2461 -6483
19312 -1564 -2434 -6338
19369 -1545 -2435 -6284
19394 -1522 -2410 -6258
19448 -1509 -2406 -6232
19477 -1503 -2406 -6222
19532 -1492 -2400 -6203
19560 -1489 -2380 -6190
19617 -1487 -2378 -6178
19642 -1480 -2372 -6178
19698 -1474 -2365 -6170
19727 -1475 -2363 -6157
19783 -1465 -2367 -6159
19808 -1459 -2371 -6143
19864 -1456 -2357 -6152
19893 -1461 -2361 -6135
19951 -1459 -2362 -6135
19973 -1460 -2359 -6131
20031 -1457 -2350 -6128
20058 -1449 -2357 -6124
20112 -1449 -2359 -6124
20142 -1450 -2355 -6113
20199 -1447 -2349 -6130
20222 -1754 -2405 -6403
20278 -2192 -2597 -8216
20306 -3784 -4168 -10019
20362 -3888 -4327 -10838
20389 -3782 -4405 -10825
20444 -3766 -4309 -10448
20473 -4043 -4499 -11055
20528 -4191 -4444 -10892
20556 -4081 -4389 -10805
20612 -4016 -4457 -10832
20639 -3852 -4351 -10705
20693 -4073 -4392 -10776
20723 -4065 -4370 -10619
20780 -3912 -4346 -10735
20805 -3891 -4327 -10620
20863 -3910 -4360 -10747
20887 -4098 -4399 -10817
20943 -4067 -4362 -10680
20972 -3989 -4370 -10721
21028 -3883 -4348 -10631
21055 -3914 -4341 -10679
21111 -4013 -4400 -10772
21138 -4015 -4351 -10665
21194 -3457 -3586 -8361
21220 -2225 -2584 -7000
21275 -1595 -2491 -6435
21303 -1548 -2435 -6326
21360 -1530 -2432 -6285
21385 -1516 -2413 -6253
21442 -1509 -2397 -6237
21467 -1497 -2393 -6220
21524 -1489 -2387 -6206
21551 -1482 -2389 -6184
21607 -1474 -2376 -6182
21635 -1473 -2372 -6175
21690 -1469 -2372 -6173
21714 -1464 -2363 -6158
21770 -1468 -2361 -6159
21800 -1459 -2365 -6144
21857 -1460 -2368 -6146
21882 -1464 -2354 -6139
21938 -1448 -2358 -6142
21966 -1455 -2352 -6136
22020 -1450 -2350 -6134
22048 -1454 -2351 -6132
22105 -1452 -2350 -6126
22129 -1448 -2358 -6120
22186 -1451 -2348 -6367
22213 -1699 -2419 -6838
22269 -2473 -3263 -9293
22297 -3800 -4138 -10014
22355 -3835 -4347 -10885
22381 -3766 -4459 -10768
22438 -3681 -4286 -10636
22464 -4130 -4553 -11036
22520 -4140 -4414 -10881
22546 -3952 -4426 -10927
22601 -3902 -4403 -10760
22629 -3841 -4378 -10775
22683 -4065 -4403 -10796
22712 -3979 -4349 -10633
22768 -3854 -4344 -10712
22792 -3763 -4317 -10638
22851 -3936 -4401 -10823
22878 -4029 -4364 -10766
22934 -4037 -4393 -10772
22961 -3850 -4335 -10665
23019 -3819 -4360 -10682
23043 -3888 -4354 -10734
23099 -4024 -4394 -10777
23128 -3998 -4340 -10526
23184 -3127 -3260 -7644
23210 -2112 -2538 -6734
23265 -1531 -2469 -6399
23293 -1554 -2438 -6323
23350 -1533 -2424 -6275
23376 -1511 -2415 -6255
23433 -1502 -2397 -6233
23458 -1496 -2401 -6218
23514 -1486 -2386 -6198
23541 -1486 -2381 -6198
23599 -1480 -2375 -6185
23624 -1475 -2382 -6180
23680 -1473 -2366 -6171
23707 -1469 -2366 -6165
23764 -1464 -2363 -6156
23791 -1460 -2371 -6153
23848 -1459 -2362 -6142
23882 -1458 -2362 -6138
23913 -1451 -2357 -6134
23964 -1454 -2366 -6138
24016 -1447 -2360 -6130
24051 -1455 -2360 -6126
24082 -1448 -2359 -6127
24139 -1447 -2344 -6127
24162 -1446 -2430 -6643
24218 -1782 -2548 -6922
24246 -3073 -3647 -9789
24303 -3810 -4152 -10287
24328 -3887 -4321 -10833
24385 -3828 -4432 -10631
24411 -3750 -4323 -10819
24467 -4204 -4489 -10989
24494 -4196 -4434 -10823
24548 -3988 -4446 -11049
24577 -3865 -4308 -10566
24634 -3909 -4404 -10823
24659 -4111 -4378 -10744
24715 -3974 -4337 -10633
24743 -3943 -4360 -10706
24797 -3787 -4309 -10618
24827 -4028 -4422 -10890
24883 -4113 -4359 -10704
24909 -4059 -4396 -10783
24966 -3895 -4341 -10652
24992 -3822 -4333 -10592
25052 -3980 -4405 -10856
25074 -4075 -4356 -10673
25130 -4014 -4255 -10167
25159 -2926 -2992 -7152
25215 -2001 -2466 -6579
25242 -1569 -2453 -6380
25297 -1536 -2440 -6313
25325 -1528 -2422 -6274
25379 -1501 -2409 -6245
25407 -1501 -2403 -6229
25461 -1491 -2394 -6220
25491 -1490 -2385 -6203
25548 -1476 -2376 -6196
25570 -1482 -2373 -6185
25629 -1478 -2373 -6171
25657 -1469 -2375 -6167
25714 -1466 -2366 -6162
25737 -1458 -2359 -6155
25794 -1461 -2357 -6144
25821 -1460 -2361 -6141
25878 -1461 -2359 -6139
25904 -1450 -2360 -6141
25961 -1451 -2356 -6129
25987 -1450 -2355 -6126
26042 -1454 -2352 -6127
26070 -1452 -2353 -6127
26130 -1448 -2352 -6126
26154 -1502 -2513 -6538
26210 -1949 -2562 -6767
26235 -3452 -3923 -9958
26291 -3797 -4097 -10390
26320 -3927 -4371 -10836
26380 -3849 -4358 -10465
26414 -3819 -4352 -10865
26444 -4243 -4459 -10948
26499 -4236 -4402 -10741
26527 -4081 -4501 -11081
26584 -3923 -4299 -10551
26610 -4002 -4444 -10855
26665 -4170 -4358 -10701
26692 -4066 -4372 -10689
26750 -3996 -4337 -10651
26773 -3877 -4336 -10645
26829 -4064 -4381 -10803
26861 -4166 -4371 -10722
26917 -4118 -4391 -10767
26942 -3938 -4306 -10569
26997 -3895 -4356 -10645
27025 -4026 -4366 -10764
27079 -4136 -4383 -10725
27109 -3986 -4082 -9630
27166 -2628 -2698 -6974
27201 -1839 -2446 -6534
27230 -1573 -2437 -6365
27286 -1545 -2439 -6301
27314 -1520 -2423 -6263
27370 -1510 -2413 -6252
27399 -1497 -2405 -6225
27455 -1493 -2389 -6208
27480 -1491 -2382 -6199
27535 -1481 -2379 -6188
27564 -1477 -2371 -6183
27621 -1477 -2369 -6174
27645 -1464 -2367 -6173
27702 -1461 -2367 -6163
27727 -1462 -2371 -6152
27784 -1459 -2352 -6156
27812 -1453 -2368 -6149
27867 -1453 -2356 -6147
27895 -1454 -2357 -6145
27952 -1455 -2363 -6138
27979 -1455 -2354 -6125
28018 -1452 -2347 -6125
28067 -1450 -2353 -6127
28118 -1452 -2363 -6136
28144 -1664 -2485 -6362
28199 -2108 -2492 -7094
28226 -3728 -4147 -10060
28282 -3744 -4211 -10785
28310 -3766 -4398 -10876
28366 -3713 -4331 -10423
28392 -3887 -4490 -11122
28451 -4163 -4439 -10922
28475 -4090 -4426 -10833
28533 -3972 -4507 -10985
28559 -3772 -4328 -10625
28615 -3996 -4483 -10925
28642 -4024 -4351 -10659
28699 -3937 -4399 -10772
28725 -3816 -4316 -10616
28780 -3837 -4409 -10802
28808 -4015 -4374 -10788
28864 -4082 -4432 -10814
28890 -3949 -4369 -10753
28947 -3811 -4355 -10653
28975 -3851 -4373 -10741
29031 -3969 -4389 -10778
29057 -4026 -4422 -10820
29113 -3635 -3798 -8952
29140 -2301 -2591 -7099
29194 -1663 -2470 -6489
29223 -1558 -2439 -6348
29278 -1539 -2433 -6295
29305 -1515 -2414 -6266
29362 -1511 -2401 -6242
29388 -1499 -2399 -6224
29446 -1495 -2383 -6211
29472 -1490 -2382 -6207
29509 -1478 -2382 -6193
29564 -1475 -2369 -6184
29594 -1474 -2369 -6175
29645 -1467 -2369 -6168
29675 -1469 -2368 -6161
29725 -1463 -2364 -6157
29778 -1459 -2360 -6149
29802 -1464 -2354 -6146
29858 -1456 -2365 -6143
29884 -1457 -2360 -6142
29943 -1449 -2355 -6137
29968 -1454 -2356 -6131
30023 -1458 -2359 -6135
30050 -1452 -2347 -6131
30108 -1447 -2348 -6136
30134 -1774 -2401 -6428
30188 -2190 -2718 -8486
30217 -3756 -4240 -10096
30276 -3776 -4323 -10864
30299 -3657 -4434 -10829
30354 -3691 -4324 -10548
30383 -4002 -4521 -11063
30441 -4092 -4486 -10960
30465 -3953 -4396 -10873
30522 -3861 -4477 -10854
30550 -3836 -4414 -10820
30606 -3957 -4426 -10833
30632 -3980 -4398 -10675
30689 -3820 -4363 -10749
30715 -3773 -4374 -10717
30770 -3900 -4389 -10801
30799 -3978 -4431 -10871
30856 -3994 -4402 -10769
30880 -3827 -4371 -10718
30935 -3829 -4425 -10775
30963 -3829 -4336 -10690
31021 -3967 -4448 -10865
31047 -3941 -4344 -10602
31101 -3318 -3559 -8269
31128 -2174 -2571 -6988
31184 -1563 -2486 -6433
31212 -1551 -2439 -6332
31267 -1533 -2434 -6282
31297 -1511 -2417 -6254
31353 -1506 -2409 -6242
31379 -1494 -2395 -6228
31436 -1492 -2392 -6205
31460 -1484 -2385 -6200
31517 -1478 -2380 -6185
31543 -1472 -2381 -6180
31600 -1470 -2369 -6175
31629 -1472 -2366 -6171
31683 -1466 -2368 -6166
31709 -1459 -2368 -6162
31763 -1458 -2362 -6154
31791 -1460 -2359 -6150
31849 -1457 -2354 -6140
31875 -1459 -2361 -6134
31932 -1453 -2358 -6133
31958 -1449 -2357 -6133
32013 -1450 -2350 -6126
32041 -1444 -2347 -6126
32100 -1450 -2349 -6324
32123 -1729 -2433 -6822
32179 -2529 -3270 -9404
32207 -3781 -4186 -10049
32265 -3842 -4321 -10859
32289 -3723 -4480 -10783
32345 -3654 -4268 -10619
32373 -4094 -4530 -11043
32429 -4133 -4453 -10897
32455 -3932 -4412 -10959
32511 -3888 -4415 -10748
32539 -3826 -4404 -10816
32597 -4027 -4438 -10846
32621 -3949 -4365 -10664
32680 -3858 -4395 -10790
32706 -3758 -4327 -10603
32761 -3909 -4403 -10847
32787 -4028 -4394 -10810
32844 -3959 -4380 -10743
32870 -3877 -4382 -10733
32929 -3811 -4361 -10626
32953 -3858 -4393 -10821
33009 -3971 -4393 -10744
33037 -3963 -4357 -10459
33091 -3093 -3228 -7576
33119 -2098 -2525 -6696
33176 -1557 -2457 -6398
33203 -1545 -2447 -6323
33260 -1525 -2432 -6286
33287 -1510 -2406 -6255
33346 -1501 -2404 -6236
33380 -1492 -2398 -6220
33410 -1486 -2389 -6210
33464 -1477 -2391 -6198
33493 -1479 -2382 -6190
33549 -1476 -2378 -6180
33575 -1470 -2372 -6171
33632 -1473 -2369 -6164
33659 -1470 -2367 -6156
33715 -1464 -2368 -6151
33742 -1453 -2371 -6141
33796 -1458 -2365 -6146
33824 -1459 -2361 -6140
33880 -1458 -2359 -6135
33908 -1458 -2351 -6132
33966 -1456 -2347 -6130
33991 -1453 -2351 -6129
34047 -1448 -2350 -6125
34074 -1462 -2442 -6661
34130 -1780 -2561 -6941
34156 -3081 -3691 -9828
34213 -3757 -4148 -10289
34241 -3841 -4351 -10809
34296 -3755 -4423 -10621
34321 -3726 -4350 -10852
34378 -4152 -4480 -10923
34405 -4147 -4467 -10880
34460 -3950 -4458 -11034
34486 -3841 -4372 -10622
34544 -3918 -4474 -10925
34571 -4078 -4382 -10699
34627 -3960 -4393 -10734
34652 -3891 -4374 -10727
34707 -3775 -4352 -10646
34738 -4022 -4454 -10950
34794 -4077 -4385 -10720
34820 -4028 -4430 -10852
34879 -3879 -4349 -10641
34902 -3802 -4374 -10686
34958 -3966 -4419 -10841
34986 -4041 -4401 -10754
35044 -3935 -4190 -9966
35070 -2769 -2870 -7022
35127 -1916 -2456 -6560
35151 -1568 -2450 -6374
35208 -1543 -2442 -6314
35234 -1535 -2422 -6277
35291 -1511 -2409 -6255
35318 -1504 -2395 -6230
35373 -1491 -2393 -6229
35402 -1486 -2390 -6203
35458 -1478 -2380 -6195
35482 -1474 -2388 -6187
35537 -1478 -2372 -6182
35566 -1468 -2368 -6172
35621 -1469 -2369 -6163
35651 -1457 -2372 -6159
35705 -1459 -2370 -6161
35731 -1456 -2363 -6152
35789 -1456 -2362 -6147
35816 -1455 -2360 -6144
35872 -1453 -2354 -6142
35899 -1448 -2357 -6141
35955 -1447 -2350 -6138
35980 -1454 -2356 -6131
36037 -1450 -2353 -6132
36063 -1531 -2542 -6539
36120 -1993 -2569 -6783
36146 -3542 -4049 -10061
36200 -3753 -4170 -10572
36230 -3800 -4372 -10859
36285 -3741 -4375 -10461
36313 -3777 -4420 -11004
36366 -4176 -4474 -10971
36396 -4123 -4417 -10794
36435 -3984 -4529 -11068
36486 -3788 -4335 -10634
36535 -3950 -4455 -10903
36563 -4099 -4412 -10747
36621 -3927 -4358 -10702
36643 -3886 -4381 -10720
36698 -3795 -4364 -10686
36728 -4017 -4418 -10902
36783 -4105 -4417 -10759
36810 -4007 -4409 -10800
36867 -3846 -4368 -10672
36893 -3824 -4362 -10680
36951 -3967 -4419 -10844
36977 -4055 -4409 -10768
37034 -3800 -4003 -9402
37059 -2467 -2640 -7026
37113 -1735 -2455 -6521
37142 -1560 -2441 -6365
37197 -1542 -2441 -6299
37223 -1519 -2420 -6271
37282 -1507 -2406 -6245
37307 -1505 -2405 -6236
37366 -1498 -2394 -6223
37392 -1481 -2384 -6207
37447 -1476 -2385 -6197
37474 -1469 -2384 -6185
37529 -1465 -2368 -6181
37556 -1469 -2374 -6175
37612 -1473 -2370 -6162
37640 -1460 -2369 -6155
37694 -1459 -2368 -6154
37721 -1461 -2366 -6156
37776 -1458 -2365 -6151
37806 -1457 -2356 -6144
37861 -1449 -2360 -6138
37889 -1449 -2358 -6130
37945 -1458 -2355 -6129
37969 -1451 -2354 -6129
38027 -1447 -2352 -6133
38054 -1510 -2520 -6531
38109 -2002 -2592 -6768
38138 -3528 -3880 -9864
38195 -3829 -4199 -10533
38221 -3966 -4345 -10810
38276 -3828 -4365 -10485
38302 -3943 -4443 -10969
38357 -4276 -4420 -10901
38387 -4255 -4465 -10842
38442 -4096 -4460 -10957
38469 -3926 -4345 -10638
38524 -4093 -4448 -10843
38552 -4139 -4377 -10683
38608 -4068 -4377 -10695
38634 -3971 -4313 -10589
38690 -3944 -4420 -10772
38718 -4113 -4337 -10742
38773 -4200 -4436 -10780
38801 -4111 -4361 -10706
38857 -3977 -4370 -10669
38883 -3960 -4365 -10685
38940 -4079 -4382 -10743
38966 -4131 -4407 -10780
39021 -3948 -4041 -9508
