9 -1420 -2320 -6074
18 -1429 -2321 -6070
28 -1423 -2317 -6072
31 -1424 -2317 -6071
32 -1422 -2314 -6068
35 -1418 -2326 -6067
37 -1422 -2322 -6071
40 -1420 -2323 -6068
43 -1421 -2327 -6075
45 -1421 -2319 -6072
48 -1412 -2321 -6065
50 -1418 -2318 -6063
53 -1421 -2317 -6070
55 -1426 -2325 -6066
59 -1423 -2322 -6066
61 -1418 -2314 -6065
64 -1422 -2319 -6068
67 -1416 -2326 -6064
69 -1423 -2326 -6065
71 -1426 -2321 -6061
74 -1420 -2314 -6061
76 -1420 -2320 -6064
79 -1420 -2314 -6065
81 -1419 -2317 -6057
83 -1426 -2313 -6063
86 -1418 -2319 -6062
88 -1419 -2322 -6066
91 -1419 -2314 -6059
93 -1421 -2315 -6068
95 -1421 -2317 -6067
98 -1418 -2323 -6063
101 -1426 -2324 -6065
103 -1417 -2318 -6057
105 -1414 -2314 -6056
106 -1422 -2321 -6057
109 -1421 -2317 -6065
112 -1425 -2322 -6062
114 -1415 -2319 -6055
117 -1420 -2320 -6062
119 -1426 -2316 -6060
133 -1415 -2319 -6057
182 -1416 -2317 -6056
234 -1423 -2322 -6072
257 -1422 -2313 -6063
311 -1421 -2324 -6061
341 -1416 -2326 -6053
396 -1422 -2318 -6059
423 -1423 -2317 -6056
479 -1417 -2323 -6062
506 -1422 -2320 -6054
565 -1425 -2315 -6063
589 -1424 -2314 -6065
648 -1420 -2322 -6059
671 -1423 -2310 -6070
726 -1430 -2318 -6064
755 -1418 -2311 -6061
810 -1425 -2319 -6055
836 -1420 -2317 -6059
892 -1419 -2319 -6058
922 -1416 -2321 -6063
975 -1421 -2318 -6060
1005 -1421 -2318 -6055
1059 -1422 -2319 -6060
1087 -1419 -2317 -6059
1141 -1427 -2316 -6057
1170 -1422 -2316 -6055
1226 -1415 -2326 -6063
1252 -1418 -2319 -6057
1307 -1423 -2314 -6059
1335 -1429 -2316 -6054
1390 -1421 -2318 -6062
1417 -1416 -2320 -6055
1477 -1422 -2309 -6058
1502 -1416 -2310 -6055
1560 -1419 -2320 -6058
1584 -1411 -2315 -6057
1640 -1413 -2318 -6055
1666 -1429 -2318 -6055
1721 -1416 -2313 -6054
1749 -1418 -2321 -6056
1804 -1429 -2316 -6052
1835 -1430 -2322 -6054
1892 -1421 -2321 -6057
1915 -1415 -2312 -6053
1972 -1417 -2325 -6054
2005 -1418 -2319 -6062
2043 -1413 -2314 -6054
2093 -1415 -2317 -6060
2125 -1420 -2318 -6053
2183 -1417 -2312 -6055
2206 -1424 -2307 -6055
2262 -1415 -2318 -6059
2287 -1421 -2319 -6057
2345 -1419 -2315 -6054
2371 -1418 -2320 -6053
2426 -1419 -2315 -6058
2454 -1418 -2319 -6051
2509 -1413 -2320 -6054
2538 -1423 -2321 -6056
2593 -1420 -2313 -6050
2620 -1406 -2314 -6049
2677 -1412 -2310 -6055
2705 -1417 -2324 -6059
2761 -1412 -2311 -6062
2788 -1420 -2319 -6054
2845 -1417 -2321 -6058
2868 -1420 -2318 -6055
2926 -1419 -2316 -6059
2953 -1417 -2320 -6058
3008 -1413 -2316 -6060
3035 -1422 -2312 -6054
3089 -1419 -2310 -6054
3118 -1412 -2318 -6055
3172 -1416 -2319 -6055
3201 -1417 -2311 -6057
3257 -1410 -2311 -6051
3285 -1415 -2313 -6055
3340 -1424 -2309 -6059
3367 -1420 -2316 -6056
3423 -1419 -2306 -6051
3447 -1422 -2316 -6056
3505 -1414 -2321 -6054
3533 -1413 -2312 -6053
3591 -1421 -2314 -6055
3626 -1421 -2311 -6054
3657 -1410 -2316 -6055
3712 -1419 -2320 -6061
3740 -1423 -2318 -6055
3797 -1415 -2316 -6050
3823 -1412 -2313 -6056
3879 -1420 -2317 -6054
3906 -1419 -2319 -6051
3963 -1416 -2314 -6062
3988 -1421 -2321 -6059
4045 -1416 -2315 -6098
4072 -1463 -2323 -6110
4127 -1428 -2340 -6136
4155 -1430 -2342 -6138
4212 -1453 -2344 -6157
4237 -1425 -2330 -6120
4295 -1432 -2336 -6125
4320 -1427 -2339 -6157
4377 -1445 -2351 -6142
4401 -1439 -2329 -6126
4457 -1439 -2341 -6151
4483 -1431 -2322 -6111
4542 -1435 -2350 -6159
4568 -1443 -2326 -6138
4625 -1434 -2333 -6129
4653 -1435 -2339 -6138
4710 -1421 -2329 -6113
4733 -1439 -2347 -6151
4790 -1449 -2335 -6132
4819 -1432 -2342 -6121
4856 -1422 -2334 -6127
4910 -1427 -2330 -6116
4940 -1447 -2348 -6149
4989 -1437 -2334 -6117
5040 -1436 -2347 -6141
5067 -1429 -2319 -6112
5126 -1431 -2333 -6130
5149 -1450 -2343 -6145
5203 -1435 -2326 -6115
5231 -1440 -2346 -6140
5290 -1425 -2325 -6109
5313 -1432 -2347 -6137
5370 -1443 -2338 -6134
5396 -1436 -2335 -6129
5452 -1431 -2347 -6119
5479 -1425 -2330 -6129
5535 -1425 -2338 -6119
5562 -1439 -2332 -6140
5617 -1432 -2334 -6122
5647 -1428 -2339 -6125
5703 -1431 -2329 -6118
5727 -1432 -2340 -6128
5783 -1443 -2338 -6145
5812 -1433 -2335 -6110
5868 -1430 -2336 -6136
5895 -1432 -2328 -6117
5949 -1437 -2347 -6134
5979 -1444 -2332 -6121
6034 -1412 -2320 -6060
6062 -1417 -2320 -6058
6116 -1413 -2309 -6062
6142 -1419 -2318 -6065
6197 -1417 -2310 -6059
6228 -1422 -2317 -6061
6283 -1415 -2318 -6060
6310 -1412 -2313 -6060
6365 -1414 -2312 -6068
6391 -1421 -2315 -6059
6448 -1418 -2317 -6056
6476 -1415 -2310 -6059
6531 -1419 -2316 -6053
6558 -1414 -2315 -6062
6617 -1417 -2315 -6055
6641 -1419 -2311 -6065
6697 -1420 -2314 -6061
6723 -1421 -2315 -6055
6780 -1412 -2310 -6049
6807 -1425 -2321 -6055
6864 -1419 -2309 -6055
6890 -1420 -2316 -6060
6946 -1415 -2306 -6062
6972 -1418 -2312 -6057
7029 -1415 -2319 -6058
7055 -1414 -2311 -6057
7112 -1419 -2315 -6060
7137 -1421 -2317 -6058
7193 -1418 -2313 -6052
7222 -1412 -2310 -6059
7280 -1417 -2321 -6055
7305 -1422 -2320 -6049
7361 -1415 -2311 -6055
7384 -1418 -2317 -6054
7440 -1413 -2312 -6052
7469 -1415 -2309 -6049
7526 -1414 -2319 -6055
7551 -1410 -2315 -6053
7609 -1422 -2316 -6063
7637 -1415 -2310 -6051
7693 -1417 -2314 -6055
7717 -1418 -2322 -6057
7772 -1416 -2316 -6056
7801 -1416 -2314 -6057
7854 -1412 -2311 -6048
7885 -1414 -2316 -6059
7940 -1420 -2315 -6062
7968 -1417 -2314 -6160
8024 -1543 -2356 -6226
8048 -1452 -2336 -6165
8106 -1466 -2406 -6215
8132 -1507 -2368 -6274
8187 -1445 -2351 -6188
8216 -1478 -2415 -6242
8269 -1466 -2342 -6224
8300 -1463 -2399 -6194
8356 -1481 -2371 -6233
8381 -1452 -2359 -6211
8436 -1470 -2397 -6204
8462 -1472 -2361 -6245
8520 -1474 -2397 -6211
8547 -1463 -2364 -6212
8602 -1464 -2385 -6235
8632 -1462 -2375 -6204
8687 -1470 -2379 -6237
8714 -1476 -2377 -6194
8772 -1472 -2373 -6221
8796 -1469 -2374 -6208
8853 -1472 -2382 -6224
8877 -1485 -2377 -6222
8933 -1483 -2388 -6204
8961 -1479 -2374 -6217
9017 -1465 -2368 -6207
9045 -1483 -2382 -6223
9098 -1479 -2380 -6218
9129 -1486 -2382 -6205
9185 -1466 -2374 -6213
9209 -1467 -2370 -6202
9266 -1472 -2381 -6218
9294 -1484 -2390 -6237
9348 -1472 -2375 -6198
9376 -1477 -2387 -6231
9432 -1463 -2366 -6193
9460 -1479 -2397 -6236
9516 -1480 -2360 -6198
9543 -1465 -2388 -6216
9598 -1468 -2362 -6210
9625 -1462 -2378 -6208
9681 -1491 -2381 -6231
9711 -1482 -2368 -6192
9766 -1479 -2399 -6235
9790 -1457 -2352 -6193
9847 -1459 -2399 -6234
9875 -1489 -2366 -6216
9931 -1468 -2382 -6151
9956 -1422 -2330 -6076
10013 -1425 -2327 -6069
10038 -1418 -2321 -6070
10094 -1416 -2320 -6071
10124 -1420 -2325 -6059
10180 -1417 -2317 -6065
10206 -1417 -2326 -6056
10262 -1415 -2313 -6071
10288 -1419 -2325 -6063
10342 -1413 -2315 -6063
10371 -1416 -2320 -6058
10426 -1421 -2317 -6065
10454 -1413 -2316 -6060
10511 -1413 -2315 -6053
10536 -1411 -2314 -6058
10590 -1418 -2323 -6059
10620 -1421 -2324 -6057
10676 -1416 -2315 -6063
10705 -1418 -2319 -6063
10742 -1419 -2321 -6068
10793 -1414 -2320 -6056
10843 -1415 -2311 -6059
10866 -1421 -2316 -6057
10922 -1410 -2319 -6059
10952 -1419 -2312 -6053
11010 -1417 -2315 -6059
11033 -1418 -2316 -6053
11087 -1422 -2320 -6059
11117 -1414 -2322 -6062
11173 -1411 -2314 -6064
11200 -1419 -2316 -6055
11257 -1418 -2319 -6061
11284 -1413 -2320 -6059
11338 -1412 -2317 -6056
11368 -1411 -2322 -6048
11425 -1414 -2317 -6060
11458 -1414 -2308 -6056
11489 -1412 -2312 -6062
11546 -1408 -2314 -6059
11572 -1411 -2318 -6059
11628 -1421 -2324 -6056
11654 -1417 -2318 -6053
11710 -1411 -2313 -6065
11738 -1411 -2314 -6055
11791 -1403 -2314 -6050
11823 -1413 -2321 -6055
11877 -1416 -2318 -6063
11905 -1423 -2343 -6401
11961 -1587 -2375 -6515
11988 -1533 -2375 -6370
12044 -1533 -2407 -6295
12071 -1587 -2385 -6392
12128 -1543 -2393 -6289
12152 -1530 -2431 -6341
12208 -1553 -2358 -6356
12237 -1532 -2422 -6263
12293 -1549 -2394 -6360
12320 -1540 -2373 -6303
12377 -1509 -2421 -6313
12404 -1544 -2357 -6353
12463 -1537 -2396 -6280
12485 -1554 -2394 -6334
12541 -1559 -2368 -6294
12568 -1534 -2422 -6304
12624 -1557 -2370 -6341
12651 -1550 -2405 -6285
12705 -1560 -2393 -6340
12733 -1560 -2381 -6301
12789 -1537 -2405 -6328
12815 -1560 -2371 -6327
12870 -1550 -2400 -6288
12899 -1553 -2392 -6341
12956 -1553 -2387 -6297
12982 -1531 -2405 -6318
13037 -1554 -2372 -6320
13067 -1548 -2399 -6284
13122 -1546 -2398 -6345
13148 -1531 -2382 -6300
13206 -1527 -2407 -6319
13241 -1530 -2380 -6348
13272 -1516 -2400 -6294
13329 -1546 -2403 -6348
13356 -1545 -2389 -6303
13415 -1537 -2400 -6307
13439 -1540 -2385 -6338
13495 -1527 -2400 -6293
13522 -1553 -2403 -6348
13578 -1546 -2377 -6304
13603 -1523 -2422 -6331
13659 -1531 -2370 -6331
13687 -1517 -2394 -6297
13742 -1556 -2398 -6349
13770 -1549 -2383 -6305
13824 -1536 -2423 -6337
13852 -1531 -2368 -6310
13906 -1412 -2330 -6104
13936 -1421 -2343 -6086
13992 -1432 -2328 -6085
14021 -1416 -2321 -6086
14076 -1427 -2327 -6080
14102 -1428 -2321 -6068
14160 -1412 -2319 -6064
14184 -1422 -2315 -6067
14239 -1418 -2326 -6075
14267 -1424 -2319 -6070
14320 -1419 -2316 -6069
14349 -1420 -2327 -6066
14404 -1414 -2317 -6067
14433 -1412 -2319 -6062
14488 -1414 -2320 -6065
14515 -1418 -2322 -6058
14571 -1421 -2323 -6062
14600 -1414 -2318 -6067
14657 -1422 -2316 -6065
14684 -1413 -2317 -6060
14742 -1421 -2318 -6068
14776 -1413 -2312 -6062
14806 -1422 -2320 -6060
14863 -1412 -2314 -6062
14890 -1414 -2315 -6059
14947 -1409 -2314 -6066
14971 -1415 -2313 -6058
15028 -1420 -2327 -6054
15054 -1411 -2318 -6061
15110 -1418 -2322 -6061
15138 -1421 -2321 -6059
15193 -1417 -2314 -6063
15221 -1412 -2311 -6061
15277 -1420 -2316 -6061
15304 -1418 -2320 -6067
15361 -1414 -2313 -6067
15386 -1417 -2316 -6060
15442 -1411 -2316 -6061
15470 -1417 -2313 -6061
15524 -1414 -2318 -6061
15553 -1419 -2318 -6059
15607 -1405 -2317 -6061
15635 -1420 -2318 -6058
15693 -1416 -2319 -6058
15718 -1410 -2313 -6059
15774 -1405 -2312 -6069
15802 -1407 -2321 -6057
15858 -1419 -2314 -6121
15883 -1764 -2364 -6433
15942 -1711 -2336 -6460
15967 -1671 -2467 -6378
16023 -1678 -2392 -6472
16050 -1699 -2384 -6421
16105 -1674 -2445 -6413
16132 -1684 -2390 -6488
16189 -1706 -2414 -6388
16215 -1675 -2436 -6450
16271 -1693 -2389 -6433
16297 -1679 -2425 -6380
16354 -1678 -2414 -6437
16382 -1687 -2387 -6404
16438 -1664 -2440 -6426
16464 -1681 -2389 -6453
16518 -1680 -2427 -6382
16548 -1668 -2426 -6446
16602 -1669 -2377 -6410
16629 -1659 -2444 -6420
16686 -1694 -2386 -6446
16715 -1708 -2465 -6444
16771 -1747 -2429 -6467
16795 -1714 -2417 -6407
16852 -1723 -2458 -6469
16879 -1750 -2393 -6442
16935 -1730 -2467 -6429
16962 -1726 -2405 -6477
17018 -1707 -2442 -6420
17042 -1728 -2446 -6464
17100 -1746 -2417 -6440
17128 -1731 -2448 -6425
17185 -1710 -2405 -6451
17210 -1704 -2436 -6432
17267 -1727 -2423 -6460
17293 -1737 -2440 -6444
17350 -1732 -2429 -6447
17377 -1707 -2420 -6428
17433 -1714 -2444 -6467
17459 -1726 -2415 -6443
17516 -1738 -2443 -6436
17542 -1727 -2426 -6444
17596 -1701 -2439 -6422
17626 -1705 -2432 -6460
17682 -1725 -2429 -6435
17709 -1736 -2444 -6459
17766 -1726 -2409 -6438
17804 -1699 -2432 -6408
17833 -1472 -2332 -6141
17889 -1448 -2347 -6101
17916 -1445 -2338 -6093
17971 -1434 -2323 -6093
17997 -1428 -2333 -6090
18055 -1426 -2331 -6093
18081 -1433 -2320 -6074
18139 -1432 -2321 -6086
18164 -1431 -2324 -6075
18219 -1429 -2326 -6077
18246 -1430 -2318 -6078
18305 -1425 -2319 -6073
18342 -1419 -2319 -6075
18371 -1412 -2317 -6072
18426 -1426 -2326 -6070
18454 -1424 -2323 -6078
18510 -1420 -2321 -6070
18538 -1425 -2323 -6079
18592 -1424 -2323 -6069
18621 -1415 -2314 -6068
18677 -1421 -2317 -6075
18716 -1419 -2324 -6077
18744 -1419 -2316 -6068
18800 -1414 -2322 -6075
18825 -1416 -2313 -6069
18880 -1423 -2318 -6075
18910 -1421 -2315 -6065
18966 -1427 -2320 -6068
18992 -1417 -2310 -6071
19049 -1422 -2312 -6067
19075 -1420 -2307 -6071
19131 -1417 -2318 -6074
19160 -1423 -2322 -6068
19216 -1421 -2313 -6063
19242 -1410 -2314 -6065
19298 -1421 -2306 -6067
19325 -1420 -2316 -6069
19382 -1417 -2321 -6066
19407 -1415 -2318 -6070
19463 -1412 -2319 -6068
19490 -1419 -2321 -6073
19548 -1414 -2314 -6067
19572 -1413 -2315 -6074
19627 -1418 -2313 -6069
19658 -1424 -2315 -6064
19711 -1413 -2313 -6071
19738 -1421 -2316 -6063
19793 -1421 -2315 -6230
19821 -1816 -2419 -6606
19877 -1992 -2371 -6593
19903 -1902 -2525 -6455
19964 -1949 -2426 -6563
19987 -1940 -2395 -6490
20042 -1881 -2490 -6483
20069 -1899 -2388 -6570
20125 -1907 -2457 -6441
20152 -1887 -2451 -6519
20210 -1906 -2401 -6501
20235 -1885 -2453 -6453
20290 -1877 -2439 -6513
20319 -1902 -2419 -6474
20375 -1868 -2446 -6491
20402 -1898 -2432 -6532
20459 -1888 -2427 -6460
20483 -1885 -2461 -6503
20538 -1894 -2396 -6481
20567 -1869 -2458 -6460
20626 -1886 -2422 -6527
20652 -1896 -2422 -6469
20707 -1884 -2457 -6494
20732 -1899 -2400 -6478
20791 -1869 -2458 -6467
20817 -1892 -2417 -6514
20875 -1879 -2444 -6447
20899 -1881 -2455 -6503
20956 -1890 -2396 -6472
20982 -1880 -2455 -6489
21039 -1898 -2410 -6501
21065 -1880 -2449 -6446
21120 -1884 -2430 -6506
21148 -1883 -2411 -6472
21204 -1876 -2463 -6498
21231 -1911 -2400 -6490
21289 -1878 -2459 -6465
21313 -1885 -2416 -6518
21370 -1868 -2432 -6459
21398 -1884 -2457 -6498
21452 -1896 -2401 -6472
21479 -1870 -2476 -6482
21534 -1890 -2408 -6498
21562 -1865 -2439 -6448
21619 -1894 -2444 -6512
21644 -1889 -2410 -6467
21702 -1869 -2457 -6492
21729 -1884 -2394 -6463
21785 -1566 -2328 -6158
21809 -1465 -2341 -6111
21867 -1463 -2348 -6100
21893 -1449 -2333 -6090
21947 -1452 -2333 -6085
21976 -1446 -2329 -6090
22032 -1442 -2326 -6086
22059 -1439 -2332 -6076
22117 -1434 -2329 -6081
22142 -1441 -2322 -6076
22199 -1433 -2320 -6074
22225 -1426 -2329 -6079
22280 -1428 -2325 -6074
22310 -1432 -2324 -6076
22366 -1433 -2335 -6073
22392 -1431 -2325 -6078
22448 -1427 -2326 -6064
22475 -1432 -2327 -6071
22529 -1426 -2318 -6072
22557 -1416 -2324 -6067
22613 -1426 -2319 -6066
22641 -1424 -2323 -6076
22698 -1426 -2329 -6068
22723 -1423 -2325 -6069
22779 -1427 -2318 -6067
22805 -1424 -2315 -6068
22859 -1424 -2322 -6071
22887 -1426 -2321 -6061
22946 -1415 -2326 -6071
22970 -1418 -2321 -6067
23024 -1420 -2332 -6064
23054 -1421 -2327 -6069
23109 -1421 -2323 -6063
23137 -1418 -2326 -6063
23192 -1417 -2328 -6064
23220 -1424 -2317 -6067
23276 -1424 -2320 -6062
23304 -1418 -2324 -6062
23359 -1423 -2324 -6068
23386 -1418 -2325 -6064
23444 -1414 -2316 -6060
23468 -1417 -2325 -6070
23524 -1430 -2319 -6062
23551 -1423 -2321 -6061
23608 -1417 -2321 -6070
23636 -1416 -2317 -6064
23691 -1424 -2311 -6061
23717 -1416 -2316 -6187
23773 -1758 -2378 -6656
23801 -1937 -2395 -6749
23857 -1941 -2561 -6583
23883 -1989 -2447 -6631
23937 -1928 -2445 -6596
23968 -1887 -2465 -6566
24024 -1897 -2436 -6616
24049 -1957 -2479 -6563
24102 -1929 -2436 -6572
24131 -1886 -2462 -6595
24189 -1866 -2439 -6562
24215 -1889 -2472 -6584
24272 -1941 -2440 -6585
24299 -1927 -2471 -6546
24354 -1898 -2443 -6610
24383 -1878 -2435 -6551
24438 -1894 -2481 -6592
24463 -1945 -2416 -6584
24521 -1922 -2487 -6539
24547 -1899 -2432 -6620
24602 -1865 -2445 -6544
24631 -1890 -2477 -6589
24686 -1954 -2413 -6584
24713 -1919 -2498 -6542
24770 -1907 -2425 -6625
24797 -1869 -2446 -6539
24852 -1892 -2476 -6596
24878 -1964 -2410 -6586
24933 -1920 -2499 -6541
24959 -1903 -2414 -6626
25014 -1874 -2457 -6539
25044 -1903 -2478 -6588
25100 -1958 -2410 -6583
25129 -1928 -2502 -6556
25186 -1903 -2406 -6627
25223 -1868 -2458 -6535
25251 -1904 -2465 -6603
25306 -1969 -2425 -6565
25333 -1919 -2500 -6563
25389 -1895 -2411 -6615
25418 -1861 -2462 -6539
25474 -1911 -2454 -6602
25502 -1966 -2434 -6565
25557 -1921 -2485 -6568
25584 -1890 -2413 -6592
25640 -1866 -2466 -6539
25666 -1908 -2442 -6541
25722 -1606 -2304 -6205
25748 -1475 -2344 -6119
25807 -1461 -2357 -6110
25829 -1446 -2325 -6101
25890 -1450 -2333 -6096
25913 -1450 -2330 -6094
25970 -1450 -2324 -6090
25999 -1441 -2332 -6086
26055 -1443 -2332 -6088
26080 -1434 -2326 -6090
26135 -1433 -2325 -6083
26162 -1437 -2323 -6073
26220 -1431 -2326 -6072
26245 -1429 -2321 -6077
26298 -1426 -2327 -6079
26329 -1430 -2329 -6078
26384 -1432 -2329 -6076
26411 -1426 -2323 -6082
26466 -1433 -2328 -6073
26495 -1420 -2319 -6069
26552 -1434 -2329 -6066
26577 -1430 -2325 -6069
26633 -1425 -2323 -6074
26659 -1428 -2328 -6071
26714 -1429 -2325 -6065
26744 -1423 -2324 -6074
26800 -1418 -2323 -6065
26825 -1421 -2325 -6072
26881 -1424 -2318 -6067
26909 -1423 -2312 -6068
26964 -1418 -2328 -6072
26991 -1426 -2321 -6057
27048 -1421 -2318 -6067
27075 -1417 -2320 -6068
27131 -1429 -2324 -6071
27157 -1429 -2324 -6069
27216 -1419 -2319 -6067
27239 -1424 -2321 -6058
27297 -1423 -2326 -6063
27323 -1420 -2323 -6067
27377 -1417 -2324 -6069
27406 -1422 -2324 -6069
27461 -1425 -2323 -6065
27489 -1411 -2322 -6061
27546 -1423 -2321 -6067
27573 -1422 -2322 -6070
27629 -1421 -2323 -6062
27655 -1413 -2314 -6232
27709 -1774 -2433 -6755
27738 -2083 -2441 -6831
27797 -2067 -2630 -6628
27820 -2082 -2478 -6718
27877 -2033 -2508 -6653
27904 -2033 -2553 -6684
27960 -2060 -2456 -6665
27987 -2051 -2559 -6622
28041 -2032 -2460 -6662
28069 -1993 -2519 -6627
28123 -2026 -2493 -6693
28151 -2036 -2503 -6623
28206 -2050 -2542 -6669
28234 -2013 -2464 -6646
28290 -2000 -2542 -6661
28318 -2039 -2482 -6669
28371 -2053 -2539 -6621
28401 -2036 -2492 -6682
28459 -2014 -2489 -6627
28484 -2009 -2537 -6669
28539 -2059 -2469 -6656
28568 -2044 -2539 -6631
28623 -2042 -2472 -6689
28649 -2006 -2495 -6608
28705 -2018 -2526 -6672
28733 -2068 -2459 -6646
28790 -2036 -2541 -6642
28817 -2030 -2476 -6679
28873 -2005 -2509 -6602
28900 -2023 -2516 -6670
28957 -2067 -2475 -6634
28980 -2031 -2556 -6649
29036 -2033 -2469 -6669
29065 -1994 -2516 -6606
29121 -2041 -2495 -6686
29145 -2066 -2485 -6634
29201 -2039 -2538 -6658
29230 -2028 -2456 -6655
29287 -2001 -2518 -6620
29311 -2039 -2486 -6677
29372 -2055 -2502 -6631
29394 -2039 -2514 -6666
29450 -2030 -2476 -6642
29480 -2006 -2512 -6635
29536 -2048 -2491 -6677
29561 -2053 -2509 -6619
29617 -2027 -2471 -6559
29646 -1610 -2329 -6215
29703 -1493 -2349 -6125
29728 -1480 -2352 -6107
29784 -1456 -2340 -6103
29811 -1459 -2337 -6092
29866 -1455 -2339 -6097
29895 -1459 -2343 -6093
29952 -1453 -2334 -6086
29987 -1450 -2330 -6088
30018 -1447 -2337 -6081
30067 -1441 -2333 -6081
30119 -1435 -2336 -6081
30154 -1433 -2330 -6079
30185 -1447 -2334 -6079
30239 -1432 -2333 -6076
30267 -1440 -2326 -6076
30324 -1434 -2334 -6068
30348 -1443 -2325 -6076
30404 -1428 -2319 -6075
30432 -1432 -2326 -6071
30487 -1433 -2328 -6076
30515 -1424 -2317 -6082
30571 -1435 -2317 -6074
30598 -1425 -2320 -6072
30654 -1444 -2330 -6065
30680 -1426 -2324 -6075
30736 -1423 -2320 -6071
30764 -1426 -2314 -6074
30820 -1436 -2328 -6070
30847 -1424 -2321 -6065
30902 -1422 -2326 -6074
30929 -1421 -2317 -6070
30986 -1429 -2321 -6072
31013 -1423 -2314 -6064
31069 -1424 -2319 -6068
31096 -1423 -2321 -6060
31153 -1427 -2320 -6069
31177 -1431 -2321 -6062
31234 -1417 -2326 -6060
31263 -1427 -2325 -6069
31321 -1420 -2322 -6063
31344 -1418 -2314 -6064
31398 -1422 -2316 -6066
31428 -1421 -2324 -6063
31484 -1423 -2319 -6059
31511 -1423 -2315 -6069
31567 -1413 -2326 -6065
31593 -1418 -2343 -6446
31650 -1745 -2492 -6849
31677 -2276 -2626 -7204
31734 -2304 -2669 -6826
31757 -2396 -2701 -7139
31814 -2313 -2617 -6873
31842 -2244 -2589 -6784
31898 -2297 -2558 -6880
31922 -2258 -2585 -6719
31978 -2267 -2545 -6823
32008 -2257 -2541 -6701
32063 -2224 -2552 -6746
32090 -2270 -2547 -6762
32145 -2246 -2573 -6720
32173 -2281 -2546 -6822
32228 -2240 -2542 -6704
32257 -2236 -2554 -6816
32315 -2250 -2527 -6710
32338 -2235 -2563 -6760
32391 -2295 -2565 -6805
32422 -2234 -2559 -6705
32477 -2234 -2558 -6840
32504 -2240 -2519 -6714
32561 -2247 -2566 -6787
32588 -2297 -2554 -6787
32643 -2237 -2564 -6709
32670 -2254 -2547 -6816
32724 -2222 -2527 -6712
32754 -2236 -2550 -6810
32812 -2305 -2551 -6775
32847 -2242 -2563 -6716
32877 -2256 -2533 -6824
32933 -2216 -2541 -6703
32961 -2236 -2561 -6843
33017 -2307 -2551 -6758
33042 -2238 -2564 -6713
33100 -2262 -2551 -6847
33127 -2213 -2549 -6713
33184 -2246 -2572 -6849
33209 -2299 -2546 -6763
33266 -2241 -2568 -6722
33293 -2265 -2547 -6826
33349 -2215 -2546 -6703
33375 -2263 -2561 -6851
33432 -2296 -2565 -6764
33458 -2248 -2561 -6739
33516 -2258 -2531 -6804
33541 -2179 -2509 -6601
33596 -1777 -2409 -6295
33622 -1523 -2351 -6142
33678 -1496 -2359 -6131
33706 -1481 -2339 -6116
33761 -1479 -2332 -6104
33788 -1470 -2336 -6106
33845 -1466 -2327 -6110
33874 -1464 -2333 -6104
33928 -1453 -2329 -6092
33956 -1453 -2329 -6095
34012 -1447 -2328 -6093
34039 -1449 -2322 -6089
34095 -1450 -2330 -6091
34121 -1446 -2334 -6092
34177 -1444 -2325 -6079
34206 -1440 -2324 -6088
34262 -1451 -2320 -6083
34288 -1441 -2323 -6088
34343 -1433 -2328 -6080
34370 -1442 -2322 -6079
34428 -1437 -2323 -6085
34452 -1442 -2323 -6083
34508 -1444 -2321 -6087
34534 -1441 -2322 -6081
34591 -1435 -2322 -6082
34618 -1433 -2320 -6087
34675 -1436 -2323 -6082
34701 -1437 -2324 -6072
34757 -1426 -2324 -6071
34786 -1430 -2328 -6071
34842 -1435 -2316 -6076
34868 -1433 -2317 -6074
34925 -1432 -2317 -6072
34950 -1434 -2324 -6073
35007 -1425 -2315 -6068
35033 -1433 -2324 -6070
35087 -1433 -2325 -6064
35116 -1429 -2318 -6075
35169 -1435 -2317 -6068
35197 -1434 -2323 -6067
35254 -1426 -2316 -6062
35282 -1428 -2321 -6066
35338 -1431 -2322 -6066
35366 -1428 -2321 -6062
35422 -1423 -2325 -6068
35448 -1426 -2315 -6062
35506 -1421 -2321 -6066
35530 -1446 -2429 -6469
35585 -1861 -2528 -6711
35611 -2746 -2988 -8016
35667 -2735 -2890 -7390
35697 -2829 -3043 -7839
35754 -2779 -2932 -7531
35778 -2630 -2898 -7461
35836 -2818 -2890 -7555
35862 -2682 -2859 -7282
35917 -2662 -2845 -7515
35945 -2650 -2801 -7262
36001 -2603 -2857 -7418
36027 -2751 -2857 -7427
36083 -2657 -2856 -7287
36112 -2646 -2832 -7462
36169 -2613 -2799 -7248
36203 -2648 -2856 -7450
36236 -2730 -2850 -7397
36292 -2656 -2843 -7316
36316 -2657 -2855 -7430
36373 -2597 -2805 -7266
36400 -2645 -2863 -7433
36455 -2717 -2875 -7424
36484 -2672 -2831 -7341
36541 -2670 -2844 -7411
36567 -2611 -2815 -7308
36624 -2637 -2843 -7417
36649 -2719 -2881 -7417
36706 -2666 -2837 -7337
36732 -2662 -2852 -7429
36789 -2625 -2807 -7317
36815 -2652 -2865 -7446
36870 -2737 -2870 -7404
36898 -2668 -2857 -7351
36957 -2660 -2865 -7440
36982 -2606 -2814 -7282
37039 -2666 -2872 -7475
37064 -2716 -2858 -7393
37121 -2674 -2863 -7381
37148 -2681 -2853 -7431
37205 -2611 -2825 -7325
37229 -2686 -2876 -7468
37287 -2712 -2874 -7391
37311 -2678 -2876 -7415
37371 -2677 -2846 -7394
37396 -2626 -2858 -7386
37454 -2686 -2862 -7460
37477 -2569 -2582 -6665
37534 -1919 -2376 -6350
37563 -1549 -2381 -6201
37621 -1531 -2396 -6166
37644 -1509 -2382 -6146
37703 -1506 -2363 -6137
37728 -1492 -2363 -6128
37784 -1482 -2359 -6125
37808 -1479 -2359 -6120
37865 -1467 -2358 -6111
37893 -1468 -2352 -6112
37950 -1469 -2344 -6107
37975 -1470 -2345 -6103
38032 -1455 -2348 -6095
38057 -1467 -2341 -6098
38113 -1461 -2342 -6096
38144 -1449 -2336 -6091
38200 -1458 -2343 -6092
38222 -1452 -2340 -6089
38279 -1451 -2345 -6082
38307 -1448 -2346 -6085
38362 -1455 -2334 -6088
38390 -1445 -2334 -6087
38448 -1446 -2337 -6081
38473 -1446 -2335 -6085
38528 -1443 -2334 -6080
38555 -1446 -2336 -6080
38612 -1450 -2336 -6081
38638 -1441 -2335 -6075
38694 -1444 -2324 -6081
38723 -1448 -2329 -6073
38778 -1445 -2336 -6077
38804 -1448 -2334 -6069
38858 -1436 -2330 -6080
38889 -1440 -2331 -6074
38945 -1438 -2333 -6080
38971 -1436 -2334 -6072
39025 -1435 -2327 -6077
39054 -1439 -2326 -6071
39111 -1435 -2319 -6069
39136 -1434 -2328 -6071
39194 -1440 -2325 -6066
39219 -1436 -2331 -6076
39277 -1440 -2327 -6072
39303 -1431 -2326 -6074
39359 -1437 -2328 -6066
39384 -1433 -2333 -6065
39437 -1442 -2327 -6070
39468 -1447 -2449 -6550
39523 -1845 -2577 -6781
39549 -3037 -3457 -8945
39606 -3162 -3544 -8856
39634 -3326 -3715 -9284
39691 -3191 -3630 -8858
39716 -3141 -3595 -8995
39773 -3413 -3598 -8969
39801 -3291 -3553 -8758
39857 -3220 -3593 -9001
39884 -3125 -3472 -8598
39941 -3175 -3594 -8924
39965 -3339 -3551 -8820
40021 -3215 -3535 -8724
40048 -3218 -3571 -8857
40105 -3090 -3486 -8667
40131 -3247 -3592 -8941
40186 -3342 -3574 -8828
40212 -3251 -3554 -8822
40268 -3205 -3538 -8796
40294 -3104 -3506 -8686
40350 -3227 -3592 -8922
40381 -3304 -3545 -8775
40438 -3257 -3564 -8879
40463 -3224 -3532 -8790
40517 -3154 -3545 -8774
40546 -3242 -3590 -8906
40603 -3277 -3549 -8784
40629 -3240 -3558 -8842
40684 -3222 -3554 -8804
40712 -3175 -3536 -8810
40768 -3283 -3591 -8907
40795 -3296 -3564 -8802
40852 -3232 -3567 -8867
40877 -3213 -3543 -8783
40932 -3173 -3559 -8809
40960 -3262 -3585 -8893
40998 -3287 -3575 -8819
41049 -3255 -3580 -8901
41098 -3254 -3560 -8793
41127 -3203 -3564 -8822
41182 -3260 -3596 -8916
41209 -3242 -3551 -8773
41267 -3262 -3603 -8910
41304 -3239 -3554 -8788
41333 -3219 -3567 -8862
41387 -3287 -3605 -8912
41416 -3157 -3290 -7729
41470 -2210 -2586 -6787
41498 -1612 -2481 -6357
41553 -1565 -2421 -6259
41581 -1542 -2420 -6234
41637 -1521 -2397 -6218
41664 -1504 -2384 -6205
41721 -1504 -2381 -6186
41748 -1499 -2381 -6174
41804 -1492 -2377 -6172
41829 -1482 -2373 -6157
41887 -1478 -2366 -6155
41913 -1473 -2360 -6149
41968 -1478 -2363 -6145
41997 -1467 -2364 -6134
42051 -1467 -2360 -6126
42078 -1474 -2356 -6131
42133 -1463 -2356 -6126
42161 -1457 -2351 -6122
42216 -1462 -2352 -6122
42245 -1458 -2349 -6117
42301 -1459 -2347 -6112
42327 -1459 -2347 -6115
42383 -1460 -2341 -6105
42410 -1454 -2346 -6105
42465 -1452 -2339 -6109
42494 -1453 -2339 -6101
42551 -1454 -2346 -6106
42576 -1458 -2337 -6100
42634 -1452 -2346 -6090
42658 -1445 -2343 -6092
42712 -1446 -2335 -6097
42743 -1447 -2340 -6093
42800 -1447 -2343 -6100
42827 -1450 -2348 -6089
42885 -1449 -2338 -6098
42908 -1442 -2342 -6089
42965 -1443 -2340 -6091
42989 -1445 -2335 -6087
43046 -1434 -2329 -6085
43073 -1437 -2331 -6089
43129 -1443 -2340 -6084
43156 -1439 -2338 -6086
43210 -1441 -2336 -6081
43241 -1440 -2341 -6089
43296 -1436 -2336 -6088
43322 -1441 -2331 -6087
43380 -1443 -2328 -6083
43407 -1439 -2334 -6129
43462 -1680 -2430 -6437
43489 -2186 -2515 -7489
43544 -3784 -3989 -9602
43571 -3487 -3898 -9849
43627 -3692 -4094 -10067
43653 -3655 -3963 -9661
43708 -3836 -4136 -10215
43739 -3937 -4028 -9941
43795 -3802 -4030 -9870
43820 -3814 -4071 -10058
43875 -3684 -3946 -9689
43901 -3839 -4047 -9937
43957 -3800 -3948 -9720
43985 -3708 -4008 -9842
44040 -3704 -3952 -9794
44069 -3742 -3994 -9817
44124 -3830 -4005 -9932
44150 -3801 -3996 -9797
44205 -3735 -3970 -9831
44234 -3718 -4024 -9843
44289 -3714 -3959 -9745
44319 -3790 -4043 -9936
44377 -3779 -3969 -9793
44399 -3766 -3998 -9889
44456 -3824 -4049 -9880
44484 -3731 -3968 -9823
44542 -3796 -4030 -9876
44565 -3729 -3958 -9749
44623 -3750 -4052 -9940
44648 -3805 -3981 -9828
44701 -3787 -4022 -9901
44733 -3811 -4019 -9884
44790 -3740 -3982 -9812
44814 -3794 -4068 -9974
44872 -3789 -3977 -9790
44898 -3801 -4042 -9929
44954 -3772 -4003 -9864
44980 -3748 -4016 -9894
45036 -3849 -4051 -9945
45064 -3835 -4028 -9889
45120 -3810 -4045 -9946
45148 -3778 -4011 -9847
45203 -3769 -4043 -9966
45229 -3861 -4046 -9931
45286 -3851 -4061 -9972
45311 -3868 -4080 -10032
45368 -3794 -3975 -9516
45395 -2904 -2943 -7131
45450 -2151 -2493 -6609
45478 -1586 -2467 -6370
45533 -1573 -2453 -6307
45562 -1552 -2431 -6274
45618 -1529 -2418 -6251
45645 -1522 -2407 -6236
45684 -1502 -2401 -6222
45736 -1505 -2386 -6207
45786 -1497 -2387 -6198
45811 -1492 -2391 -6185
45868 -1496 -2375 -6184
45892 -1486 -2372 -6172
45949 -1477 -2370 -6166
45976 -1478 -2375 -6162
46013 -1476 -2377 -6154
46065 -1475 -2369 -6159
46115 -1477 -2366 -6148
46142 -1473 -2361 -6150
46197 -1469 -2360 -6138
46224 -1459 -2357 -6139
46281 -1467 -2357 -6136
46308 -1461 -2357 -6132
46364 -1462 -2354 -6128
46400 -1460 -2355 -6125
46431 -1454 -2358 -6112
46486 -1461 -2348 -6116
46512 -1454 -2363 -6120
46568 -1457 -2350 -6121
46596 -1455 -2352 -6122
46652 -1451 -2353 -6108
46680 -1447 -2350 -6109
46737 -1449 -2342 -6108
46762 -1453 -2347 -6108
46820 -1446 -2345 -6103
46846 -1452 -2352 -6108
46899 -1449 -2351 -6106
46930 -1450 -2348 -6105
46985 -1453 -2346 -6092
47011 -1449 -2352 -6099
47068 -1447 -2352 -6102
47096 -1448 -2346 -6095
47153 -1445 -2342 -6091
47177 -1448 -2341 -6096
47234 -1446 -2345 -6088
47260 -1440 -2341 -6093
47317 -1442 -2335 -6092
47342 -1441 -2335 -6130
47396 -1722 -2436 -6456
47426 -2199 -2647 -8286
47481 -4053 -4492 -10787
47509 -4094 -4768 -11668
47566 -4227 -5041 -11904
47591 -4193 -4998 -11586
47648 -4500 -5132 -12099
47674 -4716 -5072 -11884
47731 -4526 -5013 -11985
47756 -4448 -5057 -12018
47813 -4385 -4974 -11841
47840 -4635 -5094 -12066
47898 -4544 -5060 -11796
47923 -4384 -4961 -11873
47981 -4301 -4929 -11771
48006 -4468 -5018 -11958
48064 -4626 -4985 -11962
48091 -4600 -5045 -11961
48147 -4424 -4931 -11802
48172 -4368 -5008 -11871
48228 -4427 -4987 -11828
48256 -4527 -5049 -11967
48311 -4555 -4978 -11925
48338 -4469 -4978 -11876
48393 -4529 -5047 -12048
48421 -4504 -4969 -11820
48476 -4523 -5060 -12011
48505 -4477 -4974 -11831
48560 -4416 -4986 -11910
48586 -4558 -5060 -12056
48642 -4529 -4964 -11881
48671 -4597 -5074 -12087
48727 -4498 -4983 -11841
48753 -4434 -5030 -11997
48811 -4565 -5041 -11936
48836 -4476 -5005 -11914
48892 -4570 -5061 -12068
48920 -4467 -4960 -11819
48980 -4527 -5092 -12164
49003 -4622 -5000 -11879
49058 -4523 -5038 -11988
49085 -4531 -5051 -12022
49141 -4413 -4932 -11794
49168 -4562 -5102 -12179
49223 -4642 -5006 -11873
49249 -4535 -5051 -12097
49306 -4430 -4737 -10944
49333 -3090 -3209 -7516
49389 -2190 -2577 -6808
49417 -1599 -2515 -6470
49470 -1581 -2478 -6384
49501 -1559 -2459 -6343
49556 -1536 -2445 -6309
49582 -1531 -2429 -6296
49638 -1517 -2424 -6269
49666 -1515 -2413 -6252
49724 -1503 -2405 -6232
49749 -1497 -2405 -6231
49803 -1506 -2390 -6215
49832 -1493 -2389 -6208
49889 -1487 -2385 -6199
49916 -1483 -2383 -6188
49973 -1480 -2378 -6188
50009 -1479 -2383 -6185
50040 -1480 -2374 -6177
50096 -1472 -2376 -6171
50122 -1472 -2376 -6168
50177 -1467 -2375 -6162
50205 -1476 -2366 -6158
50262 -1472 -2376 -6157
50287 -1461 -2359 -6150
50345 -1470 -2363 -6148
50371 -1464 -2365 -6140
50427 -1465 -2357 -6145
50455 -1464 -2357 -6142
50511 -1460 -2356 -6135
50536 -1459 -2364 -6132
50592 -1455 -2357 -6123
50620 -1455 -2353 -6124
50678 -1456 -2352 -6126
50714 -1454 -2353 -6124
50742 -1455 -2360 -6120
50799 -1459 -2355 -6119
50825 -1452 -2349 -6127
50882 -1455 -2353 -6115
50909 -1452 -2354 -6118
50966 -1448 -2351 -6115
50993 -1450 -2350 -6115
51051 -1444 -2353 -6119
51075 -1450 -2347 -6112
51133 -1448 -2354 -6117
51158 -1448 -2343 -6107
51213 -1452 -2345 -6103
51241 -1444 -2346 -6098
51297 -1449 -2346 -6262
51325 -1697 -2430 -6673
51381 -2209 -2891 -8912
51406 -4277 -4964 -11850
51462 -4721 -5822 -13501
51490 -4738 -6207 -13947
51544 -4656 -6015 -13487
51572 -5210 -6298 -14053
51628 -5471 -6242 -14002
51655 -5200 -6074 -14109
51711 -5149 -6081 -13980
51739 -4992 -6078 -14013
51794 -5328 -6333 -14245
51821 -5347 -6231 -13869
51876 -5137 -6333 -14208
51904 -5076 -6045 -13877
51960 -5120 -6127 -14101
51987 -5487 -6240 -14259
52041 -5414 -6168 -14051
52071 -5276 -6206 -14071
52125 -5043 -6077 -13772
52154 -5057 -6152 -14061
52211 -5458 -6326 -14164
52237 -5327 -6059 -13949
52293 -5342 -6198 -14322
52318 -5079 -6007 -13745
52374 -5140 -6218 -14237
52402 -5392 -6256 -14046
52458 -5250 -6147 -13906
52486 -5301 -6282 -14289
52542 -5078 -5979 -13779
52569 -5262 -6220 -14379
52626 -5454 -6199 -14043
52653 -5327 -6178 -14078
52709 -5297 -6253 -14195
52733 -5066 -6096 -13824
52790 -5254 -6253 -14309
52816 -5378 -6187 -14015
52872 -5366 -6199 -14237
52901 -5341 -6189 -14178
52957 -5214 -6115 -13974
52982 -5275 -6272 -14263
53038 -5342 -6208 -14027
53066 -5303 -6225 -14140
53122 -5342 -6195 -14143
53149 -5243 -6147 -14106
53206 -5331 -6273 -14204
53232 -5122 -5584 -12427
53288 -3493 -3655 -8250
53316 -2274 -2694 -7079
53373 -1633 -2560 -6577
53399 -1586 -2509 -6467
53453 -1565 -2488 -6400
53481 -1542 -2468 -6366
53536 -1529 -2450 -6342
53562 -1520 -2436 -6315
53619 -1515 -2432 -6294
53647 -1514 -2429 -6271
53702 -1500 -2424 -6261
53728 -1496 -2416 -6251
53784 -1497 -2404 -6243
53812 -1490 -2406 -6237
53869 -1485 -2405 -6225
53896 -1480 -2401 -6211
53954 -1479 -2394 -6206
53978 -1479 -2387 -6210
54032 -1478 -2383 -6185
54063 -1479 -2391 -6184
54119 -1478 -2381 -6188
54145 -1466 -2379 -6178
54201 -1470 -2376 -6179
54228 -1459 -2378 -6180
54285 -1461 -2375 -6164
54310 -1465 -2376 -6168
54365 -1460 -2373 -6170
54393 -1460 -2370 -6161
54448 -1458 -2367 -6152
54476 -1456 -2374 -6158
54531 -1458 -2362 -6151
54559 -1462 -2365 -6157
54614 -1459 -2364 -6150
54640 -1456 -2362 -6148
54696 -1454 -2360 -6136
54724 -1456 -2361 -6137
54782 -1456 -2370 -6143
54807 -1456 -2364 -6131
54863 -1450 -2362 -6137
54892 -1445 -2362 -6130
54949 -1445 -2355 -6122
54972 -1449 -2361 -6124
55028 -1450 -2352 -6123
55056 -1443 -2346 -6122
55112 -1445 -2357 -6126
55139 -1448 -2354 -6121
55197 -1445 -2359 -6120
55233 -1452 -2400 -6482
55263 -1736 -2532 -6786
55322 -2555 -3388 -9779
55345 -4503 -4893 -11792
55401 -5127 -6567 -14802
55430 -5191 -6817 -14819
55485 -5259 -6958 -14641
55512 -5819 -7182 -15258
55568 -6044 -7101 -15184
55595 -5778 -6903 -15260
55651 -5743 -6939 -15211
55677 -5723 -7022 -15248
55731 -6040 -7145 -15246
55761 -5964 -7162 -15123
55820 -5804 -7104 -15177
55843 -5606 -6960 -15099
55900 -5898 -7000 -15286
55927 -6100 -6982 -15251
55984 -6094 -7072 -15347
56009 -5877 -6951 -15057
56066 -5731 -7068 -15158
56093 -5748 -7025 -15084
56151 -5944 -7059 -15180
56175 -6005 -7083 -15355
56228 -5999 -6976 -15228
56258 -5942 -7018 -15327
56314 -5953 -7097 -15220
56342 -5907 -7105 -15300
56396 -5949 -7165 -15292
56423 -6022 -7245 -15446
56478 -6074 -7279 -15629
56509 -6169 -7365 -15706
56563 -6295 -7475 -15855
56589 -6301 -7613 -15948
56645 -6272 -7530 -15740
56675 -6222 -7690 -15983
56728 -6273 -7623 -15881
56756 -6338 -7598 -15975
56814 -6437 -7732 -16177
56839 -6436 -7693 -16063
56893 -6382 -7703 -16085
56924 -6372 -7839 -16276
56980 -6482 -7975 -16280
57005 -6510 -8035 -16438
57060 -6552 -7971 -16345
57089 -6621 -7984 -16401
57148 -6586 -8013 -16466
57170 -6093 -6853 -14080
57226 -4243 -4422 -9887
57255 -2637 -2862 -7326
57315 -1955 -2628 -6718
57338 -1622 -2540 -6538
57396 -1585 -2517 -6467
57420 -1559 -2493 -6414
57476 -1542 -2472 -6386
57505 -1540 -2461 -6362
57561 -1518 -2449 -6327
57586 -1517 -2438 -6311
57643 -1508 -2435 -6296
57669 -1508 -2425 -6277
57727 -1494 -2415 -6263
57751 -1492 -2405 -6259
57806 -1486 -2408 -6245
57836 -1496 -2404 -6247
57893 -1491 -2404 -6230
57917 -1482 -2394 -6231
57976 -1485 -2394 -6214
58000 -1479 -2393 -6213
58056 -1477 -2389 -6207
58082 -1476 -2391 -6203
58139 -1473 -2384 -6196
58167 -1472 -2384 -6189
58224 -1473 -2383 -6188
58250 -1478 -2381 -6181
58287 -1468 -2381 -6177
58340 -1467 -2382 -6174
58373 -1463 -2379 -6175
58424 -1464 -2380 -6175
58458 -1458 -2373 -6162
58515 -1452 -2380 -6167
58538 -1458 -2370 -6158
58595 -1457 -2382 -6154
58621 -1455 -2376 -6153
58677 -1456 -2374 -6157
58707 -1460 -2373 -6144
58763 -1454 -2378 -6152
58787 -1457 -2367 -6143
58842 -1453 -2372 -6146
58871 -1446 -2367 -6139
58926 -1451 -2362 -6138
58953 -1453 -2366 -6142
59009 -1458 -2368 -6138
59034 -1449 -2362 -6135
59089 -1451 -2369 -6134
59120 -1448 -2366 -6131
59176 -1451 -2412 -6563
59202 -1683 -2543 -6848
59259 -2514 -3454 -9811
59286 -4513 -5133 -12407
59343 -5369 -7036 -14840
59368 -4860 -6773 -14938
59423 -5050 -7035 -14799
59453 -5857 -7356 -15279
59508 -6114 -7359 -15651
59535 -5715 -7001 -15377
59593 -5558 -7078 -15390
59618 -5494 -7172 -15493
59674 -5919 -7291 -15397
59700 -5909 -7274 -15203
59755 -5588 -7219 -15299
59784 -5356 -7084 -15355
59837 -5992 -7802 -16355
59867 -6550 -7957 -16386
59923 -6567 -8267 -16929
59950 -6573 -8729 -17187
60005 -6562 -9278 -17735
60034 -6836 -9549 -18007
60090 -7219 -9574 -17895
60125 -7402 -9784 -18218
60156 -7142 -9539 -18073
60212 -7095 -9649 -18125
60239 -7300 -9850 -18147
60296 -7292 -9875 -18183
60321 -7315 -9884 -18076
60379 -7124 -9771 -18133
60405 -7410 -10248 -18603
60463 -7591 -10096 -18441
60488 -7688 -10279 -18633
60544 -7553 -10160 -18389
60571 -7319 -10120 -18466
60624 -7527 -10513 -18664
60655 -7573 -10345 -18622
60711 -7720 -10520 -18795
60738 -7676 -10341 -18623
60791 -7649 -10469 -18875
60821 -7665 -10424 -18655
60878 -7701 -10547 -18790
60904 -7688 -10580 -18790
60960 -7639 -10505 -18713
60986 -7669 -10583 -18907
61042 -7755 -10520 -18787
61070 -7836 -10586 -18912
61124 -7160 -8768 -15839
61151 -4888 -5311 -11233
61206 -3035 -3165 -7385
61236 -2158 -2720 -6862
61296 -1630 -2618 -6606
61333 -1597 -2555 -6513
61360 -1576 -2527 -6457
61413 -1560 -2494 -6417
61442 -1541 -2487 -6389
61496 -1528 -2471 -6363
61528 -1523 -2454 -6348
61582 -1517 -2452 -6319
61609 -1504 -2445 -6320
61667 -1514 -2448 -6305
61692 -1517 -2443 -6300
61748 -1497 -2434 -6276
61773 -1491 -2422 -6257
61831 -1487 -2418 -6248
61857 -1482 -2417 -6242
61915 -1484 -2409 -6236
61940 -1479 -2411 -6226
61997 -1482 -2409 -6219
62023 -1472 -2400 -6210
62078 -1474 -2404 -6208
62107 -1473 -2399 -6203
62163 -1476 -2394 -6193
62188 -1477 -2392 -6184
62244 -1471 -2398 -6187
62271 -1468 -2391 -6184
62328 -1463 -2388 -6181
62356 -1469 -2380 -6178
62413 -1466 -2391 -6176
62438 -1465 -2386 -6173
62496 -1466 -2385 -6164
62522 -1465 -2391 -6163
62577 -1460 -2387 -6165
62603 -1462 -2379 -6161
62658 -1460 -2379 -6159
62686 -1461 -2379 -6146
62741 -1463 -2379 -6148
62771 -1462 -2379 -6149
62829 -1457 -2373 -6146
62853 -1462 -2377 -6151
62908 -1452 -2379 -6153
62936 -1450 -2368 -6142
62993 -1457 -2377 -6139
63020 -1464 -2373 -6139
63058 -1451 -2374 -6129
63108 -1459 -2496 -6631
63158 -1737 -2627 -6875
63184 -2781 -3791 -10367
63244 -4761 -5649 -13175
63277 -5442 -7464 -15464
63310 -5381 -8295 -16670
63367 -5590 -8474 -16501
63392 -6562 -8842 -16744
63445 -6748 -8921 -17170
63474 -6298 -8498 -16949
63530 -6087 -8459 -16812
63557 -6297 -8876 -17273
63611 -6662 -8903 -17003
63639 -6606 -9031 -17155
63692 -6384 -9058 -17187
63723 -6320 -9349 -17759
63779 -7075 -10188 -18556
63805 -7512 -10125 -18444
63860 -7724 -10990 -19502
63888 -7724 -11652 -19630
63945 -7622 -12127 -20109
63971 -7951 -12556 -20401
64028 -8413 -12679 -20454
64055 -8582 -12837 -20814
64110 -8338 -12539 -20555
64139 -8224 -12678 -20736
64195 -8453 -12922 -20772
64221 -8505 -12929 -20647
64276 -8466 -13072 -20765
64304 -8163 -12758 -20629
64359 -8303 -12968 -20942
64388 -8933 -13568 -21325
64443 -8863 -13403 -21280
64471 -8827 -13645 -21349
64528 -8477 -13365 -21063
64553 -8606 -13691 -21381
64609 -8776 -13722 -21335
64636 -8881 -13702 -21402
64692 -8755 -13581 -21481
64718 -8763 -13623 -21421
64774 -8869 -13756 -21531
64804 -9019 -14107 -21679
64860 -8865 -13964 -21521
64886 -8863 -14227 -21829
64940 -8936 -14241 -21851
64970 -9062 -14138 -21853
65024 -9267 -14413 -22048
65053 -8703 -12632 -19350
65106 -6167 -7782 -15138
65137 -4134 -4443 -9124
65193 -2479 -3026 -7351
65217 -1915 -2763 -6757
65273 -1605 -2607 -6598
65299 -1584 -2573 -6512
65356 -1561 -2549 -6471
65383 -1547 -2520 -6434
65439 -1540 -2502 -6415
65467 -1531 -2491 -6374
65522 -1522 -2469 -6366
65550 -1518 -2466 -6359
65607 -1528 -2488 -6379
65633 -1548 -2475 -6340
65689 -1511 -2451 -6308
65716 -1496 -2435 -6282
65770 -1495 -2439 -6270
65797 -1491 -2435 -6262
65851 -1486 -2432 -6250
65882 -1486 -2427 -6240
65937 -1478 -2418 -6231
65965 -1483 -2421 -6234
66019 -1484 -2419 -6220
66048 -1484 -2411 -6220
66104 -1480 -2415 -6211
66128 -1483 -2406 -6209
66186 -1476 -2402 -6194
66214 -1469 -2408 -6192
66270 -1469 -2399 -6194
66295 -1465 -2405 -6194
66349 -1468 -2403 -6186
66380 -1471 -2402 -6185
66436 -1465 -2392 -6173
66463 -1462 -2390 -6178
66522 -1463 -2392 -6172
66557 -1466 -2392 -6164
66585 -1467 -2379 -6173
66642 -1461 -2391 -6157
66668 -1465 -2389 -6165
66725 -1461 -2390 -6167
66751 -1453 -2385 -6160
66808 -1463 -2388 -6159
66833 -1460 -2391 -6155
66889 -1456 -2384 -6154
66917 -1462 -2380 -6155
66973 -1458 -2376 -6148
66999 -1457 -2378 -6149
67055 -1462 -2374 -6374
67083 -1679 -2491 -6742
67139 -2237 -2828 -8531
67165 -4503 -5458 -12666
67223 -5495 -7184 -15264
67250 -5575 -8981 -17779
67308 -6292 -10012 -17730
67332 -7111 -10398 -18203
67386 -7527 -10704 -18854
67415 -7320 -10092 -18408
67474 -6988 -10191 -18692
67498 -7122 -10558 -18960
67554 -7460 -10422 -18553
67580 -7655 -10944 -18926
67638 -7421 -11262 -19376
67664 -7364 -11593 -19787
67720 -8108 -12833 -20903
67750 -8849 -13134 -20960
67807 -9024 -13484 -21508
67831 -9213 -14431 -21812
67887 -9066 -15397 -22703
67912 -9468 -16127 -23033
67970 -9826 -16160 -23021
67997 -10243 -16845 -23804
68052 -10036 -16328 -23481
68079 -9951 -16567 -23778
68133 -10239 -16898 -23807
68162 -10133 -16662 -23477
68219 -10220 -17237 -23907
68245 -9848 -16698 -23498
68301 -9988 -16982 -24011
68329 -10687 -17811 -24441
68385 -10730 -17401 -24231
68413 -10694 -17800 -24468
68468 -10304 -17534 -24244
68494 -10392 -17973 -24583
68550 -10754 -18173 -24454
68577 -10669 -18012 -24608
68634 -10712 -18163 -24802
68662 -10558 -17831 -24558
68720 -10768 -18286 -24927
68744 -10896 -18311 -24708
68801 -10770 -18218 -24660
68829 -10560 -18322 -24796
68885 -10566 -18109 -24615
68910 -10841 -18396 -25024
68964 -11117 -18456 -24924
68994 -10264 -15905 -21884
69051 -7494 -10147 -17233
69077 -5275 -5681 -10893
69132 -2815 -3090 -7552
69160 -2226 -2809 -7002
69216 -1639 -2670 -6671
69245 -1604 -2593 -6560
69302 -1578 -2562 -6505
69338 -1559 -2539 -6464
69365 -1565 -2530 -6476
69421 -1539 -2503 -6411
69449 -1531 -2488 -6377
69506 -1523 -2487 -6377
69532 -1532 -2498 -6397
69589 -1559 -2502 -6358
69617 -1512 -2467 -6313
69673 -1504 -2453 -6300
69699 -1497 -2452 -6284
69757 -1494 -2443 -6275
69782 -1492 -2433 -6264
69838 -1487 -2440 -6259
69863 -1485 -2436 -6246
69918 -1476 -2440 -6237
69950 -1488 -2422 -6233
70005 -1478 -2423 -6232
70030 -1478 -2423 -6216
70086 -1481 -2419 -6221
70114 -1477 -2421 -6204
70171 -1471 -2416 -6205
70197 -1475 -2404 -6207
70255 -1468 -2409 -6199
70279 -1471 -2405 -6190
70336 -1466 -2407 -6192
70362 -1473 -2408 -6189
70417 -1463 -2399 -6187
70446 -1462 -2402 -6179
70502 -1471 -2405 -6176
70528 -1457 -2402 -6173
70586 -1462 -2397 -6177
70610 -1459 -2396 -6169
70667 -1468 -2387 -6177
70693 -1459 -2393 -6164
70750 -1463 -2387 -6162
70776 -1454 -2384 -6162
70831 -1461 -2378 -6161
70859 -1461 -2385 -6167
70916 -1461 -2389 -6155
70942 -1460 -2392 -6158
70999 -1457 -2387 -6154
71025 -1456 -2375 -6163
71081 -1691 -2451 -6329
71109 -1983 -2541 -6792
71166 -3750 -4940 -11720
71190 -5019 -6469 -14762
71244 -5775 -9046 -18104
71275 -7219 -12670 -19980
71332 -7166 -12922 -20870
71356 -8063 -13340 -21126
71414 -8695 -13302 -20966
71440 -8473 -13493 -21850
71494 -8017 -12872 -21159
71522 -8094 -13222 -21366
71580 -8538 -13703 -21366
71607 -8543 -13799 -21452
71663 -8392 -14118 -22085
71688 -8625 -14895 -22582
71743 -9131 -15800 -23706
71771 -10134 -16840 -24133
71826 -10370 -17202 -24292
71856 -10141 -18327 -25222
71912 -10227 -19333 -25744
71939 -10768 -20030 -26055
71995 -11383 -20679 -26525
72021 -11469 -20641 -26789
72080 -11543 -20833 -26940
72107 -11448 -21157 -27063
72163 -11554 -21419 -27157
72187 -11739 -21469 -26928
72246 -11692 -21691 -27148
72272 -11553 -21463 -27101
72332 -11551 -21424 -27319
72370 -11996 -21847 -27553
72396 -12137 -21744 -27400
72451 -11980 -22199 -27943
72479 -11953 -22520 -27651
72537 -11838 -22840 -28121
72561 -12239 -23089 -28156
72617 -12463 -22824 -27986
72646 -12572 -23360 -28521
72704 -12202 -22654 -27951
72728 -12324 -23221 -28479
72784 -12502 -23406 -28291
72810 -12459 -23279 -28235
72865 -12455 -23556 -28509
72894 -12286 -23106 -28212
72953 -12505 -23506 -28666
72980 -12576 -22455 -26710
73035 -9255 -14533 -21165
73059 -6788 -8362 -15015
73115 -3901 -4109 -8599
73144 -2553 -3055 -7330
73200 -1868 -2774 -6767
73226 -1614 -2642 -6632
73282 -1586 -2599 -6557
73311 -1564 -2564 -6508
73368 -1563 -2551 -6486
73393 -1561 -2531 -6480
73449 -1534 -2510 -6410
73475 -1521 -2504 -6395
73531 -1521 -2504 -6415
73559 -1530 -2493 -6362
73614 -1519 -2477 -6341
73643 -1507 -2470 -6318
73701 -1498 -2463 -6298
73725 -1501 -2458 -6286
73781 -1487 -2457 -6277
73806 -1492 -2450 -6269
73862 -1488 -2443 -6261
73891 -1484 -2443 -6255
73946 -1491 -2437 -6241
73972 -1484 -2439 -6238
74025 -1482 -2427 -6232
74056 -1476 -2427 -6232
74109 -1478 -2431 -6218
74138 -1474 -2424 -6217
74195 -1473 -2422 -6208
74220 -1474 -2417 -6208
74277 -1471 -2421 -6203
74304 -1473 -2417 -6197
74362 -1474 -2414 -6193
74387 -1476 -2412 -6192
74445 -1474 -2412 -6188
74471 -1468 -2405 -6194
74526 -1467 -2402 -6179
74552 -1467 -2403 -6180
74608 -1468 -2404 -6176
74636 -1463 -2404 -6173
74692 -1467 -2405 -6176
74718 -1463 -2398 -6167
74772 -1462 -2397 -6168
74802 -1469 -2394 -6166
74858 -1458 -2393 -6169
74885 -1461 -2392 -6161
74943 -1450 -2399 -6157
74968 -1455 -2394 -6156
75026 -1454 -2389 -6151
75051 -1459 -2385 -6153
75108 -1453 -2397 -6151
75135 -1457 -2395 -6296
75190 -1455 -2380 -6165
75215 -1455 -2383 -6159
75274 -1450 -2381 -6176
75300 -1447 -2374 -6152
75356 -1451 -2380 -6158
75380 -1460 -2376 -6158
75436 -1452 -2373 -6157
75465 -1450 -2375 -6156
75519 -1448 -2373 -6146
75548 -1450 -2378 -6149
75603 -1446 -2368 -6149
75632 -1449 -2377 -6149
75687 -1445 -2373 -6156
75714 -1450 -2372 -6141
75773 -1444 -2370 -6157
75797 -1449 -2382 -6150
75854 -1452 -2373 -6145
75880 -1457 -2367 -6142
75937 -1450 -2369 -6144
75962 -1445 -2372 -6143
76016 -1446 -2361 -6146
76046 -1452 -2366 -6143
76101 -1443 -2362 -6136
76128 -1448 -2365 -6139
76183 -1442 -2367 -6140
76211 -1447 -2366 -6136
76267 -1456 -2365 -6138
76296 -1450 -2368 -6138
76350 -1449 -2366 -6136
76376 -1439 -2364 -6149
76432 -1440 -2362 -6135
76461 -1448 -2360 -6137
76515 -1441 -2358 -6137
76542 -1451 -2364 -6132
76597 -1439 -2362 -6139
76625 -1435 -2362 -6137
76682 -1441 -2359 -6134
76708 -1444 -2357 -6126
76764 -1442 -2354 -6131
76790 -1449 -2364 -6122
76845 -1446 -2357 -6137
76876 -1438 -2361 -6122
76932 -1440 -2355 -6127
76955 -1442 -2359 -6127
77012 -1449 -2358 -6132
77039 -1436 -2362 -6126
77093 -1441 -2360 -6111
77121 -1446 -2365 -6111
77177 -1442 -2358 -6110
77206 -1437 -2359 -6105
77262 -1438 -2363 -6113
77289 -1446 -2356 -6104
77344 -1445 -2350 -6103
77372 -1441 -2362 -6107
77429 -1439 -2362 -6103
77455 -1439 -2351 -6105
77511 -1442 -2356 -6105
77538 -1445 -2356 -6107
77595 -1437 -2349 -6100
77619 -1438 -2355 -6102
77675 -1445 -2351 -6102
77704 -1438 -2353 -6106
77761 -1437 -2359 -6106
77786 -1436 -2357 -6106
77843 -1442 -2345 -6102
77868 -1439 -2357 -6103
77922 -1443 -2354 -6100
77953 -1439 -2347 -6093
78010 -1440 -2354 -6099
78033 -1431 -2343 -6106
78087 -1440 -2353 -6092
78118 -1436 -2347 -6103
78172 -1440 -2347 -6096
78200 -1431 -2354 -6095
78257 -1439 -2355 -6096
78283 -1443 -2348 -6099
78341 -1440 -2342 -6100
78366 -1440 -2364 -6096
78421 -1437 -2345 -6095
78449 -1439 -2344 -6097
78505 -1436 -2350 -6096
78531 -1440 -2338 -6095
78586 -1435 -2347 -6097
78613 -1438 -2349 -6090
78672 -1438 -2339 -6094
78698 -1439 -2344 -6094
78753 -1436 -2350 -6092
78779 -1439 -2351 -6089
78837 -1438 -2355 -6097
78864 -1438 -2348 -6093
78919 -1441 -2343 -6089
78949 -1433 -2344 -6092
79004 -1437 -2344 -6094
79031 -1437 -2336 -6097
79088 -1583 -2370 -6176
79124 -1473 -2403 -6211
79153 -1477 -2421 -6191
79209 -1479 -2409 -6278
79236 -1451 -2380 -6207
79295 -1457 -2408 -6241
79321 -1462 -2390 -6267
79376 -1478 -2402 -6200
79402 -1462 -2395 -6237
79460 -1456 -2392 -6260
79484 -1453 -2389 -6201
79539 -1464 -2408 -6265
79569 -1476 -2387 -6223
79626 -1460 -2393 -6214
79652 -1458 -2401 -6253
79710 -1452 -2379 -6208
79733 -1464 -2412 -6252
79790 -1464 -2380 -6214
79817 -1459 -2409 -6226
79876 -1456 -2385 -6245
79899 -1457 -2384 -6211
79957 -1466 -2407 -6249
79984 -1457 -2374 -6212
80023 -1461 -2404 -6230
80072 -1453 -2385 -6230
80122 -1453 -2391 -6220
80147 -1464 -2394 -6238
80204 -1454 -2383 -6224
80232 -1458 -2390 -6236
80289 -1468 -2393 -6233
80314 -1458 -2399 -6221
80370 -1468 -2387 -6242
80397 -1461 -2388 -6214
80453 -1459 -2394 -6242
80481 -1471 -2386 -6240
80537 -1456 -2400 -6213
80563 -1467 -2385 -6251
80619 -1452 -2387 -6202
80646 -1466 -2410 -6249
80703 -1474 -2380 -6220
80729 -1458 -2397 -6215
80787 -1466 -2388 -6243
80813 -1456 -2380 -6206
80869 -1467 -2413 -6249
80896 -1475 -2370 -6205
80951 -1464 -2415 -6228
80979 -1461 -2380 -6222
81037 -1436 -2347 -6108
81060 -1440 -2362 -6097
81115 -1436 -2346 -6101
81143 -1435 -2336 -6100
81200 -1433 -2340 -6094
81226 -1434 -2337 -6093
81283 -1441 -2335 -6093
81308 -1443 -2334 -6093
81366 -1428 -2339 -6089
81391 -1436 -2336 -6088
81448 -1438 -2335 -6085
81477 -1431 -2340 -6084
81532 -1436 -2338 -6085
81558 -1431 -2340 -6096
81611 -1430 -2336 -6086
81639 -1428 -2334 -6085
81694 -1435 -2336 -6092
81725 -1436 -2340 -6089
81781 -1435 -2334 -6089
81807 -1436 -2331 -6088
81863 -1437 -2326 -6081
81889 -1435 -2334 -6075
81943 -1436 -2336 -6088
81973 -1434 -2335 -6081
82027 -1441 -2334 -6090
82054 -1435 -2334 -6086
82112 -1435 -2332 -6083
82138 -1437 -2342 -6083
82193 -1431 -2339 -6087
82222 -1431 -2332 -6078
82279 -1440 -2336 -6084
82304 -1440 -2336 -6079
82359 -1432 -2331 -6083
82387 -1429 -2334 -6085
82441 -1433 -2331 -6082
82470 -1436 -2329 -6084
82526 -1431 -2335 -6082
82553 -1428 -2327 -6076
82609 -1437 -2327 -6080
82635 -1437 -2337 -6081
82689 -1434 -2333 -6083
82719 -1428 -2338 -6083
82774 -1429 -2334 -6085
82801 -1438 -2335 -6078
82857 -1427 -2332 -6076
82883 -1434 -2327 -6083
82940 -1430 -2329 -6078
82968 -1434 -2332 -6082
83022 -1690 -2437 -6259
83051 -1612 -2350 -6265
83106 -1566 -2476 -6293
83135 -1555 -2418 -6382
83191 -1567 -2389 -6325
83215 -1509 -2438 -6304
83276 -1505 -2393 -6372
83298 -1568 -2428 -6293
83354 -1541 -2438 -6342
83381 -1528 -2414 -6347
83438 -1515 -2404 -6291
83463 -1508 -2435 -6356
83518 -1572 -2392 -6319
83549 -1543 -2431 -6286
83603 -1524 -2420 -6348
83633 -1509 -2381 -6292
83688 -1513 -2456 -6343
83716 -1572 -2374 -6327
83771 -1541 -2442 -6290
83799 -1532 -2398 -6346
83856 -1505 -2394 -6299
83880 -1530 -2449 -6338
83935 -1544 -2376 -6313
83963 -1537 -2446 -6325
84020 -1532 -2386 -6327
84056 -1510 -2425 -6306
84086 -1547 -2425 -6347
84143 -1545 -2391 -6299
84171 -1545 -2438 -6332
84226 -1529 -2387 -6310
84252 -1514 -2442 -6326
84308 -1542 -2407 -6353
84335 -1543 -2416 -6296
84390 -1532 -2428 -6346
84418 -1525 -2394 -6301
84473 -1514 -2438 -6323
84502 -1542 -2400 -6345
84557 -1542 -2425 -6291
84583 -1526 -2410 -6344
84639 -1509 -2394 -6299
84665 -1522 -2432 -6330
84722 -1548 -2403 -6332
84750 -1540 -2430 -6298
84805 -1527 -2408 -6336
84831 -1510 -2402 -6286
84888 -1532 -2434 -6351
84917 -1556 -2399 -6314
84972 -1428 -2345 -6129
84998 -1448 -2350 -6106
85056 -1449 -2345 -6100
85083 -1436 -2332 -6091
85139 -1436 -2336 -6098
85164 -1432 -2331 -6096
85221 -1435 -2339 -6087
85246 -1435 -2337 -6086
85303 -1434 -2334 -6085
85329 -1438 -2334 -6082
85388 -1428 -2332 -6083
85413 -1436 -2329 -6083
85470 -1428 -2337 -6084
85497 -1433 -2324 -6081
85553 -1437 -2339 -6080
85579 -1427 -2330 -6082
85635 -1425 -2328 -6082
85663 -1438 -2329 -6087
85717 -1436 -2333 -6078
85745 -1428 -2328 -6080
85804 -1429 -2330 -6086
85827 -1437 -2326 -6079
85883 -1424 -2334 -6079
85911 -1428 -2327 -6082
85968 -1433 -2329 -6083
85992 -1430 -2326 -6079
86050 -1429 -2327 -6076
86076 -1428 -2331 -6078
86133 -1432 -2323 -6078
86160 -1426 -2328 -6079
86216 -1429 -2331 -6074
86242 -1432 -2333 -6072
86300 -1435 -2327 -6083
86324 -1434 -2329 -6076
86380 -1432 -2326 -6072
86408 -1423 -2329 -6076
86466 -1421 -2331 -6073
86490 -1431 -2327 -6068
86544 -1435 -2327 -6076
86572 -1428 -2325 -6074
86628 -1423 -2325 -6068
86659 -1421 -2329 -6075
86714 -1430 -2329 -6069
86740 -1429 -2327 -6078
86796 -1433 -2323 -6071
86822 -1434 -2325 -6077
86876 -1431 -2326 -6070
86905 -1428 -2326 -6083
86960 -1762 -2450 -6309
86987 -1825 -2362 -6420
87044 -1696 -2470 -6362
87070 -1703 -2470 -6490
87127 -1778 -2394 -6428
87154 -1689 -2498 -6402
87210 -1721 -2426 -6506
87235 -1719 -2405 -6398
87294 -1681 -2529 -6445
87319 -1725 -2366 -6449
87358 -1701 -2490 -6350
87407 -1704 -2432 -6456
87459 -1710 -2414 -6399
87486 -1699 -2486 -6428
87543 -1703 -2413 -6446
87567 -1713 -2461 -6382
87622 -1701 -2454 -6439
87651 -1705 -2432 -6399
87707 -1694 -2457 -6393
87735 -1714 -2453 -6442
87791 -1709 -2444 -6396
87816 -1696 -2449 -6434
87871 -1717 -2443 -6407
87898 -1695 -2439 -6404
87954 -1710 -2458 -6430
87984 -1710 -2433 -6397
88040 -1700 -2464 -6430
88065 -1710 -2437 -6429
88119 -1702 -2452 -6397
88148 -1708 -2450 -6437
88203 -1704 -2445 -6396
88232 -1716 -2464 -6426
88287 -1702 -2435 -6404
88313 -1704 -2441 -6401
88368 -1717 -2433 -6438
88397 -1715 -2449 -6406
88451 -1708 -2451 -6427
88479 -1701 -2442 -6396
88536 -1701 -2445 -6417
88562 -1712 -2443 -6420
88618 -1716 -2456 -6415
88647 -1717 -2447 -6425
88704 -1698 -2444 -6403
88727 -1706 -2443 -6419
88784 -1702 -2440 -6407
88813 -1715 -2443 -6428
88867 -1718 -2443 -6399
88894 -1515 -2339 -6155
88949 -1458 -2353 -6108
88977 -1451 -2355 -6102
89035 -1451 -2342 -6103
89060 -1450 -2335 -6093
89116 -1446 -2338 -6101
89144 -1439 -2328 -6086
89200 -1441 -2334 -6088
89226 -1443 -2341 -6092
89282 -1437 -2335 -6083
89308 -1441 -2328 -6088
89364 -1438 -2335 -6087
89392 -1437 -2341 -6085
89448 -1432 -2332 -6079
89475 -1441 -2331 -6080
89532 -1437 -2330 -6083
89558 -1432 -2332 -6089
89614 -1433 -2332 -6074
89642 -1428 -2331 -6082
89699 -1439 -2327 -6077
89725 -1434 -2328 -6075
89781 -1429 -2333 -6081
89808 -1434 -2335 -6076
89862 -1437 -2324 -6077
89889 -1425 -2333 -6072
89946 -1432 -2322 -6075
89972 -1436 -2325 -6079
90028 -1427 -2327 -6080
90058 -1430 -2330 -6075
90114 -1428 -2326 -6088
90139 -1423 -2320 -6080
90195 -1429 -2322 -6078
90220 -1424 -2325 -6077
90275 -1428 -2319 -6075
90303 -1427 -2326 -6076
90359 -1428 -2324 -6074
90386 -1433 -2321 -6077
90442 -1427 -2319 -6067
90469 -1428 -2333 -6074
90526 -1426 -2325 -6078
90552 -1433 -2322 -6071
90609 -1433 -2327 -6072
90634 -1426 -2331 -6069
90690 -1424 -2322 -6075
90717 -1431 -2329 -6068
90772 -1419 -2323 -6073
90800 -1423 -2328 -6073
90856 -1422 -2319 -6074
90883 -1431 -2317 -6169
90940 -1750 -2411 -6535
90966 -1773 -2367 -6582
91022 -1718 -2544 -6484
91050 -1800 -2446 -6567
91107 -1767 -2441 -6459
91133 -1726 -2526 -6507
91187 -1731 -2388 -6519
91215 -1733 -2502 -6416
91273 -1764 -2442 -6527
91296 -1743 -2443 -6453
91353 -1719 -2504 -6487
91380 -1723 -2408 -6491
91435 -1731 -2502 -6450
91464 -1760 -2435 -6505
91521 -1746 -2471 -6447
91545 -1724 -2455 -6493
91601 -1722 -2447 -6464
91629 -1741 -2488 -6490
91683 -1762 -2440 -6490
91713 -1733 -2479 -6451
91767 -1730 -2442 -6494
91795 -1726 -2456 -6460
91852 -1749 -2472 -6498
91878 -1750 -2445 -6473
91937 -1739 -2469 -6464
91972 -1724 -2442 -6490
92003 -1737 -2471 -6471
92060 -1743 -2459 -6494
92084 -1742 -2464 -6481
92139 -1744 -2454 -6459
92170 -1723 -2462 -6483
92226 -1741 -2459 -6478
92251 -1740 -2450 -6467
92306 -1747 -2466 -6489
92332 -1741 -2448 -6469
92389 -1736 -2468 -6483
92418 -1730 -2449 -6477
92475 -1742 -2467 -6475
92503 -1736 -2462 -6490
92560 -1731 -2450 -6465
92597 -1732 -2461 -6484
92625 -1746 -2451 -6470
92681 -1731 -2464 -6470
92707 -1750 -2454 -6490
92764 -1731 -2450 -6459
92791 -1742 -2472 -6493
92846 -1740 -2431 -6403
92873 -1454 -2348 -6145
92930 -1461 -2358 -6111
92954 -1452 -2350 -6103
93014 -1444 -2340 -6099
93039 -1451 -2338 -6096
93094 -1439 -2333 -6095
93122 -1440 -2343 -6089
93180 -1438 -2340 -6091
93204 -1436 -2339 -6091
93260 -1439 -2331 -6082
93289 -1433 -2339 -6086
93345 -1427 -2337 -6076
93369 -1435 -2330 -6073
93424 -1433 -2338 -6083
93453 -1440 -2330 -6076
93508 -1440 -2329 -6080
93537 -1435 -2334 -6079
93593 -1430 -2330 -6077
93621 -1434 -2330 -6079
93677 -1437 -2331 -6072
93702 -1430 -2330 -6074
93756 -1429 -2330 -6074
93784 -1435 -2338 -6073
93842 -1433 -2326 -6078
93868 -1430 -2334 -6082
93928 -1429 -2330 -6072
93951 -1427 -2326 -6083
94010 -1428 -2332 -6075
94034 -1423 -2328 -6075
94091 -1433 -2327 -6073
94117 -1422 -2325 -6073
94172 -1422 -2327 -6074
94201 -1424 -2324 -6077
94257 -1426 -2330 -6065
94282 -1427 -2328 -6078
94339 -1429 -2325 -6082
94365 -1427 -2321 -6072
94420 -1426 -2328 -6070
94450 -1426 -2327 -6070
94504 -1423 -2326 -6068
94530 -1426 -2324 -6075
94586 -1422 -2324 -6070
94613 -1427 -2321 -6068
94668 -1433 -2332 -6074
94697 -1429 -2322 -6078
94754 -1425 -2322 -6067
94778 -1431 -2320 -6070
94834 -1435 -2322 -6176
94862 -1794 -2422 -6665
94917 -1899 -2406 -6759
94946 -1832 -2622 -6596
95005 -1873 -2459 -6670
95028 -1818 -2490 -6574
95086 -1842 -2556 -6619
95114 -1875 -2432 -6611
95170 -1852 -2560 -6545
95194 -1841 -2451 -6619
95250 -1802 -2499 -6555
95275 -1843 -2514 -6615
95334 -1856 -2464 -6582
95359 -1848 -2533 -6596
95415 -1823 -2449 -6592
95443 -1814 -2530 -6597
95499 -1847 -2477 -6596
95527 -1849 -2510 -6578
95584 -1839 -2494 -6596
95609 -1811 -2484 -6561
95664 -1823 -2513 -6607
95691 -1847 -2464 -6583
95748 -1841 -2541 -6597
95775 -1841 -2459 -6592
95832 -1819 -2498 -6558
95858 -1829 -2499 -6615
95912 -1854 -2480 -6572
95940 -1837 -2534 -6601
95996 -1841 -2464 -6591
96022 -1817 -2520 -6561
96080 -1836 -2486 -6630
96105 -1846 -2484 -6558
96160 -1842 -2526 -6603
96189 -1836 -2452 -6588
96246 -1813 -2520 -6577
96271 -1848 -2478 -6626
96326 -1841 -2501 -6554
96354 -1830 -2521 -6614
96412 -1840 -2455 -6575
96437 -1822 -2530 -6585
96491 -1857 -2477 -6628
96522 -1845 -2507 -6549
96578 -1837 -2501 -6610
96605 -1838 -2466 -6575
96661 -1836 -2524 -6597
96685 -1862 -2465 -6609
96743 -1844 -2508 -6554
96769 -1829 -2466 -6506
96827 -1481 -2349 -6175
96852 -1475 -2345 -6129
96908 -1461 -2355 -6116
96935 -1453 -2339 -6103
96991 -1452 -2332 -6096
97019 -1454 -2339 -6110
97074 -1442 -2336 -6093
97100 -1441 -2331 -6099
97156 -1445 -2330 -6088
97186 -1435 -2333 -6084
97242 -1442 -2327 -6089
97267 -1438 -2333 -6095
97324 -1439 -2329 -6084
97348 -1437 -2334 -6079
97406 -1435 -2330 -6077
97432 -1433 -2322 -6079
97490 -1432 -2331 -6077
97515 -1431 -2323 -6081
97571 -1429 -2327 -6076
97599 -1433 -2325 -6081
