13 1041 631 -6920
27 1049 630 -6928
27 1038 634 -6923
39 1045 634 -6924
41 1050 634 -6920
50 1045 634 -6926
55 1041 629 -6926
63 1041 633 -6923
68 1046 636 -6918
74 1044 638 -6923
80 1043 636 -6926
85 1048 637 -6928
90 1044 636 -6928
96 1044 628 -6923
99 1047 630 -6925
105 1039 630 -6924
113 1045 630 -6924
117 1039 630 -6916
123 1050 629 -6928
128 1045 626 -6922
133 1043 630 -6924
138 1046 631 -6922
143 1037 626 -6927
148 1048 634 -6924
152 1046 631 -6920
157 1047 626 -6924
161 1039 626 -6926
165 1037 632 -6923
169 1044 631 -6924
173 1042 636 -6924
178 1041 629 -6930
182 1047 630 -6923
191 1045 636 -6931
195 1046 632 -6928
199 1040 634 -6924
202 1040 629 -6921
206 1043 632 -6923
210 1042 628 -6926
214 1041 636 -6922
218 1044 622 -6921
223 1038 635 -6924
227 1045 629 -6919
231 1050 630 -6927
236 1047 633 -6929
264 1042 632 -6923
290 1038 631 -6923
351 1046 632 -6932
373 1037 630 -6920
414 1040 635 -6919
466 1044 634 -6920
514 1041 631 -6918
551 1040 630 -6921
583 1040 635 -6921
633 1040 636 -6924
665 1041 631 -6926
708 1045 631 -6922
756 1040 635 -6921
785 1037 630 -6925
833 1039 631 -6922
882 1041 630 -6921
915 1039 634 -6931
950 1015 739 -6910
999 1015 708 -6907
1049 1097 719 -6898
1074 1084 701 -6922
1131 1086 701 -6923
1156 1006 705 -6925
1215 1012 728 -6908
1239 1014 734 -6910
1282 1104 720 -6901
1333 1100 694 -6926
1383 1090 700 -6920
1417 1002 706 -6930
1447 1001 698 -6911
1495 1011 732 -6903
1545 1090 717 -6905
1569 1101 722 -6914
1612 1084 700 -6925
1662 1021 711 -6929
1712 1003 712 -6935
1736 1014 731 -6906
1798 1009 713 -6909
1831 1105 722 -6902
1859 1091 700 -6924
1917 1095 682 -6935
1940 1002 706 -6932
1981 1010 736 -6916
2033 1018 733 -6915
2082 1101 718 -6907
2107 1093 700 -6924
2165 1089 701 -6925
2188 1000 713 -6927
2252 996 699 -6912
2272 1023 732 -6913
2336 1097 725 -6903
2355 1092 694 -6922
2411 1084 699 -6925
2438 1006 708 -6928
2494 1000 706 -6928
2523 1008 730 -6911
2576 1048 711 -6902
2606 1095 717 -6902
2659 1089 698 -6922
2684 1085 689 -6927
2730 1002 715 -6932
2782 1011 726 -6913
2809 1013 724 -6903
2852 1091 711 -6899
2901 1086 691 -6922
2951 1089 697 -6921
2975 995 706 -6927
3037 999 729 -6905
3069 1011 731 -6906
3099 1098 722 -6900
3149 1097 684 -6921
3198 1086 694 -6927
3222 1002 703 -6931
3284 995 705 -6916
3315 1012 728 -6916
3364 1081 712 -6907
3389 1100 719 -6914
3433 1084 701 -6929
3483 1061 706 -6934
3512 998 704 -6934
3561 1005 723 -6914
3611 1008 708 -6904
3638 1095 711 -6899
3683 1094 692 -6926
3731 1082 699 -6929
3779 998 708 -6935
3816 998 721 -6915
3844 1010 723 -6915
3894 1098 707 -6903
3943 1091 686 -6925
3967 1084 692 -6932
4026 999 704 -6925
4051 994 696 -6919
4111 1002 725 -6913
4135 1099 713 -6902
4196 1095 714 -6920
4215 1083 685 -6920
4275 1012 697 -6930
4299 995 704 -6929
4346 1002 729 -6915
4395 1015 696 -6900
4423 1089 709 -6904
4465 1085 688 -6921
4515 1086 678 -6926
4563 995 698 -6939
4589 1001 715 -6910
4631 1009 723 -6907
4681 1090 705 -6905
4729 1092 691 -6924
4755 1081 693 -6928
4814 996 696 -6930
4847 989 700 -6920
4897 1007 722 -6917
4919 1088 707 -6895
4979 1093 689 -6929
5001 1082 691 -6926
5061 1002 697 -6937
5084 997 697 -6926
5128 1002 718 -6912
5181 1044 702 -6903
5209 1103 703 -6900
5259 1088 686 -6927
5307 1081 673 -6938
5340 995 696 -6934
5375 1009 717 -6919
5424 1010 707 -6904
5472 1099 709 -6908
5498 1084 691 -6925
5540 1086 689 -6927
5590 1001 704 -6936
5638 993 717 -6913
5664 1011 724 -6912
5706 1095 704 -6901
5756 1088 673 -6926
5804 1090 683 -6926
5827 1002 700 -6930
5882 997 698 -6920
5912 1005 725 -6918
5951 1083 696 -6909
6004 1098 709 -6911
6050 1085 690 -6926
6078 1060 688 -6937
6119 1003 698 -6934
6168 1013 717 -6921
6216 1013 691 -6903
6253 1105 700 -6900
6289 1090 690 -6924
6338 1081 686 -6931
6367 1000 701 -6928
6415 999 713 -6916
6464 1016 722 -6909
6490 1099 703 -6907
6549 1090 680 -6923
6572 1095 686 -6932
6615 995 705 -6932
6665 997 686 -6912
6718 1009 713 -6913
6738 1098 710 -6907
6796 1095 702 -6919
6821 1090 685 -6928
6862 1024 693 -6938
6913 996 700 -6931
6962 1015 722 -6915
6987 1018 707 -6900
7043 1105 701 -6908
7071 1089 685 -6928
7128 1093 668 -6934
7151 1003 699 -6938
7213 1015 716 -6921
7236 1016 729 -6917
7284 1102 704 -6910
7326 1093 688 -6936
7379 1087 687 -6933
7401 1005 697 -6938
7457 1000 697 -6926
7505 1017 718 -6919
7541 1103 697 -6918
7567 1099 683 -6942
7620 1103 681 -6938
7667 1007 693 -6949
7702 1005 700 -6950
7750 1025 716 -6938
7772 1070 702 -6932
7835 1101 703 -6927
7867 1100 681 -6952
7898 1104 668 -6966
7947 1012 692 -6966
7995 1028 708 -6951
8021 1025 698 -6952
8079 1124 693 -6944
8105 1117 669 -6976
8165 1107 676 -6978
8188 1027 688 -6989
8243 1018 710 -6972
8270 1024 707 -6975
8329 1122 695 -6965
8377 1116 663 -6996
8401 1109 676 -6997
8446 1017 684 -7008
8499 1017 680 -7000
8528 1031 699 -7000
8565 1109 687 -6989
8617 1118 692 -7005
8665 1112 669 -7025
8689 1078 674 -7041
8729 1030 678 -7031
8778 1045 704 -7029
8829 1047 670 -7025
8849 1130 686 -7024
8892 1125 659 -7054
8942 1123 664 -7071
8991 1039 675 -7066
9012 1045 697 -7059
9071 1058 703 -7055
9097 1141 675 -7048
9154 1138 657 -7077
9180 1132 659 -7083
9220 1050 672 -7099
9269 1045 655 -7092
9319 1065 693 -7089
9349 1154 673 -7082
9403 1156 674 -7108
9434 1146 649 -7112
9478 1075 662 -7130
9527 1062 665 -7122
9556 1076 690 -7128
9612 1090 665 -7122
9637 1164 662 -7118
9691 1162 649 -7142
9721 1153 636 -7162
9766 1071 652 -7163
9816 1082 677 -7148
9846 1094 680 -7156
9902 1168 661 -7155
9924 1166 647 -7185
9985 1165 640 -7186
10020 1080 652 -7195
10049 1086 658 -7191
10098 1104 665 -7189
10147 1191 649 -7193
10171 1193 625 -7230
10213 1183 629 -7223
10263 1097 644 -7243
10311 1096 644 -7237
10338 1110 661 -7236
10397 1171 643 -7235
10420 1208 644 -7234
10461 1199 624 -7268
10511 1198 615 -7276
10560 1113 637 -7277
10586 1138 657 -7277
10646 1133 639 -7280
10679 1216 646 -7276
10729 1222 621 -7315
10752 1222 618 -7322
10812 1138 625 -7323
10833 1133 640 -7321
10892 1145 643 -7321
10916 1226 627 -7330
10979 1236 592 -7357
11000 1226 605 -7358
11044 1149 613 -7369
11093 1150 610 -7373
11143 1169 638 -7366
11166 1247 625 -7372
11207 1256 618 -7379
11258 1246 604 -7399
11306 1213 613 -7420
11331 1165 612 -7419
11391 1186 625 -7418
11424 1179 597 -7421
11473 1268 619 -7420
11497 1259 587 -7453
11537 1255 582 -7463
11588 1184 601 -7467
11637 1189 628 -7464
11661 1198 622 -7474
11722 1285 613 -7466
11745 1281 582 -7500
11794 1282 581 -7494
11843 1197 595 -7508
11889 1199 579 -7509
11924 1212 615 -7511
11954 1305 600 -7513
12004 1303 594 -7541
12053 1300 583 -7552
12074 1227 581 -7562
12131 1219 590 -7558
12158 1229 604 -7558
12216 1253 588 -7563
12249 1326 592 -7568
12288 1322 566 -7602
12333 1316 552 -7609
12384 1230 578 -7613
12406 1252 596 -7607
12466 1247 606 -7618
12489 1341 582 -7615
12530 1339 558 -7646
12579 1337 567 -7644
12627 1252 570 -7654
12655 1259 583 -7661
12701 1274 589 -7669
12749 1364 579 -7665
12796 1361 547 -7701
12819 1356 554 -7704
12860 1271 567 -7711
12910 1277 569 -7710
12958 1293 586 -7710
12986 1357 573 -7721
13044 1388 571 -7715
13067 1376 543 -7753
13128 1382 544 -7773
13161 1285 562 -7767
13210 1310 582 -7763
13234 1322 548 -7771
13276 1407 564 -7769
13327 1401 540 -7809
13374 1397 540 -7815
13399 1323 553 -7818
13456 1324 569 -7823
13480 1340 567 -7821
13541 1433 551 -7820
13565 1426 521 -7861
13609 1421 530 -7862
13657 1335 540 -7871
13710 1336 525 -7875
13730 1352 564 -7872
13772 1447 541 -7877
13821 1451 544 -7897
13872 1436 525 -7917
13897 1399 536 -7930
13938 1358 538 -7920
13987 1381 550 -7929
14035 1375 528 -7931
14060 1468 538 -7930
14121 1457 514 -7969
14155 1460 511 -7981
14184 1381 530 -7982
14246 1397 543 -7985
14268 1398 549 -7987
14310 1487 527 -7979
14360 1491 511 -8020
14409 1481 507 -8023
14433 1406 518 -8031
14475 1403 505 -8040
14526 1416 533 -8033
14577 1514 521 -8039
14599 1516 517 -8076
14658 1508 501 -8078
14692 1433 504 -8099
14741 1424 512 -8093
14764 1451 525 -8096
14825 1477 506 -8100
14860 1535 519 -8099
14889 1529 489 -8141
14937 1529 469 -8164
14987 1449 497 -8157
15012 1471 514 -8160
15055 1477 518 -8166
15104 1569 492 -8169
15154 1558 481 -8205
15178 1563 477 -8207
15219 1482 479 -8226
15268 1482 497 -8229
15316 1502 500 -8230
15347 1592 480 -8241
15403 1595 450 -8284
15426 1589 471 -8277
15486 1509 475 -8293
15521 1507 473 -8296
15550 1532 490 -8294
15599 1598 469 -8301
15649 1615 468 -8301
15674 1616 443 -8341
15732 1610 450 -8364
15757 1534 459 -8358
15813 1553 482 -8361
15840 1549 454 -8371
15881 1648 453 -8365
15930 1638 436 -8407
15980 1638 437 -8416
16005 1571 446 -8433
16048 1567 464 -8428
16101 1587 469 -8429
16129 1672 448 -8435
16176 1677 418 -8479
16225 1664 424 -8478
16253 1595 436 -8487
16295 1589 420 -8490
16345 1604 449 -8498
16393 1696 427 -8501
16419 1694 433 -8520
16479 1696 415 -8543
16503 1640 420 -8560
16559 1620 424 -8561
16584 1633 440 -8561
16626 1636 410 -8569
16675 1735 417 -8575
16726 1725 401 -8613
16750 1729 383 -8620
16810 1646 404 -8634
16833 1656 426 -8631
16873 1669 437 -8625
16924 1762 405 -8628
16974 1759 386 -8667
16997 1754 386 -8670
17046 1674 394 -8691
17094 1666 384 -8695
17122 1693 406 -8695
17186 1790 390 -8706
17213 1789 383 -8738
17248 1780 376 -8747
17299 1712 376 -8765
17347 1709 382 -8764
17371 1722 394 -8760
17426 1751 372 -8781
17454 1815 371 -8775
17501 1812 357 -8814
17552 1814 338 -8832
17575 1734 372 -8837
17630 1749 385 -8826
17659 1754 371 -8826
17702 1839 365 -8837
17752 1839 355 -8843
17799 1839 341 -8856
17824 1746 364 -8865
17868 1754 376 -8850
17918 1761 378 -8844
17969 1848 366 -8832
17990 1851 329 -8859
18031 1851 342 -8866
18080 1747 359 -8866
18130 1752 359 -8857
18154 1762 375 -8850
18216 1841 360 -8854
18249 1857 353 -8856
18298 1843 346 -8877
18332 1831 341 -8898
18382 1766 343 -8903
18415 1787 371 -8892
18447 1779 337 -8904
18492 1893 347 -8902
18542 1883 323 -8956
18571 1887 328 -8970
18613 1800 334 -8981
18661 1822 344 -9001
18712 1834 343 -8996
18734 1929 321 -9012
18795 1922 301 -9068
18816 1930 301 -9066
18874 1857 312 -9104
18900 1863 296 -9125
18958 1879 323 -9125
18983 1989 294 -9154
19024 1991 301 -9179
19073 2000 273 -9210
19123 1938 273 -9256
19156 1920 276 -9249
19191 1950 291 -9277
19240 1963 258 -9300
19291 2059 265 -9300
19313 2065 247 -9360
19372 2064 229 -9387
19394 1991 243 -9399
19456 2011 266 -9406
19480 2016 259 -9419
19537 2113 245 -9422
19566 2112 218 -9474
19626 2120 227 -9474
19647 2040 230 -9499
19699 2034 218 -9508
19726 2067 248 -9511
19766 2165 220 -9528
19818 2176 201 -9562
19869 2173 199 -9560
19892 2096 211 -9597
19951 2089 213 -9605
19976 2109 222 -9601
20018 2152 206 -9615
20069 2206 195 -9614
20117 2212 177 -9658
20139 2208 165 -9689
20183 2124 187 -9687
20232 2155 203 -9696
20281 2153 185 -9721
20307 2253 183 -9715
20349 2249 161 -9754
20398 2243 155 -9770
20447 2161 171 -9781
20471 2172 184 -9787
20527 2192 182 -9791
20554 2286 151 -9806
20614 2283 126 -9852
20643 2288 142 -9845
20691 2210 142 -9876
20718 2204 148 -9890
20760 2233 161 -9887
20810 2314 141 -9891
20860 2326 147 -9910
20884 2326 125 -9936
20930 2300 129 -9973
20979 2250 130 -9970
21029 2267 148 -9979
21061 2266 117 -9997
21111 2359 128 -9993
21132 2361 102 -10042
21189 2363 108 -10067
21215 2281 108 -10067
21259 2286 129 -10072
21308 2299 127 -10081
21356 2391 108 -10083
21381 2386 77 -10131
21440 2397 83 -10138
21464 2320 89 -10160
21523 2314 69 -10180
21547 2338 109 -10163
21605 2430 92 -10191
21629 2430 92 -10222
21689 2422 68 -10223
21712 2372 79 -10261
21772 2352 70 -10258
21795 2373 102 -10269
21852 2378 57 -10283
21878 2462 60 -10276
21933 2464 48 -10330
21961 2462 25 -10364
22010 2383 54 -10366
22059 2415 71 -10371
22085 2409 72 -10394
22129 2500 54 -10391
22191 2517 26 -10429
22229 2507 31 -10434
22250 2434 34 -10467
22310 2428 35 -10478
22334 2450 54 -10477
22374 2546 35 -10479
22425 2551 3 -10536
22473 2539 12 -10539
22506 2474 3 -10564
22541 2469 7 -10580
22595 2494 35 -10574
22628 2553 7 -10590
22665 2589 13 -10588
22716 2592 -13 -10638
22764 2587 -23 -10670
22790 2512 -1 -10670
22832 2542 12 -10672
22880 2538 -7 -10697
22929 2638 -1 -10699
22960 2645 -31 -10740
22995 2636 -35 -10757
23043 2562 -33 -10773
23094 2573 -10 -10783
23120 2590 -4 -10786
23175 2683 -28 -10789
23201 2682 -66 -10852
23255 2687 -53 -10840
23304 2607 -55 -10879
23339 2612 -53 -10900
23367 2642 -23 -10892
23418 2726 -45 -10912
23467 2727 -45 -10930
23490 2738 -73 -10956
23551 2696 -65 -10994
23572 2657 -72 -11002
23622 2680 -53 -11001
23672 2685 -83 -11023
23702 2782 -71 -11026
23759 2786 -99 -11071
23785 2783 -101 -11113
23839 2707 -88 -11116
23867 2726 -70 -11127
23919 2729 -70 -11134
23948 2833 -87 -11137
24005 2833 -115 -11198
24029 2835 -113 -11189
24071 2772 -104 -11225
24120 2758 -118 -11246
24169 2791 -93 -11246
24199 2883 -113 -11267
24255 2881 -121 -11316
24278 2887 -133 -11308
24338 2813 -127 -11348
24361 2822 -128 -11349
24404 2840 -109 -11361
24454 2865 -131 -11384
24503 2929 -133 -11384
24527 2942 -155 -11430
24568 2936 -176 -11467
24617 2862 -155 -11469
24666 2892 -131 -11487
24698 2894 -131 -11506
24752 2988 -146 -11506
24787 2987 -177 -11558
24836 2991 -171 -11569
24858 2913 -172 -11586
24900 2919 -160 -11610
24950 2955 -152 -11605
25001 3049 -169 -11627
25024 3040 -211 -11685
25082 3055 -199 -11689
25107 2982 -187 -11724
25151 2974 -191 -11734
25202 3002 -178 -11742
25231 3087 -191 -11756
25280 3099 -194 -11765
25331 3104 -218 -11810
25354 3076 -210 -11843
25414 3034 -210 -11850
25439 3063 -195 -11862
25480 3060 -230 -11890
25529 3166 -216 -11889
25580 3173 -238 -11938
25613 3163 -237 -11971
25647 3091 -231 -11970
25696 3112 -215 -11989
25745 3131 -223 -11995
25771 3223 -235 -12021
25812 3218 -263 -12071
25862 3224 -257 -12070
25913 3148 -252 -12105
25938 3154 -265 -12119
25989 3182 -240 -12124
26039 3283 -264 -12142
26077 3287 -265 -12197
26104 3287 -275 -12199
26156 3228 -278 -12238
26209 3211 -279 -12233
26228 3251 -260 -12252
26286 3256 -280 -12277
26319 3349 -278 -12284
26368 3350 -308 -12335
26391 3348 -316 -12369
26448 3281 -299 -12373
26473 3308 -281 -12390
26530 3312 -285 -12393
26560 3415 -303 -12415
26616 3413 -334 -12472
26638 3418 -328 -12460
26680 3353 -323 -12507
26732 3347 -323 -12504
26780 3373 -306 -12527
26806 3406 -328 -12551
26849 3474 -328 -12547
26898 3487 -355 -12604
26946 3485 -350 -12622
26971 3410 -348 -12637
27030 3417 -328 -12656
27052 3448 -334 -12648
27113 3542 -351 -12674
27136 3542 -353 -12705
27197 3542 -376 -12732
27220 3534 -383 -12772
27275 3472 -377 -12762
27302 3503 -356 -12782
27359 3510 -348 -12780
27389 3616 -378 -12809
27449 3605 -398 -12868
27470 3614 -396 -12868
27526 3565 -390 -12901
27552 3541 -400 -12903
27598 3572 -372 -12913
27647 3569 -380 -12922
27675 3667 -396 -12942
27735 3680 -416 -12996
27757 3668 -419 -12997
27816 3628 -417 -13031
27840 3605 -417 -13037
27885 3635 -399 -13047
27933 3638 -401 -13048
27983 3739 -422 -13071
28008 3736 -422 -13102
28051 3740 -445 -13132
28102 3739 -453 -13159
28149 3668 -432 -13162
28183 3672 -424 -13176
28233 3696 -428 -13173
28255 3795 -445 -13200
28316 3810 -443 -13198
28339 3810 -468 -13257
28381 3807 -466 -13263
28434 3732 -455 -13297
28483 3740 -465 -13296
28518 3764 -446 -13310
28544 3764 -456 -13328
28603 3873 -471 -13344
28629 3865 -502 -13388
28686 3873 -485 -13390
28712 3864 -491 -13428
28755 3797 -478 -13424
28805 3797 -466 -13422
28854 3827 -467 -13426
28876 3886 -484 -13439
28936 3921 -489 -13440
28960 3921 -511 -13483
29019 3913 -503 -13474
29043 3829 -488 -13475
29085 3824 -480 -13475
29134 3837 -463 -13456
29183 3836 -469 -13449
29208 3915 -478 -13449
29250 3918 -486 -13438
29299 3911 -499 -13463
29351 3904 -502 -13456
29374 3820 -482 -13467
29416 3810 -479 -13467
29465 3831 -457 -13453
29514 3839 -465 -13455
29541 3913 -483 -13451
29601 3921 -483 -13464
29632 3920 -498 -13489
29681 3919 -497 -13493
29706 3885 -500 -13508
29749 3833 -487 -13518
29799 3834 -497 -13516
29848 3861 -469 -13507
29871 3858 -508 -13524
29927 3959 -497 -13529
29954 3961 -494 -13551
30002 3961 -519 -13568
30050 3956 -517 -13561
30082 3886 -513 -13610
30128 3885 -517 -13597
30182 3909 -502 -13610
30202 3911 -488 -13605
30262 4008 -518 -13639
30285 4015 -523 -13641
30346 4011 -546 -13685
30381 4015 -532 -13683
30410 4015 -560 -13720
30458 3952 -539 -13727
30508 3939 -541 -13716
30534 3976 -528 -13744
30581 3974 -526 -13738
30638 4080 -551 -13765
30663 4088 -547 -13769
30725 4078 -573 -13832
30747 4088 -569 -13827
30803 4089 -582 -13858
30825 4017 -565 -13864
30876 4017 -567 -13866
30925 4044 -550 -13877
30948 4053 -555 -13881
31007 4107 -569 -13910
31030 4149 -581 -13908
31089 4155 -580 -13959
31126 4157 -595 -13960
31158 4165 -599 -13965
31210 4093 -597 -14000
31237 4088 -584 -13996
31295 4084 -609 -14010
31320 4116 -578 -14014
31363 4123 -578 -14010
31412 4227 -605 -14038
31461 4221 -597 -14042
31486 4221 -624 -14102
31528 4229 -620 -14099
31585 4234 -625 -14104
31626 4164 -628 -14132
31653 4155 -622 -14142
31711 4155 -613 -14149
31740 4181 -600 -14152
31794 4197 -603 -14156
31818 4294 -631 -14186
31858 4295 -625 -14189
31909 4303 -663 -14247
31958 4312 -653 -14253
31984 4315 -658 -14248
32025 4241 -653 -14289
32078 4249 -654 -14296
32122 4247 -648 -14297
32150 4273 -643 -14314
32212 4280 -642 -14314
32236 4279 -678 -14352
32291 4390 -659 -14342
32321 4390 -673 -14346
32374 4409 -696 -14405
32397 4402 -690 -14412
32439 4407 -679 -14408
32488 4336 -684 -14457
32536 4336 -684 -14452
32563 4337 -684 -14464
32620 4372 -671 -14478
32645 4370 -674 -14482
32704 4368 -710 -14509
32728 4478 -691 -14511
32788 4476 -701 -14514
32811 4475 -726 -14573
32854 4488 -716 -14565
32904 4480 -728 -14564
32954 4452 -716 -14615
32978 4423 -721 -14616
33020 4422 -726 -14612
33070 4448 -705 -14632
33119 4456 -713 -14636
33142 4454 -711 -14645
33197 4541 -726 -14670
33246 4565 -727 -14671
33268 4560 -733 -14674
33329 4569 -762 -14731
33350 4568 -753 -14731
33411 4578 -751 -14728
33434 4567 -764 -14767
33486 4505 -753 -14773
33533 4499 -756 -14772
33568 4509 -775 -14792
33617 4546 -739 -14799
33638 4540 -741 -14794
33695 4541 -745 -14808
33723 4650 -764 -14823
33772 4650 -771 -14827
33820 4650 -765 -14828
33846 4666 -797 -14892
33887 4675 -794 -14889
33938 4670 -786 -14901
33989 4659 -811 -14941
34011 4600 -795 -14938
34071 4601 -797 -14945
34094 4597 -792 -14951
34155 4642 -784 -14971
34177 4639 -785 -14957
34237 4636 -785 -14976
34271 4703 -815 -15004
34321 4753 -808 -15012
34344 4768 -815 -14998
34401 4756 -812 -15000
34427 4778 -836 -15070
34487 4777 -842 -15058
34521 4775 -834 -15063
34568 4774 -857 -15114
34592 4708 -840 -15114
34635 4708 -837 -15119
34683 4704 -843 -15118
34732 4746 -833 -15146
34757 4752 -835 -15146
34815 4752 -824 -15150
34841 4746 -826 -15153
34888 4870 -851 -15180
34937 4859 -852 -15191
34965 4862 -853 -15190
35014 4862 -853 -15183
35063 4886 -880 -15258
35092 4880 -880 -15262
35150 4870 -875 -15265
35172 4879 -881 -15258
35231 4822 -888 -15307
35255 4821 -885 -15318
35315 4815 -878 -15312
35338 4811 -886 -15316
35397 4852 -873 -15338
35421 4853 -874 -15340
35467 4852 -878 -15344
35516 4852 -872 -15346
35546 4854 -900 -15391
35595 4964 -899 -15390
35643 4966 -898 -15390
35670 4965 -909 -15381
35714 4965 -898 -15385
35763 4990 -931 -15465
35812 4980 -929 -15463
35835 4982 -931 -15465
35898 4985 -929 -15466
35919 4987 -936 -15521
35978 4921 -930 -15520
36000 4922 -925 -15516
36044 4919 -923 -15520
36093 4916 -925 -15516
36144 4912 -934 -15558
36167 4957 -922 -15554
36228 4953 -918 -15551
36250 4958 -919 -15551
36291 4948 -917 -15557
36342 4957 -961 -15605
36392 5073 -946 -15604
36416 5074 -948 -15608
36463 5069 -947 -15604
36513 5071 -948 -15599
36547 5070 -946 -15667
36580 5096 -981 -15676
36629 5089 -979 -15679
36679 5092 -978 -15673
36707 5087 -968 -15677
36766 5088 -977 -15687
36788 5033 -976 -15738
36832 5026 -968 -15741
36880 5027 -973 -15738
36929 5029 -971 -15749
36953 5027 -972 -15743
37016 5029 -975 -15744
37037 5070 -971 -15776
37088 5068 -969 -15774
37136 5064 -966 -15772
37167 5070 -966 -15777
37222 5066 -965 -15774
37245 5061 -963 -15772
37297 5145 -992 -15816
37346 5170 -985 -15813
37369 5175 -994 -15825
37431 5176 -990 -15819
37460 5175 -990 -15820
37498 5180 -990 -15824
37543 5177 -990 -15819
37596 5190 -1020 -15897
37616 5187 -1018 -15897
37677 5199 -1017 -15896
37699 5189 -1024 -15896
37743 5192 -1018 -15897
37793 5195 -1027 -15901
37843 5197 -1024 -15893
37865 5126 -1015 -15956
37925 5131 -1015 -15959
37960 5125 -1018 -15958
38008 5120 -1017 -15957
38032 5124 -1020 -15951
38074 5122 -1020 -15958
38124 5121 -1019 -15957
38174 5126 -1014 -15966
38197 5142 -1018 -15978
38238 5154 -1007 -15982
38287 5158 -1015 -15985
38337 5151 -1000 -15986
38364 5154 -1006 -15986
38406 5153 -1008 -15983
38455 5154 -1009 -15993
38505 5150 -1002 -15992
38527 5141 -1007 -15988
38585 5196 -1037 -16035
38612 5258 -1036 -16049
38655 5254 -1021 -16048
38706 5262 -1031 -16044
38755 5261 -1029 -16049
38778 5254 -1033 -16050
38836 5256 -1024 -16054
38873 5253 -1032 -16049
38907 5251 -1025 -16053
38956 5248 -1027 -16053
39004 5247 -1030 -16057
39037 5268 -1053 -16136
39069 5268 -1060 -16141
39119 5262 -1060 -16140
39167 5259 -1057 -16141
39194 5267 -1047 -16138
39238 5265 -1060 -16139
39287 5258 -1062 -16132
39337 5264 -1054 -16142
39370 5258 -1055 -16140
39401 5258 -1055 -16133
39450 5264 -1052 -16152
39499 5253 -1060 -16143
39525 5251 -1059 -16149
39569 5246 -1074 -16221
39617 5200 -1064 -16221
39667 5196 -1057 -16210
39690 5275 -1076 -16209
39735 5297 -1075 -16199
39784 5266 -1040 -16159
39833 5243 -1013 -16152
39855 5165 -1016 -16152
39917 5154 -1026 -16120
39940 5157 -1045 -16065
39999 5212 -1038 -16056
40032 5171 -1003 -15992
40081 5158 -992 -15991
40107 5054 -968 -15959
40148 5044 -981 -15942
40199 5045 -978 -15931
40246 5099 -980 -15860
40270 5100 -959 -15806
40327 5055 -949 -15803
40353 4940 -913 -15770
40404 4942 -939 -15739
40454 4923 -929 -15739
40479 4989 -935 -15665
40522 4976 -929 -15625
40572 4926 -905 -15585
40620 4834 -865 -15548
40644 4801 -862 -15555
40698 4790 -870 -15489
40726 4792 -886 -15408
40776 4826 -878 -15416
40826 4772 -838 -15337
40850 4769 -846 -15289
40909 4652 -802 -15288
40943 4646 -815 -15244
40977 4643 -814 -15199
41030 4697 -821 -15175
41073 4656 -794 -15114
41106 4655 -789 -15117
41155 4540 -757 -15080
41183 4544 -783 -15049
41242 4533 -770 -15052
41274 4593 -779 -14990
41324 4593 -793 -14933
41348 4551 -752 -14929
41410 4446 -716 -14913
41443 4440 -715 -14895
41477 4446 -734 -14888
41526 4479 -739 -14841
41555 4503 -736 -14831
41604 4464 -705 -14778
41654 4451 -698 -14765
41687 4350 -683 -14761
41722 4349 -698 -14731
41771 4356 -720 -14680
41820 4416 -713 -14686
41845 4378 -680 -14642
41887 4374 -680 -14643
41935 4279 -651 -14625
41985 4282 -667 -14591
42011 4269 -665 -14594
42052 4337 -677 -14547
42106 4337 -664 -14494
42135 4301 -651 -14502
42187 4197 -622 -14481
42238 4194 -638 -14450
42262 4195 -632 -14453
42320 4252 -639 -14405
42344 4258 -646 -14382
42387 4218 -613 -14351
42436 4152 -581 -14338
42484 4113 -587 -14344
42508 4117 -600 -14323
42550 4112 -633 -14272
42600 4183 -613 -14276
42648 4145 -589 -14232
42674 4142 -593 -14217
42734 4041 -556 -14216
42756 4042 -574 -14204
42800 4045 -576 -14171
42848 4120 -592 -14157
42896 4091 -562 -14124
42921 4087 -559 -14124
42981 3991 -530 -14118
43005 3992 -568 -14104
43046 3996 -555 -14096
43095 4067 -567 -14072
43144 4064 -581 -14027
43171 4034 -540 -14024
43230 3942 -516 -14024
43254 3931 -514 -14023
43314 3950 -536 -14016
43336 3979 -549 -13977
43377 4025 -544 -13984
43428 3995 -525 -13947
43476 3986 -530 -13949
43501 3907 -499 -13949
43563 3906 -515 -13934
43599 3908 -534 -13907
43628 3982 -527 -13900
43677 3951 -505 -13877
43725 3954 -510 -13887
43750 3866 -491 -13891
43813 3870 -510 -13894
43841 3888 -510 -13891
43876 3971 -523 -13882
43927 3961 -533 -13856
43974 3951 -509 -13853
44000 3861 -493 -13894
44041 3873 -499 -13900
44094 3885 -511 -13903
44142 3956 -530 -13876
44175 3957 -527 -13865
44224 3925 -496 -13834
44248 3884 -478 -13818
44288 3824 -473 -13809
44338 3827 -490 -13791
44386 3824 -526 -13737
44414 3893 -502 -13736
44473 3853 -475 -13688
44498 3854 -481 -13685
44538 3755 -444 -13672
44589 3758 -456 -13639
44636 3750 -466 -13639
44662 3817 -474 -13596
44722 3804 -456 -13534
44744 3782 -441 -13545
44801 3676 -417 -13527
44827 3683 -452 -13501
44871 3682 -436 -13502
44921 3744 -443 -13448
44975 3743 -449 -13401
44993 3704 -417 -13396
45053 3621 -388 -13385
45076 3615 -386 -13384
45134 3616 -408 -13364
45159 3635 -418 -13303
45214 3674 -414 -13305
45247 3637 -388 -13251
45301 3634 -391 -13237
45325 3543 -365 -13235
45386 3542 -380 -13218
45408 3542 -388 -13160
45454 3604 -394 -13159
45504 3567 -364 -13105
45532 3560 -365 -13103
45574 3466 -334 -13101
45623 3475 -366 -13063
45671 3481 -362 -13066
45699 3543 -365 -13015
45740 3537 -377 -12960
45789 3505 -341 -12964
45838 3401 -314 -12949
45864 3401 -315 -12932
45908 3409 -324 -12932
45958 3456 -336 -12879
45986 3457 -345 -12870
46036 3435 -323 -12833
46086 3416 -295 -12814
46111 3337 -285 -12816
46153 3333 -313 -12795
46202 3336 -335 -12744
46251 3408 -308 -12736
46277 3366 -284 -12692
46339 3362 -292 -12683
46361 3270 -266 -12677
46405 3268 -288 -12647
46460 3272 -289 -12654
46502 3344 -300 -12606
46525 3327 -268 -12552
46569 3302 -275 -12554
46618 3207 -237 -12543
46667 3201 -268 -12516
46694 3216 -264 -12525
46749 3276 -274 -12472
46773 3268 -274 -12427
46833 3238 -248 -12412
46858 3159 -216 -12409
46900 3141 -222 -12412
46949 3150 -242 -12388
46998 3157 -257 -12336
47024 3211 -250 -12337
47084 3179 -215 -12285
47107 3176 -236 -12265
47161 3087 -197 -12273
47189 3082 -210 -12251
47247 3073 -215 -12206
47272 3152 -225 -12200
47332 3110 -205 -12140
47367 3114 -199 -12146
47401 3015 -180 -12136
47451 3020 -194 -12113
47478 3026 -197 -12121
47530 3096 -205 -12072
47578 3092 -218 -12011
47602 3049 -176 -12012
47664 2960 -158 -12005
47687 2954 -150 -11983
47729 2965 -170 -11985
47778 3015 -189 -11930
47829 3026 -185 -11928
47850 3000 -157 -11885
47898 2986 -129 -11869
47947 2904 -134 -11881
47995 2911 -151 -11857
48018 2906 -171 -11802
48076 2975 -164 -11806
48099 2939 -136 -11754
48154 2940 -139 -11745
48201 2839 -109 -11747
48224 2842 -130 -11728
48266 2853 -135 -11723
48315 2931 -142 -11677
48364 2917 -117 -11629
48391 2880 -116 -11629
48450 2792 -97 -11618
48472 2791 -115 -11596
48532 2796 -110 -11603
48574 2859 -116 -11551
48596 2861 -126 -11505
48657 2826 -95 -11495
48680 2753 -69 -11496
48723 2733 -67 -11492
48771 2746 -88 -11472
48821 2750 -113 -11414
48845 2808 -101 -11418
48886 2777 -67 -11369
48939 2773 -78 -11368
48970 2682 -50 -11362
49019 2685 -68 -11340
49069 2691 -70 -11309
49093 2761 -73 -11289
49153 2727 -57 -11244
49176 2731 -55 -11247
49220 2636 -29 -11236
49270 2632 -56 -11216
49318 2640 -40 -11220
49340 2706 -56 -11173
49395 2705 -76 -11123
49425 2674 -30 -11124
49472 2583 -10 -11117
49523 2583 -8 -11098
49549 2591 -27 -11097
49590 2623 -44 -11058
49641 2666 -39 -11050
49690 2621 -18 -11002
49714 2622 -7 -11003
49758 2535 18 -11003
49807 2546 -14 -10983
49856 2548 -28 -10925
49890 2615 -23 -10935
49925 2577 14 -10890
49975 2582 9 -10879
50022 2490 33 -10894
50056 2490 11 -10864
50087 2498 14 -10876
50136 2576 1 -10824
50185 2566 1 -10780
50210 2538 31 -10779
50252 2443 54 -10779
50302 2447 41 -10751
50339 2455 34 -10756
50395 2516 27 -10719
50418 2525 18 -10693
50477 2487 51 -10667
50499 2456 66 -10653
50561 2403 71 -10663
50594 2408 58 -10649
50644 2405 25 -10596
50667 2478 41 -10597
50726 2438 71 -10559
50759 2449 75 -10546
50809 2350 101 -10556
50831 2351 79 -10532
50891 2362 77 -10530
50926 2440 56 -10484
50976 2421 92 -10437
50998 2398 91 -10444
51056 2306 128 -10440
51079 2308 87 -10425
51139 2316 98 -10423
51164 2387 77 -10382
51206 2391 82 -10338
51253 2357 106 -10335
51305 2282 137 -10332
51328 2267 128 -10328
51368 2278 113 -10318
51421 2292 86 -10276
51472 2350 107 -10271
51492 2314 130 -10230
51547 2315 119 -10232
51576 2225 148 -10227
51625 2243 129 -10220
51674 2241 138 -10175
51701 2312 117 -10168
51759 2282 147 -10131
51788 2276 151 -10133
51840 2190 175 -10129
51867 2187 145 -10114
51922 2205 155 -10113
51951 2284 138 -10065
52007 2282 126 -10023
52048 2244 164 -10027
52074 2159 190 -10023
52131 2159 190 -10020
52155 2162 171 -10009
52215 2217 153 -9967
52238 2240 155 -9965
52279 2210 183 -9933
52328 2204 192 -9937
52377 2128 214 -9926
52404 2135 194 -9916
52446 2130 164 -9867
52494 2216 173 -9869
52543 2174 205 -9830
52578 2190 198 -9831
52614 2099 235 -9836
52662 2097 209 -9818
52718 2110 212 -9822
52753 2181 196 -9777
52784 2188 193 -9746
52817 2156 226 -9744
52866 2062 251 -9737
52915 2061 231 -9722
52941 2069 223 -9730
53002 2145 216 -9692
53024 2148 212 -9674
53084 2117 240 -9646
53119 2086 263 -9657
53167 2025 257 -9657
53191 2045 244 -9641
53233 2044 211 -9602
53283 2118 222 -9605
53331 2087 252 -9560
53357 2088 251 -9562
53415 1994 279 -9562
53450 2000 262 -9556
53498 2003 264 -9541
53521 2083 245 -9506
53563 2070 261 -9476
53613 2051 280 -9474
53661 1951 295 -9486
53687 1957 257 -9475
53731 1977 279 -9477
53779 2051 261 -9442
53829 2046 257 -9426
53852 2019 286 -9415
53911 1944 312 -9439
53934 1933 309 -9431
53981 1959 288 -9440
54032 1973 260 -9418
54060 2026 271 -9421
54101 2005 288 -9393
54149 2008 281 -9422
54199 1930 308 -9424
54225 1954 279 -9431
54287 1954 286 -9410
54307 2032 270 -9415
54367 2009 282 -9398
54389 2006 301 -9400
54433 1929 313 -9412
54485 1936 278 -9425
54531 1943 291 -9424
54566 2017 272 -9400
54616 2029 259 -9371
54649 1986 293 -9367
54699 1905 320 -9380
54722 1907 318 -9374
54762 1918 308 -9376
54813 1962 284 -9332
54863 1991 281 -9325
54885 1953 308 -9299
54929 1957 316 -9299
54979 1864 339 -9293
55028 1874 325 -9288
55052 1876 289 -9245
55113 1950 304 -9241
55146 1914 325 -9205
55176 1912 329 -9213
55225 1825 356 -9201
55273 1834 335 -9186
55299 1834 329 -9183
55341 1910 318 -9145
55390 1907 317 -9110
55440 1877 346 -9099
55471 1776 374 -9100
55525 1780 349 -9099
55558 1789 359 -9088
55607 1853 340 -9042
55630 1863 341 -9035
55674 1832 366 -9002
55725 1789 394 -8998
55774 1741 395 -8997
55797 1749 375 -8977
55839 1751 343 -8934
55888 1820 362 -8934
55936 1787 394 -8884
55960 1786 381 -8887
56022 1686 415 -8876
56055 1698 391 -8857
56104 1698 393 -8839
56127 1775 379 -8804
56184 1758 403 -8767
56209 1735 408 -8752
56268 1644 435 -8755
56291 1644 398 -8739
56352 1651 423 -8725
56387 1720 404 -8683
56436 1722 404 -8644
56458 1694 429 -8652
56500 1618 450 -8646
56548 1606 457 -8646
56598 1611 433 -8636
56625 1632 418 -8603
56672 1696 419 -8598
56721 1655 441 -8569
56749 1668 435 -8573
56795 1575 467 -8572
56842 1585 447 -8566
56871 1579 450 -8541
56920 1660 437 -8540
56970 1635 460 -8497
57005 1632 460 -8499
57041 1548 487 -8506
57090 1555 454 -8502
57140 1559 461 -8498
57163 1633 448 -8461
57221 1640 434 -8431
57247 1613 466 -8430
57297 1525 497 -8434
57346 1520 487 -8443
57379 1534 470 -8430
57428 1584 452 -8388
57451 1621 463 -8387
57509 1578 479 -8363
57534 1575 489 -8366
57584 1497 501 -8364
57635 1505 483 -8358
57658 1503 465 -8323
57701 1584 473 -8324
57752 1554 499 -8290
57801 1554 501 -8301
57834 1473 507 -8300
57884 1482 494 -8300
57905 1485 502 -8292
57961 1566 482 -8257
57993 1560 481 -8236
58048 1531 508 -8224
58072 1445 534 -8234
58123 1446 513 -8228
58163 1465 501 -8225
58213 1533 488 -8190
58237 1534 485 -8182
58298 1507 514 -8168
58321 1465 535 -8171
58379 1426 540 -8177
58413 1437 515 -8162
58463 1430 480 -8128
58486 1514 501 -8126
58528 1486 520 -8104
