9 -1427 -2314 -6053
21 -1419 -2309 -6057
25 -1411 -2322 -6057
27 -1424 -2314 -6057
30 -1425 -2310 -6054
32 -1416 -2319 -6051
35 -1422 -2312 -6045
37 -1419 -2316 -6046
39 -1419 -2313 -6047
42 -1418 -2313 -6055
46 -1419 -2306 -6059
48 -1419 -2308 -6052
50 -1420 -2306 -6053
52 -1406 -2306 -6053
55 -1418 -2315 -6046
57 -1418 -2314 -6051
60 -1419 -2310 -6057
62 -1415 -2312 -6047
65 -1418 -2306 -6050
67 -1418 -2303 -6041
69 -1426 -2310 -6048
72 -1412 -2312 -6048
74 -1413 -2307 -6055
76 -1421 -2308 -6046
79 -1414 -2310 -6045
81 -1417 -2313 -6051
82 -1424 -2309 -6048
86 -1413 -2317 -6048
88 -1415 -2306 -6049
90 -1420 -2308 -6043
92 -1419 -2306 -6043
94 -1417 -2314 -6045
97 -1417 -2311 -6052
100 -1416 -2308 -6049
101 -1417 -2307 -6044
104 -1423 -2305 -6040
107 -1415 -2308 -6053
109 -1418 -2311 -6044
112 -1416 -2302 -6045
114 -1423 -2311 -6045
116 -1415 -2299 -6048
152 -1407 -2304 -6038
203 -1417 -2305 -6047
229 -1417 -2314 -6043
284 -1421 -2303 -6040
312 -1411 -2311 -6042
369 -1418 -2305 -6042
395 -1418 -2304 -6048
449 -1411 -2302 -6048
478 -1423 -2305 -6037
533 -1415 -2306 -6042
562 -1404 -2304 -6045
617 -1421 -2309 -6039
643 -1412 -2314 -6036
698 -1411 -2307 -6043
726 -1406 -2299 -6046
782 -1415 -2309 -6042
810 -1414 -2308 -6039
866 -1410 -2311 -6041
893 -1418 -2308 -6041
948 -1413 -2305 -6042
973 -1414 -2311 -6044
1030 -1414 -2314 -6046
1057 -1420 -2314 -6043
1114 -1415 -2310 -6044
1139 -1415 -2300 -6040
1197 -1420 -2305 -6039
1223 -1420 -2304 -6040
1278 -1405 -2305 -6044
1307 -1416 -2307 -6044
1362 -1408 -2295 -6042
1387 -1421 -2303 -6039
1444 -1414 -2299 -6036
1473 -1406 -2296 -6041
1532 -1413 -2304 -6041
1555 -1410 -2306 -6040
1611 -1418 -2309 -6042
1638 -1411 -2306 -6035
1692 -1416 -2310 -6036
1721 -1414 -2307 -6042
1776 -1445 -2473 -6481
1804 -1488 -2405 -6291
1861 -1440 -2373 -6210
1885 -1457 -2388 -6281
1942 -1509 -2340 -6214
1970 -1459 -2387 -6217
2027 -1479 -2380 -6271
2054 -1462 -2335 -6194
2109 -1468 -2417 -6258
2136 -1477 -2341 -6200
2191 -1468 -2393 -6223
2217 -1470 -2360 -6198
2274 -1465 -2366 -6219
2301 -1473 -2389 -6198
2358 -1463 -2364 -6219
2383 -1484 -2391 -6213
2439 -1452 -2362 -6199
2467 -1463 -2387 -6233
2525 -1469 -2382 -6207
2549 -1467 -2376 -6231
2605 -1471 -2374 -6216
2633 -1458 -2367 -6207
2689 -1465 -2376 -6224
2715 -1478 -2368 -6175
2772 -1420 -2313 -6061
2798 -1424 -2323 -6060
2856 -1418 -2307 -6056
2883 -1417 -2310 -6060
2938 -1417 -2304 -6057
2964 -1415 -2308 -6047
3019 -1417 -2310 -6051
3048 -1414 -2310 -6052
3104 -1410 -2304 -6053
3131 -1416 -2309 -6053
3189 -1410 -2308 -6052
3213 -1416 -2302 -6054
3269 -1409 -2303 -6049
3295 -1412 -2308 -6052
3352 -1414 -2302 -6047
3378 -1407 -2304 -6052
3433 -1417 -2297 -6046
3461 -1409 -2302 -6051
3521 -1418 -2307 -6044
3544 -1418 -2300 -6049
3601 -1404 -2303 -6052
3627 -1415 -2302 -6046
3684 -1405 -2305 -6058
3711 -1414 -2299 -6043
3768 -1631 -2420 -6195
3793 -1557 -2320 -6176
3850 -1503 -2434 -6241
3877 -1530 -2403 -6306
3932 -1517 -2347 -6191
3959 -1509 -2440 -6266
4016 -1509 -2345 -6274
4042 -1495 -2399 -6195
4099 -1519 -2398 -6282
4123 -1494 -2357 -6224
4180 -1502 -2406 -6220
4209 -1489 -2357 -6248
4263 -1507 -2397 -6228
4290 -1506 -2368 -6223
4344 -1501 -2387 -6260
4375 -1489 -2369 -6211
4429 -1495 -2389 -6260
4455 -1509 -2382 -6228
4511 -1499 -2380 -6232
4539 -1513 -2389 -6254
4595 -1481 -2361 -6214
4622 -1505 -2396 -6255
4679 -1498 -2379 -6228
4705 -1506 -2363 -6133
4760 -1427 -2323 -6060
4787 -1418 -2312 -6058
4846 -1423 -2308 -6063
4871 -1417 -2307 -6059
4929 -1412 -2311 -6052
4954 -1418 -2307 -6048
5012 -1411 -2305 -6049
5035 -1414 -2302 -6054
5094 -1418 -2308 -6047
5120 -1421 -2302 -6051
5180 -1417 -2302 -6049
5200 -1416 -2305 -6048
5257 -1410 -2312 -6057
5286 -1415 -2303 -6054
5341 -1415 -2307 -6053
5369 -1414 -2317 -6046
5426 -1408 -2300 -6046
5450 -1413 -2304 -6046
5508 -1413 -2304 -6043
5535 -1421 -2304 -6047
5590 -1410 -2304 -6040
5617 -1412 -2296 -6049
5673 -1411 -2302 -6047
5698 -1415 -2301 -6093
5757 -1593 -2335 -6229
5781 -1458 -2321 -6165
5839 -1470 -2386 -6194
5868 -1507 -2358 -6278
5925 -1456 -2343 -6183
5949 -1480 -2393 -6242
6003 -1457 -2339 -6244
6029 -1470 -2387 -6197
6088 -1492 -2349 -6229
6114 -1460 -2359 -6216
6171 -1470 -2355 -6194
6196 -1452 -2353 -6217
6253 -1481 -2380 -6225
6281 -1476 -2349 -6184
6335 -1469 -2378 -6222
6364 -1455 -2340 -6185
6419 -1459 -2369 -6220
6446 -1476 -2358 -6210
6503 -1466 -2364 -6207
6529 -1464 -2363 -6214
6588 -1463 -2345 -6190
6624 -1475 -2376 -6223
6655 -1467 -2351 -6194
6711 -1445 -2320 -6093
6736 -1422 -2319 -6060
6794 -1421 -2314 -6063
6822 -1416 -2312 -6053
6878 -1418 -2312 -6049
6903 -1416 -2305 -6055
6956 -1416 -2312 -6048
6984 -1412 -2304 -6049
7040 -1416 -2300 -6050
7066 -1409 -2305 -6050
7120 -1413 -2307 -6048
7149 -1418 -2312 -6045
7202 -1407 -2310 -6041
7234 -1404 -2313 -6044
7292 -1419 -2300 -6050
7315 -1414 -2305 -6046
7372 -1419 -2306 -6043
7399 -1403 -2302 -6044
7453 -1414 -2306 -6043
7481 -1416 -2310 -6042
7537 -1419 -2305 -6045
7566 -1410 -2307 -6040
7620 -1412 -2306 -6037
7648 -1416 -2303 -6044
7705 -1407 -2309 -6237
7731 -1525 -2333 -6275
7787 -1447 -2327 -6193
7814 -1466 -2355 -6169
7870 -1492 -2376 -6270
7896 -1450 -2348 -6184
7952 -1477 -2396 -6244
7978 -1490 -2349 -6245
8034 -1467 -2385 -6186
8063 -1477 -2371 -6249
8102 -1450 -2344 -6190
8153 -1463 -2391 -6240
8204 -1484 -2347 -6217
8227 -1468 -2381 -6218
8282 -1472 -2361 -6225
8311 -1461 -2354 -6185
8368 -1475 -2381 -6240
8394 -1472 -2338 -6195
8450 -1478 -2399 -6243
8477 -1456 -2339 -6196
8535 -1466 -2372 -6217
8559 -1468 -2368 -6219
8615 -1483 -2369 -6218
8644 -1476 -2374 -6220
8682 -1408 -2321 -6063
8732 -1422 -2324 -6054
8782 -1417 -2311 -6058
8807 -1419 -2315 -6050
8863 -1417 -2311 -6052
8892 -1415 -2305 -6053
8948 -1418 -2304 -6047
8974 -1413 -2306 -6054
9030 -1418 -2311 -6045
9058 -1412 -2305 -6049
9116 -1410 -2312 -6046
9142 -1416 -2316 -6047
9195 -1420 -2308 -6040
9223 -1414 -2303 -6042
9279 -1414 -2309 -6041
9306 -1413 -2306 -6043
9363 -1413 -2309 -6048
9390 -1406 -2312 -6044
9445 -1411 -2313 -6043
9471 -1418 -2311 -6039
9526 -1411 -2310 -6043
9553 -1406 -2306 -6036
9609 -1413 -2306 -6043
9638 -1408 -2305 -6045
9694 -1414 -2304 -6042
9719 -1414 -2305 -6042
9777 -1410 -2305 -6040
9804 -1412 -2312 -6040
9861 -1406 -2306 -6039
9885 -1413 -2307 -6046
9941 -1412 -2304 -6087
9968 -1569 -2329 -6198
10025 -1458 -2315 -6179
10053 -1469 -2382 -6171
10110 -1445 -2380 -6282
10136 -1458 -2351 -6191
10191 -1440 -2403 -6241
10216 -1482 -2361 -6270
10276 -1443 -2372 -6176
10298 -1474 -2383 -6258
10355 -1441 -2350 -6196
10382 -1454 -2378 -6218
10440 -1463 -2352 -6218
10467 -1453 -2384 -6228
10525 -1449 -2357 -6199
10550 -1444 -2375 -6238
10587 -1455 -2357 -6188
10637 -1444 -2352 -6214
10687 -1465 -2383 -6236
10716 -1453 -2349 -6193
10770 -1468 -2392 -6245
10799 -1445 -2349 -6180
10855 -1454 -2393 -6245
10882 -1458 -2357 -6205
10937 -1416 -2328 -6080
10963 -1416 -2323 -6057
11020 -1414 -2310 -6056
11046 -1417 -2309 -6051
11104 -1411 -2313 -6051
11128 -1418 -2307 -6053
11185 -1414 -2309 -6048
11214 -1413 -2313 -6046
11272 -1406 -2304 -6045
11306 -1413 -2305 -6048
11337 -1410 -2309 -6042
11393 -1410 -2300 -6040
11419 -1412 -2306 -6038
11480 -1412 -2305 -6044
11513 -1405 -2298 -6042
11545 -1412 -2307 -6042
11602 -1408 -2310 -6045
11627 -1417 -2305 -6046
11684 -1411 -2308 -6039
11709 -1411 -2312 -6041
11764 -1411 -2304 -6047
11792 -1409 -2304 -6040
11850 -1410 -2299 -6041
11875 -1406 -2303 -6041
11930 -1411 -2307 -6294
11959 -1514 -2336 -6281
12015 -1420 -2331 -6200
12042 -1462 -2405 -6244
12097 -1491 -2355 -6265
12125 -1444 -2368 -6200
12182 -1471 -2376 -6246
12207 -1456 -2359 -6239
12264 -1462 -2388 -6196
12290 -1462 -2352 -6220
12347 -1441 -2376 -6204
12371 -1449 -2357 -6185
12425 -1464 -2378 -6231
12455 -1473 -2387 -6204
12511 -1460 -2357 -6212
12539 -1453 -2384 -6212
12598 -1447 -2359 -6203
12620 -1454 -2373 -6228
12675 -1465 -2371 -6209
12704 -1458 -2363 -6207
12761 -1460 -2367 -6216
12786 -1441 -2366 -6180
12842 -1473 -2389 -6244
12870 -1463 -2357 -6178
12926 -1385 -2316 -6068
12953 -1413 -2316 -6051
13009 -1412 -2313 -6055
13036 -1419 -2309 -6046
13093 -1415 -2308 -6050
13117 -1410 -2305 -6049
13173 -1416 -2302 -6044
13203 -1418 -2308 -6049
13259 -1415 -2312 -6052
13286 -1410 -2311 -6038
13342 -1411 -2299 -6046
13368 -1412 -2304 -6046
13425 -1414 -2310 -6048
13453 -1405 -2311 -6051
13509 -1412 -2300 -6036
13532 -1409 -2301 -6038
13588 -1411 -2302 -6043
13616 -1408 -2302 -6046
13671 -1412 -2305 -6047
13699 -1410 -2304 -6040
13756 -1416 -2302 -6040
13782 -1403 -2303 -6040
13837 -1415 -2298 -6047
13864 -1410 -2302 -6040
13920 -1414 -2308 -6041
13947 -1418 -2297 -6042
14008 -1413 -2302 -6044
14029 -1413 -2312 -6036
14086 -1404 -2299 -6041
14111 -1407 -2309 -6040
14166 -1415 -2301 -6041
14193 -1414 -2311 -6039
14248 -1416 -2305 -6050
14275 -1597 -2336 -6165
14332 -1455 -2319 -6148
14357 -1455 -2388 -6177
14413 -1477 -2373 -6277
14440 -1455 -2329 -6178
14497 -1464 -2396 -6256
14524 -1454 -2345 -6273
14579 -1459 -2361 -6172
14606 -1465 -2361 -6253
14663 -1454 -2360 -6240
14688 -1460 -2365 -6179
14745 -1452 -2362 -6274
14772 -1465 -2362 -6181
14826 -1446 -2367 -6232
14856 -1469 -2367 -6227
14911 -1446 -2364 -6199
14937 -1470 -2366 -6239
14993 -1448 -2355 -6194
15021 -1467 -2371 -6252
15077 -1467 -2338 -6192
15105 -1460 -2374 -6227
15162 -1449 -2346 -6206
15186 -1453 -2363 -6217
15245 -1447 -2321 -6095
15271 -1413 -2319 -6057
15328 -1410 -2317 -6058
15353 -1415 -2301 -6053
15407 -1415 -2308 -6050
15434 -1415 -2310 -6049
15489 -1418 -2302 -6057
15519 -1404 -2303 -6047
15576 -1412 -2303 -6041
15601 -1409 -2307 -6045
15658 -1408 -2305 -6042
15684 -1414 -2303 -6048
15740 -1411 -2298 -6047
15764 -1412 -2301 -6038
15822 -1412 -2302 -6050
15851 -1404 -2300 -6042
15905 -1413 -2304 -6045
15934 -1408 -2298 -6043
15992 -1410 -2300 -6042
16017 -1413 -2310 -6040
16074 -1416 -2302 -6041
16099 -1409 -2300 -6036
16157 -1410 -2305 -6043
16183 -1406 -2301 -6044
16238 -1409 -2308 -6171
16266 -1561 -2354 -6281
16320 -1463 -2324 -6179
16347 -1463 -2381 -6177
16404 -1511 -2363 -6282
16431 -1470 -2347 -6174
16488 -1490 -2411 -6258
16512 -1498 -2326 -6237
16567 -1466 -2382 -6183
16598 -1487 -2360 -6245
16653 -1455 -2349 -6210
16678 -1488 -2385 -6217
16735 -1477 -2342 -6224
16761 -1475 -2383 -6210
16819 -1478 -2346 -6208
16843 -1476 -2380 -6228
16899 -1487 -2367 -6207
16926 -1474 -2364 -6202
16984 -1484 -2384 -6230
17010 -1477 -2348 -6181
17066 -1474 -2383 -6227
17092 -1486 -2357 -6213
17147 -1473 -2363 -6207
17177 -1487 -2369 -6237
17230 -1429 -2309 -6067
17260 -1404 -2312 -6058
17299 -1417 -2308 -6053
17349 -1417 -2306 -6054
17382 -1411 -2305 -6046
17432 -1418 -2302 -6047
17483 -1415 -2301 -6043
17508 -1416 -2300 -6054
17563 -1413 -2311 -6042
17590 -1413 -2311 -6046
17645 -1409 -2303 -6042
17673 -1404 -2308 -6044
17733 -1411 -2303 -6044
17771 -1410 -2295 -6037
17799 -1411 -2306 -6052
17857 -1412 -2306 -6042
17880 -1409 -2296 -6042
17935 -1412 -2292 -6043
17963 -1411 -2308 -6037
18021 -1406 -2308 -6045
18047 -1409 -2306 -6033
18103 -1410 -2301 -6039
18129 -1415 -2304 -6044
18184 -1421 -2301 -6045
18212 -1407 -2359 -6505
18268 -1476 -2367 -6342
18294 -1428 -2357 -6255
18350 -1474 -2381 -6245
18379 -1499 -2372 -6250
18436 -1453 -2382 -6204
18460 -1464 -2364 -6238
18516 -1480 -2370 -6251
18542 -1458 -2370 -6203
18599 -1463 -2356 -6218
18627 -1458 -2373 -6208
18683 -1444 -2348 -6204
18709 -1479 -2381 -6244
18767 -1470 -2353 -6195
18793 -1462 -2378 -6248
18849 -1455 -2342 -6181
18874 -1444 -2381 -6230
18930 -1476 -2357 -6231
18959 -1463 -2360 -6183
19014 -1460 -2373 -6240
19040 -1452 -2330 -6179
19097 -1451 -2378 -6236
19124 -1474 -2363 -6235
19180 -1462 -2372 -6201
19206 -1408 -2305 -6065
19265 -1420 -2317 -6058
19289 -1412 -2310 -6057
19348 -1410 -2313 -6047
19374 -1415 -2308 -6047
19429 -1416 -2304 -6047
19454 -1405 -2309 -6044
19509 -1407 -2302 -6048
19537 -1410 -2306 -6048
19591 -1411 -2306 -6049
19621 -1416 -2301 -6046
19678 -1415 -2309 -6044
19702 -1408 -2298 -6041
19759 -1412 -2311 -6041
19787 -1409 -2296 -6054
19844 -1409 -2303 -6037
19870 -1410 -2299 -6042
19927 -1407 -2303 -6039
19952 -1413 -2302 -6042
20009 -1404 -2303 -6047
20035 -1411 -2301 -6040
20093 -1415 -2302 -6043
20120 -1404 -2314 -6040
20175 -1409 -2303 -6045
20202 -1469 -2465 -6399
20261 -1499 -2364 -6249
20285 -1457 -2403 -6273
20343 -1474 -2365 -6258
20365 -1491 -2367 -6215
20427 -1470 -2387 -6228
20451 -1462 -2335 -6224
20511 -1479 -2387 -6235
20549 -1465 -2352 -6214
20575 -1467 -2361 -6221
20634 -1468 -2362 -6184
20656 -1447 -2352 -6241
20715 -1478 -2364 -6219
20741 -1460 -2359 -6209
20797 -1471 -2368 -6239
20823 -1461 -2349 -6187
20879 -1456 -2380 -6250
20907 -1468 -2341 -6196
20963 -1469 -2379 -6228
20988 -1458 -2351 -6221
21045 -1461 -2360 -6212
21073 -1473 -2374 -6239
21131 -1475 -2355 -6210
21154 -1472 -2376 -6223
21208 -1455 -2340 -6158
21239 -1414 -2310 -6058
21279 -1413 -2322 -6067
21331 -1410 -2310 -6052
21362 -1412 -2308 -6050
21415 -1408 -2304 -6047
21446 -1415 -2303 -6049
21499 -1419 -2305 -6046
21529 -1414 -2307 -6050
21586 -1409 -2300 -6047
21608 -1412 -2304 -6046
21663 -1410 -2300 -6048
21694 -1412 -2310 -6042
21748 -1417 -2303 -6050
21777 -1406 -2305 -6047
21832 -1410 -2302 -6044
21857 -1411 -2303 -6041
21916 -1412 -2313 -6045
21943 -1403 -2303 -6039
22001 -1410 -2307 -6047
22025 -1405 -2297 -6038
22081 -1415 -2299 -6047
22107 -1414 -2298 -6041
22164 -1407 -2303 -6041
22190 -1403 -2307 -6046
22250 -1630 -2384 -6163
22273 -1483 -2325 -6145
22331 -1471 -2402 -6204
22356 -1492 -2389 -6283
22415 -1459 -2339 -6174
22452 -1478 -2425 -6248
22481 -1460 -2333 -6231
22538 -1463 -2379 -6173
22563 -1484 -2377 -6260
22620 -1451 -2350 -6192
22646 -1473 -2390 -6198
22704 -1449 -2348 -6217
22729 -1461 -2383 -6207
22784 -1473 -2366 -6211
22813 -1468 -2386 -6226
22870 -1462 -2364 -6183
22895 -1455 -2362 -6210
22951 -1465 -2376 -6219
22980 -1481 -2375 -6214
23036 -1466 -2375 -6212
23060 -1451 -2354 -6206
23117 -1454 -2353 -6189
23144 -1474 -2383 -6237
23201 -1471 -2332 -6095
23227 -1413 -2320 -6051
23285 -1420 -2319 -6057
23308 -1408 -2307 -6053
23367 -1409 -2305 -6046
23393 -1410 -2310 -6046
23449 -1406 -2307 -6050
23475 -1411 -2305 -6045
23533 -1412 -2305 -6044
23559 -1411 -2299 -6041
23614 -1409 -2302 -6045
23641 -1412 -2301 -6048
23697 -1404 -2305 -6040
23725 -1411 -2304 -6043
23782 -1405 -2298 -6045
23808 -1413 -2299 -6039
23864 -1407 -2304 -6045
23891 -1409 -2304 -6041
23947 -1408 -2296 -6040
23972 -1409 -2302 -6050
24030 -1413 -2309 -6039
24056 -1405 -2299 -6038
24112 -1409 -2313 -6035
24139 -1411 -2306 -6044
24194 -1413 -2303 -6083
24222 -1566 -2347 -6217
24278 -1478 -2327 -6159
24306 -1468 -2378 -6163
24363 -1520 -2387 -6278
24387 -1490 -2339 -6169
24445 -1492 -2423 -6246
24469 -1490 -2329 -6221
24526 -1463 -2380 -6170
24556 -1516 -2389 -6255
24613 -1483 -2337 -6198
24636 -1479 -2416 -6239
24692 -1465 -2345 -6197
24719 -1457 -2395 -6222
24777 -1500 -2372 -6210
24803 -1479 -2373 -6220
24860 -1482 -2389 -6223
24883 -1451 -2346 -6176
24939 -1474 -2410 -6254
24969 -1494 -2353 -6191
25027 -1474 -2386 -6223
25049 -1475 -2372 -6210
25106 -1461 -2360 -6184
25134 -1481 -2398 -6246
25190 -1452 -2304 -6082
25218 -1420 -2323 -6056
25273 -1420 -2321 -6061
25299 -1412 -2314 -6048
25357 -1416 -2312 -6043
25383 -1412 -2305 -6053
25438 -1414 -2304 -6055
25465 -1411 -2309 -6047
25521 -1403 -2303 -6047
25550 -1415 -2306 -6044
25607 -1406 -2301 -6048
25643 -1410 -2303 -6039
25675 -1411 -2306 -6046
25731 -1410 -2312 -6050
25765 -1412 -2302 -6045
25797 -1414 -2304 -6044
25847 -1411 -2309 -6047
25897 -1412 -2302 -6041
25923 -1417 -2302 -6038
25963 -1413 -2296 -6042
26014 -1403 -2308 -6037
26043 -1411 -2299 -6037
26094 -1415 -2301 -6045
26144 -1401 -2298 -6044
26171 -1410 -2301 -6253
26226 -1535 -2356 -6303
26252 -1457 -2333 -6171
26311 -1458 -2414 -6237
26335 -1515 -2359 -6283
26394 -1446 -2362 -6181
26421 -1486 -2406 -6259
26458 -1460 -2326 -6196
26508 -1463 -2408 -6226
26543 -1500 -2359 -6207
26594 -1450 -2372 -6241
26644 -1487 -2404 -6208
26666 -1460 -2342 -6200
26723 -1487 -2432 -6244
26750 -1468 -2338 -6180
26808 -1479 -2422 -6237
26834 -1468 -2344 -6173
26889 -1462 -2397 -6237
26916 -1490 -2385 -6241
26974 -1461 -2361 -6175
26999 -1479 -2408 -6250
27056 -1462 -2338 -6171
27083 -1468 -2412 -6237
27140 -1490 -2365 -6206
27166 -1404 -2314 -6065
27221 -1411 -2322 -6058
27247 -1416 -2309 -6056
27303 -1404 -2308 -6047
27332 -1417 -2306 -6050
27388 -1413 -2300 -6048
27415 -1407 -2312 -6047
27471 -1412 -2306 -6047
27497 -1413 -2300 -6046
27554 -1409 -2298 -6046
27580 -1416 -2307 -6052
27634 -1409 -2304 -6056
27663 -1407 -2305 -6042
27719 -1415 -2315 -6045
27744 -1412 -2305 -6038
27803 -1414 -2313 -6036
27827 -1406 -2305 -6048
27883 -1412 -2304 -6040
27911 -1405 -2300 -6040
27967 -1408 -2309 -6044
27993 -1406 -2301 -6041
28050 -1409 -2304 -6039
28077 -1410 -2303 -6044
28135 -1399 -2306 -6040
28170 -1409 -2374 -6560
28201 -1500 -2372 -6355
28259 -1426 -2338 -6213
28284 -1476 -2416 -6272
28342 -1521 -2342 -6233
28367 -1451 -2395 -6217
28424 -1475 -2369 -6259
28451 -1447 -2334 -6196
28505 -1473 -2433 -6262
28533 -1476 -2323 -6187
28591 -1466 -2413 -6241
28614 -1467 -2358 -6177
28669 -1451 -2377 -6227
28698 -1496 -2404 -6231
28754 -1461 -2361 -6198
28781 -1480 -2406 -6232
28837 -1451 -2351 -6182
28864 -1460 -2392 -6245
28922 -1492 -2381 -6224
28947 -1473 -2380 -6198
29005 -1472 -2378 -6226
29032 -1443 -2357 -6187
29090 -1462 -2405 -6250
29113 -1483 -2358 -6197
29170 -1408 -2309 -6071
29196 -1407 -2317 -6062
29251 -1411 -2315 -6049
29279 -1413 -2309 -6053
29336 -1405 -2306 -6053
29361 -1410 -2305 -6047
29418 -1411 -2307 -6046
29444 -1410 -2305 -6049
29502 -1415 -2299 -6047
29528 -1406 -2316 -6040
29585 -1412 -2304 -6046
29612 -1414 -2301 -6042
29667 -1407 -2308 -6047
29692 -1416 -2300 -6043
29749 -1417 -2309 -6046
29778 -1409 -2306 -6047
29833 -1414 -2307 -6046
29859 -1409 -2307 -6046
29916 -1408 -2301 -6050
29940 -1414 -2304 -6039
29998 -1414 -2310 -6040
30024 -1404 -2298 -6041
30078 -1418 -2299 -6038
30110 -1401 -2301 -6033
30167 -1483 -2504 -6392
30203 -1519 -2383 -6231
30231 -1445 -2385 -6225
30288 -1482 -2407 -6291
30316 -1502 -2338 -6179
30370 -1458 -2421 -6236
30399 -1482 -2361 -6243
30456 -1464 -2362 -6189
30481 -1476 -2407 -6271
30536 -1460 -2337 -6187
30565 -1470 -2406 -6231
30619 -1464 -2355 -6197
30645 -1470 -2392 -6241
30701 -1484 -2368 -6200
30729 -1464 -2376 -6231
30786 -1481 -2383 -6199
30813 -1450 -2360 -6206
30867 -1478 -2388 -6244
30895 -1468 -2364 -6178
30951 -1473 -2401 -6241
30979 -1463 -2351 -6195
31036 -1457 -2381 -6208
31060 -1488 -2380 -6251
31120 -1468 -2357 -6155
31143 -1414 -2315 -6064
31201 -1417 -2317 -6060
31225 -1413 -2312 -6056
31282 -1417 -2307 -6052
31311 -1408 -2309 -6052
31365 -1409 -2299 -6048
31394 -1412 -2307 -6049
31449 -1409 -2302 -6049
31475 -1409 -2300 -6043
31532 -1406 -2304 -6043
31558 -1407 -2306 -6047
31613 -1408 -2309 -6045
31642 -1412 -2312 -6049
31698 -1414 -2310 -6043
31723 -1414 -2303 -6047
31780 -1405 -2300 -6041
31807 -1406 -2301 -6038
31863 -1407 -2304 -6040
31889 -1407 -2302 -6039
31946 -1408 -2305 -6043
31974 -1413 -2297 -6043
32030 -1414 -2301 -6039
32055 -1408 -2299 -6044
32112 -1406 -2304 -6040
32139 -1447 -2505 -6503
32194 -1492 -2379 -6281
32220 -1434 -2375 -6243
32276 -1493 -2416 -6293
32304 -1508 -2327 -6184
32364 -1454 -2422 -6243
32388 -1473 -2347 -6227
32444 -1455 -2363 -6196
32473 -1491 -2424 -6271
32531 -1460 -2320 -6185
32567 -1474 -2412 -6233
32595 -1449 -2339 -6185
32653 -1461 -2391 -6241
32678 -1497 -2383 -6210
32736 -1457 -2371 -6205
32761 -1465 -2389 -6214
32815 -1440 -2353 -6192
32845 -1460 -2393 -6239
32898 -1482 -2366 -6212
32926 -1457 -2382 -6207
32983 -1463 -2363 -6210
33010 -1442 -2358 -6197
33048 -1467 -2396 -6235
33100 -1480 -2351 -6177
33134 -1412 -2313 -6061
33189 -1416 -2325 -6056
33216 -1405 -2314 -6050
33273 -1403 -2319 -6051
33298 -1418 -2315 -6056
33352 -1413 -2312 -6051
33382 -1407 -2305 -6043
33439 -1417 -2308 -6045
33464 -1410 -2303 -6043
33520 -1414 -2303 -6049
33549 -1407 -2302 -6043
33604 -1412 -2299 -6046
33630 -1411 -2299 -6048
33686 -1410 -2303 -6041
33713 -1406 -2307 -6045
33770 -1403 -2302 -6043
33797 -1412 -2298 -6041
33853 -1411 -2306 -6042
33879 -1408 -2295 -6038
33935 -1406 -2297 -6046
33961 -1402 -2296 -6046
34022 -1411 -2303 -6038
34057 -1407 -2310 -6034
34087 -1407 -2301 -6038
34143 -1586 -2449 -6220
34170 -1512 -2344 -6172
34224 -1472 -2408 -6219
34252 -1468 -2376 -6292
34310 -1478 -2337 -6176
34335 -1471 -2408 -6256
34394 -1472 -2344 -6239
34420 -1469 -2382 -6190
34474 -1472 -2367 -6212
34502 -1448 -2353 -6202
34557 -1481 -2392 -6216
34586 -1456 -2343 -6210
34643 -1477 -2381 -6236
34667 -1446 -2347 -6182
34724 -1463 -2384 -6251
34748 -1475 -2348 -6193
34802 -1463 -2380 -6232
34832 -1470 -2357 -6219
34888 -1453 -2364 -6204
34915 -1457 -2383 -6233
34969 -1469 -2358 -6216
34997 -1468 -2372 -6211
35054 -1459 -2360 -6228
35082 -1463 -2356 -6127
35138 -1405 -2317 -6056
35164 -1421 -2312 -6059
35220 -1412 -2303 -6056
35248 -1407 -2307 -6055
35304 -1414 -2312 -6049
35331 -1410 -2312 -6039
35390 -1410 -2308 -6047
35413 -1415 -2306 -6044
35469 -1415 -2306 -6046
35498 -1399 -2299 -6050
35554 -1407 -2303 -6048
35577 -1403 -2305 -6050
35633 -1407 -2307 -6045
35660 -1411 -2301 -6047
35717 -1405 -2303 -6053
35744 -1408 -2301 -6041
35800 -1403 -2299 -6043
35826 -1410 -2303 -6041
35884 -1410 -2306 -6040
35911 -1406 -2294 -6038
35965 -1409 -2304 -6047
35992 -1408 -2305 -6037
36049 -1409 -2305 -6041
36076 -1405 -2303 -6048
36133 -1626 -2353 -6163
36160 -1469 -2306 -6139
36216 -1476 -2418 -6225
36243 -1487 -2358 -6279
36299 -1433 -2341 -6178
36323 -1480 -2410 -6252
36380 -1458 -2320 -6216
36409 -1471 -2390 -6181
36465 -1462 -2350 -6207
36491 -1449 -2368 -6222
36547 -1488 -2376 -6210
36573 -1460 -2363 -6234
36628 -1473 -2391 -6219
36656 -1440 -2352 -6193
36711 -1469 -2391 -6257
36739 -1467 -2343 -6187
36796 -1465 -2401 -6251
36821 -1459 -2355 -6202
36877 -1447 -2363 -6193
36904 -1468 -2381 -6254
36962 -1463 -2354 -6181
36988 -1463 -2391 -6249
37045 -1452 -2336 -6199
37072 -1446 -2345 -6099
37127 -1412 -2319 -6053
37153 -1408 -2310 -6057
37211 -1413 -2307 -6055
37236 -1409 -2307 -6042
37293 -1409 -2298 -6054
37318 -1410 -2309 -6047
37373 -1414 -2302 -6047
37402 -1404 -2303 -6043
37459 -1407 -2307 -6047
37483 -1403 -2307 -6050
37540 -1409 -2301 -6053
37568 -1409 -2302 -6047
37627 -1412 -2313 -6041
37652 -1408 -2302 -6051
37707 -1409 -2303 -6047
37734 -1411 -2306 -6038
37792 -1402 -2299 -6037
37816 -1407 -2302 -6040
37873 -1413 -2304 -6040
37899 -1409 -2302 -6042
37955 -1412 -2306 -6041
37982 -1400 -2301 -6043
38041 -1406 -2301 -6039
38066 -1405 -2307 -6117
38121 -1574 -2333 -6240
38148 -1438 -2319 -6175
38205 -1455 -2386 -6197
38232 -1486 -2346 -6288
38289 -1426 -2360 -6184
38314 -1468 -2388 -6253
38371 -1472 -2348 -6253
38397 -1456 -2383 -6177
38452 -1462 -2349 -6255
38479 -1433 -2365 -6215
38535 -1464 -2360 -6214
38563 -1459 -2365 -6252
38619 -1454 -2362 -6191
38646 -1444 -2342 -6229
38701 -1455 -2371 -6222
38727 -1463 -2360 -6216
38782 -1462 -2369 -6233
38811 -1451 -2351 -6187
38867 -1441 -2363 -6237
38895 -1462 -2360 -6202
38951 -1459 -2359 -6231
38977 -1469 -2359 -6224
39036 -1439 -2351 -6186
