9 -4581 -1348 6482
18 -4580 -1356 6475
29 -4577 -1355 6477
31 -4578 -1346 6474
34 -4575 -1346 6470
35 -4576 -1348 6479
38 -4569 -1346 6474
42 -4574 -1354 6474
45 -4573 -1348 6471
49 -4576 -1340 6481
52 -4568 -1342 6476
55 -4575 -1342 6472
59 -4569 -1345 6476
60 -4576 -1351 6468
63 -4572 -1346 6471
67 -4574 -1347 6478
70 -4567 -1347 6475
72 -4575 -1343 6463
76 -4571 -1350 6473
79 -4570 -1347 6465
81 -4568 -1344 6470
83 -4571 -1348 6476
86 -4575 -1346 6474
88 -4572 -1348 6468
92 -4570 -1348 6477
94 -4572 -1349 6470
97 -4571 -1345 6471
100 -4572 -1351 6471
103 -4574 -1346 6475
105 -4567 -1349 6461
108 -4568 -1344 6470
111 -4573 -1351 6466
115 -4565 -1343 6464
118 -4564 -1349 6473
121 -4560 -1346 6463
125 -4573 -1348 6464
127 -4572 -1345 6465
130 -4575 -1340 6462
133 -4563 -1343 6472
135 -4567 -1341 6466
138 -4571 -1342 6461
171 -4568 -1347 6461
222 -4564 -1339 6464
273 -4566 -1346 6466
298 -4567 -1354 6465
354 -4567 -1348 6465
381 -4567 -1346 6463
438 -4570 -1354 6466
465 -4563 -1344 6465
521 -4560 -1347 6463
547 -4558 -1352 6459
604 -4567 -1347 6462
629 -4567 -1344 6462
686 -4561 -1345 6464
713 -4560 -1340 6459
769 -4567 -1345 6459
794 -4558 -1341 6458
875 -4563 -1349 6465
907 -4565 -1342 6467
918 -4561 -1347 6461
975 -4567 -1356 6462
1002 -4571 -1347 6461
1057 -4566 -1349 6459
1085 -4564 -1350 6468
1144 -4557 -1346 6462
1166 -4569 -1340 6464
1222 -4562 -1351 6463
1250 -4562 -1343 6463
1305 -4559 -1342 6455
1333 -4566 -1340 6454
1390 -4562 -1347 6460
1415 -4559 -1347 6460
1470 -4566 -1345 6456
1499 -4564 -1345 6455
1554 -4562 -1340 6457
1580 -4562 -1345 6458
1637 -4564 -1346 6456
1664 -4561 -1347 6456
1720 -4561 -1341 6465
1747 -4563 -1342 6454
1802 -4566 -1352 6458
1831 -4564 -1339 6461
1887 -4557 -1348 6464
1912 -4567 -1346 6459
1967 -4560 -1338 6457
1998 -4555 -1350 6461
2054 -4568 -1347 6457
2079 -4558 -1341 6459
2135 -4560 -1340 6459
2161 -4563 -1342 6460
2217 -4564 -1338 6461
2246 -4556 -1342 6459
2302 -4558 -1343 6451
2329 -4558 -1346 6451
2385 -4560 -1342 6458
2411 -4556 -1342 6453
2464 -4560 -1352 6467
2493 -4565 -1345 6455
2547 -4559 -1338 6459
2577 -4554 -1348 6462
2632 -4556 -1348 6458
2659 -4567 -1338 6458
2714 -4561 -1346 6454
2740 -4556 -1345 6456
2797 -4562 -1350 6456
2824 -4563 -1343 6451
2878 -4567 -1349 6452
2908 -4563 -1339 6460
2962 -4555 -1343 6456
2992 -4562 -1348 6459
3044 -4561 -1333 6460
3075 -4561 -1342 6460
3129 -4559 -1345 6463
3157 -4558 -1341 6457
3214 -4559 -1339 6460
3239 -4558 -1345 6459
3295 -4554 -1337 6459
3323 -4562 -1345 6456
3377 -4557 -1349 6460
3404 -4559 -1352 6455
3461 -4564 -1343 6461
3487 -4562 -1340 6460
3540 -4558 -1344 6456
3570 -4559 -1343 6454
3625 -4556 -1347 6463
3655 -4553 -1345 6455
3709 -4564 -1343 6461
3734 -4568 -1351 6454
3791 -4559 -1348 6461
3819 -4554 -1342 6457
3874 -4558 -1342 6451
3901 -4564 -1338 6455
3957 -4559 -1343 6456
3985 -4561 -1342 6460
4042 -4568 -1346 6458
4066 -4554 -1343 6457
4124 -4553 -1344 6457
4150 -4562 -1343 6449
4206 -4556 -1344 6456
4234 -4553 -1337 6461
4288 -4559 -1349 6454
4317 -4553 -1344 6460
4373 -4562 -1345 6456
4398 -4560 -1345 6456
4453 -4565 -1339 6457
4482 -4557 -1315 6457
4537 -4559 -1327 6443
4564 -4561 -1333 6459
4620 -4551 -1336 6455
4648 -4562 -1327 6449
4705 -4558 -1333 6454
4730 -4557 -1327 6450
4786 -4554 -1335 6444
4814 -4553 -1335 6450
4870 -4560 -1331 6449
4895 -4554 -1329 6443
4948 -4558 -1334 6449
4978 -4562 -1327 6457
5033 -4553 -1331 6453
5062 -4561 -1333 6449
5119 -4555 -1334 6443
5145 -4559 -1332 6454
5201 -4553 -1334 6447
5227 -4566 -1327 6454
5284 -4566 -1328 6452
5312 -4557 -1335 6449
5366 -4552 -1330 6453
5394 -4558 -1329 6455
5450 -4557 -1328 6444
5478 -4558 -1339 6455
5534 -4555 -1332 6452
5559 -4556 -1327 6451
5612 -4560 -1329 6449
5642 -4558 -1332 6445
5696 -4557 -1325 6455
5726 -4554 -1329 6452
5781 -4563 -1330 6455
5807 -4556 -1337 6451
5862 -4559 -1325 6452
5890 -4560 -1326 6448
5945 -4564 -1329 6444
5974 -4556 -1328 6452
6028 -4557 -1326 6450
6055 -4555 -1331 6453
6111 -4560 -1330 6453
6137 -4557 -1330 6455
6194 -4557 -1340 6451
6222 -4560 -1328 6455
6279 -4556 -1322 6456
6306 -4552 -1324 6449
6362 -4552 -1328 6451
6388 -4558 -1329 6454
6441 -4555 -1332 6451
6471 -4557 -1329 6453
6527 -4549 -1332 6451
6552 -4556 -1328 6449
6609 -4543 -1329 6448
6636 -4549 -1332 6452
6690 -4556 -1321 6454
6719 -4555 -1328 6452
6773 -4559 -1329 6445
6801 -4553 -1326 6457
6856 -4557 -1326 6450
6884 -4559 -1332 6452
6938 -4553 -1334 6452
6968 -4557 -1334 6455
7022 -4557 -1322 6446
7050 -4556 -1335 6452
7106 -4557 -1334 6447
7134 -4549 -1336 6452
7188 -4557 -1335 6442
7218 -4558 -1327 6454
7274 -4552 -1322 6450
7311 -4557 -1330 6452
7341 -4552 -1330 6449
7397 -4561 -1329 6450
7423 -4557 -1328 6448
7477 -4557 -1331 6451
7505 -4559 -1331 6448
7561 -4558 -1329 6456
7589 -4551 -1330 6453
7644 -4551 -1324 6447
7671 -4555 -1328 6453
7725 -4556 -1330 6457
7754 -4552 -1327 6449
7806 -4560 -1332 6450
7837 -4559 -1330 6449
7893 -4554 -1335 6455
7919 -4558 -1324 6443
7976 -4552 -1332 6453
8004 -4555 -1330 6451
8059 -4560 -1329 6447
8086 -4556 -1327 6448
8141 -4561 -1327 6445
8170 -4557 -1326 6452
8225 -4553 -1323 6450
8251 -4555 -1326 6455
8307 -4552 -1329 6451
8335 -4558 -1328 6452
8391 -4556 -1333 6454
8419 -4557 -1326 6452
8476 -4555 -1334 6449
8500 -4555 -1329 6448
8555 -4559 -1324 6448
8584 -4560 -1327 6447
8638 -4556 -1333 6446
8667 -4557 -1333 6456
8723 -4561 -1328 6453
8749 -4557 -1331 6450
8804 -4551 -1332 6452
8833 -4558 -1321 6452
8889 -4568 -1328 6452
8915 -4551 -1330 6451
8969 -4553 -1326 6449
8998 -4559 -1331 6453
9050 -4553 -1321 6451
9081 -4558 -1325 6447
9137 -4554 -1330 6452
9162 -4561 -1326 6447
9219 -4553 -1336 6452
9245 -4554 -1330 6452
9299 -4547 -1334 6454
9328 -4556 -1325 6450
9383 -4554 -1350 6453
9411 -4553 -1342 6455
9466 -4553 -1337 6452
9495 -4552 -1339 6451
9551 -4552 -1350 6449
9577 -4558 -1337 6450
9631 -4555 -1341 6455
9661 -4543 -1344 6456
9700 -4558 -1340 6458
9749 -4560 -1344 6448
9800 -4553 -1343 6450
9825 -4558 -1339 6452
9880 -4560 -1346 6450
9908 -4558 -1342 6453
9961 -4557 -1335 6449
9991 -4552 -1340 6456
10046 -4564 -1338 6451
10075 -4552 -1338 6454
10130 -4559 -1345 6455
10157 -4558 -1344 6453
10215 -4553 -1343 6456
10240 -4553 -1339 6459
10295 -4556 -1346 6450
10322 -4551 -1348 6450
10375 -4557 -1348 6449
10406 -4555 -1343 6455
10464 -4550 -1338 6458
10487 -4553 -1341 6453
10540 -4556 -1342 6454
10570 -4559 -1341 6454
10626 -4557 -1340 6455
10654 -4550 -1343 6454
10708 -4552 -1336 6451
10738 -4556 -1337 6454
10791 -4554 -1345 6455
10820 -4558 -1335 6456
10876 -4554 -1346 6456
10904 -4552 -1342 6445
10961 -4559 -1340 6448
10999 -4556 -1336 6455
11027 -4563 -1349 6454
11081 -4560 -1337 6457
11111 -4554 -1341 6451
11166 -4555 -1341 6451
11193 -4560 -1337 6449
11250 -4556 -1337 6448
11275 -4558 -1346 6451
11330 -4555 -1343 6454
11359 -4557 -1336 6451
11414 -4551 -1341 6457
11440 -4558 -1339 6454
11494 -4556 -1341 6452
11522 -4558 -1344 6455
11578 -4559 -1337 6451
11606 -4552 -1343 6452
11660 -4555 -1343 6452
11689 -4555 -1341 6450
11742 -4557 -1341 6459
11773 -4562 -1346 6453
11826 -4552 -1348 6458
11854 -4557 -1339 6449
11909 -4552 -1339 6447
11937 -4551 -1346 6448
11993 -4553 -1343 6452
12021 -4552 -1355 6449
12079 -4559 -1336 6456
12106 -4555 -1343 6452
12163 -4565 -1335 6448
12187 -4556 -1340 6450
12245 -4552 -1338 6458
12269 -4550 -1341 6453
12326 -4559 -1338 6455
12351 -4554 -1334 6452
12408 -4558 -1343 6449
12437 -4559 -1337 6452
12492 -4562 -1336 6456
12518 -4551 -1343 6453
12572 -4551 -1339 6453
12601 -4553 -1338 6451
12654 -4555 -1345 6453
12685 -4553 -1348 6452
12740 -4554 -1344 6451
12766 -4554 -1341 6453
12822 -4556 -1341 6455
12850 -4556 -1345 6452
12904 -4563 -1338 6450
12932 -4551 -1342 6447
12986 -4562 -1339 6455
13017 -4559 -1334 6454
13071 -4558 -1339 6458
13099 -4558 -1342 6458
13152 -4552 -1338 6451
13183 -4558 -1337 6456
13237 -4562 -1336 6453
13265 -4557 -1341 6449
13320 -4550 -1337 6450
13348 -4554 -1337 6453
13405 -4556 -1343 6448
13428 -4560 -1345 6454
13485 -4556 -1342 6447
13512 -4559 -1339 6451
13568 -4557 -1336 6454
13595 -4559 -1342 6455
13651 -4553 -1340 6458
13680 -4554 -1340 6455
13736 -4556 -1339 6460
13762 -4550 -1338 6451
13815 -4560 -1346 6456
13843 -4558 -1335 6453
13900 -4556 -1344 6451
13927 -4559 -1338 6451
13966 -4554 -1349 6458
14018 -4552 -1341 6448
14050 -4557 -1341 6453
14101 -4560 -1341 6451
14152 -4556 -1348 6453
14187 -4551 -1341 6454
14216 -4553 -1339 6455
14270 -4558 -1321 6776
14300 -4577 -1324 6460
14357 -4564 -1309 6488
14383 -4564 -1311 6458
14437 -4624 -1290 6471
14466 -4552 -1316 6449
14520 -4553 -1315 6487
14549 -4557 -1321 6459
14603 -4553 -1322 6448
14630 -4567 -1323 6469
14687 -4565 -1321 6448
14713 -4553 -1315 6456
14769 -4572 -1329 6482
14797 -4564 -1317 6444
14851 -4564 -1324 6458
14878 -4556 -1319 6457
14933 -4566 -1317 6455
14964 -4562 -1318 6455
15023 -4556 -1315 6451
15060 -4557 -1319 6452
15088 -4557 -1317 6454
15143 -4574 -1317 6453
15170 -4553 -1316 6444
15226 -4566 -1319 6470
15251 -4565 -1322 6451
15308 -4554 -1315 6451
15336 -4577 -1323 6457
15393 -4555 -1319 6449
15417 -4563 -1328 6476
15473 -4555 -1313 6448
15500 -4560 -1316 6451
15557 -4567 -1323 6452
15585 -4555 -1320 6447
15641 -4568 -1317 6459
15667 -4550 -1320 6454
15722 -4557 -1316 6456
15749 -4563 -1317 6451
15803 -4556 -1316 6459
15833 -4563 -1317 6458
15889 -4557 -1314 6453
15914 -4567 -1322 6465
15969 -4560 -1315 6447
15999 -4552 -1319 6465
16052 -4560 -1317 6451
16082 -4550 -1309 6449
16134 -4568 -1322 6473
16165 -4559 -1321 6452
16219 -4560 -1310 6465
16247 -4563 -1321 6450
16300 -4557 -1319 6452
16331 -4564 -1326 6472
16386 -4557 -1318 6452
16412 -4564 -1317 6464
16468 -4558 -1317 6448
16495 -4555 -1318 6456
16549 -4564 -1319 6457
16579 -4553 -1317 6451
16633 -4559 -1318 6456
16662 -4561 -1319 6454
16716 -4561 -1322 6459
16744 -4573 -1328 6457
16798 -4555 -1310 6454
16828 -4568 -1323 6457
16885 -4548 -1321 6442
16912 -4558 -1318 6463
16965 -4554 -1317 6450
16994 -4556 -1317 6456
17046 -4565 -1325 6457
17077 -4559 -1316 6446
17131 -4557 -1316 6467
17159 -4551 -1324 6449
17213 -4558 -1320 6457
17241 -4571 -1321 6456
17294 -4553 -1319 6451
17323 -4563 -1330 6468
17380 -4554 -1323 6452
17405 -4554 -1322 6473
17462 -4563 -1321 6451
17490 -4560 -1317 6451
17547 -4569 -1325 6462
17572 -4554 -1324 6455
17628 -4560 -1321 6464
17656 -4560 -1323 6449
17712 -4560 -1320 6454
17740 -4569 -1321 6461
17795 -4546 -1310 6452
17822 -4564 -1321 6454
17877 -4554 -1322 6453
17904 -4551 -1324 6458
17960 -4571 -1324 6452
17987 -4554 -1317 6449
18045 -4570 -1330 6454
18070 -4555 -1318 6443
18124 -4561 -1322 6461
18154 -4559 -1320 6447
18213 -4561 -1323 6449
18248 -4568 -1324 6459
18276 -4556 -1316 6449
18329 -4559 -1318 6462
18360 -4556 -1321 6448
18413 -4558 -1320 6463
18442 -4563 -1323 6448
18498 -4552 -1316 6452
18524 -4567 -1324 6468
18579 -4559 -1325 6449
18607 -4557 -1320 6462
18661 -4557 -1319 6446
18691 -4552 -1319 6456
18747 -4560 -1326 6456
18775 -4556 -1314 6449
18830 -4559 -1323 6455
18858 -4555 -1316 6447
18915 -4555 -1317 6457
18940 -4558 -1323 6454
18995 -4560 -1314 6452
19022 -4565 -1318 6453
19076 -4559 -1324 6448
19105 -4559 -1319 6457
19160 -4555 -1324 6452
19191 -4557 -1365 6460
19244 -4554 -1335 6450
19271 -4551 -1331 6450
19325 -4563 -1340 6452
19355 -4554 -1343 6454
19409 -4560 -1342 6445
19435 -4553 -1338 6442
19492 -4552 -1343 6455
19520 -4555 -1345 6450
19575 -4551 -1341 6448
19603 -4551 -1333 6450
19660 -4557 -1344 6451
19684 -4559 -1341 6452
19741 -4563 -1342 6462
19769 -4553 -1340 6446
19824 -4562 -1332 6445
19852 -4556 -1342 6452
19909 -4560 -1347 6448
19934 -4552 -1336 6453
19989 -4559 -1337 6451
20018 -4559 -1341 6452
20072 -4552 -1341 6450
20098 -4554 -1340 6448
20155 -4552 -1342 6453
20181 -4559 -1342 6450
20238 -4560 -1343 6455
20265 -4549 -1336 6442
20320 -4553 -1346 6452
20348 -4557 -1338 6448
20402 -4558 -1340 6447
20431 -4557 -1347 6446
20488 -4558 -1347 6450
20515 -4555 -1343 6456
20569 -4558 -1341 6453
20598 -4561 -1333 6447
20653 -4561 -1340 6446
20679 -4555 -1341 6453
20736 -4562 -1343 6448
20764 -4558 -1343 6454
20818 -4553 -1340 6451
20847 -4556 -1337 6451
20902 -4559 -1341 6449
20930 -4557 -1343 6452
20985 -4553 -1341 6450
21011 -4548 -1346 6448
21067 -4559 -1338 6444
21094 -4559 -1342 6453
21149 -4558 -1350 6452
21176 -4560 -1339 6455
21231 -4557 -1345 6454
21260 -4556 -1339 6450
21315 -4552 -1338 6448
21341 -4549 -1343 6444
21400 -4551 -1339 6455
21425 -4567 -1343 6450
21481 -4557 -1341 6447
21508 -4552 -1344 6455
21560 -4562 -1343 6449
21591 -4559 -1334 6451
21649 -4558 -1345 6452
21675 -4557 -1344 6450
21729 -4554 -1342 6447
21757 -4555 -1342 6444
21810 -4556 -1341 6446
21838 -4553 -1336 6452
21897 -4558 -1343 6450
21923 -4555 -1348 6448
21979 -4558 -1342 6453
22004 -4553 -1346 6450
22058 -4558 -1340 6450
22091 -4555 -1334 6450
22146 -4557 -1338 6445
22170 -4559 -1340 6450
22225 -4554 -1347 6455
22255 -4558 -1345 6451
22314 -4549 -1344 6452
22349 -4558 -1341 6454
22378 -4553 -1350 6447
22417 -4550 -1346 6444
22469 -4552 -1346 6448
22521 -4560 -1335 6448
22555 -4555 -1345 6447
22585 -4550 -1345 6449
22640 -4559 -1339 6449
22668 -4556 -1341 6445
22722 -4557 -1345 6452
22751 -4561 -1346 6447
22807 -4562 -1342 6455
22834 -4559 -1350 6449
22890 -4552 -1337 6445
22917 -4561 -1348 6452
22973 -4557 -1337 6452
23001 -4554 -1336 6450
23057 -4552 -1337 6456
23092 -4561 -1344 6445
23123 -4556 -1340 6450
23174 -4548 -1339 6451
23225 -4557 -1349 6445
23261 -4552 -1347 6443
23289 -4548 -1343 6449
23346 -4559 -1345 6442
23373 -4560 -1342 6443
23429 -4560 -1343 6446
23454 -4558 -1351 6447
23508 -4559 -1341 6450
23538 -4557 -1344 6445
23594 -4559 -1347 6445
23621 -4559 -1343 6449
23678 -4563 -1343 6457
23703 -4559 -1341 6450
23760 -4559 -1339 6449
23787 -4561 -1339 6450
23843 -4561 -1341 6447
23870 -4552 -1345 6452
23925 -4557 -1337 6451
23953 -4563 -1339 6449
24008 -4560 -1346 6449
24035 -4560 -1345 6446
24088 -4758 -1325 6653
24118 -4590 -1327 6493
24174 -4617 -1300 6537
24201 -4609 -1383 6615
24257 -4642 -1299 6490
24286 -4628 -1335 6553
24341 -4613 -1345 6524
24365 -4602 -1306 6505
24423 -4631 -1334 6544
24449 -4606 -1332 6523
24502 -4622 -1311 6530
24532 -4621 -1338 6548
24586 -4614 -1318 6521
24615 -4621 -1320 6536
24669 -4601 -1337 6521
24699 -4632 -1308 6530
24755 -4610 -1326 6536
24782 -4624 -1331 6525
24837 -4610 -1325 6513
24864 -4619 -1335 6542
24918 -4619 -1316 6519
24946 -4611 -1329 6534
24999 -4637 -1325 6537
25028 -4608 -1325 6515
25088 -4620 -1327 6539
25113 -4614 -1335 6524
25166 -4613 -1317 6531
25195 -4620 -1329 6527
25250 -4605 -1325 6523
25277 -4628 -1329 6539
25335 -4613 -1324 6517
25363 -4619 -1325 6546
25421 -4616 -1329 6523
25442 -4608 -1313 6536
25499 -4623 -1336 6518
25526 -4611 -1322 6530
25584 -4624 -1327 6551
25609 -4610 -1325 6511
25667 -4625 -1322 6535
25690 -4613 -1335 6511
25745 -4619 -1312 6541
25776 -4640 -1340 6536
25832 -4604 -1318 6515
25859 -4637 -1329 6542
25915 -4606 -1329 6507
25941 -4617 -1312 6536
25994 -4628 -1341 6529
26025 -4597 -1316 6523
26078 -4625 -1342 6534
26106 -4611 -1326 6500
26162 -4625 -1323 6544
26191 -4623 -1342 6515
26246 -4601 -1310 6533
26274 -4629 -1342 6525
26329 -4600 -1321 6505
26355 -4631 -1324 6548
26410 -4617 -1338 6520
26439 -4608 -1309 6540
26493 -4629 -1356 6518
26520 -4595 -1314 6512
26578 -4626 -1337 6552
26604 -4609 -1339 6520
26656 -4607 -1312 6541
26685 -4624 -1343 6517
26741 -4608 -1317 6516
26770 -4620 -1332 6543
26827 -4612 -1332 6515
26853 -4623 -1324 6542
26906 -4619 -1334 6528
26936 -4608 -1319 6524
26990 -4623 -1330 6530
27017 -4618 -1332 6531
27070 -4612 -1318 6546
27100 -4616 -1332 6516
27156 -4610 -1321 6531
27185 -4607 -1326 6514
27240 -4620 -1329 6538
27267 -4613 -1321 6526
27322 -4617 -1326 6531
27351 -4609 -1331 6523
27408 -4605 -1323 6519
27434 -4622 -1330 6541
27473 -4607 -1321 6524
27522 -4617 -1318 6546
27572 -4616 -1328 6522
27596 -4606 -1319 6525
27651 -4618 -1334 6531
27682 -4611 -1331 6540
27736 -4621 -1325 6539
27763 -4618 -1327 6534
27816 -4612 -1328 6530
27848 -4617 -1324 6524
27903 -4617 -1335 6542
27929 -4616 -1325 6530
27983 -4611 -1327 6532
28013 -4616 -1326 6519
28070 -4609 -1327 6532
28095 -4616 -1327 6536
28148 -4618 -1321 6524
28179 -4614 -1324 6533
28234 -4609 -1329 6526
28261 -4608 -1327 6531
28314 -4617 -1329 6537
28345 -4617 -1326 6532
28399 -4618 -1327 6536
28428 -4612 -1330 6512
28483 -4610 -1326 6536
28508 -4614 -1322 6527
28564 -4619 -1321 6534
28593 -4609 -1328 6527
28647 -4621 -1330 6528
28676 -4613 -1330 6524
28731 -4624 -1328 6536
28759 -4616 -1327 6525
28812 -4619 -1325 6529
28841 -4611 -1323 6522
28897 -4613 -1327 6525
28925 -4600 -1332 6465
28981 -4562 -1366 6458
29008 -4569 -1356 6460
29062 -4559 -1327 6457
29089 -4564 -1343 6457
29147 -4561 -1362 6458
29171 -4563 -1335 6453
29227 -4556 -1345 6447
29254 -4560 -1350 6454
29309 -4558 -1343 6453
29338 -4558 -1349 6454
29391 -4565 -1344 6454
29422 -4559 -1340 6456
29476 -4560 -1341 6455
29502 -4559 -1343 6447
29557 -4562 -1338 6448
29586 -4557 -1349 6456
29637 -4559 -1343 6455
29669 -4553 -1343 6456
29722 -4554 -1341 6456
29754 -4559 -1349 6452
29808 -4554 -1339 6448
29837 -4560 -1339 6451
29892 -4556 -1344 6458
29918 -4562 -1339 6445
29973 -4562 -1344 6457
30001 -4558 -1346 6450
30057 -4558 -1341 6450
30082 -4552 -1342 6456
30138 -4554 -1351 6456
30166 -4560 -1346 6450
30221 -4560 -1345 6443
30249 -4558 -1341 6455
30304 -4563 -1338 6459
30331 -4553 -1346 6451
30386 -4563 -1346 6451
30415 -4553 -1349 6450
30469 -4554 -1345 6449
30497 -4556 -1350 6451
30552 -4558 -1346 6452
30580 -4559 -1344 6454
30635 -4560 -1341 6457
30663 -4559 -1341 6452
30718 -4555 -1350 6449
30746 -4556 -1341 6449
30802 -4552 -1339 6455
30830 -4559 -1339 6447
30883 -4557 -1345 6452
30913 -4555 -1340 6455
30968 -4552 -1343 6453
30997 -4563 -1342 6450
31050 -4557 -1339 6452
31079 -4557 -1342 6450
31132 -4555 -1339 6454
31160 -4556 -1347 6448
31215 -4558 -1340 6446
31244 -4557 -1339 6447
31297 -4554 -1344 6449
31327 -4554 -1345 6449
31382 -4551 -1348 6450
31410 -4558 -1340 6450
31463 -4555 -1337 6453
31492 -4558 -1338 6443
31546 -4558 -1341 6453
31576 -4559 -1342 6457
31632 -4551 -1351 6446
31658 -4556 -1351 6452
31712 -4553 -1343 6446
31739 -4558 -1345 6446
31797 -4549 -1334 6453
31825 -4560 -1343 6447
31880 -4569 -1341 6448
31908 -4556 -1343 6445
31964 -4560 -1338 6451
31989 -4560 -1341 6457
32046 -4563 -1339 6447
32070 -4549 -1336 6445
32125 -4558 -1343 6447
32154 -4555 -1338 6448
32210 -4560 -1343 6448
32237 -4551 -1343 6453
32292 -4556 -1343 6454
32321 -4548 -1339 6453
32374 -4557 -1340 6452
32407 -4556 -1346 6448
32462 -4553 -1340 6451
32487 -4552 -1341 6449
32539 -4560 -1349 6451
32569 -4557 -1349 6450
32628 -4555 -1338 6451
32653 -4554 -1342 6452
32707 -4556 -1344 6445
32734 -4553 -1345 6450
32789 -4560 -1350 6451
32818 -4554 -1346 6446
32873 -4558 -1345 6452
32900 -4560 -1344 6446
32956 -4550 -1341 6448
32983 -4555 -1342 6448
33038 -4554 -1346 6445
33068 -4551 -1343 6444
33124 -4558 -1340 6447
33148 -4557 -1341 6441
33204 -4553 -1346 6446
33232 -4552 -1348 6453
33286 -4553 -1343 6449
33316 -4549 -1343 6453
33370 -4557 -1344 6449
33398 -4558 -1344 6452
33454 -4549 -1347 6447
33480 -4557 -1349 6454
33535 -4553 -1347 6446
33563 -4553 -1331 6449
33619 -4559 -1344 6446
33647 -4552 -1339 6450
33701 -4555 -1349 6447
33730 -4558 -1341 6447
33786 -4559 -1340 6449
33812 -4560 -1342 6452
33868 -4605 -1354 7016
33896 -4891 -1402 6602
33949 -4752 -1263 6806
33978 -4680 -1410 6745
34031 -4867 -1281 6700
34061 -4688 -1324 6745
34118 -4791 -1380 6648
34144 -4692 -1344 6643
34198 -4696 -1341 6718
34228 -4725 -1378 6629
34283 -4703 -1316 6675
34310 -4685 -1394 6637
34365 -4716 -1315 6639
34392 -4684 -1347 6685
34447 -4712 -1350 6619
34474 -4683 -1327 6639
34530 -4679 -1355 6629
34558 -4694 -1343 6621
34612 -4671 -1342 6629
34642 -4695 -1356 6643
34697 -4680 -1333 6632
34725 -4679 -1362 6630
34780 -4679 -1344 6633
34807 -4687 -1346 6643
34863 -4682 -1354 6621
34889 -4676 -1348 6633
34944 -4685 -1356 6642
34972 -4675 -1342 6620
35026 -4680 -1348 6634
35055 -4688 -1352 6626
35110 -4674 -1339 6633
35138 -4689 -1350 6641
35191 -4688 -1344 6623
35222 -4680 -1340 6633
35277 -4683 -1345 6635
35303 -4686 -1348 6644
35357 -4687 -1346 6631
35387 -4700 -1342 6642
35442 -4697 -1344 6657
35469 -4707 -1347 6663
35526 -4706 -1347 6663
35551 -4712 -1350 6663
35606 -4701 -1341 6656
35636 -4693 -1351 6658
35689 -4702 -1340 6661
35718 -4701 -1346 6659
35772 -4708 -1338 6668
35801 -4700 -1348 6651
35858 -4704 -1338 6670
35884 -4701 -1351 6667
35938 -4707 -1339 6659
35966 -4700 -1334 6667
36019 -4692 -1346 6655
36050 -4709 -1346 6654
36105 -4701 -1351 6655
36133 -4718 -1332 6689
36188 -4699 -1347 6654
36214 -4704 -1340 6666
36270 -4707 -1345 6656
36297 -4695 -1340 6661
36353 -4717 -1339 6682
36379 -4693 -1345 6646
36436 -4709 -1345 6661
36463 -4702 -1346 6651
36516 -4697 -1337 6658
36547 -4712 -1339 6669
36600 -4691 -1344 6659
36628 -4706 -1349 6661
36684 -4696 -1342 6666
36713 -4705 -1346 6669
36768 -4710 -1342 6658
36795 -4696 -1346 6663
36851 -4705 -1344 6664
36880 -4700 -1343 6659
36937 -4695 -1341 6660
36960 -4705 -1344 6664
37014 -4706 -1349 6666
37042 -4693 -1347 6653
37095 -4704 -1343 6660
37126 -4696 -1347 6674
37183 -4702 -1342 6654
37210 -4701 -1342 6659
37265 -4703 -1346 6663
37291 -4714 -1344 6650
37345 -4710 -1341 6645
37377 -4736 -1334 6636
37433 -4721 -1326 6642
37460 -4731 -1345 6640
37514 -4714 -1336 6635
37541 -4732 -1331 6646
37594 -4714 -1331 6614
37624 -4703 -1329 6621
37681 -4696 -1341 6611
37706 -4692 -1336 6609
37761 -4712 -1337 6606
37788 -4691 -1325 6611
37847 -4695 -1336 6620
37871 -4688 -1338 6613
37928 -4702 -1322 6617
37954 -4702 -1336 6607
38009 -4689 -1331 6618
38038 -4693 -1335 6614
38095 -4697 -1328 6622
38121 -4706 -1339 6623
38175 -4687 -1322 6610
38203 -4707 -1336 6631
38258 -4675 -1323 6611
38286 -4711 -1334 6649
38341 -4686 -1325 6614
38370 -4691 -1338 6637
38427 -4704 -1329 6629
38452 -4690 -1324 6635
38511 -4725 -1331 6652
38535 -4706 -1333 6651
38591 -4730 -1329 6671
38617 -4722 -1328 6635
38674 -4722 -1328 6666
38701 -4711 -1344 6540
38757 -4582 -1335 6473
38782 -4580 -1372 6477
38835 -4570 -1335 6464
38866 -4557 -1346 6467
38922 -4564 -1360 6459
38950 -4562 -1352 6470
39008 -4563 -1343 6462
39045 -4565 -1352 6463
39073 -4560 -1348 6460
39128 -4566 -1340 6459
39156 -4558 -1342 6458
39211 -4563 -1352 6459
39240 -4565 -1344 6460
39297 -4565 -1350 6462
39321 -4563 -1344 6455
39378 -4560 -1348 6456
39406 -4570 -1342 6457
39463 -4567 -1343 6456
39489 -4560 -1347 6450
39543 -4562 -1344 6457
39571 -4566 -1349 6459
39627 -4568 -1348 6456
39652 -4562 -1345 6459
39709 -4560 -1352 6455
39736 -4556 -1344 6452
39792 -4559 -1348 6456
39818 -4554 -1349 6454
39873 -4561 -1349 6454
39904 -4553 -1341 6456
39958 -4552 -1344 6452
39986 -4558 -1343 6453
40040 -4562 -1344 6451
40067 -4560 -1346 6455
40122 -4552 -1340 6454
40150 -4556 -1347 6459
40205 -4555 -1344 6452
40233 -4561 -1343 6455
40289 -4553 -1337 6453
40317 -4563 -1348 6455
40371 -4556 -1343 6451
40398 -4561 -1341 6453
40453 -4561 -1349 6450
40481 -4551 -1344 6457
40537 -4556 -1339 6458
40566 -4561 -1346 6451
40619 -4552 -1338 6450
40647 -4556 -1345 6453
40701 -4560 -1341 6455
40732 -4556 -1347 6451
40787 -4560 -1338 6446
40814 -4558 -1339 6446
40867 -4554 -1339 6453
40896 -4551 -1336 6454
40952 -4557 -1347 6453
40978 -4561 -1348 6463
41033 -4560 -1347 6457
41063 -4556 -1342 6447
41118 -4552 -1348 6457
41146 -4558 -1347 6450
41201 -4557 -1347 6453
41229 -4557 -1351 6455
41284 -4560 -1342 6453
41311 -4561 -1349 6457
41366 -4558 -1344 6451
41393 -4561 -1342 6447
41450 -4562 -1354 6449
41478 -4558 -1352 6453
41532 -4552 -1348 6454
41559 -4564 -1352 6457
41613 -4556 -1339 6450
41641 -4551 -1347 6452
41695 -4557 -1346 6458
41725 -4557 -1348 6449
41781 -4557 -1343 6449
41809 -4555 -1350 6450
41865 -4555 -1347 6450
41890 -4556 -1345 6453
41943 -4555 -1343 6453
41973 -4555 -1349 6454
42031 -4559 -1350 6442
42057 -4552 -1342 6449
42114 -4556 -1348 6447
42151 -4556 -1342 6440
42181 -4562 -1344 6449
42238 -4555 -1345 6455
42263 -4556 -1336 6449
42324 -4557 -1345 6446
42361 -4555 -1345 6449
42388 -4561 -1340 6446
42445 -4555 -1350 6453
42471 -4556 -1342 6451
42528 -4557 -1347 6453
42553 -4556 -1348 6445
42605 -4557 -1339 6449
42636 -4556 -1350 6444
42690 -4557 -1347 6448
42719 -4561 -1344 6448
42774 -4559 -1343 6452
42802 -4559 -1341 6447
42858 -4560 -1346 6450
42885 -4553 -1344 6446
42943 -4555 -1350 6453
42968 -4557 -1348 6448
43025 -4557 -1347 6454
43049 -4561 -1344 6447
43106 -4558 -1341 6453
43134 -4554 -1343 6447
43191 -4550 -1339 6453
43215 -4561 -1342 6451
43271 -4555 -1343 6445
43299 -4554 -1338 6446
43354 -4555 -1342 6448
43382 -4558 -1346 6448
43435 -4558 -1346 6448
43465 -4557 -1344 6455
43521 -4555 -1349 6450
43550 -4561 -1341 6453
43606 -4570 -1344 6453
43630 -4561 -1323 7185
43670 -5980 -1535 7554
43720 -5157 -1167 7697
43770 -5334 -1363 7390
43796 -5486 -1320 7612
43854 -5233 -1258 7584
43879 -5447 -1320 7482
43931 -5297 -1343 7502
43962 -5300 -1266 7567
44016 -5349 -1374 7400
44046 -5268 -1243 7541
44099 -5306 -1386 7443
44127 -5295 -1254 7497
44185 -5285 -1347 7496
44210 -5306 -1304 7430
44265 -5283 -1317 7502
44294 -5285 -1325 7463
44350 -5296 -1296 7428
44379 -5236 -1334 7468
44435 -5285 -1311 7442
44460 -5238 -1308 7447
44517 -5300 -1343 7475
44541 -5246 -1290 7428
44595 -5291 -1326 7496
44625 -5258 -1318 7402
44679 -5265 -1317 7469
44707 -5317 -1307 7501
44763 -5241 -1305 7412
44791 -5311 -1332 7508
44844 -5250 -1313 7412
44874 -5279 -1314 7490
44930 -5294 -1314 7454
44956 -5246 -1308 7456
45013 -5321 -1329 7493
45039 -5239 -1311 7420
45095 -5296 -1314 7504
45121 -5292 -1321 7462
45178 -5258 -1309 7490
45205 -5321 -1325 7472
45258 -5241 -1304 7453
45287 -5299 -1321 7505
45344 -5287 -1310 7455
45371 -5270 -1312 7515
45427 -5319 -1322 7452
45453 -5243 -1302 7470
45509 -5308 -1326 7504
45537 -5281 -1304 7462
45591 -5290 -1310 7516
45619 -5299 -1324 7458
45672 -5272 -1313 7479
45703 -5312 -1321 7504
45757 -5285 -1304 7475
45786 -5282 -1309 7518
45843 -5304 -1322 7451
45868 -5270 -1302 7474
45926 -5307 -1323 7506
45950 -5278 -1314 7466
46007 -5303 -1318 7520
46032 -5293 -1324 7461
46087 -5273 -1309 7481
46117 -5316 -1325 7511
46171 -5271 -1304 7455
46199 -5322 -1321 7522
46254 -5276 -1317 7443
46282 -5277 -1312 7514
46335 -5320 -1320 7462
46365 -5263 -1309 7499
46422 -5323 -1322 7493
46448 -5261 -1300 7455
46502 -5318 -1330 7512
46532 -5285 -1314 7455
46587 -5287 -1312 7522
46612 -5304 -1317 7456
46668 -5258 -1318 7484
46696 -5329 -1332 7499
46750 -5270 -1304 7453
46778 -5312 -1326 7536
46832 -5278 -1313 7439
46863 -5300 -1315 7518
46919 -5331 -1308 7476
46946 -5270 -1317 7468
47001 -5336 -1318 7492
47026 -5275 -1302 7420
47082 -5332 -1323 7506
47111 -5310 -1316 7453
47167 -5296 -1327 7483
47195 -5345 -1327 7462
47250 -5277 -1319 7454
47277 -5335 -1318 7520
47334 -5302 -1312 7453
47360 -5312 -1319 7507
47417 -5326 -1330 7458
47443 -5275 -1306 7466
47499 -5339 -1326 7493
47524 -5293 -1319 7445
47581 -5316 -1315 7515
47608 -5313 -1319 7428
47667 -5290 -1321 7489
47690 -5329 -1332 7483
47746 -5286 -1307 7464
47773 -5331 -1324 7506
47828 -5294 -1317 7441
47855 -5300 -1310 7488
47909 -5334 -1330 7480
47939 -5269 -1301 7489
47994 -5331 -1329 7486
48022 -5285 -1303 7452
48077 -5321 -1320 7517
48105 -5310 -1309 7447
48158 -5294 -1310 7501
48186 -5326 -1310 7451
48243 -5286 -1310 7479
48271 -5324 -1315 7503
48326 -5282 -1304 7451
48352 -5309 -1319 7504
48406 -5302 -1320 7444
48435 -5285 -1297 7490
48490 -5332 -1320 7416
48520 -4713 -1357 6627
48574 -4643 -1357 6587
48603 -4640 -1363 6566
48658 -4622 -1345 6556
48685 -4614 -1363 6539
48740 -4619 -1362 6541
48767 -4608 -1355 6532
48822 -4602 -1353 6522
48850 -4599 -1363 6528
48903 -4612 -1353 6514
48933 -4595 -1357 6515
48987 -4600 -1356 6515
49017 -4593 -1351 6515
49073 -4596 -1354 6506
49098 -4590 -1350 6504
49153 -4592 -1343 6498
49181 -4589 -1354 6503
49237 -4589 -1352 6500
49265 -4587 -1358 6494
49320 -4576 -1362 6499
49348 -4588 -1353 6491
49406 -4582 -1351 6500
49432 -4584 -1355 6494
49489 -4581 -1358 6495
49515 -4583 -1360 6493
49570 -4587 -1349 6496
49596 -4578 -1352 6486
49649 -4585 -1350 6490
49679 -4577 -1351 6488
49732 -4586 -1350 6488
49760 -4584 -1355 6488
49814 -4578 -1357 6483
49845 -4581 -1350 6485
49899 -4577 -1346 6483
49928 -4579 -1356 6485
49981 -4579 -1348 6487
50011 -4576 -1347 6481
50066 -4577 -1351 6484
50094 -4577 -1355 6479
50149 -4577 -1351 6484
50176 -4577 -1354 6477
50233 -4576 -1357 6475
50260 -4579 -1355 6481
50317 -4584 -1345 6483
50342 -4575 -1359 6478
50396 -4579 -1349 6480
50424 -4577 -1347 6472
50480 -4583 -1352 6479
50508 -4573 -1354 6473
50561 -4579 -1349 6482
50592 -4576 -1359 6476
50648 -4574 -1353 6473
50683 -4572 -1350 6474
50713 -4571 -1353 6478
50768 -4569 -1350 6474
50798 -4573 -1355 6476
50856 -4577 -1347 6473
50879 -4570 -1356 6475
50933 -4566 -1355 6482
50964 -4569 -1353 6475
51020 -4572 -1353 6480
51047 -4572 -1355 6470
51101 -4570 -1356 6475
51128 -4570 -1357 6469
51182 -4575 -1355 6468
51212 -4569 -1357 6472
51266 -4570 -1352 6474
51296 -4569 -1353 6477
51350 -4571 -1351 6471
51377 -4565 -1349 6469
51431 -4574 -1349 6473
51461 -4572 -1351 6464
51513 -4573 -1355 6466
51544 -4566 -1351 6468
51601 -4560 -1348 6472
51626 -4568 -1357 6469
51682 -4563 -1356 6466
51708 -4571 -1354 6464
51762 -4560 -1357 6469
51792 -4562 -1352 6469
51849 -4566 -1350 6463
51873 -4569 -1356 6461
51927 -4566 -1355 6465
51957 -4565 -1347 6466
52014 -4570 -1352 6468
52041 -4562 -1353 6470
52094 -4565 -1350 6474
52122 -4566 -1346 6465
52180 -4562 -1349 6464
52206 -4559 -1353 6457
52261 -4567 -1352 6469
52290 -4566 -1346 6462
52345 -4563 -1348 6466
52372 -4568 -1350 6460
52430 -4575 -1345 6472
52456 -4564 -1350 6467
52513 -4566 -1352 6468
52537 -4563 -1353 6463
52592 -4560 -1349 6461
52621 -4560 -1345 6464
52679 -4563 -1352 6469
52703 -4565 -1348 6465
52757 -4564 -1354 6458
52784 -4560 -1349 6465
52840 -4561 -1345 6461
52870 -4562 -1358 6462
52924 -4568 -1348 6467
52952 -4557 -1349 6467
53004 -4565 -1352 6471
53035 -4562 -1349 6463
53091 -4564 -1344 6456
53118 -4569 -1350 6466
53174 -4561 -1352 6462
53202 -4566 -1350 6456
53256 -4560 -1351 6464
53283 -4561 -1350 6466
53339 -4562 -1355 6458
53365 -4564 -1348 6460
53421 -4559 -1348 6458
53449 -5609 -1430 9587
53504 -5959 -1105 8313
53532 -6420 -1125 8432
53586 -6239 -1312 9010
53614 -6210 -1027 8510
53667 -6465 -1212 8858
53696 -6282 -1200 8846
53751 -6286 -1104 8709
53781 -6505 -1262 8835
53834 -6186 -1090 8772
53865 -6395 -1239 8749
53920 -6401 -1104 8881
53946 -6290 -1216 8788
54000 -6423 -1147 8711
54029 -6337 -1189 8967
54084 -6304 -1197 8679
54112 -6512 -1163 8892
54168 -6278 -1200 8787
54194 -6380 -1138 8802
54248 -6374 -1187 8775
54278 -6326 -1228 8805
54333 -6437 -1138 8846
54360 -6330 -1197 8843
54413 -6404 -1176 8796
54444 -6328 -1193 8770
54498 -6384 -1177 8886
54526 -6379 -1162 8784
54581 -6349 -1199 8854
54609 -6407 -1185 8828
54664 -6328 -1188 8817
54691 -6395 -1199 8818
54746 -6341 -1169 8823
54774 -6420 -1191 8863
54829 -6344 -1167 8759
54858 -6371 -1189 8865
54913 -6387 -1185 8799
54938 -6351 -1188 8854
54994 -6415 -1192 8833
55022 -6337 -1175 8799
55077 -6394 -1194 8857
55105 -6373 -1166 8808
55160 -6361 -1181 8866
55188 -6403 -1195 8827
55243 -6321 -1185 8835
55272 -6405 -1191 8823
55327 -6384 -1170 8863
55354 -6328 -1188 8861
55409 -6391 -1185 8810
55436 -6327 -1172 8816
55492 -6391 -1197 8904
55520 -6342 -1166 8806
55574 -6347 -1201 8921
55602 -6379 -1186 8789
55661 -6313 -1186 8854
55686 -6412 -1177 8894
55738 -6329 -1184 8804
55769 -6399 -1206 8898
55825 -6359 -1189 8777
55852 -6353 -1183 8863
55904 -6410 -1187 8852
55935 -6350 -1190 8816
55989 -6421 -1180 8868
56017 -6362 -1199 8794
56074 -6363 -1185 8853
56099 -6405 -1183 8853
56156 -6362 -1192 8826
56182 -6405 -1197 8859
56239 -6363 -1180 8825
56266 -6338 -1187 8838
56319 -6420 -1192 8873
56349 -6310 -1190 8816
56403 -6378 -1189 8897
56432 -6358 -1190 8790
56485 -6332 -1197 8880
56515 -6410 -1171 8867
56574 -6284 -1181 8816
56597 -6408 -1198 8897
56655 -6309 -1191 8782
56681 -6372 -1185 8912
56737 -6378 -1176 8837
56763 -6309 -1201 8855
56821 -6422 -1186 8839
56845 -6315 -1183 8824
56898 -6384 -1185 8899
56928 -6354 -1184 8812
56982 -6363 -1179 8895
57010 -6378 -1199 8826
57065 -6321 -1177 8866
57094 -6368 -1194 8847
57147 -6374 -1182 8875
57178 -6310 -1185 8864
57233 -6361 -1183 8841
57261 -6303 -1171 8854
57315 -6351 -1207 8912
57344 -6373 -1172 8840
57398 -6310 -1181 8891
57427 -6370 -1193 8815
57484 -6306 -1185 8834
57509 -6390 -1187 8938
57564 -6350 -1168 8793
57592 -6332 -1202 8934
57647 -6388 -1202 8778
57673 -6301 -1175 8865
57730 -6418 -1202 8928
57758 -6302 -1178 8790
57815 -6395 -1197 8929
57841 -6349 -1183 8755
57896 -6314 -1178 8882
57922 -6413 -1192 8892
57979 -6298 -1183 8805
58007 -6419 -1199 8940
58061 -6308 -1184 8758
58090 -6316 -1191 8922
58147 -6435 -1187 8870
58172 -6284 -1179 8829
58225 -6428 -1181 8935
58256 -6293 -1183 8730
58308 -5558 -1360 6929
58338 -4786 -1322 6745
58395 -4745 -1377 6702
58422 -4717 -1345 6667
58476 -4691 -1340 6652
58503 -4679 -1360 6628
58558 -4667 -1353 6625
58585 -4662 -1342 6606
58638 -4653 -1353 6590
58669 -4656 -1354 6599
58722 -4651 -1353 6582
58752 -4639 -1354 6571
58807 -4642 -1353 6571
58834 -4640 -1354 6567
58891 -4638 -1352 6563
58918 -4629 -1347 6556
58974 -4630 -1345 6556
59003 -4622 -1358 6555
59059 -4627 -1347 6547
59083 -4629 -1356 6549
59139 -4622 -1359 6545
59165 -4619 -1347 6541
59222 -4618 -1356 6543
59248 -4617 -1357 6545
59305 -4619 -1352 6539
59333 -4614 -1352 6536
59387 -4618 -1344 6529
59413 -4616 -1353 6534
59469 -4614 -1349 6526
59498 -4611 -1359 6525
59551 -4605 -1351 6533
59580 -4612 -1346 6530
59635 -4610 -1354 6528
59664 -4600 -1351 6525
59719 -4609 -1352 6521
59745 -4605 -1356 6522
59799 -4603 -1353 6521
59828 -4599 -1355 6518
59883 -4604 -1348 6521
59911 -4601 -1356 6513
59966 -4601 -1347 6518
59995 -4604 -1356 6515
60051 -4603 -1353 6509
60078 -4601 -1356 6511
60132 -4596 -1350 6518
60160 -4594 -1345 6518
60215 -4593 -1351 6507
60244 -4603 -1348 6517
60300 -4595 -1349 6511
60327 -4597 -1348 6518
60382 -4596 -1350 6505
60410 -4593 -1352 6505
60466 -4594 -1351 6512
60494 -4597 -1352 6502
60548 -4594 -1359 6514
60575 -4590 -1353 6502
60629 -4591 -1357 6505
60657 -4594 -1355 6507
60712 -4595 -1355 6501
60740 -4594 -1352 6503
60799 -4583 -1349 6506
60822 -4595 -1349 6510
60877 -4589 -1346 6499
60907 -4593 -1352 6498
60963 -4590 -1341 6491
60987 -4581 -1354 6502
61046 -4591 -1349 6498
61073 -4594 -1352 6500
61130 -4588 -1349 6503
61155 -4589 -1349 6492
61210 -4584 -1357 6491
61236 -4583 -1351 6496
61294 -4588 -1347 6500
61320 -4582 -1347 6492
61376 -4586 -1348 6492
61403 -4591 -1352 6490
61457 -4592 -1352 6497
61486 -4581 -1351 6499
61540 -4585 -1347 6491
61569 -4586 -1351 6488
61625 -4588 -1353 6495
61651 -4580 -1349 6495
61711 -4592 -1349 6489
61734 -4581 -1347 6496
61789 -4579 -1347 6493
61818 -4578 -1354 6491
61872 -4584 -1351 6488
61901 -4588 -1355 6483
61959 -4582 -1350 6486
61983 -4577 -1351 6486
62039 -4581 -1353 6488
62068 -4587 -1347 6491
62105 -4573 -1352 6483
62158 -4586 -1348 6489
62205 -4583 -1346 6489
62231 -4579 -1349 6486
62285 -4582 -1356 6482
62315 -4575 -1352 6483
62367 -4576 -1355 6483
62399 -4575 -1346 6494
62455 -4578 -1351 6483
62480 -4579 -1347 6486
62536 -4581 -1348 6488
62564 -4575 -1355 6485
62620 -4577 -1351 6482
62646 -4585 -1353 6483
62702 -4571 -1348 6479
62729 -4578 -1355 6487
62783 -4582 -1349 6480
62811 -4576 -1350 6480
62864 -4580 -1353 6482
62895 -4574 -1358 6478
62950 -4580 -1348 6476
62977 -4573 -1355 6484
63033 -4578 -1352 6485
63061 -4581 -1354 6483
63116 -4582 -1353 6482
63141 -4574 -1352 6479
63195 -4578 -1352 6480
63225 -4702 -1309 9022
63281 -7987 -813 9940
63309 -7975 -735 10781
63366 -7908 -1051 10823
63390 -8002 -586 10429
63445 -8344 -847 11160
63474 -7836 -950 10608
63526 -8188 -802 10969
63557 -8309 -845 10918
63609 -7825 -878 10751
63640 -8394 -849 10844
63695 -7977 -797 10877
63724 -8220 -849 11030
63778 -8156 -834 10656
63806 -8076 -912 11086
63864 -8276 -817 10782
63902 -7983 -878 10925
63929 -8299 -857 10961
63985 -8017 -803 10718
64013 -8154 -883 10986
64069 -8115 -839 10683
64097 -8009 -892 10880
64151 -8236 -871 10921
64177 -7971 -873 10723
64236 -8102 -908 10826
64263 -8017 -852 10659
64318 -7977 -907 10798
64346 -8167 -870 10823
64400 -7941 -878 10752
64427 -8154 -892 10865
64481 -8014 -900 10602
64508 -8043 -882 10896
64563 -8157 -836 10720
64592 -7968 -888 10797
64647 -8218 -885 10754
64677 -7940 -867 10738
64730 -8217 -928 10811
64758 -8039 -848 10768
64816 -8088 -908 10835
64845 -8147 -862 10675
64902 -8036 -886 10780
64940 -8152 -880 10836
64964 -8040 -859 10757
65021 -8166 -928 10892
65049 -8005 -865 10751
65104 -8068 -893 10836
65132 -8079 -863 10791
65187 -8046 -872 10817
65215 -8152 -854 10803
65268 -8038 -867 10758
65297 -8145 -912 10795
65354 -8139 -853 10839
65381 -8096 -880 10806
65437 -8146 -867 10815
65465 -8069 -889 10723
65519 -8144 -871 10857
65547 -8165 -854 10804
65604 -8068 -903 10847
65628 -8208 -869 10776
65683 -8053 -874 10750
65711 -8188 -885 10876
65765 -8098 -845 10729
65794 -8127 -874 10901
65849 -8168 -886 10743
65881 -8064 -891 10791
65939 -8200 -855 10881
65974 -8072 -863 10741
66001 -8172 -883 10893
66056 -8147 -881 10723
66085 -8045 -861 10856
66141 -8233 -879 10788
66167 -8056 -885 10821
66221 -8233 -869 10866
66250 -8064 -860 10744
66306 -8170 -890 10868
66333 -8124 -856 10781
66388 -8122 -868 10841
66416 -8174 -862 10815
66470 -8052 -878 10825
66500 -8174 -874 10806
66554 -8092 -855 10805
66583 -8138 -886 10885
66638 -8105 -859 10765
66663 -8161 -876 10863
66719 -8126 -873 10803
66747 -8103 -867 10859
66804 -8200 -857 10863
66831 -8077 -878 10729
66886 -8209 -877 10872
66911 -8100 -835 10808
66968 -8168 -872 10820
66997 -8174 -861 10836
67053 -8112 -883 10803
67089 -8194 -835 10851
67120 -8114 -884 10793
67174 -8144 -886 10806
67204 -8183 -822 10855
67259 -8097 -890 10763
67285 -8185 -854 10882
67340 -8149 -877 10792
67370 -8134 -872 10846
67423 -8233 -853 10811
67451 -8071 -868 10809
67507 -8199 -857 10850
67534 -8157 -866 10790
67588 -8158 -857 10841
67617 -8159 -861 10858
67672 -8119 -877 10767
67700 -8186 -874 10859
67756 -8180 -855 10865
67785 -8072 -873 10766
67841 -8254 -848 10904
67867 -8067 -877 10730
67921 -8178 -863 10911
67950 -8190 -853 10806
68003 -8045 -880 10872
68032 -8289 -859 10813
68085 -7974 -952 9186
68116 -5045 -1339 7003
68170 -4893 -1328 6874
68197 -4846 -1349 6811
68251 -4803 -1322 6768
68279 -4777 -1335 6741
68332 -4764 -1347 6723
68364 -4744 -1331 6699
68418 -4735 -1332 6675
68445 -4724 -1339 6677
68498 -4726 -1343 6666
68529 -4709 -1334 6650
68584 -4702 -1336 6650
68613 -4696 -1337 6636
68669 -4695 -1336 6625
68695 -4690 -1340 6623
68748 -4678 -1341 6614
68777 -4678 -1342 6614
68833 -4679 -1339 6608
68859 -4677 -1337 6604
68915 -4666 -1342 6601
68943 -4664 -1347 6594
68999 -4659 -1344 6594
69026 -4664 -1344 6589
69082 -4656 -1337 6585
69107 -4656 -1343 6579
69165 -4656 -1343 6583
69191 -4653 -1333 6574
69249 -4646 -1335 6571
69274 -4648 -1343 6569
69330 -4643 -1348 6567
69357 -4646 -1349 6570
69415 -4638 -1343 6559
69441 -4638 -1339 6562
69498 -4637 -1340 6556
69522 -4643 -1340 6557
69577 -4632 -1333 6559
69605 -4639 -1341 6555
69659 -4629 -1339 6552
69690 -4636 -1345 6552
69743 -4630 -1342 6547
69773 -4626 -1341 6546
69827 -4633 -1347 6543
69853 -4629 -1342 6547
69909 -4625 -1341 6545
69936 -4631 -1342 6538
69993 -4627 -1342 6540
70019 -4623 -1345 6549
70075 -4626 -1341 6547
70102 -4618 -1343 6539
70160 -4624 -1343 6544
70184 -4631 -1342 6538
70239 -4621 -1337 6533
70268 -4620 -1337 6531
70323 -4620 -1343 6531
70352 -4616 -1344 6526
70407 -4616 -1343 6526
70434 -4617 -1348 6537
70493 -4609 -1340 6528
70516 -4612 -1344 6531
70568 -4612 -1335 6533
70598 -4619 -1351 6528
70655 -4616 -1341 6526
70685 -4616 -1339 6519
70740 -4613 -1338 6525
70765 -4620 -1342 6522
70823 -4608 -1338 6523
70849 -4607 -1343 6517
70908 -4611 -1346 6524
70943 -4608 -1341 6513
70972 -4607 -1341 6515
71029 -4611 -1341 6521
71055 -4609 -1337 6512
71110 -4609 -1343 6518
71138 -4606 -1345 6518
71192 -4611 -1341 6521
71222 -4611 -1350 6514
71277 -4602 -1340 6515
71303 -4604 -1339 6520
71361 -4604 -1336 6511
71388 -4604 -1346 6514
71442 -4607 -1345 6517
71471 -4604 -1347 6509
71529 -4606 -1338 6518
71551 -4604 -1346 6514
71606 -4601 -1338 6513
71636 -4599 -1337 6503
71690 -4601 -1346 6510
71718 -4603 -1342 6512
71772 -4606 -1339 6515
71802 -4594 -1340 6499
71858 -4600 -1343 6508
71885 -4601 -1341 6508
71942 -4601 -1341 6506
71967 -4599 -1343 6508
72022 -4599 -1339 6506
72050 -4596 -1343 6501
72105 -4596 -1346 6505
72133 -4596 -1340 6505
72188 -4603 -1343 6501
72217 -4588 -1342 6504
72273 -4592 -1348 6500
72299 -4600 -1342 6499
72354 -4600 -1339 6499
72382 -4593 -1342 6497
72442 -4599 -1342 6501
72478 -4599 -1341 6500
72506 -4593 -1346 6501
72561 -4592 -1345 6503
72589 -4592 -1340 6499
72649 -4592 -1343 6501
72683 -4592 -1342 6503
72713 -4587 -1343 6496
72767 -4600 -1346 6495
72796 -4589 -1337 6497
72850 -4598 -1339 6492
72878 -4603 -1344 6496
72931 -4591 -1349 6493
72962 -4586 -1342 6497
73016 -4591 -1313 7306
73043 -7904 -873 12332
73100 -9574 347 13046
73127 -10223 -327 12705
73180 -10945 397 13196
73211 -10149 71 13570
73266 -10742 -5 13188
73293 -10664 109 13497
73348 -10627 15 13694
73378 -10649 -1 12973
73435 -10693 37 13532
73470 -10734 115 13600
73500 -10591 186 13373
73553 -10818 -34 13421
73584 -10554 29 13320
73640 -10756 63 13422
73665 -10635 -8 13423
73722 -10622 22 13370
73748 -10595 5 13187
73802 -10582 88 13335
73832 -10550 -30 13171
73887 -10528 -15 13342
73913 -10656 -6 13340
73970 -10532 -48 13256
73997 -10620 -12 13268
74051 -10550 29 13253
74079 -10616 40 13304
74132 -10592 -59 13161
74162 -10569 31 13367
74217 -10651 24 13286
74247 -10553 -72 13233
74302 -10843 95 13506
74327 -10350 2 13144
74381 -10833 22 13323
74409 -10536 39 13244
74460 -10663 34 13440
74510 -10743 49 13262
74536 -10536 -74 13307
74591 -10778 100 13387
74617 -10587 2 13203
74672 -10754 75 13487
74701 -10578 38 13245
74757 -10693 1 13366
74782 -10718 59 13274
74837 -10598 13 13453
74866 -10767 83 13351
74920 -10610 8 13267
74950 -10708 51 13335
75006 -10603 57 13377
75030 -10735 56 13356
75087 -10723 68 13423
75116 -10658 -21 13300
75170 -10711 71 13299
75198 -10664 64 13428
75255 -10757 20 13316
75280 -10686 85 13433
75333 -10710 -10 13285
75363 -10670 56 13310
75421 -10739 16 13398
75447 -10749 72 13459
75504 -10687 61 13319
75529 -10701 -15 13282
75586 -10720 82 13337
75612 -10678 36 13390
75667 -10802 87 13458
75695 -10689 28 13321
75751 -10706 35 13385
75777 -10739 33 13206
75834 -10683 67 13513
75861 -10807 74 13436
75915 -10606 15 13273
75943 -10908 57 13452
75997 -10515 -7 13177
76025 -10865 75 13548
76079 -10717 74 13331
76107 -10662 20 13422
76157 -10854 86 13331
76208 -10523 5 13289
76233 -10876 84 13494
76290 -10646 54 13363
76316 -10772 70 13508
76371 -10663 52 13233
76398 -10710 25 13452
76458 -10790 113 13392
76482 -10695 63 13471
76537 -10725 30 13366
76566 -10738 27 13240
76622 -10710 77 13493
76645 -10762 49 13377
76700 -10717 105 13465
76729 -10789 37 13387
76784 -10675 43 13307
76812 -10749 65 13350
76874 -10724 81 13530
76908 -10830 103 13417
76936 -10670 35 13376
76992 -10762 38 13332
77020 -10707 90 13344
77060 -10701 60 13484
77109 -10907 86 13514
77163 -10601 94 13388
77197 -10834 27 13363
77227 -10674 51 13258
77283 -10738 48 13486
77311 -10830 139 13488
77365 -10668 45 13385
77391 -10792 60 13433
77448 -10739 55 13263
77478 -10700 53 13448
77515 -10823 111 13481
77565 -10659 70 13386
77614 -10833 85 13467
77642 -10776 50 13278
77696 -10588 70 13445
77723 -10913 67 13427
77778 -10656 80 13391
77807 -10847 83 13571
77862 -10753 67 13273
77889 -10457 -215 11075
77945 -5497 -1304 7260
77972 -5046 -1269 7033
78029 -4970 -1319 6945
78056 -4911 -1293 6888
78108 -4871 -1299 6841
78138 -4845 -1313 6811
78193 -4828 -1311 6784
78221 -4803 -1307 6752
78275 -4791 -1308 6745
78304 -4777 -1318 6729
78356 -4768 -1305 6721
78387 -4762 -1318 6711
78442 -4753 -1317 6694
78468 -4749 -1315 6690
78525 -4742 -1313 6680
78551 -4734 -1318 6677
78609 -4726 -1319 6662
78634 -4718 -1319 6661
78689 -4728 -1310 6655
78719 -4719 -1318 6646
78775 -4713 -1321 6640
78801 -4708 -1319 6636
78856 -4698 -1321 6634
78884 -4700 -1327 6625
78940 -4697 -1327 6620
78966 -4692 -1321 6624
79023 -4690 -1327 6619
79049 -4691 -1321 6609
79103 -4691 -1323 6611
79132 -4686 -1321 6607
79188 -4680 -1323 6606
79213 -4679 -1336 6599
79270 -4679 -1328 6598
79298 -4674 -1325 6592
79356 -4677 -1328 6601
79381 -4672 -1330 6592
79436 -4662 -1332 6595
79464 -4667 -1334 6583
79518 -4665 -1330 6583
79546 -4662 -1325 6583
79603 -4669 -1326 6582
79630 -4667 -1322 6572
79684 -4657 -1326 6579
79713 -4659 -1328 6572
79767 -4663 -1323 6572
79793 -4656 -1322 6566
79848 -4649 -1329 6569
79878 -4654 -1328 6566
79932 -4652 -1329 6571
79960 -4649 -1337 6568
80015 -4648 -1329 6561
80044 -4643 -1329 6559
80099 -4647 -1325 6559
80127 -4642 -1331 6561
80182 -4653 -1330 6560
80208 -4640 -1338 6555
80265 -4643 -1337 6555
80292 -4644 -1330 6556
80349 -4647 -1331 6557
80375 -4644 -1328 6550
80429 -4644 -1326 6554
80459 -4643 -1338 6549
80514 -4645 -1334 6547
80539 -4639 -1333 6545
80595 -4633 -1331 6542
80623 -4636 -1331 6546
80682 -4638 -1328 6549
80706 -4632 -1334 6545
80761 -4635 -1338 6542
80789 -4637 -1327 6542
80847 -4630 -1333 6542
80871 -4631 -1327 6541
80926 -4634 -1329 6534
80956 -4624 -1333 6539
81011 -4633 -1330 6538
81037 -4630 -1328 6536
81092 -4635 -1332 6538
81120 -4630 -1327 6535
81170 -4636 -1331 6533
81219 -4631 -1328 6532
81245 -4631 -1334 6526
81300 -4630 -1331 6530
81328 -4630 -1332 6526
81382 -4624 -1335 6531
81410 -4633 -1340 6531
81464 -4630 -1336 6527
81495 -4625 -1331 6531
81551 -4629 -1331 6525
81577 -4620 -1336 6532
81632 -4625 -1332 6525
81659 -4626 -1331 6523
81712 -4627 -1334 6524
81742 -4624 -1333 6518
81795 -4619 -1332 6519
81824 -4620 -1330 6520
81880 -4627 -1338 6525
81908 -4614 -1334 6530
81962 -4617 -1331 6521
81991 -4622 -1332 6519
82045 -4616 -1330 6514
82075 -4619 -1335 6518
82127 -4621 -1341 6522
82156 -4619 -1340 6517
82209 -4619 -1331 6518
82241 -4623 -1339 6515
82297 -4612 -1338 6527
82322 -4625 -1332 6522
82380 -4618 -1335 6512
82405 -4625 -1336 6513
82460 -4613 -1330 6512
82489 -4613 -1335 6520
82546 -4608 -1335 6512
82572 -4611 -1338 6512
82628 -4611 -1339 6513
82654 -4614 -1330 6513
82708 -4615 -1334 6517
82737 -4611 -1333 6515
82792 -4616 -1333 6506
82820 -4615 -1310 7181
82874 -8053 -910 13162
82901 -11657 1468 15778
82957 -13447 643 15395
82986 -14571 1681 15908
83042 -13461 1330 16661
83068 -14433 1451 16171
83125 -14175 1372 16434
83151 -14554 1541 16907
83207 -14179 1273 15762
83235 -14314 1355 16586
83291 -14518 1604 16575
83316 -13987 1493 16197
83371 -14485 1413 16326
83398 -13963 1283 16075
83450 -14309 1440 16429
83482 -14277 1336 16253
83530 -14201 1427 16445
83580 -14262 1441 16142
83608 -14045 1381 16131
83662 -14258 1368 16200
83690 -14106 1363 16305
83744 -14201 1465 16547
83774 -14207 1299 16208
83829 -14049 1338 16207
83857 -14196 1419 16231
83909 -14090 1424 16221
83940 -14141 1357 16269
83996 -14164 1407 16332
84021 -14237 1382 16255
84075 -14190 1324 16300
84104 -14144 1405 16319
84164 -14228 1443 16317
84188 -14191 1397 16174
84242 -14126 1389 16301
84271 -14236 1459 16337
84328 -14180 1349 16271
84354 -14331 1426 16450
84410 -14150 1411 16316
84436 -14194 1409 16321
84492 -14277 1452 16262
84519 -14107 1402 16371
84574 -14356 1492 16382
84603 -14101 1386 16312
84663 -14343 1403 16418
84685 -14294 1474 16314
84741 -14211 1418 16398
84768 -14307 1466 16318
84825 -14167 1414 16250
84852 -14341 1477 16465
84908 -14286 1460 16332
84936 -14223 1432 16461
84990 -14424 1484 16353
85018 -14128 1427 16338
85075 -14424 1510 16458
85100 -14217 1477 16337
85157 -14256 1474 16528
85182 -14320 1449 16294
85237 -14219 1491 16517
85269 -14394 1500 16439
85325 -14196 1455 16330
85350 -14479 1489 16382
85407 -14341 1474 16273
85433 -14394 1475 16404
85488 -14459 1461 16298
85514 -14536 1462 16373
85570 -14475 1448 16312
85598 -14528 1454 16289
85652 -14502 1459 16278
85682 -14580 1449 16331
85736 -14574 1455 16253
85766 -14559 1480 16345
85823 -14588 1418 16225
85850 -14572 1456 16251
85903 -14666 1478 16350
85929 -14580 1462 16250
85985 -14584 1471 16314
86013 -14623 1421 16220
86067 -14469 1499 16364
86096 -14521 1474 16438
86151 -14550 1488 16349
86179 -14303 1478 16427
86236 -14630 1436 16314
86263 -14256 1497 16373
86319 -14480 1463 16640
86346 -14381 1483 16314
86401 -14296 1476 16640
86429 -14487 1450 16345
86484 -14151 1490 16411
86511 -14578 1481 16616
86567 -14332 1503 16348
86594 -14346 1476 16547
86648 -14510 1464 16310
86679 -14190 1456 16437
86734 -14626 1491 16550
86760 -14330 1511 16385
86816 -14400 1471 16577
86844 -14490 1463 16312
86898 -14267 1458 16448
86927 -14567 1534 16590
86982 -14256 1484 16424
87010 -14415 1489 16562
87067 -14438 1491 16380
87093 -14214 1459 16494
87148 -14509 1540 16574
87175 -14313 1485 16413
87232 -14433 1496 16570
87257 -14459 1480 16377
87313 -14283 1467 16468
87342 -14552 1531 16537
87395 -14361 1456 16381
87422 -14467 1533 16603
87480 -14479 1477 16323
87510 -14283 1445 16474
87567 -14669 1535 16527
87601 -14284 1481 16430
87630 -14532 1557 16611
87684 -14150 1087 14074
87712 -7292 -1221 7738
87765 -5234 -1228 7198
87796 -5087 -1288 7069
87850 -5017 -1296 6987
87878 -4958 -1277 6930
87934 -4931 -1300 6889
87960 -4901 -1312 6869
88016 -4872 -1295 6828
88044 -4851 -1307 6807
88100 -4843 -1313 6796
88126 -4819 -1310 6777
88183 -4809 -1311 6758
88209 -4808 -1316 6743
88265 -4796 -1314 6735
88294 -4788 -1320 6725
88350 -4781 -1317 6717
88376 -4773 -1312 6706
88430 -4762 -1315 6698
88458 -4756 -1322 6686
88515 -4756 -1319 6683
88541 -4748 -1326 6675
88599 -4747 -1316 6665
88622 -4743 -1324 6660
88678 -4732 -1327 6656
88707 -4728 -1326 6657
88764 -4726 -1333 6648
88789 -4725 -1329 6650
88844 -4717 -1321 6634
88872 -4720 -1332 6634
88930 -4713 -1324 6632
88955 -4713 -1332 6625
89012 -4707 -1330 6628
89038 -4702 -1328 6623
89096 -4707 -1331 6611
89121 -4708 -1333 6622
89175 -4697 -1325 6612
89203 -4694 -1334 6605
89259 -4699 -1327 6607
89287 -4693 -1336 6601
89344 -4686 -1333 6604
89369 -4686 -1333 6600
89424 -4689 -1336 6596
89452 -4682 -1332 6594
89508 -4678 -1335 6595
89537 -4682 -1338 6588
89590 -4681 -1330 6591
89618 -4678 -1325 6587
89675 -4677 -1333 6588
89702 -4680 -1333 6590
89758 -4676 -1334 6581
89785 -4670 -1334 6580
89840 -4672 -1337 6576
89866 -4665 -1341 6582
89924 -4669 -1336 6571
89948 -4671 -1331 6576
90004 -4665 -1335 6574
90031 -4664 -1340 6570
90088 -4663 -1332 6572
90115 -4666 -1333 6577
90171 -4662 -1335 6563
90198 -4661 -1336 6566
90253 -4666 -1341 6567
90281 -4656 -1337 6566
90338 -4662 -1338 6563
90376 -4657 -1336 6559
90403 -4652 -1339 6553
90457 -4657 -1340 6555
90488 -4645 -1336 6557
90543 -4654 -1336 6556
90572 -4656 -1328 6549
90625 -4650 -1341 6554
90654 -4656 -1336 6554
90707 -4655 -1343 6549
90737 -4655 -1344 6547
90793 -4648 -1341 6550
90821 -4647 -1342 6548
90876 -4644 -1340 6548
90903 -4648 -1339 6548
90960 -4651 -1338 6543
90983 -4643 -1342 6541
91040 -4646 -1344 6544
91068 -4641 -1341 6539
91125 -4647 -1344 6541
91152 -4642 -1340 6535
91207 -4639 -1341 6532
91233 -4644 -1339 6543
91289 -4649 -1333 6536
91317 -4642 -1336 6533
91373 -4640 -1343 6541
91400 -4638 -1333 6534
91459 -4639 -1350 6543
91483 -4644 -1334 6534
91538 -4632 -1345 6531
91565 -4635 -1345 6535
91619 -4642 -1337 6532
91650 -4632 -1344 6533
91705 -4636 -1343 6524
91731 -4640 -1335 6529
91784 -4635 -1344 6523
91815 -4642 -1340 6526
91872 -4633 -1335 6527
91896 -4631 -1336 6528
91953 -4633 -1342 6523
91978 -4630 -1336 6530
92033 -4629 -1346 6529
92062 -4623 -1341 6528
92118 -4630 -1343 6519
92146 -4631 -1341 6525
92201 -4633 -1341 6526
92228 -4628 -1345 6523
92285 -4632 -1343 6519
92310 -4628 -1341 6520
92365 -4622 -1346 6519
92393 -4629 -1338 6523
92448 -4626 -1333 6519
92477 -4629 -1336 6517
92533 -4630 -1341 6512
92560 -4630 -1344 6516
92618 -4625 -1338 6526
92642 -6665 -1232 12491
92702 -12494 2419 17834
92739 -17684 2784 17855
92766 -18429 3561 19147
92825 -17641 3619 19674
92850 -18764 3963 19206
92903 -18755 3915 20336
92931 -18670 4245 19711
92988 -19039 3780 19135
93013 -18928 4088 19924
93067 -18566 4105 19735
93098 -19113 4202 19639
93156 -18484 3841 19308
93183 -18533 3969 19425
93238 -18834 4033 19525
93264 -18369 3884 19762
93322 -19067 4283 19814
93348 -18318 3845 19302
93404 -18754 4168 19697
93430 -18540 3915 19198
93485 -18550 4039 19742
93513 -19005 4253 19850
93567 -18468 4022 19766
93596 -19105 4173 19703
93652 -18477 4003 19392
93678 -18887 4268 19865
93731 -18669 4065 19434
93762 -18619 4137 19851
93819 -19103 4293 19820
93846 -18524 3987 19616
93901 -19122 4245 19861
93929 -18552 4130 19580
93984 -18912 4229 19827
94010 -18914 4224 19575
94063 -18568 4163 19904
94096 -19105 4228 19688
94150 -18640 4087 19751
94177 -19128 4320 20070
94233 -18771 4238 19630
94261 -18825 4155 19793
94316 -18970 4244 19622
94342 -18621 4166 19746
94398 -19215 4369 20040
94428 -18701 4162 19752
94482 -19091 4315 20033
94509 -18911 4201 19585
94565 -18754 4216 19876
94590 -19131 4381 19912
94648 -18650 4175 19726
94675 -19214 4428 20033
94730 -18739 4097 19662
94761 -18907 4305 20034
94816 -19141 4409 19903
94852 -18694 4178 19856
94882 -19100 4447 19996
94940 -18672 4141 19650
94965 -18941 4334 20033
95022 -19155 4385 19866
95048 -18709 4242 19946
95101 -19327 4426 19732
95131 -18863 4129 19575
95184 -19280 4307 19713
95215 -19442 4459 19733
95271 -19041 4114 19644
95296 -19642 4421 19673
95352 -18975 4144 19560
95379 -19501 4365 19842
95434 -19251 4349 19602
95464 -19203 4232 19766
95519 -19439 4396 19555
95545 -19073 4170 19623
95600 -19516 4402 19857
95629 -19168 4305 19666
95685 -19410 4316 19805
95712 -19352 4313 19562
95769 -19100 4253 19779
95795 -19466 4395 19681
95850 -19210 4289 19720
95879 -19471 4397 19869
95933 -19111 4243 19623
95961 -19377 4349 19826
96016 -19287 4336 19753
96044 -19252 4357 19818
96102 -19325 4398 19781
96127 -19089 4200 19704
96182 -19462 4413 19804
96208 -19204 4364 19798
96265 -19316 4328 19851
96293 -19214 4326 19659
96351 -19328 4340 19804
96376 -19243 4378 19813
96431 -19254 4371 19875
96457 -19333 4333 19777
96512 -19238 4337 19833
96540 -19325 4339 19813
96596 -19243 4398 19886
96624 -19340 4329 19771
96679 -19204 4345 19808
96709 -19316 4332 19783
96762 -19249 4382 19885
96789 -19289 4406 19976
96845 -19207 4276 19765
96873 -19309 4499 19996
96930 -19011 4239 19791
96957 -19207 4476 20054
97013 -19225 4406 19888
97040 -19056 4383 20008
97098 -19253 4433 19849
97122 -19016 4334 19960
97176 -19242 4469 20076
97206 -19115 4401 19943
97266 -19104 4486 20138
97301 -18987 4286 19853
97330 -19182 4496 20064
97384 -19138 4432 20004
97413 -19026 4395 20053
97467 -19005 4095 18319
97497 -11660 -267 10261
97554 -5484 -1223 7441
97580 -5229 -1230 7199
97634 -5122 -1259 7083
97663 -5050 -1257 7009
97719 -4998 -1262 6949
97744 -4971 -1296 6917
97800 -4937 -1292 6874
97829 -4908 -1270 6839
97884 -4894 -1299 6833
97910 -4872 -1301 6799
97963 -4851 -1287 6778
97993 -4848 -1306 6769
98048 -4836 -1299 6748
98076 -4817 -1315 6742
98131 -4812 -1314 6739
98159 -4805 -1322 6728
98213 -4790 -1335 6721
98241 -4795 -1333 6707
98295 -4784 -1331 6706
98324 -4777 -1324 6693
98381 -4770 -1337 6685
98407 -4768 -1345 6680
98463 -4765 -1334 6683
98490 -4751 -1339 6668
98548 -4751 -1339 6666
98573 -4751 -1336 6660
98627 -4734 -1342 6657
98655 -4741 -1333 6651
98711 -4737 -1345 6647
98738 -4734 -1339 6639
98798 -4731 -1342 6632
98832 -4726 -1331 6637
98863 -4726 -1344 6629
98917 -4720 -1338 6622
98946 -4714 -1343 6619
99003 -4711 -1347 6622
99029 -4713 -1342 6614
99085 -4708 -1345 6608
99113 -4710 -1345 6612
99167 -4702 -1344 6607
99195 -4700 -1348 6600
99250 -4702 -1354 6597
99278 -4693 -1351 6596
99333 -4694 -1354 6600
99359 -4693 -1349 6594
99415 -4688 -1346 6583
99441 -4694 -1345 6580
99498 -4691 -1348 6584
99525 -4690 -1347 6582
99582 -4683 -1350 6579
99608 -4682 -1349 6576
99664 -4679 -1350 6576
99692 -4680 -1350 6578
99746 -4681 -1352 6578
99774 -4685 -1353 6574
99827 -4675 -1351 6565
99857 -4684 -1349 6574
99911 -4672 -1350 6570
99941 -4675 -1351 6560
99997 -4666 -1348 6569
1.0002e+05 -4674 -1354 6563
1.0008e+05 -4671 -1350 6560
1.0011e+05 -4667 -1350 6554
1.0016e+05 -4672 -1360 6559
1.0019e+05 -4667 -1356 6559
1.0024e+05 -4665 -1358 6558
1.0027e+05 -4666 -1347 6556
1.0033e+05 -4664 -1355 6557
1.0035e+05 -4664 -1360 6545
1.0041e+05 -4656 -1359 6552
1.0044e+05 -4664 -1354 6552
1.0049e+05 -4657 -1347 6550
1.0052e+05 -4661 -1355 6549
1.0058e+05 -4665 -1363 6548
1.006e+05 -4654 -1347 6544
1.0066e+05 -4652 -1353 6545
1.0069e+05 -4656 -1353 6541
1.0074e+05 -4656 -1358 6545
1.0077e+05 -4651 -1359 6546
1.0082e+05 -4647 -1353 6541
1.0085e+05 -4655 -1358 6537
1.0091e+05 -4646 -1359 6531
1.0093e+05 -4648 -1363 6531
1.0099e+05 -4649 -1354 6534
1.0102e+05 -4655 -1369 6532
1.0107e+05 -4652 -1351 6538
1.011e+05 -4650 -1360 6538
1.0116e+05 -4635 -1359 6528
1.0118e+05 -4648 -1364 6534
1.0124e+05 -4641 -1358 6534
1.0127e+05 -4650 -1353 6523
1.0132e+05 -4649 -1361 6531
1.0135e+05 -4644 -1358 6532
1.014e+05 -4640 -1359 6532
1.0143e+05 -4638 -1354 6526
1.0149e+05 -4633 -1362 6533
1.0151e+05 -4647 -1357 6531
1.0157e+05 -4644 -1359 6523
1.016e+05 -4643 -1366 6531
1.0165e+05 -4637 -1358 6524
1.0168e+05 -4636 -1358 6515
1.0173e+05 -4634 -1361 6518
1.0176e+05 -4635 -1357 6522
1.0182e+05 -4646 -1366 6522
1.0185e+05 -4636 -1365 6518
1.019e+05 -4640 -1365 6510
1.0193e+05 -4644 -1360 6509
1.0198e+05 -4633 -1356 6521
1.0201e+05 -4635 -1356 6516
1.0207e+05 -4637 -1362 6521
1.0209e+05 -4630 -1354 6517
1.0215e+05 -4637 -1362 6520
1.0218e+05 -4638 -1361 6514
1.0223e+05 -4626 -1353 6518
1.0226e+05 -4634 -1360 6513
1.0231e+05 -4626 -1360 6510
1.0234e+05 -4628 -1361 6510
1.024e+05 -4630 -1337 6508
1.0242e+05 -4631 -1351 6510
1.0248e+05 -4623 -1349 6503
1.0251e+05 -4629 -1349 6512
1.0255e+05 -4626 -1351 6507
1.026e+05 -4631 -1355 6503
1.0265e+05 -4634 -1345 6499
1.0268e+05 -4625 -1349 6503
1.0273e+05 -4632 -1349 6496
1.0276e+05 -4625 -1347 6501
1.0281e+05 -4633 -1344 6499
1.0284e+05 -4635 -1343 6500
1.029e+05 -4626 -1348 6505
1.0292e+05 -4624 -1352 6499
1.0298e+05 -4625 -1348 6500
1.0301e+05 -4621 -1353 6498
1.0306e+05 -4623 -1351 6497
1.0309e+05 -4617 -1348 6498
1.0314e+05 -4617 -1349 6502
1.0317e+05 -4617 -1350 6497
1.0323e+05 -4617 -1353 6497
1.0325e+05 -4619 -1351 6492
1.0331e+05 -4614 -1346 6494
1.0334e+05 -4621 -1345 6498
1.0339e+05 -4618 -1355 6491
1.0342e+05 -4615 -1350 6492
1.0347e+05 -4618 -1342 6487
1.035e+05 -4623 -1349 6486
1.0356e+05 -4618 -1348 6489
1.0359e+05 -4619 -1351 6496
1.0364e+05 -4613 -1356 6493
1.0367e+05 -4626 -1350 6492
1.0373e+05 -4617 -1350 6493
1.0375e+05 -4613 -1350 6492
1.0381e+05 -4622 -1358 6489
1.0384e+05 -4618 -1342 6489
1.0389e+05 -4620 -1349 6491
1.0392e+05 -4614 -1350 6489
1.0397e+05 -4616 -1352 6485
1.04e+05 -4616 -1348 6486
1.0406e+05 -4621 -1353 6482
1.0408e+05 -4617 -1347 6479
1.0414e+05 -4614 -1354 6481
1.0417e+05 -4614 -1355 6478
1.0422e+05 -4610 -1346 6483
1.0425e+05 -4617 -1353 6485
1.0431e+05 -4617 -1345 6479
1.0433e+05 -4619 -1349 6486
1.0439e+05 -4608 -1348 6481
1.0442e+05 -4615 -1347 6482
1.0447e+05 -4615 -1342 6479
1.045e+05 -4615 -1355 6490
1.0455e+05 -4619 -1347 6488
1.0458e+05 -4609 -1354 6482
1.0464e+05 -4612 -1344 6477
1.0466e+05 -4606 -1346 6478
1.0472e+05 -4611 -1360 6476
1.0474e+05 -4610 -1351 6483
1.048e+05 -4614 -1352 6480
1.0483e+05 -4613 -1345 6475
1.0489e+05 -4610 -1355 6483
1.0491e+05 -4610 -1343 6477
1.0497e+05 -4616 -1350 6481
1.05e+05 -4608 -1350 6475
1.0505e+05 -4611 -1351 6483
1.0508e+05 -4611 -1362 6474
1.0513e+05 -4605 -1351 6477
1.0516e+05 -4609 -1354 6479
1.0522e+05 -4612 -1348 6479
1.0524e+05 -4610 -1356 6477
1.053e+05 -4615 -1352 6480
1.0533e+05 -4610 -1354 6473
1.0538e+05 -4609 -1351 6474
1.0541e+05 -4607 -1349 6477
1.0546e+05 -4612 -1358 6479
1.0549e+05 -4609 -1352 6471
1.0554e+05 -4604 -1350 6484
1.0557e+05 -4600 -1353 6480
1.0563e+05 -4612 -1343 6473
1.0566e+05 -4607 -1354 6477
1.0571e+05 -4616 -1346 6480
1.0574e+05 -4605 -1349 6465
1.058e+05 -4608 -1351 6478
1.0582e+05 -4603 -1353 6471
1.0588e+05 -4606 -1344 6475
1.0591e+05 -4599 -1356 6474
1.0596e+05 -4604 -1353 6470
1.0599e+05 -4611 -1355 6470
1.0605e+05 -4604 -1349 6478
1.0607e+05 -4606 -1364 6472
1.0613e+05 -4607 -1347 6469
1.0616e+05 -4607 -1351 6472
1.0621e+05 -4604 -1360 6471
1.0625e+05 -4605 -1353 6474
1.0628e+05 -4605 -1354 6470
1.0633e+05 -4612 -1352 6469
1.0636e+05 -4596 -1354 6468
1.0642e+05 -4603 -1347 6474
1.0644e+05 -4603 -1354 6471
1.065e+05 -4605 -1350 6469
1.0653e+05 -4605 -1357 6471
1.0658e+05 -4604 -1359 6475
1.0661e+05 -4599 -1352 6466
1.0667e+05 -4601 -1355 6463
1.0669e+05 -4604 -1353 6472
1.0675e+05 -4600 -1356 6470
1.0678e+05 -4604 -1357 6470
1.0683e+05 -4604 -1364 6467
1.0686e+05 -4608 -1354 6475
1.0692e+05 -4598 -1354 6476
1.0694e+05 -4608 -1348 6468
1.07e+05 -4602 -1349 6468
1.0703e+05 -4603 -1352 6466
1.0708e+05 -4602 -1354 6462
1.0711e+05 -4599 -1364 6466
1.0716e+05 -4592 -1354 6470
1.0719e+05 -4601 -1355 6461
1.0725e+05 -4596 -1352 6467
1.0727e+05 -4603 -1371 6466
1.0733e+05 -4608 -1367 6458
1.0736e+05 -4598 -1360 6466
1.0741e+05 -4599 -1369 6462
1.0744e+05 -4602 -1372 6469
1.075e+05 -4599 -1367 6467
1.0752e+05 -4611 -1362 6466
1.0758e+05 -4599 -1359 6470
1.0761e+05 -4605 -1365 6466
1.0766e+05 -4603 -1357 6461
1.0769e+05 -4603 -1364 6466
1.0774e+05 -4599 -1371 6465
1.0777e+05 -4600 -1369 6464
1.0782e+05 -4598 -1368 6463
1.0785e+05 -4601 -1368 6464
1.0791e+05 -4594 -1374 6466
1.0794e+05 -4599 -1354 6460
1.0799e+05 -4599 -1360 6461
1.0802e+05 -4597 -1373 6473
1.0807e+05 -4603 -1370 6467
1.081e+05 -4595 -1368 6461
1.0816e+05 -4600 -1370 6468
1.0818e+05 -4604 -1365 6465
1.0824e+05 -4598 -1366 6468
1.0827e+05 -4602 -1367 6467
1.0832e+05 -4598 -1364 6463
1.0835e+05 -4594 -1369 6466
1.0841e+05 -4603 -1371 6455
1.0843e+05 -4605 -1375 6470
1.0849e+05 -4597 -1373 6461
1.0852e+05 -4602 -1373 6475
1.0857e+05 -4602 -1409 6488
1.086e+05 -4591 -1384 6474
1.0865e+05 -4596 -1389 6479
1.0868e+05 -4606 -1392 6485
1.0874e+05 -4596 -1387 6476
1.0877e+05 -4597 -1387 6472
1.0882e+05 -4599 -1388 6480
1.0885e+05 -4600 -1393 6479
1.089e+05 -4595 -1383 6472
1.0893e+05 -4592 -1383 6465
1.0899e+05 -4606 -1386 6469
1.0901e+05 -4601 -1378 6467
1.0907e+05 -4591 -1374 6469
1.091e+05 -4598 -1374 6465
1.0915e+05 -4599 -1379 6460
1.0918e+05 -4598 -1380 6464
1.0924e+05 -4591 -1377 6464
1.0926e+05 -4599 -1368 6463
1.0932e+05 -4595 -1370 6460
1.0934e+05 -4600 -1372 6463
1.094e+05 -4596 -1373 6460
1.0943e+05 -4590 -1365 6463
1.0948e+05 -4588 -1375 6455
1.0951e+05 -4595 -1374 6462
1.0956e+05 -4593 -1373 6459
1.0959e+05 -4596 -1373 6459
1.0965e+05 -4593 -1362 6464
1.0968e+05 -4592 -1373 6460
1.0973e+05 -4592 -1372 6460
1.0976e+05 -4599 -1367 6456
1.0981e+05 -4593 -1370 6458
1.0984e+05 -4589 -1374 6457
1.099e+05 -4593 -1366 6458
1.0992e+05 -4598 -1375 6463
1.0998e+05 -4589 -1375 6460
1.1001e+05 -4594 -1371 6460
1.1006e+05 -4592 -1367 6457
1.1009e+05 -4597 -1378 6463
1.1015e+05 -4597 -1364 6454
1.1017e+05 -4598 -1372 6460
1.1023e+05 -4595 -1374 6457
1.1025e+05 -4601 -1365 6455
1.1031e+05 -4594 -1374 6453
1.1034e+05 -4595 -1368 6458
1.1039e+05 -4594 -1372 6457
1.1042e+05 -4588 -1375 6452
1.1048e+05 -4590 -1368 6454
1.1051e+05 -4589 -1364 6457
1.1057e+05 -4599 -1366 6455
1.106e+05 -4595 -1360 6469
1.1063e+05 -4589 -1368 6452
1.1069e+05 -4585 -1371 6458
1.1072e+05 -4581 -1372 6455
1.1075e+05 -4591 -1369 6457
1.108e+05 -4590 -1378 6459
1.1086e+05 -4593 -1368 6453
1.1089e+05 -4588 -1372 6454
1.1092e+05 -4591 -1367 6454
1.1098e+05 -4594 -1363 6457
1.11e+05 -4590 -1368 6449
1.1105e+05 -4591 -1368 6454
1.1109e+05 -4599 -1370 6458
1.1114e+05 -4588 -1370 6450
1.1117e+05 -4589 -1367 6453
1.1122e+05 -4588 -1370 6457
1.1125e+05 -4590 -1369 6456
1.1131e+05 -4589 -1371 6450
1.1133e+05 -4588 -1368 6458
1.1139e+05 -4588 -1369 6453
1.1141e+05 -4592 -1364 6458
1.1147e+05 -4596 -1364 6454
1.115e+05 -4588 -1366 6457
1.1155e+05 -4592 -1367 6451
1.1158e+05 -4589 -1371 6457
1.1164e+05 -4589 -1373 6453
1.1167e+05 -4590 -1361 6453
1.1172e+05 -4595 -1370 6452
1.1175e+05 -4593 -1372 6449
1.118e+05 -4589 -1366 6459
1.1183e+05 -4588 -1367 6454
1.1189e+05 -4589 -1369 6452
1.1191e+05 -4594 -1371 6453
1.1197e+05 -4592 -1370 6447
1.12e+05 -4594 -1365 6453
1.1205e+05 -4593 -1372 6454
1.1208e+05 -4590 -1365 6450
1.1214e+05 -4593 -1367 6457
1.1216e+05 -4592 -1339 6929
1.1222e+05 -4601 -1352 6460
1.1224e+05 -4587 -1342 6528
1.123e+05 -4592 -1352 6460
1.1233e+05 -4675 -1316 6464
1.1238e+05 -4583 -1344 6449
1.1241e+05 -4611 -1354 6469
1.1247e+05 -4592 -1337 6452
1.1249e+05 -4595 -1341 6446
1.1255e+05 -4602 -1346 6459
1.1258e+05 -4592 -1346 6449
1.1263e+05 -4581 -1340 6442
1.1266e+05 -4605 -1354 6465
1.1271e+05 -4585 -1348 6448
1.1274e+05 -4579 -1349 6454
1.128e+05 -4590 -1346 6450
1.1282e+05 -4588 -1347 6449
1.1288e+05 -4590 -1349 6463
1.1291e+05 -4596 -1344 6458
1.1297e+05 -4581 -1354 6451
1.13e+05 -4591 -1340 6464
1.1303e+05 -4580 -1345 6447
1.1309e+05 -4590 -1346 6459
1.1311e+05 -4601 -1351 6456
1.1317e+05 -4586 -1349 6444
1.132e+05 -4590 -1347 6458
1.1326e+05 -4594 -1340 6445
1.1328e+05 -4585 -1340 6444
1.1334e+05 -4598 -1358 6460
1.1336e+05 -4591 -1345 6450
1.1342e+05 -4585 -1351 6451
1.1345e+05 -4591 -1340 6441
1.135e+05 -4587 -1345 6454
1.1353e+05 -4586 -1355 6451
1.1358e+05 -4588 -1354 6453
1.1361e+05 -4587 -1352 6453
1.1366e+05 -4585 -1352 6446
1.1369e+05 -4589 -1347 6458
1.1375e+05 -4587 -1351 6450
1.1378e+05 -4588 -1341 6452
1.1383e+05 -4598 -1351 6451
1.1386e+05 -4578 -1348 6443
1.1392e+05 -4590 -1348 6456
1.1394e+05 -4584 -1350 6442
1.14e+05 -4583 -1343 6453
1.1403e+05 -4598 -1357 6448
1.1408e+05 -4583 -1350 6445
1.1411e+05 -4588 -1348 6455
1.1416e+05 -4586 -1349 6448
1.1419e+05 -4584 -1348 6448
1.1425e+05 -4597 -1347 6457
1.1428e+05 -4585 -1345 6450
1.1433e+05 -4594 -1337 6448
1.1436e+05 -4592 -1343 6446
1.1442e+05 -4580 -1346 6457
1.1444e+05 -4590 -1349 6441
1.1449e+05 -4584 -1347 6448
1.1452e+05 -4588 -1355 6453
1.1458e+05 -4587 -1354 6453
1.1461e+05 -4592 -1348 6445
1.1466e+05 -4596 -1351 6446
1.1469e+05 -4580 -1343 6448
1.1475e+05 -4591 -1346 6456
1.1477e+05 -4583 -1347 6451
1.1483e+05 -4582 -1343 6447
1.1485e+05 -4588 -1350 6444
1.1491e+05 -4583 -1345 6446
1.1494e+05 -4581 -1343 6457
1.1499e+05 -4583 -1348 6446
1.1502e+05 -4584 -1342 6444
1.1508e+05 -4585 -1346 6445
1.151e+05 -4585 -1352 6443
1.1516e+05 -4584 -1344 6454
1.1519e+05 -4588 -1349 6444
1.1524e+05 -4580 -1347 6452
1.1527e+05 -4591 -1353 6450
1.1533e+05 -4583 -1348 6447
1.1535e+05 -4583 -1352 6450
1.1541e+05 -4587 -1344 6451
1.1543e+05 -4589 -1345 6453
1.1549e+05 -4590 -1348 6447
1.1552e+05 -4582 -1344 6445
1.1558e+05 -4588 -1341 6451
1.156e+05 -4580 -1352 6444
1.1566e+05 -4586 -1344 6450
1.1569e+05 -4580 -1354 6447
1.1574e+05 -4578 -1345 6453
1.1577e+05 -4586 -1342 6450
1.1582e+05 -4581 -1346 6441
1.1585e+05 -4596 -1351 6454
1.1591e+05 -4584 -1349 6440
1.1593e+05 -4584 -1346 6455
1.1599e+05 -4588 -1345 6445
1.1602e+05 -4584 -1341 6449
1.1607e+05 -4588 -1349 6446
1.161e+05 -4580 -1352 6444
1.1616e+05 -4585 -1345 6454
1.1618e+05 -4581 -1349 6441
1.1624e+05 -4580 -1355 6454
1.1627e+05 -4580 -1350 6450
1.1632e+05 -4585 -1348 6449
1.1635e+05 -4582 -1351 6451
1.164e+05 -4583 -1346 6440
1.1643e+05 -4590 -1346 6451
1.1649e+05 -4588 -1354 6449
1.1651e+05 -4583 -1342 6436
1.1657e+05 -4582 -1347 6449
1.1659e+05 -4577 -1349 6442
1.1665e+05 -4580 -1338 6443
1.1668e+05 -4589 -1350 6451
1.1673e+05 -4578 -1346 6444
1.1676e+05 -4585 -1352 6453
1.1682e+05 -4575 -1346 6445
1.1684e+05 -4583 -1348 6454
1.169e+05 -4576 -1357 6439
1.1693e+05 -4589 -1345 6446
1.1698e+05 -4585 -1348 6451
1.1701e+05 -4580 -1344 6445
1.1706e+05 -4572 -1360 6447
1.1709e+05 -4593 -1397 6445
1.1715e+05 -4578 -1365 6444
1.1717e+05 -4577 -1366 6438
1.1723e+05 -4579 -1387 6445
1.1726e+05 -4580 -1369 6441
1.1731e+05 -4577 -1369 6442
1.1734e+05 -4578 -1373 6442
1.174e+05 -4586 -1376 6439
1.1742e+05 -4586 -1374 6444
1.1748e+05 -4582 -1372 6443
1.1751e+05 -4584 -1371 6435
1.1756e+05 -4580 -1372 6439
1.1759e+05 -4578 -1373 6446
1.1765e+05 -4574 -1373 6445
1.1767e+05 -4583 -1373 6442
1.1773e+05 -4581 -1367 6444
1.1776e+05 -4579 -1376 6442
1.1781e+05 -4587 -1374 6441
1.1784e+05 -4584 -1370 6439
1.179e+05 -4585 -1366 6440
1.1792e+05 -4584 -1376 6438
1.1798e+05 -4578 -1366 6442
1.18e+05 -4578 -1370 6437
1.1806e+05 -4582 -1366 6438
1.1809e+05 -4582 -1372 6445
1.1814e+05 -4582 -1373 6438
1.1817e+05 -4579 -1373 6447
1.1822e+05 -4582 -1369 6445
1.1825e+05 -4579 -1369 6435
1.1831e+05 -4575 -1375 6440
1.1834e+05 -4580 -1362 6435
1.1839e+05 -4583 -1376 6442
1.1842e+05 -4573 -1370 6433
1.1847e+05 -4581 -1374 6438
1.185e+05 -4580 -1372 6442
1.1856e+05 -4577 -1369 6437
1.1858e+05 -4585 -1374 6435
1.1864e+05 -4576 -1373 6445
1.1866e+05 -4583 -1373 6445
1.1872e+05 -4579 -1373 6439
1.1875e+05 -4577 -1371 6436
1.188e+05 -4578 -1372 6439
1.1883e+05 -4573 -1367 6442
1.1889e+05 -4582 -1377 6439
1.1892e+05 -4576 -1380 6446
1.1897e+05 -4580 -1376 6437
1.19e+05 -4577 -1371 6439
1.1905e+05 -4581 -1376 6436
1.1908e+05 -4576 -1368 6443
1.1914e+05 -4578 -1365 6444
1.1916e+05 -4582 -1370 6442
1.1922e+05 -4578 -1372 6436
1.1925e+05 -4569 -1370 6434
1.193e+05 -4585 -1369 6439
1.1933e+05 -4582 -1372 6442
1.1939e+05 -4573 -1374 6432
1.1941e+05 -4578 -1367 6441
1.1947e+05 -4576 -1370 6438
1.195e+05 -4577 -1379 6441
1.1955e+05 -4574 -1378 6430
1.1958e+05 -4581 -1371 6440
1.1963e+05 -4583 -1379 6450
1.1966e+05 -4577 -1370 6438
1.1972e+05 -4572 -1375 6442
1.1974e+05 -4579 -1368 6434
1.198e+05 -4583 -1374 6439
1.1983e+05 -4578 -1373 6434
1.1988e+05 -4576 -1372 6435
1.1991e+05 -4577 -1371 6436
1.1996e+05 -4576 -1368 6436
1.1999e+05 -4580 -1370 6436
1.2005e+05 -4569 -1368 6430
1.2007e+05 -4581 -1372 6436
1.2013e+05 -4576 -1371 6440
1.2016e+05 -4579 -1362 6434
1.2021e+05 -4576 -1365 6442
1.2024e+05 -4578 -1368 6438
1.2029e+05 -4580 -1365 6437
1.2032e+05 -4572 -1377 6437
1.2038e+05 -4585 -1373 6428
1.2041e+05 -4572 -1371 6437
1.2046e+05 -4577 -1377 6442
1.2049e+05 -4575 -1371 6432
1.2054e+05 -4578 -1376 6434
1.2057e+05 -4572 -1373 6435
1.2062e+05 -4579 -1365 6437
1.2066e+05 -4570 -1368 6440
1.2071e+05 -4576 -1366 6432
1.2074e+05 -4577 -1366 6432
1.2079e+05 -4575 -1372 6434
1.2082e+05 -4579 -1372 6432
1.2087e+05 -4574 -1376 6438
1.209e+05 -4571 -1367 6435
1.2096e+05 -4578 -1364 6432
1.2099e+05 -4580 -1374 6438
1.2104e+05 -4578 -1372 6433
1.2107e+05 -4571 -1365 6433
1.2113e+05 -4579 -1364 6436
1.2115e+05 -4576 -1370 6436
1.2121e+05 -4583 -1374 6435
1.2123e+05 -4570 -1372 6430
1.2129e+05 -4563 -1377 6430
1.2132e+05 -4577 -1372 6430
1.2137e+05 -4574 -1374 6436
1.214e+05 -4570 -1367 6439
1.2146e+05 -4574 -1367 6438
1.2148e+05 -4572 -1364 6436
1.2154e+05 -4571 -1372 6437
1.2157e+05 -4580 -1372 6426
1.2162e+05 -4571 -1371 6436
1.2165e+05 -4580 -1368 6439
1.217e+05 -4576 -1365 6436
1.2173e+05 -4582 -1369 6434
1.218e+05 -4574 -1371 6435
1.2181e+05 -4577 -1371 6437
1.2187e+05 -4579 -1372 6432
1.219e+05 -4579 -1367 6434
1.2195e+05 -4579 -1360 6433
1.2198e+05 -4627 -1354 6801
1.2202e+05 -4594 -1348 6600
1.2207e+05 -4610 -1343 6512
1.221e+05 -4631 -1411 6564
1.2216e+05 -4639 -1329 6470
1.2219e+05 -4638 -1370 6510
1.2225e+05 -4635 -1384 6513
1.2227e+05 -4626 -1337 6477
1.2233e+05 -4640 -1370 6517
1.2235e+05 -4618 -1362 6509
1.2241e+05 -4619 -1341 6492
1.2244e+05 -4637 -1373 6528
1.2249e+05 -4623 -1345 6480
1.2252e+05 -4646 -1343 6516
1.2258e+05 -4621 -1375 6499
1.226e+05 -4624 -1328 6498
1.2264e+05 -4635 -1368 6520
1.2268e+05 -4623 -1351 6492
1.2275e+05 -4636 -1346 6517
1.2277e+05 -4622 -1366 6504
1.2283e+05 -4637 -1342 6508
1.2285e+05 -4621 -1360 6514
1.2291e+05 -4636 -1348 6498
1.2293e+05 -4633 -1354 6510
1.2299e+05 -4618 -1360 6495
1.2302e+05 -4640 -1340 6512
1.2307e+05 -4629 -1365 6507
1.231e+05 -4630 -1352 6515
1.2316e+05 -4629 -1350 6500
1.2318e+05 -4629 -1359 6503
1.2324e+05 -4622 -1349 6507
1.2326e+05 -4631 -1354 6522
1.2332e+05 -4622 -1349 6499
1.2335e+05 -4634 -1348 6520
1.234e+05 -4621 -1363 6501
1.2343e+05 -4633 -1345 6501
1.2347e+05 -4622 -1363 6516
1.2352e+05 -4627 -1356 6510
1.2357e+05 -4627 -1356 6506
1.236e+05 -4626 -1357 6498
1.2365e+05 -4632 -1356 6508
1.2368e+05 -4634 -1358 6515
1.2373e+05 -4626 -1349 6506
1.2376e+05 -4639 -1352 6505
1.2382e+05 -4627 -1358 6519
1.2385e+05 -4626 -1354 6496
1.239e+05 -4637 -1350 6517
1.2394e+05 -4629 -1352 6492
1.2397e+05 -4639 -1345 6511
1.2402e+05 -4630 -1352 6509
1.2405e+05 -4630 -1348 6496
1.2411e+05 -4631 -1354 6507
1.2413e+05 -4618 -1352 6495
1.2419e+05 -4630 -1350 6509
1.2422e+05 -4628 -1356 6514
1.2428e+05 -4626 -1349 6498
1.243e+05 -4626 -1354 6510
1.2436e+05 -4629 -1351 6504
1.2438e+05 -4622 -1349 6504
1.2445e+05 -4631 -1355 6506
1.2447e+05 -4619 -1352 6498
1.2452e+05 -4632 -1361 6492
1.2455e+05 -4622 -1358 6500
1.246e+05 -4613 -1348 6500
1.2463e+05 -4630 -1360 6504
1.2469e+05 -4616 -1353 6487
1.2471e+05 -4638 -1357 6502
1.2477e+05 -4626 -1358 6490
1.248e+05 -4625 -1344 6514
1.2485e+05 -4634 -1360 6495
1.2488e+05 -4627 -1345 6492
1.2494e+05 -4630 -1356 6493
1.2496e+05 -4617 -1349 6512
1.2502e+05 -4620 -1352 6486
1.2505e+05 -4639 -1349 6526
1.251e+05 -4618 -1359 6484
1.2513e+05 -4638 -1350 6511
1.2519e+05 -4612 -1373 6503
1.2521e+05 -4631 -1339 6492
1.2527e+05 -4630 -1358 6520
1.2529e+05 -4623 -1351 6498
1.2535e+05 -4632 -1349 6502
1.2538e+05 -4618 -1356 6491
1.2543e+05 -4633 -1344 6504
1.2546e+05 -4631 -1348 6492
1.2552e+05 -4623 -1346 6509
1.2554e+05 -4636 -1355 6481
1.256e+05 -4618 -1333 6502
1.2564e+05 -4633 -1355 6511
1.2567e+05 -4621 -1341 6502
1.2572e+05 -4632 -1349 6514
1.2575e+05 -4625 -1356 6491
1.2581e+05 -4625 -1340 6509
1.2583e+05 -4636 -1363 6501
1.2589e+05 -4625 -1343 6490
1.2591e+05 -4629 -1353 6514
1.2597e+05 -4614 -1350 6491
1.26e+05 -4636 -1345 6508
1.2606e+05 -4627 -1355 6492
1.2608e+05 -4613 -1346 6503
1.2614e+05 -4632 -1352 6506
1.2616e+05 -4621 -1352 6487
1.2622e+05 -4634 -1356 6514
1.2625e+05 -4619 -1355 6498
1.263e+05 -4635 -1352 6510
1.2633e+05 -4632 -1359 6497
1.2639e+05 -4614 -1350 6504
1.2641e+05 -4627 -1350 6506
1.2647e+05 -4626 -1355 6498
1.265e+05 -4637 -1356 6509
1.2656e+05 -4616 -1355 6481
1.2659e+05 -4631 -1353 6511
1.2662e+05 -4620 -1342 6488
1.2668e+05 -4628 -1346 6513
1.267e+05 -4620 -1358 6491
1.2676e+05 -4630 -1350 6502
1.2679e+05 -4624 -1359 6504
1.2685e+05 -4588 -1354 6438
1.2688e+05 -4579 -1385 6448
1.2691e+05 -4577 -1379 6437
1.2697e+05 -4565 -1367 6435
1.2699e+05 -4578 -1381 6432
1.2705e+05 -4581 -1380 6443
1.2708e+05 -4579 -1366 6444
1.2713e+05 -4579 -1377 6435
1.2716e+05 -4581 -1386 6437
1.272e+05 -4569 -1380 6433
1.2725e+05 -4583 -1373 6434
1.2728e+05 -4576 -1378 6433
1.2734e+05 -4577 -1370 6434
1.2737e+05 -4582 -1377 6435
1.2742e+05 -4583 -1376 6437
1.2745e+05 -4576 -1372 6437
1.2751e+05 -4572 -1376 6435
1.2753e+05 -4580 -1376 6441
1.2759e+05 -4574 -1370 6435
1.2761e+05 -4568 -1372 6437
1.2768e+05 -4573 -1374 6433
1.277e+05 -4576 -1376 6440
1.2776e+05 -4576 -1379 6433
1.2779e+05 -4569 -1377 6432
1.2782e+05 -4577 -1376 6428
1.2788e+05 -4575 -1373 6431
1.279e+05 -4580 -1371 6432
1.2796e+05 -4574 -1375 6441
1.2799e+05 -4578 -1376 6431
1.2804e+05 -4577 -1375 6434
1.2809e+05 -4573 -1371 6438
1.2811e+05 -4567 -1377 6432
1.2817e+05 -4573 -1372 6431
1.2819e+05 -4577 -1379 6434
1.2824e+05 -4578 -1368 6435
1.2829e+05 -4573 -1381 6430
1.2834e+05 -4577 -1377 6427
1.2837e+05 -4572 -1376 6433
1.284e+05 -4577 -1379 6431
1.2846e+05 -4575 -1371 6436
1.2848e+05 -4570 -1370 6431
1.2854e+05 -4578 -1371 6433
1.2857e+05 -4570 -1373 6432
1.2862e+05 -4573 -1368 6434
1.2865e+05 -4567 -1382 6426
1.2871e+05 -4562 -1381 6428
1.2873e+05 -4575 -1377 6427
1.2879e+05 -4566 -1376 6433
1.2882e+05 -4567 -1377 6434
1.2888e+05 -4571 -1376 6433
1.289e+05 -4577 -1382 6437
1.2895e+05 -4573 -1372 6434
1.2898e+05 -4570 -1372 6432
1.2904e+05 -4570 -1378 6426
1.2906e+05 -4569 -1372 6426
1.2912e+05 -4566 -1375 6428
1.2915e+05 -4571 -1369 6430
1.2921e+05 -4567 -1371 6434
1.2923e+05 -4570 -1373 6431
1.2929e+05 -4569 -1371 6433
1.2933e+05 -4576 -1373 6433
1.2936e+05 -4574 -1377 6430
1.2941e+05 -4570 -1375 6427
1.2944e+05 -4573 -1374 6428
1.2949e+05 -4574 -1372 6435
1.2952e+05 -4570 -1367 6427
1.2958e+05 -4576 -1374 6428
1.296e+05 -4567 -1376 6428
1.2966e+05 -4577 -1376 6432
1.2969e+05 -4574 -1380 6426
1.2974e+05 -4573 -1373 6431
1.2977e+05 -4576 -1374 6425
1.2982e+05 -4577 -1370 6431
1.2985e+05 -4574 -1376 6432
1.2991e+05 -4571 -1371 6430
1.2995e+05 -4572 -1374 6430
1.2998e+05 -4570 -1375 6432
1.3003e+05 -4573 -1369 6427
1.3006e+05 -4568 -1376 6431
1.3012e+05 -4568 -1367 6437
1.3014e+05 -4576 -1377 6435
1.302e+05 -4575 -1380 6427
1.3023e+05 -4567 -1370 6433
1.3028e+05 -4565 -1373 6426
1.3031e+05 -4570 -1375 6427
1.3036e+05 -4575 -1377 6429
1.3039e+05 -4565 -1372 6429
1.3045e+05 -4569 -1379 6429
1.3047e+05 -4568 -1379 6427
1.3052e+05 -4574 -1373 6430
1.3057e+05 -4572 -1379 6431
1.306e+05 -4570 -1375 6426
1.3065e+05 -4568 -1372 6429
1.3068e+05 -4571 -1368 6428
1.3074e+05 -4567 -1378 6428
1.3076e+05 -4566 -1378 6430
1.3082e+05 -4575 -1375 6427
1.3085e+05 -4569 -1376 6428
1.3089e+05 -4570 -1375 6425
1.3094e+05 -4574 -1368 6425
1.3097e+05 -4577 -1368 6429
1.3102e+05 -4575 -1370 6433
1.3105e+05 -4570 -1374 6426
1.3111e+05 -4574 -1374 6427
1.3113e+05 -4572 -1375 6424
1.3119e+05 -4568 -1371 6429
1.3122e+05 -4570 -1373 6430
1.3127e+05 -4570 -1367 6428
1.313e+05 -4571 -1373 6428
1.3136e+05 -4570 -1377 6426
1.3138e+05 -4573 -1374 6430
1.3144e+05 -4572 -1372 6426
1.3147e+05 -4577 -1364 6431
1.3152e+05 -4573 -1374 6426
1.3155e+05 -4578 -1370 6425
1.3161e+05 -4573 -1370 6431
1.3165e+05 -4571 -1376 6431
1.3167e+05 -4573 -1369 6424
1.3173e+05 -4572 -1366 6423
1.3176e+05 -5292 -1438 7462
1.3181e+05 -4736 -1407 6614
1.3184e+05 -4828 -1320 6682
1.319e+05 -4714 -1475 6747
1.3192e+05 -4760 -1318 6578
1.3198e+05 -4711 -1377 6686
1.3201e+05 -4722 -1425 6579
1.3207e+05 -4688 -1355 6613
1.3209e+05 -4716 -1398 6620
1.3214e+05 -4683 -1370 6586
1.3219e+05 -4706 -1357 6609
1.3223e+05 -4685 -1405 6592
1.3227e+05 -4687 -1351 6602
1.3231e+05 -4694 -1400 6609
1.3234e+05 -4681 -1366 6575
1.3238e+05 -4700 -1363 6621
1.3244e+05 -4689 -1377 6586
1.3246e+05 -4695 -1365 6613
1.3252e+05 -4681 -1382 6591
1.3254e+05 -4673 -1362 6611
1.326e+05 -4698 -1374 6602
1.3263e+05 -4682 -1364 6593
1.3267e+05 -4694 -1363 6611
1.3272e+05 -4693 -1379 6593
1.3278e+05 -4675 -1361 6599
1.328e+05 -4700 -1384 6597
1.3285e+05 -4666 -1368 6604
1.3289e+05 -4702 -1366 6606
1.3292e+05 -4682 -1387 6589
1.3296e+05 -4680 -1370 6597
1.3301e+05 -4696 -1383 6602
1.3306e+05 -4676 -1363 6597
1.3308e+05 -4693 -1379 6607
1.3314e+05 -4685 -1377 6582
1.3316e+05 -4684 -1358 6600
1.3322e+05 -4700 -1380 6598
1.3325e+05 -4678 -1357 6603
1.333e+05 -4692 -1377 6604
1.3333e+05 -4681 -1372 6590
1.3339e+05 -4685 -1364 6602
1.3342e+05 -4705 -1392 6590
1.3345e+05 -4672 -1349 6604
1.3352e+05 -4700 -1378 6595
1.3354e+05 -4682 -1364 6587
1.3359e+05 -4700 -1366 6602
1.3362e+05 -4684 -1382 6592
1.3368e+05 -4686 -1364 6605
1.337e+05 -4699 -1387 6588
1.3376e+05 -4671 -1354 6589
1.3379e+05 -4694 -1383 6614
1.3384e+05 -4681 -1378 6573
1.3387e+05 -4699 -1369 6614
1.3392e+05 -4676 -1388 6581
1.3395e+05 -4683 -1350 6600
1.3399e+05 -4697 -1389 6593
1.3404e+05 -4669 -1351 6589
1.3409e+05 -4691 -1385 6608
1.3413e+05 -4683 -1373 6577
1.3416e+05 -4696 -1373 6606
1.3421e+05 -4684 -1383 6579
1.3424e+05 -4685 -1356 6602
1.343e+05 -4705 -1396 6587
1.3432e+05 -4677 -1362 6591
1.3438e+05 -4703 -1383 6612
1.344e+05 -4681 -1364 6581
1.3447e+05 -4692 -1366 6605
1.345e+05 -4702 -1386 6578
1.3453e+05 -4671 -1347 6600
1.3459e+05 -4699 -1393 6596
1.3461e+05 -4673 -1359 6591
1.3467e+05 -4695 -1379 6600
1.3469e+05 -4680 -1367 6578
1.3476e+05 -4689 -1361 6598
1.3478e+05 -4693 -1376 6589
1.3484e+05 -4675 -1370 6598
1.3486e+05 -4693 -1370 6600
1.3492e+05 -4670 -1369 6605
1.3494e+05 -4687 -1382 6588
1.35e+05 -4685 -1365 6610
1.3503e+05 -4677 -1379 6589
1.3508e+05 -4681 -1351 6608
1.3511e+05 -4684 -1380 6606
1.3517e+05 -4684 -1360 6590
1.3519e+05 -4694 -1380 6600
1.3525e+05 -4667 -1358 6587
1.3528e+05 -4692 -1380 6607
1.3533e+05 -4673 -1368 6584
1.3536e+05 -4688 -1362 6600
1.3542e+05 -4693 -1382 6602
1.3544e+05 -4678 -1365 6599
1.355e+05 -4690 -1382 6591
1.3553e+05 -4668 -1368 6603
1.3558e+05 -4699 -1376 6601
1.3561e+05 -4679 -1374 6592
1.3566e+05 -4681 -1369 6597
1.3569e+05 -4687 -1373 6592
1.3575e+05 -4672 -1369 6601
1.3577e+05 -4682 -1368 6605
1.3583e+05 -4686 -1377 6595
1.3585e+05 -4675 -1361 6607
1.3591e+05 -4684 -1387 6588
1.3594e+05 -4677 -1365 6597
1.36e+05 -4692 -1373 6601
1.3602e+05 -4689 -1372 6595
1.3608e+05 -4679 -1361 6602
1.361e+05 -4688 -1385 6586
1.3616e+05 -4669 -1362 6598
1.3619e+05 -4690 -1383 6612
1.3624e+05 -4678 -1367 6587
1.3627e+05 -4672 -1362 6606
1.3633e+05 -4688 -1386 6590
1.3635e+05 -4675 -1354 6606
1.3641e+05 -4694 -1378 6603
1.3644e+05 -4674 -1367 6584
1.3649e+05 -4684 -1363 6607
1.3652e+05 -4686 -1385 6578
1.3657e+05 -4680 -1351 6604
1.366e+05 -4677 -1406 6478
1.3666e+05 -4585 -1380 6463
1.3668e+05 -4591 -1411 6455
1.3674e+05 -4578 -1369 6449
1.3677e+05 -4581 -1383 6453
1.3682e+05 -4581 -1394 6443
1.3685e+05 -4581 -1383 6448
1.3691e+05 -4575 -1383 6443
1.3693e+05 -4576 -1390 6439
1.3699e+05 -4569 -1378 6443
1.3702e+05 -4576 -1375 6438
1.3707e+05 -4579 -1381 6443
1.371e+05 -4575 -1379 6434
1.3714e+05 -4574 -1386 6436
1.3719e+05 -4577 -1384 6437
1.3722e+05 -4575 -1380 6439
1.3728e+05 -4577 -1375 6434
1.3731e+05 -4569 -1389 6435
1.3736e+05 -4577 -1387 6435
1.3739e+05 -4571 -1383 6435
1.3744e+05 -4575 -1375 6441
1.3747e+05 -4576 -1378 6438
1.3751e+05 -4571 -1388 6434
1.3756e+05 -4571 -1379 6436
1.3761e+05 -4567 -1388 6432
1.3764e+05 -4578 -1371 6429
1.3769e+05 -4572 -1386 6434
1.3772e+05 -4572 -1384 6436
1.3778e+05 -4578 -1380 6433
1.3781e+05 -4573 -1385 6431
1.3786e+05 -4577 -1380 6425
1.3789e+05 -4572 -1371 6438
1.3795e+05 -4568 -1383 6432
1.3797e+05 -4571 -1381 6437
1.3803e+05 -4576 -1379 6436
1.3805e+05 -4574 -1378 6430
1.381e+05 -4574 -1383 6437
1.3814e+05 -4568 -1375 6437
1.3819e+05 -4576 -1391 6437
1.3821e+05 -4567 -1382 6436
1.3827e+05 -4574 -1384 6430
1.383e+05 -4574 -1373 6427
1.3836e+05 -4577 -1378 6433
1.3838e+05 -4571 -1378 6429
1.3844e+05 -4575 -1383 6433
1.3847e+05 -4572 -1376 6425
1.3852e+05 -4576 -1383 6429
1.3855e+05 -4571 -1381 6427
1.386e+05 -4568 -1375 6429
1.3863e+05 -4569 -1374 6432
1.3869e+05 -4573 -1383 6427
1.3871e+05 -4577 -1384 6424
1.3877e+05 -4574 -1378 6432
1.388e+05 -4569 -1378 6425
1.3885e+05 -4566 -1383 6431
1.3888e+05 -4573 -1380 6429
1.3894e+05 -4578 -1381 6431
1.3896e+05 -4573 -1382 6424
1.3902e+05 -4578 -1377 6429
1.3904e+05 -4572 -1383 6429
1.391e+05 -4576 -1377 6430
1.3913e+05 -4573 -1382 6429
1.3918e+05 -4564 -1378 6424
1.3921e+05 -4572 -1380 6427
1.3927e+05 -4571 -1379 6426
1.3929e+05 -4568 -1381 6424
1.3935e+05 -4570 -1379 6427
1.3938e+05 -4569 -1378 6433
1.3943e+05 -4569 -1383 6424
1.3946e+05 -4568 -1378 6434
1.3951e+05 -4569 -1384 6428
1.3954e+05 -4571 -1380 6430
1.396e+05 -4573 -1374 6430
1.3963e+05 -4570 -1381 6428
1.3968e+05 -4571 -1383 6432
1.3971e+05 -4573 -1376 6433
1.3976e+05 -4566 -1377 6428
1.3979e+05 -4576 -1387 6432
1.3985e+05 -4577 -1376 6430
1.3988e+05 -4570 -1382 6427
1.3993e+05 -4572 -1383 6428
1.3996e+05 -4568 -1384 6428
1.4001e+05 -4569 -1379 6421
1.4004e+05 -4567 -1376 6425
1.4009e+05 -4571 -1368 6431
1.4012e+05 -4571 -1377 6429
1.4018e+05 -4572 -1378 6426
1.4022e+05 -4571 -1376 6428
1.4025e+05 -4574 -1382 6426
1.403e+05 -4569 -1383 6430
1.4033e+05 -4572 -1380 6423
1.4038e+05 -4572 -1375 6425
1.4041e+05 -4573 -1379 6434
1.4047e+05 -4566 -1375 6431
1.4049e+05 -4570 -1382 6420
1.4055e+05 -4570 -1379 6426
1.4058e+05 -4575 -1379 6424
1.4063e+05 -4575 -1377 6423
1.4066e+05 -4572 -1373 6430
1.4071e+05 -4578 -1381 6430
1.4074e+05 -4571 -1377 6435
1.408e+05 -4570 -1379 6422
1.4083e+05 -4564 -1378 6424
1.4088e+05 -4565 -1380 6429
1.4091e+05 -4573 -1372 6424
1.4096e+05 -4568 -1376 6421
1.4099e+05 -4557 -1372 6432
1.4103e+05 -4573 -1379 6434
1.4108e+05 -4575 -1378 6427
1.4111e+05 -4574 -1370 6428
1.4117e+05 -4573 -1373 6432
1.412e+05 -4565 -1384 6426
1.4126e+05 -4563 -1374 6428
1.4128e+05 -4577 -1380 6430
1.4134e+05 -4576 -1377 6428
1.4136e+05 -4566 -1383 6427
1.4142e+05 -4576 -1371 6429
1.4145e+05 -4574 -1380 6427
1.415e+05 -4570 -1385 6424
1.4153e+05 -4577 -1367 6424
1.4159e+05 -5907 -1597 8096
1.4161e+05 -5141 -1250 7516
1.4167e+05 -5429 -1338 7331
1.417e+05 -5447 -1461 7670
1.4175e+05 -5217 -1251 7402
1.4178e+05 -5420 -1393 7506
1.4183e+05 -5241 -1384 7370
1.4186e+05 -5269 -1327 7440
1.4192e+05 -5336 -1422 7372
1.4194e+05 -5203 -1291 7417
1.42e+05 -5309 -1432 7355
1.4203e+05 -5262 -1314 7419
1.4208e+05 -5262 -1399 7403
1.4211e+05 -5307 -1335 7368
1.4217e+05 -5252 -1378 7437
1.4219e+05 -5274 -1358 7367
1.4225e+05 -5283 -1351 7424
1.4228e+05 -5249 -1375 7364
1.4233e+05 -5288 -1353 7415
1.4236e+05 -5273 -1355 7398
1.4241e+05 -5273 -1375 7385
1.4244e+05 -5275 -1353 7406
1.425e+05 -5279 -1372 7411
1.4253e+05 -5285 -1366 7392
1.4258e+05 -5283 -1365 7391
1.4261e+05 -5295 -1367 7433
1.4267e+05 -5267 -1362 7375
1.4269e+05 -5277 -1375 7428
1.4275e+05 -5289 -1359 7408
1.4277e+05 -5266 -1362 7420
1.4283e+05 -5283 -1378 7404
1.4286e+05 -5264 -1367 7405
1.4291e+05 -5302 -1379 7400
1.4294e+05 -5268 -1366 7407
1.43e+05 -5284 -1365 7420
1.4302e+05 -5287 -1362 7389
1.4308e+05 -5280 -1369 7407
1.4311e+05 -5282 -1358 7416
1.4316e+05 -5277 -1358 7416
1.4319e+05 -5287 -1368 7421
1.4325e+05 -5289 -1362 7414
1.4327e+05 -5277 -1362 7423
1.4333e+05 -5268 -1368 7412
1.4335e+05 -5278 -1360 7413
1.4341e+05 -5280 -1359 7431
1.4343e+05 -5280 -1361 7407
1.4349e+05 -5278 -1364 7417
1.4352e+05 -5286 -1367 7408
1.4357e+05 -5291 -1363 7409
1.436e+05 -5289 -1367 7418
1.4366e+05 -5296 -1366 7416
1.4368e+05 -5284 -1358 7411
1.4374e+05 -5299 -1372 7400
1.4377e+05 -5304 -1363 7408
1.4382e+05 -5300 -1364 7416
1.4385e+05 -5290 -1372 7412
1.4391e+05 -5302 -1360 7410
1.4395e+05 -5292 -1366 7416
1.4398e+05 -5292 -1360 7408
1.4403e+05 -5281 -1370 7424
1.4406e+05 -5284 -1367 7407
1.4411e+05 -5294 -1362 7426
1.4414e+05 -5279 -1357 7418
1.442e+05 -5275 -1363 7424
1.4422e+05 -5288 -1370 7414
1.4428e+05 -5281 -1363 7428
1.443e+05 -5284 -1362 7426
1.4436e+05 -5280 -1367 7407
1.4439e+05 -5286 -1359 7423
1.4444e+05 -5287 -1364 7414
1.4447e+05 -5269 -1364 7446
1.4453e+05 -5277 -1374 7420
1.4455e+05 -5282 -1364 7417
1.4461e+05 -5282 -1366 7425
1.4464e+05 -5280 -1360 7417
1.4469e+05 -5285 -1367 7424
1.4472e+05 -5275 -1362 7408
1.4478e+05 -5281 -1366 7424
1.448e+05 -5288 -1359 7426
1.4486e+05 -5279 -1361 7425
1.4488e+05 -5284 -1370 7415
1.4494e+05 -5293 -1364 7421
1.4497e+05 -5274 -1363 7414
1.4502e+05 -5299 -1368 7425
1.4505e+05 -5279 -1373 7416
1.4511e+05 -5300 -1373 7427
1.4514e+05 -5265 -1366 7421
1.4519e+05 -5297 -1372 7418
1.4522e+05 -5288 -1360 7427
1.4527e+05 -5297 -1365 7413
1.453e+05 -5300 -1366 7417
1.4536e+05 -5285 -1372 7416
1.4538e+05 -5288 -1361 7417
1.4544e+05 -5306 -1366 7396
1.4546e+05 -5293 -1376 7424
1.4552e+05 -5285 -1363 7395
1.4555e+05 -5297 -1380 7411
1.4561e+05 -5308 -1360 7409
1.4563e+05 -5291 -1370 7412
1.4569e+05 -5301 -1365 7407
1.4571e+05 -5287 -1367 7407
1.4577e+05 -5295 -1362 7412
1.458e+05 -5296 -1363 7430
1.4585e+05 -5281 -1362 7414
1.4588e+05 -5295 -1363 7427
1.4593e+05 -5284 -1363 7402
1.4596e+05 -5299 -1360 7430
1.4602e+05 -5283 -1357 7408
1.4604e+05 -5300 -1367 7415
1.461e+05 -5294 -1353 7412
1.4613e+05 -5290 -1367 7417
1.4618e+05 -5303 -1362 7417
1.4621e+05 -5296 -1380 7411
1.4627e+05 -5305 -1352 7435
1.4629e+05 -5273 -1370 7413
1.4635e+05 -5288 -1369 7419
1.4638e+05 -5280 -1364 7412
1.4643e+05 -4760 -1409 6615
